
=INFO REPORT==== 11-Dec-2019::00:11:39 ===
    ts_config_server:(5:<0.102.0>) Config server started, logdir is "/home/ec2-user/.tsung/log/20191211-0011"
 
=INFO REPORT==== 11-Dec-2019::00:11:39 ===
              ts_mon:(5:<0.83.0>) starting monitor, global 

=INFO REPORT==== 11-Dec-2019::00:11:39 ===
           ts_config:(5:<0.102.0>) Reading config file: simple.xml

=INFO REPORT==== 11-Dec-2019::00:11:39 ===
           ts_config:(5:<0.102.0>) Session name for id 1 is "Register-Logout-Login"

=INFO REPORT==== 11-Dec-2019::00:11:39 ===
           ts_config:(5:<0.102.0>) Session name for id 2 is "Create-Book"

=INFO REPORT==== 11-Dec-2019::00:11:39 ===
           ts_config:(5:<0.102.0>) Session name for id 3 is "Create-Post"

=INFO REPORT==== 11-Dec-2019::00:11:39 ===
           ts_config:(5:<0.102.0>) Session name for id 4 is "Add_Comment"

=INFO REPORT==== 11-Dec-2019::00:11:39 ===
           ts_config:(5:<0.102.0>) Session name for id 5 is "Send-Message"

=INFO REPORT==== 11-Dec-2019::00:11:39 ===
    ts_config_server:(4:<0.102.0>) SYSINFO:Tsung version: 1.7.0

=INFO REPORT==== 11-Dec-2019::00:11:39 ===
    ts_config_server:(4:<0.102.0>) SYSINFO:Erlang version: Erlang/OTP 20 [erts-9.1] [source] [64-bit] [smp:96:96] [ds:96:96:10] [async-threads:8] [hipe] [kernel-poll:true]


=INFO REPORT==== 11-Dec-2019::00:11:39 ===
    ts_config_server:(4:<0.102.0>) SYSINFO:System architecture x86_64-unknown-linux-gnu

=INFO REPORT==== 11-Dec-2019::00:11:39 ===
    ts_config_server:(4:<0.102.0>) SYSINFO:Current path: /usr/local/lib/tsung/tsung-1.7.0/ebin/tsung.beam

=INFO REPORT==== 11-Dec-2019::00:11:39 ===
              ts_mon:(5:<0.103.0>) Activate clients with text backend

=INFO REPORT==== 11-Dec-2019::00:11:39 ===
              ts_mon:(5:<0.103.0>) Starting tsung clients on hosts: [localhost]

=INFO REPORT==== 11-Dec-2019::00:11:39 ===
    ts_config_server:(5:<0.102.0>) Start a launcher on the controller beam localhost

=INFO REPORT==== 11-Dec-2019::00:11:39 ===
  ts_launcher_static:(5:<0.154.0>) Launch msg receive ("localhost")

=INFO REPORT==== 11-Dec-2019::00:11:39 ===
         ts_launcher:(5:<0.155.0>) Launch msg receive ("localhost")

=INFO REPORT==== 11-Dec-2019::00:11:39 ===
    ts_config_server:(5:<0.102.0>) New arrival phase 1 for client "localhost" (last ? true): will start 30 users

=INFO REPORT==== 11-Dec-2019::00:11:39 ===
    ts_config_server:(5:<0.102.0>) New arrival phase 2 for client "localhost" (last ? true): will start 60 users

=INFO REPORT==== 11-Dec-2019::00:11:39 ===
    ts_config_server:(5:<0.102.0>) New arrival phase 3 for client "localhost" (last ? true): will start 120 users

=INFO REPORT==== 11-Dec-2019::00:11:39 ===
    ts_config_server:(5:<0.102.0>) New arrival phase 4 for client "localhost" (last ? true): will start 240 users

=INFO REPORT==== 11-Dec-2019::00:11:39 ===
    ts_config_server:(5:<0.102.0>) New arrival phase 5 for client "localhost" (last ? true): will start 480 users

=INFO REPORT==== 11-Dec-2019::00:11:39 ===
    ts_config_server:(5:<0.102.0>) New arrival phase 6 for client "localhost" (last ? true): will start 960 users

=INFO REPORT==== 11-Dec-2019::00:11:39 ===
    ts_config_server:(5:<0.102.0>) New arrival phase 7 for client "localhost" (last ? true): will start 1920 users

=INFO REPORT==== 11-Dec-2019::00:11:39 ===
    ts_config_server:(5:<0.102.0>) New arrival phase 8 for client "localhost" (last ? true): will start 3840 users

=INFO REPORT==== 11-Dec-2019::00:11:39 ===
    ts_config_server:(5:<0.102.0>) New arrival phase 9 for client "localhost" (last ? true): will start 7680 users

=INFO REPORT==== 11-Dec-2019::00:11:39 ===
         ts_launcher:(5:<0.155.0>) Expected duration of first phase: 15.0 sec (30 users) 

=INFO REPORT==== 11-Dec-2019::00:11:39 ===
         ts_launcher:(5:<0.155.0>) Activate launcher (30 users) in 1870 msec 

=INFO REPORT==== 11-Dec-2019::00:11:54 ===
         ts_launcher:(4:<0.155.0>) Need to wait 1.413 sec before changing phase, going to sleep

=INFO REPORT==== 11-Dec-2019::00:11:55 ===
         ts_launcher:(5:<0.155.0>) Waking up

=INFO REPORT==== 11-Dec-2019::00:11:55 ===
         ts_launcher:(5:<0.155.0>) Wait for all sessions to finish before starting next phase (still 23 sessions active)
=INFO REPORT==== 11-Dec-2019::00:12:00 ===
         ts_launcher:(5:<0.155.0>) Wait for all sessions to finish before starting next phase (still 18 sessions active)
=INFO REPORT==== 11-Dec-2019::00:12:05 ===
         ts_launcher:(5:<0.155.0>) Wait for all sessions to finish before starting next phase (still 8 sessions active)
=INFO REPORT==== 11-Dec-2019::00:12:10 ===
         ts_launcher:(5:<0.155.0>) Wait for all sessions to finish before starting next phase (still 5 sessions active)
=INFO REPORT==== 11-Dec-2019::00:12:15 ===
         ts_launcher:(5:<0.155.0>) Wait for all sessions to finish before starting next phase (still 1 sessions active)
=INFO REPORT==== 11-Dec-2019::00:12:20 ===
         ts_launcher:(5:<0.155.0>) Start a new arrival phase (60 users, 0.004); expected duration=15.0 sec

=INFO REPORT==== 11-Dec-2019::00:12:36 ===
         ts_launcher:(5:<0.155.0>) Phase duration exceeded, but not all users were launched (4 users, 6.7% of phase)

=INFO REPORT==== 11-Dec-2019::00:12:36 ===
         ts_launcher:(5:<0.155.0>) Wait for all sessions to finish before starting next phase (still 47 sessions active)
=INFO REPORT==== 11-Dec-2019::00:12:41 ===
         ts_launcher:(5:<0.155.0>) Wait for all sessions to finish before starting next phase (still 37 sessions active)
=INFO REPORT==== 11-Dec-2019::00:12:46 ===
         ts_launcher:(5:<0.155.0>) Wait for all sessions to finish before starting next phase (still 22 sessions active)
=INFO REPORT==== 11-Dec-2019::00:12:51 ===
         ts_launcher:(5:<0.155.0>) Wait for all sessions to finish before starting next phase (still 10 sessions active)
=INFO REPORT==== 11-Dec-2019::00:12:56 ===
         ts_launcher:(5:<0.155.0>) Wait for all sessions to finish before starting next phase (still 1 sessions active)
=INFO REPORT==== 11-Dec-2019::00:13:01 ===
         ts_launcher:(5:<0.155.0>) Start a new arrival phase (120 users, 0.008); expected duration=15.0 sec

=INFO REPORT==== 11-Dec-2019::00:13:16 ===
         ts_launcher:(5:<0.155.0>) Phase duration exceeded, but not all users were launched (2 users, 1.7% of phase)

=INFO REPORT==== 11-Dec-2019::00:13:16 ===
         ts_launcher:(5:<0.155.0>) Wait for all sessions to finish before starting next phase (still 105 sessions active)
=INFO REPORT==== 11-Dec-2019::00:13:21 ===
         ts_launcher:(5:<0.155.0>) Wait for all sessions to finish before starting next phase (still 78 sessions active)
=INFO REPORT==== 11-Dec-2019::00:13:26 ===
         ts_launcher:(5:<0.155.0>) Wait for all sessions to finish before starting next phase (still 50 sessions active)
=INFO REPORT==== 11-Dec-2019::00:13:31 ===
         ts_launcher:(5:<0.155.0>) Wait for all sessions to finish before starting next phase (still 24 sessions active)
=INFO REPORT==== 11-Dec-2019::00:13:36 ===
         ts_launcher:(5:<0.155.0>) Wait for all sessions to finish before starting next phase (still 6 sessions active)
=INFO REPORT==== 11-Dec-2019::00:13:41 ===
         ts_launcher:(5:<0.155.0>) Wait for all sessions to finish before starting next phase (still 1 sessions active)
=INFO REPORT==== 11-Dec-2019::00:13:46 ===
         ts_launcher:(5:<0.155.0>) Start a new arrival phase (240 users, 0.016); expected duration=15.0 sec

=INFO REPORT==== 11-Dec-2019::00:14:01 ===
         ts_launcher:(4:<0.155.0>) Need to wait 0.038 sec before changing phase, going to sleep

=INFO REPORT==== 11-Dec-2019::00:14:01 ===
         ts_launcher:(5:<0.155.0>) Waking up

=INFO REPORT==== 11-Dec-2019::00:14:01 ===
         ts_launcher:(5:<0.155.0>) Wait for all sessions to finish before starting next phase (still 210 sessions active)
=INFO REPORT==== 11-Dec-2019::00:14:06 ===
         ts_launcher:(5:<0.155.0>) Wait for all sessions to finish before starting next phase (still 158 sessions active)
=INFO REPORT==== 11-Dec-2019::00:14:11 ===
         ts_launcher:(5:<0.155.0>) Wait for all sessions to finish before starting next phase (still 90 sessions active)
=INFO REPORT==== 11-Dec-2019::00:14:16 ===
         ts_launcher:(5:<0.155.0>) Wait for all sessions to finish before starting next phase (still 44 sessions active)
=INFO REPORT==== 11-Dec-2019::00:14:21 ===
         ts_launcher:(5:<0.155.0>) Wait for all sessions to finish before starting next phase (still 19 sessions active)
=INFO REPORT==== 11-Dec-2019::00:14:26 ===
         ts_launcher:(5:<0.155.0>) Wait for all sessions to finish before starting next phase (still 10 sessions active)
=INFO REPORT==== 11-Dec-2019::00:14:31 ===
         ts_launcher:(5:<0.155.0>) Wait for all sessions to finish before starting next phase (still 3 sessions active)
=INFO REPORT==== 11-Dec-2019::00:14:36 ===
         ts_launcher:(5:<0.155.0>) Start a new arrival phase (480 users, 0.032); expected duration=15.0 sec

=INFO REPORT==== 11-Dec-2019::00:14:50 ===
         ts_launcher:(4:<0.155.0>) Need to wait 0.579 sec before changing phase, going to sleep

=INFO REPORT==== 11-Dec-2019::00:14:51 ===
         ts_launcher:(5:<0.155.0>) Waking up

=INFO REPORT==== 11-Dec-2019::00:14:51 ===
         ts_launcher:(5:<0.155.0>) Wait for all sessions to finish before starting next phase (still 410 sessions active)
=INFO REPORT==== 11-Dec-2019::00:14:56 ===
         ts_launcher:(5:<0.155.0>) Wait for all sessions to finish before starting next phase (still 314 sessions active)
=INFO REPORT==== 11-Dec-2019::00:15:01 ===
         ts_launcher:(5:<0.155.0>) Wait for all sessions to finish before starting next phase (still 176 sessions active)
=INFO REPORT==== 11-Dec-2019::00:15:06 ===
         ts_launcher:(5:<0.155.0>) Wait for all sessions to finish before starting next phase (still 80 sessions active)
=INFO REPORT==== 11-Dec-2019::00:15:11 ===
         ts_launcher:(5:<0.155.0>) Wait for all sessions to finish before starting next phase (still 28 sessions active)
=INFO REPORT==== 11-Dec-2019::00:15:16 ===
         ts_launcher:(5:<0.155.0>) Wait for all sessions to finish before starting next phase (still 10 sessions active)
=INFO REPORT==== 11-Dec-2019::00:15:21 ===
         ts_launcher:(5:<0.155.0>) Wait for all sessions to finish before starting next phase (still 5 sessions active)
=INFO REPORT==== 11-Dec-2019::00:15:26 ===
         ts_launcher:(5:<0.155.0>) Start a new arrival phase (960 users, 0.064); expected duration=15.0 sec

=INFO REPORT==== 11-Dec-2019::00:15:41 ===
         ts_launcher:(5:<0.155.0>) Phase duration exceeded, but not all users were launched (36 users, 3.8% of phase)

=INFO REPORT==== 11-Dec-2019::00:15:41 ===
         ts_launcher:(5:<0.155.0>) Wait for all sessions to finish before starting next phase (still 804 sessions active)
=INFO REPORT==== 11-Dec-2019::00:15:46 ===
         ts_launcher:(5:<0.155.0>) Wait for all sessions to finish before starting next phase (still 588 sessions active)
=INFO REPORT==== 11-Dec-2019::00:15:51 ===
         ts_launcher:(5:<0.155.0>) Wait for all sessions to finish before starting next phase (still 349 sessions active)
=INFO REPORT==== 11-Dec-2019::00:15:56 ===
         ts_launcher:(5:<0.155.0>) Wait for all sessions to finish before starting next phase (still 150 sessions active)
=INFO REPORT==== 11-Dec-2019::00:16:01 ===
         ts_launcher:(5:<0.155.0>) Wait for all sessions to finish before starting next phase (still 70 sessions active)
=INFO REPORT==== 11-Dec-2019::00:16:06 ===
         ts_launcher:(5:<0.155.0>) Wait for all sessions to finish before starting next phase (still 25 sessions active)
=INFO REPORT==== 11-Dec-2019::00:16:11 ===
         ts_launcher:(5:<0.155.0>) Wait for all sessions to finish before starting next phase (still 7 sessions active)
=INFO REPORT==== 11-Dec-2019::00:16:16 ===
         ts_launcher:(5:<0.155.0>) Wait for all sessions to finish before starting next phase (still 1 sessions active)
=INFO REPORT==== 11-Dec-2019::00:16:21 ===
         ts_launcher:(5:<0.155.0>) Start a new arrival phase (1920 users, 0.128); expected duration=15.0 sec

=INFO REPORT==== 11-Dec-2019::00:16:36 ===
         ts_launcher:(5:<0.155.0>) Phase duration exceeded, but not all users were launched (99 users, 5.2% of phase)

=INFO REPORT==== 11-Dec-2019::00:16:36 ===
         ts_launcher:(5:<0.155.0>) Wait for all sessions to finish before starting next phase (still 1569 sessions active)
=INFO REPORT==== 11-Dec-2019::00:17:36 ===
         ts_launcher:(5:<0.155.0>) Start a new arrival phase (3840 users, 0.256); expected duration=15.0 sec

=INFO REPORT==== 11-Dec-2019::00:17:51 ===
         ts_launcher:(5:<0.155.0>) Phase duration exceeded, but not all users were launched (172 users, 4.5% of phase)

=INFO REPORT==== 11-Dec-2019::00:17:51 ===
         ts_launcher:(5:<0.155.0>) Wait for all sessions to finish before starting next phase (still 3186 sessions active)
=INFO REPORT==== 11-Dec-2019::00:18:51 ===
         ts_launcher:(5:<0.155.0>) Start a new arrival phase (7680 users, 0.512); expected duration=15.0 sec

=INFO REPORT==== 11-Dec-2019::00:19:06 ===
         ts_launcher:(5:<0.155.0>) Phase duration exceeded, but not all users were launched (277 users, 3.6% of phase)

=INFO REPORT==== 11-Dec-2019::00:19:06 ===
         ts_launcher:(5:<0.155.0>) This was the last phase, wait for connected users to finish their session

=INFO REPORT==== 11-Dec-2019::00:19:06 ===
     ts_launcher_mgr:(5:<0.149.0>) Still 6529 active client(s)

=INFO REPORT==== 11-Dec-2019::00:20:06 ===
     ts_launcher_mgr:(5:<0.149.0>) No more active users 'tsung_controller@ip-172-31-17-231' "5062"
