# stats: dump at 1575889710
stats: users 16 16
stats: {cpu,"tsung_controller@ip-172-31-46-69"} 1 0.01713237363666439 0 0.01713237363666439 0.01713237363666439 0 0
stats: {load,"tsung_controller@ip-172-31-46-69"} 1 0.0 0 0.0 0.0 0 0
stats: {freemem,"tsung_controller@ip-172-31-46-69"} 1 375588.87109375 0 375588.87109375 375588.87109375 0 0
stats: users_count 16 16
stats: finish_users_count 0 0
stats: request 41 69.05434146341462 47.47993912021174 209.604 4.764 0 0
stats: connect 15 3.545666666666666 6.058053049912616 26.208 1.73 0 0
stats: page 41 69.05434146341462 47.47993912021174 209.604 4.764 0 0
stats: tr_Initial_Get_Root 11 69.83200000000001 23.038468099325446 124.82 43.629 0 0
stats: 302 12 12
stats: tr_Get_Root 2 92.39 42.473 134.863 49.917 0 0
stats: 200 29 29
stats: tr_Redirect_Root 5 60.3442 15.027294771847659 89.619 48.986 0 0
stats: size_rcv 295610 295610
stats: tr_Get_Conversations 1 18.392 0 18.392 18.392 0 0
stats: size_sent 17773 17773
stats: tr_Authenticate_User 5 2105.5204 934.1862705740436 3724.052 1066.641 0 0
stats: connected 15 15
# stats: dump at 1575889720
stats: users 19 26
stats: {recvpackets,"tsung_controller@ip-172-31-46-69"} 1 455 0 455 455 0 0
stats: {sentpackets,"tsung_controller@ip-172-31-46-69"} 1 247 0 247 247 0 0
stats: {cpu,"tsung_controller@ip-172-31-46-69"} 1 0.007286808794137241 0.0 0.01713237363666439 0.007286808794137241 0.01713237363666439 1
stats: {load,"tsung_controller@ip-172-31-46-69"} 1 0.0 0.0 0.0 0.0 0.0 1
stats: {freemem,"tsung_controller@ip-172-31-46-69"} 1 375584.29296875 0.0 375588.87109375 375584.29296875 375588.87109375 1
stats: session 9 12223.210555555554 3019.2151347042022 17539.833 7715.877 0 0
stats: users_count 12 28
stats: finish_users_count 9 9
stats: request 115 57.41016521739134 53.85486703449501 241.93 4.688 69.05434146341462 41
stats: connect 13 1.8961538461538463 0.16265009454174278 26.208 1.73 3.545666666666666 15
stats: page 114 57.91593859649126 53.890516638843714 241.93 4.688 69.05434146341462 41
stats: tr_Initial_Get_Root 7 72.56585714285714 32.9582262457388 129.156 43.235 69.83200000000001 11
stats: 302 48 60
stats: tr_Get_Root 2 53.5285 4.392499999999998 134.863 49.136 92.39 2
stats: 200 67 96
stats: tr_Redirect_Root 14 53.0395 12.847545534069923 95.093 42.031 60.3442 5
stats: size_rcv 910078 1205688
stats: tr_Get_Logout 4 25.64075 29.042934884193436 75.944 8.652 0 0
stats: size_sent 61104 78877
stats: tr_Post_New_Comment_On_Post 3 18.240333333333332 10.749495936502736 33.358 9.296 0 0
stats: connected 4 19
stats: tr_Get_Post 3 90.47366666666666 11.400136880269857 106.421 80.449 0 0
stats: tr_Redirect_To_Post 4 73.90725 13.01564858881416 88.019 54.695 0 0
stats: tr_Post_New_Post 2 9.3185 0.45850000000000035 9.777 8.86 0 0
stats: tr_Get_New_Post 2 21.125999999999998 11.718999999999998 32.845 9.407 0 0
stats: tr_Redirect_To_New_Post 1 25.011 0 25.011 25.011 0 0
stats: tr_Post_New_Comment_On_Comment 2 14.100999999999999 4.241 18.342 9.86 0 0
stats: tr_Get_Conversations 1 53.765 0.0 53.765 18.392 18.392 1
stats: tr_Authenticate_User 16 2620.5489375 2072.12631565825 6796.059 364.301 2105.5204 5
stats: tr_Post_Login 3 136.476 13.743079785841305 154.998 122.115 0 0
stats: tr_Get_Login 3 19.896333333333335 16.34686482343191 43.014 8.237 0 0
stats: tr_Get_New_Conversation 2 210.6295 31.51749999999999 242.147 179.112 0 0
stats: tr_Post_New_Conversation 2 88.82300000000001 2.532 91.355 86.291 0 0
stats: tr_Redirect_To_New_Conversation 1 59.311 0 59.311 59.311 0 0
stats: tr_Redirect_To_Same_Conversation 1 16.892 0 16.892 16.892 0 0
stats: tr_Reply_To_Conversation 1 26.227 0 26.227 26.227 0 0
stats: tr_Get_New_Book 4 25.353 28.65322916356898 74.979 8.348 0 0
stats: tr_Post_New_Book 4 20.014499999999998 11.855624456349823 32.344 7.273 0 0
stats: tr_Get_Book 3 186.95466666666667 10.902527668185723 202.313 178.097 0 0
stats: tr_Redirect_To_New_Book 3 19.787666666666667 10.316905554584778 33.965 9.714 0 0
# stats: dump at 1575889730
stats: users 6 26
stats: {recvpackets,"tsung_controller@ip-172-31-46-69"} 1 975.0 0.0 975 455 455.0 1
stats: {sentpackets,"tsung_controller@ip-172-31-46-69"} 1 398.0 0.0 398 247 247.0 1
stats: {cpu,"tsung_controller@ip-172-31-46-69"} 1 0.018739068876488716 0.0 0.018739068876488716 0.007286808794137241 0.012209591215400816 2
stats: {load,"tsung_controller@ip-172-31-46-69"} 1 0.0 0.0 0.0 0.0 0.0 2
stats: {freemem,"tsung_controller@ip-172-31-46-69"} 1 375570.3359375 0.0 375588.87109375 375570.3359375 375586.58203125 2
stats: session 13 14889.481615384615 3998.4335867519917 21599.434 7715.877 12223.210555555554 9
stats: users_count 0 28
stats: finish_users_count 13 22
stats: request 69 55.765115942028984 52.26830630770824 241.93 4.688 60.470493589743604 156
stats: connect 0 0 0 26.208 1.73 2.779821428571428 28
stats: page 67 57.43250746268657 54.88763490236501 241.93 4.688 60.862225806451626 155
stats: tr_Initial_Get_Root 0 0 0 129.156 43.235 70.89516666666667 18
stats: 302 29 89
stats: tr_Get_Root 0 0 0 134.863 49.136 72.95925 4
stats: 200 40 136
stats: tr_Redirect_Root 9 50.903999999999996 3.5931013530560665 95.093 42.031 54.961789473684206 19
stats: size_rcv 716058 1921746
stats: tr_Get_Logout 2 7.6495 0.26049999999999973 75.944 7.389 25.64075 4
stats: size_sent 40802 119679
stats: tr_Post_New_Comment_On_Post 3 21.669 8.439008630560028 33.358 9.296 18.240333333333332 3
stats: connected -12 7
stats: tr_Get_Post 3 106.70366666666666 40.47686455522738 163.946 77.856 90.47366666666666 3
stats: tr_Redirect_To_Post 5 68.7184 9.491769268160708 88.019 53.839 73.90725 4
stats: tr_Post_New_Post 4 22.944 21.69306872021568 60.485 8.86 9.3185 2
stats: tr_Get_New_Post 4 15.571000000000002 8.124590666612074 32.845 9.215 21.125999999999998 2
stats: tr_Redirect_To_New_Post 2 56.457499999999996 43.9435 100.401 12.514 25.011 1
stats: tr_Post_New_Comment_On_Comment 2 44.430499999999995 32.6365 77.067 9.86 14.100999999999999 2
stats: tr_Get_Conversations 1 7.72 0.0 53.765 7.72 36.0785 2
stats: tr_Authenticate_User 7 6596.363285714286 2962.079518262451 11848.844 364.301 2497.9230952380954 21
stats: tr_Post_Login 3 114.47233333333332 0.21651225266842677 154.998 114.226 136.476 3
stats: tr_Get_Login 3 23.48166666666667 14.115255631959188 43.014 8.237 19.896333333333335 3
stats: tr_Get_New_Conversation 1 220.533 0.0 242.147 179.112 210.6295 2
stats: tr_Post_New_Conversation 1 51.417 0.0 91.355 51.417 88.82300000000001 2
stats: tr_Redirect_To_New_Conversation 2 74.8325 22.598499999999998 97.431 52.234 59.311 1
stats: tr_Redirect_To_Same_Conversation 2 48.61 4.7520000000000024 53.362 16.892 16.892 1
stats: tr_Reply_To_Conversation 2 97.81200000000001 40.36900000000001 138.181 26.227 26.227 1
stats: tr_Get_New_Book 1 8.497 0.0 74.979 8.348 25.353 4
stats: tr_Post_New_Book 1 32.727 0.0 32.727 7.273 20.014499999999998 4
stats: tr_Get_Book 3 187.40366666666668 9.708253064045833 202.313 178.097 186.95466666666667 3
stats: tr_Redirect_To_New_Book 2 12.222 5.241999999999999 33.965 6.98 19.787666666666667 3
# stats: dump at 1575889740
stats: users 2 26
stats: {recvpackets,"tsung_controller@ip-172-31-46-69"} 1 579.0 0.0 975 455 715.0 2
stats: {sentpackets,"tsung_controller@ip-172-31-46-69"} 1 207.0 0.0 398 207 322.5 2
stats: {cpu,"tsung_controller@ip-172-31-46-69"} 1 0.005204375839205604 0.0 0.018739068876488716 0.005204375839205604 0.014386083769096782 3
stats: {load,"tsung_controller@ip-172-31-46-69"} 1 0.0 0.0 0.0 0.0 0.0 3
stats: {freemem,"tsung_controller@ip-172-31-46-69"} 1 375571.3671875 0.0 375588.87109375 375570.3359375 375581.1666666667 3
stats: session 4 20054.875 1683.498420322544 22946.775 7715.877 13798.734363636362 22
stats: users_count 0 28
stats: finish_users_count 4 26
stats: request 12 42.6315 56.55227972932067 241.93 4.688 59.027511111111124 225
stats: connect 0 0 0 26.208 1.73 2.779821428571428 28
stats: page 12 42.6315 56.55227972932067 241.93 4.688 59.82713063063065 222
stats: tr_Initial_Get_Root 0 0 0 129.156 43.235 70.89516666666667 18
stats: 302 3 92
stats: tr_Get_Root 0 0 0 134.863 49.136 72.95925 4
stats: 200 9 145
stats: tr_Redirect_Root 0 0 0 95.093 42.031 53.65749999999999 28
stats: size_rcv 116097 2037843
stats: tr_Get_Logout 0 0 0 75.944 7.389 19.643666666666665 6
stats: size_sent 6869 126548
stats: tr_Post_New_Comment_On_Post 0 0 0 33.358 9.296 19.954666666666668 6
stats: connected -5 2
stats: tr_Get_Post 0 0 0 163.946 77.856 98.58866666666665 6
stats: tr_Redirect_To_Post 2 81.898 16.179000000000002 98.077 53.839 71.02455555555555 9
stats: tr_Post_New_Post 0 0 0 60.485 8.86 18.402166666666666 6
stats: tr_Get_New_Post 0 0 0 32.845 9.215 17.422666666666668 6
stats: tr_Redirect_To_New_Post 3 26.584999999999997 12.278296000124232 100.401 9.5 45.97533333333333 3
stats: tr_Post_New_Comment_On_Comment 2 10.386 1.0850000000000004 77.067 9.301 29.265749999999997 4
stats: tr_Get_Conversations 1 8.549 0.0 53.765 7.72 26.625666666666664 3
stats: tr_Authenticate_User 0 0 0 11848.844 364.301 3522.533142857143 28
stats: tr_Post_Login 0 0 0 154.998 114.226 125.47416666666668 6
stats: tr_Get_Login 0 0 0 43.014 8.237 21.689000000000004 6
stats: tr_Get_New_Conversation 1 210.393 0.0 242.147 179.112 213.93066666666667 3
stats: tr_Post_New_Conversation 0 0 0 91.355 51.417 76.35433333333334 3
stats: tr_Redirect_To_New_Conversation 0 0 0 97.431 52.234 69.65866666666666 3
stats: tr_Redirect_To_Same_Conversation 0 0 0 53.362 16.892 38.03733333333333 3
stats: tr_Reply_To_Conversation 0 0 0 138.181 26.227 73.95033333333335 3
stats: tr_Get_New_Book 1 18.146 0.0 74.979 8.348 21.9818 5
stats: tr_Post_New_Book 1 8.903 0.0 32.727 7.273 22.557 5
stats: tr_Get_Book 0 0 0 202.313 178.097 187.17916666666667 6
stats: tr_Redirect_To_New_Book 1 9.664 0.0 33.965 6.98 16.761400000000002 5
# stats: dump at 1575889750
stats: users 22 26
stats: {recvpackets,"tsung_controller@ip-172-31-46-69"} 1 64.0 0.0 975 64 669.6666666666666 3
stats: {sentpackets,"tsung_controller@ip-172-31-46-69"} 1 32.0 0.0 398 32 284.0 3
stats: {cpu,"tsung_controller@ip-172-31-46-69"} 1 0.0020819453697534978 0.0 0.018739068876488716 0.0020819453697534978 0.012090656786623988 4
stats: {load,"tsung_controller@ip-172-31-46-69"} 1 0.0 0.0 0.0 0.0 0.0 4
stats: {freemem,"tsung_controller@ip-172-31-46-69"} 1 375573.5859375 0.0 375588.87109375 375570.3359375 375578.716796875 4
stats: session 2 31711.68 649.5360000000001 32361.216 7715.877 14761.217538461537 26
stats: users_count 22 50
stats: finish_users_count 2 28
stats: request 43 48.79783720930232 44.09537346344258 241.93 4.688 58.19733333333334 237
stats: connect 22 2.0105 0.9667156557597011 26.208 1.46 2.779821428571428 28
stats: page 42 49.96469047619047 44.147660636662394 241.93 4.688 58.945303418803434 234
stats: tr_Initial_Get_Root 14 69.14871428571426 31.684901369193337 146.38 43.235 70.89516666666667 18
stats: 302 11 103
stats: tr_Get_Root 1 50.093 0.0 134.863 49.136 72.95925 4
stats: 200 32 177
stats: tr_Redirect_Root 0 0 0 95.093 42.031 53.65749999999999 28
stats: size_rcv 334334 2372177
stats: tr_Get_Logout 0 0 0 75.944 7.389 19.643666666666665 6
stats: newphase 1 1
stats: tr_Post_New_Comment_On_Post 0 0 0 33.358 9.296 19.954666666666668 6
stats: size_sent 15295 141843
stats: tr_Get_Post 0 0 0 163.946 77.856 98.58866666666665 6
stats: connected 20 22
stats: tr_Redirect_To_Post 1 90.191 0.0 98.077 53.839 73.00154545454546 11
stats: tr_Post_New_Post 0 0 0 60.485 8.86 18.402166666666666 6
stats: tr_Get_New_Post 0 0 0 32.845 9.215 17.422666666666668 6
stats: tr_Redirect_To_New_Post 0 0 0 100.401 9.5 36.280166666666666 6
stats: tr_Post_New_Comment_On_Comment 0 0 0 77.067 9.301 22.972499999999997 6
stats: tr_Get_Conversations 0 0 0 53.765 7.72 22.106499999999997 4
stats: tr_Authenticate_User 3 1380.5973333333332 242.32770676686752 11848.844 364.301 3522.533142857143 28
stats: tr_Post_Login 0 0 0 154.998 114.226 125.47416666666668 6
stats: tr_Get_Login 0 0 0 43.014 8.237 21.689000000000004 6
stats: tr_Get_New_Conversation 0 0 0 242.147 179.112 213.04625000000001 4
stats: tr_Post_New_Conversation 1 20.749 0.0 91.355 20.749 76.35433333333334 3
stats: tr_Redirect_To_New_Conversation 1 53.501 0.0 97.431 52.234 69.65866666666666 3
stats: tr_Redirect_To_Same_Conversation 1 15.422 0.0 53.362 15.422 38.03733333333333 3
stats: tr_Reply_To_Conversation 1 22.751 0.0 138.181 22.751 73.95033333333335 3
stats: tr_Get_New_Book 0 0 0 74.979 8.348 21.3425 6
stats: tr_Post_New_Book 0 0 0 32.727 7.273 20.281333333333333 6
stats: tr_Get_Book 0 0 0 202.313 178.097 187.17916666666667 6
stats: tr_Redirect_To_New_Book 0 0 0 33.965 6.98 15.578500000000004 6
# stats: dump at 1575889760
stats: users 47 48
stats: {recvpackets,"tsung_controller@ip-172-31-46-69"} 1 561.0 0.0 975 64 518.25 4
stats: {sentpackets,"tsung_controller@ip-172-31-46-69"} 1 285.0 0.0 398 32 221.0 4
stats: {cpu,"tsung_controller@ip-172-31-46-69"} 1 0.006245901127385153 0.0 0.018739068876488716 0.0020819453697534978 0.01008891450324989 5
stats: {load,"tsung_controller@ip-172-31-46-69"} 1 0.0 0.0 0.0 0.0 0.0 5
stats: {freemem,"tsung_controller@ip-172-31-46-69"} 1 375570.5703125 0.0 375588.87109375 375570.3359375 375577.690625 5
stats: session 11 9371.194363636361 1596.795444623915 32361.216 6853.606 15971.964857142855 28
stats: users_count 36 86
stats: finish_users_count 11 39
stats: request 238 48.76934873949578 49.894345513060905 252.342 4.25 56.753839285714285 280
stats: connect 36 1.9062500000000004 0.42753884651313007 26.208 1.46 2.44132 50
stats: page 238 48.76934873949578 49.894345513060905 252.342 4.25 57.57868840579711 276
stats: tr_Initial_Get_Root 23 52.39713043478261 10.239805043593986 146.38 43.235 70.13109374999999 32
stats: 302 96 199
stats: tr_Get_Root 1 51.315 0.0 134.863 49.136 68.386 5
stats: 200 142 319
stats: tr_Redirect_Root 32 48.2706875 4.733863508260853 95.093 42.031 53.65749999999999 28
stats: size_rcv 2239488 4611665
stats: tr_Get_Logout 4 7.08175 0.5308391352377853 75.944 6.248 19.643666666666665 6
stats: newphase 0 1
stats: tr_Post_New_Comment_On_Post 8 14.342749999999999 5.61561719114649 33.358 9.296 19.954666666666668 6
stats: size_sent 128987 270830
stats: tr_Get_Post 8 72.976375 9.654752080420035 163.946 59.681 98.58866666666665 6
stats: connected 25 47
stats: tr_Redirect_To_Post 9 69.94433333333333 14.154045507282444 98.077 53.839 74.43400000000001 12
stats: tr_Post_New_Post 4 8.8305 1.0218154187523305 60.485 7.528 18.402166666666666 6
stats: tr_Get_New_Post 4 14.968499999999999 6.18639040555961 32.845 9.215 17.422666666666668 6
stats: tr_Redirect_To_New_Post 2 10.09 0.6660000000000004 100.401 9.424 36.280166666666666 6
stats: tr_Post_New_Comment_On_Comment 4 9.80625 0.19443041814489834 77.067 9.301 22.972499999999997 6
stats: tr_Get_Conversations 1 17.212 0.0 53.765 7.72 22.106499999999997 4
stats: tr_Authenticate_User 37 3063.83927027027 1979.5414523538996 11848.844 203.984 3315.2490322580647 31
stats: tr_Post_Login 1 117.112 0.0 154.998 114.226 125.47416666666668 6
stats: tr_Get_Login 4 8.243 0.29164447534626825 43.014 7.774 21.689000000000004 6
stats: tr_Get_New_Conversation 1 252.506 0.0 252.506 179.112 213.04625000000001 4
stats: tr_Post_New_Conversation 0 0 0 91.355 20.749 62.45300000000001 4
stats: tr_Redirect_To_New_Conversation 0 0 0 97.431 52.234 65.61925 4
stats: tr_Redirect_To_Same_Conversation 0 0 0 53.362 15.422 32.3835 4
stats: tr_Reply_To_Conversation 0 0 0 138.181 22.751 61.150500000000015 4
stats: tr_Get_New_Book 6 8.107333333333333 1.5384725830800134 74.979 6.001 21.3425 6
stats: tr_Post_New_Book 6 7.468 1.0428210137251104 32.727 6.058 20.281333333333333 6
stats: tr_Get_Book 7 183.05828571428574 16.419592753904762 210.059 164.085 187.17916666666667 6
stats: tr_Redirect_To_New_Book 4 15.9035 13.156958510613308 38.66 6.98 15.578500000000004 6
# stats: dump at 1575889770
stats: users 19 48
stats: {recvpackets,"tsung_controller@ip-172-31-46-69"} 1 2304.0 0.0 2304 64 526.8 5
stats: {sentpackets,"tsung_controller@ip-172-31-46-69"} 1 910.0 0.0 910 32 233.8 5
stats: {cpu,"tsung_controller@ip-172-31-46-69"} 1 0.02707008027319958 0.0 0.02707008027319958 0.0020819453697534978 0.009448412273939102 6
stats: {load,"tsung_controller@ip-172-31-46-69"} 1 0.0 0.0 0.0 0.0 0.0 6
stats: {freemem,"tsung_controller@ip-172-31-46-69"} 1 375549.96875 0.0 375588.87109375 375549.96875 375576.50390625 6
stats: session 30 13146.478066666665 4284.908538067426 32361.216 4698.023 14110.209076923073 39
stats: users_count 2 88
stats: finish_users_count 30 69
stats: connect 2 1.7934999999999999 0.1055000000000001 26.208 1.46 2.217337209302326 86
stats: tr_Initial_Get_Root 1 49.675 0.0 146.38 43.235 62.71507272727272 55
stats: 302 80 279
stats: page 184 46.724179347826094 51.679471143787154 280.703 4.051 53.49965564202334 514
stats: request 185 46.470291891891904 51.60614996957597 280.703 4.051 53.08528957528957 518
stats: tr_Get_Root 0 0 0 134.863 49.136 65.54083333333332 6
stats: 200 105 424
stats: tr_Redirect_Root 27 53.80192592592591 5.932436049043807 95.093 42.031 50.784533333333336 60
stats: size_rcv 2332240 6943905
stats: tr_Get_Logout 6 6.868833333333334 0.8688834629697022 75.944 5.897 14.6189 10
stats: newphase 0 1
stats: tr_Post_New_Comment_On_Post 11 14.981272727272728 7.635040609416431 34.438 8.939 16.747857142857143 14
stats: size_sent 107334 378164
stats: tr_Get_Post 11 70.64699999999999 8.363872711087414 163.946 59.681 83.95307142857142 14
stats: connected -25 22
stats: tr_Redirect_To_Post 19 69.73915789473683 12.341591798992706 107.728 53.839 72.50985714285714 21
stats: tr_Post_New_Post 7 10.916 1.7776235339833426 60.485 7.528 14.573500000000001 10
stats: tr_Get_New_Post 7 10.836285714285713 2.02096092520971 32.845 8.336 16.441 10
stats: tr_Redirect_To_New_Post 7 29.51628571428571 39.757082336589626 125.97 8.531 29.732625 8
stats: tr_Post_New_Comment_On_Comment 11 10.653999999999998 2.5924764923980237 77.067 8.374 17.705999999999996 10
stats: tr_Get_Conversations 1 8.073 0.0 53.765 7.72 21.127599999999997 5
stats: tr_Authenticate_User 19 3717.5755263157903 3048.9516906298754 12574.376 203.984 3178.452544117647 68
stats: tr_Post_Login 7 118.72971428571428 2.753013347188121 154.998 114.106 124.27957142857143 7
stats: tr_Get_Login 4 9.08725 0.9693529736375704 43.014 7.774 16.3106 10
stats: tr_Get_New_Conversation 1 280.856 0.0 280.856 179.112 220.9382 5
stats: tr_Post_New_Conversation 2 33.1315 15.7095 91.355 17.422 62.45300000000001 4
stats: tr_Redirect_To_New_Conversation 1 42.808 0.0 97.431 42.808 65.61925 4
stats: tr_Redirect_To_Same_Conversation 1 17.713 0.0 53.362 15.422 32.3835 4
stats: tr_Reply_To_Conversation 1 26.023 0.0 138.181 22.751 61.150500000000015 4
stats: tr_Get_New_Book 7 7.953428571428572 0.6788729856256212 74.979 6.001 14.724916666666667 12
stats: tr_Post_New_Book 6 7.5538333333333325 0.8937806249609324 32.727 6.058 13.874666666666664 12
stats: tr_Get_Book 6 209.883 38.56022040047662 276.57 164.085 184.96023076923078 13
stats: tr_Redirect_To_New_Book 6 8.037833333333333 0.6414463907624877 38.66 6.98 15.7085 10
# stats: dump at 1575889780
stats: users 3 48
stats: {recvpackets,"tsung_controller@ip-172-31-46-69"} 1 1965.0 0.0 2304 64 823.0 6
stats: {sentpackets,"tsung_controller@ip-172-31-46-69"} 1 603.0 0.0 910 32 346.5 6
stats: {cpu,"tsung_controller@ip-172-31-46-69"} 1 0.03748243011088553 0.0 0.03748243011088553 0.0020819453697534978 0.0119657934166906 7
stats: {load,"tsung_controller@ip-172-31-46-69"} 1 0.0 0.0 0.0 0.0 0.0 7
stats: {freemem,"tsung_controller@ip-172-31-46-69"} 1 375545.0234375 0.0 375588.87109375 375545.0234375 375572.71316964284 7
stats: session 16 19392.542750000008 4525.8699189708595 32361.216 4698.023 13691.195594202896 69
stats: users_count 0 88
stats: finish_users_count 16 85
stats: request 42 35.52626190476192 34.71102244934633 280.703 4.051 51.34450071123756 703
stats: page 42 35.52626190476192 34.71102244934633 280.703 4.051 51.713570200573066 698
stats: tr_Initial_Get_Root 0 0 0 146.38 43.235 62.482214285714285 56
stats: 302 15 294
stats: connect 0 0 0 26.208 1.46 2.2077045454545456 88
stats: tr_Get_Root 0 0 0 134.863 49.136 65.54083333333332 6
stats: 200 27 451
stats: tr_Redirect_Root 1 68.636 0.0 95.093 42.031 51.72096551724138 87
stats: size_rcv 578819 7522724
stats: tr_Get_Logout 1 6.416 0.0 75.944 5.897 11.712625 16
stats: newphase 0 1
stats: tr_Post_New_Comment_On_Post 1 11.612 0.0 34.438 8.939 15.97056 25
stats: size_sent 24629 402793
stats: tr_Get_Post 1 64.584 0.0 163.946 59.681 78.0984 25
stats: connected -19 3
stats: tr_Redirect_To_Post 10 60.907600000000016 5.432537661167197 107.728 51.876 71.193775 40
stats: tr_Post_New_Post 2 15.038 5.297000000000001 60.485 7.528 13.067470588235295 17
stats: tr_Get_New_Post 2 9.9665 0.10050000000000026 32.845 8.336 14.133176470588236 17
stats: tr_Redirect_To_New_Post 4 11.625250000000001 1.1450941828076846 125.97 8.531 29.631666666666664 15
stats: tr_Post_New_Comment_On_Comment 4 11.97375 3.8928059529727403 77.067 8.374 14.012095238095233 21
stats: tr_Get_Conversations 0 0 0 53.765 7.72 18.95183333333333 6
stats: tr_Authenticate_User 1 14785.161 0.0 14785.161 203.984 3296.1920459770113 87
stats: tr_Post_Login 3 116.02033333333334 1.9811204461673222 154.998 113.905 121.50464285714285 14
stats: tr_Get_Login 3 8.699333333333334 1.2386100632922732 43.014 6.981 14.246785714285712 14
stats: tr_Get_New_Conversation 0 0 0 280.856 179.112 230.9245 6
stats: tr_Post_New_Conversation 0 0 0 91.355 17.422 52.679166666666674 6
stats: tr_Redirect_To_New_Conversation 1 56.248 0.0 97.431 42.808 61.056999999999995 5
stats: tr_Redirect_To_Same_Conversation 0 0 0 53.362 15.422 29.449399999999997 5
stats: tr_Reply_To_Conversation 0 0 0 138.181 22.751 54.125000000000014 5
stats: tr_Get_New_Book 1 8.025 0.0 74.979 6.001 12.230157894736843 19
stats: tr_Post_New_Book 2 8.0935 0.6214999999999999 32.727 6.058 11.76772222222222 18
stats: tr_Get_Book 0 0 0 276.57 164.085 192.83057894736842 19
stats: tr_Redirect_To_New_Book 4 8.602 1.3020873626604323 38.66 6.653 12.832 16
# stats: dump at 1575889790
stats: users 31 48
stats: {recvpackets,"tsung_controller@ip-172-31-46-69"} 1 358.0 0.0 2304 64 986.1428571428571 7
stats: {sentpackets,"tsung_controller@ip-172-31-46-69"} 1 143.0 0.0 910 32 383.14285714285717 7
stats: {cpu,"tsung_controller@ip-172-31-46-69"} 1 0.005205784667922996 0.0 0.03748243011088553 0.0020819453697534978 0.015155373003464964 8
stats: {load,"tsung_controller@ip-172-31-46-69"} 1 0.0 0.0 0.0 0.0 0.0 8
stats: {freemem,"tsung_controller@ip-172-31-46-69"} 1 375557.8203125 0.0 375588.87109375 375545.0234375 375569.251953125 8
stats: session 3 26773.244333333336 2126.1624093564033 32361.216 4698.023 14764.390352941176 85
stats: users_count 31 119
stats: finish_users_count 3 88
stats: request 60 45.38226666666666 43.43374242524149 280.703 4.051 50.45273422818792 745
stats: connect 29 2.250862068965516 2.024038719885496 26.208 1.46 2.2077045454545456 88
stats: page 59 46.15316949152542 43.73707172436354 280.703 4.051 50.794831081081085 740
stats: tr_Initial_Get_Root 13 59.88799999999999 6.843004457108003 146.38 43.235 62.482214285714285 56
stats: 302 17 311
stats: tr_Get_Root 1 64.774 0.0 134.863 49.136 65.54083333333332 6
stats: 200 43 494
stats: tr_Redirect_Root 2 53.2805 0.8625000000000025 95.093 42.031 51.913181818181826 88
stats: size_rcv 486914 8009638
stats: tr_Get_Logout 0 0 0 75.944 5.897 11.40105882352941 17
stats: newphase 1 2
stats: tr_Post_New_Comment_On_Post 0 0 0 34.438 8.939 15.802923076923078 26
stats: size_sent 22850 425643
stats: tr_Get_Post 0 0 0 163.946 59.681 77.57861538461539 26
stats: connected 26 29
stats: tr_Redirect_To_Post 2 64.2795 7.8515000000000015 107.728 51.876 69.13654000000001 50
stats: tr_Post_New_Post 0 0 0 60.485 7.528 13.274894736842105 19
stats: tr_Get_New_Post 0 0 0 32.845 8.336 13.694578947368422 19
stats: tr_Redirect_To_New_Post 0 0 0 125.97 8.531 25.840842105263157 19
stats: tr_Post_New_Comment_On_Comment 1 11.475 0.0 77.067 8.374 13.685959999999996 25
stats: tr_Get_Conversations 0 0 0 53.765 7.72 18.95183333333333 6
stats: tr_Authenticate_User 4 1377.2649999999999 744.5493575630161 14785.161 203.984 3426.748511363636 88
stats: tr_Post_Login 0 0 0 154.998 113.905 120.53682352941178 17
stats: tr_Get_Login 0 0 0 43.014 6.981 13.267823529411764 17
stats: tr_Get_New_Conversation 0 0 0 280.856 179.112 230.9245 6
stats: tr_Post_New_Conversation 0 0 0 91.355 17.422 52.679166666666674 6
stats: tr_Redirect_To_New_Conversation 0 0 0 97.431 42.808 60.25549999999999 6
stats: tr_Redirect_To_Same_Conversation 1 16.552 0.0 53.362 15.422 29.449399999999997 5
stats: tr_Reply_To_Conversation 1 53.696 0.0 138.181 22.751 54.125000000000014 5
stats: tr_Get_New_Book 0 0 0 74.979 6.001 12.019900000000002 20
stats: tr_Post_New_Book 0 0 0 32.727 6.058 11.400299999999998 20
stats: tr_Get_Book 0 0 0 276.57 164.085 192.83057894736842 19
stats: tr_Redirect_To_New_Book 0 0 0 38.66 6.653 11.986 20
# stats: dump at 1575889800
stats: users 77 77
stats: {recvpackets,"tsung_controller@ip-172-31-46-69"} 1 757.0 0.0 2304 64 907.625 8
stats: {sentpackets,"tsung_controller@ip-172-31-46-69"} 1 367.0 0.0 910 32 353.125 8
stats: {cpu,"tsung_controller@ip-172-31-46-69"} 1 0.005204917606154294 0.0 0.03748243011088553 0.0020819453697534978 0.014049863188404744 9
stats: {load,"tsung_controller@ip-172-31-46-69"} 1 0.0 0.0 0.0 0.0 0.0 9
stats: {freemem,"tsung_controller@ip-172-31-46-69"} 1 375560.69140625 0.0 375588.87109375 375545.0234375 375567.9817708333 9
stats: session 9 8530.487000000001 2268.828826666255 32361.216 3654.671 15173.783102272726 88
stats: users_count 55 174
stats: finish_users_count 9 97
stats: request 339 50.745516224188776 50.20320901572803 309.706 4.051 50.07481118012423 805
stats: connect 55 1.931145454545455 0.5608650597127722 26.208 1.46 2.2184017094017094 117
stats: page 338 50.89627810650886 50.27179045215967 309.706 4.051 50.45208010012516 799
stats: tr_Initial_Get_Root 29 56.62803448275864 5.502300117679684 146.38 43.235 61.993449275362316 69
stats: 302 146 457
stats: tr_Get_Root 5 56.8706 4.93633461588657 134.863 49.136 65.4312857142857 7
stats: 200 193 687
stats: tr_Redirect_Root 41 64.97058536585364 27.11435781744551 183.779 42.031 51.94356666666667 90
stats: size_rcv 3832363 11842001
stats: tr_Get_Logout 3 6.7700000000000005 0.27872686750054565 75.944 5.897 11.40105882352941 17
stats: newphase 0 2
stats: tr_Post_New_Comment_On_Post 17 10.019941176470589 2.3697062481291105 34.438 8.17 15.802923076923078 26
stats: size_sent 182387 608030
stats: tr_Get_Post 17 75.03905882352942 16.92757045723854 163.946 59.681 77.57861538461539 26
stats: connected 46 75
stats: tr_Redirect_To_Post 18 67.14394444444441 8.554502475774065 107.728 51.876 68.94973076923078 52
stats: tr_Post_New_Post 7 8.755428571428572 0.6647910213298728 60.485 7.502 13.274894736842105 19
stats: tr_Get_New_Post 7 9.783142857142858 1.1401538027290659 32.845 8.065 13.694578947368422 19
stats: tr_Redirect_To_New_Post 1 17.767 0.0 125.97 8.531 25.840842105263157 19
stats: tr_Post_New_Comment_On_Comment 8 13.467500000000001 6.127727045977163 77.067 8.374 13.600923076923074 26
stats: tr_Get_Conversations 1 9.422 0.0 53.765 7.72 18.95183333333333 6
stats: tr_Authenticate_User 53 3579.2569811320755 2204.087009281428 14785.161 203.984 3337.6405326086956 92
stats: tr_Post_Login 1 124.92 0.0 154.998 113.905 120.53682352941178 17
stats: tr_Get_Login 2 7.0195 0.8795000000000002 43.014 6.14 13.267823529411764 17
stats: tr_Get_New_Conversation 1 309.859 0.0 309.859 179.112 230.9245 6
stats: tr_Post_New_Conversation 1 19.005 0.0 91.355 17.422 52.679166666666674 6
stats: tr_Redirect_To_New_Conversation 1 52.141 0.0 97.431 42.808 60.25549999999999 6
stats: tr_Redirect_To_Same_Conversation 1 52.165 0.0 53.362 15.422 27.29983333333333 6
stats: tr_Reply_To_Conversation 1 23.121 0.0 138.181 22.751 54.05350000000001 6
stats: tr_Get_New_Book 3 8.402 1.5742187480355667 74.979 6.001 12.019900000000002 20
stats: tr_Post_New_Book 3 7.8870000000000005 0.2246908987920963 32.727 6.058 11.400299999999998 20
stats: tr_Get_Book 9 174.77455555555557 5.56043351849298 276.57 164.085 192.83057894736842 19
stats: tr_Redirect_To_New_Book 1 7.42 0.0 38.66 6.653 11.986 20
# stats: dump at 1575889810
stats: users 46 80
stats: {recvpackets,"tsung_controller@ip-172-31-46-69"} 1 3970.0 0.0 3970 64 890.8888888888889 9
stats: {sentpackets,"tsung_controller@ip-172-31-46-69"} 1 1384.0 0.0 1384 32 354.6666666666667 9
stats: {cpu,"tsung_controller@ip-172-31-46-69"} 1 0.055176147247438995 0.0 0.055176147247438995 0.0020819453697534978 0.0131653686301797 10
stats: {load,"tsung_controller@ip-172-31-46-69"} 1 0.0703125 0.0 0.0703125 0.0 0.0 10
stats: {freemem,"tsung_controller@ip-172-31-46-69"} 1 375536.05859375 0.0 375588.87109375 375536.05859375 375567.252734375 10
stats: session 39 14018.213051282051 3989.411856676768 32361.216 3654.671 14557.394804123709 97
stats: users_count 8 182
stats: finish_users_count 39 136
stats: request 307 49.58581758957652 59.50872181217782 429.407 4.051 50.27356031468532 1144
stats: connect 10 1.8549 0.14329790647458876 26.208 1.46 2.126546511627907 172
stats: page 307 49.58581758957652 59.50872181217782 429.407 4.051 50.584128408091466 1137
stats: tr_Initial_Get_Root 8 59.431875 4.429443064243514 146.38 43.235 60.40572448979592 98
stats: 302 123 580
stats: tr_Get_Root 1 65.083 0.0 134.863 49.136 61.86433333333333 12
stats: 200 184 871
stats: tr_Redirect_Root 44 60.81031818181818 9.506566079612186 183.779 42.031 56.02072519083969 131
stats: size_rcv 4612588 16454589
stats: tr_Get_Logout 4 6.4325 0.5164423975624001 75.944 5.639 10.706399999999999 20
stats: newphase 0 2
stats: tr_Post_New_Comment_On_Post 18 9.170055555555557 0.9435242134455396 34.438 7.654 13.516627906976744 43
stats: size_sent 180144 788174
stats: tr_Get_Post 18 62.767222222222216 4.862005571041596 163.946 57.455 76.57460465116279 43
stats: connected -28 47
stats: tr_Redirect_To_Post 36 62.29258333333334 7.6607157968973985 107.728 51.876 68.48538571428573 70
stats: tr_Post_New_Post 12 9.29225 1.0079117954960144 60.485 7.502 12.058115384615386 26
stats: tr_Get_New_Post 12 9.987166666666665 2.9416792492648747 32.845 8.065 12.641499999999999 26
stats: tr_Redirect_To_New_Post 12 11.180500000000002 3.6524723932335665 125.97 8.531 25.43715 20
stats: tr_Post_New_Comment_On_Comment 18 9.6465 1.0531241485324618 77.067 8.374 13.569529411764703 34
stats: tr_Get_Conversations 4 22.427 8.266659270830026 53.765 7.72 17.590428571428568 7
stats: tr_Authenticate_User 35 5441.099942857142 3015.018303183125 14785.161 203.984 3425.9555103448274 145
stats: tr_Post_Login 5 119.199 3.6494014851753396 154.998 113.665 120.78033333333335 18
stats: tr_Get_Login 5 6.8346 0.34499368110155304 43.014 6.14 12.610105263157894 19
stats: tr_Get_New_Conversation 3 413.2546666666667 11.6769536647573 429.571 179.112 242.20085714285713 7
stats: tr_Post_New_Conversation 1 17.834 0.0 91.355 17.422 47.868571428571435 7
stats: tr_Redirect_To_New_Conversation 0 0 0 97.431 42.808 59.09628571428571 7
stats: tr_Redirect_To_Same_Conversation 0 0 0 53.362 15.422 30.851999999999997 7
stats: tr_Reply_To_Conversation 0 0 0 138.181 22.751 49.63457142857143 7
stats: tr_Get_New_Book 9 7.467222222222222 1.0545138719679505 74.979 5.925 11.548000000000002 23
stats: tr_Post_New_Book 7 8.95314285714286 4.068360723877842 32.727 6.058 10.942043478260869 23
stats: tr_Get_Book 15 179.7296 7.243479760446632 276.57 164.085 187.02685714285715 28
stats: tr_Redirect_To_New_Book 3 8.488 0.06530441536884433 38.66 6.653 11.768571428571429 21
# stats: dump at 1575889820
stats: users 8 80
stats: {recvpackets,"tsung_controller@ip-172-31-46-69"} 1 3637.0 0.0 3970 64 1198.8 10
stats: {sentpackets,"tsung_controller@ip-172-31-46-69"} 1 1064.0 0.0 1384 32 457.6 10
stats: {cpu,"tsung_controller@ip-172-31-46-69"} 1 0.045810428119273695 0.0 0.055176147247438995 0.0020819453697534978 0.01698453032265782 11
stats: {load,"tsung_controller@ip-172-31-46-69"} 1 0.05859375 0.0 0.0703125 0.0 0.006392045454545455 11
stats: {freemem,"tsung_controller@ip-172-31-46-69"} 1 375525.640625 0.0 375588.87109375 375525.640625 375564.4169034091 11
stats: session 38 18914.14581578947 4592.62409064175 32361.216 3654.671 14402.77650735294 136
stats: users_count 0 182
stats: finish_users_count 38 174
stats: request 116 44.2852327586207 74.25100909013103 464.412 4.051 50.12804893177119 1451
stats: connect 0 0 0 26.208 1.46 2.111620879120879 182
stats: page 112 45.873705357142875 75.40477827657855 464.412 4.051 50.37188365650969 1444
stats: tr_Initial_Get_Root 0 0 0 146.38 43.235 60.33222641509434 106
stats: 302 38 618
stats: tr_Get_Root 0 0 0 134.863 49.136 62.11192307692307 13
stats: 200 78 949
stats: tr_Redirect_Root 7 66.64999999999999 5.913362181171922 183.779 42.031 57.22496571428571 175
stats: size_rcv 1469640 17924229
stats: tr_Get_Logout 1 8.753 0.0 75.944 5.639 9.994083333333332 24
stats: newphase 0 2
stats: tr_Post_New_Comment_On_Post 2 9.879999999999999 0.5660000000000003 34.438 7.654 12.234032786885248 61
stats: size_sent 66954 855128
stats: tr_Get_Post 2 67.4955 5.934500000000005 163.946 57.455 72.50029508196721 61
stats: connected -39 8
stats: tr_Redirect_To_Post 18 62.43438888888889 6.366676048325451 107.728 51.876 66.38216981132076 106
stats: tr_Post_New_Post 9 10.005888888888888 0.8710274194490664 60.485 7.502 11.184684210526317 38
stats: tr_Get_New_Post 9 14.207444444444443 10.920278823374746 44.097 7.826 11.80328947368421 38
stats: tr_Redirect_To_New_Post 13 10.817923076923078 1.2480190125239687 125.97 8.531 20.09090625 32
stats: tr_Post_New_Comment_On_Comment 10 12.7896 5.234658560020892 77.067 8.374 12.211557692307691 52
stats: tr_Get_Conversations 2 13.0215 4.107500000000001 53.765 7.72 19.349181818181815 11
stats: tr_Authenticate_User 2 6174.792 1507.598 14785.161 203.984 3817.78915 180
stats: tr_Post_Login 1 116.398 0.0 154.998 113.665 120.4365652173913 23
stats: tr_Get_Login 1 7.757 0.0 43.014 6.14 11.406875 24
stats: tr_Get_New_Conversation 3 437.11999999999995 19.660130874437208 464.637 179.112 293.517 10
stats: tr_Post_New_Conversation 5 28.3418 14.015353301290697 91.355 16.736 44.114250000000006 8
stats: tr_Redirect_To_New_Conversation 5 33.610600000000005 20.12683910205475 97.431 13.159 59.09628571428571 7
stats: tr_Redirect_To_Same_Conversation 4 16.907750000000004 2.690256992835443 53.362 14.48 30.851999999999997 7
stats: tr_Reply_To_Conversation 4 41.34675 16.78689870665514 138.181 22.751 49.63457142857143 7
stats: tr_Get_New_Book 2 7.9995 0.05449999999999999 74.979 5.925 10.40028125 32
stats: tr_Post_New_Book 4 7.73825 0.6563198058111606 32.727 6.058 10.477966666666667 30
stats: tr_Get_Book 4 180.1855 10.934371369676452 276.57 164.085 184.4813023255814 43
stats: tr_Redirect_To_New_Book 8 8.435624999999998 1.2708160702379396 38.66 6.653 11.358500000000001 24
# stats: dump at 1575889830
stats: users 0 80
stats: {recvpackets,"tsung_controller@ip-172-31-46-69"} 1 1004.0 0.0 3970 64 1420.4545454545455 11
stats: {sentpackets,"tsung_controller@ip-172-31-46-69"} 1 381.0 0.0 1384 32 512.7272727272727 11
stats: {cpu,"tsung_controller@ip-172-31-46-69"} 1 0.013533490183014429 0.0 0.055176147247438995 0.0020819453697534978 0.019386688472375808 12
stats: {load,"tsung_controller@ip-172-31-46-69"} 1 0.05078125 0.0 0.0703125 0.0 0.0107421875 12
stats: {freemem,"tsung_controller@ip-172-31-46-69"} 1 375542.3828125 0.0 375588.87109375 375525.640625 375561.185546875 12
stats: session 8 26827.073624999997 6351.569280185666 41571.958 3654.671 15388.018080459768 174
stats: users_count 0 182
stats: finish_users_count 8 182
stats: request 13 34.34061538461539 30.552759516659705 464.412 4.051 49.69552393107849 1567
stats: connect 0 0 0 26.208 1.46 2.111620879120879 182
stats: page 11 40.62172727272727 33.20319772138851 464.412 4.051 50.04810732647814 1556
stats: tr_Initial_Get_Root 0 0 0 146.38 43.235 60.33222641509434 106
stats: 302 4 622
stats: tr_Get_Root 0 0 0 134.863 49.136 62.11192307692307 13
stats: 200 9 958
stats: tr_Redirect_Root 0 0 0 183.779 42.031 57.58746703296702 182
stats: size_rcv 111279 18035508
stats: tr_Get_Logout 0 0 0 75.944 5.639 9.94444 25
stats: newphase 0 2
stats: tr_Post_New_Comment_On_Post 0 0 0 34.438 7.654 12.159301587301588 63
stats: size_sent 7562 862690
stats: tr_Get_Post 0 0 0 163.946 57.455 72.3414126984127 63
stats: connected -8 0
stats: tr_Redirect_To_Post 2 61.157 5.570999999999998 107.728 51.876 65.80910483870969 124
stats: tr_Post_New_Post 0 0 0 60.485 7.502 10.958957446808512 47
stats: tr_Get_New_Post 0 0 0 44.097 7.826 12.263659574468084 47
stats: tr_Redirect_To_New_Post 2 10.4165 0.5974999999999997 125.97 8.531 17.412044444444444 45
stats: tr_Post_New_Comment_On_Comment 1 12.052 0.0 77.067 8.374 12.304790322580644 62
stats: tr_Get_Conversations 0 0 0 53.765 7.72 18.375692307692308 13
stats: tr_Authenticate_User 0 0 0 14785.161 203.984 3843.6902802197806 182
stats: tr_Post_Login 1 114.368 0.0 154.998 113.665 120.26829166666668 24
stats: tr_Get_Login 0 0 0 43.014 6.14 11.26088 25
stats: tr_Get_New_Conversation 0 0 0 464.637 179.112 326.6561538461538 13
stats: tr_Post_New_Conversation 0 0 0 91.355 16.736 38.047923076923084 13
stats: tr_Redirect_To_New_Conversation 1 51.623 0.0 97.431 13.159 48.47725 12
stats: tr_Redirect_To_Same_Conversation 2 16.8795 1.0105000000000004 53.362 14.48 25.781363636363633 11
stats: tr_Reply_To_Conversation 2 42.494 15.977 138.181 22.751 46.62081818181818 11
stats: tr_Get_New_Book 0 0 0 74.979 5.925 10.259058823529413 34
stats: tr_Post_New_Book 0 0 0 32.727 6.058 10.15564705882353 34
stats: tr_Get_Book 0 0 0 276.57 164.085 184.11570212765957 47
stats: tr_Redirect_To_New_Book 2 7.663 0.5280000000000005 38.66 6.653 10.627781250000002 32
# stats: dump at 1575889840
stats: users 133 133
stats: {recvpackets,"tsung_controller@ip-172-31-46-69"} 1 105.0 0.0 3970 64 1385.75 12
stats: {sentpackets,"tsung_controller@ip-172-31-46-69"} 1 45.0 0.0 1384 32 501.75 12
stats: {cpu,"tsung_controller@ip-172-31-46-69"} 1 0.004164107475613945 0.0 0.055176147247438995 0.0020819453697534978 0.01893644245011724 13
stats: {load,"tsung_controller@ip-172-31-46-69"} 1 0.0390625 0.0 0.0703125 0.0 0.013822115384615384 13
stats: {freemem,"tsung_controller@ip-172-31-46-69"} 1 375546.19921875 0.0 375588.87109375 375525.640625 375559.7391826923 13
stats: session 3 5984.608666666667 1285.3336775474122 41571.958 3654.671 15890.833708791208 182
stats: users_count 136 318
stats: finish_users_count 3 185
stats: request 397 53.95723173803527 52.79253518678145 485.659 4.051 49.56918607594937 1580
stats: connect 128 1.9320937500000008 0.6859164198070621 26.208 1.41 2.111620879120879 182
stats: page 397 53.95723173803527 52.79253518678145 485.659 4.051 49.98193618379067 1567
stats: tr_Initial_Get_Root 82 66.4755487804878 5.912126591420918 146.38 43.235 60.33222641509434 106
stats: 302 136 758
stats: tr_Get_Root 11 66.264 7.07000486048438 134.863 49.136 62.11192307692307 13
stats: 200 261 1219
stats: tr_Redirect_Root 37 67.98529729729732 20.635833314583877 187.44 42.031 57.58746703296702 182
stats: size_rcv 4266297 22301805
stats: tr_Get_Logout 0 0 0 75.944 5.639 9.94444 25
stats: newphase 1 3
stats: tr_Post_New_Comment_On_Post 7 9.498428571428573 0.6950872210722623 34.438 7.654 12.159301587301588 63
stats: size_sent 178702 1041392
stats: tr_Get_Post 7 67.81257142857143 6.682327264768568 163.946 57.455 72.3414126984127 63
stats: connected 126 126
stats: tr_Redirect_To_Post 3 61.95666666666667 1.202452031845299 107.728 51.876 65.73526190476191 126
stats: tr_Post_New_Post 4 12.8485 6.938430135844851 60.485 7.502 10.958957446808512 47
stats: tr_Get_New_Post 4 12.25825 3.1298487483423223 44.097 7.826 12.263659574468084 47
stats: tr_Redirect_To_New_Post 2 10.1875 0.5344999999999995 125.97 8.531 17.114361702127656 47
stats: tr_Post_New_Comment_On_Comment 2 9.116 0.0819999999999994 77.067 8.374 12.300777777777776 63
stats: tr_Get_Conversations 1 22.179 0.0 53.765 7.72 18.375692307692308 13
stats: tr_Authenticate_User 51 2442.0733333333333 1300.148045218647 14785.161 190.385 3843.6902802197806 182
stats: tr_Post_Login 0 0 0 154.998 113.665 120.03228000000001 25
stats: tr_Get_Login 0 0 0 43.014 6.14 11.26088 25
stats: tr_Get_New_Conversation 1 485.783 0.0 485.783 179.112 326.6561538461538 13
stats: tr_Post_New_Conversation 1 18.003 0.0 91.355 16.736 38.047923076923084 13
stats: tr_Redirect_To_New_Conversation 0 0 0 97.431 13.159 48.71923076923077 13
stats: tr_Redirect_To_Same_Conversation 0 0 0 53.362 14.48 24.411846153846152 13
stats: tr_Reply_To_Conversation 0 0 0 138.181 22.751 45.98592307692308 13
stats: tr_Get_New_Book 1 6.13 0.0 74.979 5.925 10.259058823529413 34
stats: tr_Post_New_Book 1 8.101 0.0 32.727 6.058 10.15564705882353 34
stats: tr_Get_Book 5 185.3538 21.540561426295273 276.57 164.085 184.11570212765957 47
stats: tr_Redirect_To_New_Book 0 0 0 38.66 6.653 10.453382352941178 34
# stats: dump at 1575889850
stats: users 175 208
stats: {recvpackets,"tsung_controller@ip-172-31-46-69"} 1 5483.0 0.0 5483 64 1287.2307692307693 13
stats: {sentpackets,"tsung_controller@ip-172-31-46-69"} 1 2072.0 0.0 2072 32 466.61538461538464 13
stats: {cpu,"tsung_controller@ip-172-31-46-69"} 1 0.05830903790087463 0.0 0.05830903790087463 0.0020819453697534978 0.01788127566622415 14
stats: {load,"tsung_controller@ip-172-31-46-69"} 1 0.12109375 0.0 0.12109375 0.0 0.015625 14
stats: {freemem,"tsung_controller@ip-172-31-46-69"} 1 375511.1953125 0.0 375588.87109375 375511.1953125 375558.77204241074 14
stats: session 59 11192.675406779657 3381.5700244210507 41571.958 3654.671 15730.19222162162 185
stats: users_count 101 419
stats: finish_users_count 59 244
stats: request 964 59.67178423236515 84.33166821236503 931.48 4.051 50.45034648457258 1977
stats: connect 109 1.842532110091743 0.9449727782964097 26.208 1.334 2.037493548387097 310
stats: page 963 59.73433541017654 84.36510751165085 931.48 4.051 50.78549643584521 1964
stats: tr_Initial_Get_Root 61 78.09467213114752 34.99762318661332 308.728 43.235 63.01176063829787 188
stats: 302 392 1150
stats: tr_Get_Root 15 89.47266666666665 49.04158615388464 232.921 49.136 64.01495833333333 24
stats: 200 572 1791
stats: tr_Redirect_Root 124 79.45385483870966 24.430828655975596 200.569 42.031 59.34417808219178 219
stats: size_rcv 11972168 34273973
stats: tr_Get_Logout 14 7.322714285714285 2.97139172367263 75.944 5.618 9.94444 25
stats: newphase 0 3
stats: tr_Post_New_Comment_On_Post 31 11.933451612903221 7.645290267865358 42.997 7.654 11.893214285714286 70
stats: size_sent 533183 1574575
stats: tr_Get_Post 31 67.50754838709676 6.686656977741663 163.946 57.455 71.88852857142858 70
stats: connected 51 177
stats: tr_Redirect_To_Post 46 66.92197826086958 12.43360268628514 120.587 51.876 65.64738759689925 129
stats: tr_Post_New_Post 39 9.930512820512822 3.0694886893321827 60.485 7.248 11.107156862745098 51
stats: tr_Get_New_Post 39 11.785153846153847 5.810884643090561 44.097 7.826 12.263235294117646 51
stats: tr_Redirect_To_New_Post 22 11.647454545454544 3.5845140120355703 125.97 8.531 16.831632653061224 49
stats: tr_Post_New_Comment_On_Comment 20 11.24045 5.372662873054664 77.067 8.034 12.202784615384614 65
stats: tr_Get_Conversations 12 14.064916666666669 9.318697364781674 53.765 7.324 18.647357142857143 14
stats: tr_Authenticate_User 142 3924.1935704225343 2496.783619813379 14785.161 190.385 3536.898587982833 233
stats: tr_Post_Login 7 126.32557142857142 3.9996396929560314 154.998 113.665 120.03228000000001 25
stats: tr_Get_Login 12 8.027333333333333 2.645914408206652 43.014 6.14 11.26088 25
stats: tr_Get_New_Conversation 8 743.241125 80.12707831538211 931.676 179.112 338.0223571428572 14
stats: tr_Post_New_Conversation 6 23.4085 14.065493802802184 91.355 16.658 36.61614285714286 14
stats: tr_Redirect_To_New_Conversation 4 31.68225 15.15309836922799 97.431 13.159 48.71923076923077 13
stats: tr_Redirect_To_Same_Conversation 1 41.37 0.0 53.362 14.48 24.411846153846152 13
stats: tr_Reply_To_Conversation 1 23.142 0.0 138.181 22.751 45.98592307692308 13
stats: tr_Get_New_Book 17 8.318882352941177 2.4414640709395217 74.979 5.925 10.141085714285715 35
stats: tr_Post_New_Book 14 15.809 30.49475319507556 125.737 6.058 10.096942857142857 35
stats: tr_Get_Book 45 192.2072666666667 37.69251177291201 402.291 164.085 184.23475000000002 52
stats: tr_Redirect_To_New_Book 11 7.772636363636365 0.917768367759264 38.66 6.653 10.453382352941178 34
# stats: dump at 1575889860
stats: users 54 208
stats: {recvpackets,"tsung_controller@ip-172-31-46-69"} 1 11103.0 0.0 11103 64 1586.9285714285713 14
stats: {sentpackets,"tsung_controller@ip-172-31-46-69"} 1 3668.0 0.0 3668 32 581.2857142857143 14
stats: {cpu,"tsung_controller@ip-172-31-46-69"} 1 0.12396995551666302 0.0 0.12396995551666302 0.0020819453697534978 0.02057645981520085 15
stats: {load,"tsung_controller@ip-172-31-46-69"} 1 0.1015625 0.0 0.12109375 0.0 0.02265625 15
stats: {freemem,"tsung_controller@ip-172-31-46-69"} 1 375455.453125 0.0 375588.87109375 375455.453125 375555.6002604167 15
stats: session 121 15756.978388429752 4450.138468392798 41571.958 3654.671 14633.005778688523 244
stats: users_count 0 419
stats: finish_users_count 121 365
stats: request 620 71.56753548387088 146.6153668482232 1040.931 4.051 53.472946276776604 2941
stats: connect 0 0 0 26.208 1.334 1.9867756563245824 419
stats: tr_Initial_Get_Root 0 0 0 308.728 43.235 66.70677108433733 249
stats: 302 236 1386
stats: page 608 72.98301315789473 147.83151038170683 1040.931 4.051 53.72971643320806 2927
stats: tr_Get_Root 0 0 0 232.921 49.136 73.8063846153846 39
stats: 200 384 2175
stats: tr_Redirect_Root 72 88.80236111111114 23.328790378763006 200.569 42.031 66.61414868804664 343
stats: size_rcv 9695301 43969274
stats: tr_Get_Logout 9 7.225222222222222 1.7418453674051027 75.944 5.618 9.003307692307692 39
stats: newphase 0 3
stats: tr_Post_New_Comment_On_Post 29 10.031551724137929 2.0089962253651716 42.997 7.654 11.905564356435644 101
stats: size_sent 362082 1936657
stats: tr_Get_Post 29 72.1651724137931 15.349542587970772 163.946 57.455 70.54387128712872 101
stats: connected -121 56
stats: tr_Redirect_To_Post 77 70.14733766233766 17.641421907684915 131.553 51.876 65.98242285714288 175
stats: tr_Post_New_Post 39 9.24723076923077 1.2306738921407427 60.485 7.248 10.597277777777778 90
stats: tr_Get_New_Post 39 11.603948717948718 4.333556583689294 44.097 7.826 12.056066666666668 90
stats: tr_Redirect_To_New_Post 43 11.434139534883721 3.8149841572495284 125.97 8.531 15.225267605633801 71
stats: tr_Post_New_Comment_On_Comment 41 10.215560975609757 1.796729264847663 77.067 7.826 11.976352941176469 85
stats: tr_Get_Conversations 13 11.72269230769231 5.635316814308947 53.765 7.245 16.532384615384615 26
stats: tr_Authenticate_User 40 6100.083475000001 3122.4740513144934 14785.161 190.385 3683.554288 375
stats: tr_Post_Login 14 123.4797142857143 3.135047332259953 154.998 113.665 121.40893750000001 32
stats: tr_Get_Login 10 8.144400000000001 2.376279663675974 43.014 5.906 10.212162162162162 37
stats: tr_Get_New_Conversation 15 931.5932666666666 62.93887396033995 1041.097 179.112 485.3746363636364 22
stats: tr_Post_New_Conversation 17 33.65611764705883 17.94026517242004 91.355 16.225 32.653850000000006 20
stats: tr_Redirect_To_New_Conversation 13 20.268230769230765 9.281143142074075 97.431 13.159 44.71052941176471 17
stats: tr_Redirect_To_Same_Conversation 12 26.066333333333336 14.15608882738763 56.437 13.655 25.623142857142856 14
stats: tr_Reply_To_Conversation 12 37.19758333333334 17.553542949398814 138.181 20.199 44.35421428571429 14
stats: tr_Get_New_Book 11 9.526454545454547 2.592850427395105 74.979 5.925 9.545365384615385 52
stats: tr_Post_New_Book 11 7.0189999999999975 0.8353672028733016 125.737 6.002 11.728959183673467 49
stats: tr_Get_Book 35 208.59339999999997 35.508392323264324 402.291 164.085 187.93334020618556 97
stats: tr_Redirect_To_New_Book 9 9.19211111111111 3.867683528488753 38.66 6.653 9.798088888888891 45
# stats: dump at 1575889870
stats: users 7 208
stats: {recvpackets,"tsung_controller@ip-172-31-46-69"} 1 6840.0 0.0 11103 64 2221.3333333333335 15
stats: {sentpackets,"tsung_controller@ip-172-31-46-69"} 1 2076.0 0.0 3668 32 787.0666666666667 15
stats: {cpu,"tsung_controller@ip-172-31-46-69"} 1 0.09370607527721381 0.0 0.12396995551666302 0.0020819453697534978 0.027038553296542235 16
stats: {load,"tsung_controller@ip-172-31-46-69"} 1 0.078125 0.0 0.12109375 0.0 0.027587890625 16
stats: {freemem,"tsung_controller@ip-172-31-46-69"} 1 375487.02734375 0.0 375588.87109375 375455.453125 375549.3410644531 16
stats: session 47 21609.12463829787 4237.213081555393 41571.958 3654.671 15005.610397260274 365
stats: users_count 0 419
stats: finish_users_count 47 412
stats: request 110 45.241890909090905 134.5026175601559 1106.315 4.051 56.62336618927266 3561
stats: connect 0 0 0 26.208 1.334 1.9867756563245824 419
stats: page 100 49.78422000000001 140.63346934663747 1106.315 4.051 57.041174540311175 3535
stats: tr_Initial_Get_Root 0 0 0 308.728 43.235 66.70677108433733 249
stats: 302 36 1422
stats: tr_Get_Root 0 0 0 232.921 49.136 73.8063846153846 39
stats: 200 74 2249
stats: tr_Redirect_Root 4 93.80775 7.760353451196671 200.569 42.031 70.46366987951808 415
stats: size_rcv 909529 44878803
stats: tr_Get_Logout 0 0 0 75.944 5.618 8.669916666666666 48
stats: newphase 0 3
stats: tr_Post_New_Comment_On_Post 1 9.82 0.0 42.997 7.654 11.487515384615385 130
stats: size_sent 64163 2000820
stats: tr_Get_Post 1 71.74 0.0 163.946 57.455 70.90554615384616 130
stats: connected -49 7
stats: tr_Redirect_To_Post 9 60.05944444444445 6.649031460147011 131.553 51.876 67.25503571428573 252
stats: tr_Post_New_Post 4 10.29625 0.6633171846861805 60.485 7.248 10.18912403100775 129
stats: tr_Get_New_Post 4 9.97925 1.3281655346755539 44.097 7.826 11.919379844961242 129
stats: tr_Redirect_To_New_Post 18 11.453777777777779 2.702170620395462 125.97 8.531 13.795280701754384 114
stats: tr_Post_New_Comment_On_Comment 4 9.5525 0.4465212760888334 77.067 7.826 11.403396825396824 126
stats: tr_Get_Conversations 0 0 0 53.765 7.245 14.929153846153845 39
stats: tr_Authenticate_User 4 9458.9775 4232.22667583534 14785.161 190.385 3916.4727638554223 415
stats: tr_Post_Login 2 115.29650000000001 0.45049999999999457 154.998 113.665 122.03917391304348 46
stats: tr_Get_Login 1 8.153 0.0 43.014 5.906 9.772212765957448 47
stats: tr_Get_New_Conversation 2 991.6255000000001 114.83250000000007 1106.458 179.112 666.274081081081 37
stats: tr_Post_New_Conversation 2 17.9675 1.0945 91.355 16.225 33.11435135135136 37
stats: tr_Redirect_To_New_Conversation 7 15.678428571428574 1.776159489069675 97.431 13.159 34.11886666666667 30
stats: tr_Redirect_To_Same_Conversation 10 19.876399999999997 8.7794357244643 56.437 13.441 25.827692307692306 26
stats: tr_Reply_To_Conversation 10 26.317200000000003 4.655554806894664 138.181 20.199 41.05115384615385 26
stats: tr_Get_New_Book 4 8.584 1.524697510983736 74.979 5.925 9.542063492063493 63
stats: tr_Post_New_Book 7 8.451 1.4106337987889397 125.737 6.002 10.865466666666665 60
stats: tr_Get_Book 2 195.4275 10.11849999999999 402.291 164.085 193.41138636363635 132
stats: tr_Redirect_To_New_Book 12 9.408 2.6740265518502246 38.66 6.653 9.697092592592593 54
# stats: dump at 1575889880
stats: users 1 208
stats: {recvpackets,"tsung_controller@ip-172-31-46-69"} 1 709.0 0.0 11103 64 2510.0 16
stats: {sentpackets,"tsung_controller@ip-172-31-46-69"} 1 335.0 0.0 3668 32 867.625 16
stats: {cpu,"tsung_controller@ip-172-31-46-69"} 1 0.011453799537683001 0.0 0.12396995551666302 0.0020819453697534978 0.030960172236581734 17
stats: {load,"tsung_controller@ip-172-31-46-69"} 1 0.0703125 0.0 0.12109375 0.0 0.03056066176470588 17
stats: {freemem,"tsung_controller@ip-172-31-46-69"} 1 375511.8984375 0.0 375588.87109375 375455.453125 375545.6755514706 17
stats: session 6 30928.363833333333 2055.068458484812 41571.958 3654.671 15758.923915048543 412
stats: users_count 0 419
stats: finish_users_count 6 418
stats: connect 0 0 0 26.208 1.334 1.9867756563245824 419
stats: page 11 29.478181818181817 26.18724305256693 1106.315 4.051 56.841533425034385 3635
stats: request 13 24.916 23.6493812604051 1106.315 4.051 56.28232497956959 3671
stats: tr_Initial_Get_Root 0 0 0 308.728 43.235 66.70677108433733 249
stats: 302 4 1426
stats: tr_Get_Root 0 0 0 232.921 49.136 73.8063846153846 39
stats: 200 9 2258
stats: tr_Redirect_Root 0 0 0 200.569 42.031 70.68652505966588 419
stats: size_rcv 72906 44951709
stats: tr_Get_Logout 0 0 0 75.944 5.618 8.669916666666666 48
stats: newphase 0 3
stats: tr_Post_New_Comment_On_Post 0 0 0 42.997 7.654 11.474786259541984 131
stats: size_sent 7316 2008136
stats: tr_Get_Post 0 0 0 163.946 57.455 70.91191603053436 131
stats: connected -6 1
stats: tr_Redirect_To_Post 1 101.466 0.0 131.553 51.876 67.00691187739466 261
stats: tr_Post_New_Post 1 10.292 0.0 60.485 7.248 10.192345864661654 133
stats: tr_Get_New_Post 1 11.702 0.0 44.097 7.826 11.861030075187971 133
stats: tr_Redirect_To_New_Post 2 16.9085 4.976500000000001 125.97 8.531 13.475984848484847 132
stats: tr_Post_New_Comment_On_Comment 1 10.069 0.0 77.067 7.826 11.346446153846152 130
stats: tr_Get_Conversations 0 0 0 53.765 7.245 14.929153846153845 39
stats: tr_Authenticate_User 0 0 0 14785.161 190.385 3969.3845035799523 419
stats: tr_Post_Login 0 0 0 154.998 113.665 121.75822916666668 48
stats: tr_Get_Login 0 0 0 43.014 5.906 9.73847916666667 48
stats: tr_Get_New_Conversation 0 0 0 1106.458 179.112 682.9587692307691 39
stats: tr_Post_New_Conversation 0 0 0 91.355 16.225 32.337589743589746 39
stats: tr_Redirect_To_New_Conversation 2 31.645 8.364999999999998 97.431 13.159 30.630135135135138 37
stats: tr_Redirect_To_Same_Conversation 2 16.499 1.411 56.437 13.441 24.174555555555553 36
stats: tr_Reply_To_Conversation 2 26.464 1.447 138.181 20.199 36.95838888888889 36
stats: tr_Get_New_Book 0 0 0 74.979 5.925 9.484865671641792 67
stats: tr_Post_New_Book 0 0 0 125.737 6.002 10.613208955223879 67
stats: tr_Get_Book 0 0 0 402.291 164.085 193.4414776119403 134
stats: tr_Redirect_To_New_Book 1 9.474 0.0 38.66 6.653 9.644530303030303 66
# stats: dump at 1575889890
stats: users 290 290
stats: {recvpackets,"tsung_controller@ip-172-31-46-69"} 1 87.0 0.0 11103 64 2404.0588235294117 17
stats: {sentpackets,"tsung_controller@ip-172-31-46-69"} 1 54.0 0.0 3668 32 836.2941176470588 17
stats: {cpu,"tsung_controller@ip-172-31-46-69"} 1 0.004164020778463685 0.0 0.12396995551666302 0.0020819453697534978 0.029876484864420697 18
stats: {load,"tsung_controller@ip-172-31-46-69"} 1 0.05859375 0.0 0.12109375 0.0 0.032769097222222224 18
stats: {freemem,"tsung_controller@ip-172-31-46-69"} 1 375514.97265625 0.0 375588.87109375 375455.453125 375543.7990451389 18
stats: session 5 12990.6802 13116.085470217742 41571.958 3654.671 15976.667071770335 418
stats: users_count 294 713
stats: finish_users_count 5 423
stats: request 844 65.10588151658767 66.33684633383727 1106.315 4.051 56.17164033659065 3684
stats: page 843 65.1834033214709 66.34881080905404 1106.315 4.051 56.758978058145914 3646
stats: tr_Initial_Get_Root 179 98.72479888268161 31.17395815185178 308.728 43.235 66.70677108433733 249
stats: connect 290 1.8186068965517237 1.5708808304262656 27.158 1.245 1.9867756563245824 419
stats: 302 279 1705
stats: tr_Get_Root 25 93.56503999999997 16.3267301747288 232.921 49.136 73.8063846153846 39
stats: 200 565 2823
stats: tr_Redirect_Root 71 104.36416901408451 33.68789247835795 220.023 42.031 70.68652505966588 419
stats: size_rcv 11689951 56641660
stats: tr_Get_Logout 6 6.792833333333333 0.512492411867944 75.944 5.618 8.669916666666666 48
stats: newphase 1 4
stats: tr_Post_New_Comment_On_Post 10 9.668000000000001 0.7341463069443306 42.997 7.654 11.474786259541984 131
stats: size_sent 371336 2379472
stats: tr_Get_Post 10 70.6712 10.73093223163766 163.946 57.455 70.91191603053436 131
stats: connected 285 286
stats: tr_Redirect_To_Post 7 69.04342857142856 6.006912633604312 131.553 51.876 67.13843511450384 262
stats: tr_Post_New_Post 6 11.0 3.5864796109834503 60.485 7.248 10.193089552238805 134
stats: tr_Get_New_Post 6 9.851 0.274460683280259 44.097 7.826 11.859843283582089 134
stats: tr_Redirect_To_New_Post 0 0 0 125.97 8.531 13.527216417910447 134
stats: tr_Post_New_Comment_On_Comment 2 10.656500000000001 1.1515 77.067 7.826 11.336694656488548 131
stats: tr_Get_Conversations 6 8.029333333333335 0.7971630252896135 53.765 7.245 14.929153846153845 39
stats: tr_Authenticate_User 107 2472.954682242991 1490.1108999825217 14785.161 190.385 3969.3845035799523 419
stats: tr_Post_Login 0 0 0 154.998 113.665 121.75822916666668 48
stats: tr_Get_Login 2 6.279 0.001000000000000334 43.014 5.906 9.73847916666667 48
stats: tr_Get_New_Conversation 1 1048.989 0.0 1106.458 179.112 682.9587692307691 39
stats: tr_Post_New_Conversation 0 0 0 91.355 16.225 32.337589743589746 39
stats: tr_Redirect_To_New_Conversation 0 0 0 97.431 13.159 30.68217948717949 39
stats: tr_Redirect_To_Same_Conversation 1 20.341 0.0 56.437 13.441 23.77057894736842 38
stats: tr_Reply_To_Conversation 1 29.624 0.0 138.181 20.199 36.406052631578945 38
stats: tr_Get_New_Book 8 11.769249999999998 9.61845705856714 74.979 5.925 9.484865671641792 67
stats: tr_Post_New_Book 5 7.962599999999999 1.0238590918676256 125.737 6.002 10.613208955223879 67
stats: tr_Get_Book 13 204.4354615384615 21.409021044752944 402.291 164.085 193.4414776119403 134
stats: tr_Redirect_To_New_Book 2 7.4225 0.9325000000000001 38.66 6.49 9.641985074626866 67
# stats: dump at 1575889900
stats: users 345 422
stats: {recvpackets,"tsung_controller@ip-172-31-46-69"} 1 13290.0 0.0 13290 64 2275.3333333333335 18
stats: {sentpackets,"tsung_controller@ip-172-31-46-69"} 1 4750.0 0.0 4750 32 792.8333333333334 18
stats: {cpu,"tsung_controller@ip-172-31-46-69"} 1 0.13958624138002876 0.0 0.13958624138002876 0.0020819453697534978 0.028523197280949274 19
stats: {load,"tsung_controller@ip-172-31-46-69"} 1 0.05078125 0.0 0.12109375 0.0 0.03412828947368421 19
stats: {freemem,"tsung_controller@ip-172-31-46-69"} 1 375445.3984375 0.0 375588.87109375 375445.3984375 375542.2818667763 19
stats: session 131 10783.356320610696 2809.4472796560403 41571.958 3654.671 15941.371718676122 423
stats: users_count 186 899
stats: finish_users_count 131 554
stats: request 2016 77.86753571428571 138.16225966699582 1772.811 4.051 57.83694500883391 4528
stats: page 2010 78.10049850746283 138.31951856380434 1772.811 4.051 58.34102094007573 4489
stats: connect 190 1.5201894736842105 0.30756152297631845 27.158 1.223 1.9179901269393511 709
stats: 302 858 2563
stats: tr_Initial_Get_Root 122 135.51490163934426 54.37427865711992 368.693 43.235 80.09748831775703 428
stats: 200 1158 3981
stats: tr_Get_Root 18 126.19905555555559 38.238298482414805 232.921 49.136 81.52460937499998 64
stats: size_rcv 31412489 88054149
stats: tr_Redirect_Root 291 134.95595876288672 46.82526462499755 372.567 42.031 75.56634693877552 490
stats: newphase 0 4
stats: tr_Get_Logout 24 8.053708333333331 3.1217996743220437 75.944 5.618 8.461351851851852 54
stats: size_sent 1143337 3522809
stats: tr_Post_New_Comment_On_Post 77 11.25844155844156 4.1283878004616 42.997 7.654 11.346645390070922 141
stats: connected 60 346
stats: tr_Get_Post 77 78.96683116883119 32.05000344891389 228.445 57.455 70.8948439716312 141
stats: tr_Redirect_To_Post 98 72.44298979591842 14.509590556323115 131.553 51.876 67.18800743494425 269
stats: tr_Post_New_Post 56 10.026892857142855 2.3156586279884936 60.485 7.248 10.227671428571426 140
stats: tr_Get_New_Post 56 15.538642857142861 16.280045015105998 130.044 7.826 11.773749999999998 140
stats: tr_Redirect_To_New_Post 36 13.722111111111111 8.576313332460701 125.97 8.531 13.527216417910447 134
stats: tr_Post_New_Comment_On_Comment 47 10.855297872340428 2.3506728589906922 77.067 7.826 11.326466165413533 133
stats: tr_Get_Conversations 16 9.446625000000001 3.1144335736013056 53.765 6.831 14.009177777777778 45
stats: tr_Authenticate_User 307 3749.240915309447 2421.398405932656 14785.161 147.572 3664.9776768060838 526
stats: tr_Post_Login 16 126.16318749999999 1.6145039183426484 154.998 113.665 121.75822916666668 48
stats: tr_Get_Login 22 7.738545454545457 2.217291093516688 43.014 5.906 9.600100000000003 50
stats: tr_Get_New_Conversation 14 1479.436642857143 212.67215423060603 1772.894 179.112 692.109525 40
stats: tr_Post_New_Conversation 13 20.462923076923076 3.3936837589294186 91.355 16.225 32.337589743589746 39
stats: tr_Redirect_To_New_Conversation 7 23.097857142857144 11.582815725135621 97.431 13.159 30.68217948717949 39
stats: tr_Redirect_To_Same_Conversation 6 24.684166666666666 15.918215471765533 60.017 13.441 23.682641025641026 39
stats: tr_Reply_To_Conversation 6 35.784666666666666 17.351221058537128 138.181 20.199 36.23215384615384 39
stats: tr_Get_New_Book 56 8.52541071428571 3.174199920434314 74.979 5.925 9.728533333333335 75
stats: tr_Post_New_Book 46 7.877956521739129 2.0631325481299347 125.737 6.002 10.429138888888888 72
stats: tr_Get_Book 68 238.1476470588235 67.30975365422964 495.006 164.085 194.41373469387756 147
stats: tr_Redirect_To_New_Book 34 8.167794117647057 1.3588992902867634 38.66 6.49 9.577652173913044 69
# stats: dump at 1575889910
stats: users 110 422
stats: {recvpackets,"tsung_controller@ip-172-31-46-69"} 1 27463.0 0.0 27463 64 2855.0526315789475 19
stats: {sentpackets,"tsung_controller@ip-172-31-46-69"} 1 8967.0 0.0 8967 32 1001.1052631578947 19
stats: {cpu,"tsung_controller@ip-172-31-46-69"} 1 0.41063909617709593 0.0 0.41063909617709593 0.0020819453697534978 0.03407634948590325 20
stats: {load,"tsung_controller@ip-172-31-46-69"} 1 0.19140625 0.0 0.19140625 0.0 0.0349609375 20
stats: {freemem,"tsung_controller@ip-172-31-46-69"} 1 375314.2265625 0.0 375588.87109375 375314.2265625 375537.4376953125 20
stats: session 235 15757.63173191489 4302.124588313657 41571.958 3654.671 14721.696597472926 554
stats: users_count 0 899
stats: finish_users_count 235 789
stats: request 1088 95.19790992647054 269.29224063237416 2102.096 4.051 64.00773823349633 6544
stats: page 1075 96.3509274418605 270.72958810550284 2102.096 4.051 64.45219956916453 6499
stats: tr_Initial_Get_Root 0 0 0 368.693 43.235 92.3900781818182 550
stats: 302 398 2961
stats: connect 0 0 0 27.158 1.223 1.833916573971079 899
stats: tr_Get_Root 0 0 0 232.921 49.136 91.33119512195121 82
stats: 200 690 4671
stats: tr_Redirect_Root 111 169.16391891891885 55.04302372569387 408.87 42.031 97.69487067861722 781
stats: size_rcv 20338454 108392603
stats: tr_Get_Logout 16 9.261687500000003 9.033134019532962 75.944 5.618 8.335923076923077 78
stats: newphase 0 4
stats: tr_Post_New_Comment_On_Post 47 11.466276595744683 4.6945905207523 42.997 7.654 11.315490825688073 218
stats: size_sent 632523 4155332
stats: tr_Get_Post 47 69.86259574468087 10.901725263929313 228.445 57.455 73.74595871559633 218
stats: connected -235 111
stats: tr_Redirect_To_Post 140 68.75072857142861 14.339405521072175 131.553 51.876 68.59124523160766 367
stats: tr_Post_New_Post 74 10.000189189189191 3.3776580911074574 60.485 7.248 10.170306122448977 196
stats: tr_Get_New_Post 74 13.358121621621617 5.248697277118371 130.044 7.826 12.849433673469388 196
stats: tr_Redirect_To_New_Post 78 11.996346153846147 4.792822033712933 125.97 8.531 13.568488235294117 170
stats: tr_Post_New_Comment_On_Comment 75 10.284440000000002 1.9168729830290447 77.067 7.826 11.203438888888888 180
stats: tr_Get_Conversations 20 8.71925 1.8544772275495864 53.765 6.831 12.812442622950819 61
stats: tr_Authenticate_User 63 6646.665301587302 3248.481317046214 15718.853 147.572 3696.0326758703486 833
stats: tr_Post_Login 26 125.28823076923078 1.7427657574117934 154.998 113.665 122.85946875 64
stats: tr_Get_Login 18 8.247722222222224 3.048474168526419 43.014 5.737 9.031291666666668 72
stats: tr_Get_New_Conversation 24 1814.3812916666666 120.62516852232754 2102.203 179.112 896.2313703703703 54
stats: tr_Post_New_Conversation 20 18.4979 2.554474347101572 91.355 15.762 29.368923076923082 52
stats: tr_Redirect_To_New_Conversation 18 17.911777777777775 7.757025600888495 97.431 13.159 29.52804347826087 46
stats: tr_Redirect_To_Same_Conversation 13 17.013692307692306 2.7451376982309146 60.017 13.441 23.816177777777778 45
stats: tr_Reply_To_Conversation 13 25.19353846153846 4.360649239159491 138.181 20.199 36.172488888888886 45
stats: tr_Get_New_Book 31 8.602838709677414 3.4422527235365954 74.979 5.925 9.2142213740458 131
stats: tr_Post_New_Book 42 8.938261904761902 4.087481725950261 125.737 6.002 9.434610169491524 118
stats: tr_Get_Book 62 245.97022580645162 77.48742212593736 534.801 164.085 208.24585581395348 215
stats: tr_Redirect_To_New_Book 45 8.231666666666664 1.9221800470646166 38.66 6.49 9.11226213592233 103
# stats: dump at 1575889920
stats: users 12 422
stats: {recvpackets,"tsung_controller@ip-172-31-46-69"} 1 14197.0 0.0 27463 64 4085.45 20
stats: {sentpackets,"tsung_controller@ip-172-31-46-69"} 1 4548.0 0.0 8967 32 1399.4 20
stats: {cpu,"tsung_controller@ip-172-31-46-69"} 1 0.24582821191225182 0.0 0.41063909617709593 0.0020819453697534978 0.05200790885215052 21
stats: {load,"tsung_controller@ip-172-31-46-69"} 1 0.23828125 0.0 0.23828125 0.0 0.04241071428571429 21
stats: {freemem,"tsung_controller@ip-172-31-46-69"} 1 375398.9375 0.0 375588.87109375 375314.2265625 375526.80859375 21
stats: session 98 22465.83110204082 4292.651600526552 41571.958 3654.671 15030.245084917617 789
stats: users_count 0 899
stats: finish_users_count 98 887
stats: connect 0 0 0 27.158 1.223 1.833916573971079 899
stats: 302 80 3041
stats: request 240 53.167516666666685 195.44227879928653 2102.096 4.051 68.45413587526204 7632
stats: page 220 58.0186045454546 203.64845365647994 2102.096 4.051 68.97967942962772 7574
stats: tr_Initial_Get_Root 0 0 0 368.693 43.235 92.3900781818182 550
stats: 200 160 4831
stats: tr_Get_Root 0 0 0 232.921 49.136 91.33119512195121 82
stats: size_rcv 2663314 111055917
stats: tr_Redirect_Root 7 166.55357142857142 24.348837032111547 408.87 42.031 106.58844058295969 892
stats: newphase 0 4
stats: tr_Get_Logout 2 6.5465 0.6195000000000004 75.944 5.618 8.493500000000001 94
stats: size_sent 136294 4291626
stats: tr_Post_New_Comment_On_Post 2 9.611 0.9149999999999996 42.997 7.654 11.342233962264151 265
stats: connected -99 12
stats: tr_Get_Post 2 80.02250000000001 8.7105 228.445 57.455 73.05721132075472 265
stats: tr_Redirect_To_Post 27 59.097481481481495 5.901243317649387 131.553 51.496 68.63528402366869 507
stats: tr_Post_New_Post 13 8.738846153846152 0.6430159522071746 60.485 7.248 10.12368148148148 270
stats: tr_Get_New_Post 13 14.70369230769231 5.544499219734198 130.044 7.826 12.988851851851852 270
stats: tr_Redirect_To_New_Post 32 10.336437500000004 1.7327733900004785 125.97 8.212 13.074024193548384 248
stats: tr_Post_New_Comment_On_Comment 12 10.02875 1.9025033125244926 77.067 7.819 10.933145098039217 255
stats: tr_Get_Conversations 0 0 0 53.765 6.831 11.801777777777778 81
stats: tr_Authenticate_User 3 12382.481333333335 3771.131748760164 17054.185 147.572 3903.499032366072 896
stats: tr_Post_Login 6 117.52083333333333 2.7441845429117073 154.998 113.37 123.56111111111112 90
stats: tr_Get_Login 6 8.072000000000001 2.430975730031051 43.014 5.737 8.87457777777778 90
stats: tr_Get_New_Conversation 3 1743.8546666666668 37.43891047500654 2102.203 179.112 1178.7390384615383 78
stats: tr_Post_New_Conversation 9 18.014444444444443 2.302047934200768 91.355 15.762 26.34919444444445 72
stats: tr_Redirect_To_New_Conversation 17 17.75070588235294 4.9981352377332975 97.431 12.42 26.26096875 64
stats: tr_Redirect_To_Same_Conversation 20 18.852399999999996 9.190488862949566 60.017 13.163 22.29148275862069 58
stats: tr_Reply_To_Conversation 20 24.162350000000004 3.6174048470554125 138.181 20.199 33.71168965517241 58
stats: tr_Get_New_Book 9 8.353222222222222 1.4258436705471982 74.979 5.925 9.097228395061727 162
stats: tr_Post_New_Book 11 7.756272727272727 1.0124865063890158 125.737 6.002 9.304318749999998 160
stats: tr_Get_Book 6 208.41216666666665 33.39160570371276 534.801 164.085 216.68957761732852 277
stats: tr_Redirect_To_New_Book 18 8.4685 2.460739506056395 38.66 5.796 8.844513513513514 148
# stats: dump at 1575889930
stats: users 1 422
stats: {recvpackets,"tsung_controller@ip-172-31-46-69"} 1 1789.0 0.0 27463 64 4566.952380952381 21
stats: {sentpackets,"tsung_controller@ip-172-31-46-69"} 1 765.0 0.0 8967 32 1549.3333333333333 21
stats: {cpu,"tsung_controller@ip-172-31-46-69"} 1 0.05414579797369764 0.0 0.41063909617709593 0.0020819453697534978 0.060817922627609676 22
stats: {load,"tsung_controller@ip-172-31-46-69"} 1 0.19921875 0.0 0.23828125 0.0 0.051313920454545456 22
stats: {freemem,"tsung_controller@ip-172-31-46-69"} 1 375441.4609375 0.0 375588.87109375 375314.2265625 375520.9962713068 22
stats: session 11 30326.14536363636 2924.9992431043725 41571.958 3654.671 15851.76417136415 887
stats: users_count 0 899
stats: finish_users_count 11 898
stats: request 15 14.731666666666666 6.723543239162583 2102.096 4.051 67.98808041158534 7872
stats: connect 0 0 0 27.158 1.223 1.833916573971079 899
stats: page 12 18.461416666666665 14.80041757551868 2102.096 4.051 68.67028290993076 7794
stats: tr_Initial_Get_Root 0 0 0 368.693 43.235 92.3900781818182 550
stats: 302 3 3044
stats: tr_Get_Root 0 0 0 232.921 49.136 91.33119512195121 82
stats: 200 12 4843
stats: tr_Redirect_Root 0 0 0 408.87 42.031 107.05535483870972 899
stats: size_rcv 29358 111085275
stats: tr_Get_Logout 0 0 0 75.944 5.618 8.4529375 96
stats: newphase 0 4
stats: tr_Post_New_Comment_On_Post 0 0 0 42.997 7.654 11.329265917602998 267
stats: size_sent 8849 4300475
stats: tr_Get_Post 0 0 0 228.445 57.455 73.10938576779026 267
stats: connected -11 1
stats: tr_Redirect_To_Post 0 0 0 131.553 51.496 68.15303558052437 534
stats: tr_Post_New_Post 0 0 0 60.485 7.248 10.060067137809186 283
stats: tr_Get_New_Post 0 0 0 130.044 7.826 13.067625441696112 283
stats: tr_Redirect_To_New_Post 3 11.046333333333335 0.4081097346983476 125.97 8.212 12.76115714285714 280
stats: tr_Post_New_Comment_On_Comment 0 0 0 77.067 7.819 10.892498127340824 267
stats: tr_Get_Conversations 1 11.837 0.0 53.765 6.831 11.801777777777778 81
stats: tr_Authenticate_User 0 0 0 17054.185 147.572 3931.7937452725255 899
stats: tr_Post_Login 0 0 0 154.998 113.37 123.18359375 96
stats: tr_Get_Login 0 0 0 43.014 5.737 8.82441666666667 96
stats: tr_Get_New_Conversation 0 0 0 2102.203 179.112 1199.66924691358 81
stats: tr_Post_New_Conversation 0 0 0 91.355 15.762 25.423111111111115 81
stats: tr_Redirect_To_New_Conversation 0 0 0 97.431 12.42 24.474864197530863 81
stats: tr_Redirect_To_Same_Conversation 3 18.795333333333335 3.8339306491148517 60.017 13.163 21.409666666666663 78
stats: tr_Reply_To_Conversation 3 25.111 2.7538156558975886 138.181 20.199 31.263141025641023 78
stats: tr_Get_New_Book 0 0 0 74.979 5.925 9.058070175438596 171
stats: tr_Post_New_Book 0 0 0 125.737 6.002 9.204736842105262 171
stats: tr_Get_Book 0 0 0 534.801 164.085 216.5140848056537 283
stats: tr_Redirect_To_New_Book 5 9.3706 3.0461338512941287 38.66 5.796 8.803740963855422 166
# stats: dump at 1575889940
stats: users 0 422
stats: {recvpackets,"tsung_controller@ip-172-31-46-69"} 1 75.0 0.0 27463 64 4440.681818181818 22
stats: {sentpackets,"tsung_controller@ip-172-31-46-69"} 1 50.0 0.0 8967 32 1513.6818181818182 22
stats: {cpu,"tsung_controller@ip-172-31-46-69"} 1 0.006245706077072014 0.0 0.41063909617709593 0.0020819453697534978 0.06052783025135263 23
stats: {load,"tsung_controller@ip-172-31-46-69"} 1 0.171875 0.0 0.23828125 0.0 0.057744565217391304 23
stats: {freemem,"tsung_controller@ip-172-31-46-69"} 1 375470.3984375 0.0 375588.87109375 375314.2265625 375517.53821331525 23
stats: session 1 41727.761 0.0 41727.761 3654.671 16029.067281737194 898
stats: users_count 0 899
stats: finish_users_count 1 899
stats: request 5 392.18340000000006 657.8271602837937 2102.096 4.051 67.8867939647521 7887
stats: connect 0 0 0 27.158 1.223 1.833916573971079 899
stats: page 4 490.26400000000007 702.1969455679795 2102.096 4.051 68.59309787343075 7806
stats: tr_Initial_Get_Root 0 0 0 368.693 43.235 92.3900781818182 550
stats: 302 2 3046
stats: tr_Get_Root 0 0 0 232.921 49.136 91.33119512195121 82
stats: 200 3 4846
stats: tr_Redirect_Root 0 0 0 408.87 42.031 107.05535483870972 899
stats: size_rcv 48937 111134212
stats: tr_Get_Logout 0 0 0 75.944 5.618 8.4529375 96
stats: newphase 0 4
stats: tr_Post_New_Comment_On_Post 0 0 0 42.997 7.654 11.329265917602998 267
stats: size_sent 2259 4302734
stats: tr_Get_Post 0 0 0 228.445 57.455 73.10938576779026 267
stats: connected -1 0
stats: tr_Redirect_To_Post 0 0 0 131.553 51.496 68.15303558052437 534
stats: tr_Post_New_Post 0 0 0 60.485 7.248 10.060067137809186 283
stats: tr_Get_New_Post 0 0 0 130.044 7.826 13.067625441696112 283
stats: tr_Redirect_To_New_Post 0 0 0 125.97 8.212 12.74297879858657 283
stats: tr_Post_New_Comment_On_Comment 0 0 0 77.067 7.819 10.892498127340824 267
stats: tr_Get_Conversations 0 0 0 53.765 6.831 11.80220731707317 82
stats: tr_Authenticate_User 0 0 0 17054.185 147.572 3931.7937452725255 899
stats: tr_Post_Login 0 0 0 154.998 113.37 123.18359375 96
stats: tr_Get_Login 0 0 0 43.014 5.737 8.82441666666667 96
stats: tr_Get_New_Conversation 1 1701.172 0.0 2102.203 179.112 1199.66924691358 81
stats: tr_Post_New_Conversation 1 195.223 0.0 195.223 15.762 25.423111111111115 81
stats: tr_Redirect_To_New_Conversation 1 18.823 0.0 97.431 12.42 24.474864197530863 81
stats: tr_Redirect_To_Same_Conversation 1 18.216 0.0 60.017 13.163 21.312839506172836 81
stats: tr_Reply_To_Conversation 1 28.406 0.0 138.181 20.199 31.03528395061728 81
stats: tr_Get_New_Book 0 0 0 74.979 5.925 9.058070175438596 171
stats: tr_Post_New_Book 0 0 0 125.737 6.002 9.204736842105262 171
stats: tr_Get_Book 0 0 0 534.801 164.085 216.5140848056537 283
stats: tr_Redirect_To_New_Book 0 0 0 38.66 5.796 8.820315789473685 171
# stats: dump at 1575889950
stats: users 601 601
stats: {recvpackets,"tsung_controller@ip-172-31-46-69"} 1 13.0 0.0 27463 13 4250.869565217391 23
stats: {sentpackets,"tsung_controller@ip-172-31-46-69"} 1 11.0 0.0 8967 11 1450.0434782608695 23
stats: {cpu,"tsung_controller@ip-172-31-46-69"} 1 0.0031233732431025507 0.0 0.41063909617709593 0.0020819453697534978 0.05826607507742427 24
stats: {load,"tsung_controller@ip-172-31-46-69"} 1 0.140625 0.0 0.23828125 0.0 0.0625 24
stats: {freemem,"tsung_controller@ip-172-31-46-69"} 1 375471.25390625 0.0 375588.87109375 375314.2265625 375515.57405598956 24
stats: session 6 6216.061833333333 979.4367784848623 41727.761 3654.671 16057.653147942157 899
stats: users_count 607 1506
stats: finish_users_count 6 905
stats: request 1594 103.987774153074 110.35447990617232 2102.096 4.051 68.09225304105422 7892
stats: connect 568 1.6315598591549296 0.921722465146049 27.158 1.142 1.833916573971079 899
stats: page 1594 103.987774153074 110.35447990617232 2102.096 4.051 68.80906248399494 7810
stats: 302 597 3643
stats: tr_Initial_Get_Root 287 227.64845993031344 87.32593405997449 616.526 43.235 92.3900781818182 550
stats: 200 997 5843
stats: tr_Get_Root 61 234.12636065573764 103.88995787031661 751.408 49.136 91.33119512195121 82
stats: size_rcv 34334042 145468254
stats: tr_Redirect_Root 112 253.67365178571436 88.77767072115256 593.227 42.031 107.05535483870972 899
stats: newphase 1 5
stats: tr_Get_Logout 6 7.675333333333334 1.0240684655931078 75.944 5.618 8.4529375 96
stats: size_sent 744123 5046857
stats: tr_Post_New_Comment_On_Post 36 11.923888888888886 3.102956088579779 42.997 7.654 11.329265917602998 267
stats: connected 564 564
stats: tr_Get_Post 36 98.84533333333333 53.987036074516176 313.876 57.455 73.10938576779026 267
stats: tr_Redirect_To_Post 19 87.175 32.251887398055366 212.288 51.496 68.15303558052437 534
stats: tr_Post_New_Post 1 11.532 0.0 60.485 7.248 10.060067137809186 283
stats: tr_Get_New_Post 1 16.816 0.0 130.044 7.826 13.067625441696112 283
stats: tr_Redirect_To_New_Post 1 13.915 0.0 125.97 8.212 12.74297879858657 283
stats: tr_Post_New_Comment_On_Comment 6 16.1215 10.708423751888043 77.067 7.819 10.892498127340824 267
stats: tr_Get_Conversations 6 10.434 2.734401762726173 53.765 6.831 11.80220731707317 82
stats: tr_Authenticate_User 226 2378.9507079646023 1358.0600300229523 17054.185 147.572 3931.7937452725255 899
stats: tr_Post_Login 0 0 0 154.998 113.37 123.18359375 96
stats: tr_Get_Login 4 6.7837499999999995 0.15599739581159608 43.014 5.737 8.82441666666667 96
stats: tr_Get_New_Conversation 0 0 0 2102.203 179.112 1205.7851341463413 82
stats: tr_Post_New_Conversation 0 0 0 195.223 15.762 27.49384146341464 82
stats: tr_Redirect_To_New_Conversation 0 0 0 97.431 12.42 24.405939024390243 82
stats: tr_Redirect_To_Same_Conversation 0 0 0 60.017 13.163 21.2750731707317 82
stats: tr_Reply_To_Conversation 0 0 0 138.181 20.199 31.003219512195116 82
stats: tr_Get_New_Book 10 8.958900000000002 2.4529724193312896 74.979 5.925 9.058070175438596 171
stats: tr_Post_New_Book 6 29.78916666666667 45.854758605902134 132.186 6.002 9.204736842105262 171
stats: tr_Get_Book 6 381.70733333333334 67.51312424920718 534.801 164.085 216.5140848056537 283
stats: tr_Redirect_To_New_Book 0 0 0 38.66 5.796 8.820315789473685 171
# stats: dump at 1575889960
stats: users 736 874
stats: {recvpackets,"tsung_controller@ip-172-31-46-69"} 1 40108.0 0.0 40108 13 4074.2916666666665 24
stats: {sentpackets,"tsung_controller@ip-172-31-46-69"} 1 13310.0 0.0 13310 11 1390.0833333333333 24
stats: {cpu,"tsung_controller@ip-172-31-46-69"} 1 0.44099709129578085 0.0 0.44099709129578085 0.0020819453697534978 0.056060367004051405 25
stats: {load,"tsung_controller@ip-172-31-46-69"} 1 0.28125 0.0 0.28125 0.0 0.065625 25
stats: {freemem,"tsung_controller@ip-172-31-46-69"} 1 375287.41015625 0.0 375588.87109375 375287.41015625 375513.80125 25
stats: session 218 11435.441467889901 2712.994346734638 41727.761 3654.671 15992.405028729281 905
stats: users_count 353 1859
stats: finish_users_count 218 1123
stats: connect 392 1.5020586734693895 0.471155639745028 27.158 1.142 1.7555671438309475 1467
stats: request 3759 280.96489997339813 528.447896119499 8388.38 4.051 74.12403257432004 9486
stats: page 3757 281.1145302102751 528.5570543009165 8388.38 4.051 74.77193641003832 9404
stats: tr_Initial_Get_Root 248 740.1190080645162 597.3786840704968 4139.439 43.235 138.76899761051368 837
stats: 302 1579 5222
stats: tr_Get_Root 44 783.5611590909092 556.2143662641533 2734.141 49.136 152.24381818181814 143
stats: 200 2180 8023
stats: tr_Redirect_Root 557 857.3648868940752 592.4210434260414 4326.955 42.031 123.29793570722062 1011
stats: size_rcv 90298003 235766257
stats: tr_Get_Logout 43 20.111209302325573 16.934843419821366 87.341 5.618 8.407196078431374 102
stats: newphase 0 5
stats: tr_Post_New_Comment_On_Post 172 39.34896511627908 37.33429948559606 190.899 7.654 11.399914191419143 303
stats: size_sent 2137108 7183965
stats: tr_Get_Post 172 192.44293023255818 103.36683239658862 578.598 57.455 76.16712211221122 303
stats: connected 186 750
stats: tr_Redirect_To_Post 243 182.0064938271604 94.42280138244365 567.343 51.496 68.80659312839063 553
stats: tr_Post_New_Post 80 41.52432499999999 42.029048644888164 186.77 7.248 10.06525 284
stats: tr_Get_New_Post 80 38.88079999999998 39.118940730610284 276.047 7.826 13.08082394366197 284
stats: tr_Redirect_To_New_Post 47 47.80095744680851 46.89790906873639 272.698 8.212 12.747105633802814 284
stats: tr_Post_New_Comment_On_Comment 124 30.985564516129006 24.875271035074544 147.353 7.819 11.007421245421245 273
stats: tr_Get_Conversations 35 17.710342857142848 9.801056453093956 59.527 6.831 11.708920454545455 88
stats: tr_Authenticate_User 577 3988.095844020795 2465.9229355274765 17054.185 147.572 3619.84483288889 1125
stats: tr_Post_Login 27 145.15414814814818 14.16499938869593 175.812 113.37 123.18359375 96
stats: tr_Get_Login 30 15.242066666666664 13.578834554637679 69.841 5.737 8.742790000000003 100
stats: tr_Get_New_Conversation 8 6028.524625000001 1392.5452717298756 8388.495 179.112 1205.7851341463413 82
stats: tr_Post_New_Conversation 5 54.67059999999999 22.31493107854022 195.223 15.762 27.49384146341464 82
stats: tr_Redirect_To_New_Conversation 4 54.8745 26.186576079166972 97.431 12.42 24.405939024390243 82
stats: tr_Redirect_To_Same_Conversation 2 67.16749999999999 39.45349999999999 106.621 13.163 21.2750731707317 82
stats: tr_Reply_To_Conversation 2 105.468 29.817999999999998 138.181 20.199 31.003219512195116 82
stats: tr_Get_New_Book 81 23.457185185185192 30.86430354849446 204.901 5.925 9.052591160220993 181
stats: tr_Post_New_Book 61 28.342311475409833 31.959083444940784 202.592 6.002 9.902514124293784 177
stats: tr_Get_Book 106 981.4752452830191 554.2398837153186 2952.681 164.085 219.94370242214532 289
stats: tr_Redirect_To_New_Book 40 24.430100000000003 23.712438547943567 140.66 5.796 8.820315789473685 171
# stats: dump at 1575889970
stats: users 285 874
stats: {recvpackets,"tsung_controller@ip-172-31-46-69"} 1 72523.0 0.0 72523 13 5515.64 25
stats: {sentpackets,"tsung_controller@ip-172-31-46-69"} 1 22178.0 0.0 22178 11 1866.88 25
stats: {cpu,"tsung_controller@ip-172-31-46-69"} 1 0.7925500297206262 0.0 0.7925500297206262 0.0020819453697534978 0.07086562563065638 26
stats: {load,"tsung_controller@ip-172-31-46-69"} 1 0.390625 0.0 0.390625 0.0 0.07391826923076923 26
stats: {freemem,"tsung_controller@ip-172-31-46-69"} 1 375099.40625 0.0 375588.87109375 375099.40625 375505.0939002404 26
stats: session 451 16152.523496674045 3926.689377243387 41727.761 3654.671 15107.79411487088 1123
stats: users_count 0 1859
stats: finish_users_count 451 1574
stats: connect 0 0 0 27.158 1.142 1.7021108122646587 1859
stats: request 2297 323.7646390944711 1081.759883801272 12474.582 4.051 132.82654828237096 13245
stats: page 2285 325.4655571115972 1084.3636687404003 12474.582 4.051 133.6754486741132 13161
stats: tr_Initial_Get_Root 0 0 0 4139.439 43.235 276.2204285714285 1085
stats: 302 853 6075
stats: tr_Get_Root 0 0 0 2734.141 49.136 300.78907486631016 187
stats: 200 1444 9467
stats: tr_Redirect_Root 271 889.818206642066 418.68745233377933 4326.955 42.031 384.06023915816326 1568
stats: size_rcv 58479911 294246168
stats: tr_Get_Logout 27 18.753592592592593 24.817194733967188 141.655 5.618 11.878041379310343 145
stats: newphase 0 5
stats: tr_Post_New_Comment_On_Post 104 23.09871153846154 11.945816806983974 190.899 7.654 21.52041263157895 475
stats: size_sent 1327596 8511561
stats: tr_Get_Post 104 141.29385576923082 43.95210559439811 578.598 57.455 118.27120421052634 475
stats: connected -450 300
stats: tr_Redirect_To_Post 314 134.96351273885344 51.26727752137479 567.343 51.496 103.36384924623115 796
stats: tr_Post_New_Post 143 25.97748951048951 31.422558963971976 306.033 7.248 16.979332417582416 364
stats: tr_Get_New_Post 143 30.1138951048951 16.161430459569058 276.047 7.826 18.751148351648347 364
stats: tr_Redirect_To_New_Post 123 26.809081300813016 16.987505318696446 272.698 8.212 17.724540785498487 331
stats: tr_Post_New_Comment_On_Comment 161 27.238577639751565 20.98044539036608 189.202 7.819 17.247445843828707 397
stats: tr_Get_Conversations 55 16.660218181818177 7.352785692736173 59.527 6.831 13.416642276422762 123
stats: tr_Authenticate_User 154 5777.1634870129865 3435.4627649057616 17054.185 147.572 3744.686685663925 1702
stats: tr_Post_Login 44 138.15288636363633 6.830043788013194 175.812 113.37 128.00639837398373 123
stats: tr_Get_Login 40 11.971775000000003 4.998040658535603 69.841 5.737 10.242623076923078 130
stats: tr_Get_New_Conversation 33 8583.267636363635 1661.076843609313 12474.689 179.112 1634.473088888889 90
stats: tr_Post_New_Conversation 26 59.71734615384614 33.96173897529882 195.223 15.762 29.05572413793104 87
stats: tr_Redirect_To_New_Conversation 16 45.115437500000006 34.58133529262706 171.612 12.42 25.823081395348837 86
stats: tr_Redirect_To_Same_Conversation 12 55.371083333333324 39.506031048981065 161.491 13.163 22.367749999999994 84
stats: tr_Reply_To_Conversation 12 86.54425000000002 37.27448843405947 190.567 20.199 32.77619047619047 84
stats: tr_Get_New_Book 88 15.16964772727273 6.988122720730857 204.901 5.925 13.505919847328245 262
stats: tr_Post_New_Book 106 16.01115094339624 7.684193222886192 202.592 6.002 14.628680672268906 238
stats: tr_Get_Book 129 881.1957286821706 496.57093271201114 4426.868 164.085 424.3040658227849 395
stats: tr_Redirect_To_New_Book 93 18.027634408602147 9.99884169074926 140.66 5.796 11.779516587677726 211
# stats: dump at 1575889980
stats: users 62 874
stats: {recvpackets,"tsung_controller@ip-172-31-46-69"} 1 38187.0 0.0 72523 13 8092.846153846154 26
stats: {sentpackets,"tsung_controller@ip-172-31-46-69"} 1 11648.0 0.0 22178 11 2648.076923076923 26
stats: {cpu,"tsung_controller@ip-172-31-46-69"} 1 0.5419206919910374 0.0 0.7925500297206262 0.0020819453697534978 0.09759467763398859 27
stats: {load,"tsung_controller@ip-172-31-46-69"} 1 0.328125 0.0 0.390625 0.0 0.08564814814814815 27
stats: {freemem,"tsung_controller@ip-172-31-46-69"} 1 375234.328125 0.0 375588.87109375 375099.40625 375490.068431713 27
stats: session 223 23681.40043497758 4828.238427465042 41727.761 3654.671 15407.141606099107 1574
stats: users_count 0 1859
stats: finish_users_count 223 1797
stats: request 692 624.6991604046248 1895.4829118196644 12474.582 4.051 161.04587620640868 15542
stats: connect 0 0 0 27.158 1.142 1.7021108122646587 1859
stats: page 641 674.4167394695792 1960.9374969870523 12474.582 4.051 162.04786857438842 15446
stats: tr_Initial_Get_Root 0 0 0 4139.439 43.235 276.2204285714285 1085
stats: 302 222 6297
stats: tr_Get_Root 0 0 0 2734.141 49.136 300.78907486631016 187
stats: 200 470 9937
stats: tr_Redirect_Root 20 609.1454 307.4352165543824 4326.955 42.031 458.5900973355083 1839
stats: size_rcv 13570501 307816669
stats: tr_Get_Logout 3 13.183000000000002 4.335242553767897 141.655 5.618 12.957343023255815 172
stats: newphase 0 5
stats: tr_Post_New_Comment_On_Post 7 16.942571428571426 8.9903083191551 190.899 7.654 21.803906735751298 579
stats: size_sent 362227 8873788
stats: tr_Get_Post 7 93.68428571428572 21.34389537157295 578.598 57.455 122.4065336787565 579
stats: connected -235 65
stats: tr_Redirect_To_Post 61 81.42037704918035 28.539835465517623 567.343 51.496 112.30285315315314 1110
stats: tr_Post_New_Post 39 14.887076923076915 10.198924577255406 306.033 7.248 19.5172741617357 507
stats: tr_Get_New_Post 39 20.092205128205123 6.133694177705205 276.047 7.826 21.956025641025636 507
stats: tr_Redirect_To_New_Post 78 14.87684615384615 7.161059861173187 272.698 8.212 20.185770925110134 454
stats: tr_Post_New_Comment_On_Comment 28 14.648392857142856 6.274988960373245 189.202 7.819 20.1301917562724 558
stats: tr_Get_Conversations 8 10.0825 2.695333142674575 59.527 6.831 14.41887078651685 178
stats: tr_Authenticate_User 3 16843.797333333336 4501.409148998147 21566.596 147.572 3913.3296961206897 1856
stats: tr_Post_Login 7 127.39185714285713 2.1870623760502728 175.812 113.37 130.6797245508982 167
stats: tr_Get_Login 5 8.6228 3.132668089664144 69.841 5.737 10.649482352941178 170
stats: tr_Get_New_Conversation 61 6461.648622950823 1779.315001737055 12474.689 179.112 3498.783821138211 123
stats: tr_Post_New_Conversation 66 23.65965151515152 8.919873788841487 195.223 14.941 36.11061061946902 113
stats: tr_Redirect_To_New_Conversation 54 20.9597037037037 8.444079772746397 171.612 12.42 28.849333333333334 102
stats: tr_Redirect_To_Same_Conversation 51 20.40923529411766 8.95842535749521 161.491 13.163 26.493166666666657 96
stats: tr_Reply_To_Conversation 51 29.791392156862756 12.542417332878676 190.567 20.199 39.497197916666664 96
stats: tr_Get_New_Book 12 9.691333333333334 3.710852807045243 204.901 5.925 13.924228571428573 350
stats: tr_Post_New_Book 17 10.560588235294118 3.4980396368592026 202.592 6.002 15.054674418604653 344
stats: tr_Get_Book 22 462.6336363636363 261.8413735901854 4426.868 164.085 536.7831202290077 524
stats: tr_Redirect_To_New_Book 52 10.99488461538462 4.528338354840236 140.66 5.796 13.690947368421051 304
# stats: dump at 1575889990
stats: users 5 874
stats: {recvpackets,"tsung_controller@ip-172-31-46-69"} 1 7888.0 0.0 72523 13 9207.444444444445 27
stats: {sentpackets,"tsung_controller@ip-172-31-46-69"} 1 2564.0 0.0 22178 11 2981.4074074074074 27
stats: {cpu,"tsung_controller@ip-172-31-46-69"} 1 0.16032648301996794 0.0 0.7925500297206262 0.0020819453697534978 0.11346346386102604 28
stats: {load,"tsung_controller@ip-172-31-46-69"} 1 0.28125 0.0 0.390625 0.0 0.09430803571428571 28
stats: {freemem,"tsung_controller@ip-172-31-46-69"} 1 375341.60546875 0.0 375588.87109375 375099.40625 375480.93484933034 28
stats: session 57 33130.2060350877 4516.007260809128 47546.784 3654.671 16433.941672231493 1797
stats: users_count 0 1859
stats: finish_users_count 57 1854
stats: request 143 67.82318181818177 402.5152407703521 12474.582 4.051 180.80983288160672 16234
stats: connect 0 0 0 27.158 1.142 1.7021108122646587 1859
stats: page 107 90.69807476635512 463.3932174827578 12474.582 4.051 182.46363573071446 16087
stats: tr_Initial_Get_Root 0 0 0 4139.439 43.235 276.2204285714285 1085
stats: 302 49 6346
stats: tr_Get_Root 0 0 0 2734.141 49.136 300.78907486631016 187
stats: 200 94 10031
stats: tr_Redirect_Root 0 0 0 4326.955 42.031 460.20984238838076 1859
stats: size_rcv 604456 308421125
stats: tr_Get_Logout 0 0 0 141.655 5.618 12.961211428571428 175
stats: newphase 0 5
stats: tr_Post_New_Comment_On_Post 1 8.616 0.0 190.899 7.654 21.745836177474406 586
stats: size_sent 78649 8952437
stats: tr_Get_Post 1 57.738 0.0 578.598 57.455 122.06343515358364 586
stats: connected -59 6
stats: tr_Redirect_To_Post 2 64.5565 2.262500000000003 567.343 51.496 110.69411614005122 1171
stats: tr_Post_New_Post 1 9.361 0.0 306.033 7.248 19.186545787545786 546
stats: tr_Get_New_Post 1 14.652 0.0 276.047 7.826 21.8228956043956 546
stats: tr_Redirect_To_New_Post 15 9.950666666666667 1.0820288761807095 272.698 8.212 19.407394736842107 532
stats: tr_Post_New_Comment_On_Comment 1 8.882 0.0 189.202 7.819 19.868262798634813 586
stats: tr_Get_Conversations 1 6.682 0.0 59.527 6.682 14.23236021505376 186
stats: tr_Authenticate_User 0 0 0 21566.596 147.572 3934.1965077998925 1859
stats: tr_Post_Login 1 119.133 0.0 175.812 113.37 130.54745402298846 174
stats: tr_Get_Login 0 0 0 69.841 5.737 10.591577142857144 175
stats: tr_Get_New_Conversation 2 3442.9695 60.64949999999999 12474.689 179.112 4481.0379130434785 184
stats: tr_Post_New_Conversation 7 16.76242857142857 1.2392451454866567 195.223 14.604 31.519754189944134 179
stats: tr_Redirect_To_New_Conversation 28 15.300821428571433 1.7109269637407387 171.612 12.42 26.118307692307692 156
stats: tr_Redirect_To_Same_Conversation 36 16.83641666666666 3.181560504383903 161.491 13.163 24.382414965986396 147
stats: tr_Reply_To_Conversation 36 25.106055555555557 6.845033349259091 190.567 19.977 36.129877551020414 147
stats: tr_Get_New_Book 1 7.205 0.0 204.901 5.925 13.783911602209947 362
stats: tr_Post_New_Book 2 7.8495 0.09450000000000003 202.592 6.002 14.84304155124654 361
stats: tr_Get_Book 1 208.223 0.0 4426.868 164.085 533.7954120879122 546
stats: tr_Redirect_To_New_Book 6 9.750666666666666 5.515938803947057 140.66 5.796 13.297140449438203 356
# stats: dump at 1575890000
stats: users 0 874
stats: {recvpackets,"tsung_controller@ip-172-31-46-69"} 1 556.0 0.0 72523 13 9160.32142857143 28
stats: {sentpackets,"tsung_controller@ip-172-31-46-69"} 1 346.0 0.0 22178 11 2966.5 28
stats: {cpu,"tsung_controller@ip-172-31-46-69"} 1 0.028109773872485738 0.0 0.7925500297206262 0.0020819453697534978 0.1150794300389206 29
stats: {load,"tsung_controller@ip-172-31-46-69"} 1 0.23046875 0.0 0.390625 0.0 0.10075431034482758 29
stats: {freemem,"tsung_controller@ip-172-31-46-69"} 1 375378.484375 0.0 375588.87109375 375099.40625 375476.130387931 29
stats: session 5 42790.922399999996 4991.478513023998 48790.075 3654.671 16947.257243257816 1854
stats: users_count 0 1859
stats: finish_users_count 5 1859
stats: request 15 251.76080000000005 849.0175441006465 12474.582 4.051 179.82326079257518 16377
stats: connect 0 0 0 27.158 1.142 1.7021108122646587 1859
stats: page 11 343.36381818181826 975.6462603850955 12474.582 4.051 181.85730529825884 16194
stats: tr_Initial_Get_Root 0 0 0 4139.439 43.235 276.2204285714285 1085
stats: 302 5 6351
stats: tr_Get_Root 0 0 0 2734.141 49.136 300.78907486631016 187
stats: 200 10 10041
stats: tr_Redirect_Root 0 0 0 4326.955 42.031 460.20984238838076 1859
stats: size_rcv 151568 308572693
stats: tr_Get_Logout 0 0 0 141.655 5.618 12.961211428571428 175
stats: newphase 0 5
stats: tr_Post_New_Comment_On_Post 0 0 0 190.899 7.654 21.723468483816017 587
stats: size_sent 7691 8960128
stats: tr_Get_Post 0 0 0 578.598 57.455 121.9538517887564 587
stats: connected -6 0
stats: tr_Redirect_To_Post 1 56.488 0.0 567.343 51.496 110.61545012787722 1173
stats: tr_Post_New_Post 0 0 0 306.033 7.248 19.168583180987202 547
stats: tr_Get_New_Post 0 0 0 276.047 7.826 21.809786106032902 547
stats: tr_Redirect_To_New_Post 0 0 0 272.698 8.212 19.148069469835466 547
stats: tr_Post_New_Comment_On_Comment 0 0 0 189.202 7.819 19.8495468483816 587
stats: tr_Get_Conversations 0 0 0 59.527 6.682 14.191983957219245 187
stats: tr_Authenticate_User 0 0 0 21566.596 147.572 3934.1965077998925 1859
stats: tr_Post_Login 0 0 0 175.812 113.37 130.48222857142852 175
stats: tr_Get_Login 0 0 0 69.841 5.737 10.591577142857144 175
stats: tr_Get_New_Conversation 1 3428.281 0.0 12474.689 179.112 4469.875887096774 186
stats: tr_Post_New_Conversation 1 20.006 0.0 195.223 14.604 30.96437096774193 186
stats: tr_Redirect_To_New_Conversation 3 21.84866666666667 6.15905454504901 171.612 12.42 24.47216847826087 184
stats: tr_Redirect_To_Same_Conversation 4 16.7105 2.1313795415176533 161.491 13.163 22.897956284153004 183
stats: tr_Reply_To_Conversation 4 33.15825 11.611987305689754 190.567 19.977 33.961256830601094 183
stats: tr_Get_New_Book 0 0 0 204.901 5.925 13.765787878787881 363
stats: tr_Post_New_Book 0 0 0 202.592 6.002 14.80450964187328 363
stats: tr_Get_Book 0 0 0 4426.868 164.085 533.2002157221208 547
stats: tr_Redirect_To_New_Book 1 9.149 0.0 140.66 5.796 13.2383591160221 362
# stats: dump at 1575890001
stats: users 0 874
stats: {recvpackets,"tsung_controller@ip-172-31-46-69"} 0 0 0 72523 13 8863.620689655174 29
stats: {sentpackets,"tsung_controller@ip-172-31-46-69"} 0 0 0 22178 11 2876.137931034483 29
stats: {cpu,"tsung_controller@ip-172-31-46-69"} 0 0 0 0.7925500297206262 0.0020819453697534978 0.11218044150003943 30
stats: {load,"tsung_controller@ip-172-31-46-69"} 0 0 0 0.390625 0.0 0.105078125 30
stats: {freemem,"tsung_controller@ip-172-31-46-69"} 0 0 0 375588.87109375 375099.40625 375472.87552083336 30
stats: session 0 0 0 48790.075 3654.671 17016.76683216783 1859
stats: users_count 0 1859
stats: finish_users_count 0 1859
stats: request 0 0 0 12474.582 4.051 179.8890894338704 16392
stats: connect 0 0 0 27.158 1.142 1.7021108122646587 1859
stats: page 0 0 0 12474.582 4.051 181.96693637766143 16205
stats: tr_Initial_Get_Root 0 0 0 4139.439 43.235 276.2204285714285 1085
stats: 302 0 6351
stats: tr_Get_Root 0 0 0 2734.141 49.136 300.78907486631016 187
stats: 200 0 10041
stats: tr_Redirect_Root 0 0 0 4326.955 42.031 460.20984238838076 1859
stats: size_rcv 0 308572693
stats: tr_Get_Logout 0 0 0 141.655 5.618 12.961211428571428 175
stats: newphase 0 5
stats: tr_Post_New_Comment_On_Post 0 0 0 190.899 7.654 21.723468483816017 587
stats: size_sent 0 8960128
stats: tr_Get_Post 0 0 0 578.598 57.455 121.9538517887564 587
stats: connected 0 0
stats: tr_Redirect_To_Post 0 0 0 567.343 51.496 110.56934497444632 1174
stats: tr_Post_New_Post 0 0 0 306.033 7.248 19.168583180987202 547
stats: tr_Get_New_Post 0 0 0 276.047 7.826 21.809786106032902 547
stats: tr_Redirect_To_New_Post 0 0 0 272.698 8.212 19.148069469835466 547
stats: tr_Post_New_Comment_On_Comment 0 0 0 189.202 7.819 19.8495468483816 587
stats: tr_Get_Conversations 0 0 0 59.527 6.682 14.191983957219245 187
stats: tr_Authenticate_User 0 0 0 21566.596 147.572 3934.1965077998925 1859
stats: tr_Post_Login 0 0 0 175.812 113.37 130.48222857142852 175
stats: tr_Get_Login 0 0 0 69.841 5.737 10.591577142857144 175
stats: tr_Get_New_Conversation 0 0 0 12474.689 179.112 4464.305860962566 187
stats: tr_Post_New_Conversation 0 0 0 195.223 14.604 30.905770053475937 187
stats: tr_Redirect_To_New_Conversation 0 0 0 171.612 12.42 24.430080213903743 187
stats: tr_Redirect_To_Same_Conversation 0 0 0 161.491 13.163 22.765604278074864 187
stats: tr_Reply_To_Conversation 0 0 0 190.567 19.977 33.94408021390374 187
stats: tr_Get_New_Book 0 0 0 204.901 5.925 13.765787878787881 363
stats: tr_Post_New_Book 0 0 0 202.592 6.002 14.80450964187328 363
stats: tr_Get_Book 0 0 0 4426.868 164.085 533.2002157221208 547
stats: tr_Redirect_To_New_Book 0 0 0 140.66 5.796 13.227093663911846 363
EndMonitor:{1575,890001,855490}
