
=INFO REPORT==== 7-Dec-2019::03:13:12 ===
    ts_config_server:(5:<0.102.0>) Config server started, logdir is "/home/ec2-user/.tsung/log/20191207-0313"
 
=INFO REPORT==== 7-Dec-2019::03:13:12 ===
              ts_mon:(5:<0.83.0>) starting monitor, global 

=INFO REPORT==== 7-Dec-2019::03:13:12 ===
           ts_config:(5:<0.102.0>) Reading config file: no-abort.xml

=INFO REPORT==== 7-Dec-2019::03:13:12 ===
           ts_config:(5:<0.102.0>) Session name for id 1 is "Register-Logout-Login"

=INFO REPORT==== 7-Dec-2019::03:13:12 ===
           ts_config:(5:<0.102.0>) Session name for id 2 is "Create-Book"

=INFO REPORT==== 7-Dec-2019::03:13:12 ===
           ts_config:(5:<0.102.0>) Session name for id 3 is "Create-Post"

=INFO REPORT==== 7-Dec-2019::03:13:12 ===
           ts_config:(5:<0.102.0>) Session name for id 4 is "Add_Comment"

=INFO REPORT==== 7-Dec-2019::03:13:12 ===
           ts_config:(5:<0.102.0>) Session name for id 5 is "Send-Message"

=INFO REPORT==== 7-Dec-2019::03:13:12 ===
    ts_config_server:(4:<0.102.0>) SYSINFO:Tsung version: 1.7.0

=INFO REPORT==== 7-Dec-2019::03:13:12 ===
    ts_config_server:(4:<0.102.0>) SYSINFO:Erlang version: Erlang/OTP 20 [erts-9.1] [source] [64-bit] [smp:2:2] [ds:2:2:10] [async-threads:8] [hipe] [kernel-poll:true]


=INFO REPORT==== 7-Dec-2019::03:13:12 ===
    ts_config_server:(4:<0.102.0>) SYSINFO:System architecture x86_64-unknown-linux-gnu

=INFO REPORT==== 7-Dec-2019::03:13:12 ===
    ts_config_server:(4:<0.102.0>) SYSINFO:Current path: /usr/local/lib/tsung/tsung-1.7.0/ebin/tsung.beam

=INFO REPORT==== 7-Dec-2019::03:13:12 ===
              ts_mon:(5:<0.103.0>) Activate clients with text backend

=INFO REPORT==== 7-Dec-2019::03:13:12 ===
              ts_mon:(5:<0.103.0>) Starting tsung clients on hosts: [localhost]

=INFO REPORT==== 7-Dec-2019::03:13:12 ===
    ts_config_server:(5:<0.102.0>) Start a launcher on the controller beam localhost

=INFO REPORT==== 7-Dec-2019::03:13:12 ===
  ts_launcher_static:(5:<0.154.0>) Launch msg receive ("localhost")

=INFO REPORT==== 7-Dec-2019::03:13:12 ===
         ts_launcher:(5:<0.155.0>) Launch msg receive ("localhost")

=INFO REPORT==== 7-Dec-2019::03:13:12 ===
    ts_config_server:(5:<0.102.0>) New arrival phase 1 for client "localhost" (last ? true): will start 30 users

=INFO REPORT==== 7-Dec-2019::03:13:12 ===
    ts_config_server:(5:<0.102.0>) New arrival phase 2 for client "localhost" (last ? true): will start 60 users

=INFO REPORT==== 7-Dec-2019::03:13:12 ===
    ts_config_server:(5:<0.102.0>) New arrival phase 3 for client "localhost" (last ? true): will start 120 users

=INFO REPORT==== 7-Dec-2019::03:13:12 ===
    ts_config_server:(5:<0.102.0>) New arrival phase 4 for client "localhost" (last ? true): will start 240 users

=INFO REPORT==== 7-Dec-2019::03:13:12 ===
    ts_config_server:(5:<0.102.0>) New arrival phase 5 for client "localhost" (last ? true): will start 480 users

=INFO REPORT==== 7-Dec-2019::03:13:12 ===
    ts_config_server:(5:<0.102.0>) New arrival phase 6 for client "localhost" (last ? true): will start 960 users

=INFO REPORT==== 7-Dec-2019::03:13:12 ===
         ts_launcher:(5:<0.155.0>) Expected duration of first phase: 15.0 sec (30 users) 

=INFO REPORT==== 7-Dec-2019::03:13:12 ===
         ts_launcher:(5:<0.155.0>) Activate launcher (30 users) in 1151 msec 

=INFO REPORT==== 7-Dec-2019::03:13:28 ===
         ts_launcher:(5:<0.155.0>) Wait for all sessions to finish before starting next phase (still 25 sessions active)
=INFO REPORT==== 7-Dec-2019::03:13:33 ===
         ts_launcher:(5:<0.155.0>) Wait for all sessions to finish before starting next phase (still 20 sessions active)
=INFO REPORT==== 7-Dec-2019::03:13:38 ===
         ts_launcher:(5:<0.155.0>) Wait for all sessions to finish before starting next phase (still 12 sessions active)
=INFO REPORT==== 7-Dec-2019::03:13:43 ===
         ts_launcher:(5:<0.155.0>) Wait for all sessions to finish before starting next phase (still 5 sessions active)
=INFO REPORT==== 7-Dec-2019::03:13:48 ===
         ts_launcher:(5:<0.155.0>) Wait for all sessions to finish before starting next phase (still 2 sessions active)
=INFO REPORT==== 7-Dec-2019::03:13:53 ===
         ts_launcher:(5:<0.155.0>) Start a new arrival phase (60 users, 0.004); expected duration=15.0 sec

=INFO REPORT==== 7-Dec-2019::03:14:08 ===
         ts_launcher:(5:<0.155.0>) Phase duration exceeded, but not all users were launched (1 users, 1.7% of phase)

=INFO REPORT==== 7-Dec-2019::03:14:08 ===
         ts_launcher:(5:<0.155.0>) Wait for all sessions to finish before starting next phase (still 52 sessions active)
=INFO REPORT==== 7-Dec-2019::03:14:13 ===
         ts_launcher:(5:<0.155.0>) Wait for all sessions to finish before starting next phase (still 41 sessions active)
=INFO REPORT==== 7-Dec-2019::03:14:18 ===
         ts_launcher:(5:<0.155.0>) Wait for all sessions to finish before starting next phase (still 31 sessions active)
=INFO REPORT==== 7-Dec-2019::03:14:23 ===
         ts_launcher:(5:<0.155.0>) Wait for all sessions to finish before starting next phase (still 14 sessions active)
=INFO REPORT==== 7-Dec-2019::03:14:28 ===
         ts_launcher:(5:<0.155.0>) Wait for all sessions to finish before starting next phase (still 3 sessions active)
=INFO REPORT==== 7-Dec-2019::03:14:33 ===
         ts_launcher:(5:<0.155.0>) Wait for all sessions to finish before starting next phase (still 1 sessions active)
=INFO REPORT==== 7-Dec-2019::03:14:38 ===
         ts_launcher:(5:<0.155.0>) Start a new arrival phase (120 users, 0.008); expected duration=15.0 sec

=INFO REPORT==== 7-Dec-2019::03:14:53 ===
         ts_launcher:(4:<0.155.0>) Need to wait 0.051 sec before changing phase, going to sleep

=INFO REPORT==== 7-Dec-2019::03:14:53 ===
         ts_launcher:(5:<0.155.0>) Waking up

=INFO REPORT==== 7-Dec-2019::03:14:53 ===
         ts_launcher:(5:<0.155.0>) Wait for all sessions to finish before starting next phase (still 112 sessions active)
=INFO REPORT==== 7-Dec-2019::03:14:58 ===
         ts_launcher:(5:<0.155.0>) Wait for all sessions to finish before starting next phase (still 92 sessions active)
=INFO REPORT==== 7-Dec-2019::03:15:03 ===
         ts_launcher:(5:<0.155.0>) Wait for all sessions to finish before starting next phase (still 59 sessions active)
=INFO REPORT==== 7-Dec-2019::03:15:08 ===
         ts_launcher:(5:<0.155.0>) Wait for all sessions to finish before starting next phase (still 31 sessions active)
=INFO REPORT==== 7-Dec-2019::03:15:13 ===
         ts_launcher:(5:<0.155.0>) Wait for all sessions to finish before starting next phase (still 12 sessions active)
=INFO REPORT==== 7-Dec-2019::03:15:18 ===
         ts_launcher:(5:<0.155.0>) Wait for all sessions to finish before starting next phase (still 4 sessions active)
=INFO REPORT==== 7-Dec-2019::03:15:23 ===
         ts_launcher:(5:<0.155.0>) Start a new arrival phase (240 users, 0.016); expected duration=15.0 sec

=INFO REPORT==== 7-Dec-2019::03:15:39 ===
         ts_launcher:(5:<0.155.0>) Phase duration exceeded, but not all users were launched (20 users, 8.3% of phase)

=INFO REPORT==== 7-Dec-2019::03:15:39 ===
         ts_launcher:(5:<0.155.0>) Wait for all sessions to finish before starting next phase (still 193 sessions active)
=INFO REPORT==== 7-Dec-2019::03:15:44 ===
         ts_launcher:(5:<0.155.0>) Wait for all sessions to finish before starting next phase (still 153 sessions active)
=INFO REPORT==== 7-Dec-2019::03:15:49 ===
         ts_launcher:(5:<0.155.0>) Wait for all sessions to finish before starting next phase (still 91 sessions active)
=INFO REPORT==== 7-Dec-2019::03:15:54 ===
         ts_launcher:(5:<0.155.0>) Wait for all sessions to finish before starting next phase (still 42 sessions active)
=INFO REPORT==== 7-Dec-2019::03:15:59 ===
         ts_launcher:(5:<0.155.0>) Wait for all sessions to finish before starting next phase (still 19 sessions active)
=INFO REPORT==== 7-Dec-2019::03:16:04 ===
         ts_launcher:(5:<0.155.0>) Wait for all sessions to finish before starting next phase (still 6 sessions active)
=INFO REPORT==== 7-Dec-2019::03:16:09 ===
         ts_launcher:(5:<0.155.0>) Wait for all sessions to finish before starting next phase (still 2 sessions active)
=INFO REPORT==== 7-Dec-2019::03:16:14 ===
         ts_launcher:(5:<0.155.0>) Start a new arrival phase (480 users, 0.032); expected duration=15.0 sec

=INFO REPORT==== 7-Dec-2019::03:16:29 ===
         ts_launcher:(4:<0.155.0>) Need to wait 0.184 sec before changing phase, going to sleep

=INFO REPORT==== 7-Dec-2019::03:16:29 ===
         ts_launcher:(5:<0.155.0>) Waking up

=INFO REPORT==== 7-Dec-2019::03:16:29 ===
         ts_launcher:(5:<0.155.0>) Wait for all sessions to finish before starting next phase (still 424 sessions active)
=INFO REPORT==== 7-Dec-2019::03:16:34 ===
         ts_launcher:(5:<0.155.0>) Wait for all sessions to finish before starting next phase (still 348 sessions active)
=INFO REPORT==== 7-Dec-2019::03:16:39 ===
         ts_launcher:(5:<0.155.0>) Wait for all sessions to finish before starting next phase (still 221 sessions active)
=INFO REPORT==== 7-Dec-2019::03:16:44 ===
         ts_launcher:(5:<0.155.0>) Wait for all sessions to finish before starting next phase (still 105 sessions active)
=INFO REPORT==== 7-Dec-2019::03:16:49 ===
         ts_launcher:(5:<0.155.0>) Wait for all sessions to finish before starting next phase (still 38 sessions active)
=INFO REPORT==== 7-Dec-2019::03:16:54 ===
         ts_launcher:(5:<0.155.0>) Wait for all sessions to finish before starting next phase (still 11 sessions active)
=INFO REPORT==== 7-Dec-2019::03:16:59 ===
         ts_launcher:(5:<0.155.0>) Wait for all sessions to finish before starting next phase (still 3 sessions active)
=INFO REPORT==== 7-Dec-2019::03:17:04 ===
         ts_launcher:(5:<0.155.0>) Start a new arrival phase (960 users, 0.064); expected duration=15.0 sec

=INFO REPORT==== 7-Dec-2019::03:17:12 ===
    alarm_handler: {set,{system_memory_high_watermark,[]}}

=INFO REPORT==== 7-Dec-2019::03:17:19 ===
         ts_launcher:(5:<0.155.0>) Phase duration exceeded, but not all users were launched (34 users, 3.5% of phase)

=INFO REPORT==== 7-Dec-2019::03:17:19 ===
         ts_launcher:(5:<0.155.0>) This was the last phase, wait for connected users to finish their session

=INFO REPORT==== 7-Dec-2019::03:18:04 ===
     ts_launcher_mgr:(5:<0.149.0>) No more active users 'tsung_controller@ip-172-31-29-217' "2809"

=INFO REPORT==== 7-Dec-2019::03:18:12 ===
    alarm_handler: {clear,system_memory_high_watermark}
