# stats: dump at 1575688402
stats: users 21 21
stats: {freemem,"tsung_controller@ip-172-31-29-217"} 1 733.40234375 0 733.40234375 733.40234375 0 0
stats: {load,"tsung_controller@ip-172-31-29-217"} 1 0.0 0 0.0 0.0 0 0
stats: {cpu,"tsung_controller@ip-172-31-29-217"} 1 0.6489255121212951 0 0.6489255121212951 0.6489255121212951 0 0
stats: users_count 21 21
stats: finish_users_count 0 0
stats: request 67 68.56973134328358 117.18680011915431 916.487 5.877 0 0
stats: page 67 68.56973134328358 117.18680011915431 916.487 5.877 0 0
stats: connect 21 1.3781904761904764 2.019197875136787 10.377 0.715 0 0
stats: tr_Get_Root 3 50.683 2.5133660033243563 52.547 47.13 0 0
stats: 302 26 26
stats: tr_Initial_Get_Root 11 53.81045454545454 18.83119950007355 102.142 18.382 0 0
stats: 200 41 41
stats: tr_Redirect_Root 7 46.289857142857144 13.84440641485188 62.069 23.283 0 0
stats: size_rcv 173929 173929
stats: tr_Post_New_Comment_On_Post 1 32.525 0 32.525 32.525 0 0
stats: size_sent 31476 31476
stats: tr_Get_Post 1 929.65 0 929.65 929.65 0 0
stats: connected 21 21
stats: tr_Authenticate_User 10 3756.8147 1869.8224851734483 5974.093 533.185 0 0
stats: tr_Get_New_Book 1 57.988 0 57.988 57.988 0 0
stats: tr_Post_New_Book 1 39.015 0 39.015 39.015 0 0
# stats: dump at 1575688412
stats: users 22 25
stats: {freemem,"tsung_controller@ip-172-31-29-217"} 1 729.60546875 0.0 733.40234375 729.60546875 733.40234375 1
stats: {load,"tsung_controller@ip-172-31-29-217"} 1 0.0 0.0 0.0 0.0 0.0 1
stats: {recvpackets,"tsung_controller@ip-172-31-29-217"} 1 478 0 478 478 0 0
stats: {sentpackets,"tsung_controller@ip-172-31-29-217"} 1 293 0 293 293 0 0
stats: {cpu,"tsung_controller@ip-172-31-29-217"} 1 0.3510531594784353 0.0 0.6489255121212951 0.3510531594784353 0.6489255121212951 1
stats: session 8 11493.709499999999 2669.072662357378 16187.206 7141.455 0 0
stats: users_count 9 30
stats: finish_users_count 8 8
stats: request 107 128.21093457943923 256.03457143019637 979.341 5.877 68.56973134328358 67
stats: connect 9 2.550222222222222 2.2433678441019467 10.377 0.715 1.3781904761904764 21
stats: page 107 128.21093457943923 256.03457143019637 979.341 5.877 68.56973134328358 67
stats: tr_Get_Root 0 0 0 52.547 47.13 50.683 3
stats: 302 44 70
stats: tr_Initial_Get_Root 6 25.4815 8.138537926638502 102.142 18.382 53.81045454545454 11
stats: 200 63 104
stats: tr_Redirect_Root 15 37.70013333333334 12.224491116152398 62.069 23.283 46.289857142857144 7
stats: size_rcv 977715 1151644
stats: tr_Post_New_Comment_On_Post 3 38.927 11.594990297537986 53.597 25.247 32.525 1
stats: size_sent 59217 90693
stats: tr_Get_Post 3 935.968 67.28344747410014 986.824 840.892 929.65 1
stats: connected 1 22
stats: tr_Post_New_Post 4 34.757 15.144248264605277 52.583 18.496 0 0
stats: tr_Get_New_Post 4 31.319250000000004 17.61676849446288 61.715 19.856 0 0
stats: tr_Redirect_To_Post 7 912.843 43.640857415958266 968.87 836.206 0 0
stats: tr_Post_New_Comment_On_Comment 3 40.878 18.87607104246008 67.416 25.107 0 0
stats: tr_Redirect_To_New_Post 3 45.123 13.06455941341562 63.59 35.388 0 0
stats: tr_Get_Logout 1 41.024 0 41.024 41.024 0 0
stats: tr_Get_Conversations 2 12.4205 1.2445 13.665 11.176 0 0
stats: tr_Authenticate_User 15 3744.107533333334 2147.3425393457487 10366.388 533.185 3756.8147 10
stats: tr_Get_New_Conversation 2 79.977 1.3149999999999977 81.292 78.662 0 0
stats: tr_Post_New_Conversation 2 51.65 7.420999999999999 59.071 44.229 0 0
stats: tr_Get_New_Book 3 19.917666666666666 12.876780273896975 57.988 10.219 57.988 1
stats: tr_Post_New_Book 2 12.729 0.577 39.015 12.152 39.015 1
stats: tr_Get_Book 4 64.3335 13.078004368021903 79.556 49.089 0 0
stats: tr_Redirect_To_New_Book 2 73.30449999999999 3.195499999999999 76.5 70.109 0 0
# stats: dump at 1575688422
stats: users 7 25
stats: {freemem,"tsung_controller@ip-172-31-29-217"} 1 722.58984375 0.0 733.40234375 722.58984375 731.50390625 2
stats: {load,"tsung_controller@ip-172-31-29-217"} 1 0.0 0.0 0.0 0.0 0.0 2
stats: {recvpackets,"tsung_controller@ip-172-31-29-217"} 1 994.0 0.0 994 478 478.0 1
stats: {sentpackets,"tsung_controller@ip-172-31-29-217"} 1 426.0 0.0 426 293 293.0 1
stats: {cpu,"tsung_controller@ip-172-31-29-217"} 1 1.0 0.0 1.0 0.3510531594784353 0.4999893357998652 2
stats: session 15 15858.449666666666 4396.646713690768 24723.776 7141.455 11493.709499999999 8
stats: users_count 0 30
stats: finish_users_count 15 23
stats: request 76 167.46872368421054 310.3959070116234 1050.744 5.877 105.24564367816092 174
stats: connect 0 0 0 10.377 0.715 1.7298000000000002 30
stats: page 74 171.99931081081084 313.60355876488075 1050.744 5.877 105.24564367816092 174
stats: tr_Get_Root 0 0 0 52.547 47.13 50.683 3
stats: 302 33 103
stats: tr_Initial_Get_Root 0 0 0 102.142 18.382 43.812 17
stats: 200 43 147
stats: tr_Redirect_Root 8 28.467000000000002 12.190453170411672 62.069 22.053 40.43322727272727 22
stats: size_rcv 866483 2018127
stats: tr_Post_New_Comment_On_Post 6 39.87366666666667 19.304921614851366 72.287 19.437 37.3265 4
stats: size_sent 44877 135570
stats: tr_Get_Post 6 928.1194999999999 87.29868117703727 1059.519 796.793 934.3885 4
stats: connected -14 8
stats: tr_Post_New_Post 2 19.3215 0.3934999999999995 52.583 18.496 34.757 4
stats: tr_Get_New_Post 2 21.0105 0.8804999999999987 61.715 19.856 31.319250000000004 4
stats: tr_Redirect_To_Post 5 915.0638000000001 62.05490818106161 1034.513 836.206 912.843 7
stats: tr_Post_New_Comment_On_Comment 4 20.65275 1.379766896073391 67.416 19.817 40.878 3
stats: tr_Redirect_To_New_Post 3 46.61333333333334 11.880812383372144 63.59 35.388 45.123 3
stats: tr_Get_Logout 3 30.899333333333335 12.5049317560002 41.328 13.316 41.024 1
stats: tr_Get_Conversations 1 13.513 0.0 13.665 11.176 12.4205 2
stats: tr_Authenticate_User 5 7782.7501999999995 3141.971464900113 11099.202 533.185 3749.1904000000004 25
stats: tr_Get_New_Conversation 1 118.711 0.0 118.711 78.662 79.977 2
stats: tr_Post_New_Conversation 1 77.081 0.0 77.081 44.229 51.65 2
stats: tr_Redirect_To_New_Conversation 2 35.45399999999999 1.0169999999999977 36.471 34.437 0 0
stats: tr_Get_Login 4 7.43175 0.5325379681299733 8.303 6.901 0 0
stats: tr_Redirect_To_Same_Conversation 2 55.7915 18.349500000000006 74.141 37.442 0 0
stats: tr_Reply_To_Conversation 2 57.6485 3.7154999999999987 61.364 53.933 0 0
stats: tr_Post_Login 4 119.69425000000001 1.419745641831659 122.0 118.129 0 0
stats: tr_Get_New_Book 3 20.562333333333335 13.09475071248866 57.988 10.219 29.43525 4
stats: tr_Post_New_Book 4 18.069 9.438301038852277 39.015 11.438 21.491 3
stats: tr_Get_Book 2 62.8075 15.393499999999996 79.556 47.414 64.3335 4
stats: tr_Redirect_To_New_Book 4 57.76575 12.409941969546026 78.993 47.744 73.30449999999999 2
# stats: dump at 1575688432
stats: users 0 25
stats: {freemem,"tsung_controller@ip-172-31-29-217"} 1 720.421875 0.0 733.40234375 720.421875 728.5325520833334 3
stats: {load,"tsung_controller@ip-172-31-29-217"} 1 0.0 0.0 0.0 0.0 0.0 3
stats: {recvpackets,"tsung_controller@ip-172-31-29-217"} 1 755.0 0.0 994 478 736.0 2
stats: {sentpackets,"tsung_controller@ip-172-31-29-217"} 1 272.0 0.0 426 272 359.5 2
stats: {cpu,"tsung_controller@ip-172-31-29-217"} 1 0.5508262393590386 0.0 1.0 0.3510531594784353 0.6666595571999102 3
stats: session 7 23515.466857142856 4799.264633255285 31676.193 7141.455 14340.279173913043 23
stats: users_count 0 30
stats: finish_users_count 7 30
stats: request 15 512.3938000000002 448.4708646429852 1050.744 5.877 124.16145999999999 250
stats: connect 0 0 0 10.377 0.715 1.7298000000000002 30
stats: page 14 549.0027142857144 442.50997099797956 1050.744 5.877 125.16407661290322 248
stats: tr_Get_Root 0 0 0 52.547 47.13 50.683 3
stats: 302 4 107
stats: tr_Initial_Get_Root 0 0 0 102.142 18.382 43.812 17
stats: 200 11 158
stats: tr_Redirect_Root 0 0 0 62.069 22.053 37.24223333333334 30
stats: size_rcv 485718 2503845
stats: tr_Post_New_Comment_On_Post 0 0 0 72.287 19.437 38.8548 10
stats: size_sent 6911 142481
stats: tr_Get_Post 0 0 0 1059.519 796.793 930.6271 10
stats: connected -8 0
stats: tr_Post_New_Post 0 0 0 52.583 18.496 29.611833333333333 6
stats: tr_Get_New_Post 0 0 0 61.715 19.856 27.883 6
stats: tr_Redirect_To_Post 8 930.1759999999999 78.21657192053357 1046.84 816.851 913.7683333333334 12
stats: tr_Post_New_Comment_On_Comment 3 20.782666666666668 0.5295295606059734 67.416 19.817 29.320714285714285 7
stats: tr_Redirect_To_New_Post 0 0 0 63.59 35.388 45.86816666666667 6
stats: tr_Get_Logout 0 0 0 41.328 13.316 33.4305 4
stats: tr_Get_Conversations 0 0 0 13.665 11.176 12.784666666666666 3
stats: tr_Authenticate_User 0 0 0 11099.202 533.185 4421.450366666667 30
stats: tr_Get_New_Conversation 0 0 0 118.711 78.662 92.88833333333334 3
stats: tr_Post_New_Conversation 0 0 0 77.081 44.229 60.127 3
stats: tr_Redirect_To_New_Conversation 1 36.716 0.0 36.716 34.437 35.45399999999999 2
stats: tr_Get_Login 0 0 0 8.303 6.901 7.43175 4
stats: tr_Redirect_To_Same_Conversation 1 47.352 0.0 74.141 37.442 55.7915 2
stats: tr_Reply_To_Conversation 1 62.96 0.0 62.96 53.933 57.6485 2
stats: tr_Post_Login 0 0 0 122.0 118.129 119.69425000000001 4
stats: tr_Get_New_Book 0 0 0 57.988 10.219 25.632571428571428 7
stats: tr_Post_New_Book 0 0 0 39.015 11.438 19.535571428571426 7
stats: tr_Get_Book 0 0 0 79.556 47.414 63.82483333333334 6
stats: tr_Redirect_To_New_Book 1 51.22 0.0 78.993 47.744 62.94533333333333 6
# stats: dump at 1575688442
stats: users 34 34
stats: {freemem,"tsung_controller@ip-172-31-29-217"} 1 726.8125 0.0 733.40234375 720.421875 726.5048828125 4
stats: {load,"tsung_controller@ip-172-31-29-217"} 1 0.0 0.0 0.0 0.0 0.0 4
stats: {recvpackets,"tsung_controller@ip-172-31-29-217"} 1 201.0 0.0 994 201 742.3333333333334 3
stats: {sentpackets,"tsung_controller@ip-172-31-29-217"} 1 62.0 0.0 426 62 330.3333333333333 3
stats: {cpu,"tsung_controller@ip-172-31-29-217"} 1 0.14992503748125938 0.0 1.0 0.14992503748125938 0.6377012277396923 4
stats: session 1 6643.916 0.0 31676.193 6643.916 16481.1563 30
stats: users_count 35 65
stats: finish_users_count 1 31
stats: request 97 74.22929896907216 186.6942125263897 1050.744 5.877 146.1368754716981 265
stats: tr_Get_Root 4 18.9955 1.164894523122159 52.547 17.862 50.683 3
stats: connect 33 1.7506969696969699 3.4371251684109714 17.418 0.637 1.7298000000000002 30
stats: page 97 74.22929896907216 186.6942125263897 1050.744 5.877 147.8119427480916 262
stats: 302 29 136
stats: tr_Initial_Get_Root 21 22.145047619047624 5.09006596903822 102.142 17.584 43.812 17
stats: 200 68 226
stats: tr_Redirect_Root 6 26.090833333333336 4.523752329525666 62.069 21.822 37.24223333333334 30
stats: size_rcv 475610 2979455
stats: tr_Post_New_Comment_On_Post 2 20.2825 0.9405000000000001 72.287 19.342 38.8548 10
stats: newphase 1 1
stats: tr_Get_Post 2 849.5305000000001 13.786500000000018 1059.519 796.793 930.6271 10
stats: size_sent 40707 183188
stats: tr_Post_New_Post 1 84.209 0.0 84.209 18.496 29.611833333333333 6
stats: connected 32 32
stats: tr_Get_New_Post 1 37.798 0.0 61.715 19.856 27.883 6
stats: tr_Redirect_To_Post 3 871.753 50.2988494765702 1046.84 816.851 920.3314 20
stats: tr_Post_New_Comment_On_Comment 2 21.362000000000002 0.8999999999999995 67.416 19.817 26.759300000000003 10
stats: tr_Redirect_To_New_Post 0 0 0 63.59 35.388 45.86816666666667 6
stats: tr_Get_Logout 0 0 0 41.328 13.316 33.4305 4
stats: tr_Get_Conversations 0 0 0 13.665 11.176 12.784666666666666 3
stats: tr_Authenticate_User 11 2640.7943636363643 967.7385839269602 11099.202 533.185 4421.450366666667 30
stats: tr_Get_New_Conversation 0 0 0 118.711 78.662 92.88833333333334 3
stats: tr_Post_New_Conversation 0 0 0 77.081 44.229 60.127 3
stats: tr_Redirect_To_New_Conversation 0 0 0 36.716 34.437 35.87466666666666 3
stats: tr_Get_Login 0 0 0 8.303 6.901 7.43175 4
stats: tr_Redirect_To_Same_Conversation 0 0 0 74.141 37.442 52.97833333333333 3
stats: tr_Reply_To_Conversation 0 0 0 62.96 53.933 59.419000000000004 3
stats: tr_Post_Login 0 0 0 122.0 118.129 119.69425000000001 4
stats: tr_Get_New_Book 1 10.293 0.0 57.988 10.219 25.632571428571428 7
stats: tr_Post_New_Book 1 14.196 0.0 39.015 11.438 19.535571428571426 7
stats: tr_Get_Book 2 52.441500000000005 2.304499999999999 79.556 47.414 63.82483333333334 6
stats: tr_Redirect_To_New_Book 0 0 0 78.993 47.744 61.270285714285706 7
# stats: dump at 1575688452
stats: users 42 52
stats: {freemem,"tsung_controller@ip-172-31-29-217"} 1 721.97265625 0.0 733.40234375 720.421875 726.56640625 5
stats: {load,"tsung_controller@ip-172-31-29-217"} 1 0.0 0.0 0.0 0.0 0.0 5
stats: {recvpackets,"tsung_controller@ip-172-31-29-217"} 1 818.0 0.0 994 201 607.0 4
stats: {sentpackets,"tsung_controller@ip-172-31-29-217"} 1 495.0 0.0 495 62 263.25 4
stats: {cpu,"tsung_controller@ip-172-31-29-217"} 1 0.5513784461152882 0.0 1.0 0.14992503748125938 0.5401459896880058 5
stats: session 16 11162.669999999996 3440.0237910628803 31676.193 5470.428 16163.825967741936 31
stats: users_count 24 89
stats: finish_users_count 16 47
stats: request 255 86.24155686274509 195.23538606825176 1050.744 5.371 126.86882320441988 362
stats: connect 26 0.8899615384615382 0.1569905633541345 17.418 0.637 1.7407460317460317 63
stats: page 254 86.58165748031497 195.57891095282463 1050.744 5.371 127.93028133704735 359
stats: tr_Get_Root 3 18.883333333333333 0.8684028762939213 52.547 17.668 32.575857142857146 7
stats: 302 111 247
stats: tr_Initial_Get_Root 13 19.804230769230767 3.1296280721233454 102.142 16.771 31.838157894736845 38
stats: 200 144 370
stats: tr_Redirect_Root 37 28.174756756756747 13.76278649583804 88.718 20.734 35.38366666666667 36
stats: size_rcv 1668597 4648052
stats: tr_Post_New_Comment_On_Post 7 19.05142857142857 2.2423388846178867 72.287 15.886 35.75941666666667 12
stats: newphase 0 1
stats: tr_Get_Post 7 850.4457142857143 61.800427274792696 1059.519 737.744 917.111 12
stats: size_sent 143017 326205
stats: tr_Post_New_Post 11 22.087818181818182 11.09994501884976 84.209 15.579 37.41142857142857 7
stats: connected 11 43
stats: tr_Get_New_Post 11 25.187545454545454 11.96708278695155 61.715 18.207 29.29942857142857 7
stats: tr_Redirect_To_Post 7 911.0754285714287 65.50727377683698 1046.84 816.851 913.9950869565218 23
stats: tr_Post_New_Comment_On_Comment 3 20.958333333333332 1.177289636788199 67.416 19.456 25.859750000000002 12
stats: tr_Redirect_To_New_Post 7 33.321 5.51055566293325 63.59 29.065 45.86816666666667 6
stats: tr_Get_Logout 2 11.585 1.0219999999999998 41.328 10.563 33.4305 4
stats: tr_Get_Conversations 4 20.125500000000002 12.807408666471138 42.304 11.176 12.784666666666666 3
stats: tr_Authenticate_User 38 3659.448368421052 2062.2493296254206 11099.202 520.451 3943.7133902439027 41
stats: tr_Get_New_Conversation 3 63.59900000000001 6.387544285560773 118.711 54.568 92.88833333333334 3
stats: tr_Post_New_Conversation 3 35.589 1.390561277566244 77.081 33.73 60.127 3
stats: tr_Redirect_To_New_Conversation 2 46.724000000000004 14.536 61.26 32.188 35.87466666666666 3
stats: tr_Get_Login 2 6.69 0.040000000000000036 8.303 6.65 7.43175 4
stats: tr_Redirect_To_Same_Conversation 1 33.957 0.0 74.141 33.957 52.97833333333333 3
stats: tr_Reply_To_Conversation 1 51.123 0.0 62.96 51.123 59.419000000000004 3
stats: tr_Post_Login 2 120.9795 1.2014999999999958 122.181 118.129 119.69425000000001 4
stats: tr_Get_New_Book 2 10.579 0.052000000000000046 57.988 10.219 23.715125 8
stats: tr_Post_New_Book 2 12.4185 0.9595000000000002 39.015 11.438 18.868125 8
stats: tr_Get_Book 12 49.05374999999999 7.077036787208327 79.556 42.9 60.979 8
stats: tr_Redirect_To_New_Book 2 46.2725 0.410499999999999 78.993 45.862 61.270285714285706 7
# stats: dump at 1575688462
stats: users 17 52
stats: {freemem,"tsung_controller@ip-172-31-29-217"} 1 701.93359375 0.0 733.40234375 701.93359375 725.80078125 6
stats: {load,"tsung_controller@ip-172-31-29-217"} 1 0.0 0.0 0.0 0.0 0.0 6
stats: {recvpackets,"tsung_controller@ip-172-31-29-217"} 1 2051.0 0.0 2051 201 649.2 5
stats: {sentpackets,"tsung_controller@ip-172-31-29-217"} 1 949.0 0.0 949 62 309.6 5
stats: {cpu,"tsung_controller@ip-172-31-29-217"} 1 1.3045659809332664 0.0 1.3045659809332664 0.14992503748125938 0.5420180657592195 6
stats: session 25 16388.05696 3692.564843420101 31676.193 5470.428 14461.304787234041 47
stats: users_count 0 89
stats: finish_users_count 25 72
stats: request 145 206.53319310344813 365.150842905859 1243.797 5.371 110.07797568881684 617
stats: connect 0 0 0 17.418 0.637 1.492202247191011 89
stats: page 143 209.42368531468512 366.935181966882 1243.797 5.371 110.79724632952691 613
stats: tr_Get_Root 0 0 0 52.547 17.668 28.4681 10
stats: 302 58 305
stats: tr_Initial_Get_Root 0 0 0 102.142 16.771 28.770686274509806 51
stats: 200 87 457
stats: tr_Redirect_Root 16 27.739875000000005 8.15501757259756 88.718 20.734 31.729835616438354 73
stats: size_rcv 2225626 6873678
stats: tr_Post_New_Comment_On_Post 9 27.58855555555556 15.362412991245229 72.287 15.758 29.603842105263155 19
stats: newphase 0 1
stats: tr_Get_Post 9 953.307888888889 91.06009228275146 1069.992 737.744 892.550105263158 19
stats: size_sent 82080 408285
stats: tr_Post_New_Post 7 18.48185714285714 3.887807587411534 84.209 15.579 28.047 18
stats: connected -24 19
stats: tr_Get_New_Post 7 27.030571428571427 7.981407821702041 61.715 18.207 26.78661111111111 18
stats: tr_Redirect_To_Post 18 971.1392222222221 136.33741533724154 1243.925 765.473 913.3138333333335 30
stats: tr_Post_New_Comment_On_Comment 11 19.54645454545454 2.068402869305704 67.416 16.063 24.879466666666666 15
stats: tr_Redirect_To_New_Post 9 34.875666666666675 3.9713669351160847 63.59 29.065 39.112 13
stats: tr_Get_Logout 5 11.614 0.5266364970261747 41.328 10.563 26.148666666666667 6
stats: tr_Get_Conversations 3 13.880333333333333 4.432605729766133 42.304 10.58 16.979428571428574 7
stats: tr_Authenticate_User 10 6551.867800000001 2724.0305023983046 11323.518 520.451 3806.978316455696 79
stats: tr_Get_New_Conversation 4 66.31575000000001 14.439942527153631 118.711 52.332 78.24366666666667 6
stats: tr_Post_New_Conversation 3 34.296 1.9120467218838213 77.081 31.596 47.858000000000004 6
stats: tr_Redirect_To_New_Conversation 3 32.394 0.5640023640612389 61.26 31.636 40.2144 5
stats: tr_Get_Login 5 10.467600000000001 5.023893772762318 20.427 6.65 7.1845 6
stats: tr_Redirect_To_Same_Conversation 2 32.9675 1.1265 74.141 31.841 48.223 4
stats: tr_Reply_To_Conversation 2 51.077 2.1310000000000002 62.96 48.946 57.345 4
stats: tr_Post_Login 4 119.60175 2.1687039188187978 123.098 117.413 120.12266666666669 6
stats: tr_Get_New_Book 2 10.383 0.09699999999999998 57.988 10.219 21.0879 10
stats: tr_Post_New_Book 2 13.428 0.23100000000000032 39.015 11.438 17.5782 10
stats: tr_Get_Book 8 54.480625 14.229970211998863 88.765 42.9 53.82384999999999 20
stats: tr_Redirect_To_New_Book 1 54.069 0.0 78.993 45.862 57.93744444444443 9
# stats: dump at 1575688472
stats: users 1 52
stats: {freemem,"tsung_controller@ip-172-31-29-217"} 1 705.55078125 0.0 733.40234375 701.93359375 722.3911830357143 7
stats: {load,"tsung_controller@ip-172-31-29-217"} 1 0.0 0.0 0.0 0.0 0.0 7
stats: {recvpackets,"tsung_controller@ip-172-31-29-217"} 1 1493.0 0.0 2051 201 882.8333333333334 6
stats: {sentpackets,"tsung_controller@ip-172-31-29-217"} 1 534.0 0.0 949 62 416.1666666666667 6
stats: {cpu,"tsung_controller@ip-172-31-29-217"} 1 0.80040020010005 0.0 1.3045659809332664 0.14992503748125938 0.6509534822126548 7
stats: session 16 21502.319562499997 3239.34110820777 31676.193 5470.428 15130.315958333334 72
stats: users_count 0 89
stats: finish_users_count 16 88
stats: request 34 215.10076470588245 349.19535486736453 1243.797 5.371 128.4323149606299 762
stats: connect 0 0 0 17.418 0.637 1.492202247191011 89
stats: page 30 243.79953333333333 362.96927884039377 1243.797 5.371 129.45277645502642 756
stats: tr_Get_Root 0 0 0 52.547 17.668 28.4681 10
stats: 302 10 315
stats: tr_Initial_Get_Root 0 0 0 102.142 16.771 28.770686274509806 51
stats: 200 24 481
stats: tr_Redirect_Root 0 0 0 88.718 20.734 31.012539325842695 89
stats: size_rcv 523436 7397114
stats: tr_Post_New_Comment_On_Post 0 0 0 72.287 15.758 28.956071428571427 28
stats: newphase 0 1
stats: tr_Get_Post 0 0 0 1069.992 737.744 912.0793928571429 28
stats: size_sent 18024 426309
stats: tr_Post_New_Post 3 17.968666666666667 1.3080306656276155 84.209 15.579 25.36876 25
stats: connected -18 1
stats: tr_Get_New_Post 3 25.476333333333333 6.311558409422792 61.715 18.207 26.854920000000003 25
stats: tr_Redirect_To_Post 7 898.598 75.31180405487572 1243.925 765.473 934.9983541666667 48
stats: tr_Post_New_Comment_On_Comment 1 21.464 0.0 67.416 16.063 22.623192307692307 26
stats: tr_Redirect_To_New_Post 6 33.844500000000004 2.098778752036528 63.59 29.065 37.37895454545455 22
stats: tr_Get_Logout 0 0 0 41.328 10.563 19.541999999999998 11
stats: tr_Get_Conversations 0 0 0 42.304 10.58 16.0497 10
stats: tr_Authenticate_User 0 0 0 11323.518 520.451 4115.392865168539 89
stats: tr_Get_New_Conversation 0 0 0 118.711 52.332 73.4725 10
stats: tr_Post_New_Conversation 1 36.545 0.0 77.081 31.596 43.33733333333334 9
stats: tr_Redirect_To_New_Conversation 2 36.922 1.491999999999999 61.26 31.636 37.28175 8
stats: tr_Get_Login 0 0 0 20.427 6.65 8.676818181818183 11
stats: tr_Redirect_To_Same_Conversation 4 35.382000000000005 3.619967472229549 74.141 30.155 43.13783333333333 6
stats: tr_Reply_To_Conversation 4 58.20725 2.9839916533897997 62.96 48.946 55.25566666666666 6
stats: tr_Post_Login 1 119.84 0.0 123.098 117.413 119.9143 10
stats: tr_Get_New_Book 0 0 0 57.988 10.219 19.30375 12
stats: tr_Post_New_Book 0 0 0 39.015 11.438 16.886499999999998 12
stats: tr_Get_Book 0 0 0 88.765 42.9 54.0115 28
stats: tr_Redirect_To_New_Book 2 41.184 3.4570000000000007 78.993 37.727 57.55059999999999 10
# stats: dump at 1575688482
stats: users 28 52
stats: {freemem,"tsung_controller@ip-172-31-29-217"} 1 712.73828125 0.0 733.40234375 701.93359375 720.2861328125 8
stats: {load,"tsung_controller@ip-172-31-29-217"} 1 0.0 0.0 0.0 0.0 0.0 8
stats: {recvpackets,"tsung_controller@ip-172-31-29-217"} 1 344.0 0.0 2051 201 970.0 7
stats: {sentpackets,"tsung_controller@ip-172-31-29-217"} 1 136.0 0.0 949 62 433.0 7
stats: {cpu,"tsung_controller@ip-172-31-29-217"} 1 0.20020020020020018 0.0 1.3045659809332664 0.14992503748125938 0.6696343219485792 8
stats: session 1 29826.316 0.0 31676.193 5470.428 16288.862068181817 88
stats: users_count 28 117
stats: finish_users_count 1 89
stats: request 48 49.390895833333325 120.7721355692956 1243.797 5.371 132.1342336683417 796
stats: page 48 49.390895833333325 120.7721355692956 1243.797 5.371 133.81715648854959 786
stats: connect 27 1.2498148148148152 1.67549738412955 17.418 0.637 1.492202247191011 89
stats: tr_Get_Root 4 20.54975 0.7397919893456533 52.547 17.668 28.4681 10
stats: 302 12 327
stats: tr_Initial_Get_Root 15 22.023000000000003 3.677609676587952 102.142 16.771 28.770686274509806 51
stats: 200 36 517
stats: tr_Redirect_Root 1 27.652 0.0 88.718 20.734 31.012539325842695 89
stats: size_rcv 148374 7545488
stats: tr_Post_New_Comment_On_Post 0 0 0 72.287 15.758 28.956071428571427 28
stats: newphase 1 2
stats: tr_Get_Post 0 0 0 1069.992 737.744 912.0793928571429 28
stats: size_sent 16627 442936
stats: tr_Post_New_Post 0 0 0 84.209 15.579 24.575892857142858 28
stats: connected 26 27
stats: tr_Get_New_Post 0 0 0 61.715 18.207 26.707214285714286 28
stats: tr_Redirect_To_Post 1 831.219 0.0 1243.925 765.473 930.3655818181819 55
stats: tr_Post_New_Comment_On_Comment 1 21.614 0.0 67.416 16.063 22.580259259259257 27
stats: tr_Redirect_To_New_Post 0 0 0 63.59 29.065 36.62157142857143 28
stats: tr_Get_Logout 0 0 0 41.328 10.563 19.541999999999998 11
stats: tr_Get_Conversations 0 0 0 42.304 10.58 16.0497 10
stats: tr_Authenticate_User 4 2031.69075 833.1859036380702 11323.518 520.451 4115.392865168539 89
stats: tr_Get_New_Conversation 0 0 0 118.711 52.332 73.4725 10
stats: tr_Post_New_Conversation 0 0 0 77.081 31.596 42.658100000000005 10
stats: tr_Redirect_To_New_Conversation 0 0 0 61.26 31.636 37.2098 10
stats: tr_Get_Login 0 0 0 20.427 6.65 8.676818181818183 11
stats: tr_Redirect_To_Same_Conversation 0 0 0 74.141 30.155 40.0355 10
stats: tr_Reply_To_Conversation 0 0 0 62.96 48.946 56.4363 10
stats: tr_Post_Login 0 0 0 123.098 117.413 119.90754545454546 11
stats: tr_Get_New_Book 0 0 0 57.988 10.219 19.30375 12
stats: tr_Post_New_Book 0 0 0 39.015 11.438 16.886499999999998 12
stats: tr_Get_Book 0 0 0 88.765 42.9 54.0115 28
stats: tr_Redirect_To_New_Book 0 0 0 78.993 37.727 54.822833333333314 12
# stats: dump at 1575688492
stats: users 106 106
stats: {freemem,"tsung_controller@ip-172-31-29-217"} 1 717.59765625 0.0 733.40234375 701.93359375 719.4474826388889 9
stats: {load,"tsung_controller@ip-172-31-29-217"} 1 0.0 0.0 0.0 0.0 0.0 9
stats: {recvpackets,"tsung_controller@ip-172-31-29-217"} 1 405.0 0.0 2051 201 891.75 8
stats: {sentpackets,"tsung_controller@ip-172-31-29-217"} 1 321.0 0.0 949 62 395.875 8
stats: {cpu,"tsung_controller@ip-172-31-29-217"} 1 0.3001500750375188 0.0 1.3045659809332664 0.14992503748125938 0.6174749750876481 9
stats: session 5 10384.680400000001 2714.510199877878 31676.193 4960.962 16440.968292134832 89
stats: users_count 83 200
stats: finish_users_count 5 94
stats: request 361 63.58661772853187 161.13010694519397 1243.797 5.154 127.42845142180094 844
stats: connect 84 0.8755595238095241 0.19891702931663288 17.418 0.62 1.4357844827586206 116
stats: page 361 63.58661772853187 161.13010694519397 1243.797 5.154 128.9580911270983 834
stats: tr_Get_Root 7 17.527000000000005 1.1881521066645595 52.547 15.669 26.205714285714286 14
stats: 302 132 459
stats: tr_Initial_Get_Root 59 19.40715254237287 5.764230572710888 102.142 13.942 27.237121212121213 66
stats: 200 229 746
stats: tr_Redirect_Root 40 23.407124999999997 3.4799393255306907 88.718 19.569 30.9752 90
stats: size_rcv 1658533 9204021
stats: tr_Post_New_Comment_On_Post 8 19.208250000000003 1.8532982591854996 72.287 15.758 28.956071428571427 28
stats: newphase 0 2
stats: tr_Get_Post 8 911.825125 78.96692780752825 1069.992 737.744 912.0793928571429 28
stats: size_sent 172444 615380
stats: tr_Post_New_Post 4 16.0445 1.1871332065105418 84.209 14.369 24.575892857142858 28
stats: connected 79 106
stats: tr_Get_New_Post 4 20.08575 0.4053062885029052 61.715 18.207 26.707214285714286 28
stats: tr_Redirect_To_Post 4 891.81425 57.59135582001432 1243.925 765.473 928.5951071428572 56
stats: tr_Post_New_Comment_On_Comment 2 19.36 0.2109999999999994 67.416 16.063 22.545749999999998 28
stats: tr_Redirect_To_New_Post 2 28.7725 0.4355000000000002 63.59 28.337 36.62157142857143 28
stats: tr_Get_Logout 2 26.7455 12.0955 41.328 10.563 19.541999999999998 11
stats: tr_Get_Conversations 3 27.814333333333334 22.741060842058847 59.971 10.58 16.0497 10
stats: tr_Authenticate_User 51 3493.4784705882353 2023.3614637794358 11323.518 520.451 4025.7712688172037 93
stats: tr_Get_New_Conversation 3 61.748333333333335 4.308069198866496 118.711 52.332 73.4725 10
stats: tr_Post_New_Conversation 2 29.8445 0.46950000000000003 77.081 29.375 42.658100000000005 10
stats: tr_Redirect_To_New_Conversation 1 42.489 0.0 61.26 31.636 37.2098 10
stats: tr_Get_Login 0 0 0 20.427 6.65 8.676818181818183 11
stats: tr_Redirect_To_Same_Conversation 0 0 0 74.141 30.155 40.0355 10
stats: tr_Reply_To_Conversation 0 0 0 62.96 48.946 56.4363 10
stats: tr_Post_Login 0 0 0 123.098 117.413 119.90754545454546 11
stats: tr_Get_New_Book 8 9.517624999999999 0.689649899858616 57.988 8.403 19.30375 12
stats: tr_Post_New_Book 3 11.935000000000002 1.0412386854127154 39.015 10.476 16.886499999999998 12
stats: tr_Get_Book 8 43.98125 2.755259368462431 88.765 40.923 54.0115 28
stats: tr_Redirect_To_New_Book 2 42.105999999999995 1.102000000000002 78.993 37.727 54.822833333333314 12
# stats: dump at 1575688502
stats: users 68 112
stats: {freemem,"tsung_controller@ip-172-31-29-217"} 1 684.1328125 0.0 733.40234375 684.1328125 719.2625 10
stats: {load,"tsung_controller@ip-172-31-29-217"} 1 0.0 0.0 0.0 0.0 0.0 10
stats: {recvpackets,"tsung_controller@ip-172-31-29-217"} 1 2498.0 0.0 2498 201 837.6666666666666 9
stats: {sentpackets,"tsung_controller@ip-172-31-29-217"} 1 1481.0 0.0 1481 62 387.55555555555554 9
stats: {cpu,"tsung_controller@ip-172-31-29-217"} 1 1.6574585635359116 0.0 1.6574585635359116 0.14992503748125938 0.5857424850826353 10
stats: session 47 13465.759765957448 3345.8542347754765 31676.193 4960.962 16118.825319148937 94
stats: users_count 9 209
stats: finish_users_count 47 141
stats: request 450 95.34450666666663 224.82524973717534 1243.797 5.154 108.30239170124482 1205
stats: connect 9 0.8192222222222222 0.09188613458185659 17.418 0.613 1.20049 200
stats: page 446 96.2005067264573 225.71054687878834 1243.797 5.154 109.20988870292885 1195
stats: tr_Get_Root 1 16.564 0.0 52.547 15.669 23.312809523809523 21
stats: 302 196 655
stats: tr_Initial_Get_Root 4 17.122 1.0690100560799238 102.142 13.942 23.541375999999996 125
stats: 200 254 1000
stats: tr_Redirect_Root 69 23.760999999999996 6.836016511034068 88.718 18.192 28.646561538461537 130
stats: size_rcv 3559763 12763784
stats: tr_Post_New_Comment_On_Post 14 18.900000000000002 3.4619719401355225 72.287 15.758 26.78988888888889 36
stats: newphase 0 2
stats: tr_Get_Post 14 915.2932857142857 97.2041733991092 1171.938 729.695 912.0228888888889 36
stats: size_sent 269883 885263
stats: tr_Post_New_Post 28 16.007499999999997 1.4506044183620255 84.209 13.458 23.50946875 32
stats: connected -37 69
stats: tr_Get_New_Post 28 22.599107142857147 7.601146808867 61.715 17.769 25.87953125 32
stats: tr_Redirect_To_Post 16 936.8431875000001 77.75824458153839 1243.925 765.473 926.14305 60
stats: tr_Post_New_Comment_On_Comment 8 18.869375 1.0438333125432435 67.416 16.063 22.333366666666667 30
stats: tr_Redirect_To_New_Post 21 33.225476190476186 8.938445063555239 71.381 27.605 36.0983 30
stats: tr_Get_Logout 6 13.187833333333336 4.276968763687146 41.328 10.302 20.650230769230767 13
stats: tr_Get_Conversations 6 11.294666666666666 0.21086778374664608 59.971 10.58 18.764615384615386 13
stats: tr_Authenticate_User 60 5015.302133333335 2766.857468433381 13755.629 520.451 3837.250902777777 144
stats: tr_Get_New_Conversation 6 76.43649999999998 22.924522392334953 122.788 52.332 70.76692307692306 13
stats: tr_Post_New_Conversation 6 34.54316666666667 2.894189317504221 77.081 29.375 40.5225 12
stats: tr_Redirect_To_New_Conversation 4 30.65475 1.7153436062491974 61.26 29.356 37.689727272727275 11
stats: tr_Get_Login 8 8.424874999999998 3.788709062381935 20.427 6.467 8.676818181818183 11
stats: tr_Redirect_To_Same_Conversation 4 33.362 4.5828552780990135 74.141 29.331 40.0355 10
stats: tr_Reply_To_Conversation 4 46.75 2.5168445522121536 62.96 43.771 56.4363 10
stats: tr_Post_Login 7 122.42399999999999 0.9943582280618465 123.65 117.413 119.90754545454546 11
stats: tr_Get_New_Book 11 10.270909090909091 2.121852983277736 57.988 8.403 15.3893 20
stats: tr_Post_New_Book 11 13.035363636363634 3.0868748324810573 39.015 10.476 15.896199999999999 15
stats: tr_Get_Book 28 43.47514285714284 5.324503060073748 88.765 36.838 51.782555555555554 36
stats: tr_Redirect_To_New_Book 9 48.78833333333333 13.256295452014909 78.993 37.727 53.00614285714284 14
# stats: dump at 1575688512
stats: users 13 112
stats: {freemem,"tsung_controller@ip-172-31-29-217"} 1 664.6640625 0.0 733.40234375 664.6640625 716.0688920454545 11
stats: {load,"tsung_controller@ip-172-31-29-217"} 1 0.0 0.0 0.0 0.0 0.0 11
stats: {recvpackets,"tsung_controller@ip-172-31-29-217"} 1 3550.0 0.0 3550 201 1003.7 10
stats: {sentpackets,"tsung_controller@ip-172-31-29-217"} 1 1506.0 0.0 1506 62 496.9 10
stats: {cpu,"tsung_controller@ip-172-31-29-217"} 1 10.489157841654059 0.0 10.489157841654059 0.14992503748125938 0.6831712194874785 11
stats: session 55 19686.179036363632 4472.980907748755 32288.451 4960.962 15234.470134751773 141
stats: users_count 0 209
stats: finish_users_count 55 196
stats: request 175 273.76601714285727 426.27812972496145 1310.945 5.154 104.77909969788519 1655
stats: page 172 278.54323255813944 428.50806529998005 1310.945 5.154 105.67412736136498 1641
stats: connect 0 0 0 17.418 0.613 1.1840717703349282 209
stats: tr_Get_Root 0 0 0 52.547 15.669 23.006045454545458 22
stats: 302 61 716
stats: tr_Initial_Get_Root 0 0 0 102.142 13.942 23.342325581395343 129
stats: 200 114 1114
stats: tr_Redirect_Root 10 27.5762 6.127301654072534 88.718 18.192 26.952572864321606 199
stats: size_rcv 3122706 15886490
stats: tr_Post_New_Comment_On_Post 8 20.124875000000003 4.308387414030333 72.287 15.758 24.58072 50
stats: newphase 0 2
stats: tr_Get_Post 8 1041.6748750000002 122.41066887269012 1210.761 729.695 912.9386 50
stats: size_sent 94225 979488
stats: tr_Post_New_Post 7 21.09314285714286 9.57545425149371 84.209 13.458 20.00855 60
stats: connected -53 16
stats: tr_Get_New_Post 7 24.020857142857146 11.887402256513543 61.715 17.672 24.348666666666666 60
stats: tr_Redirect_To_Post 36 999.2446666666668 105.14597622221324 1319.466 765.473 928.3957105263157 76
stats: tr_Post_New_Comment_On_Comment 19 25.29757894736842 13.789374274249946 69.265 16.063 21.604105263157894 38
stats: tr_Redirect_To_New_Post 16 30.730500000000003 3.490315154108582 71.381 26.438 34.91537254901961 51
stats: tr_Get_Logout 1 11.381 0.0 41.328 10.302 18.293684210526315 19
stats: tr_Get_Conversations 3 11.519666666666666 0.5298989421473577 59.971 10.58 16.405684210526317 19
stats: tr_Authenticate_User 5 9390.8912 3227.0347367526983 14708.639 520.451 4183.73655882353 204
stats: tr_Get_New_Conversation 2 69.676 1.1219999999999999 122.788 52.332 72.55731578947366 19
stats: tr_Post_New_Conversation 3 35.403 1.9088773314874563 77.081 29.375 38.52938888888889 18
stats: tr_Redirect_To_New_Conversation 4 34.85775 6.040994759764321 61.26 28.7 35.81373333333333 15
stats: tr_Get_Login 1 6.213 0.0 20.427 6.213 8.570736842105262 19
stats: tr_Redirect_To_Same_Conversation 3 33.65033333333333 1.128024920922506 74.141 29.331 38.12878571428571 14
stats: tr_Reply_To_Conversation 3 58.359 14.480444767570733 78.47 43.771 53.66878571428572 14
stats: tr_Post_Login 2 120.7795 0.38349999999999795 123.65 117.413 120.88616666666667 18
stats: tr_Get_New_Book 8 14.963625 9.944199778482682 57.988 8.403 13.57309677419355 31
stats: tr_Post_New_Book 12 11.578333333333333 0.753738497240404 39.015 10.044 14.685846153846153 26
stats: tr_Get_Book 4 40.471999999999994 4.2707803151180705 88.765 35.025 48.148062499999995 64
stats: tr_Redirect_To_New_Book 12 45.61933333333332 6.252281934533095 78.993 37.727 51.35569565217389 23
# stats: dump at 1575688522
stats: users 3 112
stats: {freemem,"tsung_controller@ip-172-31-29-217"} 1 682.8359375 0.0 733.40234375 664.6640625 711.78515625 12
stats: {load,"tsung_controller@ip-172-31-29-217"} 1 0.0 0.0 0.0 0.0 0.0 12
stats: {recvpackets,"tsung_controller@ip-172-31-29-217"} 1 2007.0 0.0 3550 201 1235.1818181818182 11
stats: {sentpackets,"tsung_controller@ip-172-31-29-217"} 1 700.0 0.0 1506 62 588.6363636363636 11
stats: {cpu,"tsung_controller@ip-172-31-29-217"} 1 0.9027081243731194 0.0 10.489157841654059 0.14992503748125938 1.5003367713346936 12
stats: session 10 25982.3289 2868.0883684947175 32288.451 4960.962 16483.674163265307 196
stats: users_count 0 209
stats: finish_users_count 10 206
stats: request 32 158.32409374999997 317.08572594975783 1310.945 5.154 120.93905081967212 1830
stats: 302 11 727
stats: connect 0 0 0 17.418 0.613 1.1840717703349282 209
stats: page 27 187.6719629629629 338.22251504840017 1310.945 5.154 122.0742851627137 1813
stats: tr_Get_Root 0 0 0 52.547 15.669 23.006045454545458 22
stats: 200 21 1135
stats: tr_Initial_Get_Root 0 0 0 102.142 13.942 23.342325581395343 129
stats: size_rcv 439264 16325754
stats: tr_Redirect_Root 0 0 0 88.718 18.192 26.982411483253586 209
stats: newphase 0 2
stats: tr_Post_New_Comment_On_Post 0 0 0 72.287 15.758 23.966120689655174 58
stats: size_sent 16976 996464
stats: tr_Get_Post 0 0 0 1210.761 729.695 930.6953275862069 58
stats: connected -13 3
stats: tr_Post_New_Post 2 18.773 2.8330000000000015 84.209 13.458 20.12186567164179 67
stats: tr_Get_New_Post 2 40.3125 6.936500000000002 61.715 17.672 24.314417910447762 67
stats: tr_Redirect_To_Post 4 988.40475 123.13922087494093 1319.466 765.473 951.1685892857142 112
stats: tr_Post_New_Comment_On_Comment 1 19.636 0.0 69.265 16.063 22.83526315789474 57
stats: tr_Redirect_To_New_Post 0 0 0 71.381 26.438 33.916 67
stats: tr_Get_Logout 0 0 0 41.328 10.302 17.948050000000002 20
stats: tr_Get_Conversations 0 0 0 59.971 10.58 15.739409090909094 22
stats: tr_Authenticate_User 0 0 0 14708.639 520.451 4308.309636363637 209
stats: tr_Get_New_Conversation 1 71.038 0.0 122.788 52.332 72.28290476190475 21
stats: tr_Post_New_Conversation 1 39.822 0.0 77.081 29.375 38.08276190476191 21
stats: tr_Redirect_To_New_Conversation 3 36.74166666666667 4.373774139370049 61.26 28.7 35.61247368421053 19
stats: tr_Get_Login 0 0 0 20.427 6.213 8.45285 20
stats: tr_Redirect_To_Same_Conversation 5 34.2016 3.3858042235191315 74.141 29.331 37.338470588235296 17
stats: tr_Reply_To_Conversation 5 58.9302 7.432952290981023 78.47 43.771 54.4964705882353 17
stats: tr_Post_Login 0 0 0 123.65 117.413 120.87550000000002 20
stats: tr_Get_New_Book 1 9.008 0.0 57.988 8.403 13.858333333333334 39
stats: tr_Post_New_Book 2 13.509 0.7349999999999999 39.015 10.044 13.704526315789472 38
stats: tr_Get_Book 1 58.559 0.0 88.765 35.025 47.6965294117647 68
stats: tr_Redirect_To_New_Book 4 49.5935 1.1956171000784481 78.993 37.727 49.38894285714284 35
# stats: dump at 1575688532
stats: users 126 127
stats: {freemem,"tsung_controller@ip-172-31-29-217"} 1 693.75 0.0 733.40234375 664.6640625 709.5582932692307 13
stats: {load,"tsung_controller@ip-172-31-29-217"} 1 0.0 0.0 0.0 0.0 0.0 13
stats: {recvpackets,"tsung_controller@ip-172-31-29-217"} 1 318.0 0.0 3550 201 1299.5 12
stats: {sentpackets,"tsung_controller@ip-172-31-29-217"} 1 125.0 0.0 1506 62 597.9166666666666 12
stats: {cpu,"tsung_controller@ip-172-31-29-217"} 1 0.1500750375187594 0.0 10.489157841654059 0.14992503748125938 1.454365336953034 13
stats: session 7 17298.806428571428 12716.331398252494 34294.599 4489.433 16944.77390776699 206
stats: users_count 130 339
stats: finish_users_count 7 213
stats: request 375 53.263093333333316 126.7912601908479 1310.945 4.676 121.58154350161115 1862
stats: connect 126 1.1400555555555554 1.0397306985392945 17.418 0.613 1.1840717703349282 209
stats: page 375 53.263093333333316 126.7912601908479 1310.945 4.676 123.03685978260866 1840
stats: tr_Get_Root 9 17.899111111111107 1.7857745561610239 52.547 15.216 23.006045454545458 22
stats: 302 134 861
stats: tr_Initial_Get_Root 71 19.83483098591549 4.09335444584531 102.142 13.942 23.342325581395343 129
stats: 200 241 1376
stats: tr_Redirect_Root 29 24.329551724137925 7.8043226818979425 88.718 18.192 26.982411483253586 209
stats: size_rcv 1108010 17433764
stats: tr_Post_New_Comment_On_Post 4 17.293 1.4823339704668432 72.287 15.613 23.966120689655174 58
stats: newphase 1 3
stats: tr_Get_Post 4 1007.14825 18.414875473038038 1210.761 729.695 930.6953275862069 58
stats: size_sent 169566 1166030
stats: tr_Post_New_Post 3 14.999666666666668 0.5491207112790015 84.209 13.458 20.08276811594203 69
stats: connected 120 123
stats: tr_Get_New_Post 3 19.631666666666668 0.6182698080575794 61.715 17.672 24.77813043478261 69
stats: tr_Redirect_To_Post 2 916.152 11.63900000000001 1319.466 765.473 952.4525948275863 116
stats: tr_Post_New_Comment_On_Comment 1 16.09 0.0 69.265 16.063 22.780103448275863 58
stats: tr_Redirect_To_New_Post 3 35.479 4.786798582211984 71.381 26.438 33.916 67
stats: tr_Get_Logout 1 9.68 0.0 41.328 9.68 17.948050000000002 20
stats: tr_Get_Conversations 0 0 0 59.971 10.58 15.739409090909094 22
stats: tr_Authenticate_User 49 2588.0496938775514 1535.9986894963745 14708.639 520.451 4308.309636363637 209
stats: tr_Get_New_Conversation 0 0 0 122.788 52.332 72.22631818181816 22
stats: tr_Post_New_Conversation 0 0 0 77.081 29.375 38.161818181818184 22
stats: tr_Redirect_To_New_Conversation 0 0 0 61.26 28.7 35.76645454545455 22
stats: tr_Get_Login 1 6.306 0.0 20.427 6.213 8.45285 20
stats: tr_Redirect_To_Same_Conversation 0 0 0 74.141 29.331 36.62554545454545 22
stats: tr_Reply_To_Conversation 0 0 0 78.47 43.771 55.50413636363637 22
stats: tr_Post_Login 1 149.649 0.0 149.649 117.413 120.87550000000002 20
stats: tr_Get_New_Book 3 9.327333333333334 0.1833618159692891 57.988 8.403 13.737075 40
stats: tr_Post_New_Book 1 10.459 0.0 39.015 10.044 13.694749999999999 40
stats: tr_Get_Book 7 44.38214285714285 2.434329560302644 88.765 35.025 47.85395652173913 69
stats: tr_Redirect_To_New_Book 2 50.0595 6.622500000000002 78.993 37.727 49.409923076923064 39
# stats: dump at 1575688542
stats: users 162 195
stats: {freemem,"tsung_controller@ip-172-31-29-217"} 1 671.359375 0.0 733.40234375 664.6640625 708.4291294642857 14
stats: {load,"tsung_controller@ip-172-31-29-217"} 1 0.0 0.0 0.0 0.0 0.0 14
stats: {recvpackets,"tsung_controller@ip-172-31-29-217"} 1 2796.0 0.0 3550 201 1224.0 13
stats: {sentpackets,"tsung_controller@ip-172-31-29-217"} 1 2133.0 0.0 2133 62 561.5384615384615 13
stats: {cpu,"tsung_controller@ip-172-31-29-217"} 1 3.7055583375062593 0.0 10.489157841654059 0.14992503748125938 1.3612017441363002 14
stats: session 54 11224.14396296296 2676.0879835812784 34294.599 4489.433 16956.40877934272 213
stats: users_count 90 429
stats: finish_users_count 54 267
stats: connect 94 1.1158085106382976 2.3710025946331976 23.496 0.61 1.1675164179104476 335
stats: tr_Get_Root 12 18.887333333333327 6.19016197059675 52.547 14.701 21.523387096774194 31
stats: request 946 135.67579809725174 327.94418192215636 1709.136 4.676 110.12896468484577 2237
stats: page 945 135.8194814814814 328.09165365819547 1709.136 4.676 111.22414537246047 2215
stats: 302 406 1267
stats: tr_Initial_Get_Root 58 20.044172413793103 7.689579169100197 102.142 13.942 22.097164999999997 200
stats: tr_Redirect_Root 136 23.782595588235285 12.18666306349756 143.7 18.127 26.659163865546216 238
stats: tr_Post_New_Comment_On_Post 38 18.817842105263157 6.122654350104923 72.287 15.039 23.53559677419355 62
stats: tr_Get_Post 38 1160.9984736842105 154.06591002259853 1554.038 729.695 935.6277741935484 62
stats: 200 540 1916
stats: tr_Post_New_Post 31 19.07674193548387 12.195104374608535 84.209 13.458 19.870972222222225 72
stats: size_rcv 7467931 24901695
stats: tr_Get_New_Post 31 27.557064516129035 12.551664307933967 61.715 17.672 24.563694444444447 72
stats: newphase 0 3
stats: tr_Redirect_To_Post 43 1222.7274651162786 170.5852065979428 1709.22 765.473 951.8373305084747 118
stats: size_sent 525908 1691938
stats: tr_Post_New_Comment_On_Comment 22 19.07068181818182 2.657698104928803 69.265 15.289 22.66671186440678 59
stats: connected 43 166
stats: tr_Redirect_To_New_Post 17 41.481764705882355 13.157506788362799 74.409 26.438 33.98298571428571 70
stats: tr_Get_Logout 10 14.3488 11.563834993634249 49.005 9.68 17.554333333333336 21
stats: tr_Get_Conversations 11 15.920636363636369 9.921719813096255 59.971 10.183 15.739409090909094 22
stats: tr_Authenticate_User 142 4115.818901408451 2632.4016619014733 14708.639 330.763 3981.593600775195 258
stats: tr_Get_New_Conversation 6 81.706 12.198183607953004 122.788 52.332 72.22631818181816 22
stats: tr_Post_New_Conversation 4 45.458 13.200061496068871 77.081 29.375 38.161818181818184 22
stats: tr_Redirect_To_New_Conversation 1 29.789 0.0 61.26 28.7 35.76645454545455 22
stats: tr_Get_Login 8 11.432625 5.790503819563112 21.069 5.807 8.350619047619048 21
stats: tr_Redirect_To_Same_Conversation 1 26.689 0.0 74.141 26.689 36.62554545454545 22
stats: tr_Reply_To_Conversation 1 43.763 0.0 78.47 43.763 55.50413636363637 22
stats: tr_Post_Login 7 126.18542857142857 1.2388297308511873 149.649 117.413 122.24566666666666 21
stats: tr_Get_New_Book 23 10.540260869565216 2.7942441805688207 57.988 8.363 13.429418604651163 43
stats: tr_Post_New_Book 17 12.85164705882353 6.642104759798539 39.015 9.526 13.61582926829268 41
stats: tr_Get_Book 36 43.24980555555556 8.9161069476022 88.765 35.025 47.53418421052631 76
stats: tr_Redirect_To_New_Book 11 46.10481818181818 10.35056910879943 78.993 35.391 49.44160975609755 41
# stats: dump at 1575688552
stats: users 51 195
stats: {freemem,"tsung_controller@ip-172-31-29-217"} 1 616.1796875 0.0 733.40234375 616.1796875 705.9578125 15
stats: {load,"tsung_controller@ip-172-31-29-217"} 1 0.0 0.0 0.0 0.0 0.0 15
stats: {recvpackets,"tsung_controller@ip-172-31-29-217"} 1 7814.0 0.0 7814 201 1336.2857142857142 14
stats: {sentpackets,"tsung_controller@ip-172-31-29-217"} 1 3480.0 0.0 3480 62 673.7857142857143 14
stats: {cpu,"tsung_controller@ip-172-31-29-217"} 1 7.857857857857859 0.0 10.489157841654059 0.14992503748125938 1.5174921836942976 15
stats: session 111 15858.6855945946 3809.7416214923455 34294.599 4489.433 15797.074322097376 267
stats: users_count 0 429
stats: finish_users_count 111 378
stats: request 529 251.27916824196595 463.3539520310269 1709.136 4.676 117.7215830977066 3183
stats: connect 0 0 0 23.496 0.61 1.15618648018648 429
stats: page 518 256.6179633204635 466.85570245673057 1709.136 4.676 118.57939620253161 3160
stats: tr_Get_Root 0 0 0 52.547 14.701 20.78774418604651 43
stats: 302 195 1462
stats: tr_Initial_Get_Root 0 0 0 102.142 13.942 21.635639534883715 258
stats: 200 334 2250
stats: tr_Redirect_Root 54 24.907148148148146 10.651505241231309 143.7 18.127 25.61313903743315 374
stats: size_rcv 8459419 33361114
stats: tr_Post_New_Comment_On_Post 27 17.535148148148146 1.993503740462333 72.287 15.039 21.742849999999997 100
stats: newphase 0 3
stats: tr_Get_Post 27 1239.0825185185183 131.6829607859755 1701.376 729.695 1021.26864 100
stats: size_sent 297988 1989926
stats: tr_Post_New_Post 26 16.958346153846154 5.555005462451844 84.209 13.458 19.631932038834954 103
stats: connected -113 53
stats: tr_Get_New_Post 26 25.892807692307695 16.39480744255334 105.491 17.672 25.46461165048544 103
stats: tr_Redirect_To_Post 72 1203.7261666666668 132.6989312473709 1709.22 765.473 1024.1868695652172 161
stats: tr_Post_New_Comment_On_Comment 39 18.810641025641022 2.6470453919483217 69.265 15.289 21.690012345679012 81
stats: tr_Redirect_To_New_Post 33 36.283606060606076 4.132907648700919 74.409 26.438 35.44826436781609 87
stats: tr_Get_Logout 8 12.777625000000002 5.506334282839628 49.005 9.68 16.52029032258065 31
stats: tr_Get_Conversations 10 14.797100000000004 8.28048185131759 59.971 10.183 15.799818181818186 33
stats: tr_Authenticate_User 29 6683.249896551725 2983.7346501076677 14708.639 330.763 4029.2435825000007 400
stats: tr_Get_New_Conversation 14 79.59342857142859 18.598121670573864 138.1 52.332 74.25767857142854 28
stats: tr_Post_New_Conversation 14 34.46257142857144 5.132306091449194 77.081 29.193 39.28430769230769 26
stats: tr_Redirect_To_New_Conversation 13 33.39884615384615 13.305656153254489 78.562 24.968 35.506565217391305 23
stats: tr_Get_Login 9 9.353333333333333 4.888083832705363 21.069 5.604 9.200827586206897 29
stats: tr_Redirect_To_Same_Conversation 11 32.16209090909091 4.39458779646356 74.141 26.689 36.19352173913043 23
stats: tr_Reply_To_Conversation 11 50.37909090909091 5.696843471361143 78.47 43.763 54.99365217391305 23
stats: tr_Post_Login 7 123.98671428571429 2.8037242942856104 149.649 117.413 123.23060714285715 28
stats: tr_Get_New_Book 14 11.711428571428572 7.677119323160271 57.988 8.363 12.42259090909091 66
stats: tr_Post_New_Book 22 15.475181818181817 8.899585202981315 39.015 9.526 13.391844827586205 58
stats: tr_Get_Book 21 44.463952380952385 6.224904669196915 88.765 35.025 46.1570625 112
stats: tr_Redirect_To_New_Book 25 44.06508000000001 5.643788953672879 78.993 35.391 48.73574999999999 52
# stats: dump at 1575688562
stats: users 9 195
stats: {freemem,"tsung_controller@ip-172-31-29-217"} 1 620.16796875 0.0 733.40234375 616.1796875 700.3466796875 16
stats: {load,"tsung_controller@ip-172-31-29-217"} 1 0.0 0.0 0.0 0.0 0.0 16
stats: {recvpackets,"tsung_controller@ip-172-31-29-217"} 1 6157.0 0.0 7814 201 1768.1333333333334 15
stats: {sentpackets,"tsung_controller@ip-172-31-29-217"} 1 2130.0 0.0 3480 62 860.8666666666667 15
stats: {cpu,"tsung_controller@ip-172-31-29-217"} 1 5.732801595214357 0.0 10.489157841654059 0.14992503748125938 1.9137650383295202 16
stats: session 42 22500.159952380945 3902.8974956173165 34294.599 4489.433 15815.166521164021 378
stats: users_count 0 429
stats: finish_users_count 42 420
stats: request 99 246.9141717171718 395.7817831309623 1709.136 4.676 136.75497817887933 3712
stats: connect 0 0 0 23.496 0.61 1.15618648018648 429
stats: page 92 265.7121847826085 404.72807443801423 1709.136 4.676 138.0203907014682 3678
stats: tr_Get_Root 0 0 0 52.547 14.701 20.78774418604651 43
stats: 302 32 1494
stats: tr_Initial_Get_Root 0 0 0 102.142 13.942 21.635639534883715 258
stats: 200 67 2317
stats: tr_Redirect_Root 1 23.941 0.0 143.7 18.127 25.524065420560746 428
stats: size_rcv 1683338 35044452
stats: tr_Post_New_Comment_On_Post 1 17.256 0.0 72.287 15.039 20.848299212598423 127
stats: newphase 0 3
stats: tr_Get_Post 1 1111.689 0.0 1701.376 729.695 1067.5755275590552 127
stats: size_sent 52732 2042658
stats: tr_Post_New_Post 6 18.447666666666667 4.3259317942946 84.209 13.458 19.093069767441865 129
stats: connected -44 9
stats: tr_Get_New_Post 6 31.212166666666672 10.126346797943583 105.491 17.672 25.550914728682177 129
stats: tr_Redirect_To_Post 21 977.3944761904762 93.43859725974315 1709.22 765.473 1079.6668240343347 233
stats: tr_Post_New_Comment_On_Comment 6 19.900333333333332 4.149795604069621 69.265 15.289 20.754216666666665 120
stats: tr_Redirect_To_New_Post 12 32.65108333333333 5.880556485264715 74.409 26.438 35.67798333333334 120
stats: tr_Get_Logout 2 11.624500000000001 0.3714999999999997 49.005 9.68 15.752564102564106 39
stats: tr_Get_Conversations 0 0 0 59.971 10.183 15.566627906976747 43
stats: tr_Authenticate_User 0 0 0 14708.639 330.763 4208.651934731935 429
stats: tr_Get_New_Conversation 1 118.906 0.0 138.1 52.332 76.03626190476189 42
stats: tr_Post_New_Conversation 3 33.46966666666666 0.7839665525745076 77.081 29.193 37.596700000000006 40
stats: tr_Redirect_To_New_Conversation 7 30.111428571428576 2.356767753703779 78.562 24.968 34.745444444444445 36
stats: tr_Get_Login 3 11.463333333333333 5.956414376302427 21.069 5.365 9.236947368421053 38
stats: tr_Redirect_To_Same_Conversation 7 32.02657142857142 1.3754664514933386 74.141 26.689 34.88923529411765 34
stats: tr_Reply_To_Conversation 7 49.20842857142856 4.3475646666395065 78.47 43.763 53.500705882352946 34
stats: tr_Post_Login 5 122.19120000000001 3.5808166331159685 149.649 117.413 123.38182857142858 35
stats: tr_Get_New_Book 2 10.932500000000001 1.0065000000000004 57.988 8.363 12.298137500000001 80
stats: tr_Post_New_Book 2 12.788 0.45899999999999963 39.015 9.526 13.964762499999997 80
stats: tr_Get_Book 2 54.317 8.122 88.765 35.025 45.88972932330827 133
stats: tr_Redirect_To_New_Book 4 48.5765 5.390698771958974 78.993 35.391 47.2192987012987 77
# stats: dump at 1575688572
stats: users 0 195
stats: {freemem,"tsung_controller@ip-172-31-29-217"} 1 657.015625 0.0 733.40234375 616.1796875 695.6302849264706 17
stats: {load,"tsung_controller@ip-172-31-29-217"} 1 0.0 0.0 0.0 0.0 0.0 17
stats: {recvpackets,"tsung_controller@ip-172-31-29-217"} 1 1702.0 0.0 7814 201 2042.4375 16
stats: {sentpackets,"tsung_controller@ip-172-31-29-217"} 1 1208.0 0.0 3480 62 940.1875 16
stats: {cpu,"tsung_controller@ip-172-31-29-217"} 1 1.547678482276585 0.0 10.489157841654059 0.14992503748125938 2.13841424755804 17
stats: session 9 30603.318222222228 4889.616200983325 42442.781 4489.433 16483.665864285715 420
stats: users_count 0 429
stats: finish_users_count 9 429
stats: request 13 191.48507692307692 338.01781538243984 1709.136 4.676 139.6166313303595 3811
stats: connect 0 0 0 23.496 0.61 1.15618648018648 429
stats: tr_Get_Root 0 0 0 52.547 14.701 20.78774418604651 43
stats: page 11 226.32500000000002 357.55326399445846 1709.136 4.676 141.1364769230769 3770
stats: 302 5 1499
stats: tr_Initial_Get_Root 0 0 0 102.142 13.942 21.635639534883715 258
stats: 200 8 2325
stats: tr_Redirect_Root 0 0 0 143.7 18.127 25.52037529137529 429
stats: size_rcv 148916 35193368
stats: tr_Post_New_Comment_On_Post 0 0 0 72.287 15.039 20.820234375 128
stats: newphase 0 3
stats: tr_Get_Post 0 0 0 1701.376 729.695 1067.9201640625001 128
stats: size_sent 7618 2050276
stats: tr_Post_New_Post 0 0 0 84.209 13.458 19.064385185185188 135
stats: connected -9 0
stats: tr_Get_New_Post 0 0 0 105.491 17.672 25.80252592592593 135
stats: tr_Redirect_To_Post 2 981.755 33.04399999999998 1709.22 765.473 1071.2112362204723 254
stats: tr_Post_New_Comment_On_Comment 2 21.936999999999998 0.9670000000000014 69.265 15.289 20.713555555555555 126
stats: tr_Redirect_To_New_Post 3 39.37833333333333 7.835064191752924 74.409 26.438 35.402810606060605 132
stats: tr_Get_Logout 0 0 0 49.005 9.68 15.551195121951224 41
stats: tr_Get_Conversations 0 0 0 59.971 10.183 15.566627906976747 43
stats: tr_Authenticate_User 0 0 0 14708.639 330.763 4208.651934731935 429
stats: tr_Get_New_Conversation 0 0 0 138.1 52.332 77.03323255813952 43
stats: tr_Post_New_Conversation 0 0 0 77.081 29.193 37.30876744186047 43
stats: tr_Redirect_To_New_Conversation 0 0 0 78.562 24.968 33.99106976744186 43
stats: tr_Get_Login 0 0 0 21.069 5.365 9.399853658536585 41
stats: tr_Redirect_To_Same_Conversation 2 36.0055 1.3305000000000007 74.141 26.689 34.40048780487805 41
stats: tr_Reply_To_Conversation 2 53.591 4.491 78.47 43.763 52.76787804878049 41
stats: tr_Post_Login 1 117.887 0.0 149.649 117.413 123.23300000000002 40
stats: tr_Get_New_Book 0 0 0 57.988 8.363 12.264829268292685 82
stats: tr_Post_New_Book 0 0 0 39.015 9.526 13.936060975609754 82
stats: tr_Get_Book 0 0 0 88.765 35.025 46.01457777777778 135
stats: tr_Redirect_To_New_Book 1 68.619 0.0 78.993 35.391 47.286320987654314 81
# stats: dump at 1575688582
stats: users 277 277
stats: {freemem,"tsung_controller@ip-172-31-29-217"} 1 667.1796875 0.0 733.40234375 616.1796875 693.4850260416666 18
stats: {load,"tsung_controller@ip-172-31-29-217"} 1 0.0 0.0 0.0 0.0 0.0 18
stats: {recvpackets,"tsung_controller@ip-172-31-29-217"} 1 129.0 0.0 7814 129 2022.4117647058824 17
stats: {sentpackets,"tsung_controller@ip-172-31-29-217"} 1 57.0 0.0 3480 57 955.9411764705883 17
stats: {cpu,"tsung_controller@ip-172-31-29-217"} 1 0.15015015015015015 0.0 10.489157841654059 0.14992503748125938 2.1055955939312927 18
stats: session 6 6564.638833333333 741.3190584836863 42442.781 4489.433 16779.882347319348 429
stats: users_count 283 712
stats: finish_users_count 6 435
stats: connect 280 1.0960535714285708 1.5585306933551555 23.496 0.603 1.15618648018648 429
stats: page 881 49.3018694665153 116.98200459870691 1709.136 4.583 141.38431446707216 3781
stats: request 881 49.3018694665153 116.98200459870691 1709.136 4.583 139.79296234309626 3824
stats: tr_Get_Root 29 19.509896551724136 4.828312015635789 52.547 14.701 20.78774418604651 43
stats: 302 307 1806
stats: tr_Initial_Get_Root 182 20.10296703296704 6.799004321821244 102.142 13.942 21.635639534883715 258
stats: 200 574 2899
stats: tr_Redirect_Root 72 24.647805555555557 14.950630908871453 143.7 18.127 25.52037529137529 429
stats: size_rcv 2531067 37724435
stats: tr_Post_New_Comment_On_Post 10 17.336399999999998 3.015374577063354 72.287 14.641 20.820234375 128
stats: newphase 1 4
stats: tr_Get_Post 10 971.555 118.16316380920075 1701.376 729.695 1067.9201640625001 128
stats: size_sent 391645 2441921
stats: tr_Post_New_Post 8 14.652 0.908020787206989 84.209 13.458 19.064385185185188 135
stats: connected 274 274
stats: tr_Get_New_Post 8 23.014125 6.604817303254875 105.491 17.672 25.80252592592593 135
stats: tr_Redirect_To_Post 2 913.1804999999999 16.766500000000036 1709.22 765.473 1070.512359375 256
stats: tr_Post_New_Comment_On_Comment 1 17.819 0.0 69.265 15.289 20.732671874999998 128
stats: tr_Redirect_To_New_Post 2 27.296 0.9190000000000005 74.409 26.377 35.49115555555556 135
stats: tr_Get_Logout 6 10.223833333333333 0.6222763096531592 49.005 9.637 15.551195121951224 41
stats: tr_Get_Conversations 0 0 0 59.971 10.183 15.566627906976747 43
stats: tr_Authenticate_User 112 2534.924196428571 1347.5561902580876 14708.639 194.826 4208.651934731935 429
stats: tr_Get_New_Conversation 0 0 0 138.1 52.332 77.03323255813952 43
stats: tr_Post_New_Conversation 0 0 0 77.081 29.193 37.30876744186047 43
stats: tr_Redirect_To_New_Conversation 0 0 0 78.562 24.968 33.99106976744186 43
stats: tr_Get_Login 5 7.209999999999999 1.7435128906893693 21.069 5.365 9.399853658536585 41
stats: tr_Redirect_To_Same_Conversation 0 0 0 74.141 26.689 34.475139534883716 43
stats: tr_Reply_To_Conversation 0 0 0 78.47 43.763 52.80616279069768 43
stats: tr_Post_Login 2 125.39150000000001 1.2714999999999925 149.649 117.413 123.10260975609756 41
stats: tr_Get_New_Book 7 11.738714285714286 4.097664167870893 57.988 8.363 12.264829268292685 82
stats: tr_Post_New_Book 6 11.2025 0.6829787087945468 39.015 9.526 13.936060975609754 82
stats: tr_Get_Book 17 41.539941176470585 2.7852108478763364 88.765 35.025 46.01457777777778 135
stats: tr_Redirect_To_New_Book 2 39.6195 1.7005 78.993 35.391 47.546475609756094 82
# stats: dump at 1575688592
stats: users 380 427
stats: {freemem,"tsung_controller@ip-172-31-29-217"} 1 616.234375 0.0 733.40234375 616.1796875 692.1005345394736 19
stats: {load,"tsung_controller@ip-172-31-29-217"} 1 0.0 0.0 0.0 0.0 0.0 19
stats: {recvpackets,"tsung_controller@ip-172-31-29-217"} 1 5586.0 0.0 7814 129 1917.2222222222222 18
stats: {sentpackets,"tsung_controller@ip-172-31-29-217"} 1 3967.0 0.0 3967 57 906.0 18
stats: {cpu,"tsung_controller@ip-172-31-29-217"} 1 5.0 0.0 10.489157841654059 0.14992503748125938 2.002677412679654 19
stats: session 94 11300.258202127661 2925.114398623859 42442.781 3856.862 16638.98243678161 435
stats: users_count 197 909
stats: finish_users_count 94 529
stats: request 1911 124.55199999999994 333.78365331120244 1945.734 4.583 122.8487215727949 4705
stats: connect 200 1.2449750000000004 1.3338020784115607 23.496 0.587 1.1324386459802536 709
stats: tr_Get_Root 26 20.26746153846154 7.37478971398126 52.547 14.701 20.273055555555555 72
stats: page 1909 124.65921477213196 333.94347077675485 1945.734 4.583 123.98306306306303 4662
stats: 302 821 2627
stats: tr_Initial_Get_Root 120 18.88601666666667 5.01149071465323 102.142 13.942 21.001670454545454 440
stats: 200 1090 3989
stats: tr_Redirect_Root 267 23.853310861423232 11.643881761204394 143.704 17.905 25.39497604790419 501
stats: size_rcv 14628272 52352707
stats: tr_Post_New_Comment_On_Post 57 18.286789473684223 4.97543847221191 72.287 14.641 20.56778260869565 138
stats: newphase 0 4
stats: tr_Get_Post 58 1356.9327758620689 183.88577072625202 1907.075 729.695 1060.9371811594203 138
stats: size_sent 1060924 3502845
stats: tr_Post_New_Post 63 18.695761904761905 15.374266831107892 134.197 12.725 18.817538461538465 143
stats: connected 108 382
stats: tr_Get_New_Post 64 29.103843750000006 22.174035537945862 189.018 17.672 25.646531468531474 143
stats: tr_Redirect_To_Post 64 1409.1354531250001 210.1289017110934 1958.552 765.473 1069.2927325581395 258
stats: tr_Post_New_Comment_On_Comment 33 18.282424242424238 2.724000578808988 69.265 14.967 20.710085271317826 129
stats: tr_Redirect_To_New_Post 39 44.16051282051283 27.66774839825827 161.07 24.778 35.371518248175185 137
stats: tr_Get_Logout 26 15.822923076923075 23.07129271147801 128.548 8.718 14.871106382978725 47
stats: tr_Get_Conversations 33 11.42021212121212 1.3508713631775147 59.971 9.689 15.566627906976747 43
stats: tr_Authenticate_User 292 4205.374311643834 2724.968011437245 15167.894 194.826 3862.150073937154 541
stats: tr_Get_New_Conversation 24 118.848125 48.20954107358875 282.176 52.332 77.03323255813952 43
stats: tr_Post_New_Conversation 15 35.680800000000005 11.350326046418227 77.17 29.193 37.30876744186047 43
stats: tr_Redirect_To_New_Conversation 5 36.6558 17.968794165441377 78.562 24.968 33.99106976744186 43
stats: tr_Get_Login 20 6.6682000000000015 0.7316769505731333 21.069 5.365 9.161826086956522 46
stats: tr_Redirect_To_Same_Conversation 1 34.339 0.0 74.141 26.689 34.475139534883716 43
stats: tr_Reply_To_Conversation 2 43.114999999999995 1.5260000000000016 78.47 41.589 52.80616279069768 43
stats: tr_Post_Login 16 127.5695625 1.5901454716766477 149.649 117.413 123.20906976744187 43
stats: tr_Get_New_Book 41 12.175780487804879 8.24811678879309 57.988 8.011 12.223449438202248 89
stats: tr_Post_New_Book 31 12.69538709677419 5.281377940171512 39.015 9.526 13.749681818181815 88
stats: tr_Get_Book 71 44.426408450704244 20.33894594439305 160.956 35.014 45.51412500000001 152
stats: tr_Redirect_To_New_Book 18 39.881777777777785 2.2943393276970347 78.993 35.391 47.35773809523809 84
# stats: dump at 1575688602
stats: users 138 427
stats: {freemem,"tsung_controller@ip-172-31-29-217"} 1 499.65234375 0.0 733.40234375 499.65234375 688.3072265625 20
stats: {load,"tsung_controller@ip-172-31-29-217"} 1 0.16015625 0.0 0.16015625 0.0 0.0 20
stats: {recvpackets,"tsung_controller@ip-172-31-29-217"} 1 15385.0 0.0 15385 129 2110.315789473684 19
stats: {sentpackets,"tsung_controller@ip-172-31-29-217"} 1 7125.0 0.0 7125 57 1067.1052631578948 19
stats: {cpu,"tsung_controller@ip-172-31-29-217"} 1 16.116116116116117 0.0 16.116116116116117 0.14992503748125938 2.152543542045671 20
stats: session 242 16137.439066115701 4165.661705675253 42442.781 3856.862 15690.324444234406 529
stats: users_count 0 909
stats: finish_users_count 242 771
stats: request 1208 252.16249586092698 523.2607991775806 1945.734 4.583 123.34070541112452 6616
stats: connect 0 0 0 23.496 0.587 1.1571991199119909 909
stats: tr_Get_Root 0 0 0 52.547 14.701 20.27157142857143 98
stats: page 1181 257.96830228619797 527.8549339999621 1945.734 4.583 124.17949794551814 6571
stats: 302 457 3084
stats: tr_Initial_Get_Root 0 0 0 102.142 13.942 20.548316071428573 560
stats: 200 751 4740
stats: tr_Redirect_Root 137 24.314240875912425 7.680529571847412 143.704 17.905 24.859006510416673 768
stats: size_rcv 18124401 70477108
stats: tr_Post_New_Comment_On_Post 53 18.83356603773585 5.051764315411915 72.287 14.619 19.901030769230772 195
stats: newphase 0 4
stats: tr_Get_Post 52 1480.113115384615 138.13282385090494 1907.075 729.695 1148.5277142857142 196
stats: size_sent 683461 4186306
stats: tr_Post_New_Post 77 16.845155844155844 4.724507065787248 134.197 12.725 18.780296116504857 206
stats: connected -244 138
stats: tr_Get_New_Post 76 29.106868421052635 12.898290359315581 189.018 17.672 26.715458937198076 207
stats: tr_Redirect_To_Post 130 1496.0564923076925 151.99986831417598 1958.552 765.473 1136.839111801242 322
stats: tr_Post_New_Comment_On_Comment 68 17.823308823529413 2.3131688429088997 69.265 14.302 20.21556172839506 162
stats: tr_Redirect_To_New_Post 80 37.81882499999999 7.933837597239749 161.07 24.778 37.31907954545455 176
stats: tr_Get_Logout 22 10.708499999999999 1.524198798475031 128.548 8.718 15.210109589041098 73
stats: tr_Get_Conversations 20 12.228 5.008048002964828 59.971 9.681 13.766210526315788 76
stats: tr_Authenticate_User 76 6400.290657894736 3395.9727541665884 15167.894 194.826 3982.463972388956 833
stats: tr_Get_New_Conversation 26 125.08565384615385 39.94356288655891 282.176 52.332 92.01170149253731 67
stats: tr_Post_New_Conversation 29 33.651655172413776 4.854412925021023 77.17 27.415 36.88774137931035 58
stats: tr_Redirect_To_New_Conversation 29 29.996241379310348 4.7273813094761366 78.562 24.968 34.26864583333333 48
stats: tr_Get_Login 28 7.613142857142857 3.1065315260671307 21.069 5.213 8.406181818181818 66
stats: tr_Redirect_To_Same_Conversation 28 33.372000000000014 7.85369635904012 74.141 26.186 34.47204545454545 44
stats: tr_Reply_To_Conversation 27 47.763703703703705 8.994655675845705 88.171 41.553 52.37544444444445 45
stats: tr_Post_Login 30 128.47563333333335 5.621477050760084 154.407 117.413 124.39157627118645 59
stats: tr_Get_New_Book 36 10.665083333333333 2.387565023838211 57.988 7.97 12.208415384615387 130
stats: tr_Post_New_Book 43 11.537604651162791 1.3723282904329244 39.015 9.526 13.475033613445374 119
stats: tr_Get_Book 63 43.58368253968255 5.034863629954125 160.956 35.014 45.167811659192836 223
stats: tr_Redirect_To_New_Book 43 42.100488372093025 3.9845543147351004 78.993 35.391 46.038450980392156 102
# stats: dump at 1575688612
stats: users 17 427
stats: {freemem,"tsung_controller@ip-172-31-29-217"} 1 514.91015625 0.0 733.40234375 499.65234375 679.3236607142857 21
stats: {load,"tsung_controller@ip-172-31-29-217"} 1 0.2890625 0.0 0.2890625 0.0 0.007626488095238095 21
stats: {recvpackets,"tsung_controller@ip-172-31-29-217"} 1 14072.0 0.0 15385 129 2774.05 20
stats: {sentpackets,"tsung_controller@ip-172-31-29-217"} 1 4837.0 0.0 7125 57 1370.0 20
stats: {cpu,"tsung_controller@ip-172-31-29-217"} 1 11.791269443050677 0.0 16.116116116116117 0.14992503748125938 2.817475569382359 21
stats: session 121 22371.548355371902 4687.147330873391 42442.781 3856.862 15830.663923476008 771
stats: users_count 0 909
stats: finish_users_count 121 892
stats: request 259 251.1840193050195 456.3475815788196 1945.734 4.583 143.2303683537832 7824
stats: tr_Get_Root 0 0 0 52.547 14.701 20.27157142857143 98
stats: connect 0 0 0 23.496 0.587 1.1571991199119909 909
stats: page 239 272.21795397489507 469.2648072193757 1945.734 4.583 144.56192543859643 7752
stats: 302 86 3170
stats: tr_Initial_Get_Root 0 0 0 102.142 13.942 20.548316071428573 560
stats: 200 173 4913
stats: tr_Redirect_Root 4 24.310499999999998 3.726834883651274 143.704 17.905 24.776539226519343 905
stats: size_rcv 4179586 74656694
stats: tr_Post_New_Comment_On_Post 3 17.182333333333332 0.280381089867978 72.287 14.619 19.67290322580645 248
stats: newphase 0 4
stats: tr_Get_Post 3 1292.1876666666667 47.45704535214516 1907.075 729.695 1218.0536854838708 248
stats: size_sent 137477 4323783
stats: tr_Post_New_Post 9 16.445555555555554 1.2320755849028022 134.197 12.725 18.253773851590108 283
stats: connected -121 17
stats: tr_Get_New_Post 9 25.98188888888889 5.91814423699495 189.018 17.672 27.357674911660784 283
stats: tr_Redirect_To_Post 45 1190.602888888889 168.01542048781943 1958.552 765.473 1240.1538451327433 452
stats: tr_Post_New_Comment_On_Comment 21 18.047476190476196 2.629371147325056 69.265 14.302 19.508286956521736 230
stats: tr_Redirect_To_New_Post 31 31.653903225806456 3.9927598940181612 161.07 24.778 37.47525 256
stats: tr_Get_Logout 5 10.26 0.48004499789082294 128.548 8.718 14.16763157894737 95
stats: tr_Get_Conversations 2 11.652999999999999 0.23800000000000088 59.971 9.681 13.445749999999999 96
stats: tr_Authenticate_User 0 0 0 15167.894 194.826 4184.614498349835 909
stats: tr_Get_New_Conversation 5 84.422 4.705763487469382 282.176 52.332 101.25818279569891 93
stats: tr_Post_New_Conversation 11 34.74981818181818 4.415235849114493 77.17 27.415 35.80904597701149 87
stats: tr_Redirect_To_New_Conversation 18 29.54344444444444 3.119090451864706 78.562 24.968 32.659558441558445 77
stats: tr_Get_Login 6 6.1930000000000005 0.5247986915634097 21.069 5.189 8.16995744680851 94
stats: tr_Redirect_To_Same_Conversation 20 30.873399999999997 1.8352740776243752 74.141 26.186 34.044250000000005 72
stats: tr_Reply_To_Conversation 20 49.928999999999995 7.439496864707988 88.171 41.45 50.64604166666667 72
stats: tr_Post_Login 11 120.94872727272727 2.502849143418506 154.407 117.413 125.76822471910114 89
stats: tr_Get_New_Book 2 9.1625 0.3324999999999996 57.988 7.97 11.87371686746988 166
stats: tr_Post_New_Book 6 12.114333333333335 0.5694048549923761 39.015 9.526 12.960777777777777 162
stats: tr_Get_Book 6 43.53933333333333 2.554743409598875 160.956 35.014 44.81886013986015 286
stats: tr_Redirect_To_New_Book 22 49.2545909090909 17.14133799980485 123.159 35.391 44.87064137931034 145
# stats: dump at 1575688622
stats: users 2 427
stats: {freemem,"tsung_controller@ip-172-31-29-217"} 1 608.734375 0.0 733.40234375 499.65234375 671.8503196022726 22
stats: {load,"tsung_controller@ip-172-31-29-217"} 1 0.23828125 0.0 0.2890625 0.0 0.020419034090909092 22
stats: {recvpackets,"tsung_controller@ip-172-31-29-217"} 1 2638.0 0.0 15385 129 3312.0476190476193 21
stats: {sentpackets,"tsung_controller@ip-172-31-29-217"} 1 1010.0 0.0 7125 57 1535.095238095238 21
stats: {cpu,"tsung_controller@ip-172-31-29-217"} 1 1.900950475237619 0.0 16.116116116116117 0.14992503748125938 3.225375290912737 22
stats: session 15 29747.825466666665 3663.3787496043765 42442.781 3856.862 16717.936363228702 892
stats: users_count 0 909
stats: finish_users_count 15 907
stats: connect 0 0 0 23.496 0.587 1.1571991199119909 909
stats: request 22 251.50649999999996 395.3093362683031 1945.734 4.583 146.68947952492886 8083
stats: page 18 307.42838888888895 417.809894704669 1945.734 4.583 148.37994456263291 7991
stats: tr_Get_Root 0 0 0 52.547 14.701 20.27157142857143 98
stats: 302 4 3174
stats: tr_Initial_Get_Root 0 0 0 102.142 13.942 20.548316071428573 560
stats: 200 18 4931
stats: tr_Redirect_Root 0 0 0 143.704 17.905 24.77448844884489 909
stats: size_rcv 359881 75016575
stats: tr_Post_New_Comment_On_Post 0 0 0 72.287 14.619 19.64313545816733 251
stats: newphase 0 4
stats: tr_Get_Post 0 0 0 1907.075 729.695 1218.939749003984 251
stats: size_sent 11298 4335081
stats: tr_Post_New_Post 0 0 0 134.197 12.725 18.198041095890414 292
stats: connected -15 2
stats: tr_Get_New_Post 0 0 0 189.018 17.672 27.31527054794521 292
stats: tr_Redirect_To_Post 5 976.7747999999999 83.11952612088207 1958.552 765.473 1235.6673400402412 497
stats: tr_Post_New_Comment_On_Comment 0 0 0 69.265 14.302 19.386067729083663 251
stats: tr_Redirect_To_New_Post 5 31.337799999999998 1.096176883536596 161.07 24.778 36.84646341463415 287
stats: tr_Get_Logout 0 0 0 128.548 8.718 13.97225 100
stats: tr_Get_Conversations 0 0 0 59.971 9.681 13.409163265306121 98
stats: tr_Authenticate_User 0 0 0 15167.894 194.826 4184.614498349835 909
stats: tr_Get_New_Conversation 0 0 0 282.176 52.332 100.39919387755101 98
stats: tr_Post_New_Conversation 0 0 0 77.17 27.415 35.690153061224485 98
stats: tr_Redirect_To_New_Conversation 3 37.08266666666667 0.6432606176521473 78.562 24.968 32.069136842105266 95
stats: tr_Get_Login 0 0 0 21.069 5.189 8.05134 100
stats: tr_Redirect_To_Same_Conversation 4 33.82225 1.8437321355066743 74.141 26.186 33.3549347826087 92
stats: tr_Reply_To_Conversation 4 51.045500000000004 3.554044773212625 88.171 41.45 50.49016304347826 92
stats: tr_Post_Login 0 0 0 154.407 117.413 125.23808000000001 100
stats: tr_Get_New_Book 0 0 0 57.988 7.97 11.841440476190478 168
stats: tr_Post_New_Book 0 0 0 39.015 9.526 12.93054761904762 168
stats: tr_Get_Book 0 0 0 160.956 35.014 44.792568493150696 292
stats: tr_Redirect_To_New_Book 1 45.013 0.0 123.159 35.391 45.448167664670656 167
# stats: dump at 1575688632
stats: users 521 521
stats: {freemem,"tsung_controller@ip-172-31-29-217"} 1 619.50390625 0.0 733.40234375 499.65234375 669.106148097826 23
stats: {load,"tsung_controller@ip-172-31-29-217"} 1 0.2109375 0.0 0.2890625 0.0 0.029891304347826088 23
stats: {recvpackets,"tsung_controller@ip-172-31-29-217"} 1 247.0 0.0 15385 129 3281.409090909091 22
stats: {sentpackets,"tsung_controller@ip-172-31-29-217"} 1 94.0 0.0 7125 57 1511.2272727272727 22
stats: {cpu,"tsung_controller@ip-172-31-29-217"} 1 0.25 0.0 16.116116116116117 0.14992503748125938 3.1677916032746887 23
stats: session 2 42105.2825 671.5195000000022 42776.802 3856.862 16933.425157662627 907
stats: users_count 521 1430
stats: finish_users_count 2 909
stats: request 1499 59.83369846564372 167.25054768768825 1945.734 4.153 146.9739921036397 8105
stats: connect 520 1.5747923076923076 4.14601777927865 48.011 0.566 1.1571991199119909 909
stats: page 1497 59.913879759519006 167.36641977641494 1945.734 4.153 148.7374014233986 8009
stats: 302 520 3694
stats: tr_Get_Root 60 21.232483333333338 16.58320475711462 134.695 14.472 20.27157142857143 98
stats: 200 979 5910
stats: tr_Initial_Get_Root 303 20.07022442244226 10.14839476629052 152.892 13.932 20.548316071428573 560
stats: size_rcv 4692321 79708896
stats: tr_Redirect_Root 118 23.802661016949155 12.240518589615299 143.704 17.905 24.77448844884489 909
stats: newphase 1 5
stats: tr_Post_New_Comment_On_Post 22 19.443545454545454 7.162400192719 72.287 14.619 19.64313545816733 251
stats: size_sent 658031 4993112
stats: tr_Get_Post 22 1162.5715000000002 139.18617570844066 1907.075 729.695 1218.939749003984 251
stats: connected 518 520
stats: tr_Post_New_Post 6 16.601666666666663 1.992050674277361 134.197 12.725 18.198041095890414 292
stats: tr_Get_New_Post 6 31.249499999999998 12.247570408724608 189.018 17.672 27.31527054794521 292
stats: tr_Redirect_To_Post 6 1407.6876666666667 116.84075963416568 1958.552 765.473 1233.0887290836652 502
stats: tr_Post_New_Comment_On_Comment 3 21.579333333333334 3.266035347158521 69.265 14.302 19.386067729083663 251
stats: tr_Redirect_To_New_Post 0 0 0 161.07 24.778 36.75213698630137 292
stats: tr_Get_Logout 4 14.25 4.517258073212111 128.548 8.718 13.97225 100
stats: tr_Get_Conversations 5 10.417000000000002 0.5754817112645719 59.971 9.681 13.409163265306121 98
stats: tr_Authenticate_User 193 2500.670922279791 1338.0476940598926 15167.894 194.826 4184.614498349835 909
stats: tr_Get_New_Conversation 1 82.797 0.0 282.176 52.332 100.39919387755101 98
stats: tr_Post_New_Conversation 0 0 0 77.17 27.415 35.690153061224485 98
stats: tr_Redirect_To_New_Conversation 0 0 0 78.562 24.968 32.22261224489796 98
stats: tr_Get_Login 1 6.613 0.0 21.069 5.189 8.05134 100
stats: tr_Redirect_To_Same_Conversation 2 36.795 1.3819999999999997 74.141 26.186 33.37440625 96
stats: tr_Reply_To_Conversation 2 62.875 7.563000000000002 88.171 41.45 50.513302083333336 96
stats: tr_Post_Login 0 0 0 154.407 117.413 125.23808000000001 100
stats: tr_Get_New_Book 9 9.057777777777778 0.909140348262856 57.988 7.35 11.841440476190478 168
stats: tr_Post_New_Book 3 12.030000000000001 1.823798417223424 39.015 9.526 12.93054761904762 168
stats: tr_Get_Book 19 42.92957894736842 5.494075367020746 160.956 35.014 44.792568493150696 292
stats: tr_Redirect_To_New_Book 0 0 0 123.159 35.391 45.44557738095237 168
# stats: dump at 1575688642
stats: users 742 845
stats: {freemem,"tsung_controller@ip-172-31-29-217"} 1 515.31640625 0.0 733.40234375 499.65234375 667.0393880208333 24
stats: {load,"tsung_controller@ip-172-31-29-217"} 1 0.328125 0.0 0.328125 0.0 0.037434895833333336 24
stats: {recvpackets,"tsung_controller@ip-172-31-29-217"} 1 10144.0 0.0 15385 129 3149.478260869565 23
stats: {sentpackets,"tsung_controller@ip-172-31-29-217"} 1 7061.0 0.0 7125 57 1449.608695652174 23
stats: {cpu,"tsung_controller@ip-172-31-29-217"} 1 12.203731719616743 0.0 16.116116116116117 0.14992503748125938 3.0462169531382433 24
stats: session 184 11325.570081521739 3031.8062507249015 42776.802 3856.862 16988.80878217822 909
stats: users_count 405 1835
stats: finish_users_count 184 1093
stats: tr_Get_Root 43 32.8325581395349 46.84998820346944 258.22 14.472 20.636474683544307 158
stats: request 3652 152.09508543264005 463.3186385319313 3109.338 4.153 133.37306538942104 9604
stats: connect 406 1.3228374384236445 1.4600068469970169 48.011 0.566 1.3091574527641705 1429
stats: page 3647 152.30377433507005 463.6082701476132 3109.338 4.153 134.74951883021245 9506
stats: 302 1582 5276
stats: tr_Initial_Get_Root 256 20.707195312499994 14.203117243154427 152.892 13.932 20.380457705677877 863
stats: 200 2070 7980
stats: tr_Redirect_Root 514 26.954881322957206 19.65180497872176 186.655 17.905 24.662827653359304 1027
stats: size_rcv 27767676 107476572
stats: tr_Post_New_Comment_On_Post 110 21.807654545454533 14.397470449818204 137.694 14.619 19.62705128205128 273
stats: newphase 0 5
stats: tr_Get_Post 111 1986.910072072073 426.2222320355049 3126.957 729.695 1214.3972527472527 273
stats: size_sent 2036716 7029828
stats: tr_Post_New_Post 109 18.436926605504585 11.897417779128666 136.754 12.725 18.165899328859062 298
stats: connected 234 754
stats: tr_Get_New_Post 109 32.79573394495413 18.412373822829036 189.018 17.672 27.394483221476516 298
stats: tr_Redirect_To_Post 94 2032.3844787234045 393.85084980970134 3070.022 765.473 1235.1509212598423 508
stats: tr_Post_New_Comment_On_Comment 54 20.76490740740741 8.741284373101392 69.265 14.302 19.41197244094488 254
stats: tr_Redirect_To_New_Post 60 56.012583333333325 28.528966078526622 177.229 24.778 36.75213698630137 292
stats: tr_Get_Logout 53 13.004132075471698 8.658548677981267 128.548 8.718 13.982932692307694 104
stats: tr_Get_Conversations 49 11.957591836734693 1.7634410114176458 59.971 9.645 13.263912621359223 103
stats: tr_Authenticate_User 563 3913.556820603909 2475.7863262773562 15192.454 194.826 3889.6951606170596 1102
stats: tr_Get_New_Conversation 39 157.66171794871798 52.55568202316899 317.499 52.332 100.22139393939393 99
stats: tr_Post_New_Conversation 28 42.933428571428564 23.977711685510556 159.127 27.415 35.690153061224485 98
stats: tr_Redirect_To_New_Conversation 12 33.987500000000004 8.8727838218904 78.562 24.968 32.22261224489796 98
stats: tr_Get_Login 42 7.625523809523808 2.47997421490143 21.069 5.189 8.037099009900992 101
stats: tr_Redirect_To_Same_Conversation 5 38.699400000000004 7.669287909578046 74.141 26.186 33.44421428571429 98
stats: tr_Reply_To_Conversation 5 55.3402 10.027989896285295 88.171 41.45 50.76558163265306 98
stats: tr_Post_Login 33 130.43421212121214 3.95315958602487 154.407 117.413 125.23808000000001 100
stats: tr_Get_New_Book 84 12.8860119047619 14.343672702038056 133.229 7.35 11.699898305084748 177
stats: tr_Post_New_Book 65 16.230984615384607 18.861134747241735 146.128 9.526 12.914748538011697 171
stats: tr_Get_Book 128 49.07418749999999 20.905620470996404 175.525 35.014 44.67875241157557 311
stats: tr_Redirect_To_New_Book 45 49.938644444444435 20.834062021555585 162.971 35.391 45.44557738095237 168
# stats: dump at 1575688652
stats: users 339 845
stats: {freemem,"tsung_controller@ip-172-31-29-217"} 1 279.453125 0.0 733.40234375 279.453125 660.97046875 25
stats: {load,"tsung_controller@ip-172-31-29-217"} 1 0.28125 0.0 0.328125 0.0 0.0490625 25
stats: {recvpackets,"tsung_controller@ip-172-31-29-217"} 1 30474.0 0.0 30474 129 3440.9166666666665 24
stats: {sentpackets,"tsung_controller@ip-172-31-29-217"} 1 13703.0 0.0 13703 57 1683.4166666666667 24
stats: {cpu,"tsung_controller@ip-172-31-29-217"} 1 28.447395301327887 0.0 28.447395301327887 0.14992503748125938 3.4125175437973834 25
stats: session 403 16305.213168734495 4273.530776189931 42776.802 3856.862 16035.436484903936 1093
stats: users_count 0 1835
stats: finish_users_count 403 1496
stats: request 2259 468.346851704294 1027.1373236363443 4132.344 4.153 138.53094236572127 13256
stats: connect 0 0 0 48.011 0.566 1.3121841961852858 1835
stats: page 2212 478.30064059674555 1035.759106950466 4132.344 4.153 139.61687759446514 13153
stats: tr_Get_Root 0 0 0 258.22 14.472 23.245587064676624 201
stats: 302 882 6158
stats: tr_Initial_Get_Root 0 0 0 152.892 13.932 20.455207327971408 1119
stats: 200 1377 9357
stats: tr_Redirect_Root 271 37.466645756457574 29.036450515366678 232.731 17.905 25.427341336794296 1541
stats: size_rcv 36719911 144196483
stats: tr_Post_New_Comment_On_Post 122 26.97972950819672 15.177770465785807 137.694 14.619 20.25333420365535 383
stats: newphase 0 5
stats: tr_Get_Post 121 2850.185735537191 384.22653696445616 3927.943 729.695 1437.7017395833336 384
stats: size_sent 1283373 8313201
stats: tr_Post_New_Post 117 25.256273504273487 16.624664236760527 136.754 12.725 18.23848402948403 407
stats: connected -394 360
stats: tr_Get_New_Post 117 39.5400341880342 24.512507046920504 223.826 17.672 28.841009828009835 407
stats: tr_Redirect_To_Post 214 2942.704392523364 406.0787024586148 4155.397 765.473 1359.6358953488373 602
stats: tr_Post_New_Comment_On_Comment 115 24.342130434782625 10.75225873258973 85.229 14.302 19.649175324675323 308
stats: tr_Redirect_To_New_Post 129 65.46808527131782 18.257510621056742 177.229 24.778 40.03516761363637 352
stats: tr_Get_Logout 43 15.2236511627907 8.961024881386296 128.548 8.718 13.65250955414013 157
stats: tr_Get_Conversations 42 18.666499999999992 12.16591415986641 67.196 9.645 12.842796052631579 152
stats: tr_Authenticate_User 162 6919.960487654318 3753.6608835694583 20319.509 194.826 3897.763697897898 1665
stats: tr_Get_New_Conversation 50 158.69934 50.73253199382423 317.499 52.332 116.45452898550725 138
stats: tr_Post_New_Conversation 56 50.03233928571427 24.137420316711545 159.127 27.415 37.29976984126984 126
stats: tr_Redirect_To_New_Conversation 52 46.27640384615385 27.156195530712566 166.685 24.968 32.41514545454545 110
stats: tr_Get_Login 50 7.713379999999998 1.7728829954624759 21.069 5.189 7.916216783216785 143
stats: tr_Redirect_To_Same_Conversation 47 43.91929787234042 14.613275552707448 85.252 26.186 33.69932038834952 103
stats: tr_Reply_To_Conversation 47 66.4418723404255 23.042856478898326 146.685 41.45 50.987650485436895 103
stats: tr_Post_Login 51 131.37776470588238 4.56865438029596 154.407 117.413 126.52734586466167 133
stats: tr_Get_New_Book 84 14.363678571428569 9.028949566019916 133.229 7.35 12.081636015325671 261
stats: tr_Post_New_Book 94 18.339106382978724 11.649449181086853 146.128 9.526 13.828118644067795 236
stats: tr_Get_Book 96 68.89179166666669 26.610258865205804 186.823 35.014 45.960337129840546 439
stats: tr_Redirect_To_New_Book 84 57.66228571428573 20.60676901938699 162.971 35.391 46.39481690140844 213
# stats: dump at 1575688662
stats: users 47 845
stats: {freemem,"tsung_controller@ip-172-31-29-217"} 1 262.15625 0.0 733.40234375 262.15625 646.2967247596154 26
stats: {load,"tsung_controller@ip-172-31-29-217"} 1 0.46875 0.0 0.46875 0.0 0.057992788461538464 26
stats: {recvpackets,"tsung_controller@ip-172-31-29-217"} 1 29409.0 0.0 30474 129 4522.24 25
stats: {sentpackets,"tsung_controller@ip-172-31-29-217"} 1 9527.0 0.0 13703 57 2164.2 25
stats: {cpu,"tsung_controller@ip-172-31-29-217"} 1 26.065162907268167 0.0 28.447395301327887 0.14992503748125938 4.375397457548557 26
stats: session 292 22986.5000479452 4131.184928287461 42776.802 3856.862 16108.110284090912 1496
stats: users_count 0 1835
stats: finish_users_count 292 1788
stats: request 746 577.7677613941021 889.9657077660823 4132.344 4.153 186.5524788913955 15515
stats: connect 0 0 0 48.011 0.566 1.3121841961852858 1835
stats: page 708 608.7845522598864 903.234414198083 4132.344 4.153 188.37499563944036 15365
stats: tr_Get_Root 0 0 0 258.22 14.472 23.245587064676624 201
stats: 302 244 6402
stats: tr_Initial_Get_Root 0 0 0 152.892 13.932 20.455207327971408 1119
stats: 200 502 9859
stats: tr_Redirect_Root 22 24.001727272727273 4.933719426575177 232.731 17.905 27.227921633554093 1812
stats: size_rcv 18166100 162362583
stats: tr_Post_New_Comment_On_Post 10 18.989399999999996 3.1207762880411645 137.694 14.619 21.878324752475244 505
stats: newphase 0 5
stats: tr_Get_Post 10 2032.3215 301.17735505985496 3927.943 729.695 1776.1384990099016 505
stats: size_sent 388872 8702073
stats: tr_Post_New_Post 27 16.074518518518513 2.1744440306086643 136.754 12.725 19.80543320610687 524
stats: connected -310 50
stats: tr_Get_New_Post 27 33.95948148148147 8.939380011521928 223.826 17.672 31.229914122137412 524
stats: tr_Redirect_To_Post 201 1950.6589154228852 416.6578194338859 4155.397 765.473 1774.8033688725488 816
stats: tr_Post_New_Comment_On_Comment 88 18.164579545454544 4.175636523936938 85.229 14.302 20.925037825059103 423
stats: tr_Redirect_To_New_Post 58 43.76962068965516 10.997390455087103 177.229 24.778 46.85605405405405 481
stats: tr_Get_Logout 7 10.685714285714287 0.5844664757062544 128.548 8.718 13.990305000000003 200
stats: tr_Get_Conversations 7 11.168142857142856 0.7668027178898531 67.196 9.645 14.103597938144329 194
stats: tr_Authenticate_User 7 9978.650428571429 3289.7183800509147 20319.509 194.826 4165.741738368911 1827
stats: tr_Get_New_Conversation 13 143.74569230769228 41.66700625635184 317.499 52.332 127.6898510638298 188
stats: tr_Post_New_Conversation 16 31.946375 3.0039359571027817 159.127 27.415 41.21748351648351 182
stats: tr_Redirect_To_New_Conversation 29 29.49041379310345 5.416743566318977 166.685 24.968 36.86443827160494 162
stats: tr_Get_Login 14 8.329357142857145 5.003592974869486 26.135 5.189 7.863668393782384 193
stats: tr_Redirect_To_Same_Conversation 38 30.88873684210526 5.353418876530214 85.252 26.186 36.90158000000001 150
stats: tr_Reply_To_Conversation 38 51.168868421052636 13.416333486445883 146.685 39.871 55.82997333333333 150
stats: tr_Post_Login 22 126.29409090909088 3.080135075389484 154.407 117.413 127.87175543478264 184
stats: tr_Get_New_Book 14 10.139285714285714 2.8831033485408297 133.229 7.35 12.637263768115941 345
stats: tr_Post_New_Book 27 11.466222222222221 0.8641770794758206 146.128 9.526 15.113066666666667 330
stats: tr_Get_Book 17 44.35835294117647 9.172307971415444 186.823 35.014 50.075140186915895 535
stats: tr_Redirect_To_New_Book 52 44.41926923076923 6.357964236704002 162.971 35.391 49.581575757575756 297
# stats: dump at 1575688672
stats: users 7 845
stats: {freemem,"tsung_controller@ip-172-31-29-217"} 1 472.08984375 0.0 733.40234375 262.15625 632.0692997685185 27
stats: {load,"tsung_controller@ip-172-31-29-217"} 1 0.390625 0.0 0.46875 0.0 0.07320601851851852 27
stats: {recvpackets,"tsung_controller@ip-172-31-29-217"} 1 11088.0 0.0 30474 129 5479.423076923077 26
stats: {sentpackets,"tsung_controller@ip-172-31-29-217"} 1 3423.0 0.0 13703 57 2447.3846153846152 26
stats: {cpu,"tsung_controller@ip-172-31-29-217"} 1 6.215538847117794 0.0 28.447395301327887 0.14992503748125938 5.178722103834469 27
stats: session 40 30967.62135000001 4490.4528113931665 42776.802 3856.862 17231.426733221477 1788
stats: users_count 0 1835
stats: finish_users_count 40 1828
stats: connect 0 0 0 48.011 0.566 1.3121841961852858 1835
stats: request 78 211.97582051282052 396.17593803494077 4132.344 4.153 204.5001205337926 16261
stats: page 67 246.8013432835819 417.97757847101565 4132.344 4.153 206.89362726311208 16073
stats: tr_Get_Root 0 0 0 258.22 14.472 23.245587064676624 201
stats: 302 24 6426
stats: tr_Initial_Get_Root 0 0 0 152.892 13.932 20.455207327971408 1119
stats: 200 54 9913
stats: tr_Redirect_Root 1 23.717 0.0 232.731 17.905 27.189221374045808 1834
stats: size_rcv 1063049 163425632
stats: tr_Post_New_Comment_On_Post 0 0 0 137.694 14.619 21.82222912621359 515
stats: newphase 0 5
stats: tr_Get_Post 0 0 0 3927.943 729.695 1781.1129262135928 515
stats: size_sent 41007 8743080
stats: tr_Post_New_Post 1 17.217 0.0 136.754 12.725 19.622611615245006 551
stats: connected -42 8
stats: tr_Get_New_Post 1 26.339 0.0 223.826 17.672 31.363667876588032 551
stats: tr_Redirect_To_Post 13 1093.6466923076923 100.27739934293389 4155.397 765.473 1809.5594798426744 1017
stats: tr_Post_New_Comment_On_Comment 4 17.941249999999997 1.0340876111336037 85.229 14.302 20.449655577299417 511
stats: tr_Redirect_To_New_Post 9 32.19088888888889 3.501571312185572 177.229 24.778 46.52393320964749 539
stats: tr_Get_Logout 0 0 0 128.548 8.718 13.87855555555556 207
stats: tr_Get_Conversations 0 0 0 67.196 9.645 14.001368159203981 201
stats: tr_Authenticate_User 1 21358.584 0.0 21358.584 194.826 4187.928412758997 1834
stats: tr_Get_New_Conversation 0 0 0 317.499 52.332 128.72828855721394 201
stats: tr_Post_New_Conversation 3 34.38833333333333 1.2982679059252555 159.127 27.415 40.468303030303026 198
stats: tr_Redirect_To_New_Conversation 9 30.38877777777778 2.8168023942752995 166.685 24.968 35.744821989528795 191
stats: tr_Get_Login 0 0 0 26.135 5.189 7.8951642512077305 207
stats: tr_Redirect_To_Same_Conversation 11 35.220363636363636 5.857948559206887 85.252 26.186 35.68621808510639 188
stats: tr_Reply_To_Conversation 11 49.97909090909092 4.16804299957198 146.685 39.871 54.88783510638297 188
stats: tr_Post_Login 1 117.792 0.0 154.407 117.413 127.7032669902913 206
stats: tr_Get_New_Book 1 9.826 0.0 133.229 7.35 12.539849582172701 359
stats: tr_Post_New_Book 3 12.919333333333334 1.3679147959170879 146.128 9.526 14.837254901960783 357
stats: tr_Get_Book 0 0 0 186.823 35.014 49.89907971014494 552
stats: tr_Redirect_To_New_Book 9 47.09722222222223 2.5289007615421304 162.971 35.391 48.812406876790824 349
# stats: dump at 1575688682
stats: users 0 845
stats: {freemem,"tsung_controller@ip-172-31-29-217"} 1 534.921875 0.0 733.40234375 262.15625 626.3557477678571 28
stats: {load,"tsung_controller@ip-172-31-29-217"} 1 0.328125 0.0 0.46875 0.0 0.08454241071428571 28
stats: {recvpackets,"tsung_controller@ip-172-31-29-217"} 1 612.0 0.0 30474 129 5687.148148148148 27
stats: {sentpackets,"tsung_controller@ip-172-31-29-217"} 1 274.0 0.0 13703 57 2483.5185185185187 27
stats: {cpu,"tsung_controller@ip-172-31-29-217"} 1 0.5005005005005005 0.0 28.447395301327887 0.14992503748125938 5.215751273237444 28
stats: session 7 41343.78057142858 3051.7050847583014 45504.353 3856.862 17531.999919584247 1828
stats: users_count 0 1835
stats: finish_users_count 7 1835
stats: connect 0 0 0 48.011 0.566 1.3121841961852858 1835
stats: request 11 43.22163636363636 12.97175046905409 4132.344 4.153 204.53580843380877 16339
stats: page 9 52.858222222222224 22.614880306646565 4132.344 4.153 207.05929126394057 16140
stats: tr_Get_Root 0 0 0 258.22 14.472 23.245587064676624 201
stats: 302 2 6428
stats: tr_Initial_Get_Root 0 0 0 152.892 13.932 20.455207327971408 1119
stats: 200 9 9922
stats: tr_Redirect_Root 0 0 0 232.731 17.905 27.187329155313357 1835
stats: size_rcv 29572 163455204
stats: tr_Post_New_Comment_On_Post 0 0 0 137.694 14.619 21.82222912621359 515
stats: newphase 0 5
stats: tr_Get_Post 0 0 0 3927.943 729.695 1781.1129262135928 515
stats: size_sent 5957 8749037
stats: tr_Post_New_Post 0 0 0 136.754 12.725 19.6182536231884 552
stats: connected -8 0
stats: tr_Get_New_Post 0 0 0 223.826 17.672 31.354565217391315 552
stats: tr_Redirect_To_Post 0 0 0 4155.397 765.473 1800.5236873786405 1030
stats: tr_Post_New_Comment_On_Comment 0 0 0 85.229 14.302 20.430172815533982 515
stats: tr_Redirect_To_New_Post 4 35.02225 1.3333156743622252 177.229 24.778 46.28853649635036 548
stats: tr_Get_Logout 0 0 0 128.548 8.718 13.87855555555556 207
stats: tr_Get_Conversations 0 0 0 67.196 9.645 14.001368159203981 201
stats: tr_Authenticate_User 0 0 0 21358.584 194.826 4197.285718256131 1835
stats: tr_Get_New_Conversation 0 0 0 317.499 52.332 128.72828855721394 201
stats: tr_Post_New_Conversation 0 0 0 159.127 27.415 40.377557213930345 201
stats: tr_Redirect_To_New_Conversation 1 33.707 0.0 166.685 24.968 35.5038 200
stats: tr_Get_Login 0 0 0 26.135 5.189 7.8951642512077305 207
stats: tr_Redirect_To_Same_Conversation 2 32.7595 0.016500000000000625 85.252 26.186 35.660467336683425 199
stats: tr_Reply_To_Conversation 2 56.0505 0.44250000000000256 146.685 39.871 54.61649748743718 199
stats: tr_Post_Login 0 0 0 154.407 117.413 127.65538647342999 207
stats: tr_Get_New_Book 0 0 0 133.229 7.35 12.53231111111111 360
stats: tr_Post_New_Book 0 0 0 146.128 9.526 14.821272222222222 360
stats: tr_Get_Book 0 0 0 186.823 35.014 49.89907971014494 552
stats: tr_Redirect_To_New_Book 2 62.829 9.237000000000002 162.971 35.391 48.769287709497206 358
# stats: dump at 1575688684
stats: users 0 845
stats: {freemem,"tsung_controller@ip-172-31-29-217"} 1 561.23046875 0.0 733.40234375 262.15625 623.2028556034483 29
stats: {load,"tsung_controller@ip-172-31-29-217"} 1 0.28125 0.0 0.46875 0.0 0.09294181034482758 29
stats: {recvpackets,"tsung_controller@ip-172-31-29-217"} 1 36.0 0.0 30474 36 5505.892857142857 28
stats: {sentpackets,"tsung_controller@ip-172-31-29-217"} 1 29.0 0.0 13703 29 2404.6071428571427 28
stats: {cpu,"tsung_controller@ip-172-31-29-217"} 1 0.14992503748125938 0.0 28.447395301327887 0.14992503748125938 5.053156419005136 29
stats: session 0 0 0 45504.353 3856.862 17622.835050136244 1835
stats: users_count 0 1835
stats: finish_users_count 0 1835
stats: connect 0 0 0 48.011 0.566 1.3121841961852858 1835
stats: request 0 0 0 4132.344 4.153 204.42727902140683 16350
stats: page 0 0 0 4132.344 4.153 206.9733534584185 16149
stats: tr_Get_Root 0 0 0 258.22 14.472 23.245587064676624 201
stats: 302 0 6428
stats: tr_Initial_Get_Root 0 0 0 152.892 13.932 20.455207327971408 1119
stats: 200 0 9922
stats: tr_Redirect_Root 0 0 0 232.731 17.905 27.187329155313357 1835
stats: size_rcv 0 163455204
stats: tr_Post_New_Comment_On_Post 0 0 0 137.694 14.619 21.82222912621359 515
stats: newphase 0 5
stats: tr_Get_Post 0 0 0 3927.943 729.695 1781.1129262135928 515
stats: size_sent 0 8749037
stats: tr_Post_New_Post 0 0 0 136.754 12.725 19.6182536231884 552
stats: connected 0 0
stats: tr_Get_New_Post 0 0 0 223.826 17.672 31.354565217391315 552
stats: tr_Redirect_To_Post 0 0 0 4155.397 765.473 1800.5236873786405 1030
stats: tr_Post_New_Comment_On_Comment 0 0 0 85.229 14.302 20.430172815533982 515
stats: tr_Redirect_To_New_Post 0 0 0 177.229 24.778 46.206896739130435 552
stats: tr_Get_Logout 0 0 0 128.548 8.718 13.87855555555556 207
stats: tr_Get_Conversations 0 0 0 67.196 9.645 14.001368159203981 201
stats: tr_Authenticate_User 0 0 0 21358.584 194.826 4197.285718256131 1835
stats: tr_Get_New_Conversation 0 0 0 317.499 52.332 128.72828855721394 201
stats: tr_Post_New_Conversation 0 0 0 159.127 27.415 40.377557213930345 201
stats: tr_Redirect_To_New_Conversation 0 0 0 166.685 24.968 35.494860696517414 201
stats: tr_Get_Login 0 0 0 26.135 5.189 7.8951642512077305 207
stats: tr_Redirect_To_Same_Conversation 0 0 0 85.252 26.186 35.63160199004976 201
stats: tr_Reply_To_Conversation 0 0 0 146.685 39.871 54.63076616915423 201
stats: tr_Post_Login 0 0 0 154.407 117.413 127.65538647342999 207
stats: tr_Get_New_Book 0 0 0 133.229 7.35 12.53231111111111 360
stats: tr_Post_New_Book 0 0 0 146.128 9.526 14.821272222222222 360
stats: tr_Get_Book 0 0 0 186.823 35.014 49.89907971014494 552
stats: tr_Redirect_To_New_Book 0 0 0 162.971 35.391 48.84739722222222 360
EndMonitor:{1575,688684,765529}
