# stats: dump at 1575547731
stats: users 19 19
stats: {cpu,"tsung_controller@ip-172-31-21-78"} 1 0.8495291524744539 0 0.8495291524744539 0.8495291524744539 0 0
stats: {load,"tsung_controller@ip-172-31-21-78"} 1 0.0 0 0.0 0.0 0 0
stats: {freemem,"tsung_controller@ip-172-31-21-78"} 1 738.203125 0 738.203125 738.203125 0 0
stats: users_count 19 19
stats: finish_users_count 0 0
stats: request 36 92.25027777777778 37.35694574463073 173.171 12.865 0 0
stats: connect 19 2.4450000000000003 4.48987160758875 18.62 0.596 0 0
stats: page 36 92.25027777777778 37.35694574463073 173.171 12.865 0 0
stats: tr_Get_Root 19 103.20226315789473 15.651663223682966 151.191 74.812 0 0
stats: 302 4 4
stats: tr_Redirect_Root 3 102.80266666666667 6.798363741045013 108.945 93.326 0 0
stats: match 36 36
stats: tr_Get_Register 10 43.393800000000006 11.686613451295461 54.296 13.096 0 0
stats: 200 32 32
stats: tr_Post_Register 4 156.5915 18.058719424422097 173.361 126.136 0 0
stats: size_rcv 351107 351107
stats: size_sent 10903 10903
stats: connected 19 19
# stats: dump at 1575547741
stats: users 26 29
stats: {recvpackets,"tsung_controller@ip-172-31-21-78"} 1 461 0 461 461 0 0
stats: {sentpackets,"tsung_controller@ip-172-31-21-78"} 1 236 0 236 236 0 0
stats: {cpu,"tsung_controller@ip-172-31-21-78"} 1 0.3001500750375188 0.0 0.8495291524744539 0.3001500750375188 0.8495291524744539 1
stats: {load,"tsung_controller@ip-172-31-21-78"} 1 0.0 0.0 0.0 0.0 0.0 1
stats: {freemem,"tsung_controller@ip-172-31-21-78"} 1 733.984375 0.0 738.203125 733.984375 738.203125 1
stats: session 9 10429.886888888886 1669.9232513995264 12780.032 7516.866 0 0
stats: users_count 16 35
stats: finish_users_count 9 9
stats: request 122 73.49916393442619 52.1920680798197 194.33 6.591 92.25027777777778 36
stats: connect 16 0.8759375000000001 0.2877480383838438 18.62 0.596 2.4450000000000003 19
stats: page 122 73.49916393442619 52.1920680798197 194.33 6.591 92.25027777777778 36
stats: tr_Get_Root 16 93.482 16.063372517158406 151.191 62.813 103.20226315789473 19
stats: 302 39 43
stats: tr_Redirect_Root 21 96.3095238095238 12.330949531348798 115.613 73.641 102.80266666666667 3
stats: match 122 158
stats: tr_Get_Register 19 27.19447368421053 17.054601013304055 54.296 6.886 43.393800000000006 10
stats: 200 83 115
stats: tr_Post_Register 25 151.84356 19.111950198930504 194.532 121.868 156.5915 4
stats: size_rcv 732180 1083287
stats: tr_Get_New_Book 18 36.295722222222224 20.210081793241365 85.073 10.864 0 0
stats: newphase 1 1
stats: tr_Redirect_To_New_Book 9 31.28155555555556 17.219286855223395 57.846 12.213 0 0
stats: size_sent 60209 71112
stats: tr_Post_New_Book 14 15.880285714285714 9.931627383757201 39.327 6.771 0 0
stats: connected 7 26
# stats: dump at 1575547751
stats: users 41 41
stats: {recvpackets,"tsung_controller@ip-172-31-21-78"} 1 950.0 0.0 950 461 461.0 1
stats: {sentpackets,"tsung_controller@ip-172-31-21-78"} 1 481.0 0.0 481 236 236.0 1
stats: {cpu,"tsung_controller@ip-172-31-21-78"} 1 0.40060090135202797 0.0 0.8495291524744539 0.3001500750375188 0.5748396137559864 2
stats: {load,"tsung_controller@ip-172-31-21-78"} 1 0.0 0.0 0.0 0.0 0.0 2
stats: {freemem,"tsung_controller@ip-172-31-21-78"} 1 727.05078125 0.0 738.203125 727.05078125 736.09375 2
stats: session 22 13177.472045454546 5063.895328913444 23510.145 4489.753 10429.886888888886 9
stats: users_count 37 72
stats: finish_users_count 22 31
stats: connect 37 21.806891891891908 50.95867091311896 174.487 0.596 1.727714285714286 35
stats: page 188 68.2218457446809 61.236945030797614 272.606 5.553 77.77156962025313 158
stats: request 188 68.2218457446809 61.236945030797614 272.606 5.553 77.77156962025313 158
stats: tr_Get_Root 37 132.26370270270266 48.40292349438727 272.759 62.813 98.75871428571428 35
stats: 302 49 92
stats: tr_Redirect_Root 24 114.08016666666667 22.540243478178215 173.966 73.641 97.12116666666667 24
stats: match 188 346
stats: tr_Get_Register 33 19.103181818181817 13.797287562711531 56.414 5.816 32.78044827586207 29
stats: 200 139 254
stats: tr_Post_Register 25 136.94356 18.045569136117592 194.532 119.168 152.49844827586207 29
stats: size_rcv 1573894 2657181
stats: tr_Get_New_Book 23 19.0044347826087 14.006311586058146 85.073 7.118 36.295722222222224 18
stats: newphase 0 1
stats: tr_Redirect_To_New_Book 22 17.95718181818182 13.166755808185885 58.275 8.03 31.28155555555556 9
stats: size_sent 86319 157431
stats: tr_Post_New_Book 24 14.258541666666668 9.345503718273504 43.893 6.771 15.880285714285714 14
stats: connected 15 41
# stats: dump at 1575547761
stats: users 21 42
stats: {recvpackets,"tsung_controller@ip-172-31-21-78"} 1 1661.0 0.0 1661 461 705.5 2
stats: {sentpackets,"tsung_controller@ip-172-31-21-78"} 1 774.0 0.0 774 236 358.5 2
stats: {cpu,"tsung_controller@ip-172-31-21-78"} 1 0.8 0.0 0.8495291524744539 0.3001500750375188 0.5167600429546669 3
stats: {load,"tsung_controller@ip-172-31-21-78"} 1 0.0 0.0 0.0 0.0 0.0 3
stats: {freemem,"tsung_controller@ip-172-31-21-78"} 1 723.7109375 0.0 738.203125 723.7109375 733.0794270833334 3
stats: session 25 13907.109999999997 5649.306808037927 33899.316 4489.753 12379.786032258064 31
stats: users_count 5 77
stats: finish_users_count 25 56
stats: connect 5 0.9869999999999999 0.43127810053375076 174.487 0.596 12.046180555555564 72
stats: page 147 57.4044489795919 61.52044614654973 272.606 5.532 72.58270231213875 346
stats: 302 49 141
stats: request 147 57.4044489795919 61.52044614654973 272.606 5.532 72.58270231213875 346
stats: tr_Get_Root 5 125.91159999999999 10.957683653035428 272.759 62.813 115.97655555555554 72
stats: match 147 493
stats: tr_Redirect_Root 25 152.14795999999998 23.753609215409778 198.019 73.641 105.60066666666667 48
stats: 200 98 352
stats: tr_Get_Register 15 11.851 4.72568007098802 56.414 5.651 25.500612903225807 62
stats: size_rcv 1029068 3686249
stats: tr_Post_Register 21 128.96514285714287 6.325133217386577 194.532 119.168 145.29711111111112 54
stats: newphase 0 1
stats: tr_Get_New_Book 29 15.77820689655172 6.555493633951604 85.073 7.118 26.59573170731708 41
stats: size_sent 80738 238169
stats: tr_Redirect_To_New_Book 24 14.470291666666663 5.284800914565963 58.275 7.834 21.825548387096777 31
stats: connected -19 22
stats: tr_Post_New_Book 28 12.258500000000003 3.716982709710352 43.893 6.771 14.856026315789473 38
# stats: dump at 1575547771
stats: users 7 42
stats: {recvpackets,"tsung_controller@ip-172-31-21-78"} 1 934.0 0.0 1661 461 1024.0 3
stats: {sentpackets,"tsung_controller@ip-172-31-21-78"} 1 444.0 0.0 774 236 497.0 3
stats: {cpu,"tsung_controller@ip-172-31-21-78"} 1 1.1988011988011988 0.0 1.1988011988011988 0.3001500750375188 0.5875700322160002 4
stats: {load,"tsung_controller@ip-172-31-21-78"} 1 0.0 0.0 0.0 0.0 0.0 4
stats: {freemem,"tsung_controller@ip-172-31-21-78"} 1 721.76953125 0.0 738.203125 721.76953125 730.7373046875 4
stats: session 14 16799.727642857146 3404.5369563684444 33899.316 4489.753 13061.627089285712 56
stats: users_count 0 77
stats: finish_users_count 14 70
stats: request 37 44.83216216216215 68.78747036775901 272.606 5.532 68.05693509127792 493
stats: connect 0 0 0 174.487 0.596 11.328051948051955 77
stats: page 37 44.83216216216215 68.78747036775901 272.606 5.532 68.05693509127792 493
stats: tr_Get_Root 0 0 0 272.759 62.813 116.6216883116883 77
stats: 302 11 152
stats: tr_Redirect_Root 4 227.87475 15.096265173462603 243.489 73.641 121.5415205479452 73
stats: match 37 530
stats: tr_Get_Register 0 0 0 56.414 5.651 22.841597402597404 77
stats: 200 26 378
stats: tr_Post_Register 2 126.12299999999999 1.8409999999999975 194.532 119.168 140.72416 75
stats: size_rcv 194425 3880674
stats: tr_Get_New_Book 7 17.87485714285714 10.181474793937852 85.073 7.118 22.114185714285718 70
stats: newphase 0 1
stats: tr_Redirect_To_New_Book 15 16.933266666666665 6.114282901171285 58.275 7.834 18.61598181818182 55
stats: size_sent 21445 259614
stats: tr_Post_New_Book 9 13.713555555555557 3.2277799082035434 43.893 6.771 13.754045454545455 66
stats: connected -15 7
# stats: dump at 1575547781
stats: users 1 42
stats: {recvpackets,"tsung_controller@ip-172-31-21-78"} 1 212.0 0.0 1661 212 1001.5 4
stats: {sentpackets,"tsung_controller@ip-172-31-21-78"} 1 121.0 0.0 774 121 483.75 4
stats: {cpu,"tsung_controller@ip-172-31-21-78"} 1 0.25037556334501754 0.0 1.1988011988011988 0.25037556334501754 0.70981626553304 5
stats: {load,"tsung_controller@ip-172-31-21-78"} 1 0.0 0.0 0.0 0.0 0.0 5
stats: {freemem,"tsung_controller@ip-172-31-21-78"} 1 726.13671875 0.0 738.203125 721.76953125 728.94375 5
stats: session 6 26941.563833333334 2491.6059054281586 33899.316 4489.753 13809.247199999998 70
stats: users_count 0 77
stats: finish_users_count 6 76
stats: connect 0 0 0 174.487 0.596 11.328051948051955 77
stats: request 8 20.75575 9.553202784276067 272.606 5.532 66.43558301886796 530
stats: page 8 20.75575 9.553202784276067 272.606 5.532 66.43558301886796 530
stats: 302 2 154
stats: tr_Get_Root 0 0 0 272.759 62.813 116.6216883116883 77
stats: match 8 538
stats: tr_Redirect_Root 0 0 0 243.489 73.641 127.06532467532466 77
stats: 200 6 384
stats: tr_Get_Register 0 0 0 56.414 5.651 22.841597402597404 77
stats: size_rcv 13052 3893726
stats: tr_Post_Register 0 0 0 194.532 119.168 140.3449090909091 77
stats: newphase 0 1
stats: tr_Get_New_Book 0 0 0 85.073 7.118 21.72879220779221 77
stats: size_sent 4762 264376
stats: tr_Redirect_To_New_Book 6 22.415833333333335 9.952226139858805 58.275 7.834 18.255399999999998 70
stats: connected -6 1
stats: tr_Post_New_Book 2 16.5935 6.424499999999999 43.893 6.771 13.749186666666668 75
# stats: dump at 1575547783
stats: users 0 42
stats: {recvpackets,"tsung_controller@ip-172-31-21-78"} 1 32.0 0.0 1661 32 843.6 5
stats: {sentpackets,"tsung_controller@ip-172-31-21-78"} 1 34.0 0.0 774 34 411.2 5
stats: {cpu,"tsung_controller@ip-172-31-21-78"} 1 0.14992503748125938 0.0 1.1988011988011988 0.14992503748125938 0.6332428151683697 6
stats: {load,"tsung_controller@ip-172-31-21-78"} 1 0.0 0.0 0.0 0.0 0.0 6
stats: {freemem,"tsung_controller@ip-172-31-21-78"} 1 725.91015625 0.0 738.203125 721.76953125 728.4759114583334 6
stats: session 1 33277.761 0.0 33899.316 4489.753 14846.009039473684 76
stats: users_count 0 77
stats: finish_users_count 1 77
stats: request 1 19.557 0.0 272.606 5.532 65.75632899628256 538
stats: connect 0 0 0 174.487 0.596 11.328051948051955 77
stats: page 1 19.557 0.0 272.606 5.532 65.75632899628256 538
stats: tr_Get_Root 0 0 0 272.759 62.813 116.6216883116883 77
stats: 302 0 154
stats: tr_Redirect_Root 0 0 0 243.489 73.641 127.06532467532466 77
stats: match 1 539
stats: tr_Get_Register 0 0 0 56.414 5.651 22.841597402597404 77
stats: 200 1 385
stats: tr_Post_Register 0 0 0 194.532 119.168 140.3449090909091 77
stats: size_rcv 2123 3895849
stats: tr_Get_New_Book 0 0 0 85.073 7.118 21.72879220779221 77
stats: newphase 0 1
stats: tr_Redirect_To_New_Book 1 19.733 0.0 58.275 7.834 18.583855263157897 76
stats: size_sent 556 264932
stats: tr_Post_New_Book 0 0 0 43.893 6.771 13.823064935064934 77
stats: connected -1 0
EndMonitor:{1575,547783,800564}
