# stats: dump at 1575457654
stats: users 13 13
stats: {load,"tsung_controller@ip-172-31-26-119"} 1 0.16015625 0 0.16015625 0.16015625 0 0
stats: {cpu,"tsung_controller@ip-172-31-26-119"} 1 11.161813269288503 0 11.161813269288503 11.161813269288503 0 0
stats: {freemem,"tsung_controller@ip-172-31-26-119"} 1 739.578125 0 739.578125 739.578125 0 0
stats: users_count 13 13
stats: finish_users_count 0 0
stats: request 28 84.34653571428574 54.40287024169257 209.011 6.506 0 0
stats: page 28 84.34653571428574 54.40287024169257 209.011 6.506 0 0
stats: connect 12 2.233416666666667 3.496526287101084 13.828 1.049 0 0
stats: tr_Get_Root 12 84.19908333333335 36.073522276175396 199.591 61.173 0 0
stats: 302 5 5
stats: tr_Redirect_Root 5 80.34760000000001 19.891543033158587 117.134 60.545 0 0
stats: 200 23 23
stats: tr_Get_Register 6 21.42716666666667 19.817469720902537 57.192 6.664 0 0
stats: size_rcv 170012 170012
stats: tr_Post_Register 5 165.93599999999998 33.81526166097195 209.263 132.316 0 0
stats: size_sent 11251 11251
stats: connected 12 12
# stats: dump at 1575457664
stats: users 34 34
stats: {load,"tsung_controller@ip-172-31-26-119"} 1 0.12890625 0.0 0.16015625 0.12890625 0.16015625 1
stats: {recvpackets,"tsung_controller@ip-172-31-26-119"} 1 461 0 461 461 0 0
stats: {sentpackets,"tsung_controller@ip-172-31-26-119"} 1 394 0 394 394 0 0
stats: {cpu,"tsung_controller@ip-172-31-26-119"} 1 0.30045067601402103 0.0 11.161813269288503 0.30045067601402103 11.161813269288503 1
stats: {freemem,"tsung_controller@ip-172-31-26-119"} 1 734.3515625 0.0 739.578125 734.3515625 739.578125 1
stats: users_count 21 34
stats: finish_users_count 0 0
stats: request 63 122.46004761904761 93.10077145903558 356.899 6.506 84.34653571428574 28
stats: connect 20 1.20365 0.21560108418094748 13.828 1.049 2.233416666666667 12
stats: page 63 122.46004761904761 93.10077145903558 356.899 6.506 84.34653571428574 28
stats: 302 13 18
stats: tr_Get_Root 18 183.60355555555557 79.04140086563794 356.983 61.173 84.19908333333335 12
stats: 200 50 73
stats: tr_Redirect_Root 12 160.91166666666666 50.06320537635956 271.244 60.545 80.34760000000001 5
stats: size_rcv 324066 494078
stats: tr_Get_Register 20 10.460749999999999 4.9312902659953 57.192 6.664 21.42716666666667 6
stats: newphase 1 1
stats: tr_Post_Register 13 175.2676923076923 48.61311041017103 288.275 132.316 165.93599999999998 5
stats: size_sent 31328 42579
stats: connected 20 32
# stats: dump at 1575457674
stats: users 58 58
stats: {load,"tsung_controller@ip-172-31-26-119"} 1 0.109375 0.0 0.16015625 0.109375 0.14453125 2
stats: {recvpackets,"tsung_controller@ip-172-31-26-119"} 1 508.0 0.0 508 461 461.0 1
stats: {sentpackets,"tsung_controller@ip-172-31-26-119"} 1 306.0 0.0 394 306 394.0 1
stats: {cpu,"tsung_controller@ip-172-31-26-119"} 1 0.20050125313283207 0.0 11.161813269288503 0.20050125313283207 5.731131972651262 2
stats: {freemem,"tsung_controller@ip-172-31-26-119"} 1 722.77734375 0.0 739.578125 722.77734375 736.96484375 2
stats: users_count 24 58
stats: finish_users_count 0 0
stats: connect 26 3.577230769230769 6.2671453463997 30.807 1.049 1.5898125 32
stats: request 107 358.5237009345798 1387.0469177453588 14540.192 5.813 110.73281318681319 91
stats: page 107 358.5237009345798 1387.0469177453588 14540.192 5.813 110.73281318681319 91
stats: tr_Get_Root 28 303.4186785714284 144.23892404421355 605.123 61.173 143.8417666666667 30
stats: 302 28 46
stats: tr_Redirect_Root 22 322.86713636363635 142.78635321737778 611.332 60.545 137.21635294117647 17
stats: 200 79 152
stats: tr_Get_New_Post 1 29.554 0 29.554 29.554 0 0
stats: size_rcv 648800 1142878
stats: tr_Post_New_Post 1 316.474 0 316.474 316.474 0 0
stats: newphase 0 1
stats: tr_Get_Register 27 28.369962962962955 44.481623103947 235.817 5.968 12.99146153846154 26
stats: size_sent 54057 96636
stats: tr_Post_Register 27 263.9687407407408 94.48969111460141 450.665 132.316 172.67555555555555 18
stats: connected 26 58
stats: tr_Get_Book 1 14540.363 0 14540.363 14540.363 0 0
# stats: dump at 1575457684
stats: users 58 59
stats: {load,"tsung_controller@ip-172-31-26-119"} 1 0.1015625 0.0 0.16015625 0.1015625 0.1328125 3
stats: {recvpackets,"tsung_controller@ip-172-31-26-119"} 1 893.0 0.0 893 461 484.5 2
stats: {sentpackets,"tsung_controller@ip-172-31-26-119"} 1 437.0 0.0 437 306 350.0 2
stats: {cpu,"tsung_controller@ip-172-31-26-119"} 1 1.046337817638266 0.0 11.161813269288503 0.20050125313283207 3.8875883994784517 3
stats: {freemem,"tsung_controller@ip-172-31-26-119"} 1 712.20703125 0.0 739.578125 712.20703125 732.2356770833334 3
stats: session 2 27405.946 349.89600000000064 27755.842 27056.05 0 0
stats: users_count 2 60
stats: finish_users_count 2 2
stats: request 49 789.7187755102041 3107.1533782650595 22271.722 5.813 244.6400101010103 198
stats: page 49 789.7187755102041 3107.1533782650595 22271.722 5.813 244.6400101010103 198
stats: connect 2 1.1565 0.0625 30.807 1.049 2.4807241379310345 58
stats: 302 16 62
stats: tr_Get_Root 2 386.6675 178.53750000000002 605.123 61.173 220.8788965517241 58
stats: 200 33 185
stats: tr_Redirect_Root 20 459.12119999999993 162.74473083070924 799.971 60.545 241.94243589743587 39
stats: size_rcv 353888 1496766
stats: tr_Get_New_Post 1 485.46 0.0 485.46 29.554 29.554 1
stats: newphase 0 1
stats: tr_Post_New_Post 1 67.66 0.0 316.474 67.66 316.474 1
stats: size_sent 34557 131193
stats: tr_Redirect_To_New_Post 2 324.986 97.12299999999999 422.109 227.863 0 0
stats: connected 0 58
stats: tr_Get_Register 7 39.775285714285715 48.45029359991916 235.817 5.968 20.825792452830186 53
stats: tr_Post_Register 15 332.9719333333334 148.47841875840257 656.544 132.316 227.45146666666673 45
stats: tr_Get_Book 1 22271.843 0.0 22271.843 14540.363 14540.363 1
# stats: dump at 1575457694
stats: users 58 59
stats: {load,"tsung_controller@ip-172-31-26-119"} 1 0.078125 0.0 0.16015625 0.078125 0.125 4
stats: {recvpackets,"tsung_controller@ip-172-31-26-119"} 1 241.0 0.0 893 241 620.6666666666666 3
stats: {sentpackets,"tsung_controller@ip-172-31-26-119"} 1 125.0 0.0 437 125 379.0 3
stats: {cpu,"tsung_controller@ip-172-31-26-119"} 1 0.15015015015015015 0.0 11.161813269288503 0.15015015015015015 3.1772757540184053 4
stats: {freemem,"tsung_controller@ip-172-31-26-119"} 1 710.58203125 0.0 739.578125 710.58203125 727.228515625 4
stats: session 0 0 0 27755.842 27056.05 27405.946 2
stats: users_count 0 60
stats: finish_users_count 0 2
stats: request 1 917.047 0.0 22271.722 5.813 352.7730445344131 247
stats: connect 0 0 0 30.807 1.049 2.436583333333333 60
stats: tr_Get_Root 0 0 0 605.123 61.173 226.4051833333333 60
stats: page 1 917.047 0.0 22271.722 5.813 352.7730445344131 247
stats: 302 0 62
stats: tr_Redirect_Root 1 917.147 0.0 917.147 60.545 315.56235593220333 59
stats: 200 1 186
stats: tr_Get_New_Post 0 0 0 485.46 29.554 257.507 2
stats: size_rcv 9456 1506222
stats: tr_Post_New_Post 0 0 0 316.474 67.66 192.067 2
stats: newphase 0 1
stats: tr_Redirect_To_New_Post 0 0 0 422.109 227.863 324.986 2
stats: size_sent 1307 132500
stats: tr_Get_Register 0 0 0 235.817 5.968 23.036566666666666 60
stats: connected 0 58
stats: tr_Post_Register 0 0 0 656.544 132.316 253.8315833333334 60
stats: tr_Get_Book 0 0 0 22271.843 14540.363 18406.103 2
# stats: dump at 1575457704
stats: users 58 59
stats: {load,"tsung_controller@ip-172-31-26-119"} 1 0.0703125 0.0 0.16015625 0.0703125 0.115625 5
stats: {recvpackets,"tsung_controller@ip-172-31-26-119"} 1 8.0 0.0 893 8 525.75 4
stats: {sentpackets,"tsung_controller@ip-172-31-26-119"} 1 10.0 0.0 437 10 315.5 4
stats: {cpu,"tsung_controller@ip-172-31-26-119"} 1 0.0 0.0 11.161813269288503 0.0 2.5718506332447544 5
stats: {freemem,"tsung_controller@ip-172-31-26-119"} 1 710.46484375 0.0 739.578125 710.46484375 723.89921875 5
stats: session 0 0 0 27755.842 27056.05 27405.946 2
stats: users_count 0 60
stats: finish_users_count 0 2
stats: request 0 0 0 22271.722 5.813 355.04834274193564 248
stats: connect 0 0 0 30.807 1.049 2.436583333333333 60
stats: page 0 0 0 22271.722 5.813 355.04834274193564 248
stats: tr_Get_Root 0 0 0 605.123 61.173 226.4051833333333 60
stats: 302 0 62
stats: tr_Redirect_Root 0 0 0 917.147 60.545 325.58876666666663 60
stats: 200 0 186
stats: tr_Get_New_Post 0 0 0 485.46 29.554 257.507 2
stats: size_rcv 0 1506222
stats: tr_Post_New_Post 0 0 0 316.474 67.66 192.067 2
stats: newphase 0 1
stats: tr_Redirect_To_New_Post 0 0 0 422.109 227.863 324.986 2
stats: size_sent 0 132500
stats: tr_Get_Register 0 0 0 235.817 5.968 23.036566666666666 60
stats: connected 0 58
stats: tr_Post_Register 0 0 0 656.544 132.316 253.8315833333334 60
stats: tr_Get_Book 0 0 0 22271.843 14540.363 18406.103 2
# stats: dump at 1575457714
stats: users 57 59
stats: {load,"tsung_controller@ip-172-31-26-119"} 1 0.05859375 0.0 0.16015625 0.05859375 0.10807291666666667 6
stats: {recvpackets,"tsung_controller@ip-172-31-26-119"} 1 86.0 0.0 893 8 422.2 5
stats: {sentpackets,"tsung_controller@ip-172-31-26-119"} 1 10.0 0.0 437 10 254.4 5
stats: {cpu,"tsung_controller@ip-172-31-26-119"} 1 0.0999000999000999 0.0 11.161813269288503 0.0 2.1432088610372952 6
stats: {freemem,"tsung_controller@ip-172-31-26-119"} 1 709.9765625 0.0 739.578125 709.9765625 721.66015625 6
stats: session 1 57689.128 0.0 57689.128 27056.05 27405.946 2
stats: users_count 0 60
stats: finish_users_count 1 3
stats: request 4 12777.71625 21977.853107022493 50844.4 5.813 355.04834274193564 248
stats: connect 0 0 0 30.807 1.049 2.436583333333333 60
stats: page 4 12777.71625 21977.853107022493 50844.4 5.813 355.04834274193564 248
stats: tr_Get_Root 0 0 0 605.123 61.173 226.4051833333333 60
stats: 302 1 63
stats: tr_Redirect_Root 0 0 0 917.147 60.545 325.58876666666663 60
stats: 200 3 189
stats: tr_Get_New_Post 1 20.219 0.0 485.46 20.219 257.507 2
stats: size_rcv 125066 1631288
stats: tr_Post_New_Post 1 138.583 0.0 316.474 67.66 192.067 2
stats: newphase 0 1
stats: tr_Redirect_To_New_Post 1 108.129 0.0 422.109 108.129 324.986 2
stats: size_sent 1699 134199
stats: tr_Get_Register 0 0 0 235.817 5.968 23.036566666666666 60
stats: connected -1 57
stats: tr_Post_Register 0 0 0 656.544 132.316 253.8315833333334 60
stats: tr_Get_Book 1 50844.524 0.0 50844.524 14540.363 18406.103 2
# stats: dump at 1575457724
stats: users 54 59
stats: {load,"tsung_controller@ip-172-31-26-119"} 1 0.05078125 0.0 0.16015625 0.05078125 0.10100446428571429 7
stats: {recvpackets,"tsung_controller@ip-172-31-26-119"} 1 13.0 0.0 893 8 366.1666666666667 6
stats: {sentpackets,"tsung_controller@ip-172-31-26-119"} 1 10.0 0.0 437 10 213.66666666666666 6
stats: {cpu,"tsung_controller@ip-172-31-26-119"} 1 0.1 0.0 11.161813269288503 0.0 1.8513076094462675 7
stats: {freemem,"tsung_controller@ip-172-31-26-119"} 1 710.2890625 0.0 739.578125 709.9765625 719.9910714285714 7
stats: session 3 68520.402 2004.2209976473841 70106.632 27056.05 37500.34 3
stats: users_count 0 60
stats: finish_users_count 3 6
stats: request 33 21856.96109090909 28836.755448614946 60017.185 5.813 552.2335476190478 252
stats: connect 0 0 0 30.807 1.049 2.436583333333333 60
stats: page 33 21856.96109090909 28836.755448614946 60017.185 5.813 552.2335476190478 252
stats: tr_Get_Root 0 0 0 605.123 61.173 226.4051833333333 60
stats: 302 9 72
stats: tr_Redirect_Root 0 0 0 917.147 60.545 325.58876666666663 60
stats: 504 12 12
stats: tr_Get_New_Post 9 62.851888888888894 121.03182777586 485.46 16.224 178.41100000000003 3
stats: 200 12 201
stats: tr_Post_New_Post 9 42.66311111111111 9.62910927511464 316.474 32.339 174.239 3
stats: size_rcv 45562 1676850
stats: tr_Redirect_To_New_Post 3 93.914 11.726260529256546 422.109 81.569 252.70033333333333 3
stats: newphase 0 1
stats: tr_Get_Register 0 0 0 235.817 5.968 23.036566666666666 60
stats: size_sent 11974 146173
stats: tr_Post_Register 0 0 0 656.544 132.316 253.8315833333334 60
stats: connected -3 54
stats: tr_Get_Book 12 60004.44791666668 4.9701657829236385 60017.319 14540.363 29218.91 3
# stats: dump at 1575457734
stats: users 34 59
stats: {load,"tsung_controller@ip-172-31-26-119"} 1 0.0390625 0.0 0.16015625 0.0390625 0.0947265625 8
stats: {recvpackets,"tsung_controller@ip-172-31-26-119"} 1 123.0 0.0 893 8 315.7142857142857 7
stats: {sentpackets,"tsung_controller@ip-172-31-26-119"} 1 105.0 0.0 437 10 184.57142857142858 7
stats: {cpu,"tsung_controller@ip-172-31-26-119"} 1 0.10010010010010009 0.0 11.161813269288503 0.0 1.632394158265484 8
stats: {freemem,"tsung_controller@ip-172-31-26-119"} 1 709.390625 0.0 739.578125 709.390625 718.7783203125 8
stats: session 20 72778.5533 5094.575629102386 87936.984 27056.05 53010.37100000001 6
stats: users_count 0 60
stats: finish_users_count 20 26
stats: request 77 16398.579974025968 26702.1608723861 60017.185 5.813 3019.0967368421057 285
stats: connect 0 0 0 30.807 1.049 2.436583333333333 60
stats: page 77 16398.579974025968 26702.1608723861 60017.185 5.813 3019.0967368421057 285
stats: tr_Get_Root 0 0 0 605.123 61.173 226.4051833333333 60
stats: 302 19 91
stats: tr_Redirect_Root 0 0 0 917.147 60.545 325.58876666666663 60
stats: 504 21 33
stats: tr_Get_New_Post 19 23.327105263157893 14.651863448559554 485.46 13.641 91.74166666666667 12
stats: 200 37 238
stats: tr_Post_New_Post 19 41.23936842105263 7.312445009855507 316.474 30.066 75.55708333333332 12
stats: size_rcv 132278 1809128
stats: tr_Redirect_To_New_Post 18 78.30772222222221 29.681742970320546 422.109 32.902 173.3071666666667 6
stats: newphase 0 1
stats: tr_Get_Register 0 0 0 235.817 5.968 23.036566666666666 60
stats: size_sent 31681 177854
stats: tr_Post_Register 0 0 0 656.544 132.316 253.8315833333334 60
stats: connected -18 36
stats: tr_Get_Book 21 60003.149380952374 1.7417122794555597 60017.319 14540.363 53847.34033333334 15
# stats: dump at 1575457744
stats: users 11 59
stats: {load,"tsung_controller@ip-172-31-26-119"} 1 0.03125 0.0 0.16015625 0.03125 0.08854166666666667 9
stats: {recvpackets,"tsung_controller@ip-172-31-26-119"} 1 249.0 0.0 893 8 291.625 8
stats: {sentpackets,"tsung_controller@ip-172-31-26-119"} 1 204.0 0.0 437 10 174.625 8
stats: {cpu,"tsung_controller@ip-172-31-26-119"} 1 0.29925187032418954 0.0 11.161813269288503 0.0 1.4621392629137746 9
stats: {freemem,"tsung_controller@ip-172-31-26-119"} 1 711.45703125 0.0 739.578125 709.390625 717.7352430555555 9
stats: session 23 73188.19634782607 2907.0255158323166 87936.984 27056.05 68216.66507692308 26
stats: users_count 0 60
stats: finish_users_count 23 49
stats: request 96 13169.200718749998 24782.01289363503 60017.185 5.813 5865.008917127071 362
stats: connect 0 0 0 30.807 1.049 2.436583333333333 60
stats: page 96 13169.200718749998 24782.01289363503 60017.185 5.813 5865.008917127071 362
stats: tr_Get_Root 0 0 0 605.123 61.173 226.4051833333333 60
stats: 302 25 116
stats: tr_Redirect_Root 0 0 0 917.147 60.545 325.58876666666663 60
stats: 504 21 54
stats: tr_Get_New_Post 25 32.979639999999996 48.00457970475734 485.46 13.641 49.81016129032258 31
stats: 200 50 288
stats: tr_Post_New_Post 25 62.396640000000005 85.98174365707175 479.198 25.482 54.52364516129032 31
stats: size_rcv 176079 1985207
stats: tr_Redirect_To_New_Post 25 72.55196000000002 37.28473057483989 422.109 27.745 102.05758333333331 24
stats: newphase 0 1
stats: tr_Get_Register 0 0 0 235.817 5.968 23.036566666666666 60
stats: size_sent 42479 220333
stats: tr_Post_Register 0 0 0 656.544 132.316 253.8315833333334 60
stats: connected -25 11
stats: tr_Get_Book 21 60002.827142857146 1.4782356048348881 60017.319 14540.363 57438.22894444445 36
# stats: dump at 1575457754
stats: users 1 59
stats: {load,"tsung_controller@ip-172-31-26-119"} 1 0.03125 0.0 0.16015625 0.03125 0.0828125 10
stats: {recvpackets,"tsung_controller@ip-172-31-26-119"} 1 322.0 0.0 893 8 286.8888888888889 9
stats: {sentpackets,"tsung_controller@ip-172-31-26-119"} 1 266.0 0.0 437 10 177.88888888888889 9
stats: {cpu,"tsung_controller@ip-172-31-26-119"} 1 0.29985007496251875 0.0 11.161813269288503 0.0 1.3458505236548162 10
stats: {freemem,"tsung_controller@ip-172-31-26-119"} 1 716.640625 0.0 739.578125 709.390625 717.107421875 10
stats: session 10 81329.261 5496.632970519282 91790.866 27056.05 70550.24097959182 49
stats: users_count 0 60
stats: finish_users_count 10 59
stats: request 21 8617.171761904761 20978.15241215874 60017.185 5.813 7396.018552401746 458
stats: connect 0 0 0 30.807 1.049 2.436583333333333 60
stats: page 21 8617.171761904761 20978.15241215874 60017.185 5.813 7396.018552401746 458
stats: tr_Get_Root 0 0 0 605.123 61.173 226.4051833333333 60
stats: 302 4 120
stats: tr_Redirect_Root 0 0 0 917.147 60.545 325.58876666666663 60
stats: 504 3 57
stats: tr_Get_New_Post 4 17.134999999999998 1.2008855066158477 485.46 13.641 42.29653571428571 56
stats: 200 14 302
stats: tr_Post_New_Post 4 66.57024999999999 39.932489556594135 479.198 25.482 58.03837500000001 56
stats: size_rcv 47344 2032551
stats: tr_Redirect_To_New_Post 10 62.012 27.609544787989535 422.109 27.745 87.00369387755103 49
stats: newphase 0 1
stats: tr_Get_Register 0 0 0 235.817 5.968 23.036566666666666 60
stats: size_sent 10108 230441
stats: tr_Post_Register 0 0 0 656.544 132.316 253.8315833333334 60
stats: connected -10 1
stats: tr_Get_Book 3 60003.049999999996 2.00692866506799 60017.319 14540.363 58383.080912280704 57
# stats: dump at 1575457764
stats: users 1 59
stats: {load,"tsung_controller@ip-172-31-26-119"} 1 0.01953125 0.0 0.16015625 0.01953125 0.078125 11
stats: {recvpackets,"tsung_controller@ip-172-31-26-119"} 1 77.0 0.0 893 8 290.4 10
stats: {sentpackets,"tsung_controller@ip-172-31-26-119"} 1 64.0 0.0 437 10 186.7 10
stats: {cpu,"tsung_controller@ip-172-31-26-119"} 1 0.14992503748125938 0.0 11.161813269288503 0.0 1.2507595737736983 11
stats: {freemem,"tsung_controller@ip-172-31-26-119"} 1 719.21875 0.0 739.578125 709.390625 717.0649857954545 11
stats: session 0 0 0 91790.866 27056.05 72377.19352542372 59
stats: users_count 0 60
stats: finish_users_count 0 59
stats: request 0 0 0 60017.185 5.813 7449.555540709811 479
stats: connect 0 0 0 30.807 1.049 2.436583333333333 60
stats: page 0 0 0 60017.185 5.813 7449.555540709811 479
stats: tr_Get_Root 0 0 0 605.123 61.173 226.4051833333333 60
stats: 302 0 120
stats: tr_Redirect_Root 0 0 0 917.147 60.545 325.58876666666663 60
stats: 504 0 57
stats: tr_Get_New_Post 0 0 0 485.46 13.641 40.619099999999996 60
stats: 200 0 302
stats: tr_Post_New_Post 0 0 0 479.198 25.482 58.60716666666667 60
stats: size_rcv 0 2032551
stats: tr_Redirect_To_New_Post 0 0 0 422.109 27.745 82.76781355932204 59
stats: newphase 0 1
stats: tr_Get_Register 0 0 0 235.817 5.968 23.036566666666666 60
stats: size_sent 0 230441
stats: tr_Post_Register 0 0 0 656.544 132.316 253.8315833333334 60
stats: connected 0 1
stats: tr_Get_Book 0 0 0 60017.319 14540.363 58464.079366666665 60
# stats: dump at 1575457766
stats: users 0 59
stats: {load,"tsung_controller@ip-172-31-26-119"} 1 0.01953125 0.0 0.16015625 0.01953125 0.0732421875 12
stats: {recvpackets,"tsung_controller@ip-172-31-26-119"} 1 6.0 0.0 893 6 271.0 11
stats: {sentpackets,"tsung_controller@ip-172-31-26-119"} 1 6.0 0.0 437 6 175.54545454545453 11
stats: {cpu,"tsung_controller@ip-172-31-26-119"} 1 0.0 0.0 11.161813269288503 0.0 1.159023362415995 12
stats: {freemem,"tsung_controller@ip-172-31-26-119"} 1 719.30078125 0.0 739.578125 709.390625 717.2444661458334 12
stats: session 1 96879.185 0.0 96879.185 27056.05 72377.19352542372 59
stats: users_count 0 60
stats: finish_users_count 1 60
stats: request 1 40.123 0.0 60017.185 5.813 7449.555540709811 479
stats: connect 0 0 0 30.807 1.049 2.436583333333333 60
stats: page 1 40.123 0.0 60017.185 5.813 7449.555540709811 479
stats: tr_Get_Root 0 0 0 605.123 61.173 226.4051833333333 60
stats: 302 0 120
stats: tr_Redirect_Root 0 0 0 917.147 60.545 325.58876666666663 60
stats: 504 0 57
stats: tr_Get_New_Post 0 0 0 485.46 13.641 40.619099999999996 60
stats: 200 1 303
stats: tr_Post_New_Post 0 0 0 479.198 25.482 58.60716666666667 60
stats: size_rcv 3215 2035766
stats: tr_Redirect_To_New_Post 1 40.251 0.0 422.109 27.745 82.76781355932204 59
stats: newphase 0 1
stats: tr_Get_Register 0 0 0 235.817 5.968 23.036566666666666 60
stats: size_sent 551 230992
stats: tr_Post_Register 0 0 0 656.544 132.316 253.8315833333334 60
stats: connected -1 0
stats: tr_Get_Book 0 0 0 60017.319 14540.363 58464.079366666665 60
EndMonitor:{1575,457766,368583}
