# timestamp userid sessionid requestid event transaction name
1575451256.925377 184 1 6 match_stop tr_Get_Register -
1575451257.049957 193 1 6 match_stop tr_Get_Register -
1575451257.075677 122 1 17 match_stop tr_Redirect_Root -
1575451257.076815 162 1 13 match_stop tr_Post_Register -
1575451257.191605 194 1 6 match_stop tr_Get_Register -
1575451257.233805 152 1 13 match_stop tr_Post_Register -
1575451257.238695 138 1 21 match_stop tr_Get_Conversations -
1575451257.247831 199 1 6 match_stop tr_Get_Register -
1575451257.253842 185 1 6 match_stop tr_Get_Register -
1575451257.264950 128 1 25 match_stop tr_Get_New_Conversation -
1575451257.295786 94 1 13 match_stop tr_Post_Register -
1575451257.405806 153 1 13 match_stop tr_Post_Register -
1575451257.432160 92 1 17 match_stop tr_Redirect_Root -
1575451257.442977 201 1 6 match_stop tr_Get_Register -
1575451257.463117 186 1 6 match_stop tr_Get_Register -
1575451257.566847 202 1 6 match_stop tr_Get_Register -
1575451257.636899 132 1 25 match_stop tr_Get_New_Conversation -
1575451257.647930 87 1 17 match_stop tr_Redirect_Root -
1575451257.657916 265 1 6 match_stop tr_Get_Register -
1575451257.673202 125 1 21 match_stop tr_Get_Conversations -
1575451257.705766 158 1 13 match_stop tr_Post_Register -
1575451257.746033 39 1 34 match_stop tr_Redirect_To_New_Conversation -
1575451257.765794 176 1 6 match_stop tr_Get_Register -
1575451257.794964 198 1 6 match_stop tr_Get_Register -
1575451257.945052 89 1 25 match_stop tr_Get_New_Conversation -
1575451257.946147 156 1 13 match_stop tr_Post_Register -
1575451258.023090 187 1 6 match_stop tr_Get_Register -
1575451258.251904 204 1 6 match_stop tr_Get_Register -
1575451258.257795 48 1 34 match_stop tr_Redirect_To_New_Conversation -
1575451258.606772 206 1 6 match_stop tr_Get_Register -
1575451258.652801 197 1 6 match_stop tr_Get_Register -
1575451258.830593 133 1 6 match_stop tr_Get_Register -
1575451258.866911 121 1 17 match_stop tr_Redirect_Root -
1575451258.873758 205 1 6 match_stop tr_Get_Register -
1575451258.898884 271 1 6 match_stop tr_Get_Register -
1575451258.979266 42 1 30 match_stop tr_Post_New_Conversation -
1575451259.241177 173 1 13 match_stop tr_Post_Register -
1575451259.280911 83 1 25 match_stop tr_Get_New_Conversation -
1575451259.386812 285 1 6 match_stop tr_Get_Register -
1575451259.651892 130 1 25 match_stop tr_Get_New_Conversation -
1575451259.704807 296 1 6 match_stop tr_Get_Register -
1575451259.749275 175 1 13 match_stop tr_Post_Register -
1575451259.861919 123 1 17 match_stop tr_Redirect_Root -
1575451260.174888 304 1 6 match_stop tr_Get_Register -
1575451260.250230 218 1 6 match_stop tr_Get_Register -
1575451260.296880 140 1 13 match_stop tr_Post_Register -
1575451260.336883 189 1 6 match_stop tr_Get_Register -
1575451260.344769 297 1 6 match_stop tr_Get_Register -
1575451260.479819 208 1 6 match_stop tr_Get_Register -
1575451260.488969 183 1 13 match_stop tr_Post_Register -
1575451260.714152 295 1 6 match_stop tr_Get_Register -
1575451260.812912 291 1 6 match_stop tr_Get_Register -
1575451260.817732 287 1 6 match_stop tr_Get_Register -
1575451260.825735 203 1 6 match_stop tr_Get_Register -
1575451260.843988 274 1 6 match_stop tr_Get_Register -
1575451260.943479 161 1 6 match_stop tr_Get_Register -
1575451260.979101 288 1 6 match_stop tr_Get_Register -
1575451261.069827 294 1 6 match_stop tr_Get_Register -
1575451261.152006 135 1 13 match_stop tr_Post_Register -
1575451261.196857 28 1 34 match_stop tr_Redirect_To_New_Conversation -
1575451261.430616 293 1 6 match_stop tr_Get_Register -
1575451261.457742 270 1 6 match_stop tr_Get_Register -
1575451261.487912 177 1 13 match_stop tr_Post_Register -
1575451261.488731 154 1 13 match_stop tr_Post_Register -
1575451261.591153 301 1 6 match_stop tr_Get_Register -
1575451261.617881 32 1 39 match_stop tr_Reply_To_Conversation -
1575451261.686152 209 1 6 match_stop tr_Get_Register -
1575451261.736057 313 1 6 match_stop tr_Get_Register -
1575451261.771002 108 1 21 match_stop tr_Get_Conversations -
1575451261.771748 149 1 17 match_stop tr_Redirect_Root -
1575451261.798702 321 1 6 match_stop tr_Get_Register -
1575451261.871785 131 1 21 match_stop tr_Get_Conversations -
1575451261.883070 310 1 6 match_stop tr_Get_Register -
1575451261.899799 102 1 25 match_stop tr_Get_New_Conversation -
1575451261.910791 99 1 21 match_stop tr_Get_Conversations -
1575451261.966807 331 1 6 match_stop tr_Get_Register -
1575451262.004001 334 1 6 match_stop tr_Get_Register -
1575451262.107728 312 1 6 match_stop tr_Get_Register -
1575451262.431009 232 1 6 match_stop tr_Get_Register -
1575451262.456844 342 1 6 match_stop tr_Get_Register -
1575451262.468851 217 1 6 match_stop tr_Get_Register -
1575451262.492905 222 1 6 match_stop tr_Get_Register -
1575451262.542157 159 1 13 match_stop tr_Post_Register -
1575451262.550909 317 1 6 match_stop tr_Get_Register -
1575451262.588681 136 1 17 match_stop tr_Redirect_Root -
1575451262.656767 188 1 13 match_stop tr_Post_Register -
1575451262.698721 120 1 21 match_stop tr_Get_Conversations -
1575451262.711004 219 1 6 match_stop tr_Get_Register -
1575451262.718750 174 1 13 match_stop tr_Post_Register -
1575451262.732002 353 1 6 match_stop tr_Get_Register -
1575451262.740059 336 1 6 match_stop tr_Get_Register -
1575451262.762783 230 1 6 match_stop tr_Get_Register -
1575451262.854937 225 1 6 match_stop tr_Get_Register -
1575451262.856820 166 1 13 match_stop tr_Post_Register -
1575451262.923892 236 1 6 match_stop tr_Get_Register -
1575451262.937790 215 1 6 match_stop tr_Get_Register -
1575451263.144861 160 1 13 match_stop tr_Post_Register -
1575451263.169774 330 1 6 match_stop tr_Get_Register -
1575451263.184835 134 1 17 match_stop tr_Redirect_Root -
1575451263.426930 163 1 17 match_stop tr_Redirect_Root -
1575451263.446789 235 1 6 match_stop tr_Get_Register -
1575451263.449774 239 1 6 match_stop tr_Get_Register -
1575451263.504639 357 1 6 match_stop tr_Get_Register -
1575451263.513727 228 1 6 match_stop tr_Get_Register -
1575451263.536819 240 1 6 match_stop tr_Get_Register -
1575451263.687963 351 1 6 match_stop tr_Get_Register -
1575451263.695773 16 1 39 match_stop tr_Reply_To_Conversation -
1575451263.726826 119 1 13 match_stop tr_Post_Register -
1575451263.731733 283 1 6 match_stop tr_Get_Register -
1575451263.750854 109 1 21 match_stop tr_Get_Conversations -
1575451263.846521 45 1 30 match_stop tr_Post_New_Conversation -
1575451263.847237 164 1 17 match_stop tr_Redirect_Root -
1575451263.848737 221 1 6 match_stop tr_Get_Register -
1575451263.904067 339 1 6 match_stop tr_Get_Register -
1575451263.965811 231 1 6 match_stop tr_Get_Register -
1575451264.031450 41 1 39 match_stop tr_Reply_To_Conversation -
1575451264.047007 377 1 6 match_stop tr_Get_Register -
1575451264.064673 105 1 25 match_stop tr_Get_New_Conversation -
1575451264.065004 346 1 6 match_stop tr_Get_Register -
1575451264.167203 326 1 6 match_stop tr_Get_Register -
1575451264.226931 379 1 6 match_stop tr_Get_Register -
1575451264.258718 148 1 17 match_stop tr_Redirect_Root -
1575451264.298281 311 1 6 match_stop tr_Get_Register -
1575451264.336811 389 1 6 match_stop tr_Get_Register -
1575451264.427818 124 1 17 match_stop tr_Redirect_Root -
1575451264.442041 359 1 6 match_stop tr_Get_Register -
1575451264.444484 192 1 13 match_stop tr_Post_Register -
1575451264.452828 345 1 6 match_stop tr_Get_Register -
1575451264.460914 366 1 6 match_stop tr_Get_Register -
1575451264.490923 212 1 6 match_stop tr_Get_Register -
1575451264.530004 165 1 17 match_stop tr_Redirect_Root -
1575451264.741830 358 1 6 match_stop tr_Get_Register -
1575451264.797030 386 1 6 match_stop tr_Get_Register -
1575451264.818920 395 1 6 match_stop tr_Get_Register -
1575451264.878259 242 1 6 match_stop tr_Get_Register -
1575451264.926814 147 1 17 match_stop tr_Redirect_Root -
1575451265.022029 371 1 6 match_stop tr_Get_Register -
1575451265.022248 388 1 6 match_stop tr_Get_Register -
1575451265.041195 238 1 6 match_stop tr_Get_Register -
1575451265.086938 34 1 34 match_stop tr_Redirect_To_New_Conversation -
1575451265.109984 227 1 6 match_stop tr_Get_Register -
1575451265.181099 393 1 6 match_stop tr_Get_Register -
1575451265.522818 182 1 13 match_stop tr_Post_Register -
1575451265.527753 191 1 13 match_stop tr_Post_Register -
1575451265.634871 216 1 6 match_stop tr_Get_Register -
1575451265.650917 249 1 6 match_stop tr_Get_Register -
1575451265.857801 410 1 6 match_stop tr_Get_Register -
1575451265.941460 338 1 6 match_stop tr_Get_Register -
1575451265.990829 234 1 6 match_stop tr_Get_Register -
1575451266.056993 252 1 6 match_stop tr_Get_Register -
1575451266.074778 387 1 6 match_stop tr_Get_Register -
1575451266.075004 244 1 6 match_stop tr_Get_Register -
1575451266.129606 167 1 17 match_stop tr_Redirect_Root -
1575451266.243026 412 1 6 match_stop tr_Get_Register -
1575451266.252380 253 1 6 match_stop tr_Get_Register -
1575451266.258794 255 1 6 match_stop tr_Get_Register -
1575451266.282405 373 1 6 match_stop tr_Get_Register -
1575451266.393579 207 1 6 match_stop tr_Get_Register -
1575451266.616681 38 1 30 match_stop tr_Post_New_Conversation -
1575451266.625778 385 1 6 match_stop tr_Get_Register -
1575451266.625934 145 1 21 match_stop tr_Get_Conversations -
1575451266.785554 142 1 17 match_stop tr_Redirect_Root -
1575451266.793741 419 1 6 match_stop tr_Get_Register -
1575451266.800000 44 1 30 match_stop tr_Post_New_Conversation -
1575451266.842253 171 1 13 match_stop tr_Post_Register -
1575451266.858329 332 1 6 match_stop tr_Get_Register -
1575451266.888839 257 1 6 match_stop tr_Get_Register -
1575451267.019938 146 1 13 match_stop tr_Post_Register -
1575451267.107029 258 1 6 match_stop tr_Get_Register -
1575451267.241053 223 1 6 match_stop tr_Get_Register -
1575451267.573107 157 1 17 match_stop tr_Redirect_Root -
1575451267.757964 422 1 6 match_stop tr_Get_Register -
1575451267.774049 433 1 6 match_stop tr_Get_Register -
1575451268.630845 273 1 13 match_stop tr_Post_Register -
1575451268.638899 178 1 13 match_stop tr_Post_Register -
1575451268.802175 62 1 30 match_stop tr_Post_New_Conversation -
1575451268.890957 435 1 6 match_stop tr_Get_Register -
1575451268.918856 179 1 17 match_stop tr_Redirect_Root -
1575451268.919394 430 1 6 match_stop tr_Get_Register -
1575451269.602982 229 1 13 match_stop tr_Post_Register -
1575451269.627173 380 1 6 match_stop tr_Get_Register -
1575451269.643056 106 1 25 match_stop tr_Get_New_Conversation -
1575451269.645260 50 1 30 match_stop tr_Post_New_Conversation -
1575451269.802785 267 1 13 match_stop tr_Post_Register -
1575451270.288376 226 1 13 match_stop tr_Post_Register -
1575451270.314851 299 1 6 match_stop tr_Get_Register -
1575451272.850076 420 1 6 match_stop tr_Get_Register -
1575451272.852615 364 1 6 match_stop tr_Get_Register -
1575451272.913044 323 1 6 match_stop tr_Get_Register -
1575451273.312059 376 1 13 match_stop tr_Post_Register -
1575451273.441001 355 1 6 match_stop tr_Get_Register -
1575451274.021952 322 1 13 match_stop tr_Post_Register -
1575451299.408352 426 1 25 match_stop tr_Get_New_Conversation -
1575451299.465829 349 1 25 match_stop tr_Get_New_Conversation -
1575451299.605975 316 1 21 match_stop tr_Get_Conversations -
1575451299.613446 443 1 21 match_stop tr_Get_Conversations -
1575451299.815001 408 1 21 match_stop tr_Get_Conversations -
1575451299.883393 86 1 34 match_stop tr_Redirect_To_New_Conversation -
1575451299.908159 81 1 39 match_stop tr_Reply_To_Conversation -
1575451299.994020 281 1 25 match_stop tr_Get_New_Conversation -
1575451300.061995 40 1 39 match_stop tr_Reply_To_Conversation -
1575451300.239941 261 1 25 match_stop tr_Get_New_Conversation -
1575451300.306333 245 1 21 match_stop tr_Get_Conversations -
1575451300.485083 90 1 39 match_stop tr_Reply_To_Conversation -
1575451300.609339 66 1 34 match_stop tr_Redirect_To_New_Conversation -
1575451301.123691 325 1 25 match_stop tr_Get_New_Conversation -
1575451301.186737 112 1 30 match_stop tr_Post_New_Conversation -
1575451301.290981 437 1 25 match_stop tr_Get_New_Conversation -
1575451302.029435 61 1 42 match_stop tr_Redirect_To_Same_Conversation -
1575451310.475326 428 1 25 match_stop tr_Get_New_Conversation -
1575451311.033746 117 1 30 match_stop tr_Post_New_Conversation -
1575451353.910633 300 1 25 match_stop tr_Get_New_Conversation -
1575451353.961247 266 1 25 match_stop tr_Get_New_Conversation -
1575451354.060723 263 1 25 match_stop tr_Get_New_Conversation -
1575451354.060996 404 1 25 match_stop tr_Get_New_Conversation -
1575451354.212614 374 1 25 match_stop tr_Get_New_Conversation -
1575451354.212909 150 1 25 match_stop tr_Get_New_Conversation -
1575451354.281716 434 1 25 match_stop tr_Get_New_Conversation -
1575451354.283645 243 1 25 match_stop tr_Get_New_Conversation -
1575451354.283914 375 1 25 match_stop tr_Get_New_Conversation -
1575451354.284089 190 1 25 match_stop tr_Get_New_Conversation -
1575451354.284243 307 1 25 match_stop tr_Get_New_Conversation -
1575451354.284296 327 1 25 match_stop tr_Get_New_Conversation -
1575451354.300723 372 1 25 match_stop tr_Get_New_Conversation -
1575451354.305828 370 1 25 match_stop tr_Get_New_Conversation -
1575451354.305951 344 1 25 match_stop tr_Get_New_Conversation -
1575451354.590680 381 1 25 match_stop tr_Get_New_Conversation -
1575451354.643747 333 1 25 match_stop tr_Get_New_Conversation -
1575451354.866942 284 1 25 match_stop tr_Get_New_Conversation -
1575451354.968058 224 1 25 match_stop tr_Get_New_Conversation -
1575451355.213558 210 1 25 match_stop tr_Get_New_Conversation -
1575451355.301214 398 1 25 match_stop tr_Get_New_Conversation -
1575451355.386460 260 1 25 match_stop tr_Get_New_Conversation -
1575451355.390555 341 1 25 match_stop tr_Get_New_Conversation -
1575451355.558892 352 1 25 match_stop tr_Get_New_Conversation -
1575451355.806301 264 1 25 match_stop tr_Get_New_Conversation -
1575451355.869637 378 1 25 match_stop tr_Get_New_Conversation -
1575451355.869658 329 1 25 match_stop tr_Get_New_Conversation -
1575451355.976190 298 1 25 match_stop tr_Get_New_Conversation -
1575451356.085173 309 1 25 match_stop tr_Get_New_Conversation -
1575451356.190396 340 1 25 match_stop tr_Get_New_Conversation -
1575451356.355260 401 1 25 match_stop tr_Get_New_Conversation -
1575451356.463108 397 1 25 match_stop tr_Get_New_Conversation -
1575451356.493945 382 1 25 match_stop tr_Get_New_Conversation -
1575451356.722167 347 1 25 match_stop tr_Get_New_Conversation -
1575451356.791086 211 1 25 match_stop tr_Get_New_Conversation -
1575451356.794507 431 1 25 match_stop tr_Get_New_Conversation -
1575451356.797703 251 1 25 match_stop tr_Get_New_Conversation -
1575451357.280308 360 1 25 match_stop tr_Get_New_Conversation -
1575451357.329882 367 1 25 match_stop tr_Get_New_Conversation -
1575451357.379167 421 1 25 match_stop tr_Get_New_Conversation -
1575451357.444242 418 1 25 match_stop tr_Get_New_Conversation -
1575451357.535814 365 1 25 match_stop tr_Get_New_Conversation -
1575451357.535869 315 1 25 match_stop tr_Get_New_Conversation -
1575451357.583482 246 1 25 match_stop tr_Get_New_Conversation -
1575451357.998309 282 1 25 match_stop tr_Get_New_Conversation -
1575451357.998329 362 1 25 match_stop tr_Get_New_Conversation -
1575451358.520214 318 1 25 match_stop tr_Get_New_Conversation -
1575451358.908168 308 1 25 match_stop tr_Get_New_Conversation -
1575451359.072961 369 1 25 match_stop tr_Get_New_Conversation -
1575451359.127611 356 1 25 match_stop tr_Get_New_Conversation -
1575451359.423514 233 1 25 match_stop tr_Get_New_Conversation -
1575451366.204265 423 1 25 match_stop tr_Get_New_Conversation -
1575451366.862882 354 1 25 match_stop tr_Get_New_Conversation -
1575451367.516470 394 1 25 match_stop tr_Get_New_Conversation -
1575451370.404130 391 1 25 match_stop tr_Get_New_Conversation -
1575451372.209423 303 1 25 match_stop tr_Get_New_Conversation -
1575451373.642105 275 1 25 match_stop tr_Get_New_Conversation -
1575451373.779812 276 1 25 match_stop tr_Get_New_Conversation -
1575451374.043492 241 1 25 match_stop tr_Get_New_Conversation -
1575451374.547352 319 1 25 match_stop tr_Get_New_Conversation -
1575451375.276973 363 1 25 match_stop tr_Get_New_Conversation -
1575451375.666892 52 1 39 match_stop tr_Reply_To_Conversation -
1575451377.552763 127 1 30 match_stop tr_Post_New_Conversation -
1575451378.020707 141 1 30 match_stop tr_Post_New_Conversation -
1575451378.753050 79 1 42 match_stop tr_Redirect_To_Same_Conversation -
1575451379.064700 77 1 39 match_stop tr_Reply_To_Conversation -
1575451380.375697 139 1 30 match_stop tr_Post_New_Conversation -
1575451380.930858 442 1 25 match_stop tr_Get_New_Conversation -
1575451381.219908 259 1 25 match_stop tr_Get_New_Conversation -
1575451381.369973 97 1 30 match_stop tr_Post_New_Conversation -
1575451381.376120 440 1 25 match_stop tr_Get_New_Conversation -
1575451381.573996 335 1 25 match_stop tr_Get_New_Conversation -
1575451381.869709 444 1 21 match_stop tr_Get_Conversations -
1575451382.313899 406 1 25 match_stop tr_Get_New_Conversation -
1575451383.224721 324 1 25 match_stop tr_Get_New_Conversation -
1575451383.251166 114 1 30 match_stop tr_Post_New_Conversation -
1575451383.393372 151 1 30 match_stop tr_Post_New_Conversation -
1575451383.393633 59 1 39 match_stop tr_Reply_To_Conversation -
1575451383.881911 137 1 30 match_stop tr_Post_New_Conversation -
1575451383.902047 414 1 25 match_stop tr_Get_New_Conversation -
1575451383.907571 72 1 39 match_stop tr_Reply_To_Conversation -
1575451384.395365 116 1 30 match_stop tr_Post_New_Conversation -
1575451384.397621 277 1 25 match_stop tr_Get_New_Conversation -
1575451384.484553 403 1 25 match_stop tr_Get_New_Conversation -
1575451384.484735 306 1 25 match_stop tr_Get_New_Conversation -
1575451384.566762 320 1 25 match_stop tr_Get_New_Conversation -
1575451385.297053 129 1 30 match_stop tr_Post_New_Conversation -
1575451385.297323 384 1 25 match_stop tr_Get_New_Conversation -
1575451386.968323 343 1 21 match_stop tr_Get_Conversations -
1575451387.019584 155 1 30 match_stop tr_Post_New_Conversation -
1575451387.598340 95 1 34 match_stop tr_Redirect_To_New_Conversation -
1575451387.699943 76 1 39 match_stop tr_Reply_To_Conversation -
1575451389.451908 181 1 30 match_stop tr_Post_New_Conversation -
1575451389.570407 180 1 30 match_stop tr_Post_New_Conversation -
1575451390.108923 172 1 30 match_stop tr_Post_New_Conversation -
1575451390.237089 144 1 30 match_stop tr_Post_New_Conversation -
1575451390.681216 169 1 30 match_stop tr_Post_New_Conversation -
1575451390.864023 272 1 30 match_stop tr_Post_New_Conversation -
1575451391.435723 143 1 30 match_stop tr_Post_New_Conversation -
1575451391.503096 196 1 30 match_stop tr_Post_New_Conversation -
1575451391.503238 286 1 30 match_stop tr_Post_New_Conversation -
1575451392.257377 237 1 25 match_stop tr_Get_New_Conversation -
1575451392.516791 170 1 30 match_stop tr_Post_New_Conversation -
1575451392.660352 91 1 42 match_stop tr_Redirect_To_Same_Conversation -
1575451392.719507 168 1 30 match_stop tr_Post_New_Conversation -
1575451392.793077 213 1 30 match_stop tr_Post_New_Conversation -
1575451392.852451 409 1 25 match_stop tr_Get_New_Conversation -
1575451393.299459 392 1 30 match_stop tr_Post_New_Conversation -
1575451393.299648 262 1 30 match_stop tr_Post_New_Conversation -
1575451393.466624 305 1 30 match_stop tr_Post_New_Conversation -
1575451393.522382 415 1 25 match_stop tr_Get_New_Conversation -
1575451393.636135 390 1 30 match_stop tr_Post_New_Conversation -
1575451393.761727 425 1 25 match_stop tr_Get_New_Conversation -
1575451393.880971 396 1 25 match_stop tr_Get_New_Conversation -
1575451394.002537 195 1 30 match_stop tr_Post_New_Conversation -
1575451394.002845 432 1 30 match_stop tr_Post_New_Conversation -
1575451394.460091 314 1 30 match_stop tr_Post_New_Conversation -
1575451394.552193 279 1 25 match_stop tr_Get_New_Conversation -
1575451394.598003 220 1 30 match_stop tr_Post_New_Conversation -
1575451394.620252 56 1 42 match_stop tr_Redirect_To_Same_Conversation -
1575451394.816123 383 1 25 match_stop tr_Get_New_Conversation -
1575451394.873625 424 1 25 match_stop tr_Get_New_Conversation -
1575451394.905103 302 1 30 match_stop tr_Post_New_Conversation -
1575451394.905338 82 1 39 match_stop tr_Reply_To_Conversation -
1575451394.905563 429 1 30 match_stop tr_Post_New_Conversation -
1575451394.905563 280 1 25 match_stop tr_Get_New_Conversation -
1575451394.905748 250 1 30 match_stop tr_Post_New_Conversation -
1575451394.905839 290 1 30 match_stop tr_Post_New_Conversation -
1575451394.905990 214 1 30 match_stop tr_Post_New_Conversation -
1575451395.505381 256 1 30 match_stop tr_Post_New_Conversation -
1575451395.718693 441 1 25 match_stop tr_Get_New_Conversation -
1575451395.768487 60 1 42 match_stop tr_Redirect_To_Same_Conversation -
1575451395.829074 416 1 30 match_stop tr_Post_New_Conversation -
1575451395.912960 248 1 30 match_stop tr_Post_New_Conversation -
1575451396.008546 268 1 30 match_stop tr_Post_New_Conversation -
1575451396.149033 200 1 30 match_stop tr_Post_New_Conversation -
1575451396.185954 337 1 25 match_stop tr_Get_New_Conversation -
1575451396.186189 78 1 42 match_stop tr_Redirect_To_Same_Conversation -
1575451396.222146 350 1 25 match_stop tr_Get_New_Conversation -
1575451396.662659 368 1 25 match_stop tr_Get_New_Conversation -
1575451396.710553 98 1 34 match_stop tr_Redirect_To_New_Conversation -
1575451396.769075 75 1 42 match_stop tr_Redirect_To_Same_Conversation -
1575451396.815012 269 1 30 match_stop tr_Post_New_Conversation -
1575451396.976643 436 1 25 match_stop tr_Get_New_Conversation -
1575451397.410837 278 1 25 match_stop tr_Get_New_Conversation -
1575451397.411152 407 1 25 match_stop tr_Get_New_Conversation -
1575451397.563030 292 1 30 match_stop tr_Post_New_Conversation -
1575451397.821912 71 1 34 match_stop tr_Redirect_To_New_Conversation -
1575451397.822370 413 1 30 match_stop tr_Post_New_Conversation -
1575451397.910079 254 1 30 match_stop tr_Post_New_Conversation -
1575451398.079595 58 1 39 match_stop tr_Reply_To_Conversation -
1575451398.201425 417 1 30 match_stop tr_Post_New_Conversation -
1575451398.325006 80 1 34 match_stop tr_Redirect_To_New_Conversation -
1575451398.388291 64 1 34 match_stop tr_Redirect_To_New_Conversation -
1575451398.443804 399 1 25 match_stop tr_Get_New_Conversation -
1575451398.648400 247 1 30 match_stop tr_Post_New_Conversation -
1575451398.744964 438 1 25 match_stop tr_Get_New_Conversation -
1575451399.080258 439 1 25 match_stop tr_Get_New_Conversation -
1575451399.144193 361 1 30 match_stop tr_Post_New_Conversation -
1575451399.753869 405 1 25 match_stop tr_Get_New_Conversation -
1575451399.801950 427 1 25 match_stop tr_Get_New_Conversation -
1575451400.009875 93 1 34 match_stop tr_Redirect_To_New_Conversation -
1575451400.010192 101 1 34 match_stop tr_Redirect_To_New_Conversation -
1575451400.355320 96 1 34 match_stop tr_Redirect_To_New_Conversation -
1575451400.445414 67 1 42 match_stop tr_Redirect_To_Same_Conversation -
1575451400.596189 104 1 34 match_stop tr_Redirect_To_New_Conversation -
1575451400.649542 328 1 30 match_stop tr_Post_New_Conversation -
1575451400.741313 74 1 39 match_stop tr_Reply_To_Conversation -
1575451400.910322 103 1 34 match_stop tr_Redirect_To_New_Conversation -
1575451401.186409 126 1 34 match_stop tr_Redirect_To_New_Conversation -
1575451401.193550 400 1 30 match_stop tr_Post_New_Conversation -
1575451401.471027 348 1 25 match_stop tr_Get_New_Conversation -
1575451401.714339 118 1 34 match_stop tr_Redirect_To_New_Conversation -
1575451401.714339 402 1 25 match_stop tr_Get_New_Conversation -
1575451401.806514 411 1 25 match_stop tr_Get_New_Conversation -
1575451402.294594 63 1 42 match_stop tr_Redirect_To_Same_Conversation -
1575451402.355411 88 1 34 match_stop tr_Redirect_To_New_Conversation -
1575451402.487932 289 1 30 match_stop tr_Post_New_Conversation -
1575451403.048035 84 1 34 match_stop tr_Redirect_To_New_Conversation -
1575451403.131759 107 1 34 match_stop tr_Redirect_To_New_Conversation -
1575451404.690894 110 1 34 match_stop tr_Redirect_To_New_Conversation -
1575451404.936156 115 1 34 match_stop tr_Redirect_To_New_Conversation -
1575451407.872557 113 1 34 match_stop tr_Redirect_To_New_Conversation -
1575451408.511014 111 1 34 match_stop tr_Redirect_To_New_Conversation -
1575451414.462892 100 1 34 match_stop tr_Redirect_To_New_Conversation -
