# stats: dump at 1575451217
stats: users 24 24
stats: {freemem,"tsung_controller@ip-172-31-31-187"} 1 730.29296875 0 730.29296875 730.29296875 0 0
stats: {load,"tsung_controller@ip-172-31-31-187"} 1 0.0 0 0.0 0.0 0 0
stats: {cpu,"tsung_controller@ip-172-31-31-187"} 1 0.1639743439397493 0 0.1639743439397493 0.1639743439397493 0 0
stats: users_count 24 24
stats: finish_users_count 0 0
stats: request 61 73.27939344262296 189.24629436875168 1475.402 5.158 0 0
stats: tr_Get_Root 21 45.36852380952381 12.983096833663772 84.281 33.537 0 0
stats: connect 22 1.6570909090909085 2.2031835624653144 9.479 0.608 0 0
stats: page 61 73.27939344262296 189.24629436875168 1475.402 5.158 0 0
stats: 302 11 11
stats: tr_Redirect_Root 8 41.3515 9.91000687436694 66.174 33.114 0 0
stats: 200 50 50
stats: tr_Get_Conversations 7 9.546714285714286 1.6715685289388458 13.118 8.328 0 0
stats: match 40 40
stats: tr_Get_Register 13 7.033846153846154 1.9917317492440454 13.29 5.295 0 0
stats: size_rcv 335298 335298
stats: tr_Post_Register 10 153.32239999999996 61.70136811643643 337.626 125.56 0 0
stats: size_sent 23861 23861
stats: tr_Post_New_Conversation 1 30.184 0 30.184 30.184 0 0
stats: connected 22 22
stats: tr_Get_New_Conversation 1 1475.577 0 1475.577 1475.577 0 0
# stats: dump at 1575451227
stats: users 35 35
stats: {freemem,"tsung_controller@ip-172-31-31-187"} 1 722.23828125 0.0 730.29296875 722.23828125 730.29296875 1
stats: {load,"tsung_controller@ip-172-31-31-187"} 1 0.0 0.0 0.0 0.0 0.0 1
stats: {recvpackets,"tsung_controller@ip-172-31-31-187"} 1 580 0 580 580 0 0
stats: {sentpackets,"tsung_controller@ip-172-31-31-187"} 1 337 0 337 337 0 0
stats: {cpu,"tsung_controller@ip-172-31-31-187"} 1 0.997506234413965 0.0 0.997506234413965 0.1639743439397493 0.1639743439397493 1
stats: session 10 13257.5626 2300.804610936756 17354.279 9702.967 0 0
stats: users_count 21 45
stats: finish_users_count 10 10
stats: request 148 174.0291351351351 422.3480429060567 1963.778 5.158 73.27939344262296 61
stats: connect 21 0.7712857142857142 0.0857755336728997 9.479 0.573 1.6570909090909085 22
stats: page 139 185.30529496402877 433.6730689352674 1963.778 5.158 73.27939344262296 61
stats: tr_Get_Root 22 68.53545454545457 25.30474808972217 116.077 33.449 45.36852380952381 21
stats: 302 38 49
stats: tr_Redirect_Root 19 84.92373684210527 47.382330398402516 224.373 33.114 41.3515 8
stats: 200 110 160
stats: tr_Get_Conversations 17 11.621764705882352 4.344456068700888 24.608 7.715 9.546714285714286 7
stats: match 126 166
stats: tr_Get_Register 22 9.825409090909094 6.906554098424394 40.071 5.295 7.033846153846154 13
stats: size_rcv 808550 1143848
stats: tr_Post_Register 18 156.664 30.654673491800374 337.626 125.56 153.32239999999996 10
stats: newphase 1 1
stats: tr_Post_New_Conversation 11 24.724363636363634 5.021955944065243 33.393 18.1 30.184 1
stats: size_sent 67010 90871
stats: tr_Get_New_Conversation 11 1645.3725454545456 159.23109065720888 1963.947 1377.194 1475.577 1
stats: connected 12 34
stats: tr_Redirect_To_New_Conversation 10 25.621100000000002 2.069401432781953 28.762 22.179 0 0
stats: tr_Redirect_To_Same_Conversation 9 27.753888888888884 6.5158117162014175 33.749 16.456 0 0
stats: tr_Reply_To_Conversation 9 60.625 42.226839279722974 170.795 27.294 0 0
# stats: dump at 1575451237
stats: users 65 65
stats: {freemem,"tsung_controller@ip-172-31-31-187"} 1 713.25 0.0 730.29296875 713.25 726.265625 2
stats: {load,"tsung_controller@ip-172-31-31-187"} 1 0.0 0.0 0.0 0.0 0.0 2
stats: {recvpackets,"tsung_controller@ip-172-31-31-187"} 1 2508.0 0.0 2508 580 580.0 1
stats: {sentpackets,"tsung_controller@ip-172-31-31-187"} 1 2805.0 0.0 2805 337 337.0 1
stats: {cpu,"tsung_controller@ip-172-31-31-187"} 1 2.4962556165751373 0.0 2.4962556165751373 0.1639743439397493 0.5807402891768572 2
stats: session 2 15847.402 283.33400000000074 17354.279 9702.967 13257.5626 10
stats: users_count 32 77
stats: finish_users_count 2 12
stats: request 185 647.6039621621622 1682.1371910861471 8968.002 5.158 144.62370813397126 209
stats: connect 33 0.9544242424242424 0.9368670883484416 9.479 0.573 1.224488372093023 43
stats: page 182 658.2806373626373 1694.1473505030795 8968.002 5.158 151.13739500000003 200
stats: tr_Get_Root 31 418.7862903225806 171.64304664213208 783.019 33.449 57.22137209302327 43
stats: 302 51 100
stats: tr_Redirect_Root 27 422.2364444444445 137.843292428686 725.573 33.114 72.01344444444446 27
stats: 200 134 294
stats: tr_Get_Conversations 25 91.98971999999999 90.70673443819705 342.29 7.715 11.016541666666667 24
stats: match 154 320
stats: tr_Get_Register 32 24.870187500000004 26.48867225041383 162.874 5.295 8.788542857142858 35
stats: size_rcv 984873 2128721
stats: tr_Post_Register 37 273.2737567567567 67.40429551529937 453.616 125.56 155.47057142857142 28
stats: newphase 0 1
stats: tr_Post_New_Conversation 11 259.35699999999997 68.6568176512719 352.143 18.1 25.179333333333332 12
stats: size_sent 86248 177119
stats: tr_Get_New_Conversation 11 7034.238909090909 1918.1181248752155 8968.115 1377.194 1631.2229166666668 12
stats: connected 30 64
stats: tr_Redirect_To_New_Conversation 5 198.69480000000001 113.62214256455472 367.813 22.179 25.621100000000002 10
stats: tr_Redirect_To_Same_Conversation 3 128.21733333333336 71.04440504517031 223.251 16.456 27.753888888888884 9
stats: tr_Reply_To_Conversation 3 211.82266666666666 79.54453059485331 314.378 27.294 60.625 9
# stats: dump at 1575451247
stats: users 132 132
stats: {freemem,"tsung_controller@ip-172-31-31-187"} 1 698.9765625 0.0 730.29296875 698.9765625 721.9270833333334 3
stats: {load,"tsung_controller@ip-172-31-31-187"} 1 0.0 0.0 0.0 0.0 0.0 3
stats: {recvpackets,"tsung_controller@ip-172-31-31-187"} 1 1815.0 0.0 2508 580 1544.0 2
stats: {sentpackets,"tsung_controller@ip-172-31-31-187"} 1 1624.0 0.0 2805 337 1571.0 2
stats: {cpu,"tsung_controller@ip-172-31-31-187"} 1 2.147852147852148 0.0 2.4962556165751373 0.1639743439397493 1.2192453983096172 3
stats: session 10 25164.6293 4484.593590613669 32882.215 9702.967 13689.2025 12
stats: users_count 77 154
stats: finish_users_count 10 22
stats: request 259 740.4560617760618 1303.9345066112626 11821.679 5.158 380.7946395939087 394
stats: connect 72 0.999222222222222 1.0639684130417675 9.479 0.573 1.107223684210526 76
stats: page 249 767.1297028112452 1330.37969298345 11821.679 5.158 392.76061518324605 382
stats: tr_Get_Root 65 1059.8489999999997 412.0646487904539 2134.258 33.449 208.68775675675673 74
stats: 302 50 150
stats: tr_Redirect_Root 36 973.9340833333333 411.0380465721563 1775.934 33.114 247.1249444444445 54
stats: 200 209 503
stats: tr_Get_Conversations 33 175.89378787878786 127.25024640703833 526.427 7.715 52.32938775510204 49
stats: match 194 514
stats: tr_Get_Register 52 132.38651923076924 136.12513085682633 486.809 5.295 16.46932835820896 67
stats: size_rcv 1263552 3392273
stats: tr_Post_Register 36 490.1333333333333 182.48306353787103 928.615 125.56 222.5277692307692 65
stats: newphase 1 2
stats: tr_Post_New_Conversation 4 276.14325 76.89343260765187 352.143 18.1 137.17734782608696 23
stats: size_sent 124507 301626
stats: tr_Get_New_Conversation 4 10387.868 925.3237437154083 11821.854 1377.194 4215.274043478261 23
stats: connected 63 127
stats: tr_Redirect_To_New_Conversation 10 441.5057 199.24133229882298 835.588 22.179 83.31233333333333 15
stats: tr_Redirect_To_Same_Conversation 9 438.2651111111111 173.391080848048 670.598 16.456 52.86975 12
stats: tr_Reply_To_Conversation 10 651.1501999999999 297.9094404482006 1296.789 27.294 98.42441666666666 12
# stats: dump at 1575451257
stats: users 232 235
stats: {freemem,"tsung_controller@ip-172-31-31-187"} 1 681.65625 0.0 730.29296875 681.65625 716.189453125 4
stats: {load,"tsung_controller@ip-172-31-31-187"} 1 0.0 0.0 0.0 0.0 0.0 4
stats: {recvpackets,"tsung_controller@ip-172-31-31-187"} 1 1876.0 0.0 2508 580 1634.3333333333333 3
stats: {sentpackets,"tsung_controller@ip-172-31-31-187"} 1 1119.0 0.0 2805 337 1588.6666666666667 3
stats: {cpu,"tsung_controller@ip-172-31-31-187"} 1 1.296111665004985 0.0 2.4962556165751373 0.1639743439397493 1.45139708569525 4
stats: session 6 18757.39566666667 14450.349740297474 43858.853 5947.547 18905.30559090909 22
stats: users_count 106 260
stats: finish_users_count 6 28
stats: request 180 3656.0398944444423 3168.08898413141 20820.313 5.158 523.447485451761 653
stats: connect 104 1.0345961538461532 1.5602224540555278 14.566 0.539 1.0546824324324322 148
stats: page 176 3695.5281022727268 3206.2205664062562 20820.313 5.158 540.4910475435817 631
stats: tr_Get_Root 57 3442.914157894738 1094.2459874408075 5154.232 33.449 606.712798561151 139
stats: 302 37 187
stats: tr_Redirect_Root 21 3486.1490952380955 982.2098953586101 4744.243 33.114 537.8486 90
stats: 200 143 646
stats: tr_Get_Conversations 16 2882.4003125000004 1159.6337739243215 4159.711 7.715 102.05652439024388 82
stats: match 123 637
stats: tr_Get_Register 36 2755.369555555555 1103.5853050076887 4089.126 5.295 67.12221848739496 119
stats: size_rcv 1043284 4435557
stats: tr_Post_Register 28 2469.4376428571436 1075.8193756142075 4318.938 125.56 317.9119306930693 101
stats: newphase 1 3
stats: tr_Post_New_Conversation 5 3254.7036 1073.764519396241 4455.541 18.1 157.7648888888889 27
stats: size_sent 100634 402260
stats: tr_Get_New_Conversation 7 18247.929714285714 1820.7495064895447 20820.48 1377.194 5129.732407407407 27
stats: connected 101 228
stats: tr_Redirect_To_New_Conversation 3 3232.018666666667 819.914017467821 4273.046 22.179 226.58968000000002 25
stats: tr_Redirect_To_Same_Conversation 3 2525.174666666667 1340.3599582364268 4308.466 16.456 218.03919047619044 21
stats: tr_Reply_To_Conversation 4 3229.7665 1244.84431410006 4237.29 27.294 349.66340909090906 22
# stats: dump at 1575451267
stats: users 239 248
stats: {freemem,"tsung_controller@ip-172-31-31-187"} 1 660.4921875 0.0 730.29296875 660.4921875 709.2828125 5
stats: {load,"tsung_controller@ip-172-31-31-187"} 1 0.0 0.0 0.0 0.0 0.0 5
stats: {recvpackets,"tsung_controller@ip-172-31-31-187"} 1 1642.0 0.0 2508 580 1694.75 4
stats: {sentpackets,"tsung_controller@ip-172-31-31-187"} 1 1133.0 0.0 2805 337 1471.25 4
stats: {cpu,"tsung_controller@ip-172-31-31-187"} 1 1.4940239043824701 0.0 2.4962556165751373 0.1639743439397493 1.420340001557197 5
stats: session 168 11453.52164880953 10963.403380607351 56146.703 156.428 18873.61060714286 28
stats: users_count 175 435
stats: finish_users_count 168 196
stats: request 424 2934.924768867926 4883.589157194762 29051.781 0.358 1200.358210084033 833
stats: connect 173 1.8479537572254336 5.588075383794623 38.783 0.539 1.046392857142857 252
stats: page 420 2970.631402380954 4921.02638652401 29051.781 0.358 1228.5784349442379 807
stats: tr_Get_Root 165 2603.2588424242417 3423.7751964088357 9616.304 0.988 1431.5264591836738 196
stats: 302 25 212
stats: tr_Redirect_Root 30 3100.5887999999995 3220.958783058065 8373.554 0.434 1095.6351801801802 111
stats: match_stop 161 161
stats: tr_Get_Conversations 20 3595.5804 3179.74581534467 8501.175 0.445 555.9902040816328 98
stats: 200 136 782
stats: tr_Get_Register 131 1487.9489923664123 2739.413978170997 8736.118 0.452 691.4893419354837 155
stats: match 98 735
stats: tr_Post_Register 44 3376.3255681818187 3606.898151786514 9181.761 0.464 784.9097596899226 129
stats: size_rcv 1195202 5630759
stats: tr_Post_New_Conversation 5 2103.7434000000003 2618.282628343824 6000.779 0.488 641.6615625 32
stats: newphase 0 3
stats: tr_Get_New_Conversation 17 15587.136058823531 13114.69186192784 29051.882 0.55 7830.537735294118 34
stats: 502 263 263
stats: tr_Redirect_To_New_Conversation 6 2248.1271666666667 3179.5125161149795 6884.879 0.546 548.5999285714286 28
stats: nomatch 161 161
stats: tr_Redirect_To_Same_Conversation 2 6169.263 351.8869999999997 6521.15 16.456 506.431125 24
stats: size_sent 109156 511416
stats: tr_Reply_To_Conversation 4 1295.6274999999998 2242.761879702513 5180.205 0.525 792.7561923076923 26
stats: connected 10 238
# stats: dump at 1575451277
stats: users 225 248
stats: {freemem,"tsung_controller@ip-172-31-31-187"} 1 655.12890625 0.0 730.29296875 655.12890625 701.1510416666666 6
stats: {load,"tsung_controller@ip-172-31-31-187"} 1 0.0 0.0 0.0 0.0 0.0 6
stats: {recvpackets,"tsung_controller@ip-172-31-31-187"} 1 2220.0 0.0 2508 580 1684.2 5
stats: {sentpackets,"tsung_controller@ip-172-31-31-187"} 1 1829.0 0.0 2805 337 1403.6 5
stats: {cpu,"tsung_controller@ip-172-31-31-187"} 1 1.744765702891326 0.0 2.4962556165751373 0.1639743439397493 1.4326206520280758 6
stats: session 23 13768.506434782608 10182.619497551497 56146.703 156.428 12513.534357142862 196
stats: users_count 9 444
stats: finish_users_count 23 219
stats: request 279 7202.004301075268 5905.398973526229 35894.439 0.358 1785.4466913285603 1257
stats: connect 19 0.9997368421052633 1.0836419024997075 38.783 0.539 1.372675294117647 425
stats: page 279 7220.571204301076 5919.157720836618 35894.439 0.358 1824.8801841890795 1227
stats: tr_Get_Root 83 7547.422036144578 2772.583818049096 10153.124 0.988 1967.0828116343487 361
stats: 302 40 252
stats: tr_Redirect_Root 7 5016.879714285713 4430.991644003557 9939.086 0.434 1522.2210567375887 141
stats: match_stop 31 192
stats: tr_Get_Conversations 10 6704.573200000001 1181.1738788571986 8501.175 0.445 1071.1749830508477 118
stats: 200 199 981
stats: tr_Get_Register 112 5417.95976785714 2362.8132768454443 8736.118 0.452 1056.3012797202796 286
stats: match 165 900
stats: tr_Post_Register 38 4956.750605263158 2894.2632562570952 9181.761 0.464 1443.9981734104047 173
stats: size_rcv 1360715 6991474
stats: tr_Post_New_Conversation 14 5595.884071428571 2993.4934476972953 8320.792 0.482 839.2401891891892 37
stats: newphase 0 3
stats: tr_Get_New_Conversation 14 28448.703285714284 8098.4421319314915 35894.62 0.55 10416.070509803922 51
stats: 502 40 303
stats: tr_Redirect_To_New_Conversation 0 0 0 6884.879 0.546 848.5165 34
stats: nomatch 31 192
stats: tr_Redirect_To_Same_Conversation 1 9002.51 0.0 9002.51 16.456 942.0335769230769 26
stats: size_sent 112844 624260
stats: tr_Reply_To_Conversation 0 0 0 5180.205 0.525 859.8057 30
stats: connected -13 225
# stats: dump at 1575451287
stats: users 225 248
stats: {freemem,"tsung_controller@ip-172-31-31-187"} 1 640.37890625 0.0 730.29296875 640.37890625 694.5764508928571 7
stats: {load,"tsung_controller@ip-172-31-31-187"} 1 0.0 0.0 0.0 0.0 0.0 7
stats: {recvpackets,"tsung_controller@ip-172-31-31-187"} 1 1742.0 0.0 2508 580 1773.5 6
stats: {sentpackets,"tsung_controller@ip-172-31-31-187"} 1 845.0 0.0 2805 337 1474.5 6
stats: {cpu,"tsung_controller@ip-172-31-31-187"} 1 1.3937282229965158 0.0 2.4962556165751373 0.1639743439397493 1.4772128021513973 7
stats: session 0 0 0 56146.703 156.428 12645.335077625576 219
stats: users_count 0 444
stats: finish_users_count 0 219
stats: request 235 8633.624740425526 9083.969125677262 40927.729 0.358 2769.3136009114583 1536
stats: connect 0 0 0 38.783 0.539 1.356716216216216 444
stats: page 232 8659.084900862068 9139.555236869157 40927.729 0.358 2824.480313413015 1506
stats: tr_Get_Root 0 0 0 10153.124 0.988 3010.254333333333 444
stats: 302 112 364
stats: tr_Redirect_Root 38 7302.392552631578 652.2000083928364 9939.086 0.434 1687.508966216216 148
stats: match_stop 0 192
stats: tr_Get_Conversations 7 5448.165857142857 195.5895265691674 8501.175 0.445 1511.2842187500003 128
stats: 200 123 1104
stats: tr_Get_Register 45 4740.097044444445 361.2420290546346 8736.118 0.452 2283.702663316582 398
stats: match 235 1135
stats: tr_Post_Register 94 5491.50864893617 527.564471134375 9181.761 0.464 2076.6265734597155 211
stats: size_rcv 1198433 8189907
stats: tr_Post_New_Conversation 15 6182.335866666665 494.4415987093411 8320.792 0.482 2144.985568627451 51
stats: newphase 0 3
stats: tr_Get_New_Conversation 22 36660.56122727272 2344.0109896635217 40927.856 0.55 14300.022184615385 65
stats: 502 0 303
stats: tr_Redirect_To_New_Conversation 11 5867.685272727272 457.95895192911854 6884.879 0.546 848.5165 34
stats: nomatch 0 192
stats: tr_Redirect_To_Same_Conversation 0 0 0 9002.51 16.456 1240.5697407407408 27
stats: size_sent 134192 758452
stats: tr_Reply_To_Conversation 3 6664.8369999999995 504.9813612289729 7329.846 0.525 859.8057 30
stats: connected 0 225
# stats: dump at 1575451297
stats: users 213 248
stats: {freemem,"tsung_controller@ip-172-31-31-187"} 1 630.5546875 0.0 730.29296875 630.5546875 687.8017578125 8
stats: {load,"tsung_controller@ip-172-31-31-187"} 1 0.0 0.0 0.0 0.0 0.0 8
stats: {recvpackets,"tsung_controller@ip-172-31-31-187"} 1 1402.0 0.0 2508 580 1769.0 7
stats: {sentpackets,"tsung_controller@ip-172-31-31-187"} 1 650.0 0.0 2805 337 1384.5714285714287 7
stats: {cpu,"tsung_controller@ip-172-31-31-187"} 1 1.0967098703888334 0.0 2.4962556165751373 0.1639743439397493 1.466777229757037 8
stats: session 12 65843.90916666666 4359.326572546667 73153.801 156.428 12645.335077625576 219
stats: users_count 0 444
stats: finish_users_count 12 231
stats: request 297 5546.710175084178 6022.629908503052 45772.37 0.358 3547.4689469226414 1771
stats: connect 0 0 0 38.783 0.539 1.356716216216216 444
stats: page 281 5836.3209750889755 6217.235123097762 45772.37 0.358 3603.3228130034527 1738
stats: tr_Get_Root 0 0 0 10153.124 0.988 3010.254333333333 444
stats: 302 57 421
stats: tr_Redirect_Root 108 5546.5342685185215 1141.462929760442 9939.086 0.434 2834.635720430107 186
stats: match_stop 0 192
stats: tr_Get_Conversations 93 3639.2393655913966 708.4178470834278 8501.175 0.445 1715.4188222222224 135
stats: 200 240 1344
stats: tr_Get_Register 1 5038.545 0.0 8736.118 0.452 2533.2235372460486 443
stats: match 297 1432
stats: tr_Post_Register 25 4870.185920000001 786.6652420223453 9181.761 0.464 3129.0820327868855 305
stats: size_rcv 1477889 9667796
stats: tr_Post_New_Conversation 16 5111.445937500001 839.0682835471791 8320.792 0.482 3062.5651818181814 66
stats: newphase 0 3
stats: tr_Get_New_Conversation 7 43488.54842857143 1519.568253674223 45772.49 0.55 19954.41136781609 87
stats: 502 0 303
stats: tr_Redirect_To_New_Conversation 19 4233.264578947369 793.3139135348181 6884.879 0.546 2075.424422222222 45
stats: nomatch 0 192
stats: tr_Redirect_To_Same_Conversation 12 3922.6325833333335 641.8680307726111 9002.51 16.456 1240.5697407407408 27
stats: size_sent 137095 895547
stats: tr_Reply_To_Conversation 16 4339.885624999997 694.5040302760013 7329.846 0.525 1387.5358181818183 33
stats: connected -12 213
# stats: dump at 1575451307
stats: users 195 248
stats: {freemem,"tsung_controller@ip-172-31-31-187"} 1 628.0546875 0.0 730.29296875 628.0546875 681.4409722222222 9
stats: {load,"tsung_controller@ip-172-31-31-187"} 1 0.0 0.0 0.0 0.0 0.0 9
stats: {recvpackets,"tsung_controller@ip-172-31-31-187"} 1 1691.0 0.0 2508 580 1723.125 8
stats: {sentpackets,"tsung_controller@ip-172-31-31-187"} 1 842.0 0.0 2805 337 1292.75 8
stats: {cpu,"tsung_controller@ip-172-31-31-187"} 1 1.195814648729447 0.0 2.4962556165751373 0.1639743439397493 1.425658634271681 9
stats: session 18 50276.928000000014 14703.74716341141 74566.554 156.428 15408.897367965374 231
stats: users_count 0 444
stats: finish_users_count 18 249
stats: request 40 14080.801050000004 19207.10799226481 49255.012 0.358 3834.5940169245646 2068
stats: connect 0 0 0 38.783 0.539 1.356716216216216 444
stats: page 35 16069.038800000004 19805.511920212604 49255.012 0.358 3914.106608717188 2019
stats: tr_Get_Root 0 0 0 10153.124 0.988 3010.254333333333 444
stats: 302 2 423
stats: tr_Redirect_Root 3 9150.428666666667 2388.244029839265 11610.557 0.434 3830.843350340137 294
stats: match_stop 17 209
stats: tr_Get_Conversations 10 3934.5204000000003 3748.365492638923 9201.652 0.445 2500.1350964912276 228
stats: 200 21 1365
stats: tr_Get_Register 0 0 0 8736.118 0.452 2538.866153153152 444
stats: match 23 1455
stats: tr_Post_Register 0 0 0 9181.761 0.464 3260.9838424242425 330
stats: size_rcv 378253 10046049
stats: tr_Post_New_Conversation 1 0.576 0.0 8320.792 0.482 3462.3467926829267 82
stats: newphase 0 3
stats: tr_Get_New_Conversation 16 29208.728937500004 22664.080619343513 49255.188 0.55 21706.9534893617 94
stats: 502 17 320
stats: tr_Redirect_To_New_Conversation 3 1348.5776666666668 1905.0852543355875 6884.879 0.546 2716.03321875 64
stats: nomatch 17 209
stats: tr_Redirect_To_Same_Conversation 2 6010.2765 6009.7325 12020.009 0.544 2065.8198461538464 39
stats: size_sent 31544 927091
stats: tr_Reply_To_Conversation 5 2607.0974 3466.45438710903 8653.592 0.525 2351.5684081632644 49
stats: connected -18 195
# stats: dump at 1575451317
stats: users 193 248
stats: {freemem,"tsung_controller@ip-172-31-31-187"} 1 624.95703125 0.0 730.29296875 624.95703125 676.10234375 10
stats: {load,"tsung_controller@ip-172-31-31-187"} 1 0.0 0.0 0.0 0.0 0.0 10
stats: {recvpackets,"tsung_controller@ip-172-31-31-187"} 1 748.0 0.0 2508 580 1719.5555555555557 9
stats: {sentpackets,"tsung_controller@ip-172-31-31-187"} 1 1045.0 0.0 2805 337 1242.6666666666667 9
stats: {cpu,"tsung_controller@ip-172-31-31-187"} 1 1.6508254127063533 0.0 2.4962556165751373 0.1639743439397493 1.4026742357174578 10
stats: session 2 56004.6605 12358.693500000007 74566.554 156.428 17929.477895582335 249
stats: users_count 0 444
stats: finish_users_count 2 251
stats: request 23 28213.765652173908 16000.001942452744 49655.55 0.358 4029.0191978178364 2108
stats: connect 0 0 0 38.783 0.539 1.356716216216216 444
stats: page 22 28652.8464090909 16223.508087496388 49655.55 0.358 4121.225706426487 2054
stats: tr_Get_Root 0 0 0 10153.124 0.988 3010.254333333333 444
stats: 302 2 425
stats: tr_Redirect_Root 0 0 0 11610.557 0.434 3884.5765353535367 297
stats: match_stop 2 211
stats: tr_Get_Conversations 6 18737.881833333337 587.5880076117428 19874.208 0.445 2560.4033865546216 238
stats: 200 19 1384
stats: tr_Get_Register 0 0 0 8736.118 0.452 2538.866153153152 444
stats: match 21 1476
stats: tr_Post_Register 0 0 0 9181.761 0.464 3260.9838424242425 330
stats: size_rcv 322994 10369043
stats: tr_Post_New_Conversation 2 8888.258 8887.694000000001 17775.952 0.482 3420.6387108433732 83
stats: newphase 0 3
stats: tr_Get_New_Conversation 10 42353.048599999995 14202.119472913459 49655.764 0.55 22798.120827272724 110
stats: 502 2 322
stats: tr_Redirect_To_New_Conversation 4 19157.97025 1085.7964771478528 20394.691 0.546 2654.8038656716417 67
stats: nomatch 2 211
stats: tr_Redirect_To_Same_Conversation 0 0 0 12020.009 0.544 2258.2323658536584 41
stats: size_sent 12587 939678
stats: tr_Reply_To_Conversation 1 18554.146 0.0 18554.146 0.525 2375.2284999999993 54
stats: connected -2 193
# stats: dump at 1575451327
stats: users 191 248
stats: {freemem,"tsung_controller@ip-172-31-31-187"} 1 624.41796875 0.0 730.29296875 624.41796875 671.4527698863636 11
stats: {load,"tsung_controller@ip-172-31-31-187"} 1 0.0 0.0 0.0 0.0 0.0 11
stats: {recvpackets,"tsung_controller@ip-172-31-31-187"} 1 1427.0 0.0 2508 580 1622.4 10
stats: {sentpackets,"tsung_controller@ip-172-31-31-187"} 1 2514.0 0.0 2805 337 1222.9 10
stats: {cpu,"tsung_controller@ip-172-31-31-187"} 1 3.4413965087281797 0.0 3.4413965087281797 0.1639743439397493 1.4252334336255392 11
stats: session 2 90323.739 5394.771999999997 95718.511 156.428 18232.865804780882 251
stats: users_count 0 444
stats: finish_users_count 2 253
stats: request 31 32470.659129032265 7850.77657370453 49655.55 0.358 4290.046494134208 2131
stats: connect 0 0 0 38.783 0.539 1.356716216216216 444
stats: page 30 32982.806100000016 7744.806302340691 49655.55 0.358 4381.194711946051 2076
stats: tr_Get_Root 0 0 0 10153.124 0.988 3010.254333333333 444
stats: 302 3 428
stats: tr_Redirect_Root 2 28254.923499999997 2447.9605 30702.884 0.434 3884.5765353535367 297
stats: match_stop 0 211
stats: tr_Get_Conversations 12 27157.049000000003 1978.2330958426414 29701.308 0.445 2958.2102336065573 244
stats: 200 28 1412
stats: tr_Get_Register 0 0 0 8736.118 0.452 2538.866153153152 444
stats: match 31 1507
stats: tr_Post_Register 0 0 0 9181.761 0.464 3260.9838424242425 330
stats: size_rcv 383363 10752406
stats: tr_Post_New_Conversation 2 30191.122 556.4650000000001 30747.587 0.482 3549.288576470588 85
stats: newphase 0 3
stats: tr_Get_New_Conversation 9 44325.717222222214 1269.058759403097 49655.764 0.55 24427.698141666664 120
stats: 502 0 322
stats: tr_Redirect_To_New_Conversation 3 28106.912 2301.2186588946 31350.121 0.546 3584.559718309859 71
stats: nomatch 0 211
stats: tr_Redirect_To_Same_Conversation 2 28145.5215 2168.1705 30313.692 0.544 2258.2323658536584 41
stats: size_sent 14307 953985
stats: tr_Reply_To_Conversation 1 24275.792 0.0 24275.792 0.525 2669.3906363636356 55
stats: connected -2 191
# stats: dump at 1575451337
stats: users 186 248
stats: {freemem,"tsung_controller@ip-172-31-31-187"} 1 623.37890625 0.0 730.29296875 623.37890625 667.533203125 12
stats: {load,"tsung_controller@ip-172-31-31-187"} 1 0.0 0.0 0.0 0.0 0.0 12
stats: {recvpackets,"tsung_controller@ip-172-31-31-187"} 1 1045.0 0.0 2508 580 1604.6363636363637 11
stats: {sentpackets,"tsung_controller@ip-172-31-31-187"} 1 1325.0 0.0 2805 337 1340.2727272727273 11
stats: {cpu,"tsung_controller@ip-172-31-31-187"} 1 2.305764411027569 0.0 3.4413965087281797 0.1639743439397493 1.593247023217426 12
stats: session 5 102590.14359999998 9170.51166292494 118008.148 156.428 18802.75413043479 253
stats: users_count 0 444
stats: finish_users_count 5 258
stats: request 67 39335.06623880597 3330.299901795897 49655.55 0.358 4694.116333024976 2162
stats: connect 0 0 0 38.783 0.539 1.356716216216216 444
stats: page 62 39833.2663064516 3217.8671336426796 49655.55 0.358 4788.625073599242 2106
stats: tr_Get_Root 0 0 0 10153.124 0.988 3010.254333333333 444
stats: 302 8 436
stats: tr_Redirect_Root 0 0 0 30702.884 0.434 4047.5888896321085 299
stats: match_stop 0 211
stats: tr_Get_Conversations 20 36158.704150000005 1316.8557789326499 37348.915 0.445 4092.53080078125 256
stats: 200 59 1471
stats: tr_Get_Register 0 0 0 8736.118 0.452 2538.866153153152 444
stats: match 67 1574
stats: tr_Post_Register 0 0 0 9181.761 0.464 3260.9838424242425 330
stats: size_rcv 1322190 12074596
stats: tr_Post_New_Conversation 3 37121.078 501.2463261830455 37704.31 0.482 4161.744517241379 87
stats: newphase 0 3
stats: tr_Get_New_Conversation 32 42543.98571874998 1160.0703399460144 49655.764 0.55 25815.93203100775 129
stats: 502 0 322
stats: tr_Redirect_To_New_Conversation 2 37302.159 195.61299999999756 37497.772 0.546 4578.7091351351355 74
stats: nomatch 0 211
stats: tr_Redirect_To_Same_Conversation 5 35623.0274 1971.0628028189842 37486.325 0.544 3462.292325581395 43
stats: size_sent 30688 984673
stats: tr_Reply_To_Conversation 5 37359.25980000001 694.4190992314054 37999.885 0.525 3055.219232142856 56
stats: connected -5 186
# stats: dump at 1575451347
stats: users 185 248
stats: {freemem,"tsung_controller@ip-172-31-31-187"} 1 618.48046875 0.0 730.29296875 618.48046875 664.13671875 13
stats: {load,"tsung_controller@ip-172-31-31-187"} 1 0.0 0.0 0.0 0.0 0.0 13
stats: {recvpackets,"tsung_controller@ip-172-31-31-187"} 1 2127.0 0.0 2508 580 1558.0 12
stats: {sentpackets,"tsung_controller@ip-172-31-31-187"} 1 2504.0 0.0 2805 337 1339.0 12
stats: {cpu,"tsung_controller@ip-172-31-31-187"} 1 2.8528528528528527 0.0 3.4413965087281797 0.1639743439397493 1.6480560530489754 13
stats: session 1 108506.912 0.0 118008.148 156.428 20426.540748062023 258
stats: users_count 0 444
stats: finish_users_count 1 259
stats: request 31 34870.654580645176 7638.18798221699 49655.55 0.358 5735.365163750559 2229
stats: connect 0 0 0 38.783 0.539 1.356716216216216 444
stats: page 29 36040.77955172415 7688.397020063005 49655.55 0.358 5790.824223247234 2168
stats: tr_Get_Root 0 0 0 10153.124 0.988 3010.254333333333 444
stats: 302 17 453
stats: tr_Redirect_Root 0 0 0 30702.884 0.434 4047.5888896321085 299
stats: match_stop 0 211
stats: tr_Get_Conversations 3 32136.438 474.6818134842189 37348.915 0.445 6416.166550724638 276
stats: 200 14 1485
stats: tr_Get_Register 0 0 0 8736.118 0.452 2538.866153153152 444
stats: match 31 1605
stats: tr_Post_Register 0 0 0 9181.761 0.464 3260.9838424242425 330
stats: size_rcv 370307 12444903
stats: tr_Post_New_Conversation 15 30756.17426666666 3270.368289544312 37704.31 0.482 5260.388966666666 90
stats: newphase 0 3
stats: tr_Get_New_Conversation 9 46030.16677777778 1383.9607312134399 49655.764 0.55 29140.762577639747 161
stats: 502 0 322
stats: tr_Redirect_To_New_Conversation 1 27293.0 0.0 37497.772 0.546 5439.852552631579 76
stats: nomatch 0 211
stats: tr_Redirect_To_Same_Conversation 1 27316.961 0.0 37486.325 0.544 6812.368895833332 48
stats: size_sent 19407 1004080
stats: tr_Reply_To_Conversation 2 27181.1285 414.47849999999835 37999.885 0.525 5867.0258360655735 61
stats: connected -1 185
# stats: dump at 1575451357
stats: users 148 248
stats: {freemem,"tsung_controller@ip-172-31-31-187"} 1 618.6796875 0.0 730.29296875 618.48046875 660.8755580357143 14
stats: {load,"tsung_controller@ip-172-31-31-187"} 1 0.0 0.0 0.0 0.0 0.0 14
stats: {recvpackets,"tsung_controller@ip-172-31-31-187"} 1 206.0 0.0 2508 206 1601.7692307692307 13
stats: {sentpackets,"tsung_controller@ip-172-31-31-187"} 1 73.0 0.0 2805 73 1428.6153846153845 13
stats: {cpu,"tsung_controller@ip-172-31-31-187"} 1 0.2 0.0 3.4413965087281797 0.1639743439397493 1.7341129673206808 14
stats: session 37 94860.98883783784 4412.239844957166 118008.148 156.428 20766.61940154441 259
stats: users_count 0 444
stats: finish_users_count 37 296
stats: connect 0 0 0 38.783 0.539 1.356716216216216 444
stats: request 37 60179.412837837845 142.4700710934756 60500.335 0.358 6135.00851415929 2260
stats: page 37 60179.412837837845 142.4700710934756 60500.335 0.358 6190.118126081022 2197
stats: tr_Get_Root 0 0 0 10153.124 0.988 3010.254333333333 444
stats: 302 0 453
stats: tr_Redirect_Root 0 0 0 30702.884 0.434 4047.5888896321085 299
stats: match_stop 37 248
stats: tr_Get_Conversations 0 0 0 37348.915 0.445 6692.728609318997 279
stats: 504 37 37
stats: tr_Get_Register 0 0 0 8736.118 0.452 2538.866153153152 444
stats: 200 0 1485
stats: tr_Post_Register 0 0 0 9181.761 0.464 3260.9838424242425 330
stats: match 0 1605
stats: tr_Post_New_Conversation 0 0 0 37704.31 0.482 8902.644009523809 105
stats: size_rcv 12173 12457076
stats: tr_Get_New_Conversation 37 60179.59321621624 142.42621804253838 60500.457 0.55 30034.90750588235 170
stats: newphase 0 3
stats: tr_Redirect_To_New_Conversation 0 0 0 37497.772 0.546 5723.659662337663 77
stats: 502 0 322
stats: tr_Redirect_To_Same_Conversation 0 0 0 37486.325 0.544 7230.829959183672 49
stats: nomatch 37 248
stats: tr_Reply_To_Conversation 0 0 0 37999.885 0.525 6543.664015873016 63
stats: size_sent 1331 1005411
stats: connected -37 148
# stats: dump at 1575451367
stats: users 132 248
stats: {freemem,"tsung_controller@ip-172-31-31-187"} 1 618.6953125 0.0 730.29296875 618.48046875 658.0625 15
stats: {load,"tsung_controller@ip-172-31-31-187"} 1 0.0 0.0 0.0 0.0 0.0 15
stats: {recvpackets,"tsung_controller@ip-172-31-31-187"} 1 115.0 0.0 2508 115 1502.0714285714287 14
stats: {sentpackets,"tsung_controller@ip-172-31-31-187"} 1 139.0 0.0 2805 73 1331.7857142857142 14
stats: {cpu,"tsung_controller@ip-172-31-31-187"} 1 0.5491762356465303 0.0 3.4413965087281797 0.1639743439397493 1.6318387694993022 15
stats: session 16 97235.8454375 3849.333407451397 118008.148 156.428 30028.415581081088 296
stats: users_count 0 444
stats: finish_users_count 16 312
stats: request 16 60140.979 57.393144488256745 60500.335 0.358 7005.553990857638 2297
stats: page 16 60140.979 57.393144488256745 60500.335 0.358 7084.300715308866 2234
stats: connect 0 0 0 38.783 0.539 1.356716216216216 444
stats: tr_Get_Root 0 0 0 10153.124 0.988 3010.254333333333 444
stats: 302 0 453
stats: tr_Redirect_Root 0 0 0 30702.884 0.434 4047.5888896321085 299
stats: match_stop 16 264
stats: tr_Get_Conversations 0 0 0 37348.915 0.445 6692.728609318997 279
stats: 504 16 53
stats: tr_Get_Register 0 0 0 8736.118 0.452 2538.866153153152 444
stats: 200 0 1485
stats: tr_Post_Register 0 0 0 9181.761 0.464 3260.9838424242425 330
stats: match 0 1605
stats: tr_Post_New_Conversation 0 0 0 37704.31 0.482 8902.644009523809 105
stats: size_rcv 5264 12462340
stats: tr_Get_New_Conversation 16 60141.20249999999 57.40235574325198 60500.457 0.55 35423.08804347827 207
stats: newphase 0 3
stats: tr_Redirect_To_New_Conversation 0 0 0 37497.772 0.546 5723.659662337663 77
stats: 502 0 322
stats: tr_Redirect_To_Same_Conversation 0 0 0 37486.325 0.544 7230.829959183672 49
stats: nomatch 16 264
stats: tr_Reply_To_Conversation 0 0 0 37999.885 0.525 6543.664015873016 63
stats: size_sent 0 1005411
stats: connected -16 132
# stats: dump at 1575451377
stats: users 123 248
stats: {freemem,"tsung_controller@ip-172-31-31-187"} 1 618.7265625 0.0 730.29296875 618.48046875 655.60205078125 16
stats: {load,"tsung_controller@ip-172-31-31-187"} 1 0.0 0.0 0.0 0.0 0.0 16
stats: {recvpackets,"tsung_controller@ip-172-31-31-187"} 1 21.0 0.0 2508 21 1409.6 15
stats: {sentpackets,"tsung_controller@ip-172-31-31-187"} 1 24.0 0.0 2805 24 1252.2666666666667 15
stats: {cpu,"tsung_controller@ip-172-31-31-187"} 1 0.1998001998001998 0.0 3.4413965087281797 0.1639743439397493 1.5641723611335039 16
stats: session 9 115950.32777777777 11588.820199195601 146103.337 156.428 33474.950445512826 312
stats: users_count 0 444
stats: finish_users_count 9 321
stats: connect 0 0 0 38.783 0.539 1.356716216216216 444
stats: page 8 60244.538875 108.67074961832738 60500.335 0.358 7461.59264977778 2250
stats: 302 0 453
stats: request 9 60233.50988888889 107.09944966913682 60500.335 0.358 7373.114215737135 2313
stats: tr_Get_Root 0 0 0 10153.124 0.988 3010.254333333333 444
stats: match_stop 9 273
stats: tr_Redirect_Root 0 0 0 30702.884 0.434 4047.5888896321085 299
stats: 504 9 62
stats: tr_Get_Conversations 0 0 0 37348.915 0.445 6692.728609318997 279
stats: 200 0 1485
stats: tr_Get_Register 0 0 0 8736.118 0.452 2538.866153153152 444
stats: match 0 1605
stats: tr_Post_Register 0 0 0 9181.761 0.464 3260.9838424242425 330
stats: size_rcv 2961 12465301
stats: tr_Post_New_Conversation 0 0 0 37704.31 0.482 8902.644009523809 105
stats: newphase 0 3
stats: tr_Get_New_Conversation 8 60244.766125 108.66530442077422 60500.457 0.55 37196.58504484306 223
stats: 502 0 322
stats: tr_Redirect_To_New_Conversation 0 0 0 37497.772 0.546 5723.659662337663 77
stats: nomatch 9 273
stats: tr_Redirect_To_Same_Conversation 0 0 0 37486.325 0.544 7230.829959183672 49
stats: size_sent 0 1005411
stats: tr_Reply_To_Conversation 1 60145.487 0.0 60145.487 0.525 6543.664015873016 63
stats: connected -9 123
# stats: dump at 1575451387
stats: users 95 248
stats: {freemem,"tsung_controller@ip-172-31-31-187"} 1 616.7890625 0.0 730.29296875 616.7890625 653.4329044117648 17
stats: {load,"tsung_controller@ip-172-31-31-187"} 1 0.0 0.0 0.0 0.0 0.0 17
stats: {recvpackets,"tsung_controller@ip-172-31-31-187"} 1 492.0 0.0 2508 21 1322.8125 16
stats: {sentpackets,"tsung_controller@ip-172-31-31-187"} 1 1241.0 0.0 2805 24 1175.5 16
stats: {cpu,"tsung_controller@ip-172-31-31-187"} 1 2.5411061285500747 0.0 3.4413965087281797 0.1639743439397493 1.4839151751727213 17
stats: session 28 130362.15446428572 11147.756681597944 151741.261 156.428 35787.34420249222 321
stats: users_count 0 444
stats: finish_users_count 28 349
stats: request 27 60438.384111111096 444.9854419285174 62215.185 0.358 7577.999470284236 2322
stats: page 24 61459.751666666656 4828.839041305479 84515.579 0.358 7648.600430912315 2258
stats: connect 0 0 0 38.783 0.539 1.356716216216216 444
stats: tr_Get_Root 0 0 0 10153.124 0.988 3010.254333333333 444
stats: 302 0 453
stats: tr_Redirect_Root 0 0 0 30702.884 0.434 4047.5888896321085 299
stats: match_stop 27 300
stats: tr_Get_Conversations 2 60739.673 354.7099999999991 61094.383 0.445 6692.728609318997 279
stats: 504 27 89
stats: tr_Get_Register 0 0 0 8736.118 0.452 2538.866153153152 444
stats: 200 0 1485
stats: tr_Post_Register 0 0 0 9181.761 0.464 3260.9838424242425 330
stats: match 0 1605
stats: tr_Post_New_Conversation 9 60262.4391111111 128.09806376058057 60544.546 0.482 8902.644009523809 105
stats: size_rcv 8883 12474184
stats: tr_Get_New_Conversation 12 60556.80458333332 571.6958492891197 62215.375 0.55 37994.79045021646 231
stats: newphase 0 3
stats: tr_Redirect_To_New_Conversation 0 0 0 37497.772 0.546 5723.659662337663 77
stats: 502 0 322
stats: tr_Redirect_To_Same_Conversation 1 60240.059 0.0 60240.059 0.544 7230.829959183672 49
stats: nomatch 27 300
stats: tr_Reply_To_Conversation 3 60359.58966666667 335.836196393753 60834.258 0.525 7381.1925 64
stats: size_sent 0 1005411
stats: connected -27 96
# stats: dump at 1575451397
stats: users 41 248
stats: {freemem,"tsung_controller@ip-172-31-31-187"} 1 616.75390625 0.0 730.29296875 616.75390625 651.3971354166666 18
stats: {load,"tsung_controller@ip-172-31-31-187"} 1 0.0 0.0 0.0 0.0 0.0 18
stats: {recvpackets,"tsung_controller@ip-172-31-31-187"} 1 296.0 0.0 2508 21 1273.9411764705883 17
stats: {sentpackets,"tsung_controller@ip-172-31-31-187"} 1 682.0 0.0 2805 24 1179.3529411764705 17
stats: {cpu,"tsung_controller@ip-172-31-31-187"} 1 1.2512512512512513 0.0 3.4413965087281797 0.1639743439397493 1.5426480059159076 18
stats: session 54 139237.64101851848 9700.011546445412 163685.118 156.428 43375.00806303726 349
stats: users_count 0 444
stats: finish_users_count 54 403
stats: request 55 60266.26614545455 166.67978291381442 62215.185 0.358 8185.590098339717 2349
stats: connect 0 0 0 38.783 0.539 1.356716216216216 444
stats: page 53 63785.99039622643 10963.711560591859 98441.955 0.358 8214.537166082386 2282
stats: tr_Get_Root 0 0 0 10153.124 0.988 3010.254333333333 444
stats: 302 0 453
stats: tr_Redirect_Root 0 0 0 30702.884 0.434 4047.5888896321085 299
stats: match_stop 55 355
stats: tr_Get_Conversations 0 0 0 61094.383 0.445 7077.404370106761 281
stats: 504 55 144
stats: tr_Get_Register 0 0 0 8736.118 0.452 2538.866153153152 444
stats: 200 0 1485
stats: tr_Post_Register 0 0 0 9181.761 0.464 3260.9838424242425 330
stats: match 0 1605
stats: tr_Post_New_Conversation 32 60255.55109374999 173.1681672458094 60700.183 0.482 12957.364675438595 114
stats: size_rcv 18095 12492279
stats: tr_Get_New_Conversation 14 60247.05835714286 131.97771318922915 62215.375 0.55 39108.96398765433 243
stats: newphase 0 3
stats: tr_Redirect_To_New_Conversation 2 60147.992 18.963999999999942 60166.956 0.546 5723.659662337663 77
stats: 502 0 322
stats: tr_Redirect_To_Same_Conversation 5 60387.8894 154.88267670285046 60542.915 0.544 8291.014539999998 50
stats: nomatch 55 355
stats: tr_Reply_To_Conversation 2 60391.793000000005 175.1979999999985 60834.258 0.525 9753.359537313434 67
stats: size_sent 0 1005411
stats: connected -55 41
# stats: dump at 1575451407
stats: users 3 248
stats: {freemem,"tsung_controller@ip-172-31-31-187"} 1 626.49609375 0.0 730.29296875 616.75390625 649.5738075657895 19
stats: {load,"tsung_controller@ip-172-31-31-187"} 1 0.0 0.0 0.0 0.0 0.0 19
stats: {recvpackets,"tsung_controller@ip-172-31-31-187"} 1 572.0 0.0 2508 21 1219.611111111111 18
stats: {sentpackets,"tsung_controller@ip-172-31-31-187"} 1 1328.0 0.0 2805 24 1151.7222222222222 18
stats: {cpu,"tsung_controller@ip-172-31-31-187"} 1 1.9461077844311379 0.0 3.4413965087281797 0.1639743439397493 1.5273113346177678 19
stats: session 38 149503.31297368422 13663.699594905564 169621.297 156.428 56220.12513399505 403
stats: users_count 0 444
stats: finish_users_count 38 441
stats: request 38 60127.77160526316 83.3365067698859 62215.185 0.358 9377.11970840266 2404
stats: tr_Get_Root 0 0 0 10153.124 0.988 3010.254333333333 444
stats: connect 0 0 0 38.783 0.539 1.356716216216216 444
stats: page 36 61639.046944444446 6246.861306989088 98441.955 0.358 9475.902057387582 2335
stats: 302 0 453
stats: tr_Redirect_Root 0 0 0 30702.884 0.434 4047.5888896321085 299
stats: match_stop 38 393
stats: tr_Get_Conversations 0 0 0 61094.383 0.445 7077.404370106761 281
stats: 504 38 182
stats: tr_Get_Register 0 0 0 8736.118 0.452 2538.866153153152 444
stats: 200 0 1485
stats: tr_Post_Register 0 0 0 9181.761 0.464 3260.9838424242425 330
stats: match 0 1605
stats: tr_Post_New_Conversation 9 60081.82544444445 68.02531300121592 60700.183 0.482 23324.090465753423 146
stats: size_rcv 12502 12504781
stats: tr_Get_New_Conversation 10 60145.043900000004 90.99159754224749 62215.375 0.55 40260.45550972763 257
stats: newphase 0 3
stats: tr_Redirect_To_New_Conversation 15 60136.381199999996 81.8870847115701 60330.385 0.546 7101.490860759494 79
stats: 502 0 322
stats: tr_Redirect_To_Same_Conversation 2 60209.518500000006 25.050499999999374 60542.915 0.544 13027.09407272727 55
stats: nomatch 38 393
stats: tr_Reply_To_Conversation 2 60106.105500000005 9.866499999998268 60834.258 0.525 11221.140217391305 69
stats: size_sent 0 1005411
stats: connected -38 3
# stats: dump at 1575451417
stats: users 0 248
stats: {freemem,"tsung_controller@ip-172-31-31-187"} 1 642.6640625 0.0 730.29296875 616.75390625 648.419921875 20
stats: {load,"tsung_controller@ip-172-31-31-187"} 1 0.0 0.0 0.0 0.0 0.0 20
stats: {recvpackets,"tsung_controller@ip-172-31-31-187"} 1 79.0 0.0 2508 21 1185.5263157894738 19
stats: {sentpackets,"tsung_controller@ip-172-31-31-187"} 1 88.0 0.0 2805 24 1161.0 19
stats: {cpu,"tsung_controller@ip-172-31-31-187"} 1 0.5491762356465303 0.0 3.4413965087281797 0.1639743439397493 1.5482511571084363 20
stats: session 3 169149.77633333334 3908.5134268241836 174633.553 156.428 64258.13224943312 441
stats: users_count 0 444
stats: finish_users_count 3 444
stats: request 3 60370.51666666666 276.59948011801407 62215.185 0.358 10166.85139230139 2442
stats: tr_Get_Root 0 0 0 10153.124 0.988 3010.254333333333 444
stats: connect 0 0 0 38.783 0.539 1.356716216216216 444
stats: page 3 60370.51666666666 276.59948011801407 98441.955 0.358 10267.919440742306 2371
stats: 302 0 453
stats: tr_Redirect_Root 0 0 0 30702.884 0.434 4047.5888896321085 299
stats: match_stop 3 396
stats: tr_Get_Conversations 0 0 0 61094.383 0.445 7077.404370106761 281
stats: 504 3 185
stats: tr_Get_Register 0 0 0 8736.118 0.452 2538.866153153152 444
stats: 200 0 1485
stats: tr_Post_Register 0 0 0 9181.761 0.464 3260.9838424242425 330
stats: match 0 1605
stats: tr_Post_New_Conversation 0 0 0 60700.183 0.482 25458.41056129032 155
stats: size_rcv 987 12505768
stats: tr_Get_New_Conversation 0 0 0 62215.375 0.55 41005.19664794008 267
stats: newphase 0 3
stats: tr_Redirect_To_New_Conversation 3 60370.76866666667 276.5785543980012 60737.502 0.546 15564.505276595744 94
stats: 502 0 322
stats: tr_Redirect_To_Same_Conversation 0 0 0 60542.915 0.544 14682.617736842103 57
stats: nomatch 3 396
stats: tr_Reply_To_Conversation 0 0 0 60834.258 0.525 12598.181492957747 71
stats: size_sent 0 1005411
stats: connected -3 0
# stats: dump at 1575451418
stats: users 0 248
stats: {freemem,"tsung_controller@ip-172-31-31-187"} 1 653.984375 0.0 730.29296875 616.75390625 648.1458333333334 21
stats: {load,"tsung_controller@ip-172-31-31-187"} 1 0.0 0.0 0.0 0.0 0.0 21
stats: {recvpackets,"tsung_controller@ip-172-31-31-187"} 1 5.0 0.0 2508 5 1130.2 20
stats: {sentpackets,"tsung_controller@ip-172-31-31-187"} 1 7.0 0.0 2805 7 1107.35 20
stats: {cpu,"tsung_controller@ip-172-31-31-187"} 1 0.24962556165751376 0.0 3.4413965087281797 0.1639743439397493 1.5006761608483454 21
stats: session 0 0 0 174633.553 156.428 64966.859574324335 444
stats: users_count 0 444
stats: finish_users_count 0 444
stats: request 0 0 0 62215.185 0.358 10228.450981595091 2445
stats: connect 0 0 0 38.783 0.539 1.356716216216216 444
stats: page 0 0 0 98441.955 0.358 10331.23359056445 2374
stats: tr_Get_Root 0 0 0 10153.124 0.988 3010.254333333333 444
stats: 302 0 453
stats: tr_Redirect_Root 0 0 0 30702.884 0.434 4047.5888896321085 299
stats: match_stop 0 396
stats: tr_Get_Conversations 0 0 0 61094.383 0.445 7077.404370106761 281
stats: 504 0 185
stats: tr_Get_Register 0 0 0 8736.118 0.452 2538.866153153152 444
stats: 200 0 1485
stats: tr_Post_Register 0 0 0 9181.761 0.464 3260.9838424242425 330
stats: match 0 1605
stats: tr_Post_New_Conversation 0 0 0 60700.183 0.482 25458.41056129032 155
stats: size_rcv 0 12505768
stats: tr_Get_New_Conversation 0 0 0 62215.375 0.55 41005.19664794008 267
stats: newphase 0 3
stats: tr_Redirect_To_New_Conversation 0 0 0 60737.502 0.546 16950.266000000003 97
stats: 502 0 322
stats: tr_Redirect_To_Same_Conversation 0 0 0 60542.915 0.544 14682.617736842103 57
stats: nomatch 0 396
stats: tr_Reply_To_Conversation 0 0 0 60834.258 0.525 12598.181492957747 71
stats: size_sent 0 1005411
stats: connected 0 0
EndMonitor:{1575,451418,258660}
