# stats: dump at 1575971424
stats: users 15 15
stats: {freemem,"tsung_controller@ip-172-31-19-117"} 1 375597.96484375 0 375597.96484375 375597.96484375 0 0
stats: {load,"tsung_controller@ip-172-31-19-117"} 1 0.01953125 0 0.01953125 0.01953125 0 0
stats: {cpu,"tsung_controller@ip-172-31-19-117"} 1 0.01903791568465867 0 0.01903791568465867 0.01903791568465867 0 0
stats: users_count 15 15
stats: finish_users_count 0 0
stats: request 47 38.74080851063829 46.87458857221464 140.237 4.561 0 0
stats: connect 15 2.0339333333333336 3.4256408153155165 14.84 0.912 0 0
stats: page 47 38.74080851063829 46.87458857221464 140.237 4.561 0 0
stats: tr_Initial_Get_Root 9 15.498333333333335 0.9059896982490115 17.126 13.495 0 0
stats: 302 18 18
stats: tr_Redirect_Root 4 19.741 1.7488354696768924 22.705 18.42 0 0
stats: 200 29 29
stats: tr_Redirect_To_Post 2 80.51050000000001 7.763499999999997 88.274 72.747 0 0
stats: size_rcv 260079 260079
stats: tr_Post_New_Comment_On_Post 2 24.1955 10.9695 35.165 13.226 0 0
stats: size_sent 22138 22138
stats: tr_Get_Post 2 80.6115 2.590499999999995 83.202 78.021 0 0
stats: connected 15 15
stats: tr_Post_New_Comment_On_Comment 1 29.732 0 29.732 29.732 0 0
stats: tr_Authenticate_User 8 2809.6443750000003 1650.2937353861387 5471.517 861.955 0 0
stats: tr_Get_Book 1 29.9 0 29.9 29.9 0 0
# stats: dump at 1575971434
stats: users 18 24
stats: {freemem,"tsung_controller@ip-172-31-19-117"} 1 375596.87890625 0.0 375597.96484375 375596.87890625 375597.96484375 1
stats: {load,"tsung_controller@ip-172-31-19-117"} 1 0.01953125 0.0 0.01953125 0.01953125 0.01953125 1
stats: {recvpackets,"tsung_controller@ip-172-31-19-117"} 1 382 0 382 382 0 0
stats: {sentpackets,"tsung_controller@ip-172-31-19-117"} 1 209 0 209 209 0 0
stats: {cpu,"tsung_controller@ip-172-31-19-117"} 1 0.019778892798401032 0.0 0.019778892798401032 0.01903791568465867 0.01903791568465867 1
stats: session 9 11040.945777777779 4223.32158362135 17652.758 3899.628 0 0
stats: users_count 12 27
stats: finish_users_count 9 9
stats: request 122 40.81978688524588 46.703227576925805 188.51 4.561 38.74080851063829 47
stats: connect 12 1.0175 0.12820263907840065 14.84 0.859 2.0339333333333336 15
stats: page 122 40.81978688524588 46.703227576925805 188.51 4.561 38.74080851063829 47
stats: tr_Initial_Get_Root 7 19.928 6.697453673918598 31.82 13.495 15.498333333333335 9
stats: 302 50 68
stats: tr_Redirect_Root 16 20.290312499999995 3.278470827206451 31.909 17.253 19.741 4
stats: 200 72 101
stats: tr_Redirect_To_Post 11 86.08681818181817 33.08938001512153 188.693 67.704 80.51050000000001 2
stats: size_rcv 1000966 1261045
stats: tr_Post_New_Comment_On_Post 6 14.107 0.7286860320695971 35.165 13.226 24.1955 2
stats: size_sent 67190 89328
stats: tr_Get_Post 6 81.22466666666666 10.8423322009407 101.28 71.13 80.6115 2
stats: connected 3 18
stats: tr_Post_New_Comment_On_Comment 7 15.000285714285715 1.0844129042660713 29.732 14.001 29.732 1
stats: tr_Get_Logout 2 8.879999999999999 0.5590000000000006 9.439 8.321 0 0
stats: tr_Post_New_Post 4 13.55775 1.0118797791733962 14.694 11.921 0 0
stats: tr_Get_New_Post 4 14.9765 1.889141405506745 17.489 13.122 0 0
stats: tr_Redirect_To_New_Post 3 13.536 0.4154716195682527 13.876 12.951 0 0
stats: tr_Authenticate_User 15 2413.6281999999997 1244.4905269934466 5761.571 861.955 2809.6443750000003 8
stats: tr_Get_Login 2 6.953 0.391 7.344 6.562 0 0
stats: tr_Post_Login 1 133.509 0 133.509 133.509 0 0
stats: tr_Get_Book 5 30.174 4.417111680725314 37.488 25.898 29.9 1
stats: tr_Get_New_Book 2 9.1545 0.5175000000000001 9.672 8.637 0 0
# stats: dump at 1575971444
stats: users 4 24
stats: {freemem,"tsung_controller@ip-172-31-19-117"} 1 375587.1953125 0.0 375597.96484375 375587.1953125 375597.421875 2
stats: {load,"tsung_controller@ip-172-31-19-117"} 1 0.1015625 0.0 0.1015625 0.01953125 0.01953125 2
stats: {recvpackets,"tsung_controller@ip-172-31-19-117"} 1 1037.0 0.0 1037 382 382.0 1
stats: {sentpackets,"tsung_controller@ip-172-31-19-117"} 1 423.0 0.0 423 209 209.0 1
stats: {cpu,"tsung_controller@ip-172-31-19-117"} 1 0.032268137816175706 0.0 0.032268137816175706 0.01903791568465867 0.01940840424152985 2
stats: session 14 13164.2135 3400.2898955979945 21086.63 3899.628 11040.945777777779 9
stats: users_count 0 27
stats: finish_users_count 14 23
stats: request 50 44.39668000000002 49.118381525632536 252.85 4.561 40.2416094674556 169
stats: connect 0 0 0 14.84 0.859 1.5821851851851856 27
stats: page 50 44.39668000000002 49.118381525632536 252.85 4.561 40.2416094674556 169
stats: tr_Initial_Get_Root 0 0 0 31.82 13.495 17.4363125 16
stats: 302 20 88
stats: tr_Redirect_Root 6 19.129333333333335 1.031962800793817 31.909 17.253 20.180449999999997 20
stats: 200 30 131
stats: tr_Redirect_To_Post 7 76.71000000000001 7.685090704920609 188.693 66.535 85.22892307692307 13
stats: size_rcv 571465 1832510
stats: tr_Post_New_Comment_On_Post 3 49.69 50.61150403482065 121.264 13.226 16.629125 8
stats: size_sent 29780 119108
stats: tr_Get_Post 3 83.085 12.805220914403101 101.28 71.13 81.07137499999999 8
stats: connected -13 5
stats: tr_Post_New_Comment_On_Comment 2 14.6795 0.4594999999999998 29.732 14.001 16.84175 8
stats: tr_Get_Logout 1 8.126 0.0 9.439 8.126 8.879999999999999 2
stats: tr_Post_New_Post 4 12.51125 0.5235285928199156 14.694 11.609 13.55775 4
stats: tr_Get_New_Post 4 14.0275 1.20026465831499 17.489 12.621 14.9765 4
stats: tr_Redirect_To_New_Post 3 15.095666666666666 1.108907670738291 16.185 12.951 13.536 3
stats: tr_Authenticate_User 4 7293.7029999999995 3943.7686300313057 10523.346 624.59 2551.372956521739 23
stats: tr_Get_Login 1 5.219 0.0 7.344 5.219 6.953 2
stats: tr_Post_Login 2 126.5485 0.8744999999999976 133.509 125.674 133.509 1
stats: tr_Get_Book 2 27.381500000000003 0.9915000000000012 37.488 25.898 30.128333333333334 6
stats: tr_Get_New_Book 1 8.62 0.0 9.672 8.62 9.1545 2
stats: tr_Redirect_To_New_Book 3 45.239666666666665 26.268556937059856 82.389 26.635 0 0
stats: tr_Post_New_Book 3 92.03866666666666 113.86367805504187 253.064 10.793 0 0
# stats: dump at 1575971454
stats: users 6 24
stats: {freemem,"tsung_controller@ip-172-31-19-117"} 1 375588.16015625 0.0 375597.96484375 375587.1953125 375594.0130208333 3
stats: {load,"tsung_controller@ip-172-31-19-117"} 1 0.078125 0.0 0.1015625 0.01953125 0.046875 3
stats: {recvpackets,"tsung_controller@ip-172-31-19-117"} 1 394.0 0.0 1037 382 709.5 2
stats: {sentpackets,"tsung_controller@ip-172-31-19-117"} 1 166.0 0.0 423 166 316.0 2
stats: {cpu,"tsung_controller@ip-172-31-19-117"} 1 0.012491282126016218 0.0 0.032268137816175706 0.012491282126016218 0.023694982099745132 3
stats: session 4 21404.6585 1950.0902817688336 23527.687 3899.628 12333.369608695653 23
stats: users_count 6 33
stats: finish_users_count 4 27
stats: request 20 30.9755 36.355387051302316 252.85 4.561 41.190255707762546 219
stats: connect 4 1.0565 0.09829165783524053 14.84 0.859 1.5821851851851856 27
stats: page 20 30.9755 36.355387051302316 252.85 4.561 41.190255707762546 219
stats: tr_Initial_Get_Root 4 16.128 0.720021874667708 31.82 13.495 17.4363125 16
stats: 302 5 93
stats: tr_Redirect_Root 1 18.799 0.0 31.909 17.253 19.937884615384615 26
stats: 200 15 146
stats: tr_Redirect_To_Post 2 69.416 3.1409999999999947 188.693 66.275 82.2473 20
stats: size_rcv 141037 1973547
stats: tr_Post_New_Comment_On_Post 0 0 0 121.264 13.226 25.645727272727267 11
stats: newphase 1 1
stats: tr_Get_Post 0 0 0 101.28 71.13 81.62054545454545 11
stats: size_sent 9105 128213
stats: tr_Post_New_Comment_On_Comment 1 14.402 0.0 29.732 14.001 16.4093 10
stats: connected -1 4
stats: tr_Get_Logout 1 9.312 0.0 9.439 8.126 8.628666666666666 3
stats: tr_Post_New_Post 1 11.95 0.0 14.694 11.609 13.034500000000001 8
stats: tr_Get_New_Post 1 13.82 0.0 17.489 12.621 14.501999999999999 8
stats: tr_Redirect_To_New_Post 3 14.172333333333334 0.39405104012325903 16.185 12.951 14.315833333333332 6
stats: tr_Authenticate_User 0 0 0 10523.346 624.59 3253.94037037037 27
stats: tr_Get_Login 1 5.721 0.0 7.344 5.219 6.375 3
stats: tr_Post_Login 1 125.734 0.0 133.509 125.674 128.86866666666666 3
stats: tr_Get_Book 1 26.696 0.0 37.488 25.898 29.441625000000002 8
stats: tr_Get_New_Book 0 0 0 9.672 8.62 8.976333333333335 3
stats: tr_Redirect_To_New_Book 0 0 0 82.389 26.635 45.239666666666665 3
stats: tr_Post_New_Book 0 0 0 253.064 10.793 92.03866666666666 3
# stats: dump at 1575971464
stats: users 39 41
stats: {freemem,"tsung_controller@ip-172-31-19-117"} 1 375591.984375 0.0 375597.96484375 375587.1953125 375592.5498046875 4
stats: {load,"tsung_controller@ip-172-31-19-117"} 1 0.0703125 0.0 0.1015625 0.01953125 0.0546875 4
stats: {recvpackets,"tsung_controller@ip-172-31-19-117"} 1 216.0 0.0 1037 216 604.3333333333334 3
stats: {sentpackets,"tsung_controller@ip-172-31-19-117"} 1 136.0 0.0 423 136 266.0 3
stats: {cpu,"tsung_controller@ip-172-31-19-117"} 1 0.012490632025980514 0.0 0.032268137816175706 0.012490632025980514 0.020894057106312904 4
stats: session 6 8733.541333333333 1450.842840609631 23527.687 3899.628 13677.264259259262 27
stats: users_count 39 72
stats: finish_users_count 6 33
stats: request 169 49.36968047337275 68.05733579043469 292.813 4.173 40.335464435146434 239
stats: connect 39 1.085102564102564 0.2885415843355361 14.84 0.71 1.5143548387096777 31
stats: page 168 49.414708333333316 68.25707692093128 292.813 4.173 40.335464435146434 239
stats: tr_Initial_Get_Root 24 35.64950000000001 49.42995016266285 218.322 12.827 17.17465 20
stats: 302 65 158
stats: tr_Redirect_Root 18 34.087777777777774 51.77677748926482 242.797 17.066 19.895703703703703 27
stats: 200 104 250
stats: tr_Redirect_To_Post 3 84.55633333333333 6.615897738696452 188.693 66.275 81.08081818181817 22
stats: size_rcv 645255 2618802
stats: tr_Post_New_Comment_On_Post 3 20.705000000000002 10.151805783537561 121.264 13.226 25.645727272727267 11
stats: newphase 0 1
stats: tr_Get_Post 3 115.22833333333335 50.66025866714679 186.38 71.13 81.62054545454545 11
stats: size_sent 83732 211945
stats: tr_Post_New_Comment_On_Comment 2 14.702 0.30799999999999983 29.732 14.001 16.22681818181818 11
stats: connected 35 39
stats: tr_Get_Logout 2 9.722000000000001 0.43999999999999995 10.162 8.126 8.799499999999998 4
stats: tr_Post_New_Post 3 104.827 130.425062870089 289.275 11.609 12.914000000000001 9
stats: tr_Get_New_Post 3 18.421666666666667 8.263542998550253 30.091 12.04 14.42622222222222 9
stats: tr_Redirect_To_New_Post 1 14.485 0.0 16.185 12.951 14.268 9
stats: tr_Get_Root 5 15.533199999999999 1.0728629735432202 16.658 13.624 0 0
stats: tr_Get_Conversations 2 11.776 1.811 13.587 9.965 0 0
stats: tr_Authenticate_User 24 2964.7884166666663 1442.3891532371422 10523.346 624.59 3253.94037037037 27
stats: tr_Get_Login 1 11.947 0.0 11.947 5.219 6.2115 4
stats: tr_Post_Login 1 283.58 0.0 283.58 125.674 128.085 4
stats: tr_Get_New_Conversation 2 24.0455 0.8934999999999995 24.939 23.152 0 0
stats: tr_Redirect_To_New_Conversation 1 25.781 0 25.781 25.781 0 0
stats: tr_Post_New_Conversation 1 29.044 0 29.044 29.044 0 0
stats: tr_Reply_To_Conversation 1 42.065 0 42.065 42.065 0 0
stats: tr_Get_Book 4 34.59325 8.12227149186113 48.057 25.898 29.13655555555556 9
stats: tr_Get_New_Book 2 16.634999999999998 7.563 24.198 8.62 8.976333333333335 3
stats: tr_Redirect_To_New_Book 1 25.627 0.0 82.389 25.627 45.239666666666665 3
stats: tr_Post_New_Book 2 17.221 5.265999999999998 253.064 10.793 92.03866666666666 3
# stats: dump at 1575971474
stats: users 26 46
stats: {freemem,"tsung_controller@ip-172-31-19-117"} 1 375582.08203125 0.0 375597.96484375 375582.08203125 375592.43671875 5
stats: {load,"tsung_controller@ip-172-31-19-117"} 1 0.05859375 0.0 0.1015625 0.01953125 0.0578125 5
stats: {recvpackets,"tsung_controller@ip-172-31-19-117"} 1 1085.0 0.0 1085 216 507.25 4
stats: {sentpackets,"tsung_controller@ip-172-31-19-117"} 1 646.0 0.0 646 136 233.5 4
stats: {cpu,"tsung_controller@ip-172-31-19-117"} 1 0.040594976631866016 0.0 0.040594976631866016 0.012490632025980514 0.019213372090246424 5
stats: session 25 11761.24268 3188.7920285521122 23527.687 3899.628 12778.405545454547 33
stats: users_count 12 84
stats: finish_users_count 25 58
stats: request 252 46.375182539682505 56.774901679463206 292.813 4.173 44.07757843137254 408
stats: connect 14 1.1784285714285718 0.21213934581028648 14.84 0.71 1.2752000000000001 70
stats: page 250 46.91731199999996 57.10672708701363 292.813 4.173 44.08316216216215 407
stats: tr_Initial_Get_Root 8 37.10987499999999 48.40962726678831 218.322 12.827 27.251840909090912 44
stats: 302 98 256
stats: tr_Redirect_Root 33 28.39845454545453 24.462304821030767 242.797 16.851 25.572533333333332 45
stats: 200 154 404
stats: tr_Redirect_To_Post 17 109.67988235294118 59.03118127275403 240.886 65.876 81.49787999999998 25
stats: size_rcv 1890731 4509533
stats: tr_Post_New_Comment_On_Post 10 21.1836 16.285512581432616 121.264 13.156 24.586999999999996 14
stats: newphase 0 1
stats: tr_Get_Post 10 112.25999999999999 47.97590348289441 249.78 71.13 88.82221428571428 14
stats: size_sent 141157 353102
stats: tr_Post_New_Comment_On_Comment 7 18.443428571428573 7.719352449843054 36.667 13.235 15.992230769230769 13
stats: connected -12 27
stats: tr_Get_Logout 3 9.024000000000001 0.3047961067117926 10.162 8.126 9.107 6
stats: tr_Post_New_Post 14 26.212571428571426 34.43562821869707 289.275 11.609 35.89225 12
stats: tr_Get_New_Post 14 20.958428571428573 21.93304301314176 99.602 11.407 15.425083333333333 12
stats: tr_Redirect_To_New_Post 11 14.849 1.9715645840527036 19.361 12.389 14.2897 10
stats: tr_Get_Root 3 14.869666666666667 0.3216968897718617 16.658 13.624 15.533199999999999 5
stats: tr_Get_Conversations 4 9.29525 0.34127142789867515 13.587 8.725 11.776 2
stats: tr_Authenticate_User 30 4101.624966666666 2728.9634939567254 10523.346 488.487 3117.8688627450974 51
stats: tr_Get_Login 4 5.8100000000000005 0.5782183843497192 11.947 5.219 7.3586 5
stats: tr_Post_Login 2 136.898 9.217000000000002 283.58 125.674 159.18400000000003 5
stats: tr_Get_New_Conversation 4 41.42775 5.351933359777568 47.36 23.152 24.0455 2
stats: tr_Redirect_To_New_Conversation 3 23.899 1.5221099390867496 25.823 22.101 25.781 1
stats: tr_Post_New_Conversation 5 60.60359999999999 62.53657803429926 185.186 24.762 29.044 1
stats: tr_Reply_To_Conversation 2 65.7015 24.249499999999998 89.951 41.452 42.065 1
stats: tr_Redirect_To_Same_Conversation 3 28.05666666666667 3.889723583438231 33.515 24.736 0 0
stats: tr_Get_Book 14 33.79964285714286 10.260836450219996 61.254 25.898 30.815538461538463 13
stats: tr_Get_New_Book 2 9.943999999999999 2.0400000000000005 24.198 7.904 12.0398 5
stats: tr_Redirect_To_New_Book 3 26.97866666666667 0.9660932782201849 82.389 25.627 40.3365 4
stats: tr_Post_New_Book 2 11.244 0.1379999999999999 253.064 10.793 62.111599999999996 5
# stats: dump at 1575971484
stats: users 9 46
stats: {freemem,"tsung_controller@ip-172-31-19-117"} 1 375573.16015625 0.0 375597.96484375 375573.16015625 375590.7109375 6
stats: {load,"tsung_controller@ip-172-31-19-117"} 1 0.05078125 0.0 0.1015625 0.01953125 0.057942708333333336 6
stats: {recvpackets,"tsung_controller@ip-172-31-19-117"} 1 1686.0 0.0 1686 216 622.8 5
stats: {sentpackets,"tsung_controller@ip-172-31-19-117"} 1 763.0 0.0 763 136 316.0 5
stats: {cpu,"tsung_controller@ip-172-31-19-117"} 1 0.04580232134492271 0.0 0.04580232134492271 0.012490632025980514 0.022776972847183025 6
stats: session 17 16941.415588235297 4240.593836963334 23906.286 3899.628 12339.973275862068 58
stats: users_count 0 84
stats: finish_users_count 17 75
stats: request 67 26.1970895522388 27.953007318910874 292.813 4.173 44.954845454545435 660
stats: connect 0 0 0 14.84 0.71 1.2590714285714288 84
stats: page 65 27.007738461538462 28.95895199297788 292.813 4.173 45.16160578386604 657
stats: tr_Initial_Get_Root 0 0 0 218.322 12.827 28.76846153846154 52
stats: 302 24 280
stats: tr_Redirect_Root 6 18.657666666666668 0.9330174465440383 242.797 16.851 26.768115384615378 78
stats: 200 43 447
stats: tr_Redirect_To_Post 6 71.20366666666666 6.990349124964276 240.886 65.868 92.90488095238094 42
stats: size_rcv 499776 5009309
stats: tr_Post_New_Comment_On_Post 0 0 0 121.264 13.156 23.168916666666664 24
stats: newphase 0 1
stats: tr_Get_Post 0 0 0 249.78 71.13 98.58795833333333 24
stats: size_sent 38647 391749
stats: tr_Post_New_Comment_On_Comment 4 14.95875 0.1251826166047032 36.667 13.235 16.850150000000003 20
stats: connected -18 9
stats: tr_Get_Logout 1 8.283 0.0 10.162 8.126 9.079333333333333 9
stats: tr_Post_New_Post 6 12.973833333333332 1.308789952165315 289.275 11.609 30.680115384615384 26
stats: tr_Get_New_Post 6 15.744500000000002 6.3516347698840505 99.602 11.319 18.404576923076924 26
stats: tr_Redirect_To_New_Post 9 13.487666666666668 0.36776320884201746 19.361 12.389 14.582666666666666 21
stats: tr_Get_Root 0 0 0 16.658 13.624 15.284375 8
stats: tr_Get_Conversations 2 9.404 0.1460000000000008 13.587 8.725 10.122166666666667 6
stats: tr_Authenticate_User 3 5551.772666666667 1031.6705164891016 10523.346 488.487 3482.2229753086417 81
stats: tr_Get_Login 1 5.545 0.0 11.947 5.219 6.670333333333334 9
stats: tr_Post_Login 2 125.9345 0.026499999999998636 283.58 125.674 152.81657142857145 7
stats: tr_Get_New_Conversation 2 22.6455 1.0164999999999997 47.36 21.629 35.63366666666667 6
stats: tr_Redirect_To_New_Conversation 1 28.446 0.0 28.446 22.101 24.369500000000002 4
stats: tr_Post_New_Conversation 2 25.59 0.5820000000000007 185.186 24.762 55.34366666666666 6
stats: tr_Reply_To_Conversation 2 37.1305 0.34449999999999825 89.951 36.786 57.82266666666666 3
stats: tr_Redirect_To_Same_Conversation 2 24.177 0.745000000000001 33.515 23.432 28.05666666666667 3
stats: tr_Get_Book 5 26.715600000000002 0.5354775812300651 61.254 25.703 32.36285185185185 27
stats: tr_Get_New_Book 3 8.368666666666668 0.1396240985248922 24.198 7.904 11.440999999999999 7
stats: tr_Redirect_To_New_Book 0 0 0 82.389 25.627 34.611714285714285 7
stats: tr_Post_New_Book 3 10.926 0.357497785540927 253.064 10.424 47.577999999999996 7
# stats: dump at 1575971494
stats: users 1 46
stats: {freemem,"tsung_controller@ip-172-31-19-117"} 1 375575.75 0.0 375597.96484375 375573.16015625 375588.20368303574 7
stats: {load,"tsung_controller@ip-172-31-19-117"} 1 0.0390625 0.0 0.1015625 0.01953125 0.056919642857142856 7
stats: {recvpackets,"tsung_controller@ip-172-31-19-117"} 1 413.0 0.0 1686 216 800.0 6
stats: {sentpackets,"tsung_controller@ip-172-31-19-117"} 1 202.0 0.0 763 136 390.5 6
stats: {cpu,"tsung_controller@ip-172-31-19-117"} 1 0.014573769297232024 0.0 0.04580232134492271 0.012490632025980514 0.026066308346860124 7
stats: session 8 24816.39 4940.761239840654 32137.235 3899.628 13382.966866666668 75
stats: users_count 0 84
stats: finish_users_count 8 83
stats: request 11 35.88400000000001 29.90484606213515 292.813 4.173 43.22613892709764 727
stats: connect 0 0 0 14.84 0.71 1.2590714285714288 84
stats: page 9 43.891333333333336 36.199153526014946 292.813 4.173 43.52725484764541 722
stats: tr_Initial_Get_Root 0 0 0 218.322 12.827 28.76846153846154 52
stats: 302 3 283
stats: tr_Redirect_Root 0 0 0 242.797 16.851 26.188797619047612 84
stats: 200 8 455
stats: tr_Redirect_To_Post 0 0 0 240.886 65.868 90.19222916666665 48
stats: size_rcv 25124 5034433
stats: tr_Post_New_Comment_On_Post 0 0 0 121.264 13.156 23.168916666666664 24
stats: newphase 0 1
stats: tr_Get_Post 0 0 0 249.78 71.13 98.58795833333333 24
stats: size_sent 6144 397893
stats: tr_Post_New_Comment_On_Comment 0 0 0 36.667 13.235 16.534916666666668 24
stats: connected -7 2
stats: tr_Get_Logout 0 0 0 10.162 8.126 8.9997 10
stats: tr_Post_New_Post 0 0 0 289.275 11.609 27.3601875 32
stats: tr_Get_New_Post 0 0 0 99.602 11.319 17.9058125 32
stats: tr_Redirect_To_New_Post 2 13.575 0.09899999999999975 19.361 12.389 14.254166666666666 30
stats: tr_Get_Root 0 0 0 16.658 13.624 15.284375 8
stats: tr_Get_Conversations 0 0 0 13.587 8.725 9.942625 8
stats: tr_Authenticate_User 0 0 0 10523.346 488.487 3556.1354642857136 84
stats: tr_Get_Login 0 0 0 11.947 5.219 6.5578 10
stats: tr_Post_Login 1 126.469 0.0 283.58 125.674 146.84277777777777 9
stats: tr_Get_New_Conversation 0 0 0 47.36 21.629 32.386625 8
stats: tr_Redirect_To_New_Conversation 2 23.2315 0.015499999999999403 28.446 22.101 25.184800000000003 5
stats: tr_Post_New_Conversation 0 0 0 185.186 24.762 47.905249999999995 8
stats: tr_Reply_To_Conversation 2 38.9905 2.6754999999999995 89.951 36.315 49.5458 5
stats: tr_Redirect_To_Same_Conversation 2 33.338499999999996 6.7295 40.068 23.432 26.5048 5
stats: tr_Get_Book 0 0 0 61.254 25.703 31.480468749999996 32
stats: tr_Get_New_Book 0 0 0 24.198 7.904 10.519299999999998 10
stats: tr_Redirect_To_New_Book 2 25.9255 0.6314999999999991 82.389 25.294 34.611714285714285 7
stats: tr_Post_New_Book 0 0 0 253.064 10.424 36.5824 10
# stats: dump at 1575971504
stats: users 45 46
stats: {freemem,"tsung_controller@ip-172-31-19-117"} 1 375582.76171875 0.0 375597.96484375 375573.16015625 375586.64697265625 8
stats: {load,"tsung_controller@ip-172-31-19-117"} 1 0.03125 0.0 0.1015625 0.01953125 0.0546875 8
stats: {recvpackets,"tsung_controller@ip-172-31-19-117"} 1 42.0 0.0 1686 42 744.7142857142857 7
stats: {sentpackets,"tsung_controller@ip-172-31-19-117"} 1 40.0 0.0 763 40 363.57142857142856 7
stats: {cpu,"tsung_controller@ip-172-31-19-117"} 1 0.0020818586834325686 0.0 0.04580232134492271 0.0020818586834325686 0.02462974096565661 8
stats: session 1 32267.846 0.0 32267.846 3899.628 14484.983554216868 83
stats: users_count 45 129
stats: finish_users_count 1 84
stats: request 107 39.571971962616814 54.34437923621271 292.813 4.173 43.116703252032494 738
stats: connect 43 1.244232558139535 1.6640277395553642 14.84 0.71 1.2590714285714288 84
stats: page 106 39.946452830188676 54.614566302395176 292.813 4.173 43.53173734610121 731
stats: tr_Initial_Get_Root 26 16.862692307692306 4.979080165044627 218.322 12.827 28.76846153846154 52
stats: 302 35 318
stats: tr_Redirect_Root 4 18.903000000000002 1.1532046652697845 242.797 16.851 26.188797619047612 84
stats: 200 72 527
stats: tr_Redirect_To_Post 0 0 0 240.886 65.868 90.19222916666665 48
stats: size_rcv 244609 5279042
stats: tr_Post_New_Comment_On_Post 1 14.815 0.0 121.264 13.156 23.168916666666664 24
stats: newphase 1 2
stats: tr_Get_Post 1 84.794 0.0 249.78 71.13 98.58795833333333 24
stats: size_sent 49663 447556
stats: tr_Post_New_Comment_On_Comment 0 0 0 36.667 13.235 16.534916666666668 24
stats: connected 41 43
stats: tr_Get_Logout 0 0 0 10.162 8.126 8.9997 10
stats: tr_Post_New_Post 0 0 0 289.275 11.609 27.3601875 32
stats: tr_Get_New_Post 0 0 0 99.602 11.319 17.9058125 32
stats: tr_Redirect_To_New_Post 0 0 0 19.361 12.389 14.21171875 32
stats: tr_Get_Root 6 15.510833333333336 1.6718222011392894 18.563 13.305 15.284375 8
stats: tr_Get_Conversations 0 0 0 13.587 8.725 9.942625 8
stats: tr_Authenticate_User 14 2248.2312142857145 1274.0663876382569 10523.346 477.825 3556.1354642857136 84
stats: tr_Get_Login 0 0 0 11.947 5.219 6.5578 10
stats: tr_Post_Login 0 0 0 283.58 125.674 144.80540000000002 10
stats: tr_Get_New_Conversation 0 0 0 47.36 21.629 32.386625 8
stats: tr_Redirect_To_New_Conversation 1 39.711 0.0 39.711 22.101 24.626714285714286 7
stats: tr_Post_New_Conversation 0 0 0 185.186 24.762 47.905249999999995 8
stats: tr_Reply_To_Conversation 1 37.352 0.0 89.951 36.315 46.529999999999994 7
stats: tr_Redirect_To_Same_Conversation 1 23.579 0.0 40.068 23.432 28.457285714285714 7
stats: tr_Get_Book 1 28.134 0.0 61.254 25.703 31.480468749999996 32
stats: tr_Get_New_Book 0 0 0 24.198 7.904 10.519299999999998 10
stats: tr_Redirect_To_New_Book 1 26.535 0.0 82.389 25.294 32.681444444444445 9
stats: tr_Post_New_Book 0 0 0 253.064 10.424 36.5824 10
# stats: dump at 1575971514
stats: users 92 96
stats: {freemem,"tsung_controller@ip-172-31-19-117"} 1 375585.421875 0.0 375597.96484375 375573.16015625 375586.21527777775 9
stats: {load,"tsung_controller@ip-172-31-19-117"} 1 0.03125 0.0 0.1015625 0.01953125 0.052083333333333336 9
stats: {recvpackets,"tsung_controller@ip-172-31-19-117"} 1 716.0 0.0 1686 42 656.875 8
stats: {sentpackets,"tsung_controller@ip-172-31-19-117"} 1 573.0 0.0 763 40 323.125 8
stats: {cpu,"tsung_controller@ip-172-31-19-117"} 1 0.03643252696006995 0.0 0.04580232134492271 0.0020818586834325686 0.022124420712076164 9
stats: session 17 9057.251058823531 2302.525452036 32267.846 3899.628 14696.684297619047 84
stats: users_count 64 193
stats: finish_users_count 17 101
stats: request 445 129.59388764044925 176.85344269746886 1114.865 4.173 42.667843786982225 845
stats: connect 66 1.0163636363636366 0.14813708192523 14.84 0.71 1.2540472440944885 127
stats: page 445 129.59388764044925 176.85344269746886 1114.865 4.173 43.07768697729986 837
stats: tr_Initial_Get_Root 43 131.71576744186044 166.44079417923868 694.865 12.827 24.799871794871795 78
stats: 302 181 499
stats: tr_Redirect_Root 57 99.84105263157896 149.2144443054465 838.242 16.424 25.857624999999995 88
stats: 200 264 791
stats: tr_Redirect_To_Post 10 350.8735 329.4442739849184 1121.269 65.868 90.19222916666665 48
stats: size_rcv 2107536 7386578
stats: tr_Post_New_Comment_On_Post 15 52.78999999999999 88.78744828784453 298.344 13.156 22.834760000000003 25
stats: newphase 0 2
stats: tr_Get_Post 15 245.15673333333336 231.3191963743222 980.509 71.13 98.0362 25
stats: size_sent 232399 679955
stats: tr_Post_New_Comment_On_Comment 6 124.3405 169.33194876410653 490.7 13.235 16.534916666666668 24
stats: connected 50 93
stats: tr_Get_Logout 6 166.26666666666668 216.1318651731443 631.768 7.741 8.9997 10
stats: tr_Post_New_Post 12 72.83591666666668 92.98338472585513 303.654 11.609 27.3601875 32
stats: tr_Get_New_Post 13 132.99599999999995 226.74718685423133 778.183 11.319 17.9058125 32
stats: tr_Redirect_To_New_Post 7 84.66985714285714 101.95077695833497 290.601 12.389 14.21171875 32
stats: tr_Get_Root 7 63.8057142857143 87.20464033805654 270.889 13.305 15.381428571428573 14
stats: tr_Get_Conversations 3 90.18400000000001 113.48362569404743 250.673 8.725 9.942625 8
stats: tr_Authenticate_User 69 3175.129913043478 1737.387294987478 10523.346 451.081 3369.292 98
stats: tr_Get_Login 3 33.964666666666666 38.48829886544163 88.389 5.219 6.5578 10
stats: tr_Post_Login 3 265.9386666666667 83.10907858284129 353.283 125.674 144.80540000000002 10
stats: tr_Get_New_Conversation 3 56.07866666666666 16.465012629478572 68.11 21.629 32.386625 8
stats: tr_Redirect_To_New_Conversation 1 86.198 0.0 86.198 22.101 26.51225 8
stats: tr_Post_New_Conversation 2 399.6675 364.5915 764.259 24.762 47.905249999999995 8
stats: tr_Reply_To_Conversation 0 0 0 89.951 36.315 45.382749999999994 8
stats: tr_Redirect_To_Same_Conversation 0 0 0 40.068 23.432 27.8475 8
stats: tr_Get_Book 15 75.08813333333335 48.647935401024185 203.655 25.703 31.379060606060598 33
stats: tr_Get_New_Book 10 74.48110000000001 180.5324525682017 615.197 7.904 10.519299999999998 10
stats: tr_Redirect_To_New_Book 3 353.2676666666667 249.05717244618535 676.883 25.294 32.0668 10
stats: tr_Post_New_Book 9 26.229888888888887 29.392662313518713 253.064 10.271 36.5824 10
# stats: dump at 1575971524
stats: users 35 96
stats: {freemem,"tsung_controller@ip-172-31-19-117"} 1 375546.37890625 0.0 375597.96484375 375546.37890625 375586.1359375 10
stats: {load,"tsung_controller@ip-172-31-19-117"} 1 0.1015625 0.0 0.1015625 0.01953125 0.05 10
stats: {recvpackets,"tsung_controller@ip-172-31-19-117"} 1 2913.0 0.0 2913 42 663.4444444444445 9
stats: {sentpackets,"tsung_controller@ip-172-31-19-117"} 1 1522.0 0.0 1522 40 350.8888888888889 9
stats: {cpu,"tsung_controller@ip-172-31-19-117"} 1 0.09782597383675551 0.0 0.09782597383675551 0.0020818586834325686 0.023555231336875544 10
stats: session 57 13968.78943859649 4146.46293670357 32267.846 3899.628 13747.472762376236 101
stats: users_count 0 193
stats: finish_users_count 57 158
stats: request 315 67.52031111111103 80.68516934642906 1114.865 4.173 72.6539596899224 1290
stats: connect 0 0 0 14.84 0.71 1.1727668393782387 193
stats: page 310 68.61164838709674 81.16534828000846 1114.865 4.173 73.10866146645859 1282
stats: tr_Initial_Get_Root 0 0 0 694.865 12.827 62.79477685950411 121
stats: 302 122 621
stats: tr_Redirect_Root 43 51.87144186046511 51.44707662058904 838.242 16.424 54.94076551724138 145
stats: 200 193 984
stats: tr_Redirect_To_Post 35 165.7586285714286 116.42274361360491 1121.269 65.868 135.13727586206895 58
stats: size_rcv 2871418 10257996
stats: tr_Post_New_Comment_On_Post 9 26.258666666666667 14.245943399204327 298.344 13.156 34.067975000000004 40
stats: newphase 0 2
stats: tr_Get_Post 9 173.18377777777778 71.49675338359819 980.509 71.13 153.2064 40
stats: size_sent 182779 862734
stats: tr_Post_New_Comment_On_Comment 17 37.29635294117647 49.50266225870041 490.7 13.235 38.09603333333334 30
stats: connected -58 35
stats: tr_Get_Logout 7 14.420285714285715 9.541771783872754 631.768 7.741 67.97481250000001 16
stats: tr_Post_New_Post 16 31.304437500000006 34.64156385573685 303.654 11.609 39.7626590909091 44
stats: tr_Get_New_Post 15 36.59686666666667 45.32289699900286 778.183 11.319 51.15408888888887 45
stats: tr_Redirect_To_New_Post 15 21.64553333333333 12.636233494026436 290.601 11.885 26.85805128205128 39
stats: tr_Get_Root 0 0 0 270.889 13.305 31.52285714285715 21
stats: tr_Get_Conversations 7 46.778 50.54779380801049 250.673 8.426 31.826636363636364 11
stats: tr_Authenticate_User 25 5217.618919999999 2800.6728357194447 10732.397 451.081 3289.069341317365 167
stats: tr_Get_Login 10 14.603500000000006 15.592214058625546 88.389 5.219 12.88246153846154 13
stats: tr_Post_Login 8 160.47775 58.88766837112419 353.283 125.674 172.75923076923075 13
stats: tr_Get_New_Conversation 6 51.126 25.15499074405183 85.881 21.629 38.84809090909091 11
stats: tr_Redirect_To_New_Conversation 6 86.12133333333334 88.56106596517958 211.761 22.095 33.144 9
stats: tr_Post_New_Conversation 7 48.616285714285716 21.100975527308723 764.259 24.762 118.2577 10
stats: tr_Reply_To_Conversation 5 47.5638 14.02003240224501 89.951 36.315 45.382749999999994 8
stats: tr_Redirect_To_Same_Conversation 5 30.0214 5.061047425187795 40.068 23.432 27.8475 8
stats: tr_Get_Book 14 43.37335714285714 29.674991485393278 203.655 25.541 45.03814583333334 48
stats: tr_Get_New_Book 11 27.20445454545454 37.69929726464319 615.197 7.904 42.50020000000001 20
stats: tr_Redirect_To_New_Book 13 69.93207692307692 62.970394816149714 676.883 25.294 106.19007692307693 13
stats: tr_Post_New_Book 11 25.457545454545457 22.85628073364533 253.064 10.271 31.678578947368422 19
# stats: dump at 1575971534
stats: users 7 96
stats: {freemem,"tsung_controller@ip-172-31-19-117"} 1 375542.6015625 0.0 375597.96484375 375542.6015625 375582.5216619318 11
stats: {load,"tsung_controller@ip-172-31-19-117"} 1 0.078125 0.0 0.1015625 0.01953125 0.0546875 11
stats: {recvpackets,"tsung_controller@ip-172-31-19-117"} 1 2321.0 0.0 2913 42 888.4 10
stats: {sentpackets,"tsung_controller@ip-172-31-19-117"} 1 956.0 0.0 1522 40 468.0 10
stats: {cpu,"tsung_controller@ip-172-31-19-117"} 1 0.06453023033128988 0.0 0.09782597383675551 0.0020818586834325686 0.030307117018682814 11
stats: session 28 20803.391071428567 4425.791697738352 32267.846 3899.628 13827.314854430377 158
stats: users_count 0 193
stats: finish_users_count 28 186
stats: request 85 32.472870588235274 27.779555112173977 1114.865 4.173 71.64642118380054 1605
stats: connect 0 0 0 14.84 0.71 1.1727668393782387 193
stats: page 79 34.95244303797469 30.098084402961067 1114.865 4.173 72.23298680904516 1592
stats: tr_Initial_Get_Root 0 0 0 694.865 12.827 62.79477685950411 121
stats: 302 27 648
stats: tr_Redirect_Root 5 19.1362 0.6143931640244716 838.242 16.424 54.23873936170212 188
stats: 200 58 1042
stats: tr_Redirect_To_Post 7 80.58357142857142 10.108735131517873 1121.269 65.868 146.66144086021504 93
stats: size_rcv 755286 11013282
stats: tr_Post_New_Comment_On_Post 2 15.753 1.3160000000000003 298.344 13.156 32.63361224489796 49
stats: newphase 0 2
stats: tr_Get_Post 2 88.211 16.039 980.509 71.13 156.87571428571428 49
stats: size_sent 47263 909997
stats: tr_Post_New_Comment_On_Comment 4 15.264 1.2496209425261724 490.7 13.235 37.80678723404255 47
stats: connected -28 7
stats: tr_Get_Logout 0 0 0 631.768 7.741 51.67560869565218 23
stats: tr_Post_New_Post 6 13.185333333333334 0.7368603817699951 303.654 11.609 37.507133333333336 60
stats: tr_Get_New_Post 6 19.291 10.6701039826236 778.183 11.319 47.51478333333332 60
stats: tr_Redirect_To_New_Post 11 14.902818181818184 1.4379918332162722 290.601 11.885 25.41012962962963 54
stats: tr_Get_Root 0 0 0 270.889 13.305 31.52285714285715 21
stats: tr_Get_Conversations 3 14.405 6.732011289354764 250.673 8.426 37.64105555555555 18
stats: tr_Authenticate_User 1 15343.255 0.0 15343.255 451.081 3540.182567708333 192
stats: tr_Get_Login 0 0 0 88.389 5.219 13.630739130434785 23
stats: tr_Post_Login 2 127.965 1.9149999999999956 353.283 125.674 168.08057142857143 21
stats: tr_Get_New_Conversation 4 44.624249999999996 18.96439470923077 85.881 21.629 43.18147058823529 17
stats: tr_Redirect_To_New_Conversation 5 23.8052 0.4493890964409347 211.761 22.095 54.33493333333334 15
stats: tr_Post_New_Conversation 4 26.970750000000002 0.6527328607477944 764.259 24.762 89.58182352941176 17
stats: tr_Reply_To_Conversation 6 41.314166666666665 2.2926788128494775 89.951 36.315 46.22161538461538 13
stats: tr_Redirect_To_Same_Conversation 6 25.815833333333334 1.4275449107549014 40.068 23.432 28.683615384615386 13
stats: tr_Get_Book 5 27.595599999999997 0.5258888095405738 203.655 25.541 44.662225806451616 62
stats: tr_Get_New_Book 0 0 0 615.197 7.904 37.07267741935485 31
stats: tr_Redirect_To_New_Book 4 27.284249999999997 0.6560976966123278 676.883 25.294 88.06107692307691 26
stats: tr_Post_New_Book 1 12.684 0.0 253.064 10.271 29.397533333333335 30
# stats: dump at 1575971544
stats: users 0 96
stats: {freemem,"tsung_controller@ip-172-31-19-117"} 1 375554.484375 0.0 375597.96484375 375542.6015625 375579.1949869792 12
stats: {load,"tsung_controller@ip-172-31-19-117"} 1 0.0703125 0.0 0.1015625 0.01953125 0.056640625 12
stats: {recvpackets,"tsung_controller@ip-172-31-19-117"} 1 592.0 0.0 2913 42 1018.6363636363636 11
stats: {sentpackets,"tsung_controller@ip-172-31-19-117"} 1 267.0 0.0 1522 40 512.3636363636364 11
stats: {cpu,"tsung_controller@ip-172-31-19-117"} 1 0.014574679617310557 0.0 0.09782597383675551 0.0020818586834325686 0.03315904312806673 12
stats: session 7 31328.810285714284 6466.159977433123 45769.835 3899.628 14877.476865591394 186
stats: users_count 0 193
stats: finish_users_count 7 193
stats: request 12 30.507916666666663 18.72872721898249 1114.865 4.173 69.67615384615377 1690
stats: connect 0 0 0 14.84 0.71 1.1727668393782387 193
stats: page 10 36.64 23.86152585649124 1114.865 4.173 70.47047157390777 1671
stats: tr_Initial_Get_Root 0 0 0 694.865 12.827 62.79477685950411 121
stats: 302 3 651
stats: tr_Redirect_Root 0 0 0 838.242 16.424 53.32934715025907 193
stats: 200 9 1051
stats: tr_Redirect_To_Post 2 67.99199999999999 0.0639999999999965 1121.269 65.868 142.03598999999997 100
stats: size_rcv 123830 11137112
stats: tr_Post_New_Comment_On_Post 0 0 0 298.344 13.156 31.971627450980396 51
stats: newphase 0 2
stats: tr_Get_Post 0 0 0 980.509 71.13 154.18298039215685 51
stats: size_sent 6679 916676
stats: tr_Post_New_Comment_On_Comment 0 0 0 490.7 13.235 36.03872549019608 51
stats: connected -7 0
stats: tr_Get_Logout 0 0 0 631.768 7.741 51.67560869565218 23
stats: tr_Post_New_Post 1 12.524 0.0 303.654 11.609 35.296060606060614 66
stats: tr_Get_New_Post 1 14.261 0.0 778.183 11.319 44.94898484848484 66
stats: tr_Redirect_To_New_Post 2 13.751000000000001 0.1939999999999995 290.601 11.885 23.63196923076923 65
stats: tr_Get_Root 0 0 0 270.889 13.305 31.52285714285715 21
stats: tr_Get_Conversations 0 0 0 250.673 8.426 34.32161904761905 21
stats: tr_Authenticate_User 0 0 0 15343.255 451.081 3601.338383419689 193
stats: tr_Get_Login 0 0 0 88.389 5.219 13.630739130434785 23
stats: tr_Post_Login 0 0 0 353.283 125.674 164.59226086956522 23
stats: tr_Get_New_Conversation 0 0 0 85.881 21.629 43.456285714285706 21
stats: tr_Redirect_To_New_Conversation 1 24.276 0.0 211.761 22.095 46.7025 20
stats: tr_Post_New_Conversation 0 0 0 764.259 24.762 77.65590476190476 21
stats: tr_Reply_To_Conversation 2 38.562 0.4060000000000006 89.951 36.315 44.671894736842106 19
stats: tr_Redirect_To_Same_Conversation 2 24.2305 0.18549999999999844 40.068 23.432 27.778000000000002 19
stats: tr_Get_Book 0 0 0 203.655 25.541 43.388597014925374 67
stats: tr_Get_New_Book 0 0 0 615.197 7.904 37.07267741935485 31
stats: tr_Redirect_To_New_Book 1 27.877 0.0 676.883 25.294 79.9575 30
stats: tr_Post_New_Book 0 0 0 253.064 10.271 28.858387096774194 31
# stats: dump at 1575971554
stats: users 114 114
stats: {freemem,"tsung_controller@ip-172-31-19-117"} 1 375563.33203125 0.0 375597.96484375 375542.6015625 375577.29417067306 13
stats: {load,"tsung_controller@ip-172-31-19-117"} 1 0.05859375 0.0 0.1015625 0.01953125 0.057692307692307696 13
stats: {recvpackets,"tsung_controller@ip-172-31-19-117"} 1 170.0 0.0 2913 42 983.0833333333334 12
stats: {sentpackets,"tsung_controller@ip-172-31-19-117"} 1 341.0 0.0 1522 40 491.9166666666667 12
stats: {cpu,"tsung_controller@ip-172-31-19-117"} 1 0.01353236316698936 0.0 0.09782597383675551 0.0020818586834325686 0.031729476704162415 13
stats: session 0 0 0 45769.835 3899.628 15474.157352331602 193
stats: users_count 114 307
stats: finish_users_count 0 193
stats: request 248 212.63506451612906 293.95625230429465 1918.082 4.173 69.3999970622796 1702
stats: connect 111 1.1921261261261262 0.9167125962329746 14.84 0.71 1.1727668393782387 193
stats: page 248 212.63506451612906 293.95625230429465 1918.082 4.173 70.26921951219505 1681
stats: tr_Initial_Get_Root 67 254.71737313432834 348.35034291437444 1290.141 12.827 62.79477685950411 121
stats: 302 73 724
stats: tr_Redirect_Root 13 181.3192307692308 179.79075172550912 838.242 16.424 53.32934715025907 193
stats: 200 175 1226
stats: tr_Redirect_To_Post 1 539.05 0.0 1121.269 65.868 140.5841470588235 102
stats: size_rcv 669274 11806386
stats: tr_Post_New_Comment_On_Post 3 50.97133333333334 42.667363814617005 298.344 13.156 31.971627450980396 51
stats: newphase 1 3
stats: tr_Get_Post 3 779.9556666666666 810.123267573659 1924.93 71.13 154.18298039215685 51
stats: size_sent 101407 1018083
stats: tr_Post_New_Comment_On_Comment 0 0 0 490.7 13.235 36.03872549019608 51
stats: connected 111 111
stats: tr_Get_Logout 1 623.588 0.0 631.768 7.741 51.67560869565218 23
stats: tr_Post_New_Post 1 16.087 0.0 303.654 11.609 34.95617910447762 67
stats: tr_Get_New_Post 1 27.527 0.0 778.183 11.319 44.49095522388059 67
stats: tr_Redirect_To_New_Post 0 0 0 290.601 11.885 23.337014925373133 67
stats: tr_Get_Root 12 190.3135 241.2991207096495 817.085 13.305 31.52285714285715 21
stats: tr_Get_Conversations 0 0 0 250.673 8.426 34.32161904761905 21
stats: tr_Authenticate_User 25 2114.92456 1008.8378310476695 15343.255 451.081 3601.338383419689 193
stats: tr_Get_Login 0 0 0 88.389 5.219 13.630739130434785 23
stats: tr_Post_Login 0 0 0 353.283 125.674 164.59226086956522 23
stats: tr_Get_New_Conversation 0 0 0 85.881 21.629 43.456285714285706 21
stats: tr_Redirect_To_New_Conversation 0 0 0 211.761 22.095 45.63457142857143 21
stats: tr_Post_New_Conversation 0 0 0 764.259 24.762 77.65590476190476 21
stats: tr_Reply_To_Conversation 0 0 0 89.951 36.315 44.089999999999996 21
stats: tr_Redirect_To_Same_Conversation 0 0 0 40.068 23.432 27.44014285714286 21
stats: tr_Get_Book 1 51.382 0.0 203.655 25.541 43.388597014925374 67
stats: tr_Get_New_Book 1 59.522 0.0 615.197 7.904 37.07267741935485 31
stats: tr_Redirect_To_New_Book 0 0 0 676.883 25.294 78.27748387096774 31
stats: tr_Post_New_Book 0 0 0 253.064 10.271 28.858387096774194 31
# stats: dump at 1575971564
stats: users 237 238
stats: {freemem,"tsung_controller@ip-172-31-19-117"} 1 375555.671875 0.0 375597.96484375 375542.6015625 375576.296875 14
stats: {load,"tsung_controller@ip-172-31-19-117"} 1 0.05078125 0.0 0.1015625 0.01953125 0.05775669642857143 14
stats: {recvpackets,"tsung_controller@ip-172-31-19-117"} 1 1582.0 0.0 2913 42 920.5384615384615 13
stats: {sentpackets,"tsung_controller@ip-172-31-19-117"} 1 1233.0 0.0 1522 40 480.3076923076923 13
stats: {cpu,"tsung_controller@ip-172-31-19-117"} 1 0.06349074180084724 0.0 0.09782597383675551 0.0020818586834325686 0.030429682880078628 14
stats: session 3 10137.605333333333 2380.010570646881 45769.835 3899.628 15474.157352331602 193
stats: users_count 126 433
stats: finish_users_count 3 196
stats: request 502 1251.964752988048 808.2315993700555 4730.314 4.173 87.61655948717943 1950
stats: connect 129 1.125224806201551 1.3429817238899724 14.84 0.655 1.1798355263157898 304
stats: page 502 1251.964752988048 808.2315993700555 4730.314 4.173 88.57234525660958 1929
stats: tr_Initial_Get_Root 70 1326.4671857142857 434.7667342264714 2493.573 12.827 131.1927234042553 188
stats: 302 197 921
stats: tr_Redirect_Root 54 1853.1556111111115 665.7932987741269 3525.598 16.424 61.4063786407767 206
stats: 200 305 1531
stats: tr_Redirect_To_Post 3 3904.143666666667 489.32781006487767 4507.961 65.868 144.4527475728155 103
stats: size_rcv 1353291 13159677
stats: tr_Post_New_Comment_On_Post 2 1365.9479999999999 324.5220000000001 1690.47 13.156 33.027166666666666 54
stats: newphase 0 3
stats: tr_Get_Post 5 3286.7635999999998 310.49943121210384 3648.521 71.13 188.94812962962962 54
stats: size_sent 316323 1334406
stats: tr_Post_New_Comment_On_Comment 3 1934.1323333333332 939.6449119507265 3211.374 13.235 36.03872549019608 51
stats: connected 126 237
stats: tr_Get_Logout 2 1342.7024999999999 412.6175 1755.32 7.741 75.50529166666668 24
stats: tr_Post_New_Post 3 1941.9126666666668 351.8733808785325 2405.379 11.609 34.6786911764706 68
stats: tr_Get_New_Post 4 1106.1599999999999 234.50654169660172 1340.27 11.319 44.24148529411764 68
stats: tr_Redirect_To_New_Post 1 989.047 0.0 989.047 11.885 23.337014925373133 67
stats: tr_Get_Root 12 1410.9828333333335 348.93169112302223 1866.261 13.305 89.2649090909091 33
stats: tr_Get_Conversations 3 947.1643333333333 751.4122815216394 1993.296 8.426 34.32161904761905 21
stats: tr_Authenticate_User 87 5538.050965517242 2398.8309615890917 15343.255 451.081 3430.8780825688073 218
stats: tr_Get_Login 2 879.156 202.59200000000007 1081.748 5.219 13.630739130434785 23
stats: tr_Post_Login 1 752.613 0.0 752.613 125.674 164.59226086956522 23
stats: tr_Get_New_Conversation 2 1685.8165 93.89949999999999 1779.716 21.629 43.456285714285706 21
stats: tr_Redirect_To_New_Conversation 0 0 0 211.761 22.095 45.63457142857143 21
stats: tr_Post_New_Conversation 0 0 0 764.259 24.762 77.65590476190476 21
stats: tr_Reply_To_Conversation 0 0 0 89.951 36.315 44.089999999999996 21
stats: tr_Redirect_To_Same_Conversation 0 0 0 40.068 23.432 27.44014285714286 21
stats: tr_Get_Book 9 2967.7137777777775 730.5092075085979 4730.394 25.541 43.50614705882353 68
stats: tr_Get_New_Book 7 653.6111428571429 426.2045476148172 1493.731 7.904 37.77421875 32
stats: tr_Redirect_To_New_Book 1 3565.292 0.0 3565.292 25.294 78.27748387096774 31
stats: tr_Post_New_Book 4 1651.9679999999998 493.80825181693757 2166.53 10.271 28.858387096774194 31
# stats: dump at 1575971574
stats: users 213 238
stats: {freemem,"tsung_controller@ip-172-31-19-117"} 1 375503.3203125 0.0 375597.96484375 375503.3203125 375574.921875 15
stats: {load,"tsung_controller@ip-172-31-19-117"} 1 0.0390625 0.0 0.1015625 0.01953125 0.057291666666666664 15
stats: {recvpackets,"tsung_controller@ip-172-31-19-117"} 1 2746.0 0.0 2913 42 967.7857142857143 14
stats: {sentpackets,"tsung_controller@ip-172-31-19-117"} 1 1813.0 0.0 1813 40 534.0714285714286 14
stats: {cpu,"tsung_controller@ip-172-31-19-117"} 1 0.12073272273105745 0.0 0.12073272273105745 0.0020818586834325686 0.03263375347479654 15
stats: session 24 20203.629666666664 2021.378711402106 45769.835 3899.628 15392.475433673464 196
stats: users_count 0 433
stats: finish_users_count 24 220
stats: request 621 2215.5153333333333 1204.4516822574565 7964.924 4.173 325.9945338499184 2452
stats: connect 0 0 0 14.84 0.655 1.1635658198614323 433
stats: page 621 2215.5153333333333 1204.4516822574565 7964.924 4.173 328.81215960510076 2431
stats: tr_Initial_Get_Root 1 3544.829 0.0 3544.829 12.827 455.491996124031 258
stats: 302 292 1213
stats: tr_Redirect_Root 134 2388.9042537313435 1029.1423470428922 4336.626 16.424 433.53891153846166 260
stats: 200 329 1860
stats: tr_Redirect_To_Post 18 3002.616388888888 1174.4645754882958 5387.335 65.868 250.85909433962263 106
stats: size_rcv 4003346 17163023
stats: tr_Post_New_Comment_On_Post 34 2040.8673529411763 1120.4718703258823 4931.338 13.156 80.63148214285714 56
stats: newphase 0 3
stats: tr_Get_Post 37 4009.1979999999994 1684.2092530574466 7970.659 71.13 451.47486440677966 59
stats: size_sent 342104 1676510
stats: tr_Post_New_Comment_On_Comment 5 1244.8591999999999 869.5001151177383 3211.374 13.235 141.48837037037035 54
stats: connected -24 213
stats: tr_Get_Logout 10 1588.1595 1119.7587793101022 3705.405 7.741 172.982 26
stats: tr_Post_New_Post 17 1447.4637058823525 886.843767178915 3405.573 11.609 115.26604225352114 71
stats: tr_Get_New_Post 19 1219.375105263158 825.6933587268148 2862.07 11.319 103.23695833333332 72
stats: tr_Redirect_To_New_Post 8 2012.8632499999999 941.1467187383366 3396.687 11.885 37.53863235294118 68
stats: tr_Get_Root 0 0 0 1866.261 13.305 441.7230222222222 45
stats: tr_Get_Conversations 10 1659.4217 874.5229660122197 2864.474 8.426 148.42695833333335 24
stats: tr_Authenticate_User 114 9112.835298245614 2463.4753909840706 16561.804 451.081 4031.9405114754104 305
stats: tr_Get_Login 7 1017.7375714285715 814.672431079924 2208.275 5.219 82.87276 25
stats: tr_Post_Login 5 1107.2788 670.6211752342449 2443.2 125.674 189.09312500000001 24
stats: tr_Get_New_Conversation 7 1572.7447142857143 742.5782652970881 2428.426 21.629 186.27021739130433 23
stats: tr_Redirect_To_New_Conversation 1 2443.14 0.0 2443.14 22.095 45.63457142857143 21
stats: tr_Post_New_Conversation 6 2708.4123333333328 1146.1358620516542 4721.018 24.762 77.65590476190476 21
stats: tr_Reply_To_Conversation 0 0 0 89.951 36.315 44.089999999999996 21
stats: tr_Redirect_To_Same_Conversation 0 0 0 40.068 23.432 27.44014285714286 21
stats: tr_Get_Book 26 2450.4895384615384 1199.6167122548973 5901.447 25.541 385.2966493506494 77
stats: tr_Get_New_Book 22 1337.605772727273 888.1785947833165 3121.055 7.904 148.30905128205129 39
stats: tr_Redirect_To_New_Book 7 3361.8917142857144 1348.2080803752297 5239.934 25.294 187.2466875 32
stats: tr_Post_New_Book 18 1533.096277777778 950.3106909035245 3724.175 10.271 214.35662857142856 35
# stats: dump at 1575971584
stats: users 69 238
stats: {freemem,"tsung_controller@ip-172-31-19-117"} 1 375468.0390625 0.0 375597.96484375 375468.0390625 375570.44677734375 16
stats: {load,"tsung_controller@ip-172-31-19-117"} 1 0.03125 0.0 0.1015625 0.01953125 0.05615234375 16
stats: {recvpackets,"tsung_controller@ip-172-31-19-117"} 1 4601.0 0.0 4601 42 1086.3333333333333 15
stats: {sentpackets,"tsung_controller@ip-172-31-19-117"} 1 1895.0 0.0 1895 40 619.3333333333334 15
stats: {cpu,"tsung_controller@ip-172-31-19-117"} 1 0.13529828067107946 0.0 0.13529828067107946 0.0020818586834325686 0.038139939053312845 16
stats: session 144 25630.506888888907 3567.712708431462 45769.835 3899.628 15917.32862272727 220
stats: users_count 0 433
stats: finish_users_count 144 364
stats: request 616 890.9400373376637 706.5718565856048 7964.924 4.173 707.8339144158803 3073
stats: connect 0 0 0 14.84 0.655 1.1635658198614323 433
stats: tr_Initial_Get_Root 0 0 0 3544.829 12.827 467.41993822393823 259
stats: 302 222 1435
stats: page 608 902.4992697368438 730.6013990947823 7964.924 4.173 712.7055642201834 3052
stats: tr_Redirect_Root 38 958.0363947368427 337.37694253987604 4336.626 16.424 1098.5616421319799 394
stats: 200 394 2254
stats: tr_Redirect_To_Post 106 1435.8686320754716 830.0136967731694 5387.335 65.868 650.3077338709676 124
stats: size_rcv 8406121 25569144
stats: tr_Post_New_Comment_On_Post 39 775.6161282051281 346.42345887509344 4931.338 13.156 821.1650333333332 90
stats: newphase 0 3
stats: tr_Get_Post 33 1986.1323636363632 698.8292058057389 7970.659 71.13 1822.6806562499996 96
stats: size_sent 319802 1996312
stats: tr_Post_New_Comment_On_Comment 60 503.23770000000036 409.35339191344616 3211.374 12.647 234.9943728813559 59
stats: connected -139 74
stats: tr_Get_Logout 5 406.275 214.32886782605837 3705.405 7.741 566.0868611111111 36
stats: tr_Post_New_Post 45 537.6395333333331 288.2846056751402 3405.573 11.609 372.62240909090906 88
stats: tr_Get_New_Post 42 464.7304761904762 331.49110517307776 2862.07 11.319 336.2767912087912 91
stats: tr_Redirect_To_New_Post 43 494.2436744186048 371.5808672071339 3396.687 11.885 245.4675394736842 76
stats: tr_Get_Root 0 0 0 1866.261 13.305 441.7230222222222 45
stats: tr_Get_Conversations 11 509.48390909090904 201.85911354725266 2864.474 8.426 592.8371764705882 34
stats: tr_Authenticate_User 14 12185.414071428571 3786.906962454781 17051.968 451.081 5414.331933174224 419
stats: tr_Get_Login 8 269.509125 112.83312482759385 2208.275 5.219 287.3744375 32
stats: tr_Post_Login 11 518.1756363636364 230.72595242143186 2443.2 125.674 347.401 29
stats: tr_Get_New_Conversation 14 551.3470714285716 235.95561393722954 2428.426 21.629 509.78093333333334 30
stats: tr_Redirect_To_New_Conversation 11 648.8325454545455 532.5096300277094 2443.14 22.095 154.6120909090909 22
stats: tr_Post_New_Conversation 15 897.3848 490.65855825766795 4721.018 24.762 662.2684444444443 27
stats: tr_Reply_To_Conversation 8 1312.2633749999998 1018.0026425081047 2733.922 36.315 44.089999999999996 21
stats: tr_Redirect_To_Same_Conversation 7 830.067857142857 735.5494413308478 2004.841 23.432 27.44014285714286 21
stats: tr_Get_Book 35 1432.0607142857148 600.2883568271681 5901.447 25.541 906.6074757281552 103
stats: tr_Get_New_Book 18 319.447 213.49857969733142 3121.055 7.904 577.2357377049182 61
stats: tr_Redirect_To_New_Book 28 1265.9295 595.1640843393825 5239.934 25.294 757.0547692307692 39
stats: tr_Post_New_Book 24 518.9157083333334 303.1260490048487 3724.175 10.271 662.2304716981133 53
# stats: dump at 1575971594
stats: users 6 238
stats: {freemem,"tsung_controller@ip-172-31-19-117"} 1 375467.42578125 0.0 375597.96484375 375467.42578125 375564.42279411765 17
stats: {load,"tsung_controller@ip-172-31-19-117"} 1 0.03125 0.0 0.1015625 0.01953125 0.0546875 17
stats: {recvpackets,"tsung_controller@ip-172-31-19-117"} 1 7159.0 0.0 7159 42 1306.0 16
stats: {sentpackets,"tsung_controller@ip-172-31-19-117"} 1 2582.0 0.0 2582 40 699.0625 16
stats: {cpu,"tsung_controller@ip-172-31-19-117"} 1 0.17795446030887066 0.0 0.17795446030887066 0.0020818586834325686 0.043855135619063824 17
stats: session 63 30722.784349206355 4351.183538187034 45769.835 3899.628 19759.904640109893 364
stats: users_count 0 433
stats: finish_users_count 63 427
stats: request 128 38.302476562500026 28.94382223861771 7964.924 4.173 738.4095098942805 3689
stats: connect 0 0 0 14.84 0.655 1.1635658198614323 433
stats: page 113 44.30501769911506 32.575823387873356 7964.924 4.173 744.234136065574 3660
stats: tr_Initial_Get_Root 0 0 0 3544.829 12.827 467.41993822393823 259
stats: 302 36 1471
stats: tr_Redirect_Root 1 23.643 0.0 4336.626 16.424 1086.2006250000002 432
stats: 200 92 2346
stats: tr_Redirect_To_Post 26 86.95261538461537 17.907104080346958 5387.335 65.307 1012.3488434782607 230
stats: size_rcv 1529259 27098403
stats: tr_Post_New_Comment_On_Post 0 0 0 4931.338 13.156 807.394434108527 129
stats: newphase 0 3
stats: tr_Get_Post 0 0 0 7970.659 71.13 1864.49388372093 129
stats: size_sent 70992 2067304
stats: tr_Post_New_Comment_On_Comment 9 14.778 1.225195766670236 3211.374 12.647 370.2431092436977 119
stats: connected -68 6
stats: tr_Get_Logout 0 0 0 3705.405 7.741 546.5976097560975 41
stats: tr_Post_New_Post 6 15.607666666666665 5.5713733994012244 3405.573 11.609 428.45527067669167 133
stats: tr_Get_New_Post 6 17.381666666666664 5.49963422016006 2862.07 11.319 376.8411127819549 133
stats: tr_Redirect_To_New_Post 19 16.363263157894732 5.740007920791391 3396.687 11.885 335.36143697478997 119
stats: tr_Get_Root 0 0 0 1866.261 13.305 441.7230222222222 45
stats: tr_Get_Conversations 0 0 0 2864.474 8.426 572.4619333333334 45
stats: tr_Authenticate_User 0 0 0 17051.968 451.081 5633.258376443418 433
stats: tr_Get_Login 1 6.61 0.0 2208.275 5.219 283.801375 40
stats: tr_Post_Login 1 131.233 0.0 2443.2 125.674 394.364025 40
stats: tr_Get_New_Conversation 1 34.003 0.0 2428.426 21.629 523.0065227272728 44
stats: tr_Redirect_To_New_Conversation 11 28.191363636363636 11.111817290800467 2443.14 20.726 319.3522424242425 33
stats: tr_Post_New_Conversation 3 45.038000000000004 14.310494074862222 4721.018 24.762 746.2385714285714 42
stats: tr_Reply_To_Conversation 15 38.37666666666667 4.238729898867766 2733.922 35.627 393.9309310344827 29
stats: tr_Redirect_To_Same_Conversation 16 26.748875 5.963019116552875 2004.841 21.811 228.09707142857138 28
stats: tr_Get_Book 1 27.934 0.0 5901.447 25.541 1039.8746014492754 138
stats: tr_Get_New_Book 0 0 0 3121.055 7.904 518.4990632911394 79
stats: tr_Redirect_To_New_Book 10 34.8084 10.317522282021008 5239.934 25.294 969.7188358208955 67
stats: tr_Post_New_Book 2 11.654 0.2469999999999999 3724.175 10.271 617.5609350649352 77
# stats: dump at 1575971604
stats: users 57 238
stats: {freemem,"tsung_controller@ip-172-31-19-117"} 1 375510.65234375 0.0 375597.96484375 375467.42578125 375559.03407118056 18
stats: {load,"tsung_controller@ip-172-31-19-117"} 1 0.01953125 0.0 0.1015625 0.01953125 0.053385416666666664 18
stats: {recvpackets,"tsung_controller@ip-172-31-19-117"} 1 896.0 0.0 7159 42 1650.2941176470588 17
stats: {sentpackets,"tsung_controller@ip-172-31-19-117"} 1 372.0 0.0 2582 40 809.8235294117648 17
stats: {cpu,"tsung_controller@ip-172-31-19-117"} 1 0.029147538594464048 0.0 0.17795446030887066 0.0020818586834325686 0.05130509810183087 18
stats: session 6 40963.96133333333 2960.6744314288535 45769.835 3899.628 21377.378695550356 427
stats: users_count 57 490
stats: finish_users_count 6 433
stats: request 78 62.86562820512821 105.15399152684807 7964.924 4.173 714.931988210637 3817
stats: connect 51 0.9086666666666667 0.1276729379507158 14.84 0.655 1.1635658198614323 433
stats: page 77 63.68472727272727 105.69516817528107 7964.924 4.173 723.2715094089587 3773
stats: tr_Initial_Get_Root 33 60.222 94.86662636085943 3544.829 12.827 467.41993822393823 259
stats: 302 11 1482
stats: tr_Redirect_Root 0 0 0 4336.626 16.424 1083.7466812933028 433
stats: 200 67 2413
stats: tr_Redirect_To_Post 2 71.53299999999999 6.182999999999996 5387.335 65.307 918.3632890624999 256
stats: size_rcv 269421 27367824
stats: tr_Post_New_Comment_On_Post 0 0 0 4931.338 13.156 807.394434108527 129
stats: newphase 1 4
stats: tr_Get_Post 0 0 0 7970.659 71.13 1864.49388372093 129
stats: size_sent 23535 2090839
stats: tr_Post_New_Comment_On_Comment 1 14.632 0.0 3211.374 12.647 345.2494687500002 128
stats: connected 45 51
stats: tr_Get_Logout 0 0 0 3705.405 7.741 546.5976097560975 41
stats: tr_Post_New_Post 0 0 0 3405.573 11.609 410.63451079136684 139
stats: tr_Get_New_Post 0 0 0 2862.07 11.319 361.32487769784177 139
stats: tr_Redirect_To_New_Post 1 13.262 0.0 3396.687 11.885 291.44139855072467 138
stats: tr_Get_Root 1 16.085 0.0 1866.261 13.305 441.7230222222222 45
stats: tr_Get_Conversations 0 0 0 2864.474 8.426 572.4619333333334 45
stats: tr_Authenticate_User 2 839.4100000000001 304.04800000000006 17051.968 451.081 5633.258376443418 433
stats: tr_Get_Login 0 0 0 2208.275 5.219 277.0406097560976 41
stats: tr_Post_Login 0 0 0 2443.2 125.674 387.94619512195123 41
stats: tr_Get_New_Conversation 0 0 0 2428.426 21.629 512.1397777777779 45
stats: tr_Redirect_To_New_Conversation 1 23.337 0.0 2443.14 20.726 246.56202272727276 44
stats: tr_Post_New_Conversation 0 0 0 4721.018 24.762 699.4918666666666 45
stats: tr_Reply_To_Conversation 1 36.973 0.0 2733.922 35.627 272.71924999999993 44
stats: tr_Redirect_To_Same_Conversation 1 23.732 0.0 2004.841 21.811 154.87954545454542 44
stats: tr_Get_Book 0 0 0 5901.447 25.541 1032.59445323741 139
stats: tr_Get_New_Book 0 0 0 3121.055 7.904 518.4990632911394 79
stats: tr_Redirect_To_New_Book 2 28.4465 0.6475000000000009 5239.934 25.294 848.3018961038961 77
stats: tr_Post_New_Book 0 0 0 3724.175 10.271 602.2215189873418 79
# stats: dump at 1575971614
stats: users 382 382
stats: {freemem,"tsung_controller@ip-172-31-19-117"} 1 375526.73828125 0.0 375597.96484375 375467.42578125 375556.4876644737 19
stats: {load,"tsung_controller@ip-172-31-19-117"} 1 0.01953125 0.0 0.1015625 0.01953125 0.051603618421052634 19
stats: {recvpackets,"tsung_controller@ip-172-31-19-117"} 1 802.0 0.0 7159 42 1608.388888888889 18
stats: {sentpackets,"tsung_controller@ip-172-31-19-117"} 1 647.0 0.0 2582 40 785.5 18
stats: {cpu,"tsung_controller@ip-172-31-19-117"} 1 0.031228530385360064 0.0 0.17795446030887066 0.0020818586834325686 0.05013891075933788 19
stats: session 0 0 0 45769.835 3899.628 21648.786307159357 433
stats: users_count 325 815
stats: finish_users_count 0 433
stats: request 690 1246.4472637681147 1178.8851642951402 7964.924 0.37 701.8739198973045 3895
stats: connect 328 0.9773689024390237 0.39570848919777507 14.84 0.641 1.1367066115702482 484
stats: page 690 1246.4472637681147 1178.8851642951402 7964.924 0.37 710.0797737662341 3850
stats: tr_Initial_Get_Root 155 1579.56775483871 1232.2331098273537 5158.599 1.274 421.40099315068494 292
stats: 302 156 1638
stats: tr_Redirect_Root 40 1615.7359499999995 1398.6484051074976 4336.626 0.532 1083.7466812933028 433
stats: 200 375 2788
stats: tr_Redirect_To_Post 0 0 0 5387.335 65.307 911.7987131782944 258
stats: size_rcv 1158680 28526504
stats: tr_Post_New_Comment_On_Post 5 429.39939999999996 857.384810162998 4931.338 0.511 807.394434108527 129
stats: newphase 0 4
stats: tr_Get_Post 6 929.6146666666667 1598.3863855856491 7970.659 0.605 1864.49388372093 129
stats: 502 159 159
stats: tr_Post_New_Comment_On_Comment 0 0 0 3211.374 12.647 342.68654263565907 129
stats: size_sent 351499 2442338
stats: tr_Get_Logout 2 1137.528 1136.843 3705.405 0.685 546.5976097560975 41
stats: connected 328 379
stats: tr_Post_New_Post 0 0 0 3405.573 11.609 410.63451079136684 139
stats: tr_Get_New_Post 0 0 0 2862.07 11.319 361.32487769784177 139
stats: tr_Redirect_To_New_Post 0 0 0 3396.687 11.885 289.4401079136691 139
stats: tr_Get_Root 26 1762.7046538461543 1332.6507030267198 4001.362 1.148 432.4700217391304 46
stats: tr_Get_Conversations 0 0 0 2864.474 8.426 572.4619333333334 45
stats: tr_Authenticate_User 80 4898.844562500001 2084.7857068489257 17051.968 336.472 5611.217694252873 435
stats: tr_Get_Login 1 0.904 0.0 2208.275 0.904 277.0406097560976 41
stats: tr_Post_Login 0 0 0 2443.2 125.674 387.94619512195123 41
stats: tr_Get_New_Conversation 0 0 0 2428.426 21.629 512.1397777777779 45
stats: tr_Redirect_To_New_Conversation 0 0 0 2443.14 20.726 241.60146666666668 45
stats: tr_Post_New_Conversation 0 0 0 4721.018 24.762 699.4918666666666 45
stats: tr_Reply_To_Conversation 0 0 0 2733.922 35.627 267.4804444444444 45
stats: tr_Redirect_To_Same_Conversation 0 0 0 2004.841 21.811 151.96515555555553 45
stats: tr_Get_Book 1 0.653 0.0 5901.447 0.653 1032.59445323741 139
stats: tr_Get_New_Book 2 924.9865 924.1265 3121.055 0.86 518.4990632911394 79
stats: tr_Redirect_To_New_Book 0 0 0 5239.934 25.294 827.5460632911391 79
stats: tr_Post_New_Book 1 0.569 0.0 3724.175 0.569 602.2215189873418 79
# stats: dump at 1575971624
stats: users 443 477
stats: {freemem,"tsung_controller@ip-172-31-19-117"} 1 375500.7265625 0.0 375597.96484375 375467.42578125 375555.0001953125 20
stats: {load,"tsung_controller@ip-172-31-19-117"} 1 0.16015625 0.0 0.16015625 0.01953125 0.05 20
stats: {recvpackets,"tsung_controller@ip-172-31-19-117"} 1 3544.0 0.0 7159 42 1565.9473684210527 19
stats: {sentpackets,"tsung_controller@ip-172-31-19-117"} 1 3128.0 0.0 3128 40 778.2105263157895 19
stats: {cpu,"tsung_controller@ip-172-31-19-117"} 1 0.16539757832979654 0.0 0.17795446030887066 0.0020818586834325686 0.04919339174063899 20
stats: session 36 15749.823055555558 2961.395959434305 45769.835 3899.628 21648.786307159357 433
stats: users_count 97 912
stats: finish_users_count 36 469
stats: request 1499 1253.1710280186803 1640.3048493972108 7964.924 0.323 783.8271603053436 4585
stats: connect 111 1.0634684684684688 1.0702359832376096 14.84 0.607 1.0723435960591132 812
stats: page 1499 1253.1710280186803 1640.3048493972108 7964.924 0.323 791.5981808370045 4540
stats: tr_Initial_Get_Root 88 2232.80805681818 1786.17762389084 6070.9 1.15 823.0024429530202 447
stats: 302 196 1834
stats: tr_Redirect_Root 240 1259.9135624999994 1759.598686982083 6008.345 0.389 1128.7352029598312 473
stats: 200 329 3117
stats: tr_Redirect_To_Post 38 1204.6177368421056 2358.2719365126086 7132.453 0.591 911.7987131782944 258
stats: size_rcv 2513074 31039578
stats: tr_Post_New_Comment_On_Post 53 424.1517735849055 1214.968258337309 5063.61 0.417 793.2901417910447 134
stats: newphase 0 4
stats: tr_Get_Post 61 1474.6094262295085 2523.696314210823 7970.659 0.605 1822.943696296296 135
stats: 502 873 1032
stats: tr_Post_New_Comment_On_Comment 21 155.23480952380956 689.227933352663 3237.553 0.513 342.68654263565907 129
stats: 422 83 83
stats: tr_Get_Logout 26 1346.7505384615383 1467.1538565325732 4658.722 0.489 574.0827441860465 43
stats: size_sent 729827 3172165
stats: tr_Post_New_Post 24 438.6122083333333 1000.0738527053464 3405.573 0.423 410.63451079136684 139
stats: connected 57 436
stats: tr_Get_New_Post 27 350.9724444444443 867.0601522217275 3352.362 0.515 361.32487769784177 139
stats: 400 18 18
stats: tr_Redirect_To_New_Post 7 473.6278571428572 1158.4372639353944 3396.687 0.501 289.4401079136691 139
stats: tr_Get_Root 15 2695.682933333332 1691.6492545136127 4495.976 1.148 912.832527777778 72
stats: tr_Get_Conversations 8 1756.5936250000002 1391.8487669482035 3431.163 0.577 572.4619333333334 45
stats: tr_Authenticate_User 294 7059.093870748299 3165.446498649852 17051.968 15.613 5500.557790291262 515
stats: tr_Get_Login 19 768.7916842105262 1008.2367656763884 2261.648 0.572 270.4659285714286 42
stats: tr_Post_Login 10 0.7602 0.10668533170028578 2443.2 0.567 387.94619512195123 41
stats: tr_Get_New_Conversation 6 1006.4868333333333 1423.4375739822494 3113.652 0.595 512.1397777777779 45
stats: tr_Redirect_To_New_Conversation 1 0.888 0.0 2443.14 0.888 241.60146666666668 45
stats: tr_Post_New_Conversation 3 795.5786666666668 1121.533866017528 4721.018 0.939 699.4918666666666 45
stats: tr_Reply_To_Conversation 0 0 0 2733.922 35.627 267.4804444444444 45
stats: tr_Redirect_To_Same_Conversation 0 0 0 2004.841 21.811 151.96515555555553 45
stats: tr_Get_Book 48 868.6836041666669 1846.7895650755295 6104.102 0.423 1025.2234428571428 140
stats: tr_Get_New_Book 30 1146.7131000000002 1346.3912839703362 3398.784 0.501 528.5357901234569 81
stats: tr_Redirect_To_New_Book 10 707.0946000000001 1413.1236641377996 5239.934 0.415 827.5460632911391 79
stats: tr_Post_New_Book 20 391.37175000000013 941.6164650908499 3724.175 0.569 594.7008625000001 80
# stats: dump at 1575971634
stats: users 314 477
stats: {freemem,"tsung_controller@ip-172-31-19-117"} 1 375439.671875 0.0 375597.96484375 375439.671875 375552.41573660716 21
stats: {load,"tsung_controller@ip-172-31-19-117"} 1 0.140625 0.0 0.16015625 0.01953125 0.05524553571428571 21
stats: {recvpackets,"tsung_controller@ip-172-31-19-117"} 1 4974.0 0.0 7159 42 1664.85 20
stats: {sentpackets,"tsung_controller@ip-172-31-19-117"} 1 3762.0 0.0 3762 40 895.7 20
stats: {cpu,"tsung_controller@ip-172-31-19-117"} 1 0.21121851231414332 0.0 0.21121851231414332 0.0020818586834325686 0.05472692443536078 21
stats: session 129 22329.710961240293 4360.58158489075 45769.835 3899.628 21195.987422174843 469
stats: users_count 0 912
stats: finish_users_count 129 598
stats: request 1077 1890.1173946146691 1464.2998426303523 7964.924 0.323 899.465960059172 6084
stats: connect 34 1.1877941176470586 1.006472575805099 14.84 0.607 1.0712762730227519 923
stats: page 1071 1896.2089178337985 1473.103847560406 7964.924 0.323 906.1697486338802 6039
stats: tr_Initial_Get_Root 0 0 0 6070.9 1.15 1054.895702803738 535
stats: 302 265 2099
stats: tr_Redirect_Root 168 2041.9994285714288 1233.5492045599105 6008.345 0.389 1172.8906115007014 713
stats: 200 416 3533
stats: tr_Redirect_To_Post 105 2520.416276190477 2048.5612961980505 7132.453 0.561 949.3903445945947 296
stats: size_rcv 5948028 36987606
stats: tr_Post_New_Comment_On_Post 75 1610.1961599999997 1032.6554031318167 5063.61 0.417 688.668037433155 187
stats: newphase 0 4
stats: tr_Get_Post 72 3489.3645277777778 1770.464361212562 7970.659 0.605 1714.5335408163264 196
stats: 502 284 1316
stats: tr_Post_New_Comment_On_Comment 54 868.2112037037039 1188.620126633889 3237.553 0.429 316.44330000000014 150
stats: 422 75 158
stats: tr_Get_Logout 18 1426.347833333333 896.2857268946259 4658.722 0.489 865.2329275362318 69
stats: size_sent 526531 3698696
stats: tr_Post_New_Post 59 1179.3313220338978 1057.2010694494045 3434.473 0.423 414.753926380368 163
stats: connected -126 310
stats: tr_Get_New_Post 64 1377.6413124999997 916.5295538592487 3352.362 0.494 359.64104819277105 166
stats: 400 33 51
stats: tr_Redirect_To_New_Post 37 3006.9042162162173 1919.7894727588443 6124.912 0.501 298.2710273972603 146
stats: 404 4 4
stats: tr_Get_Root 0 0 0 4495.976 1.148 1220.2205287356321 87
stats: tr_Get_Conversations 27 1851.4445925925927 581.8194099038877 3431.163 0.577 751.1987924528302 53
stats: tr_Authenticate_User 98 10278.199510204087 2958.8682128760965 19983.662 15.613 6066.947911001235 809
stats: tr_Get_Login 23 1488.2956086956517 794.7616267781856 2261.648 0.539 425.6821475409836 61
stats: tr_Post_Login 23 1304.4939130434782 982.6342404793934 2688.103 0.458 312.0273725490196 51
stats: tr_Get_New_Conversation 19 1019.5301052631576 1086.827695270864 3113.652 0.508 570.2982549019608 51
stats: tr_Redirect_To_New_Conversation 10 1073.9565 893.1459710404845 2443.14 0.626 236.36856521739134 46
stats: tr_Post_New_Conversation 15 1814.3298666666667 983.853388040167 4721.018 0.571 705.4972916666666 48
stats: tr_Reply_To_Conversation 6 1789.9776666666667 234.0691995405538 2733.922 35.627 267.4804444444444 45
stats: tr_Redirect_To_Same_Conversation 3 2173.5443333333333 193.30164470128622 2391.722 21.811 151.96515555555553 45
stats: tr_Get_Book 60 2321.8567666666668 1681.2591103926086 6104.102 0.423 985.2558244680853 188
stats: tr_Get_New_Book 34 1352.0410294117646 893.5800001818358 3398.784 0.501 695.6107387387389 111
stats: tr_Redirect_To_New_Book 24 1661.861791666667 1314.0762390355242 5239.934 0.415 814.0121910112358 89
stats: tr_Post_New_Book 33 1476.3851212121215 972.5626991895039 3737.269 0.569 554.0350400000001 100
# stats: dump at 1575971644
stats: users 85 477
stats: {freemem,"tsung_controller@ip-172-31-19-117"} 1 375403.4765625 0.0 375597.96484375 375403.4765625 375547.291015625 22
stats: {load,"tsung_controller@ip-172-31-19-117"} 1 0.12109375 0.0 0.16015625 0.01953125 0.059126420454545456 22
stats: {recvpackets,"tsung_controller@ip-172-31-19-117"} 1 6430.0 0.0 7159 42 1822.4285714285713 21
stats: {sentpackets,"tsung_controller@ip-172-31-19-117"} 1 3154.0 0.0 3762 40 1032.1904761904761 21
stats: {cpu,"tsung_controller@ip-172-31-19-117"} 1 0.1884023274453269 0.0 0.21121851231414332 0.0020818586834325686 0.061840178429850894 22
stats: session 229 29752.093401746733 4247.05666730001 45769.835 3899.628 21440.553202341136 598
stats: users_count 0 912
stats: finish_users_count 229 827
stats: request 735 1861.8780340136025 1088.1921259284434 7964.924 0.323 1048.4579437229438 7161
stats: page 710 1933.9244619718281 1085.1858023617212 7964.924 0.323 1055.3022310829817 7110
stats: connect 33 1.0116969696969695 0.209212011482116 14.84 0.591 1.075415882967607 957
stats: tr_Initial_Get_Root 0 0 0 6070.9 1.15 1054.895702803738 535
stats: 302 250 2349
stats: tr_Redirect_Root 31 2089.7507741935483 545.9989034600064 6008.345 0.389 1338.623053348468 881
stats: 200 420 3953
stats: tr_Redirect_To_Post 147 2652.7247619047616 1014.7786903753558 7132.453 0.561 1360.7562369077311 401
stats: size_rcv 6832474 43820080
stats: tr_Post_New_Comment_On_Post 28 1691.5096428571426 629.6225213969316 5063.61 0.417 952.4642557251907 262
stats: newphase 0 4
stats: tr_Get_Post 22 3437.50790909091 669.3793237241845 7970.659 0.605 2191.353805970149 268
stats: 502 0 1316
stats: tr_Post_New_Comment_On_Comment 76 928.5841052631582 975.5770198928913 3237.553 0.429 462.4995098039217 204
stats: 422 15 173
stats: tr_Get_Logout 5 1514.059 137.3059451196487 4658.722 0.489 981.3256666666666 87
stats: size_sent 318774 4017470
stats: tr_Post_New_Post 53 1427.1898679245282 622.1901084199158 3434.473 0.423 617.9524234234233 222
stats: connected -225 85
stats: tr_Get_New_Post 45 1324.1324666666665 564.971359017098 3352.362 0.494 642.9106869565217 230
stats: 400 30 81
stats: tr_Redirect_To_New_Post 70 2406.3544142857145 1176.2183524434993 6124.912 0.501 845.9181748633882 183
stats: 404 20 24
stats: tr_Get_Root 0 0 0 4495.976 1.148 1220.2205287356321 87
stats: tr_Get_Conversations 7 1682.4135714285715 139.35268942389834 3431.163 0.577 1122.53175 80
stats: tr_Authenticate_User 5 14457.1626 4411.301221860443 21324.385 15.613 6521.967378169791 907
stats: tr_Get_Login 8 1059.079375 571.1633444293623 2261.648 0.539 716.6358333333332 84
stats: tr_Post_Login 15 1732.9802000000002 257.6778266663497 2688.103 0.458 620.4967027027026 74
stats: tr_Get_New_Conversation 17 1511.634882352941 519.0408938387487 3113.652 0.508 692.2326142857142 70
stats: tr_Redirect_To_New_Conversation 23 1269.667304347826 798.9025906554803 2778.185 0.626 385.9378392857143 56
stats: tr_Post_New_Conversation 22 1828.667636363636 868.9777572203362 4721.018 0.571 969.5050476190476 63
stats: tr_Reply_To_Conversation 25 891.4123199999999 679.6316860792597 2733.922 2.935 446.5977647058823 51
stats: tr_Redirect_To_Same_Conversation 27 818.1597037037036 718.1528606756732 2391.722 4.136 278.31385416666666 48
stats: tr_Get_Book 34 2648.2567941176467 621.1131565764324 6104.102 0.423 1308.6270201612906 248
stats: tr_Get_New_Book 14 1291.6197142857145 636.0008908475825 3398.784 0.501 849.532324137931 145
stats: tr_Redirect_To_New_Book 33 2178.285151515151 803.3895252950998 5239.934 0.415 994.0864424778761 113
stats: tr_Post_New_Book 25 1232.3682000000003 590.6961652709116 3737.269 0.569 782.8888195488723 133
# stats: dump at 1575971654
stats: users 6 477
stats: {freemem,"tsung_controller@ip-172-31-19-117"} 1 375432.11328125 0.0 375597.96484375 375403.4765625 375541.03821331525 23
stats: {load,"tsung_controller@ip-172-31-19-117"} 1 0.1015625 0.0 0.16015625 0.01953125 0.06182065217391304 23
stats: {recvpackets,"tsung_controller@ip-172-31-19-117"} 1 6480.0 0.0 7159 42 2031.8636363636363 22
stats: {sentpackets,"tsung_controller@ip-172-31-19-117"} 1 2625.0 0.0 3762 40 1128.6363636363637 22
stats: {cpu,"tsung_controller@ip-172-31-19-117"} 1 0.1509677553697669 0.0 0.21121851231414332 0.0020818586834325686 0.06734288056095854 23
stats: session 79 34151.087670886074 4508.600297605741 47846.762 3899.628 23742.0558694075 827
stats: users_count 0 912
stats: finish_users_count 79 906
stats: request 133 68.74342857142861 106.26137229656956 7964.924 0.323 1124.175239361702 7896
stats: connect 7 0.971857142857143 0.1733661925944441 14.84 0.591 1.0732919191919192 990
stats: page 124 75.48914516129032 113.13176026848812 7964.924 0.323 1135.074837723785 7820
stats: tr_Initial_Get_Root 0 0 0 6070.9 1.15 1054.895702803738 535
stats: 302 35 2384
stats: tr_Redirect_Root 0 0 0 6008.345 0.389 1364.154807017544 912
stats: 200 88 4041
stats: tr_Redirect_To_Post 32 146.17496875 154.85777600238637 7132.453 0.561 1707.3244361313873 548
stats: size_rcv 1363290 45183370
stats: tr_Post_New_Comment_On_Post 0 0 0 5063.61 0.417 1023.8203620689652 290
stats: newphase 0 4
stats: tr_Get_Post 0 0 0 7970.659 0.605 2285.8896344827585 290
stats: 502 0 1316
stats: tr_Post_New_Comment_On_Comment 10 17.735400000000006 18.618319753404172 3237.553 0.429 589.0081857142859 280
stats: 422 2 175
stats: tr_Get_Logout 0 0 0 4658.722 0.489 1010.2785652173912 92
stats: size_sent 68245 4085715
stats: tr_Post_New_Post 9 8.956999999999999 4.739008264746258 3434.473 0.423 773.914549090909 275
stats: connected -79 6
stats: tr_Get_New_Post 9 12.06811111111111 8.100668346150272 3352.362 0.494 754.3833418181817 275
stats: 400 4 85
stats: tr_Redirect_To_New_Post 28 81.37964285714285 105.93696742882206 6124.912 0.501 1277.6594268774707 253
stats: 404 4 28
stats: tr_Get_Root 0 0 0 4495.976 1.148 1220.2205287356321 87
stats: tr_Get_Conversations 0 0 0 3431.163 0.577 1167.5797126436782 87
stats: tr_Authenticate_User 0 0 0 21324.385 15.613 6565.4717379385975 912
stats: tr_Get_Login 0 0 0 2261.648 0.539 746.4135326086955 92
stats: tr_Post_Login 3 132.82666666666668 1.3168187253967671 2688.103 0.458 807.9939213483146 89
stats: tr_Get_New_Conversation 0 0 0 3113.652 0.508 852.3457011494253 87
stats: tr_Redirect_To_New_Conversation 6 22.68383333333333 32.94124853137105 2778.185 0.626 643.226164556962 79
stats: tr_Post_New_Conversation 2 3.5505 0.08749999999999991 4721.018 0.571 1191.8765411764705 85
stats: tr_Reply_To_Conversation 9 23.871333333333336 19.39168691876897 2733.922 2.332 592.918342105263 76
stats: tr_Redirect_To_Same_Conversation 10 43.8762 66.24044373915379 2391.722 2.948 472.6583599999999 75
stats: tr_Get_Book 2 26.500500000000002 0.4964999999999984 6104.102 0.423 1470.1426666666666 282
stats: tr_Get_New_Book 0 0 0 3398.784 0.501 888.4582578616353 159
stats: tr_Redirect_To_New_Book 12 47.90541666666666 32.52898095662372 5239.934 0.415 1261.7477945205478 146
stats: tr_Post_New_Book 1 31.109 0.0 3737.269 0.569 854.0089746835445 158
# stats: dump at 1575971664
stats: users 1 477
stats: {freemem,"tsung_controller@ip-172-31-19-117"} 1 375489.98046875 0.0 375597.96484375 375403.4765625 375536.4996744792 24
stats: {load,"tsung_controller@ip-172-31-19-117"} 1 0.078125 0.0 0.16015625 0.01953125 0.0634765625 24
stats: {recvpackets,"tsung_controller@ip-172-31-19-117"} 1 846.0 0.0 7159 42 2225.2608695652175 23
stats: {sentpackets,"tsung_controller@ip-172-31-19-117"} 1 387.0 0.0 3762 40 1193.6956521739132 23
stats: {cpu,"tsung_controller@ip-172-31-19-117"} 1 0.024985165058246668 0.0 0.21121851231414332 0.0020818586834325686 0.07082725034465888 24
stats: session 5 44032.1274 4307.672662417912 50231.67 3899.628 24649.686677704198 906
stats: users_count 0 912
stats: finish_users_count 5 911
stats: request 6 44.0795 50.31306896738329 7964.924 0.323 1106.6920620251587 8029
stats: connect 0 0 0 14.84 0.591 1.072579739217653 997
stats: page 5 52.9412 53.75645971750744 7964.924 0.323 1118.5354840130915 7944
stats: tr_Initial_Get_Root 0 0 0 6070.9 1.15 1054.895702803738 535
stats: 302 1 2385
stats: tr_Redirect_Root 0 0 0 6008.345 0.389 1364.154807017544 912
stats: 200 5 4046
stats: tr_Redirect_To_Post 0 0 0 7132.453 0.561 1621.1920517241383 580
stats: size_rcv 14687 45198057
stats: tr_Post_New_Comment_On_Post 0 0 0 5063.61 0.417 1023.8203620689652 290
stats: newphase 0 4
stats: tr_Get_Post 0 0 0 7970.659 0.605 2285.8896344827585 290
stats: 502 0 1316
stats: tr_Post_New_Comment_On_Comment 0 0 0 3237.553 0.429 569.3091241379311 290
stats: 422 0 175
stats: tr_Get_Logout 0 0 0 4658.722 0.489 1010.2785652173912 92
stats: size_sent 3229 4088944
stats: tr_Post_New_Post 0 0 0 3434.473 0.423 749.6729366197183 284
stats: connected -4 2
stats: tr_Get_New_Post 0 0 0 3352.362 0.494 730.8592676056338 284
stats: 400 0 85
stats: tr_Redirect_To_New_Post 3 60.44733333333334 67.14106678892998 6124.912 0.501 1158.4571708185056 281
stats: 404 0 28
stats: tr_Get_Root 0 0 0 4495.976 1.148 1220.2205287356321 87
stats: tr_Get_Conversations 0 0 0 3431.163 0.577 1167.5797126436782 87
stats: tr_Authenticate_User 0 0 0 21324.385 15.613 6565.4717379385975 912
stats: tr_Get_Login 0 0 0 2261.648 0.539 746.4135326086955 92
stats: tr_Post_Login 0 0 0 2688.103 0.458 785.9775978260869 92
stats: tr_Get_New_Conversation 0 0 0 3113.652 0.508 852.3457011494253 87
stats: tr_Redirect_To_New_Conversation 1 25.866 0.0 2778.185 0.626 599.4231764705883 85
stats: tr_Post_New_Conversation 0 0 0 4721.018 0.571 1164.5587011494251 87
stats: tr_Reply_To_Conversation 1 35.575 0.0 2733.922 2.332 532.6663058823528 85
stats: tr_Redirect_To_Same_Conversation 1 22.561 0.0 2391.722 2.948 422.2133999999999 85
stats: tr_Get_Book 0 0 0 6104.102 0.423 1459.9761725352112 284
stats: tr_Get_New_Book 0 0 0 3398.784 0.501 888.4582578616353 159
stats: tr_Redirect_To_New_Book 0 0 0 5239.934 0.415 1169.5572341772152 158
stats: tr_Post_New_Book 0 0 0 3737.269 0.569 848.8335031446543 159
# stats: dump at 1575971673
stats: users 0 477
stats: {freemem,"tsung_controller@ip-172-31-19-117"} 1 375500.8125 0.0 375597.96484375 375403.4765625 375534.63890625 25
stats: {load,"tsung_controller@ip-172-31-19-117"} 1 0.0703125 0.0 0.16015625 0.01953125 0.0640625 25
stats: {recvpackets,"tsung_controller@ip-172-31-19-117"} 1 28.0 0.0 7159 28 2167.7916666666665 24
stats: {sentpackets,"tsung_controller@ip-172-31-19-117"} 1 26.0 0.0 3762 26 1160.0833333333335 24
stats: {cpu,"tsung_controller@ip-172-31-19-117"} 1 0.006245836109260493 0.0 0.21121851231414332 0.0020818586834325686 0.0689935669332024 25
stats: session 1 58595.709 0.0 58595.709 3899.628 24756.066703622393 911
stats: users_count 0 912
stats: finish_users_count 1 912
stats: request 4 8.78375 9.64015825531407 7964.924 0.323 1105.8985741132544 8035
stats: connect 0 0 0 14.84 0.591 1.072579739217653 997
stats: page 3 11.780000000000001 9.663861478035924 7964.924 0.323 1117.8652146181907 7949
stats: tr_Initial_Get_Root 0 0 0 6070.9 1.15 1054.895702803738 535
stats: 302 2 2387
stats: tr_Redirect_Root 0 0 0 6008.345 0.389 1364.154807017544 912
stats: 200 1 4047
stats: tr_Redirect_To_Post 0 0 0 7132.453 0.561 1621.1920517241383 580
stats: size_rcv 6930 45204987
stats: tr_Post_New_Comment_On_Post 0 0 0 5063.61 0.417 1023.8203620689652 290
stats: newphase 0 4
stats: tr_Get_Post 0 0 0 7970.659 0.605 2285.8896344827585 290
stats: 502 0 1316
stats: tr_Post_New_Comment_On_Comment 0 0 0 3237.553 0.429 569.3091241379311 290
stats: 422 0 175
stats: tr_Get_Logout 0 0 0 4658.722 0.489 1010.2785652173912 92
stats: size_sent 2332 4091276
stats: tr_Post_New_Post 0 0 0 3434.473 0.423 749.6729366197183 284
stats: connected -2 0
stats: tr_Get_New_Post 0 0 0 3352.362 0.494 730.8592676056338 284
stats: 400 0 85
stats: tr_Redirect_To_New_Post 0 0 0 6124.912 0.501 1146.858475352113 284
stats: 404 1 29
stats: tr_Get_Root 0 0 0 4495.976 1.148 1220.2205287356321 87
stats: tr_Get_Conversations 0 0 0 3431.163 0.577 1167.5797126436782 87
stats: tr_Authenticate_User 0 0 0 21324.385 15.613 6565.4717379385975 912
stats: tr_Get_Login 0 0 0 2261.648 0.539 746.4135326086955 92
stats: tr_Post_Login 0 0 0 2688.103 0.458 785.9775978260869 92
stats: tr_Get_New_Conversation 0 0 0 3113.652 0.508 852.3457011494253 87
stats: tr_Redirect_To_New_Conversation 1 4.592 0.0 2778.185 0.626 592.7539069767442 86
stats: tr_Post_New_Conversation 0 0 0 4721.018 0.571 1164.5587011494251 87
stats: tr_Reply_To_Conversation 1 2.369 0.0 2733.922 2.332 526.8861744186045 86
stats: tr_Redirect_To_Same_Conversation 1 3.36 0.0 2391.722 2.948 417.5662790697674 86
stats: tr_Get_Book 0 0 0 6104.102 0.423 1459.9761725352112 284
stats: tr_Get_New_Book 0 0 0 3398.784 0.501 888.4582578616353 159
stats: tr_Redirect_To_New_Book 1 25.607 0.0 5239.934 0.415 1169.5572341772152 158
stats: tr_Post_New_Book 0 0 0 3737.269 0.569 848.8335031446543 159
EndMonitor:{1575,971673,36765}
