
=INFO REPORT==== 10-Dec-2019::12:21:23 ===
    ts_config_server:(5:<0.102.0>) Config server started, logdir is "/home/ec2-user/.tsung/log/20191210-1221"
 
=INFO REPORT==== 10-Dec-2019::12:21:23 ===
              ts_mon:(5:<0.83.0>) starting monitor, global 

=INFO REPORT==== 10-Dec-2019::12:21:23 ===
           ts_config:(5:<0.102.0>) Reading config file: no-abort.xml

=INFO REPORT==== 10-Dec-2019::12:21:23 ===
           ts_config:(5:<0.102.0>) Session name for id 1 is "Register-Logout-Login"

=INFO REPORT==== 10-Dec-2019::12:21:23 ===
           ts_config:(5:<0.102.0>) Session name for id 2 is "Create-Book"

=INFO REPORT==== 10-Dec-2019::12:21:23 ===
           ts_config:(5:<0.102.0>) Session name for id 3 is "Create-Post"

=INFO REPORT==== 10-Dec-2019::12:21:23 ===
           ts_config:(5:<0.102.0>) Session name for id 4 is "Add_Comment"

=INFO REPORT==== 10-Dec-2019::12:21:23 ===
           ts_config:(5:<0.102.0>) Session name for id 5 is "Send-Message"

=INFO REPORT==== 10-Dec-2019::12:21:23 ===
    ts_config_server:(4:<0.102.0>) SYSINFO:Tsung version: 1.7.0

=INFO REPORT==== 10-Dec-2019::12:21:23 ===
    ts_config_server:(4:<0.102.0>) SYSINFO:Erlang version: Erlang/OTP 20 [erts-9.1] [source] [64-bit] [smp:96:96] [ds:96:96:10] [async-threads:8] [hipe] [kernel-poll:true]


=INFO REPORT==== 10-Dec-2019::12:21:23 ===
    ts_config_server:(4:<0.102.0>) SYSINFO:System architecture x86_64-unknown-linux-gnu

=INFO REPORT==== 10-Dec-2019::12:21:23 ===
    ts_config_server:(4:<0.102.0>) SYSINFO:Current path: /usr/local/lib/tsung/tsung-1.7.0/ebin/tsung.beam

=INFO REPORT==== 10-Dec-2019::12:21:23 ===
              ts_mon:(5:<0.103.0>) Activate clients with text backend

=INFO REPORT==== 10-Dec-2019::12:21:23 ===
              ts_mon:(5:<0.103.0>) Starting tsung clients on hosts: [localhost]

=INFO REPORT==== 10-Dec-2019::12:21:23 ===
    ts_config_server:(5:<0.102.0>) Start a launcher on the controller beam localhost

=INFO REPORT==== 10-Dec-2019::12:21:23 ===
  ts_launcher_static:(5:<0.154.0>) Launch msg receive ("localhost")

=INFO REPORT==== 10-Dec-2019::12:21:23 ===
         ts_launcher:(5:<0.155.0>) Launch msg receive ("localhost")

=INFO REPORT==== 10-Dec-2019::12:21:23 ===
    ts_config_server:(5:<0.102.0>) New arrival phase 1 for client "localhost" (last ? true): will start 30 users

=INFO REPORT==== 10-Dec-2019::12:21:23 ===
    ts_config_server:(5:<0.102.0>) New arrival phase 2 for client "localhost" (last ? true): will start 60 users

=INFO REPORT==== 10-Dec-2019::12:21:23 ===
    ts_config_server:(5:<0.102.0>) New arrival phase 3 for client "localhost" (last ? true): will start 120 users

=INFO REPORT==== 10-Dec-2019::12:21:23 ===
    ts_config_server:(5:<0.102.0>) New arrival phase 4 for client "localhost" (last ? true): will start 240 users

=INFO REPORT==== 10-Dec-2019::12:21:23 ===
    ts_config_server:(5:<0.102.0>) New arrival phase 5 for client "localhost" (last ? true): will start 480 users

=INFO REPORT==== 10-Dec-2019::12:21:23 ===
    ts_config_server:(5:<0.102.0>) New arrival phase 6 for client "localhost" (last ? true): will start 960 users

=INFO REPORT==== 10-Dec-2019::12:21:23 ===
    ts_config_server:(5:<0.102.0>) New arrival phase 7 for client "localhost" (last ? true): will start 1920 users

=INFO REPORT==== 10-Dec-2019::12:21:23 ===
    ts_config_server:(5:<0.102.0>) New arrival phase 8 for client "localhost" (last ? true): will start 3840 users

=INFO REPORT==== 10-Dec-2019::12:21:23 ===
    ts_config_server:(5:<0.102.0>) New arrival phase 9 for client "localhost" (last ? true): will start 7680 users

=INFO REPORT==== 10-Dec-2019::12:21:23 ===
         ts_launcher:(5:<0.155.0>) Expected duration of first phase: 15.0 sec (30 users) 

=INFO REPORT==== 10-Dec-2019::12:21:23 ===
         ts_launcher:(5:<0.155.0>) Activate launcher (30 users) in 1046 msec 

=INFO REPORT==== 10-Dec-2019::12:21:34 ===
         ts_launcher:(4:<0.155.0>) Need to wait 4.595 sec before changing phase, going to sleep

=INFO REPORT==== 10-Dec-2019::12:21:39 ===
         ts_launcher:(5:<0.155.0>) Waking up

=INFO REPORT==== 10-Dec-2019::12:21:39 ===
         ts_launcher:(5:<0.155.0>) Wait for all sessions to finish before starting next phase (still 24 sessions active)
=INFO REPORT==== 10-Dec-2019::12:21:44 ===
         ts_launcher:(5:<0.155.0>) Wait for all sessions to finish before starting next phase (still 16 sessions active)
=INFO REPORT==== 10-Dec-2019::12:21:49 ===
         ts_launcher:(5:<0.155.0>) Wait for all sessions to finish before starting next phase (still 7 sessions active)
=INFO REPORT==== 10-Dec-2019::12:21:54 ===
         ts_launcher:(5:<0.155.0>) Wait for all sessions to finish before starting next phase (still 4 sessions active)
=INFO REPORT==== 10-Dec-2019::12:21:59 ===
         ts_launcher:(5:<0.155.0>) Wait for all sessions to finish before starting next phase (still 1 sessions active)
=INFO REPORT==== 10-Dec-2019::12:22:04 ===
         ts_launcher:(5:<0.155.0>) Start a new arrival phase (60 users, 0.004); expected duration=15.0 sec

=INFO REPORT==== 10-Dec-2019::12:22:19 ===
         ts_launcher:(5:<0.155.0>) Phase duration exceeded, but not all users were launched (2 users, 3.3% of phase)

=INFO REPORT==== 10-Dec-2019::12:22:19 ===
         ts_launcher:(5:<0.155.0>) Wait for all sessions to finish before starting next phase (still 46 sessions active)
=INFO REPORT==== 10-Dec-2019::12:22:24 ===
         ts_launcher:(5:<0.155.0>) Wait for all sessions to finish before starting next phase (still 33 sessions active)
=INFO REPORT==== 10-Dec-2019::12:22:29 ===
         ts_launcher:(5:<0.155.0>) Wait for all sessions to finish before starting next phase (still 20 sessions active)
=INFO REPORT==== 10-Dec-2019::12:22:34 ===
         ts_launcher:(5:<0.155.0>) Wait for all sessions to finish before starting next phase (still 7 sessions active)
=INFO REPORT==== 10-Dec-2019::12:22:39 ===
         ts_launcher:(5:<0.155.0>) Wait for all sessions to finish before starting next phase (still 2 sessions active)
=INFO REPORT==== 10-Dec-2019::12:22:44 ===
         ts_launcher:(5:<0.155.0>) Wait for all sessions to finish before starting next phase (still 1 sessions active)
=INFO REPORT==== 10-Dec-2019::12:22:49 ===
         ts_launcher:(5:<0.155.0>) Start a new arrival phase (120 users, 0.008); expected duration=15.0 sec

=INFO REPORT==== 10-Dec-2019::12:23:03 ===
         ts_launcher:(4:<0.155.0>) Need to wait 0.691 sec before changing phase, going to sleep

=INFO REPORT==== 10-Dec-2019::12:23:04 ===
         ts_launcher:(5:<0.155.0>) Waking up

=INFO REPORT==== 10-Dec-2019::12:23:04 ===
         ts_launcher:(5:<0.155.0>) Wait for all sessions to finish before starting next phase (still 102 sessions active)
=INFO REPORT==== 10-Dec-2019::12:23:09 ===
         ts_launcher:(5:<0.155.0>) Wait for all sessions to finish before starting next phase (still 76 sessions active)
=INFO REPORT==== 10-Dec-2019::12:23:14 ===
         ts_launcher:(5:<0.155.0>) Wait for all sessions to finish before starting next phase (still 43 sessions active)
=INFO REPORT==== 10-Dec-2019::12:23:19 ===
         ts_launcher:(5:<0.155.0>) Wait for all sessions to finish before starting next phase (still 20 sessions active)
=INFO REPORT==== 10-Dec-2019::12:23:24 ===
         ts_launcher:(5:<0.155.0>) Wait for all sessions to finish before starting next phase (still 6 sessions active)
=INFO REPORT==== 10-Dec-2019::12:23:29 ===
         ts_launcher:(5:<0.155.0>) Wait for all sessions to finish before starting next phase (still 2 sessions active)
=INFO REPORT==== 10-Dec-2019::12:23:34 ===
         ts_launcher:(5:<0.155.0>) Start a new arrival phase (240 users, 0.016); expected duration=15.0 sec

=INFO REPORT==== 10-Dec-2019::12:23:49 ===
         ts_launcher:(5:<0.155.0>) Phase duration exceeded, but not all users were launched (22 users, 9.2% of phase)

=INFO REPORT==== 10-Dec-2019::12:23:49 ===
         ts_launcher:(5:<0.155.0>) Wait for all sessions to finish before starting next phase (still 195 sessions active)
=INFO REPORT==== 10-Dec-2019::12:23:54 ===
         ts_launcher:(5:<0.155.0>) Wait for all sessions to finish before starting next phase (still 143 sessions active)
=INFO REPORT==== 10-Dec-2019::12:23:59 ===
         ts_launcher:(5:<0.155.0>) Wait for all sessions to finish before starting next phase (still 78 sessions active)
=INFO REPORT==== 10-Dec-2019::12:24:04 ===
         ts_launcher:(5:<0.155.0>) Wait for all sessions to finish before starting next phase (still 39 sessions active)
=INFO REPORT==== 10-Dec-2019::12:24:09 ===
         ts_launcher:(5:<0.155.0>) Wait for all sessions to finish before starting next phase (still 17 sessions active)
=INFO REPORT==== 10-Dec-2019::12:24:14 ===
         ts_launcher:(5:<0.155.0>) Wait for all sessions to finish before starting next phase (still 7 sessions active)
=INFO REPORT==== 10-Dec-2019::12:24:19 ===
         ts_launcher:(5:<0.155.0>) Wait for all sessions to finish before starting next phase (still 2 sessions active)
=INFO REPORT==== 10-Dec-2019::12:24:24 ===
         ts_launcher:(5:<0.155.0>) Start a new arrival phase (480 users, 0.032); expected duration=15.0 sec

=INFO REPORT==== 10-Dec-2019::12:24:39 ===
         ts_launcher:(4:<0.155.0>) Need to wait 0.42 sec before changing phase, going to sleep

=INFO REPORT==== 10-Dec-2019::12:24:39 ===
         ts_launcher:(5:<0.155.0>) Waking up

=INFO REPORT==== 10-Dec-2019::12:24:39 ===
         ts_launcher:(5:<0.155.0>) Wait for all sessions to finish before starting next phase (still 407 sessions active)
=INFO REPORT==== 10-Dec-2019::12:24:44 ===
         ts_launcher:(5:<0.155.0>) Wait for all sessions to finish before starting next phase (still 296 sessions active)
=INFO REPORT==== 10-Dec-2019::12:24:49 ===
         ts_launcher:(5:<0.155.0>) Wait for all sessions to finish before starting next phase (still 174 sessions active)
=INFO REPORT==== 10-Dec-2019::12:24:54 ===
         ts_launcher:(5:<0.155.0>) Wait for all sessions to finish before starting next phase (still 67 sessions active)
=INFO REPORT==== 10-Dec-2019::12:24:59 ===
         ts_launcher:(5:<0.155.0>) Wait for all sessions to finish before starting next phase (still 25 sessions active)
=INFO REPORT==== 10-Dec-2019::12:25:04 ===
         ts_launcher:(5:<0.155.0>) Wait for all sessions to finish before starting next phase (still 9 sessions active)
=INFO REPORT==== 10-Dec-2019::12:25:09 ===
         ts_launcher:(5:<0.155.0>) Wait for all sessions to finish before starting next phase (still 1 sessions active)
=INFO REPORT==== 10-Dec-2019::12:25:14 ===
         ts_launcher:(5:<0.155.0>) Start a new arrival phase (960 users, 0.064); expected duration=15.0 sec

=INFO REPORT==== 10-Dec-2019::12:25:29 ===
         ts_launcher:(5:<0.155.0>) Phase duration exceeded, but not all users were launched (14 users, 1.5% of phase)

=INFO REPORT==== 10-Dec-2019::12:25:29 ===
         ts_launcher:(5:<0.155.0>) Wait for all sessions to finish before starting next phase (still 794 sessions active)
=INFO REPORT==== 10-Dec-2019::12:25:34 ===
         ts_launcher:(5:<0.155.0>) Wait for all sessions to finish before starting next phase (still 592 sessions active)
=INFO REPORT==== 10-Dec-2019::12:25:39 ===
         ts_launcher:(5:<0.155.0>) Wait for all sessions to finish before starting next phase (still 345 sessions active)
=INFO REPORT==== 10-Dec-2019::12:25:44 ===
         ts_launcher:(5:<0.155.0>) Wait for all sessions to finish before starting next phase (still 168 sessions active)
=INFO REPORT==== 10-Dec-2019::12:25:49 ===
         ts_launcher:(5:<0.155.0>) Wait for all sessions to finish before starting next phase (still 68 sessions active)
=INFO REPORT==== 10-Dec-2019::12:25:54 ===
         ts_launcher:(5:<0.155.0>) Wait for all sessions to finish before starting next phase (still 24 sessions active)
=INFO REPORT==== 10-Dec-2019::12:25:59 ===
         ts_launcher:(5:<0.155.0>) Wait for all sessions to finish before starting next phase (still 6 sessions active)
=INFO REPORT==== 10-Dec-2019::12:26:04 ===
         ts_launcher:(5:<0.155.0>) Start a new arrival phase (1920 users, 0.128); expected duration=15.0 sec

=INFO REPORT==== 10-Dec-2019::12:26:19 ===
         ts_launcher:(5:<0.155.0>) Phase duration exceeded, but not all users were launched (89 users, 4.6% of phase)

=INFO REPORT==== 10-Dec-2019::12:26:19 ===
         ts_launcher:(5:<0.155.0>) Wait for all sessions to finish before starting next phase (still 1603 sessions active)
=INFO REPORT==== 10-Dec-2019::12:27:19 ===
         ts_launcher:(5:<0.155.0>) Start a new arrival phase (3840 users, 0.256); expected duration=15.0 sec

=INFO REPORT==== 10-Dec-2019::12:27:34 ===
         ts_launcher:(5:<0.155.0>) Phase duration exceeded, but not all users were launched (180 users, 4.7% of phase)

=INFO REPORT==== 10-Dec-2019::12:27:34 ===
         ts_launcher:(5:<0.155.0>) Wait for all sessions to finish before starting next phase (still 3182 sessions active)
=INFO REPORT==== 10-Dec-2019::12:28:34 ===
         ts_launcher:(5:<0.155.0>) Start a new arrival phase (7680 users, 0.512); expected duration=15.0 sec

=INFO REPORT==== 10-Dec-2019::12:28:42 ===
           ts_client:(3:<0.9982.0>) Error: Unknown msg {#Ref<0.2382167120.4228907012.199253>,
                                                        badarg} receive in state think, stop

=INFO REPORT==== 10-Dec-2019::12:28:42 ===
           ts_client:(5:<0.9982.0>) Pending transactions: [{tr_Authenticate_User,
                                                            -576460315590931520}], compute transaction time

=INFO REPORT==== 10-Dec-2019::12:28:43 ===
           ts_client:(3:<0.9702.0>) Error: Unknown msg {#Ref<0.2382167120.4229169154.34994>,
                                                        badarg} receive in state think, stop

=INFO REPORT==== 10-Dec-2019::12:28:43 ===
           ts_client:(5:<0.9702.0>) Pending transactions: [{tr_Authenticate_User,
                                                            -576460316109983909}], compute transaction time

=INFO REPORT==== 10-Dec-2019::12:28:43 ===
           ts_client:(3:<0.10366.0>) Error: Unknown msg {#Ref<0.2382167120.4228907012.201409>,
                                                         badarg} receive in state think, stop

=INFO REPORT==== 10-Dec-2019::12:28:43 ===
           ts_client:(3:<0.9567.0>) Error: Unknown msg {#Ref<0.2382167120.4228907012.203133>,
                                                        badarg} receive in state think, stop

=INFO REPORT==== 10-Dec-2019::12:28:43 ===
           ts_client:(5:<0.9567.0>) Pending transactions: [{tr_Authenticate_User,
                                                            -576460314386544692}], compute transaction time

=INFO REPORT==== 10-Dec-2019::12:28:44 ===
           ts_client:(3:<0.9156.0>) Error: Unknown msg {#Ref<0.2382167120.4228907011.170987>,
                                                        badarg} receive in state think, stop

=INFO REPORT==== 10-Dec-2019::12:28:44 ===
           ts_client:(5:<0.9156.0>) Pending transactions: [{tr_Authenticate_User,
                                                            -576460317125087051}], compute transaction time

=INFO REPORT==== 10-Dec-2019::12:28:44 ===
           ts_client:(3:<0.7917.0>) Error: Unknown msg {#Ref<0.2382167120.4228907013.156520>,
                                                        badarg} receive in state think, stop

=INFO REPORT==== 10-Dec-2019::12:28:44 ===
           ts_client:(3:<0.8693.0>) Error: Unknown msg {#Ref<0.2382167120.4229169153.98700>,
                                                        badarg} receive in state think, stop

=INFO REPORT==== 10-Dec-2019::12:28:44 ===
           ts_client:(3:<0.10457.0>) Error: Unknown msg {#Ref<0.2382167120.4229169154.41096>,
                                                         badarg} receive in state think, stop

=INFO REPORT==== 10-Dec-2019::12:28:45 ===
           ts_client:(3:<0.9804.0>) Error: Unknown msg {#Ref<0.2382167120.4228907011.174291>,
                                                        badarg} receive in state think, stop

=INFO REPORT==== 10-Dec-2019::12:28:45 ===
           ts_client:(3:<0.8082.0>) Error: Unknown msg {#Ref<0.2382167120.4228907011.175523>,
                                                        badarg} receive in state think, stop

=INFO REPORT==== 10-Dec-2019::12:28:45 ===
           ts_client:(3:<0.7921.0>) Error: Unknown msg {#Ref<0.2382167120.4228907011.176076>,
                                                        badarg} receive in state think, stop

=INFO REPORT==== 10-Dec-2019::12:28:45 ===
           ts_client:(3:<0.10935.0>) Error: Unknown msg {#Ref<0.2382167120.4228907013.160259>,
                                                         badarg} receive in state think, stop

=INFO REPORT==== 10-Dec-2019::12:28:45 ===
           ts_client:(5:<0.10935.0>) Pending transactions: [{tr_Authenticate_User,
                                                             -576460311522982435}], compute transaction time

=INFO REPORT==== 10-Dec-2019::12:28:45 ===
           ts_client:(3:<0.11102.0>) Error: Unknown msg {#Ref<0.2382167120.4228907014.145203>,
                                                         badarg} receive in state think, stop

=INFO REPORT==== 10-Dec-2019::12:28:45 ===
           ts_client:(3:<0.11449.0>) Error: Unknown msg {#Ref<0.2382167120.4228907013.160860>,
                                                         badarg} receive in state think, stop

=INFO REPORT==== 10-Dec-2019::12:28:45 ===
           ts_client:(5:<0.11449.0>) Pending transactions: [{tr_Authenticate_User,
                                                             -576460310708536268}], compute transaction time

=INFO REPORT==== 10-Dec-2019::12:28:45 ===
           ts_client:(3:<0.10075.0>) Error: Unknown msg {#Ref<0.2382167120.4228907011.177226>,
                                                         badarg} receive in state think, stop

=INFO REPORT==== 10-Dec-2019::12:28:45 ===
           ts_client:(3:<0.12035.0>) Error: Unknown msg {#Ref<0.2382167120.4229169153.103401>,
                                                         badarg} receive in state think, stop

=INFO REPORT==== 10-Dec-2019::12:28:45 ===
           ts_client:(5:<0.12035.0>) Pending transactions: [{tr_Authenticate_User,
                                                             -576460310288870044}], compute transaction time

=INFO REPORT==== 10-Dec-2019::12:28:45 ===
           ts_client:(3:<0.9672.0>) Error: Unknown msg {#Ref<0.2382167120.4228907012.211687>,
                                                        badarg} receive in state think, stop

=INFO REPORT==== 10-Dec-2019::12:28:46 ===
           ts_client:(3:<0.12531.0>) Error: Unknown msg {#Ref<0.2382167120.4228907012.212647>,
                                                         badarg} receive in state think, stop

=INFO REPORT==== 10-Dec-2019::12:28:46 ===
           ts_client:(3:<0.12337.0>) Error: Unknown msg {#Ref<0.2382167120.4229169154.46265>,
                                                         badarg} receive in state think, stop

=INFO REPORT==== 10-Dec-2019::12:28:46 ===
           ts_client:(3:<0.9361.0>) Error: Unknown msg {#Ref<0.2382167120.4229169153.105378>,
                                                        badarg} receive in state think, stop

=INFO REPORT==== 10-Dec-2019::12:28:46 ===
           ts_client:(3:<0.11787.0>) Error: Unknown msg {#Ref<0.2382167120.4228907011.180083>,
                                                         badarg} receive in state think, stop

=INFO REPORT==== 10-Dec-2019::12:28:46 ===
           ts_client:(3:<0.9175.0>) Error: Unknown msg {#Ref<0.2382167120.4229169154.47433>,
                                                        badarg} receive in state think, stop

=INFO REPORT==== 10-Dec-2019::12:28:46 ===
           ts_client:(3:<0.10079.0>) Error: Unknown msg {#Ref<0.2382167120.4229169153.106973>,
                                                         badarg} receive in state think, stop

=INFO REPORT==== 10-Dec-2019::12:28:46 ===
           ts_client:(3:<0.8572.0>) Error: Unknown msg {#Ref<0.2382167120.4228907012.215171>,
                                                        badarg} receive in state think, stop

=INFO REPORT==== 10-Dec-2019::12:28:47 ===
           ts_client:(3:<0.8381.0>) Error: Unknown msg {#Ref<0.2382167120.4228907013.165754>,
                                                        badarg} receive in state think, stop

=INFO REPORT==== 10-Dec-2019::12:28:47 ===
           ts_client:(3:<0.11994.0>) Error: Unknown msg {#Ref<0.2382167120.4228907014.146355>,
                                                         badarg} receive in state think, stop

=INFO REPORT==== 10-Dec-2019::12:28:47 ===
           ts_client:(5:<0.11994.0>) Pending transactions: [{tr_Authenticate_User,
                                                             -576460310810981933}], compute transaction time

=INFO REPORT==== 10-Dec-2019::12:28:47 ===
           ts_client:(3:<0.8490.0>) Error: Unknown msg {#Ref<0.2382167120.4229169153.108149>,
                                                        badarg} receive in state think, stop

=INFO REPORT==== 10-Dec-2019::12:28:47 ===
           ts_client:(3:<0.8459.0>) Error: Unknown msg {#Ref<0.2382167120.4229169153.108227>,
                                                        badarg} receive in state think, stop

=INFO REPORT==== 10-Dec-2019::12:28:47 ===
           ts_client:(3:<0.11092.0>) Error: Unknown msg {#Ref<0.2382167120.4229169154.49446>,
                                                         badarg} receive in state think, stop

=INFO REPORT==== 10-Dec-2019::12:28:47 ===
           ts_client:(3:<0.7619.0>) Error: Unknown msg {#Ref<0.2382167120.4229169153.108895>,
                                                        badarg} receive in state think, stop

=INFO REPORT==== 10-Dec-2019::12:28:47 ===
           ts_client:(3:<0.11691.0>) Error: Unknown msg {#Ref<0.2382167120.4229169154.50700>,
                                                         badarg} receive in state think, stop

=INFO REPORT==== 10-Dec-2019::12:28:47 ===
           ts_client:(5:<0.11691.0>) Pending transactions: [{tr_Authenticate_User,
                                                             -576460307983978848}], compute transaction time

=INFO REPORT==== 10-Dec-2019::12:28:47 ===
           ts_search:(5:<0.13097.0>) Dyn Var (RE): no Match (varname=authenticity_token), 

=INFO REPORT==== 10-Dec-2019::12:28:47 ===
           ts_client:(3:<0.8728.0>) Error: Unknown msg {#Ref<0.2382167120.4228907013.167828>,
                                                        badarg} receive in state think, stop

=INFO REPORT==== 10-Dec-2019::12:28:48 ===
           ts_client:(3:<0.9415.0>) Error: Unknown msg {#Ref<0.2382167120.4229169153.111333>,
                                                        badarg} receive in state think, stop

=INFO REPORT==== 10-Dec-2019::12:28:48 ===
           ts_client:(3:<0.10283.0>) Error: Unknown msg {#Ref<0.2382167120.4228907011.184310>,
                                                         badarg} receive in state think, stop

=INFO REPORT==== 10-Dec-2019::12:28:48 ===
           ts_client:(5:<0.10283.0>) Pending transactions: [{tr_Authenticate_User,
                                                             -576460313379961589}], compute transaction time

=INFO REPORT==== 10-Dec-2019::12:28:48 ===
           ts_client:(3:<0.10916.0>) Error: Unknown msg {#Ref<0.2382167120.4229169153.111842>,
                                                         badarg} receive in state think, stop

=INFO REPORT==== 10-Dec-2019::12:28:48 ===
           ts_client:(5:<0.10916.0>) Pending transactions: [{tr_Authenticate_User,
                                                             -576460313216918591}], compute transaction time

=INFO REPORT==== 10-Dec-2019::12:28:48 ===
           ts_client:(3:<0.11020.0>) Error: Unknown msg {#Ref<0.2382167120.4228907014.147955>,
                                                         badarg} receive in state think, stop

=INFO REPORT==== 10-Dec-2019::12:28:48 ===
           ts_client:(3:<0.11668.0>) Error: Unknown msg {#Ref<0.2382167120.4228907012.219813>,
                                                         badarg} receive in state think, stop

=INFO REPORT==== 10-Dec-2019::12:28:48 ===
           ts_client:(3:<0.12307.0>) Error: Unknown msg {#Ref<0.2382167120.4228907011.185238>,
                                                         badarg} receive in state think, stop

=INFO REPORT==== 10-Dec-2019::12:28:48 ===
           ts_client:(5:<0.12307.0>) Pending transactions: [{tr_Authenticate_User,
                                                             -576460308192927387}], compute transaction time

=INFO REPORT==== 10-Dec-2019::12:28:48 ===
           ts_search:(5:<0.8233.0>) Dyn Var (RE): no Match (varname=authenticity_token), 

=INFO REPORT==== 10-Dec-2019::12:28:48 ===
           ts_search:(5:<0.13361.0>) Dyn Var (RE): no Match (varname=authenticity_token), 

=INFO REPORT==== 10-Dec-2019::12:28:48 ===
           ts_search:(5:<0.12425.0>) Dyn Var (RE): no Match (varname=authenticity_token), 

=INFO REPORT==== 10-Dec-2019::12:28:48 ===
           ts_search:(5:<0.14571.0>) Dyn Var (RE): no Match (varname=authenticity_token), 

=INFO REPORT==== 10-Dec-2019::12:28:48 ===
           ts_search:(5:<0.11919.0>) Dyn Var (RE): no Match (varname=authenticity_token), 

=INFO REPORT==== 10-Dec-2019::12:28:48 ===
           ts_search:(5:<0.13608.0>) Dyn Var (RE): no Match (varname=authenticity_token), 

=INFO REPORT==== 10-Dec-2019::12:28:48 ===
           ts_search:(5:<0.13779.0>) Dyn Var (RE): no Match (varname=authenticity_token), 

=INFO REPORT==== 10-Dec-2019::12:28:48 ===
           ts_search:(5:<0.14576.0>) Dyn Var (RE): no Match (varname=authenticity_token), 

=INFO REPORT==== 10-Dec-2019::12:28:48 ===
           ts_search:(5:<0.13149.0>) Dyn Var (RE): no Match (varname=authenticity_token), 

=INFO REPORT==== 10-Dec-2019::12:28:48 ===
           ts_search:(5:<0.14352.0>) Dyn Var (RE): no Match (varname=authenticity_token), 

=INFO REPORT==== 10-Dec-2019::12:28:48 ===
           ts_search:(5:<0.14591.0>) Dyn Var (RE): no Match (varname=authenticity_token), 

=INFO REPORT==== 10-Dec-2019::12:28:48 ===
           ts_search:(5:<0.10128.0>) Dyn Var: no Match (varname=authenticity_token), 

=INFO REPORT==== 10-Dec-2019::12:28:48 ===
           ts_search:(5:<0.10128.0>) Dyn Var (RE): no Match (varname=redirect_post), 

=INFO REPORT==== 10-Dec-2019::12:28:48 ===
           ts_search:(5:<0.10320.0>) Dyn Var (RE): no Match (varname=redirect_post), 

=INFO REPORT==== 10-Dec-2019::12:28:48 ===
           ts_search:(5:<0.12620.0>) Dyn Var (RE): no Match (varname=authenticity_token), 

=INFO REPORT==== 10-Dec-2019::12:28:48 ===
           ts_search:(5:<0.8890.0>) Dyn Var: no Match (varname=first_comment_path), 

=INFO REPORT==== 10-Dec-2019::12:28:48 ===
           ts_search:(5:<0.8890.0>) Dyn Var: no Match (varname=authenticity_token), 

=INFO REPORT==== 10-Dec-2019::12:28:48 ===
           ts_search:(5:<0.8524.0>) Dyn Var (RE): no Match (varname=redirect_post), 

=INFO REPORT==== 10-Dec-2019::12:28:48 ===
           ts_search:(5:<0.13569.0>) Dyn Var (RE): no Match (varname=authenticity_token), 

=INFO REPORT==== 10-Dec-2019::12:28:48 ===
           ts_search:(5:<0.14598.0>) Dyn Var (RE): no Match (varname=authenticity_token), 

=INFO REPORT==== 10-Dec-2019::12:28:48 ===
           ts_search:(5:<0.10010.0>) Dyn Var: no Match (varname=authenticity_token), 

=INFO REPORT==== 10-Dec-2019::12:28:48 ===
           ts_search:(5:<0.12622.0>) Dyn Var (RE): no Match (varname=authenticity_token), 

=INFO REPORT==== 10-Dec-2019::12:28:48 ===
           ts_search:(5:<0.13772.0>) Dyn Var (RE): no Match (varname=authenticity_token), 

=INFO REPORT==== 10-Dec-2019::12:28:48 ===
           ts_search:(5:<0.13302.0>) Dyn Var (RE): no Match (varname=authenticity_token), 

=INFO REPORT==== 10-Dec-2019::12:28:48 ===
           ts_search:(5:<0.13003.0>) Dyn Var (RE): no Match (varname=authenticity_token), 

=INFO REPORT==== 10-Dec-2019::12:28:48 ===
           ts_search:(5:<0.10010.0>) Dyn Var (RE): no Match (varname=redirect_post), 

=INFO REPORT==== 10-Dec-2019::12:28:48 ===
           ts_search:(5:<0.12983.0>) Dyn Var (RE): no Match (varname=authenticity_token), 

=INFO REPORT==== 10-Dec-2019::12:28:48 ===
           ts_search:(5:<0.9184.0>) Dyn Var (RE): no Match (varname=redirect_post), 

=INFO REPORT==== 10-Dec-2019::12:28:48 ===
           ts_search:(5:<0.13642.0>) Dyn Var (RE): no Match (varname=authenticity_token), 

=INFO REPORT==== 10-Dec-2019::12:28:48 ===
           ts_search:(5:<0.7643.0>) Dyn Var (RE): no Match (varname=redirect_post), 

=INFO REPORT==== 10-Dec-2019::12:28:48 ===
           ts_search:(5:<0.7749.0>) Dyn Var: no Match (varname=first_comment_path), 

=INFO REPORT==== 10-Dec-2019::12:28:48 ===
           ts_search:(5:<0.7749.0>) Dyn Var: no Match (varname=authenticity_token), 

=INFO REPORT==== 10-Dec-2019::12:28:48 ===
           ts_search:(5:<0.14610.0>) Dyn Var (RE): no Match (varname=authenticity_token), 

=INFO REPORT==== 10-Dec-2019::12:28:48 ===
           ts_search:(5:<0.13555.0>) Dyn Var (RE): no Match (varname=authenticity_token), 

=INFO REPORT==== 10-Dec-2019::12:28:48 ===
           ts_search:(5:<0.9763.0>) Dyn Var (RE): no Match (varname=book_id), 

=INFO REPORT==== 10-Dec-2019::12:28:48 ===
           ts_search:(5:<0.10705.0>) Dyn Var (RE): no Match (varname=authenticity_token), 

=INFO REPORT==== 10-Dec-2019::12:28:48 ===
           ts_search:(5:<0.13872.0>) Dyn Var (RE): no Match (varname=authenticity_token), 

=INFO REPORT==== 10-Dec-2019::12:28:48 ===
           ts_search:(5:<0.14612.0>) Dyn Var (RE): no Match (varname=authenticity_token), 

=INFO REPORT==== 10-Dec-2019::12:28:48 ===
           ts_search:(5:<0.13956.0>) Dyn Var (RE): no Match (varname=authenticity_token), 

=INFO REPORT==== 10-Dec-2019::12:28:48 ===
           ts_search:(5:<0.14611.0>) Dyn Var (RE): no Match (varname=authenticity_token), 

=INFO REPORT==== 10-Dec-2019::12:28:48 ===
           ts_search:(5:<0.8613.0>) Dyn Var (RE): no Match (varname=authenticity_token), 

=INFO REPORT==== 10-Dec-2019::12:28:48 ===
           ts_search:(5:<0.14392.0>) Dyn Var (RE): no Match (varname=authenticity_token), 

=INFO REPORT==== 10-Dec-2019::12:28:48 ===
           ts_client:(3:<0.12483.0>) Error: Unknown msg {#Ref<0.2382167120.4228907013.170854>,
                                                         badarg} receive in state think, stop

=INFO REPORT==== 10-Dec-2019::12:28:48 ===
           ts_client:(5:<0.12483.0>) Pending transactions: [{tr_Authenticate_User,
                                                             -576460310011968282}], compute transaction time

=INFO REPORT==== 10-Dec-2019::12:28:48 ===
           ts_search:(5:<0.8953.0>) Dyn Var: no Match (varname=authenticity_token), 

=INFO REPORT==== 10-Dec-2019::12:28:48 ===
           ts_search:(5:<0.7694.0>) Dyn Var (RE): no Match (varname=authenticity_token), 

=INFO REPORT==== 10-Dec-2019::12:28:48 ===
           ts_search:(5:<0.12740.0>) Dyn Var (RE): no Match (varname=authenticity_token), 

=INFO REPORT==== 10-Dec-2019::12:28:48 ===
           ts_search:(5:<0.8530.0>) Dyn Var (RE): no Match (varname=redirect_post), 

=INFO REPORT==== 10-Dec-2019::12:28:48 ===
           ts_search:(5:<0.14615.0>) Dyn Var (RE): no Match (varname=authenticity_token), 

=INFO REPORT==== 10-Dec-2019::12:28:48 ===
           ts_search:(5:<0.13687.0>) Dyn Var (RE): no Match (varname=authenticity_token), 

=INFO REPORT==== 10-Dec-2019::12:28:48 ===
           ts_search:(5:<0.9819.0>) Dyn Var (RE): no Match (varname=authenticity_token), 

=INFO REPORT==== 10-Dec-2019::12:28:48 ===
           ts_search:(5:<0.13251.0>) Dyn Var (RE): no Match (varname=authenticity_token), 

=INFO REPORT==== 10-Dec-2019::12:28:48 ===
           ts_search:(5:<0.9530.0>) Dyn Var (RE): no Match (varname=authenticity_token), 

=INFO REPORT==== 10-Dec-2019::12:28:48 ===
           ts_search:(5:<0.13256.0>) Dyn Var (RE): no Match (varname=authenticity_token), 

=INFO REPORT==== 10-Dec-2019::12:28:48 ===
           ts_search:(5:<0.9239.0>) Dyn Var (RE): no Match (varname=book_id), 

=INFO REPORT==== 10-Dec-2019::12:28:48 ===
           ts_search:(5:<0.8962.0>) Dyn Var (RE): no Match (varname=redirect_post), 

=INFO REPORT==== 10-Dec-2019::12:28:48 ===
           ts_search:(5:<0.14714.0>) Dyn Var (RE): no Match (varname=authenticity_token), 

=INFO REPORT==== 10-Dec-2019::12:28:48 ===
           ts_search:(5:<0.8140.0>) Dyn Var (RE): no Match (varname=book_id), 

=INFO REPORT==== 10-Dec-2019::12:28:48 ===
           ts_search:(5:<0.13241.0>) Dyn Var (RE): no Match (varname=authenticity_token), 

=INFO REPORT==== 10-Dec-2019::12:28:48 ===
           ts_search:(5:<0.13657.0>) Dyn Var (RE): no Match (varname=authenticity_token), 

=INFO REPORT==== 10-Dec-2019::12:28:48 ===
           ts_search:(5:<0.9379.0>) Dyn Var (RE): no Match (varname=book_id), 

=INFO REPORT==== 10-Dec-2019::12:28:48 ===
           ts_search:(5:<0.12667.0>) Dyn Var (RE): no Match (varname=authenticity_token), 

=INFO REPORT==== 10-Dec-2019::12:28:48 ===
           ts_search:(5:<0.8652.0>) Dyn Var (RE): no Match (varname=authenticity_token), 

=INFO REPORT==== 10-Dec-2019::12:28:48 ===
           ts_search:(5:<0.9690.0>) Dyn Var (RE): no Match (varname=book_id), 

=INFO REPORT==== 10-Dec-2019::12:28:48 ===
           ts_search:(5:<0.13490.0>) Dyn Var (RE): no Match (varname=authenticity_token), 

=INFO REPORT==== 10-Dec-2019::12:28:48 ===
           ts_search:(5:<0.14717.0>) Dyn Var (RE): no Match (varname=authenticity_token), 

=INFO REPORT==== 10-Dec-2019::12:28:48 ===
           ts_search:(5:<0.9081.0>) Dyn Var (RE): no Match (varname=authenticity_token), 

=INFO REPORT==== 10-Dec-2019::12:28:48 ===
           ts_search:(5:<0.9081.0>) Dyn Var (RE): no Match (varname=post_id), 

=INFO REPORT==== 10-Dec-2019::12:28:48 ===
           ts_search:(5:<0.14720.0>) Dyn Var (RE): no Match (varname=authenticity_token), 

=INFO REPORT==== 10-Dec-2019::12:28:48 ===
           ts_search:(5:<0.14329.0>) Dyn Var (RE): no Match (varname=authenticity_token), 

=INFO REPORT==== 10-Dec-2019::12:28:49 ===
           ts_search:(5:<0.10856.0>) Dyn Var: no Match (varname=authenticity_token), 

=INFO REPORT==== 10-Dec-2019::12:28:49 ===
           ts_search:(5:<0.10856.0>) Dyn Var (RE): no Match (varname=redirect_post), 

=INFO REPORT==== 10-Dec-2019::12:28:49 ===
           ts_search:(5:<0.13222.0>) Dyn Var (RE): no Match (varname=authenticity_token), 

=INFO REPORT==== 10-Dec-2019::12:28:49 ===
           ts_search:(5:<0.10950.0>) Dyn Var (RE): no Match (varname=authenticity_token), 

=INFO REPORT==== 10-Dec-2019::12:28:49 ===
           ts_search:(5:<0.10950.0>) Dyn Var (RE): no Match (varname=post_id), 

=INFO REPORT==== 10-Dec-2019::12:28:49 ===
           ts_search:(5:<0.14748.0>) Dyn Var (RE): no Match (varname=authenticity_token), 

=INFO REPORT==== 10-Dec-2019::12:28:49 ===
           ts_client:(3:<0.10562.0>) Error: Unknown msg {#Ref<0.2382167120.4228907012.222039>,
                                                         badarg} receive in state think, stop

=INFO REPORT==== 10-Dec-2019::12:28:49 ===
           ts_client:(5:<0.10562.0>) Pending transactions: [{tr_Authenticate_User,
                                                             -576460314382876487}], compute transaction time

=INFO REPORT==== 10-Dec-2019::12:28:49 ===
           ts_search:(5:<0.12551.0>) Dyn Var (RE): no Match (varname=authenticity_token), 

=INFO REPORT==== 10-Dec-2019::12:28:49 ===
           ts_search:(5:<0.10040.0>) Dyn Var (RE): no Match (varname=book_id), 

=INFO REPORT==== 10-Dec-2019::12:28:49 ===
           ts_search:(5:<0.8434.0>) Dyn Var: no Match (varname=first_comment_path), 

=INFO REPORT==== 10-Dec-2019::12:28:49 ===
           ts_search:(5:<0.8434.0>) Dyn Var: no Match (varname=authenticity_token), 

=INFO REPORT==== 10-Dec-2019::12:28:49 ===
           ts_search:(5:<0.9798.0>) Dyn Var: no Match (varname=authenticity_token), 

=INFO REPORT==== 10-Dec-2019::12:28:49 ===
           ts_search:(5:<0.8841.0>) Dyn Var (RE): no Match (varname=redirect_post), 

=INFO REPORT==== 10-Dec-2019::12:28:49 ===
           ts_search:(5:<0.14773.0>) Dyn Var (RE): no Match (varname=authenticity_token), 

=INFO REPORT==== 10-Dec-2019::12:28:49 ===
           ts_search:(5:<0.8690.0>) Dyn Var (RE): no Match (varname=authenticity_token), 

=INFO REPORT==== 10-Dec-2019::12:28:49 ===
           ts_search:(5:<0.13825.0>) Dyn Var (RE): no Match (varname=authenticity_token), 

=INFO REPORT==== 10-Dec-2019::12:28:49 ===
           ts_search:(5:<0.14779.0>) Dyn Var (RE): no Match (varname=authenticity_token), 

=INFO REPORT==== 10-Dec-2019::12:28:49 ===
           ts_search:(5:<0.14781.0>) Dyn Var (RE): no Match (varname=authenticity_token), 

=INFO REPORT==== 10-Dec-2019::12:28:49 ===
           ts_search:(5:<0.14029.0>) Dyn Var (RE): no Match (varname=authenticity_token), 

=INFO REPORT==== 10-Dec-2019::12:28:49 ===
           ts_client:(3:<0.9313.0>) Error: Unknown msg {#Ref<0.2382167120.4228907012.222232>,
                                                        badarg} receive in state think, stop

=INFO REPORT==== 10-Dec-2019::12:28:49 ===
           ts_search:(5:<0.14282.0>) Dyn Var (RE): no Match (varname=authenticity_token), 

=INFO REPORT==== 10-Dec-2019::12:28:49 ===
           ts_search:(5:<0.10209.0>) Dyn Var (RE): no Match (varname=book_id), 

=INFO REPORT==== 10-Dec-2019::12:28:49 ===
           ts_search:(5:<0.13088.0>) Dyn Var (RE): no Match (varname=authenticity_token), 

=INFO REPORT==== 10-Dec-2019::12:28:49 ===
           ts_search:(5:<0.14789.0>) Dyn Var (RE): no Match (varname=authenticity_token), 

=INFO REPORT==== 10-Dec-2019::12:28:49 ===
           ts_search:(5:<0.7920.0>) Dyn Var (RE): no Match (varname=authenticity_token), 

=INFO REPORT==== 10-Dec-2019::12:28:49 ===
           ts_search:(5:<0.12106.0>) Dyn Var (RE): no Match (varname=authenticity_token), 

=INFO REPORT==== 10-Dec-2019::12:28:49 ===
           ts_search:(5:<0.14810.0>) Dyn Var (RE): no Match (varname=authenticity_token), 

=INFO REPORT==== 10-Dec-2019::12:28:49 ===
           ts_search:(5:<0.14824.0>) Dyn Var (RE): no Match (varname=authenticity_token), 

=INFO REPORT==== 10-Dec-2019::12:28:49 ===
           ts_search:(5:<0.8909.0>) Dyn Var (RE): no Match (varname=post_id), 

=INFO REPORT==== 10-Dec-2019::12:28:49 ===
           ts_search:(5:<0.8613.0>) Dyn Var (RE): no Match (varname=book_id), 

=INFO REPORT==== 10-Dec-2019::12:28:49 ===
           ts_search:(5:<0.11433.0>) Dyn Var (RE): no Match (varname=authenticity_token), 

=INFO REPORT==== 10-Dec-2019::12:28:49 ===
           ts_search:(5:<0.13260.0>) Dyn Var (RE): no Match (varname=authenticity_token), 

=INFO REPORT==== 10-Dec-2019::12:28:49 ===
           ts_search:(5:<0.13334.0>) Dyn Var (RE): no Match (varname=authenticity_token), 

=INFO REPORT==== 10-Dec-2019::12:28:49 ===
           ts_search:(5:<0.13778.0>) Dyn Var (RE): no Match (varname=authenticity_token), 

=INFO REPORT==== 10-Dec-2019::12:28:49 ===
           ts_search:(5:<0.9044.0>) Dyn Var (RE): no Match (varname=authenticity_token), 

=INFO REPORT==== 10-Dec-2019::12:28:49 ===
           ts_search:(5:<0.8953.0>) Dyn Var (RE): no Match (varname=redirect_post), 

=INFO REPORT==== 10-Dec-2019::12:28:49 ===
           ts_search:(5:<0.13446.0>) Dyn Var (RE): no Match (varname=authenticity_token), 

=INFO REPORT==== 10-Dec-2019::12:28:49 ===
           ts_search:(5:<0.13942.0>) Dyn Var (RE): no Match (varname=authenticity_token), 

=INFO REPORT==== 10-Dec-2019::12:28:49 ===
           ts_search:(5:<0.14920.0>) Dyn Var (RE): no Match (varname=authenticity_token), 

=INFO REPORT==== 10-Dec-2019::12:28:49 ===
           ts_search:(5:<0.14728.0>) Dyn Var (RE): no Match (varname=authenticity_token), 

=INFO REPORT==== 10-Dec-2019::12:28:49 ===
           ts_search:(5:<0.13759.0>) Dyn Var (RE): no Match (varname=authenticity_token), 

=INFO REPORT==== 10-Dec-2019::12:28:49 ===
           ts_client:(3:<0.14210.0>) Error: Unknown msg {#Ref<0.2382167120.4228907011.188296>,
                                                         badarg} receive in state think, stop

=INFO REPORT==== 10-Dec-2019::12:28:49 ===
           ts_client:(3:<0.13814.0>) Error: Unknown msg {#Ref<0.2382167120.4228907012.223276>,
                                                         badarg} receive in state think, stop

=INFO REPORT==== 10-Dec-2019::12:28:49 ===
           ts_client:(5:<0.13814.0>) Pending transactions: [{tr_Authenticate_User,
                                                             -576460306228859475}], compute transaction time

=INFO REPORT==== 10-Dec-2019::12:28:49 ===
           ts_client:(3:<0.11004.0>) Error: Unknown msg {#Ref<0.2382167120.4228907011.188508>,
                                                         badarg} receive in state think, stop

=INFO REPORT==== 10-Dec-2019::12:28:49 ===
           ts_search:(5:<0.14103.0>) Dyn Var (RE): no Match (varname=authenticity_token), 

=INFO REPORT==== 10-Dec-2019::12:28:49 ===
           ts_search:(5:<0.14989.0>) Dyn Var (RE): no Match (varname=authenticity_token), 

=INFO REPORT==== 10-Dec-2019::12:28:49 ===
           ts_search:(5:<0.14986.0>) Dyn Var (RE): no Match (varname=authenticity_token), 

=INFO REPORT==== 10-Dec-2019::12:28:49 ===
           ts_search:(5:<0.13986.0>) Dyn Var (RE): no Match (varname=authenticity_token), 

=INFO REPORT==== 10-Dec-2019::12:28:49 ===
           ts_search:(5:<0.14607.0>) Dyn Var (RE): no Match (varname=authenticity_token), 

=INFO REPORT==== 10-Dec-2019::12:28:49 ===
           ts_search:(5:<0.15037.0>) Dyn Var (RE): no Match (varname=authenticity_token), 

=INFO REPORT==== 10-Dec-2019::12:28:49 ===
         ts_launcher:(5:<0.155.0>) Phase duration exceeded, but not all users were launched (170 users, 2.2% of phase)

=INFO REPORT==== 10-Dec-2019::12:28:49 ===
         ts_launcher:(5:<0.155.0>) This was the last phase, wait for connected users to finish their session

=INFO REPORT==== 10-Dec-2019::12:28:49 ===
     ts_launcher_mgr:(5:<0.149.0>) Still 7215 active client(s)

=INFO REPORT==== 10-Dec-2019::12:28:49 ===
           ts_client:(3:<0.12998.0>) Error: Unknown msg {#Ref<0.2382167120.4228907012.224955>,
                                                         badarg} receive in state think, stop

=INFO REPORT==== 10-Dec-2019::12:28:49 ===
           ts_client:(5:<0.12998.0>) Pending transactions: [{tr_Authenticate_User,
                                                             -576460307289769034}], compute transaction time

=INFO REPORT==== 10-Dec-2019::12:28:50 ===
           ts_search:(5:<0.10705.0>) Dyn Var (RE): no Match (varname=book_id), 

=INFO REPORT==== 10-Dec-2019::12:28:50 ===
           ts_search:(5:<0.8652.0>) Dyn Var (RE): no Match (varname=book_id), 

=INFO REPORT==== 10-Dec-2019::12:28:50 ===
           ts_client:(3:<0.12960.0>) Error: Unknown msg {#Ref<0.2382167120.4229169154.59209>,
                                                         badarg} receive in state think, stop

=INFO REPORT==== 10-Dec-2019::12:28:50 ===
           ts_client:(5:<0.12960.0>) Pending transactions: [{tr_Authenticate_User,
                                                             -576460307987984127}], compute transaction time

=INFO REPORT==== 10-Dec-2019::12:28:50 ===
           ts_client:(3:<0.11473.0>) Error: Unknown msg {#Ref<0.2382167120.4228907012.225811>,
                                                         badarg} receive in state think, stop

=INFO REPORT==== 10-Dec-2019::12:28:50 ===
           ts_client:(5:<0.11473.0>) Pending transactions: [{tr_Authenticate_User,
                                                             -576460311189935439}], compute transaction time

=INFO REPORT==== 10-Dec-2019::12:28:50 ===
           ts_search:(5:<0.10036.0>) Dyn Var (RE): no Match (varname=authenticity_token), 

=INFO REPORT==== 10-Dec-2019::12:28:50 ===
           ts_client:(3:<0.14585.0>) Error: Unknown msg {#Ref<0.2382167120.4228907013.176314>,
                                                         badarg} receive in state think, stop

=INFO REPORT==== 10-Dec-2019::12:28:50 ===
           ts_client:(5:<0.14585.0>) Pending transactions: [{tr_Authenticate_User,
                                                             -576460305624935565}], compute transaction time

=INFO REPORT==== 10-Dec-2019::12:28:50 ===
           ts_search:(5:<0.8189.0>) Dyn Var (RE): no Match (varname=post_id), 

=INFO REPORT==== 10-Dec-2019::12:28:50 ===
           ts_search:(5:<0.10290.0>) Dyn Var: no Match (varname=authenticity_token), 

=INFO REPORT==== 10-Dec-2019::12:28:50 ===
           ts_search:(5:<0.10290.0>) Dyn Var (RE): no Match (varname=redirect_post), 

=INFO REPORT==== 10-Dec-2019::12:28:50 ===
           ts_search:(5:<0.10063.0>) Dyn Var (RE): no Match (varname=authenticity_token), 

=INFO REPORT==== 10-Dec-2019::12:28:50 ===
           ts_search:(5:<0.8694.0>) Dyn Var (RE): no Match (varname=authenticity_token), 

=INFO REPORT==== 10-Dec-2019::12:28:50 ===
           ts_search:(5:<0.12761.0>) Dyn Var (RE): no Match (varname=authenticity_token), 

=INFO REPORT==== 10-Dec-2019::12:28:50 ===
           ts_search:(5:<0.12775.0>) Dyn Var (RE): no Match (varname=authenticity_token), 

=INFO REPORT==== 10-Dec-2019::12:28:50 ===
           ts_client:(3:<0.8020.0>) Error: Unknown msg {#Ref<0.2382167120.4228907013.176543>,
                                                        badarg} receive in state think, stop

=INFO REPORT==== 10-Dec-2019::12:28:50 ===
           ts_client:(3:<0.13625.0>) Error: Unknown msg {#Ref<0.2382167120.4228907015.133842>,
                                                         badarg} receive in state think, stop

=INFO REPORT==== 10-Dec-2019::12:28:50 ===
           ts_client:(5:<0.13625.0>) Pending transactions: [{tr_Authenticate_User,
                                                             -576460307643794411}], compute transaction time

=INFO REPORT==== 10-Dec-2019::12:28:50 ===
           ts_search:(5:<0.7622.0>) Dyn Var (RE): no Match (varname=authenticity_token), 

=INFO REPORT==== 10-Dec-2019::12:28:50 ===
           ts_search:(5:<0.7622.0>) Dyn Var (RE): no Match (varname=post_id), 

=INFO REPORT==== 10-Dec-2019::12:28:50 ===
           ts_search:(5:<0.14427.0>) Dyn Var (RE): no Match (varname=authenticity_token), 

=INFO REPORT==== 10-Dec-2019::12:28:50 ===
           ts_search:(5:<0.13627.0>) Dyn Var (RE): no Match (varname=authenticity_token), 

=INFO REPORT==== 10-Dec-2019::12:28:50 ===
           ts_search:(5:<0.14002.0>) Dyn Var (RE): no Match (varname=authenticity_token), 

=INFO REPORT==== 10-Dec-2019::12:28:50 ===
           ts_search:(5:<0.9332.0>) Dyn Var (RE): no Match (varname=authenticity_token), 

=INFO REPORT==== 10-Dec-2019::12:28:50 ===
           ts_search:(5:<0.12027.0>) Dyn Var (RE): no Match (varname=authenticity_token), 

=INFO REPORT==== 10-Dec-2019::12:28:50 ===
           ts_search:(5:<0.13043.0>) Dyn Var: no Match (varname=authenticity_token), 

=INFO REPORT==== 10-Dec-2019::12:28:50 ===
           ts_search:(5:<0.10858.0>) Dyn Var: no Match (varname=authenticity_token), 

=INFO REPORT==== 10-Dec-2019::12:28:50 ===
           ts_search:(5:<0.13821.0>) Dyn Var (RE): no Match (varname=authenticity_token), 

=INFO REPORT==== 10-Dec-2019::12:28:50 ===
           ts_search:(5:<0.8566.0>) Dyn Var (RE): no Match (varname=authenticity_token), 

=INFO REPORT==== 10-Dec-2019::12:28:50 ===
           ts_search:(5:<0.9620.0>) Dyn Var (RE): no Match (varname=authenticity_token), 

=INFO REPORT==== 10-Dec-2019::12:28:50 ===
           ts_search:(5:<0.13497.0>) Dyn Var (RE): no Match (varname=authenticity_token), 

=INFO REPORT==== 10-Dec-2019::12:28:50 ===
           ts_search:(5:<0.7620.0>) Dyn Var (RE): no Match (varname=book_id), 

=INFO REPORT==== 10-Dec-2019::12:28:50 ===
           ts_search:(5:<0.8605.0>) Dyn Var (RE): no Match (varname=authenticity_token), 

=INFO REPORT==== 10-Dec-2019::12:28:50 ===
           ts_search:(5:<0.10905.0>) Dyn Var: no Match (varname=authenticity_token), 

=INFO REPORT==== 10-Dec-2019::12:28:50 ===
           ts_search:(5:<0.14539.0>) Dyn Var (RE): no Match (varname=authenticity_token), 

=INFO REPORT==== 10-Dec-2019::12:28:50 ===
           ts_search:(5:<0.14553.0>) Dyn Var (RE): no Match (varname=authenticity_token), 

=INFO REPORT==== 10-Dec-2019::12:28:50 ===
           ts_search:(5:<0.14280.0>) Dyn Var (RE): no Match (varname=authenticity_token), 

=INFO REPORT==== 10-Dec-2019::12:28:50 ===
           ts_search:(5:<0.13142.0>) Dyn Var: no Match (varname=authenticity_token), 

=INFO REPORT==== 10-Dec-2019::12:28:50 ===
           ts_search:(5:<0.12842.0>) Dyn Var (RE): no Match (varname=authenticity_token), 

=INFO REPORT==== 10-Dec-2019::12:28:50 ===
           ts_search:(5:<0.7842.0>) Dyn Var (RE): no Match (varname=authenticity_token), 

=INFO REPORT==== 10-Dec-2019::12:28:50 ===
           ts_search:(5:<0.9286.0>) Dyn Var (RE): no Match (varname=authenticity_token), 

=INFO REPORT==== 10-Dec-2019::12:28:50 ===
           ts_search:(5:<0.13142.0>) Dyn Var (RE): no Match (varname=redirect_post), 

=INFO REPORT==== 10-Dec-2019::12:28:50 ===
           ts_client:(3:<0.7653.0>) Error: Unknown msg {#Ref<0.2382167120.4228907015.134496>,
                                                        badarg} receive in state think, stop

=INFO REPORT==== 10-Dec-2019::12:28:50 ===
           ts_client:(3:<0.12158.0>) Error: Unknown msg {#Ref<0.2382167120.4228907014.151337>,
                                                         badarg} receive in state think, stop

=INFO REPORT==== 10-Dec-2019::12:28:50 ===
           ts_client:(5:<0.12158.0>) Pending transactions: [{tr_Authenticate_User,
                                                             -576460307523817593}], compute transaction time

=INFO REPORT==== 10-Dec-2019::12:28:50 ===
           ts_client:(3:<0.12302.0>) Error: Unknown msg {#Ref<0.2382167120.4228907011.192358>,
                                                         badarg} receive in state think, stop

=INFO REPORT==== 10-Dec-2019::12:28:50 ===
           ts_client:(3:<0.14743.0>) Error: Unknown msg {#Ref<0.2382167120.4228907013.177509>,
                                                         badarg} receive in state think, stop

=INFO REPORT==== 10-Dec-2019::12:28:50 ===
           ts_client:(5:<0.14743.0>) Pending transactions: [{tr_Authenticate_User,
                                                             -576460305368933277}], compute transaction time

=INFO REPORT==== 10-Dec-2019::12:28:50 ===
           ts_search:(5:<0.10858.0>) Dyn Var (RE): no Match (varname=redirect_post), 

=INFO REPORT==== 10-Dec-2019::12:28:51 ===
           ts_search:(5:<0.13043.0>) Dyn Var (RE): no Match (varname=redirect_post), 

=INFO REPORT==== 10-Dec-2019::12:28:51 ===
           ts_client:(3:<0.7684.0>) Error: Unknown msg {#Ref<0.2382167120.4228907012.227666>,
                                                        badarg} receive in state think, stop

=INFO REPORT==== 10-Dec-2019::12:28:51 ===
           ts_search:(5:<0.14840.0>) Dyn Var (RE): no Match (varname=authenticity_token), 

=INFO REPORT==== 10-Dec-2019::12:28:51 ===
           ts_search:(5:<0.10138.0>) Dyn Var (RE): no Match (varname=authenticity_token), 

=INFO REPORT==== 10-Dec-2019::12:28:51 ===
           ts_search:(5:<0.8769.0>) Dyn Var (RE): no Match (varname=book_id), 

=INFO REPORT==== 10-Dec-2019::12:28:51 ===
           ts_search:(5:<0.11483.0>) Dyn Var: no Match (varname=authenticity_token), 

=INFO REPORT==== 10-Dec-2019::12:28:51 ===
           ts_search:(5:<0.11370.0>) Dyn Var (RE): no Match (varname=authenticity_token), 

=INFO REPORT==== 10-Dec-2019::12:28:51 ===
           ts_search:(5:<0.14546.0>) Dyn Var (RE): no Match (varname=authenticity_token), 

=INFO REPORT==== 10-Dec-2019::12:28:51 ===
           ts_search:(5:<0.14761.0>) Dyn Var (RE): no Match (varname=authenticity_token), 

=INFO REPORT==== 10-Dec-2019::12:28:51 ===
           ts_search:(5:<0.12897.0>) Dyn Var (RE): no Match (varname=authenticity_token), 

=INFO REPORT==== 10-Dec-2019::12:28:51 ===
           ts_search:(5:<0.9618.0>) Dyn Var (RE): no Match (varname=book_id), 

=INFO REPORT==== 10-Dec-2019::12:28:51 ===
           ts_search:(5:<0.13594.0>) Dyn Var (RE): no Match (varname=authenticity_token), 

=INFO REPORT==== 10-Dec-2019::12:28:51 ===
           ts_search:(5:<0.14813.0>) Dyn Var (RE): no Match (varname=authenticity_token), 

=INFO REPORT==== 10-Dec-2019::12:28:51 ===
           ts_search:(5:<0.10276.0>) Dyn Var: no Match (varname=first_comment_path), 

=INFO REPORT==== 10-Dec-2019::12:28:51 ===
           ts_search:(5:<0.10276.0>) Dyn Var: no Match (varname=authenticity_token), 

=INFO REPORT==== 10-Dec-2019::12:28:51 ===
           ts_search:(5:<0.14928.0>) Dyn Var (RE): no Match (varname=authenticity_token), 

=INFO REPORT==== 10-Dec-2019::12:28:51 ===
           ts_search:(5:<0.11152.0>) Dyn Var (RE): no Match (varname=redirect_post), 

=INFO REPORT==== 10-Dec-2019::12:28:51 ===
           ts_search:(5:<0.9507.0>) Dyn Var: no Match (varname=authenticity_token), 

=INFO REPORT==== 10-Dec-2019::12:28:51 ===
           ts_search:(5:<0.12978.0>) Dyn Var (RE): no Match (varname=authenticity_token), 

=INFO REPORT==== 10-Dec-2019::12:28:51 ===
           ts_search:(5:<0.9507.0>) Dyn Var (RE): no Match (varname=redirect_post), 

=INFO REPORT==== 10-Dec-2019::12:28:51 ===
           ts_search:(5:<0.13792.0>) Dyn Var (RE): no Match (varname=authenticity_token), 

=INFO REPORT==== 10-Dec-2019::12:28:51 ===
           ts_search:(5:<0.8059.0>) Dyn Var: no Match (varname=first_comment_path), 

=INFO REPORT==== 10-Dec-2019::12:28:51 ===
           ts_search:(5:<0.8059.0>) Dyn Var: no Match (varname=authenticity_token), 

=INFO REPORT==== 10-Dec-2019::12:28:51 ===
           ts_search:(5:<0.8387.0>) Dyn Var (RE): no Match (varname=authenticity_token), 

=INFO REPORT==== 10-Dec-2019::12:28:51 ===
           ts_search:(5:<0.14212.0>) Dyn Var (RE): no Match (varname=authenticity_token), 

=INFO REPORT==== 10-Dec-2019::12:28:51 ===
           ts_search:(5:<0.14786.0>) Dyn Var (RE): no Match (varname=authenticity_token), 

=INFO REPORT==== 10-Dec-2019::12:28:51 ===
           ts_search:(5:<0.13816.0>) Dyn Var (RE): no Match (varname=authenticity_token), 

=INFO REPORT==== 10-Dec-2019::12:28:51 ===
           ts_search:(5:<0.8919.0>) Dyn Var (RE): no Match (varname=authenticity_token), 

=INFO REPORT==== 10-Dec-2019::12:28:51 ===
           ts_search:(5:<0.9819.0>) Dyn Var (RE): no Match (varname=book_id), 

=INFO REPORT==== 10-Dec-2019::12:28:51 ===
           ts_client:(3:<0.14550.0>) Error: Unknown msg {#Ref<0.2382167120.4229169154.62268>,
                                                         badarg} receive in state think, stop

=INFO REPORT==== 10-Dec-2019::12:28:51 ===
           ts_search:(5:<0.9933.0>) Dyn Var (RE): no Match (varname=authenticity_token), 

=INFO REPORT==== 10-Dec-2019::12:28:51 ===
           ts_search:(5:<0.13196.0>) Dyn Var: no Match (varname=authenticity_token), 

=INFO REPORT==== 10-Dec-2019::12:28:51 ===
           ts_search:(5:<0.14139.0>) Dyn Var (RE): no Match (varname=authenticity_token), 

=INFO REPORT==== 10-Dec-2019::12:28:51 ===
           ts_search:(5:<0.9852.0>) Dyn Var (RE): no Match (varname=authenticity_token), 

=INFO REPORT==== 10-Dec-2019::12:28:51 ===
           ts_search:(5:<0.9332.0>) Dyn Var (RE): no Match (varname=book_id), 

=INFO REPORT==== 10-Dec-2019::12:28:51 ===
           ts_search:(5:<0.14954.0>) Dyn Var (RE): no Match (varname=authenticity_token), 

=INFO REPORT==== 10-Dec-2019::12:28:51 ===
           ts_client:(3:<0.11080.0>) Error: Unknown msg {#Ref<0.2382167120.4228907011.193932>,
                                                         badarg} receive in state think, stop

=INFO REPORT==== 10-Dec-2019::12:28:51 ===
           ts_client:(3:<0.8560.0>) Error: Unknown msg {#Ref<0.2382167120.4229169153.122613>,
                                                        badarg} receive in state think, stop

=INFO REPORT==== 10-Dec-2019::12:28:51 ===
           ts_search:(5:<0.11638.0>) Dyn Var (RE): no Match (varname=authenticity_token), 

=INFO REPORT==== 10-Dec-2019::12:28:51 ===
           ts_search:(5:<0.9942.0>) Dyn Var (RE): no Match (varname=authenticity_token), 

=INFO REPORT==== 10-Dec-2019::12:28:51 ===
           ts_search:(5:<0.9942.0>) Dyn Var (RE): no Match (varname=post_id), 

=INFO REPORT==== 10-Dec-2019::12:28:51 ===
           ts_search:(5:<0.10294.0>) Dyn Var: no Match (varname=authenticity_token), 

=INFO REPORT==== 10-Dec-2019::12:28:51 ===
           ts_search:(5:<0.10294.0>) Dyn Var (RE): no Match (varname=redirect_post), 

=INFO REPORT==== 10-Dec-2019::12:28:51 ===
           ts_search:(5:<0.13567.0>) Dyn Var (RE): no Match (varname=authenticity_token), 

=INFO REPORT==== 10-Dec-2019::12:28:51 ===
           ts_search:(5:<0.10031.0>) Dyn Var (RE): no Match (varname=authenticity_token), 

=INFO REPORT==== 10-Dec-2019::12:28:51 ===
           ts_search:(5:<0.9626.0>) Dyn Var (RE): no Match (varname=post_id), 

=INFO REPORT==== 10-Dec-2019::12:28:51 ===
           ts_search:(5:<0.9199.0>) Dyn Var (RE): no Match (varname=authenticity_token), 

=INFO REPORT==== 10-Dec-2019::12:28:51 ===
           ts_search:(5:<0.9433.0>) Dyn Var: no Match (varname=authenticity_token), 

=INFO REPORT==== 10-Dec-2019::12:28:51 ===
           ts_search:(5:<0.9433.0>) Dyn Var (RE): no Match (varname=redirect_post), 

=INFO REPORT==== 10-Dec-2019::12:28:51 ===
           ts_search:(5:<0.8903.0>) Dyn Var: no Match (varname=authenticity_token), 

=INFO REPORT==== 10-Dec-2019::12:28:51 ===
           ts_search:(5:<0.13196.0>) Dyn Var (RE): no Match (varname=redirect_post), 

=INFO REPORT==== 10-Dec-2019::12:28:51 ===
           ts_search:(5:<0.14421.0>) Dyn Var (RE): no Match (varname=authenticity_token), 

=INFO REPORT==== 10-Dec-2019::12:28:51 ===
           ts_search:(5:<0.11483.0>) Dyn Var (RE): no Match (varname=redirect_post), 

=INFO REPORT==== 10-Dec-2019::12:28:51 ===
           ts_search:(5:<0.9871.0>) Dyn Var: no Match (varname=first_comment_path), 

=INFO REPORT==== 10-Dec-2019::12:28:51 ===
           ts_search:(5:<0.9871.0>) Dyn Var: no Match (varname=authenticity_token), 

=INFO REPORT==== 10-Dec-2019::12:28:51 ===
           ts_search:(5:<0.8919.0>) Dyn Var (RE): no Match (varname=post_id), 

=INFO REPORT==== 10-Dec-2019::12:28:51 ===
           ts_search:(5:<0.10905.0>) Dyn Var (RE): no Match (varname=redirect_post), 

=INFO REPORT==== 10-Dec-2019::12:28:51 ===
           ts_search:(5:<0.9798.0>) Dyn Var (RE): no Match (varname=redirect_post), 

=INFO REPORT==== 10-Dec-2019::12:28:51 ===
           ts_search:(5:<0.7920.0>) Dyn Var (RE): no Match (varname=book_id), 

=INFO REPORT==== 10-Dec-2019::12:28:52 ===
           ts_search:(5:<0.8387.0>) Dyn Var (RE): no Match (varname=post_id), 

=INFO REPORT==== 10-Dec-2019::12:28:52 ===
           ts_search:(5:<0.8903.0>) Dyn Var (RE): no Match (varname=redirect_post), 

=INFO REPORT==== 10-Dec-2019::12:28:52 ===
           ts_client:(3:<0.13414.0>) Error: Unknown msg {#Ref<0.2382167120.4228907019.116083>,
                                                         badarg} receive in state think, stop

=INFO REPORT==== 10-Dec-2019::12:28:52 ===
           ts_search:(5:<0.9933.0>) Dyn Var (RE): no Match (varname=book_id), 

=INFO REPORT==== 10-Dec-2019::12:28:52 ===
           ts_client:(3:<0.10463.0>) Error: Unknown msg {#Ref<0.2382167120.4228907014.153669>,
                                                         badarg} receive in state think, stop

=INFO REPORT==== 10-Dec-2019::12:28:52 ===
           ts_search:(5:<0.9210.0>) Dyn Var (RE): no Match (varname=authenticity_token), 

=INFO REPORT==== 10-Dec-2019::12:28:52 ===
           ts_search:(5:<0.13569.0>) Dyn Var (RE): no Match (varname=authenticity_token), 

=INFO REPORT==== 10-Dec-2019::12:28:53 ===
           ts_search:(5:<0.9286.0>) Dyn Var (RE): no Match (varname=book_id), 

=INFO REPORT==== 10-Dec-2019::12:28:53 ===
           ts_search:(5:<0.9530.0>) Dyn Var (RE): no Match (varname=convo_id), 

=INFO REPORT==== 10-Dec-2019::12:28:53 ===
           ts_search:(5:<0.10063.0>) Dyn Var (RE): no Match (varname=book_id), 

=INFO REPORT==== 10-Dec-2019::12:28:53 ===
           ts_search:(5:<0.8233.0>) Dyn Var (RE): no Match (varname=book_id), 

=INFO REPORT==== 10-Dec-2019::12:28:53 ===
           ts_client:(3:<0.14017.0>) Error: Unknown msg {#Ref<0.2382167120.4228907013.184473>,
                                                         badarg} receive in state think, stop

=INFO REPORT==== 10-Dec-2019::12:28:54 ===
           ts_search:(5:<0.14029.0>) Dyn Var (RE): no Match (varname=authenticity_token), 

=INFO REPORT==== 10-Dec-2019::12:28:54 ===
           ts_search:(5:<0.10138.0>) Dyn Var (RE): no Match (varname=convo_id), 

=INFO REPORT==== 10-Dec-2019::12:28:54 ===
           ts_search:(5:<0.10119.0>) Dyn Var (RE): no Match (varname=authenticity_token), 

=INFO REPORT==== 10-Dec-2019::12:28:54 ===
           ts_search:(5:<0.7869.0>) Dyn Var (RE): no Match (varname=authenticity_token), 

=INFO REPORT==== 10-Dec-2019::12:28:54 ===
           ts_search:(5:<0.9994.0>) Dyn Var (RE): no Match (varname=convo_id), 

=INFO REPORT==== 10-Dec-2019::12:28:54 ===
           ts_search:(5:<0.12716.0>) Dyn Var (RE): no Match (varname=authenticity_token), 

=INFO REPORT==== 10-Dec-2019::12:28:54 ===
           ts_search:(5:<0.12104.0>) Dyn Var (RE): no Match (varname=authenticity_token), 

=INFO REPORT==== 10-Dec-2019::12:28:54 ===
           ts_search:(5:<0.12104.0>) Dyn Var (RE): no Match (varname=post_id), 

=INFO REPORT==== 10-Dec-2019::12:28:54 ===
           ts_search:(5:<0.14089.0>) Dyn Var: no Match (varname=authenticity_token), 

=INFO REPORT==== 10-Dec-2019::12:28:54 ===
           ts_search:(5:<0.14089.0>) Dyn Var (RE): no Match (varname=redirect_post), 

=INFO REPORT==== 10-Dec-2019::12:28:54 ===
           ts_search:(5:<0.10952.0>) Dyn Var (RE): no Match (varname=authenticity_token), 

=INFO REPORT==== 10-Dec-2019::12:28:54 ===
           ts_search:(5:<0.11033.0>) Dyn Var (RE): no Match (varname=redirect_post), 

=INFO REPORT==== 10-Dec-2019::12:28:54 ===
           ts_search:(5:<0.10523.0>) Dyn Var (RE): no Match (varname=authenticity_token), 

=INFO REPORT==== 10-Dec-2019::12:28:54 ===
           ts_search:(5:<0.8773.0>) Dyn Var: no Match (varname=first_comment_path), 

=INFO REPORT==== 10-Dec-2019::12:28:54 ===
           ts_search:(5:<0.8773.0>) Dyn Var: no Match (varname=authenticity_token), 

=INFO REPORT==== 10-Dec-2019::12:28:54 ===
           ts_search:(5:<0.8028.0>) Dyn Var (RE): no Match (varname=authenticity_token), 

=INFO REPORT==== 10-Dec-2019::12:28:54 ===
           ts_search:(5:<0.8612.0>) Dyn Var: no Match (varname=authenticity_token), 

=INFO REPORT==== 10-Dec-2019::12:28:54 ===
           ts_search:(5:<0.13569.0>) Dyn Var (RE): no Match (varname=book_id), 

=INFO REPORT==== 10-Dec-2019::12:28:54 ===
           ts_search:(5:<0.9852.0>) Dyn Var (RE): no Match (varname=book_id), 

=INFO REPORT==== 10-Dec-2019::12:28:54 ===
           ts_search:(5:<0.13260.0>) Dyn Var (RE): no Match (varname=authenticity_token), 

=INFO REPORT==== 10-Dec-2019::12:28:54 ===
           ts_search:(5:<0.13872.0>) Dyn Var (RE): no Match (varname=authenticity_token), 

=INFO REPORT==== 10-Dec-2019::12:28:54 ===
           ts_search:(5:<0.10523.0>) Dyn Var (RE): no Match (varname=book_id), 

=INFO REPORT==== 10-Dec-2019::12:28:54 ===
           ts_search:(5:<0.10952.0>) Dyn Var (RE): no Match (varname=book_id), 

=INFO REPORT==== 10-Dec-2019::12:28:54 ===
           ts_search:(5:<0.11370.0>) Dyn Var (RE): no Match (varname=book_id), 

=INFO REPORT==== 10-Dec-2019::12:28:55 ===
           ts_search:(5:<0.11358.0>) Dyn Var (RE): no Match (varname=authenticity_token), 

=INFO REPORT==== 10-Dec-2019::12:28:55 ===
           ts_search:(5:<0.7869.0>) Dyn Var (RE): no Match (varname=book_id), 

=INFO REPORT==== 10-Dec-2019::12:28:55 ===
           ts_search:(5:<0.14352.0>) Dyn Var (RE): no Match (varname=authenticity_token), 

=INFO REPORT==== 10-Dec-2019::12:28:55 ===
           ts_search:(5:<0.12106.0>) Dyn Var (RE): no Match (varname=authenticity_token), 

=INFO REPORT==== 10-Dec-2019::12:28:55 ===
           ts_search:(5:<0.13872.0>) Dyn Var (RE): no Match (varname=book_id), 

=INFO REPORT==== 10-Dec-2019::12:28:55 ===
           ts_search:(5:<0.14352.0>) Dyn Var (RE): no Match (varname=book_id), 

=INFO REPORT==== 10-Dec-2019::12:28:55 ===
           ts_search:(5:<0.14392.0>) Dyn Var (RE): no Match (varname=authenticity_token), 

=INFO REPORT==== 10-Dec-2019::12:28:55 ===
           ts_search:(5:<0.14392.0>) Dyn Var (RE): no Match (varname=convo_id), 

=INFO REPORT==== 10-Dec-2019::12:28:55 ===
           ts_search:(5:<0.12716.0>) Dyn Var (RE): no Match (varname=book_id), 

=INFO REPORT==== 10-Dec-2019::12:28:56 ===
           ts_search:(5:<0.13260.0>) Dyn Var (RE): no Match (varname=book_id), 

=INFO REPORT==== 10-Dec-2019::12:28:56 ===
           ts_search:(5:<0.8612.0>) Dyn Var (RE): no Match (varname=redirect_post), 

=INFO REPORT==== 10-Dec-2019::12:28:56 ===
           ts_search:(5:<0.14029.0>) Dyn Var (RE): no Match (varname=book_id), 

=INFO REPORT==== 10-Dec-2019::12:28:56 ===
           ts_search:(5:<0.14282.0>) Dyn Var (RE): no Match (varname=authenticity_token), 

=INFO REPORT==== 10-Dec-2019::12:28:56 ===
           ts_search:(5:<0.14103.0>) Dyn Var (RE): no Match (varname=authenticity_token), 

=INFO REPORT==== 10-Dec-2019::12:28:56 ===
           ts_search:(5:<0.14282.0>) Dyn Var (RE): no Match (varname=post_id), 

=INFO REPORT==== 10-Dec-2019::12:28:57 ===
           ts_search:(5:<0.12106.0>) Dyn Var (RE): no Match (varname=book_id), 

=INFO REPORT==== 10-Dec-2019::12:28:57 ===
           ts_search:(5:<0.12622.0>) Dyn Var (RE): no Match (varname=authenticity_token), 

=INFO REPORT==== 10-Dec-2019::12:28:57 ===
           ts_search:(5:<0.12622.0>) Dyn Var (RE): no Match (varname=post_id), 

=INFO REPORT==== 10-Dec-2019::12:28:57 ===
           ts_search:(5:<0.13956.0>) Dyn Var (RE): no Match (varname=authenticity_token), 

=INFO REPORT==== 10-Dec-2019::12:28:57 ===
           ts_search:(5:<0.13687.0>) Dyn Var (RE): no Match (varname=authenticity_token), 

=INFO REPORT==== 10-Dec-2019::12:28:57 ===
           ts_search:(5:<0.13241.0>) Dyn Var (RE): no Match (varname=authenticity_token), 

=INFO REPORT==== 10-Dec-2019::12:28:57 ===
           ts_search:(5:<0.14392.0>) Dyn Var (RE): no Match (varname=authenticity_token), 

=INFO REPORT==== 10-Dec-2019::12:28:57 ===
           ts_search:(5:<0.11919.0>) Dyn Var (RE): no Match (varname=authenticity_token), 

=INFO REPORT==== 10-Dec-2019::12:28:57 ===
           ts_search:(5:<0.13251.0>) Dyn Var (RE): no Match (varname=authenticity_token), 

=INFO REPORT==== 10-Dec-2019::12:28:57 ===
           ts_search:(5:<0.14280.0>) Dyn Var (RE): no Match (varname=authenticity_token), 

=INFO REPORT==== 10-Dec-2019::12:28:57 ===
           ts_search:(5:<0.13241.0>) Dyn Var (RE): no Match (varname=post_id), 

=INFO REPORT==== 10-Dec-2019::12:28:57 ===
           ts_search:(5:<0.13642.0>) Dyn Var (RE): no Match (varname=authenticity_token), 

=INFO REPORT==== 10-Dec-2019::12:28:57 ===
           ts_search:(5:<0.13251.0>) Dyn Var (RE): no Match (varname=post_id), 

=INFO REPORT==== 10-Dec-2019::12:28:57 ===
           ts_search:(5:<0.14103.0>) Dyn Var (RE): no Match (varname=book_id), 

=INFO REPORT==== 10-Dec-2019::12:28:57 ===
           ts_search:(5:<0.10138.0>) Dyn Var (RE): no Match (varname=authenticity_token), 

=INFO REPORT==== 10-Dec-2019::12:28:57 ===
           ts_search:(5:<0.9530.0>) Dyn Var (RE): no Match (varname=authenticity_token), 

=INFO REPORT==== 10-Dec-2019::12:28:57 ===
           ts_search:(5:<0.13334.0>) Dyn Var (RE): no Match (varname=authenticity_token), 

=INFO REPORT==== 10-Dec-2019::12:28:58 ===
           ts_search:(5:<0.12667.0>) Dyn Var (RE): no Match (varname=authenticity_token), 

=INFO REPORT==== 10-Dec-2019::12:28:58 ===
           ts_search:(5:<0.13627.0>) Dyn Var (RE): no Match (varname=authenticity_token), 

=INFO REPORT==== 10-Dec-2019::12:28:58 ===
           ts_search:(5:<0.12983.0>) Dyn Var (RE): no Match (varname=authenticity_token), 

=INFO REPORT==== 10-Dec-2019::12:28:58 ===
           ts_search:(5:<0.12620.0>) Dyn Var (RE): no Match (varname=authenticity_token), 

=INFO REPORT==== 10-Dec-2019::12:28:58 ===
           ts_search:(5:<0.10119.0>) Dyn Var (RE): no Match (varname=book_id), 

=INFO REPORT==== 10-Dec-2019::12:28:58 ===
           ts_search:(5:<0.13772.0>) Dyn Var (RE): no Match (varname=authenticity_token), 

=INFO REPORT==== 10-Dec-2019::12:28:58 ===
           ts_search:(5:<0.9647.0>) Dyn Var: no Match (varname=first_comment_path), 

=INFO REPORT==== 10-Dec-2019::12:28:58 ===
           ts_search:(5:<0.9647.0>) Dyn Var: no Match (varname=authenticity_token), 

=INFO REPORT==== 10-Dec-2019::12:28:58 ===
           ts_search:(5:<0.10720.0>) Dyn Var: no Match (varname=authenticity_token), 

=INFO REPORT==== 10-Dec-2019::12:28:58 ===
           ts_search:(5:<0.13772.0>) Dyn Var (RE): no Match (varname=post_id), 

=INFO REPORT==== 10-Dec-2019::12:28:58 ===
           ts_search:(5:<0.9994.0>) Dyn Var (RE): no Match (varname=authenticity_token), 

=INFO REPORT==== 10-Dec-2019::12:28:58 ===
           ts_search:(5:<0.12269.0>) Dyn Var (RE): no Match (varname=redirect_post), 

=INFO REPORT==== 10-Dec-2019::12:28:58 ===
           ts_search:(5:<0.13792.0>) Dyn Var (RE): no Match (varname=authenticity_token), 

=INFO REPORT==== 10-Dec-2019::12:28:58 ===
           ts_search:(5:<0.13627.0>) Dyn Var (RE): no Match (varname=book_id), 

=INFO REPORT==== 10-Dec-2019::12:28:59 ===
           ts_search:(5:<0.14280.0>) Dyn Var (RE): no Match (varname=book_id), 

=INFO REPORT==== 10-Dec-2019::12:28:59 ===
           ts_search:(5:<0.12740.0>) Dyn Var (RE): no Match (varname=authenticity_token), 

=INFO REPORT==== 10-Dec-2019::12:28:59 ===
           ts_search:(5:<0.13792.0>) Dyn Var (RE): no Match (varname=convo_id), 

=INFO REPORT==== 10-Dec-2019::12:28:59 ===
           ts_search:(5:<0.13942.0>) Dyn Var (RE): no Match (varname=authenticity_token), 

=INFO REPORT==== 10-Dec-2019::12:28:59 ===
           ts_search:(5:<0.10720.0>) Dyn Var (RE): no Match (varname=redirect_post), 

=INFO REPORT==== 10-Dec-2019::12:28:59 ===
           ts_search:(5:<0.8028.0>) Dyn Var (RE): no Match (varname=book_id), 

=INFO REPORT==== 10-Dec-2019::12:28:59 ===
           ts_search:(5:<0.12842.0>) Dyn Var (RE): no Match (varname=authenticity_token), 

=INFO REPORT==== 10-Dec-2019::12:28:59 ===
           ts_search:(5:<0.13145.0>) Dyn Var: no Match (varname=authenticity_token), 

=INFO REPORT==== 10-Dec-2019::12:28:59 ===
           ts_search:(5:<0.13145.0>) Dyn Var (RE): no Match (varname=redirect_post), 

=INFO REPORT==== 10-Dec-2019::12:28:59 ===
           ts_search:(5:<0.11799.0>) Dyn Var (RE): no Match (varname=authenticity_token), 

=INFO REPORT==== 10-Dec-2019::12:28:59 ===
           ts_search:(5:<0.7857.0>) Dyn Var (RE): no Match (varname=authenticity_token), 

=INFO REPORT==== 10-Dec-2019::12:28:59 ===
           ts_search:(5:<0.7857.0>) Dyn Var (RE): no Match (varname=post_id), 

=INFO REPORT==== 10-Dec-2019::12:28:59 ===
           ts_search:(5:<0.9231.0>) Dyn Var (RE): no Match (varname=authenticity_token), 

=INFO REPORT==== 10-Dec-2019::12:28:59 ===
           ts_search:(5:<0.11168.0>) Dyn Var (RE): no Match (varname=authenticity_token), 

=INFO REPORT==== 10-Dec-2019::12:28:59 ===
           ts_search:(5:<0.12000.0>) Dyn Var: no Match (varname=authenticity_token), 

=INFO REPORT==== 10-Dec-2019::12:29:00 ===
           ts_search:(5:<0.11856.0>) Dyn Var (RE): no Match (varname=authenticity_token), 

=INFO REPORT==== 10-Dec-2019::12:29:00 ===
           ts_search:(5:<0.13168.0>) Dyn Var (RE): no Match (varname=authenticity_token), 

=INFO REPORT==== 10-Dec-2019::12:29:00 ===
           ts_search:(5:<0.12740.0>) Dyn Var (RE): no Match (varname=post_id), 

=INFO REPORT==== 10-Dec-2019::12:29:00 ===
           ts_search:(5:<0.12254.0>) Dyn Var (RE): no Match (varname=authenticity_token), 

=INFO REPORT==== 10-Dec-2019::12:29:00 ===
           ts_search:(5:<0.9231.0>) Dyn Var (RE): no Match (varname=post_id), 

=INFO REPORT==== 10-Dec-2019::12:29:00 ===
           ts_search:(5:<0.14421.0>) Dyn Var (RE): no Match (varname=authenticity_token), 

=INFO REPORT==== 10-Dec-2019::12:29:00 ===
           ts_search:(5:<0.12425.0>) Dyn Var (RE): no Match (varname=authenticity_token), 

=INFO REPORT==== 10-Dec-2019::12:29:00 ===
           ts_search:(5:<0.13778.0>) Dyn Var (RE): no Match (varname=authenticity_token), 

=INFO REPORT==== 10-Dec-2019::12:29:00 ===
           ts_search:(5:<0.12842.0>) Dyn Var (RE): no Match (varname=convo_id), 

=INFO REPORT==== 10-Dec-2019::12:29:00 ===
           ts_search:(5:<0.13956.0>) Dyn Var (RE): no Match (varname=book_id), 

=INFO REPORT==== 10-Dec-2019::12:29:00 ===
           ts_search:(5:<0.13642.0>) Dyn Var (RE): no Match (varname=convo_id), 

=INFO REPORT==== 10-Dec-2019::12:29:00 ===
           ts_search:(5:<0.11799.0>) Dyn Var (RE): no Match (varname=convo_id), 

=INFO REPORT==== 10-Dec-2019::12:29:00 ===
           ts_search:(5:<0.12620.0>) Dyn Var (RE): no Match (varname=convo_id), 

=INFO REPORT==== 10-Dec-2019::12:29:00 ===
           ts_search:(5:<0.13334.0>) Dyn Var (RE): no Match (varname=convo_id), 

=INFO REPORT==== 10-Dec-2019::12:29:00 ===
           ts_search:(5:<0.13608.0>) Dyn Var (RE): no Match (varname=authenticity_token), 

=INFO REPORT==== 10-Dec-2019::12:29:00 ===
           ts_search:(5:<0.13594.0>) Dyn Var (RE): no Match (varname=authenticity_token), 

=INFO REPORT==== 10-Dec-2019::12:29:00 ===
           ts_search:(5:<0.13608.0>) Dyn Var (RE): no Match (varname=post_id), 

=INFO REPORT==== 10-Dec-2019::12:29:00 ===
           ts_search:(5:<0.13497.0>) Dyn Var (RE): no Match (varname=authenticity_token), 

=INFO REPORT==== 10-Dec-2019::12:29:00 ===
           ts_search:(5:<0.11919.0>) Dyn Var (RE): no Match (varname=book_id), 

=INFO REPORT==== 10-Dec-2019::12:29:00 ===
           ts_search:(5:<0.13942.0>) Dyn Var (RE): no Match (varname=convo_id), 

=INFO REPORT==== 10-Dec-2019::12:29:01 ===
           ts_search:(5:<0.13687.0>) Dyn Var (RE): no Match (varname=book_id), 

=INFO REPORT==== 10-Dec-2019::12:29:01 ===
           ts_search:(5:<0.13497.0>) Dyn Var (RE): no Match (varname=post_id), 

=INFO REPORT==== 10-Dec-2019::12:29:01 ===
           ts_search:(5:<0.12425.0>) Dyn Var (RE): no Match (varname=convo_id), 

=INFO REPORT==== 10-Dec-2019::12:29:01 ===
           ts_search:(5:<0.13003.0>) Dyn Var (RE): no Match (varname=authenticity_token), 

=INFO REPORT==== 10-Dec-2019::12:29:01 ===
           ts_search:(5:<0.13334.0>) Dyn Var (RE): no Match (varname=authenticity_token), 

=INFO REPORT==== 10-Dec-2019::12:29:01 ===
           ts_search:(5:<0.13792.0>) Dyn Var (RE): no Match (varname=authenticity_token), 

=INFO REPORT==== 10-Dec-2019::12:29:01 ===
           ts_search:(5:<0.13778.0>) Dyn Var (RE): no Match (varname=book_id), 

=INFO REPORT==== 10-Dec-2019::12:29:01 ===
           ts_search:(5:<0.12983.0>) Dyn Var (RE): no Match (varname=book_id), 

=INFO REPORT==== 10-Dec-2019::12:29:01 ===
           ts_search:(5:<0.11168.0>) Dyn Var (RE): no Match (varname=convo_id), 

=INFO REPORT==== 10-Dec-2019::12:29:01 ===
           ts_search:(5:<0.13097.0>) Dyn Var (RE): no Match (varname=authenticity_token), 

=INFO REPORT==== 10-Dec-2019::12:29:01 ===
           ts_search:(5:<0.12667.0>) Dyn Var (RE): no Match (varname=book_id), 

=INFO REPORT==== 10-Dec-2019::12:29:01 ===
           ts_search:(5:<0.14571.0>) Dyn Var: no Match (varname=first_comment_path), 

=INFO REPORT==== 10-Dec-2019::12:29:01 ===
           ts_search:(5:<0.13088.0>) Dyn Var (RE): no Match (varname=authenticity_token), 

=INFO REPORT==== 10-Dec-2019::12:29:01 ===
           ts_search:(5:<0.13088.0>) Dyn Var (RE): no Match (varname=post_id), 

=INFO REPORT==== 10-Dec-2019::12:29:01 ===
           ts_search:(5:<0.12000.0>) Dyn Var (RE): no Match (varname=redirect_post), 

=INFO REPORT==== 10-Dec-2019::12:29:02 ===
           ts_search:(5:<0.14212.0>) Dyn Var (RE): no Match (varname=authenticity_token), 

=INFO REPORT==== 10-Dec-2019::12:29:02 ===
           ts_search:(5:<0.14139.0>) Dyn Var (RE): no Match (varname=authenticity_token), 

=INFO REPORT==== 10-Dec-2019::12:29:02 ===
           ts_search:(5:<0.13825.0>) Dyn Var (RE): no Match (varname=authenticity_token), 

=INFO REPORT==== 10-Dec-2019::12:29:02 ===
           ts_search:(5:<0.14728.0>) Dyn Var (RE): no Match (varname=authenticity_token), 

=INFO REPORT==== 10-Dec-2019::12:29:02 ===
           ts_search:(5:<0.14139.0>) Dyn Var (RE): no Match (varname=post_id), 

=INFO REPORT==== 10-Dec-2019::12:29:02 ===
           ts_search:(5:<0.13490.0>) Dyn Var (RE): no Match (varname=authenticity_token), 

=INFO REPORT==== 10-Dec-2019::12:29:02 ===
           ts_search:(5:<0.12027.0>) Dyn Var (RE): no Match (varname=authenticity_token), 

=INFO REPORT==== 10-Dec-2019::12:29:02 ===
           ts_search:(5:<0.14748.0>) Dyn Var: no Match (varname=first_comment_path), 

=INFO REPORT==== 10-Dec-2019::12:29:02 ===
           ts_search:(5:<0.14813.0>) Dyn Var (RE): no Match (varname=authenticity_token), 

=INFO REPORT==== 10-Dec-2019::12:29:02 ===
           ts_search:(5:<0.14786.0>) Dyn Var (RE): no Match (varname=authenticity_token), 

=INFO REPORT==== 10-Dec-2019::12:29:03 ===
           ts_search:(5:<0.13942.0>) Dyn Var (RE): no Match (varname=authenticity_token), 

=INFO REPORT==== 10-Dec-2019::12:29:03 ===
           ts_search:(5:<0.14786.0>) Dyn Var (RE): no Match (varname=post_id), 

=INFO REPORT==== 10-Dec-2019::12:29:03 ===
           ts_search:(5:<0.13825.0>) Dyn Var (RE): no Match (varname=book_id), 

=INFO REPORT==== 10-Dec-2019::12:29:03 ===
           ts_search:(5:<0.12897.0>) Dyn Var (RE): no Match (varname=authenticity_token), 

=INFO REPORT==== 10-Dec-2019::12:29:03 ===
           ts_search:(5:<0.12897.0>) Dyn Var (RE): no Match (varname=post_id), 

=INFO REPORT==== 10-Dec-2019::12:29:03 ===
           ts_search:(5:<0.14728.0>) Dyn Var (RE): no Match (varname=post_id), 

=INFO REPORT==== 10-Dec-2019::12:29:03 ===
           ts_search:(5:<0.14813.0>) Dyn Var (RE): no Match (varname=post_id), 

=INFO REPORT==== 10-Dec-2019::12:29:03 ===
           ts_search:(5:<0.13168.0>) Dyn Var (RE): no Match (varname=book_id), 

=INFO REPORT==== 10-Dec-2019::12:29:03 ===
           ts_search:(5:<0.12027.0>) Dyn Var (RE): no Match (varname=convo_id), 

=INFO REPORT==== 10-Dec-2019::12:29:03 ===
           ts_search:(5:<0.14421.0>) Dyn Var (RE): no Match (varname=convo_id), 

=INFO REPORT==== 10-Dec-2019::12:29:03 ===
           ts_search:(5:<0.14610.0>) Dyn Var: no Match (varname=first_comment_path), 

=INFO REPORT==== 10-Dec-2019::12:29:03 ===
           ts_search:(5:<0.13657.0>) Dyn Var (RE): no Match (varname=authenticity_token), 

=INFO REPORT==== 10-Dec-2019::12:29:03 ===
           ts_search:(5:<0.13594.0>) Dyn Var (RE): no Match (varname=book_id), 

=INFO REPORT==== 10-Dec-2019::12:29:03 ===
           ts_search:(5:<0.12027.0>) Dyn Var (RE): no Match (varname=authenticity_token), 

=INFO REPORT==== 10-Dec-2019::12:29:03 ===
           ts_search:(5:<0.13657.0>) Dyn Var (RE): no Match (varname=post_id), 

=INFO REPORT==== 10-Dec-2019::12:29:04 ===
           ts_search:(5:<0.14421.0>) Dyn Var (RE): no Match (varname=authenticity_token), 

=INFO REPORT==== 10-Dec-2019::12:29:04 ===
           ts_search:(5:<0.14427.0>) Dyn Var (RE): no Match (varname=authenticity_token), 

=INFO REPORT==== 10-Dec-2019::12:29:04 ===
           ts_search:(5:<0.14427.0>) Dyn Var (RE): no Match (varname=post_id), 

=INFO REPORT==== 10-Dec-2019::12:29:04 ===
           ts_search:(5:<0.14720.0>) Dyn Var: no Match (varname=first_comment_path), 

=INFO REPORT==== 10-Dec-2019::12:29:04 ===
           ts_search:(5:<0.13097.0>) Dyn Var (RE): no Match (varname=convo_id), 

=INFO REPORT==== 10-Dec-2019::12:29:04 ===
           ts_search:(5:<0.14002.0>) Dyn Var (RE): no Match (varname=authenticity_token), 

=INFO REPORT==== 10-Dec-2019::12:29:04 ===
           ts_search:(5:<0.13256.0>) Dyn Var (RE): no Match (varname=authenticity_token), 

=INFO REPORT==== 10-Dec-2019::12:29:04 ===
           ts_search:(5:<0.14002.0>) Dyn Var (RE): no Match (varname=post_id), 

=INFO REPORT==== 10-Dec-2019::12:29:05 ===
           ts_search:(5:<0.12775.0>) Dyn Var (RE): no Match (varname=authenticity_token), 

=INFO REPORT==== 10-Dec-2019::12:29:05 ===
           ts_search:(5:<0.13256.0>) Dyn Var (RE): no Match (varname=convo_id), 

=INFO REPORT==== 10-Dec-2019::12:29:05 ===
           ts_search:(5:<0.14781.0>) Dyn Var: no Match (varname=first_comment_path), 

=INFO REPORT==== 10-Dec-2019::12:29:05 ===
           ts_search:(5:<0.12775.0>) Dyn Var (RE): no Match (varname=post_id), 

=INFO REPORT==== 10-Dec-2019::12:29:05 ===
           ts_search:(5:<0.13490.0>) Dyn Var (RE): no Match (varname=book_id), 

=INFO REPORT==== 10-Dec-2019::12:29:05 ===
           ts_search:(5:<0.11799.0>) Dyn Var (RE): no Match (varname=authenticity_token), 

=INFO REPORT==== 10-Dec-2019::12:29:05 ===
           ts_search:(5:<0.11856.0>) Dyn Var (RE): no Match (varname=convo_id), 

=INFO REPORT==== 10-Dec-2019::12:29:06 ===
           ts_search:(5:<0.13642.0>) Dyn Var (RE): no Match (varname=authenticity_token), 

=INFO REPORT==== 10-Dec-2019::12:29:06 ===
           ts_search:(5:<0.12551.0>) Dyn Var (RE): no Match (varname=authenticity_token), 

=INFO REPORT==== 10-Dec-2019::12:29:06 ===
           ts_search:(5:<0.14761.0>) Dyn Var (RE): no Match (varname=authenticity_token), 

=INFO REPORT==== 10-Dec-2019::12:29:06 ===
           ts_search:(5:<0.14615.0>) Dyn Var: no Match (varname=first_comment_path), 

=INFO REPORT==== 10-Dec-2019::12:29:06 ===
           ts_search:(5:<0.12551.0>) Dyn Var (RE): no Match (varname=post_id), 

=INFO REPORT==== 10-Dec-2019::12:29:06 ===
           ts_search:(5:<0.13097.0>) Dyn Var (RE): no Match (varname=authenticity_token), 

=INFO REPORT==== 10-Dec-2019::12:29:06 ===
           ts_search:(5:<0.12620.0>) Dyn Var (RE): no Match (varname=authenticity_token), 

=INFO REPORT==== 10-Dec-2019::12:29:06 ===
           ts_search:(5:<0.14824.0>) Dyn Var: no Match (varname=first_comment_path), 

=INFO REPORT==== 10-Dec-2019::12:29:06 ===
           ts_search:(5:<0.14612.0>) Dyn Var: no Match (varname=first_comment_path), 

=INFO REPORT==== 10-Dec-2019::12:29:06 ===
           ts_search:(5:<0.11168.0>) Dyn Var (RE): no Match (varname=authenticity_token), 

=INFO REPORT==== 10-Dec-2019::12:29:07 ===
           ts_search:(5:<0.12761.0>) Dyn Var (RE): no Match (varname=authenticity_token), 

=INFO REPORT==== 10-Dec-2019::12:29:07 ===
           ts_search:(5:<0.14920.0>) Dyn Var: no Match (varname=first_comment_path), 

=INFO REPORT==== 10-Dec-2019::12:29:07 ===
           ts_search:(5:<0.13759.0>) Dyn Var (RE): no Match (varname=authenticity_token), 

=INFO REPORT==== 10-Dec-2019::12:29:07 ===
           ts_search:(5:<0.13567.0>) Dyn Var (RE): no Match (varname=authenticity_token), 

=INFO REPORT==== 10-Dec-2019::12:29:07 ===
           ts_search:(5:<0.14212.0>) Dyn Var (RE): no Match (varname=book_id), 

=INFO REPORT==== 10-Dec-2019::12:29:07 ===
           ts_search:(5:<0.12761.0>) Dyn Var (RE): no Match (varname=post_id), 

=INFO REPORT==== 10-Dec-2019::12:29:07 ===
           ts_search:(5:<0.13256.0>) Dyn Var (RE): no Match (varname=authenticity_token), 

=INFO REPORT==== 10-Dec-2019::12:29:07 ===
           ts_search:(5:<0.13555.0>) Dyn Var (RE): no Match (varname=authenticity_token), 

=INFO REPORT==== 10-Dec-2019::12:29:07 ===
           ts_search:(5:<0.13986.0>) Dyn Var (RE): no Match (varname=authenticity_token), 

=INFO REPORT==== 10-Dec-2019::12:29:07 ===
           ts_search:(5:<0.13555.0>) Dyn Var (RE): no Match (varname=post_id), 

=INFO REPORT==== 10-Dec-2019::12:29:07 ===
           ts_search:(5:<0.14329.0>) Dyn Var (RE): no Match (varname=authenticity_token), 

=INFO REPORT==== 10-Dec-2019::12:29:07 ===
           ts_search:(5:<0.13149.0>) Dyn Var (RE): no Match (varname=authenticity_token), 

=INFO REPORT==== 10-Dec-2019::12:29:07 ===
           ts_search:(5:<0.13986.0>) Dyn Var (RE): no Match (varname=post_id), 

=INFO REPORT==== 10-Dec-2019::12:29:07 ===
           ts_search:(5:<0.13361.0>) Dyn Var (RE): no Match (varname=authenticity_token), 

=INFO REPORT==== 10-Dec-2019::12:29:07 ===
           ts_search:(5:<0.14329.0>) Dyn Var (RE): no Match (varname=post_id), 

=INFO REPORT==== 10-Dec-2019::12:29:07 ===
           ts_search:(5:<0.13361.0>) Dyn Var (RE): no Match (varname=post_id), 

=INFO REPORT==== 10-Dec-2019::12:29:07 ===
           ts_search:(5:<0.13821.0>) Dyn Var (RE): no Match (varname=authenticity_token), 

=INFO REPORT==== 10-Dec-2019::12:29:07 ===
           ts_search:(5:<0.14607.0>) Dyn Var (RE): no Match (varname=authenticity_token), 

=INFO REPORT==== 10-Dec-2019::12:29:07 ===
           ts_search:(5:<0.13567.0>) Dyn Var (RE): no Match (varname=convo_id), 

=INFO REPORT==== 10-Dec-2019::12:29:08 ===
           ts_search:(5:<0.14761.0>) Dyn Var (RE): no Match (varname=convo_id), 

=INFO REPORT==== 10-Dec-2019::12:29:08 ===
           ts_search:(5:<0.14717.0>) Dyn Var: no Match (varname=first_comment_path), 

=INFO REPORT==== 10-Dec-2019::12:29:08 ===
           ts_search:(5:<0.14773.0>) Dyn Var: no Match (varname=first_comment_path), 

=INFO REPORT==== 10-Dec-2019::12:29:08 ===
           ts_search:(5:<0.14598.0>) Dyn Var: no Match (varname=first_comment_path), 

=INFO REPORT==== 10-Dec-2019::12:29:08 ===
           ts_search:(5:<0.14714.0>) Dyn Var: no Match (varname=first_comment_path), 

=INFO REPORT==== 10-Dec-2019::12:29:08 ===
           ts_search:(5:<0.13821.0>) Dyn Var (RE): no Match (varname=book_id), 

=INFO REPORT==== 10-Dec-2019::12:29:08 ===
           ts_search:(5:<0.13149.0>) Dyn Var (RE): no Match (varname=post_id), 

=INFO REPORT==== 10-Dec-2019::12:29:09 ===
           ts_search:(5:<0.15037.0>) Dyn Var: no Match (varname=first_comment_path), 

=INFO REPORT==== 10-Dec-2019::12:29:09 ===
           ts_search:(5:<0.14576.0>) Dyn Var: no Match (varname=first_comment_path), 

=INFO REPORT==== 10-Dec-2019::12:29:09 ===
           ts_search:(5:<0.14789.0>) Dyn Var: no Match (varname=first_comment_path), 

=INFO REPORT==== 10-Dec-2019::12:29:09 ===
           ts_search:(5:<0.12842.0>) Dyn Var (RE): no Match (varname=authenticity_token), 

=INFO REPORT==== 10-Dec-2019::12:29:09 ===
           ts_search:(5:<0.14954.0>) Dyn Var (RE): no Match (varname=authenticity_token), 

=INFO REPORT==== 10-Dec-2019::12:29:09 ===
           ts_search:(5:<0.14779.0>) Dyn Var: no Match (varname=first_comment_path), 

=INFO REPORT==== 10-Dec-2019::12:29:09 ===
           ts_search:(5:<0.14840.0>) Dyn Var (RE): no Match (varname=authenticity_token), 

=INFO REPORT==== 10-Dec-2019::12:29:10 ===
           ts_search:(5:<0.11856.0>) Dyn Var (RE): no Match (varname=authenticity_token), 

=INFO REPORT==== 10-Dec-2019::12:29:10 ===
           ts_search:(5:<0.14840.0>) Dyn Var (RE): no Match (varname=post_id), 

=INFO REPORT==== 10-Dec-2019::12:29:10 ===
           ts_search:(5:<0.14989.0>) Dyn Var: no Match (varname=first_comment_path), 

=INFO REPORT==== 10-Dec-2019::12:29:10 ===
           ts_search:(5:<0.14761.0>) Dyn Var (RE): no Match (varname=authenticity_token), 

=INFO REPORT==== 10-Dec-2019::12:29:10 ===
           ts_search:(5:<0.14607.0>) Dyn Var (RE): no Match (varname=book_id), 

=INFO REPORT==== 10-Dec-2019::12:29:10 ===
           ts_search:(5:<0.14928.0>) Dyn Var (RE): no Match (varname=authenticity_token), 

=INFO REPORT==== 10-Dec-2019::12:29:10 ===
           ts_search:(5:<0.14928.0>) Dyn Var (RE): no Match (varname=post_id), 

=INFO REPORT==== 10-Dec-2019::12:29:10 ===
           ts_search:(5:<0.13446.0>) Dyn Var (RE): no Match (varname=authenticity_token), 

=INFO REPORT==== 10-Dec-2019::12:29:10 ===
           ts_search:(5:<0.13446.0>) Dyn Var (RE): no Match (varname=post_id), 

=INFO REPORT==== 10-Dec-2019::12:29:10 ===
           ts_search:(5:<0.14954.0>) Dyn Var (RE): no Match (varname=convo_id), 

=INFO REPORT==== 10-Dec-2019::12:29:10 ===
           ts_search:(5:<0.14810.0>) Dyn Var: no Match (varname=first_comment_path), 

=INFO REPORT==== 10-Dec-2019::12:29:10 ===
           ts_search:(5:<0.13759.0>) Dyn Var (RE): no Match (varname=convo_id), 

=INFO REPORT==== 10-Dec-2019::12:29:10 ===
           ts_search:(5:<0.14986.0>) Dyn Var: no Match (varname=first_comment_path), 

=INFO REPORT==== 10-Dec-2019::12:29:11 ===
           ts_search:(5:<0.14591.0>) Dyn Var: no Match (varname=first_comment_path), 

=INFO REPORT==== 10-Dec-2019::12:29:11 ===
           ts_search:(5:<0.13567.0>) Dyn Var (RE): no Match (varname=authenticity_token), 

=INFO REPORT==== 10-Dec-2019::12:29:11 ===
           ts_search:(5:<0.13003.0>) Dyn Var (RE): no Match (varname=convo_id), 

=INFO REPORT==== 10-Dec-2019::12:29:11 ===
           ts_search:(5:<0.14611.0>) Dyn Var: no Match (varname=first_comment_path), 

=INFO REPORT==== 10-Dec-2019::12:29:14 ===
           ts_search:(5:<0.13302.0>) Dyn Var (RE): no Match (varname=authenticity_token), 

=INFO REPORT==== 10-Dec-2019::12:29:14 ===
           ts_search:(5:<0.13302.0>) Dyn Var (RE): no Match (varname=post_id), 

=INFO REPORT==== 10-Dec-2019::12:29:15 ===
           ts_search:(5:<0.13759.0>) Dyn Var (RE): no Match (varname=authenticity_token), 

=INFO REPORT==== 10-Dec-2019::12:29:15 ===
           ts_search:(5:<0.13003.0>) Dyn Var (RE): no Match (varname=authenticity_token), 

=INFO REPORT==== 10-Dec-2019::12:29:17 ===
           ts_search:(5:<0.12425.0>) Dyn Var (RE): no Match (varname=authenticity_token), 

=INFO REPORT==== 10-Dec-2019::12:29:20 ===
           ts_search:(5:<0.14954.0>) Dyn Var (RE): no Match (varname=authenticity_token), 

=INFO REPORT==== 10-Dec-2019::12:29:49 ===
     ts_launcher_mgr:(5:<0.149.0>) No more active users 'tsung_controller@ip-172-31-31-91' "12716"
