# stats: dump at 1575930052
stats: users 13 13
stats: {load,"tsung_controller@ip-172-31-29-147"} 1 0.01953125 0 0.01953125 0.01953125 0 0
stats: {cpu,"tsung_controller@ip-172-31-29-147"} 1 0.07081903930631342 0 0.07081903930631342 0.07081903930631342 0 0
stats: {freemem,"tsung_controller@ip-172-31-29-147"} 1 375589.91015625 0 375589.91015625 375589.91015625 0 0
stats: users_count 13 13
stats: finish_users_count 0 0
stats: request 28 100.36132142857143 41.29546418888223 174.059 28.599 0 0
stats: connect 13 3.0716923076923077 6.61259863250116 25.973 0.873 0 0
stats: page 28 100.36132142857143 41.29546418888223 174.059 28.599 0 0
stats: tr_Initial_Get_Root 10 103.8057 24.425536890926274 160.631 65.74 0 0
stats: 302 7 7
stats: tr_Get_Root 3 102.31833333333333 3.2361170491123366 104.646 97.742 0 0
stats: 200 21 21
stats: tr_Redirect_Root 1 117.823 0 117.823 117.823 0 0
stats: size_rcv 225246 225246
stats: tr_Authenticate_User 2 4059.4125 1307.4035 5366.816 2752.009 0 0
stats: size_sent 9958 9958
stats: connected 13 13
# stats: dump at 1575930062
stats: users 19 21
stats: {load,"tsung_controller@ip-172-31-29-147"} 1 0.01953125 0.0 0.01953125 0.01953125 0.01953125 1
stats: {recvpackets,"tsung_controller@ip-172-31-29-147"} 1 352 0 352 352 0 0
stats: {sentpackets,"tsung_controller@ip-172-31-29-147"} 1 177 0 177 177 0 0
stats: {cpu,"tsung_controller@ip-172-31-29-147"} 1 0.0020820970881872225 0.0 0.07081903930631342 0.0020820970881872225 0.07081903930631342 1
stats: {freemem,"tsung_controller@ip-172-31-29-147"} 1 375587.9140625 0.0 375589.91015625 375587.9140625 375589.91015625 1
stats: session 4 13549.810250000002 1332.1951506887747 15464.357 12097.467 0 0
stats: users_count 10 23
stats: finish_users_count 4 4
stats: request 83 78.22926506024093 59.23936416970517 285.955 7.313 100.36132142857143 28
stats: connect 10 1.2215999999999998 0.15917864178337496 25.973 0.873 3.0716923076923077 13
stats: page 83 78.22926506024093 59.23936416970517 285.955 7.313 100.36132142857143 28
stats: tr_Initial_Get_Root 7 90.314 26.93660747543599 160.631 53.557 103.8057 10
stats: 302 36 43
stats: tr_Get_Root 0 0 0 104.646 97.742 102.31833333333333 3
stats: 200 47 68
stats: tr_Redirect_Root 12 100.12916666666666 16.45903659003838 118.907 76.092 117.823 1
stats: size_rcv 500788 726034
stats: tr_Get_Logout 2 41.627 3.271000000000001 44.898 38.356 0 0
stats: size_sent 45276 55234
stats: tr_Post_New_Post 2 24.525 5.340999999999998 29.866 19.184 0 0
stats: connected 7 20
stats: tr_Get_New_Post 2 45.921 19.547999999999995 65.469 26.373 0 0
stats: tr_Post_New_Comment_On_Post 1 39.718 0 39.718 39.718 0 0
stats: tr_Get_Post 1 145.022 0 145.022 145.022 0 0
stats: tr_Get_Conversations 1 51.027 0 51.027 51.027 0 0
stats: tr_Authenticate_User 16 3793.760125 2682.814433749376 11148.614 241.496 4059.4125 2
stats: tr_Get_New_Conversation 1 200.735 0 200.735 200.735 0 0
stats: tr_Get_Login 2 44.339999999999996 36.230999999999995 80.571 8.109 0 0
stats: tr_Post_New_Conversation 1 74.512 0 74.512 74.512 0 0
stats: tr_Post_Login 1 154.411 0 154.411 154.411 0 0
stats: tr_Post_New_Book 3 31.169666666666668 14.806360712732737 42.396 10.249 0 0
stats: tr_Get_New_Book 3 35.17033333333333 13.877599656360683 53.857 20.632 0 0
stats: tr_Redirect_To_New_Book 2 53.9855 1.6495000000000015 55.635 52.336 0 0
stats: tr_Get_Book 2 280.661 5.406999999999982 286.068 275.254 0 0
# stats: dump at 1575930072
stats: users 6 21
stats: {load,"tsung_controller@ip-172-31-29-147"} 1 0.1015625 0.0 0.1015625 0.01953125 0.01953125 2
stats: {recvpackets,"tsung_controller@ip-172-31-29-147"} 1 542.0 0.0 542 352 352.0 1
stats: {sentpackets,"tsung_controller@ip-172-31-29-147"} 1 263.0 0.0 263 177 177.0 1
stats: {cpu,"tsung_controller@ip-172-31-29-147"} 1 0.008327868169846871 0.0 0.07081903930631342 0.0020820970881872225 0.03645056819725032 2
stats: {freemem,"tsung_controller@ip-172-31-29-147"} 1 375583.65625 0.0 375589.91015625 375583.65625 375588.912109375 2
stats: session 13 16587.80269230769 4839.894818349392 23165.569 8501.68 13549.810250000002 4
stats: users_count 0 23
stats: finish_users_count 13 17
stats: request 68 72.59430882352937 65.33009150511266 327.184 6.294 83.8121261261261 111
stats: connect 0 0 0 25.973 0.873 2.267304347826087 23
stats: page 67 73.6800149253731 67.18042438480249 327.184 6.294 83.8121261261261 111
stats: tr_Initial_Get_Root 0 0 0 160.631 53.557 98.25029411764706 17
stats: 302 26 69
stats: tr_Get_Root 0 0 0 104.646 97.742 102.31833333333333 3
stats: 200 42 110
stats: tr_Redirect_Root 9 89.02455555555555 29.55398537934384 154.056 61.761 101.49023076923078 13
stats: size_rcv 586888 1312922
stats: tr_Get_Logout 3 38.52666666666667 11.005084925716032 46.566 22.966 41.627 2
stats: size_sent 39043 94277
stats: tr_Post_New_Post 2 20.0795 8.174500000000002 29.866 11.905 24.525 2
stats: connected -13 7
stats: tr_Get_New_Post 2 14.270999999999999 1.7599999999999998 65.469 12.511 45.921 2
stats: tr_Post_New_Comment_On_Post 2 33.932 4.846000000000002 39.718 29.086 39.718 1
stats: tr_Get_Post 2 84.652 2.2660000000000053 145.022 82.386 145.022 1
stats: tr_Redirect_To_Post 4 118.84125 23.486401431200562 142.203 89.287 0 0
stats: tr_Post_New_Comment_On_Comment 2 74.117 39.184000000000005 113.301 34.933 0 0
stats: tr_Redirect_To_New_Post 4 34.11775 15.07578880813538 53.104 11.937 0 0
stats: tr_Get_Conversations 2 34.45099999999999 1.4680000000000017 51.027 32.983 51.027 1
stats: tr_Authenticate_User 4 6633.5872500000005 2181.946662467872 11148.614 241.496 3823.2770555555553 18
stats: tr_Get_New_Conversation 2 216.0335 3.8064999999999998 219.84 200.735 200.735 1
stats: tr_Get_Login 2 12.456 2.685 80.571 8.109 44.339999999999996 2
stats: tr_Post_New_Conversation 2 67.0655 3.8654999999999973 74.512 63.2 74.512 1
stats: tr_Post_Login 3 121.106 2.1664768634813494 154.411 118.194 154.411 1
stats: tr_Redirect_To_New_Conversation 3 86.78399999999999 19.782951195410664 100.888 58.807 0 0
stats: tr_Redirect_To_Same_Conversation 1 119.148 0 119.148 119.148 0 0
stats: tr_Reply_To_Conversation 1 73.644 0 73.644 73.644 0 0
stats: tr_Post_New_Book 4 11.066500000000001 1.1169804161219663 42.396 9.925 31.169666666666668 3
stats: tr_Get_New_Book 4 28.426000000000002 15.170742829538703 53.857 12.646 35.17033333333333 3
stats: tr_Redirect_To_New_Book 3 16.297666666666668 2.2404562531373435 55.635 13.28 53.9855 2
stats: tr_Get_Book 2 306.51 20.826999999999998 327.337 275.254 280.661 2
# stats: dump at 1575930082
stats: users 6 21
stats: {load,"tsung_controller@ip-172-31-29-147"} 1 0.078125 0.0 0.1015625 0.01953125 0.046875 3
stats: {recvpackets,"tsung_controller@ip-172-31-29-147"} 1 557.0 0.0 557 352 447.0 2
stats: {sentpackets,"tsung_controller@ip-172-31-29-147"} 1 241.0 0.0 263 177 220.0 2
stats: {cpu,"tsung_controller@ip-172-31-29-147"} 1 0.00832838835274889 0.0 0.07081903930631342 0.0020820970881872225 0.027076334854782506 3
stats: {freemem,"tsung_controller@ip-172-31-29-147"} 1 375580.98046875 0.0 375589.91015625 375580.98046875 375587.16015625 3
stats: session 6 20991.0065 4164.373587049067 26246.04 8501.68 15872.980941176469 17
stats: users_count 6 29
stats: finish_users_count 6 23
stats: request 23 52.12360869565218 36.02679459337131 327.184 6.294 79.55060893854746 179
stats: connect 5 1.2193999999999998 0.09369866594567931 25.973 0.873 2.267304347826087 23
stats: page 21 57.10319047619047 48.69471000761401 327.184 6.294 79.99835393258424 178
stats: tr_Initial_Get_Root 4 71.025 4.3869563480846265 160.631 53.557 98.25029411764706 17
stats: 302 6 75
stats: tr_Get_Root 0 0 0 104.646 97.742 102.31833333333333 3
stats: 200 17 127
stats: tr_Redirect_Root 1 78.877 0.0 154.056 61.761 96.39063636363636 22
stats: size_rcv 202344 1515266
stats: tr_Get_Logout 0 0 0 46.566 22.966 39.7668 5
stats: newphase 1 1
stats: tr_Post_New_Post 0 0 0 29.866 11.905 22.30225 4
stats: size_sent 11530 105807
stats: tr_Get_New_Post 0 0 0 65.469 12.511 30.096 4
stats: connected -2 5
stats: tr_Post_New_Comment_On_Post 0 0 0 39.718 29.086 35.86066666666667 3
stats: tr_Get_Post 0 0 0 145.022 82.386 104.77533333333334 3
stats: tr_Redirect_To_Post 2 99.54499999999999 6.224999999999998 142.203 89.287 118.84125 4
stats: tr_Post_New_Comment_On_Comment 1 26.387 0.0 113.301 26.387 74.117 2
stats: tr_Redirect_To_New_Post 0 0 0 53.104 11.937 34.11775 4
stats: tr_Get_Conversations 0 0 0 51.027 32.983 39.97633333333333 3
stats: tr_Authenticate_User 1 8561.58 0.0 11148.614 241.496 4334.2425454545455 22
stats: tr_Get_New_Conversation 0 0 0 219.84 200.735 210.934 3
stats: tr_Get_Login 1 12.746 0.0 80.571 8.109 28.397999999999996 4
stats: tr_Post_New_Conversation 0 0 0 74.512 63.2 69.54766666666667 3
stats: tr_Post_Login 1 125.467 0.0 154.411 118.194 129.43225 4
stats: tr_Redirect_To_New_Conversation 0 0 0 100.888 58.807 86.78399999999999 3
stats: tr_Redirect_To_Same_Conversation 2 89.7025 8.478499999999997 119.148 81.224 119.148 1
stats: tr_Reply_To_Conversation 2 72.5645 2.9525000000000006 75.517 69.612 73.644 1
stats: tr_Post_New_Book 1 12.283 0.0 42.396 9.925 19.682142857142857 7
stats: tr_Get_New_Book 1 52.89 0.0 53.857 12.646 31.31642857142857 7
stats: tr_Redirect_To_New_Book 3 13.438000000000002 1.2827026155738508 55.635 11.845 31.3728 5
stats: tr_Get_Book 0 0 0 327.337 275.254 293.5855 4
# stats: dump at 1575930092
stats: users 40 40
stats: {load,"tsung_controller@ip-172-31-29-147"} 1 0.0703125 0.0 0.1015625 0.01953125 0.0546875 4
stats: {recvpackets,"tsung_controller@ip-172-31-29-147"} 1 255.0 0.0 557 255 483.6666666666667 3
stats: {sentpackets,"tsung_controller@ip-172-31-29-147"} 1 117.0 0.0 263 117 227.0 3
stats: {cpu,"tsung_controller@ip-172-31-29-147"} 1 0.004164714456765058 0.0 0.07081903930631342 0.0020820970881872225 0.022389348229274103 4
stats: {freemem,"tsung_controller@ip-172-31-29-147"} 1 375581.8359375 0.0 375589.91015625 375580.98046875 375585.615234375 4
stats: session 6 7833.116166666667 1197.2867368520397 26246.04 6637.338 17208.11804347826 23
stats: users_count 40 69
stats: finish_users_count 6 29
stats: request 187 58.58048663101607 52.5640446722215 327.184 4.937 76.4277326732673 202
stats: connect 39 1.2327179487179487 0.7375825359715015 25.973 0.861 2.080178571428571 28
stats: page 187 58.58048663101607 52.5640446722215 327.184 4.937 77.58228140703515 199
stats: tr_Initial_Get_Root 21 69.71590476190477 8.718267192973189 160.631 53.557 93.0645238095238 21
stats: 302 76 151
stats: tr_Get_Root 3 77.18933333333334 16.02940908316821 104.646 61.996 102.31833333333333 3
stats: 200 111 238
stats: tr_Redirect_Root 23 71.96817391304349 15.658423177463844 154.056 52.104 95.62917391304347 23
stats: size_rcv 1859369 3374635
stats: tr_Get_Logout 3 8.456666666666667 0.45895630389928066 46.566 7.916 39.7668 5
stats: newphase 0 1
stats: tr_Post_New_Post 3 20.425666666666668 11.343282309611954 36.348 10.772 22.30225 4
stats: size_sent 97240 203047
stats: tr_Get_New_Post 3 15.776666666666666 2.393151664414291 65.469 12.511 30.096 4
stats: connected 35 40
stats: tr_Post_New_Comment_On_Post 8 24.259249999999994 9.695460506726846 40.968 12.736 35.86066666666667 3
stats: tr_Get_Post 8 92.840125 27.541556276096216 162.808 64.279 104.77533333333334 3
stats: tr_Redirect_To_Post 9 88.61277777777778 20.909956324827007 142.203 62.772 112.40916666666665 6
stats: tr_Post_New_Comment_On_Comment 4 21.225749999999998 6.193615397124687 113.301 13.392 58.207 3
stats: tr_Redirect_To_New_Post 0 0 0 53.104 11.937 34.11775 4
stats: tr_Get_Conversations 1 20.484 0.0 51.027 20.484 39.97633333333333 3
stats: tr_Authenticate_User 28 2483.979750000001 1352.364970523797 11148.614 238.956 4518.039826086956 23
stats: tr_Get_New_Conversation 0 0 0 219.84 200.735 210.934 3
stats: tr_Get_Login 2 28.0255 17.115499999999997 80.571 8.109 25.267599999999995 5
stats: tr_Post_New_Conversation 0 0 0 74.512 63.2 69.54766666666667 3
stats: tr_Post_Login 1 116.253 0.0 154.411 116.253 128.63920000000002 5
stats: tr_Redirect_To_New_Conversation 0 0 0 100.888 58.807 86.78399999999999 3
stats: tr_Redirect_To_Same_Conversation 0 0 0 119.148 81.224 99.51766666666667 3
stats: tr_Reply_To_Conversation 0 0 0 75.517 69.612 72.92433333333334 3
stats: tr_Post_New_Book 1 7.325 0.0 42.396 7.325 18.75725 8
stats: tr_Get_New_Book 2 9.605 1.407 53.857 8.198 34.013125 8
stats: tr_Redirect_To_New_Book 0 0 0 55.635 11.845 24.64725 8
stats: tr_Get_Book 3 268.406 11.184314224245794 327.337 252.589 293.5855 4
# stats: dump at 1575930102
stats: users 24 42
stats: {load,"tsung_controller@ip-172-31-29-147"} 1 0.05859375 0.0 0.1015625 0.01953125 0.0578125 5
stats: {recvpackets,"tsung_controller@ip-172-31-29-147"} 1 2129.0 0.0 2129 255 426.5 4
stats: {sentpackets,"tsung_controller@ip-172-31-29-147"} 1 823.0 0.0 823 117 199.5 4
stats: {cpu,"tsung_controller@ip-172-31-29-147"} 1 0.03019229367731726 0.0 0.07081903930631342 0.0020820970881872225 0.018744421474772295 5
stats: {freemem,"tsung_controller@ip-172-31-29-147"} 1 375555.0078125 0.0 375589.91015625 375555.0078125 375584.859375 5
stats: session 25 11078.7656 3214.153406048902 26246.04 4582.367 15268.46248275862 29
stats: users_count 9 78
stats: finish_users_count 25 54
stats: request 210 60.60731904761905 65.39734999566382 327.184 4.742 67.84820822622109 389
stats: connect 11 1.074090909090909 0.14884430825252792 25.973 0.861 1.5868805970149253 67
stats: page 208 61.192 65.82893791728154 327.184 4.742 68.37674870466321 386
stats: tr_Initial_Get_Root 7 68.38685714285714 10.599067525408225 160.631 53.557 81.3902142857143 42
stats: 302 85 236
stats: tr_Get_Root 1 72.18 0.0 104.646 61.996 89.75383333333333 6
stats: 200 125 363
stats: tr_Redirect_Root 25 68.34795999999997 6.463877334727202 154.056 52.104 83.79867391304349 46
stats: size_rcv 2571528 5946163
stats: tr_Get_Logout 2 8.612 0.35299999999999976 46.566 7.916 28.0255 8
stats: newphase 0 1
stats: tr_Post_New_Post 8 14.516250000000001 4.917351567409026 36.348 9.852 21.497999999999998 7
stats: size_sent 118684 321731
stats: tr_Get_New_Post 8 16.188250000000004 7.954746865079994 65.469 10.993 23.959142857142858 7
stats: connected -16 24
stats: tr_Post_New_Comment_On_Post 9 20.987888888888886 6.507038128816871 40.968 11.83 27.42327272727272 11
stats: tr_Get_Post 9 82.2328888888889 10.361451533281578 162.808 63.258 96.09518181818181 11
stats: tr_Redirect_To_Post 20 71.39169999999999 9.07107376830329 142.203 57.784 98.13133333333332 15
stats: tr_Post_New_Comment_On_Comment 10 16.4779 3.7408933278028664 113.301 11.926 37.07485714285714 7
stats: tr_Redirect_To_New_Post 8 24.8995 9.59219316684146 53.104 11.937 34.11775 4
stats: tr_Get_Conversations 2 15.176 6.551 51.027 8.625 35.103249999999996 4
stats: tr_Authenticate_User 23 4085.9764782608695 2425.90223077396 11148.614 238.956 3401.3009607843137 51
stats: tr_Get_New_Conversation 3 295.25700000000006 11.904340748931306 309.338 200.735 210.934 3
stats: tr_Get_Login 3 9.439333333333332 2.47726103231416 80.571 5.936 26.055571428571422 7
stats: tr_Post_New_Conversation 2 38.734 17.397 74.512 21.337 69.54766666666667 3
stats: tr_Post_Login 4 123.14525 1.536343935289229 154.411 116.253 126.57483333333336 6
stats: tr_Redirect_To_New_Conversation 2 56.670500000000004 0.44849999999999746 100.888 56.222 86.78399999999999 3
stats: tr_Redirect_To_Same_Conversation 2 52.93 2.264000000000003 119.148 50.666 99.51766666666667 3
stats: tr_Reply_To_Conversation 2 49.8215 15.279499999999999 75.517 34.542 72.92433333333334 3
stats: tr_Post_New_Book 5 8.5744 0.9481220596526588 42.396 7.325 17.487 9
stats: tr_Get_New_Book 7 9.722999999999999 0.928621712924205 53.857 8.101 29.1315 10
stats: tr_Redirect_To_New_Book 2 11.783999999999999 0.7860000000000009 55.635 10.998 24.64725 8
stats: tr_Get_Book 10 255.3499 10.181104944454715 327.337 237.703 282.79428571428576 7
# stats: dump at 1575930112
stats: users 4 42
stats: {load,"tsung_controller@ip-172-31-29-147"} 1 0.05078125 0.0 0.1015625 0.01953125 0.057942708333333336 6
stats: {recvpackets,"tsung_controller@ip-172-31-29-147"} 1 2105.0 0.0 2129 255 767.0 5
stats: {sentpackets,"tsung_controller@ip-172-31-29-147"} 1 701.0 0.0 823 117 324.2 5
stats: {cpu,"tsung_controller@ip-172-31-29-147"} 1 0.021865206209718564 0.0 0.07081903930631342 0.0020820970881872225 0.020652400175196456 6
stats: {freemem,"tsung_controller@ip-172-31-29-147"} 1 375561.59375 0.0 375589.91015625 375555.0078125 375579.8841145833 6
stats: session 20 15714.914550000005 4339.462253613682 26246.04 4582.367 13328.787999999999 54
stats: users_count 0 78
stats: finish_users_count 20 74
stats: request 69 53.27852173913043 67.97036889418686 342.361 4.742 65.30966611018364 599
stats: connect 0 0 0 25.973 0.861 1.5145641025641026 78
stats: page 68 54.06539705882353 69.27919638427663 342.361 4.742 65.8608771043771 594
stats: tr_Initial_Get_Root 0 0 0 160.631 53.557 79.5325918367347 49
stats: 302 24 260
stats: tr_Get_Root 0 0 0 104.646 61.996 87.2432857142857 7
stats: 200 45 408
stats: tr_Redirect_Root 7 75.44385714285714 10.126729657249692 154.056 52.104 78.35828169014084 71
stats: size_rcv 821309 6767472
stats: tr_Get_Logout 1 9.787 0.0 46.566 7.916 24.1428 10
stats: newphase 0 1
stats: tr_Post_New_Post 5 15.389599999999998 2.726496843937289 36.348 9.852 17.7744 15
stats: size_sent 40681 362412
stats: tr_Get_New_Post 5 16.0302 5.833662053976044 65.469 10.993 19.814666666666668 15
stats: connected -20 4
stats: tr_Post_New_Comment_On_Post 2 27.78 1.3369999999999997 40.968 11.83 24.527349999999995 20
stats: tr_Get_Post 2 72.30199999999999 5.455000000000009 162.808 63.258 89.85715 20
stats: tr_Redirect_To_Post 8 74.49525000000001 11.88134297701653 142.203 57.784 82.85154285714285 35
stats: tr_Post_New_Comment_On_Comment 4 17.53275 2.538615998433005 113.301 11.926 24.959 17
stats: tr_Redirect_To_New_Post 6 27.482333333333333 12.66292401286352 53.104 11.937 27.972250000000003 12
stats: tr_Get_Conversations 1 9.435 0.0 51.027 8.625 28.46083333333333 6
stats: tr_Authenticate_User 4 8934.60525 2652.843323671828 11843.654 238.956 3614.105513513513 74
stats: tr_Get_New_Conversation 1 342.537 0.0 342.537 200.735 253.09550000000004 6
stats: tr_Get_Login 1 12.095 0.0 80.571 5.936 21.070699999999995 10
stats: tr_Post_New_Conversation 1 58.426 0.0 74.512 21.337 57.22220000000001 5
stats: tr_Post_Login 1 118.407 0.0 154.411 116.253 125.20300000000002 10
stats: tr_Redirect_To_New_Conversation 1 49.363 0.0 100.888 49.363 74.73859999999999 5
stats: tr_Redirect_To_Same_Conversation 1 74.401 0.0 119.148 50.666 80.8826 5
stats: tr_Reply_To_Conversation 1 70.537 0.0 75.517 34.542 63.683200000000014 5
stats: tr_Post_New_Book 4 9.74675 0.4631000836752242 42.396 7.325 14.303928571428571 14
stats: tr_Get_New_Book 1 12.377 0.0 53.857 8.101 21.139764705882353 17
stats: tr_Redirect_To_New_Book 8 11.1585 1.0381636431699963 55.635 9.548 22.074599999999997 10
stats: tr_Get_Book 3 277.13899999999995 8.032033656967993 327.337 237.703 266.6505294117647 17
# stats: dump at 1575930122
stats: users 16 42
stats: {load,"tsung_controller@ip-172-31-29-147"} 1 0.0390625 0.0 0.1015625 0.01953125 0.056919642857142856 7
stats: {recvpackets,"tsung_controller@ip-172-31-29-147"} 1 565.0 0.0 2129 255 990.0 6
stats: {sentpackets,"tsung_controller@ip-172-31-29-147"} 1 210.0 0.0 823 117 387.0 6
stats: {cpu,"tsung_controller@ip-172-31-29-147"} 1 0.00936855911560802 0.0 0.07081903930631342 0.0020820970881872225 0.020825658180128187 7
stats: {freemem,"tsung_controller@ip-172-31-29-147"} 1 375570.6640625 0.0 375589.91015625 375555.0078125 375577.27120535716 7
stats: session 4 22123.42625 4485.479544318219 29100.976 4582.367 13973.687067567567 74
stats: users_count 16 94
stats: finish_users_count 4 78
stats: request 21 50.16657142857143 32.710617231618684 342.361 4.742 64.06692814371257 668
stats: connect 13 1.7361538461538462 2.492224241242961 25.973 0.829 1.5145641025641026 78
stats: page 20 52.68675 38.299983289650406 342.361 4.742 64.64925679758308 662
stats: tr_Initial_Get_Root 7 83.43528571428571 10.672894328481789 160.631 53.557 79.5325918367347 49
stats: 302 3 263
stats: tr_Get_Root 0 0 0 104.646 61.996 87.2432857142857 7
stats: 200 18 426
stats: tr_Redirect_Root 0 0 0 154.056 52.104 78.09673076923077 78
stats: size_rcv 213149 6980621
stats: tr_Get_Logout 0 0 0 46.566 7.916 22.837727272727275 11
stats: newphase 1 2
stats: tr_Post_New_Post 0 0 0 36.348 9.852 17.178199999999997 20
stats: size_sent 6310 368722
stats: tr_Get_New_Post 0 0 0 65.469 10.993 18.868550000000003 20
stats: connected 9 13
stats: tr_Post_New_Comment_On_Post 0 0 0 40.968 11.83 24.823045454545454 22
stats: tr_Get_Post 0 0 0 162.808 63.258 88.26122727272728 22
stats: tr_Redirect_To_Post 1 79.876 0.0 142.203 57.784 81.29688372093023 43
stats: tr_Post_New_Comment_On_Comment 1 14.404 0.0 113.301 11.926 23.54447619047619 21
stats: tr_Redirect_To_New_Post 2 32.495 6.512 53.104 11.937 27.808944444444446 18
stats: tr_Get_Conversations 0 0 0 51.027 8.625 25.74285714285714 7
stats: tr_Authenticate_User 0 0 0 11843.654 238.956 3886.951653846153 78
stats: tr_Get_New_Conversation 0 0 0 342.537 200.735 265.8728571428572 7
stats: tr_Get_Login 0 0 0 80.571 5.936 20.254727272727266 11
stats: tr_Post_New_Conversation 1 62.4 0.0 74.512 21.337 57.42283333333334 6
stats: tr_Post_Login 0 0 0 154.411 116.253 124.58518181818182 11
stats: tr_Redirect_To_New_Conversation 1 56.199 0.0 100.888 49.363 70.50933333333333 6
stats: tr_Redirect_To_Same_Conversation 1 62.061 0.0 119.148 50.666 79.80233333333334 6
stats: tr_Reply_To_Conversation 1 76.762 0.0 76.762 34.542 64.82550000000002 6
stats: tr_Post_New_Book 0 0 0 42.396 7.325 13.291222222222222 18
stats: tr_Get_New_Book 0 0 0 53.857 8.101 20.652944444444444 18
stats: tr_Redirect_To_New_Book 0 0 0 55.635 9.548 17.223 18
stats: tr_Get_Book 0 0 0 327.337 237.703 268.22380000000004 20
# stats: dump at 1575930132
stats: users 95 95
stats: {load,"tsung_controller@ip-172-31-29-147"} 1 0.03125 0.0 0.1015625 0.01953125 0.0546875 8
stats: {recvpackets,"tsung_controller@ip-172-31-29-147"} 1 429.0 0.0 2129 255 929.2857142857143 7
stats: {sentpackets,"tsung_controller@ip-172-31-29-147"} 1 228.0 0.0 823 117 361.7142857142857 7
stats: {cpu,"tsung_controller@ip-172-31-29-147"} 1 0.005206055683971596 0.0 0.07081903930631342 0.0020820970881872225 0.019393520797063166 8
stats: {freemem,"tsung_controller@ip-172-31-29-147"} 1 375572.0859375 0.0 375589.91015625 375555.0078125 375576.4453125 8
stats: session 3 7165.141333333333 1321.5911815427476 29100.976 4582.367 14391.62241025641 78
stats: users_count 82 176
stats: finish_users_count 3 81
stats: request 360 58.505116666666645 54.074644741297185 342.361 4.667 63.643259796806966 689
stats: connect 82 1.1134024390243902 0.39550112884905947 25.973 0.754 1.5462197802197801 91
stats: page 360 58.505116666666645 54.074644741297185 342.361 4.667 64.29845014662756 682
stats: tr_Initial_Get_Root 48 73.62845833333334 7.337693921226021 160.631 53.557 80.02042857142858 56
stats: 302 143 406
stats: tr_Get_Root 5 74.38040000000001 4.892381285222973 104.646 61.996 87.2432857142857 7
stats: 200 217 643
stats: tr_Redirect_Root 43 71.11579069767443 6.9338687766647595 154.056 52.104 78.09673076923077 78
stats: size_rcv 3517894 10498515
stats: tr_Get_Logout 1 8.598 0.0 46.566 7.916 22.837727272727275 11
stats: newphase 0 2
stats: tr_Post_New_Post 3 10.453333333333333 0.319004005547824 36.348 9.852 17.178199999999997 20
stats: size_sent 182681 551403
stats: tr_Get_New_Post 3 11.995 0.9445468049105175 65.469 10.668 18.868550000000003 20
stats: connected 79 92
stats: tr_Post_New_Comment_On_Post 13 19.050000000000004 8.593884095457293 42.986 11.327 24.823045454545454 22
stats: tr_Get_Post 13 88.54292307692309 33.06754886931978 194.226 61.156 88.26122727272728 22
stats: tr_Redirect_To_Post 9 69.69811111111112 6.689178930588725 142.203 57.784 81.2645909090909 44
stats: tr_Post_New_Comment_On_Comment 4 12.139249999999999 0.5088700104152336 113.301 11.384 23.128999999999998 22
stats: tr_Redirect_To_New_Post 1 32.291 0.0 53.104 11.937 28.27755 20
stats: tr_Get_Conversations 2 19.466 2.1870000000000003 51.027 8.625 25.74285714285714 7
stats: tr_Authenticate_User 48 2870.678 1833.1467621556292 11843.654 238.956 3886.951653846153 78
stats: tr_Get_New_Conversation 1 335.872 0.0 342.537 200.735 265.8728571428572 7
stats: tr_Get_Login 1 9.607 0.0 80.571 5.936 20.254727272727266 11
stats: tr_Post_New_Conversation 1 20.827 0.0 74.512 20.827 58.133857142857146 7
stats: tr_Post_Login 0 0 0 154.411 116.253 124.58518181818182 11
stats: tr_Redirect_To_New_Conversation 0 0 0 100.888 49.363 68.465 7
stats: tr_Redirect_To_Same_Conversation 0 0 0 119.148 50.666 77.26785714285714 7
stats: tr_Reply_To_Conversation 0 0 0 76.762 34.542 66.5307142857143 7
stats: tr_Post_New_Book 3 8.049 0.3840234367847877 42.396 7.325 13.291222222222222 18
stats: tr_Get_New_Book 6 10.174166666666666 0.4193429052961575 53.857 8.101 20.652944444444444 18
stats: tr_Redirect_To_New_Book 1 16.226 0.0 55.635 9.548 17.223 18
stats: tr_Get_Book 6 245.82883333333336 11.617805908986819 327.337 230.221 268.22380000000004 20
# stats: dump at 1575930142
stats: users 59 106
stats: {load,"tsung_controller@ip-172-31-29-147"} 1 0.03125 0.0 0.1015625 0.01953125 0.052083333333333336 9
stats: {recvpackets,"tsung_controller@ip-172-31-29-147"} 1 3878.0 0.0 3878 255 866.75 8
stats: {sentpackets,"tsung_controller@ip-172-31-29-147"} 1 1527.0 0.0 1527 117 345.0 8
stats: {cpu,"tsung_controller@ip-172-31-29-147"} 1 0.061421224676757785 0.0 0.07081903930631342 0.0020820970881872225 0.017817135784497437 9
stats: {freemem,"tsung_controller@ip-172-31-29-147"} 1 375530.19921875 0.0 375589.91015625 375530.19921875 375575.9609375 9
stats: session 58 12242.156137931037 3677.2367282709397 29100.976 4264.692 14123.974962962964 81
stats: users_count 22 198
stats: finish_users_count 58 139
stats: request 485 54.78648659793811 66.68220508303861 516.217 4.365 61.87993136320305 1049
stats: connect 25 1.01608 0.14945124154720163 25.973 0.754 1.3410693641618496 173
stats: page 484 54.90020454545451 66.75396166122646 516.217 4.365 62.29691458733205 1042
stats: tr_Initial_Get_Root 16 72.771 10.484581965915474 160.631 53.557 77.07028846153847 104
stats: 302 198 604
stats: tr_Get_Root 2 69.4185 1.567499999999999 104.646 61.996 81.88375 12
stats: 200 287 930
stats: tr_Redirect_Root 61 77.49801639344261 9.395531088892959 154.056 52.104 75.61590082644629 121
stats: size_rcv 6482689 16981204
stats: tr_Get_Logout 5 10.815199999999999 5.195844547328182 46.566 7.83 21.651083333333336 12
stats: newphase 0 2
stats: tr_Post_New_Post 28 11.84217857142857 2.1226389076802397 36.348 9.838 16.30104347826087 23
stats: size_sent 283376 834779
stats: tr_Get_New_Post 28 11.511535714285712 2.4603156371569024 65.469 8.784 17.972 23
stats: connected -30 62
stats: tr_Post_New_Comment_On_Post 21 12.689190476190477 2.920924048490846 42.986 9.987 22.67877142857143 35
stats: tr_Get_Post 21 72.48290476190476 10.79628620849279 194.226 61.156 88.36585714285715 35
stats: tr_Redirect_To_Post 44 68.58747727272727 9.100997676300597 142.203 56.449 79.3004716981132 53
stats: tr_Post_New_Comment_On_Comment 24 11.880916666666666 0.8511311550258018 113.301 9.866 21.43826923076923 26
stats: tr_Redirect_To_New_Post 21 14.273952380952384 6.576634987562955 53.104 10.502 28.46866666666667 21
stats: tr_Get_Conversations 3 27.771666666666665 20.03842665702297 55.305 8.196 24.348 9
stats: tr_Authenticate_User 65 4471.028215384616 2521.285594029117 13477.664 238.956 3499.799785714285 126
stats: tr_Get_New_Conversation 2 466.2415 50.12750000000004 516.369 200.735 274.62275000000005 8
stats: tr_Get_Login 3 9.501 3.095918065237946 80.571 5.936 19.36741666666666 12
stats: tr_Post_New_Conversation 1 53.891 0.0 74.512 20.827 53.4705 8
stats: tr_Post_Login 3 121.53833333333334 1.7979359153083183 154.411 116.253 124.58518181818182 11
stats: tr_Redirect_To_New_Conversation 2 19.645 2.085000000000001 100.888 17.56 68.465 7
stats: tr_Redirect_To_Same_Conversation 1 59.898 0.0 119.148 50.666 77.26785714285714 7
stats: tr_Reply_To_Conversation 1 27.017 0.0 76.762 27.017 66.5307142857143 7
stats: tr_Post_New_Book 11 8.536909090909091 0.6628893304789347 42.396 7.325 12.542333333333334 21
stats: tr_Get_New_Book 11 11.777090909090909 9.833599188076333 53.857 6.45 18.03325 24
stats: tr_Redirect_To_New_Book 9 12.166222222222222 7.49002787085421 55.635 7.962 17.170526315789473 19
stats: tr_Get_Book 28 243.5759642857143 14.876598004157264 327.337 221.44 263.05573076923076 26
# stats: dump at 1575930152
stats: users 14 106
stats: {load,"tsung_controller@ip-172-31-29-147"} 1 0.01953125 0.0 0.1015625 0.01953125 0.05 10
stats: {recvpackets,"tsung_controller@ip-172-31-29-147"} 1 5545.0 0.0 5545 255 1201.3333333333333 9
stats: {sentpackets,"tsung_controller@ip-172-31-29-147"} 1 1692.0 0.0 1692 117 476.3333333333333 9
stats: {cpu,"tsung_controller@ip-172-31-29-147"} 1 0.06769141048071316 0.0 0.07081903930631342 0.0020820970881872225 0.022177544673723473 10
stats: {freemem,"tsung_controller@ip-172-31-29-147"} 1 375523.78125 0.0 375589.91015625 375523.78125 375571.384765625 10
stats: session 45 17547.296111111107 3964.336585385741 29100.976 4264.692 13338.755597122303 139
stats: users_count 0 198
stats: finish_users_count 45 184
stats: request 163 60.16068711656443 85.23674365697966 516.217 4.365 59.63721903520207 1534
stats: connect 0 0 0 25.973 0.754 1.3000353535353535 198
stats: page 160 61.29081250000004 86.37720270383757 516.217 4.365 59.95090694626473 1526
stats: tr_Initial_Get_Root 0 0 0 160.631 53.557 76.49705 120
stats: 302 56 660
stats: tr_Get_Root 0 0 0 104.646 61.996 80.103 14
stats: 200 107 1037
stats: tr_Redirect_Root 14 86.06421428571426 5.7951350554775285 154.056 52.104 76.24671978021978 182
stats: size_rcv 2504533 19485737
stats: tr_Get_Logout 1 8.629 0.0 46.566 7.83 18.464058823529413 17
stats: newphase 0 2
stats: tr_Post_New_Post 12 14.221333333333332 9.287461792952666 44.828 9.263 13.853039215686271 51
stats: size_sent 92575 927354
stats: tr_Get_New_Post 12 12.739583333333336 5.544651468732928 65.469 8.495 14.42507843137255 51
stats: connected -46 16
stats: tr_Post_New_Comment_On_Post 7 12.702 1.0155955325395465 42.986 9.987 18.93267857142857 56
stats: tr_Get_Post 7 68.83157142857144 6.424162710471478 194.226 60.132 82.40975 56
stats: tr_Redirect_To_Post 26 67.6465769230769 8.33254089594191 142.203 55.607 74.44096907216495 97
stats: tr_Post_New_Comment_On_Comment 12 13.251833333333332 1.1083580072441497 113.301 9.866 16.850740000000002 50
stats: tr_Redirect_To_New_Post 15 13.5036 3.588758760351551 53.104 10.037 21.371309523809526 42
stats: tr_Get_Conversations 1 21.215 0.0 55.305 8.196 25.203916666666668 12
stats: tr_Authenticate_User 6 9562.007666666666 3938.9479477953532 17474.767 238.956 3830.3225497382195 191
stats: tr_Get_New_Conversation 3 490.459 12.044740927060257 516.369 200.735 312.9465 10
stats: tr_Get_Login 3 11.797333333333334 5.527918555437983 80.571 5.936 17.39413333333333 15
stats: tr_Post_New_Conversation 3 49.22466666666667 20.979951641719506 74.512 20.827 53.51722222222222 9
stats: tr_Post_Login 4 119.82175000000001 1.565010443255897 154.411 116.253 123.93228571428573 14
stats: tr_Redirect_To_New_Conversation 3 50.23733333333334 21.898873735625973 100.888 17.56 57.61611111111111 9
stats: tr_Redirect_To_Same_Conversation 3 47.62966666666667 18.133741227030036 119.148 22.032 75.096625 8
stats: tr_Reply_To_Conversation 3 63.50966666666667 23.025519600844817 79.919 27.017 61.59150000000001 8
stats: tr_Post_New_Book 5 8.994600000000002 0.39241641148147616 42.396 7.325 11.16546875 32
stats: tr_Get_New_Book 2 8.2055 0.8404999999999991 53.857 6.45 16.067028571428573 35
stats: tr_Redirect_To_New_Book 8 9.732499999999998 0.7083671364483258 55.635 7.962 15.562 28
stats: tr_Get_Book 9 265.83377777777775 15.848280003259935 327.337 221.44 252.95511111111114 54
# stats: dump at 1575930162
stats: users 4 106
stats: {load,"tsung_controller@ip-172-31-29-147"} 1 0.08984375 0.0 0.1015625 0.01953125 0.04723011363636364 11
stats: {recvpackets,"tsung_controller@ip-172-31-29-147"} 1 1716.0 0.0 5545 255 1635.7 10
stats: {sentpackets,"tsung_controller@ip-172-31-29-147"} 1 567.0 0.0 1692 117 597.9 10
stats: {cpu,"tsung_controller@ip-172-31-29-147"} 1 0.022903544844099736 0.0 0.07081903930631342 0.0020820970881872225 0.026315168837995263 11
stats: {freemem,"tsung_controller@ip-172-31-29-147"} 1 375555.12109375 0.0 375589.91015625 375523.78125 375567.05717329547 11
stats: session 10 23600.3532 3038.124351433982 29100.976 4264.692 14368.018222826087 184
stats: users_count 0 198
stats: finish_users_count 10 194
stats: request 29 55.48782758620691 87.69851186842222 516.217 4.365 59.6874991160872 1697
stats: connect 0 0 0 25.973 0.754 1.3000353535353535 198
stats: page 27 59.61025925925927 92.12674624088697 516.217 4.365 60.07806287069987 1686
stats: tr_Initial_Get_Root 0 0 0 160.631 53.557 76.49705 120
stats: 302 9 669
stats: tr_Get_Root 0 0 0 104.646 61.996 80.103 14
stats: 200 20 1057
stats: tr_Redirect_Root 2 99.08000000000001 3.2160000000000046 154.056 52.104 76.9479693877551 196
stats: size_rcv 331929 19817666
stats: tr_Get_Logout 1 11.214 0.0 46.566 7.83 17.91766666666667 18
stats: newphase 0 2
stats: tr_Post_New_Post 0 0 0 44.828 9.263 13.923190476190474 63
stats: size_sent 16530 943884
stats: tr_Get_New_Post 0 0 0 65.469 8.495 14.104031746031746 63
stats: connected -12 4
stats: tr_Post_New_Comment_On_Post 1 13.648 0.0 42.986 9.987 18.240380952380953 63
stats: tr_Get_Post 1 66.494 0.0 194.226 60.132 80.90106349206349 63
stats: tr_Redirect_To_Post 4 68.91300000000001 7.8822832034886945 142.203 55.607 73.00475609756097 123
stats: tr_Post_New_Comment_On_Comment 1 14.164 0.0 113.301 9.866 16.154177419354838 62
stats: tr_Redirect_To_New_Post 5 14.1096 1.502120447900234 53.104 10.037 19.30085964912281 57
stats: tr_Get_Conversations 1 18.505 0.0 55.305 8.196 24.89707692307692 13
stats: tr_Authenticate_User 1 14509.255 0.0 17474.767 238.956 4004.891639593908 197
stats: tr_Get_New_Conversation 1 488.155 0.0 516.369 200.735 353.9109230769231 13
stats: tr_Get_Login 1 7.04 0.0 80.571 5.936 16.46133333333333 18
stats: tr_Post_New_Conversation 1 53.636 0.0 74.512 20.827 52.44408333333334 12
stats: tr_Post_Login 1 117.113 0.0 154.411 116.253 123.01883333333333 18
stats: tr_Redirect_To_New_Conversation 1 22.64 0.0 100.888 17.56 55.77141666666666 12
stats: tr_Redirect_To_Same_Conversation 2 53.161 2.7070000000000007 119.148 22.032 67.60563636363636 11
stats: tr_Reply_To_Conversation 2 60.397 8.305 79.919 27.017 62.11463636363637 11
stats: tr_Post_New_Book 1 9.911 0.0 42.396 7.325 10.872108108108108 37
stats: tr_Get_New_Book 1 12.908 0.0 53.857 6.45 15.642081081081082 37
stats: tr_Redirect_To_New_Book 1 11.18 0.0 55.635 7.962 14.266555555555556 36
stats: tr_Get_Book 0 0 0 327.337 221.44 254.79492063492066 63
# stats: dump at 1575930172
stats: users 16 106
stats: {load,"tsung_controller@ip-172-31-29-147"} 1 0.078125 0.0 0.1015625 0.01953125 0.05078125 12
stats: {recvpackets,"tsung_controller@ip-172-31-29-147"} 1 249.0 0.0 5545 249 1643.0 11
stats: {sentpackets,"tsung_controller@ip-172-31-29-147"} 1 92.0 0.0 1692 92 595.0909090909091 11
stats: {cpu,"tsung_controller@ip-172-31-29-147"} 1 0.0031232756915452924 0.0 0.07081903930631342 0.0020820970881872225 0.02603086683850397 12
stats: {freemem,"tsung_controller@ip-172-31-29-147"} 1 375562.453125 0.0 375589.91015625 375523.78125 375566.0625 12
stats: session 4 31671.829 2339.181208492515 34347.482 4264.692 14843.911778350517 194
stats: users_count 16 214
stats: finish_users_count 4 198
stats: request 23 59.5463043478261 58.27019928143954 516.217 4.365 59.61693684820393 1726
stats: connect 13 1.1047692307692307 0.28099826275021533 25.973 0.754 1.3000353535353535 198
stats: page 22 62.25750000000001 58.90919389253414 516.217 4.365 60.070689433741954 1713
stats: tr_Initial_Get_Root 8 91.8785 4.64109235525431 160.631 53.557 76.49705 120
stats: 302 3 672
stats: tr_Get_Root 1 103.302 0.0 104.646 61.996 80.103 14
stats: 200 20 1077
stats: tr_Redirect_Root 0 0 0 154.056 52.104 77.17152525252524 198
stats: size_rcv 305529 20123195
stats: tr_Get_Logout 0 0 0 46.566 7.83 17.56484210526316 19
stats: newphase 1 3
stats: tr_Post_New_Post 0 0 0 44.828 9.263 13.923190476190474 63
stats: size_sent 6999 950883
stats: tr_Get_New_Post 0 0 0 65.469 8.495 14.104031746031746 63
stats: connected 9 13
stats: tr_Post_New_Comment_On_Post 0 0 0 42.986 9.987 18.168625 64
stats: tr_Get_Post 0 0 0 194.226 60.132 80.67595312499999 64
stats: tr_Redirect_To_Post 1 64.467 0.0 142.203 55.607 72.87588188976378 127
stats: tr_Post_New_Comment_On_Comment 1 14.77 0.0 113.301 9.866 16.122587301587302 63
stats: tr_Redirect_To_New_Post 1 13.856 0.0 53.104 10.037 18.882209677419358 62
stats: tr_Get_Conversations 0 0 0 55.305 8.196 24.440499999999997 14
stats: tr_Authenticate_User 0 0 0 17474.767 238.956 4057.9439797979794 198
stats: tr_Get_New_Conversation 0 0 0 516.369 200.735 363.49978571428574 14
stats: tr_Get_Login 0 0 0 80.571 5.936 15.965473684210522 19
stats: tr_Post_New_Conversation 1 268.258 0.0 268.258 20.827 52.53576923076923 13
stats: tr_Post_Login 0 0 0 154.411 116.253 122.70799999999998 19
stats: tr_Redirect_To_New_Conversation 1 50.472 0.0 100.888 17.56 53.22284615384615 13
stats: tr_Redirect_To_Same_Conversation 1 27.165 0.0 119.148 22.032 65.38338461538461 13
stats: tr_Reply_To_Conversation 1 36.355 0.0 79.919 27.017 61.85038461538462 13
stats: tr_Post_New_Book 0 0 0 42.396 7.325 10.846815789473686 38
stats: tr_Get_New_Book 0 0 0 53.857 6.45 15.57013157894737 38
stats: tr_Redirect_To_New_Book 1 12.539 0.0 55.635 7.962 14.183135135135133 37
stats: tr_Get_Book 0 0 0 327.337 221.44 254.79492063492066 63
# stats: dump at 1575930182
stats: users 184 184
stats: {load,"tsung_controller@ip-172-31-29-147"} 1 0.0703125 0.0 0.1015625 0.01953125 0.052884615384615384 13
stats: {recvpackets,"tsung_controller@ip-172-31-29-147"} 1 807.0 0.0 5545 249 1526.8333333333333 12
stats: {sentpackets,"tsung_controller@ip-172-31-29-147"} 1 344.0 0.0 1692 92 553.1666666666666 12
stats: {cpu,"tsung_controller@ip-172-31-29-147"} 1 0.003123340725239717 0.0 0.07081903930631342 0.0020820970881872225 0.024268744442584072 13
stats: {freemem,"tsung_controller@ip-172-31-29-147"} 1 375563.07421875 0.0 375589.91015625 375523.78125 375565.78485576925 13
stats: session 8 7251.143000000001 1693.5636696506272 34347.482 4264.692 15183.869702020203 198
stats: users_count 176 390
stats: finish_users_count 8 206
stats: request 654 61.13599235474006 66.1915814440836 736.962 4.203 59.616008004574034 1749
stats: connect 174 1.0902068965517235 0.8054177275268446 25.973 0.592 1.2880047393364928 211
stats: tr_Initial_Get_Root 101 86.9157524752475 14.396346254976887 210.833 53.557 77.458390625 128
stats: page 654 61.13599235474006 66.1915814440836 736.962 4.203 60.098418443804015 1735
stats: 302 251 923
stats: tr_Get_Root 19 93.40947368421054 26.927303133414256 202.282 61.996 81.64959999999999 15
stats: 200 403 1480
stats: tr_Redirect_Root 59 84.69688135593219 7.6667571074898175 154.056 52.104 77.17152525252524 198
stats: size_rcv 6905702 27028897
stats: tr_Get_Logout 8 7.864125000000001 1.1187358309158608 46.566 6.719 17.56484210526316 19
stats: newphase 0 3
stats: tr_Post_New_Post 6 11.307666666666668 1.2737940266080006 44.828 9.263 13.923190476190474 63
stats: size_sent 314689 1265572
stats: tr_Get_New_Post 6 10.972166666666666 0.9477335097776991 65.469 8.495 14.104031746031746 63
stats: connected 167 180
stats: tr_Post_New_Comment_On_Post 17 12.285058823529411 3.2124788938759763 42.986 9.987 18.168625 64
stats: tr_Get_Post 17 74.97282352941176 31.305294318703076 198.336 60.132 80.67595312499999 64
stats: tr_Redirect_To_Post 9 67.02211111111109 3.022634739003724 142.203 55.607 72.8101875 128
stats: tr_Post_New_Comment_On_Comment 6 11.384333333333336 1.0172786682560921 113.301 9.866 16.101453125000003 64
stats: tr_Redirect_To_New_Post 1 11.017 0.0 53.104 10.037 18.802428571428575 63
stats: tr_Get_Conversations 4 14.04625 4.263406172006135 55.305 8.196 24.440499999999997 14
stats: tr_Authenticate_User 92 2696.2943043478253 1817.0438579523334 17474.767 210.362 4057.9439797979794 198
stats: tr_Get_New_Conversation 2 715.6869999999999 21.37699999999998 737.064 200.735 363.49978571428574 14
stats: tr_Get_Login 6 7.738333333333334 0.7619130892402076 80.571 5.936 15.965473684210522 19
stats: tr_Post_New_Conversation 1 56.58 0.0 268.258 20.827 67.94449999999999 14
stats: tr_Post_Login 4 125.42 1.4520828144427564 154.411 116.253 122.70799999999998 19
stats: tr_Redirect_To_New_Conversation 0 0 0 100.888 17.56 53.02635714285714 14
stats: tr_Redirect_To_Same_Conversation 0 0 0 119.148 22.032 62.653499999999994 14
stats: tr_Reply_To_Conversation 0 0 0 79.919 27.017 60.02928571428572 14
stats: tr_Post_New_Book 3 7.831 0.5103809035090038 42.396 7.325 10.846815789473686 38
stats: tr_Get_New_Book 6 9.067333333333334 0.8499111064628403 53.857 6.45 15.57013157894737 38
stats: tr_Redirect_To_New_Book 1 7.865 0.0 55.635 7.865 14.13986842105263 38
stats: tr_Get_Book 10 254.99650000000003 44.952738444392914 358.345 217.463 254.79492063492066 63
# stats: dump at 1575930192
stats: users 130 207
stats: {load,"tsung_controller@ip-172-31-29-147"} 1 0.05859375 0.0 0.1015625 0.01953125 0.05412946428571429 14
stats: {recvpackets,"tsung_controller@ip-172-31-29-147"} 1 7648.0 0.0 7648 249 1471.4615384615386 13
stats: {sentpackets,"tsung_controller@ip-172-31-29-147"} 1 2840.0 0.0 2840 92 537.0769230769231 13
stats: {cpu,"tsung_controller@ip-172-31-29-147"} 1 0.09373925904323463 0.0 0.09373925904323463 0.0020820970881872225 0.022758358462773763 14
stats: {freemem,"tsung_controller@ip-172-31-29-147"} 1 375489.015625 0.0 375589.91015625 375489.015625 375565.59123883926 14
stats: session 97 11892.083226804134 3173.9024440825547 34347.482 4264.692 14875.802645631069 206
stats: users_count 43 433
stats: finish_users_count 97 303
stats: connect 48 1.0028333333333337 0.5075909332873823 25.973 0.592 1.1986103896103895 385
stats: tr_Initial_Get_Root 29 91.55982758620688 14.588110324244964 210.833 53.557 81.62954148471616 229
stats: request 972 66.44272016460896 106.48681734650707 1010.434 4.203 60.02968664169788 2403
stats: page 969 66.6489060887512 106.65755469585417 1010.434 4.203 60.382459187944725 2389
stats: 302 408 1331
stats: tr_Get_Root 4 85.88524999999998 4.013331557135551 202.282 61.996 88.22129411764706 34
stats: 200 564 2044
stats: tr_Redirect_Root 148 97.14494594594599 13.254117134331942 163.504 52.104 78.89913618677042 257
stats: size_rcv 14001362 41030259
stats: tr_Get_Logout 10 7.742700000000001 0.8294284839574776 46.566 6.244 14.690555555555557 27
stats: newphase 0 3
stats: tr_Post_New_Post 33 10.607484848484853 0.8172350324449384 44.828 8.639 13.695753623188404 69
stats: size_sent 568625 1834197
stats: tr_Get_New_Post 33 11.897424242424242 3.7503610737707285 65.469 8.495 13.831695652173913 69
stats: connected -49 131
stats: tr_Post_New_Comment_On_Post 51 13.583196078431376 7.687775554811749 52.502 9.38 16.933802469135802 81
stats: tr_Get_Post 51 69.35113725490197 7.920641561506682 198.336 60.132 79.47899999999998 81
stats: tr_Redirect_To_Post 76 66.66848684210524 7.5464214741569 142.203 54.588 72.42994890510948 137
stats: tr_Post_New_Comment_On_Comment 36 11.921388888888888 2.5869578903691517 113.301 9.866 15.697128571428575 70
stats: tr_Redirect_To_New_Post 29 12.086241379310344 2.5048615028844567 53.104 10.037 18.680781250000003 64
stats: tr_Get_Conversations 11 16.81836363636364 10.92148646453592 55.305 7.874 22.130666666666666 18
stats: tr_Authenticate_User 130 4675.557307692306 2818.0197439969716 17474.767 210.362 3625.9723586206896 290
stats: tr_Get_New_Conversation 10 935.4006999999999 66.31661078952996 1010.597 200.735 407.5231875 16
stats: tr_Get_Login 12 8.076083333333333 0.6814217316676133 80.571 5.936 13.990959999999998 25
stats: tr_Post_New_Conversation 8 52.09062500000001 32.95835294328852 268.258 19.295 67.18686666666666 15
stats: tr_Post_Login 14 125.96014285714286 3.4357441459943883 154.411 116.253 123.17965217391303 23
stats: tr_Redirect_To_New_Conversation 7 42.69442857142858 22.087846741442895 100.888 17.56 53.02635714285714 14
stats: tr_Redirect_To_Same_Conversation 3 36.98466666666667 21.259403665724548 119.148 19.381 62.653499999999994 14
stats: tr_Reply_To_Conversation 3 66.58800000000001 1.597834159104129 79.919 27.017 60.02928571428572 14
stats: tr_Post_New_Book 27 8.953777777777777 4.940195582672991 42.396 6.304 10.626146341463416 41
stats: tr_Get_New_Book 28 10.238642857142855 4.813762941625113 53.857 6.45 14.683386363636366 44
stats: tr_Redirect_To_New_Book 19 8.459684210526316 0.6004010986202283 55.635 7.565 13.978974358974357 39
stats: tr_Get_Book 38 242.16860526315787 26.06804004759718 358.345 215.775 254.82253424657537 73
# stats: dump at 1575930202
stats: users 29 207
stats: {load,"tsung_controller@ip-172-31-29-147"} 1 0.05078125 0.0 0.1015625 0.01953125 0.054427083333333334 15
stats: {recvpackets,"tsung_controller@ip-172-31-29-147"} 1 11627.0 0.0 11627 249 1912.642857142857 14
stats: {sentpackets,"tsung_controller@ip-172-31-29-147"} 1 3384.0 0.0 3384 92 701.5714285714286 14
stats: {cpu,"tsung_controller@ip-172-31-29-147"} 1 0.19789811371850557 0.0 0.19789811371850557 0.0020820970881872225 0.027490418501471152 15
stats: {freemem,"tsung_controller@ip-172-31-29-147"} 1 375453.83984375 0.0 375589.91015625 375453.83984375 375560.4861979167 15
stats: session 101 17202.363000000005 4090.1860335733063 34347.482 4264.692 13920.61854125413 303
stats: users_count 0 433
stats: finish_users_count 101 404
stats: request 358 76.32465921787703 188.79580416819425 1233.703 4.203 61.876640296296266 3375
stats: connect 0 0 0 25.973 0.592 1.176907621247113 433
stats: page 346 78.97762716763 191.73098203917857 1233.703 4.203 62.190734067897516 3358
stats: tr_Initial_Get_Root 0 0 0 210.833 53.557 82.74573643410854 258
stats: 302 120 1451
stats: tr_Get_Root 0 0 0 202.282 61.996 87.97539473684212 38
stats: 200 238 2282
stats: tr_Redirect_Root 28 127.04074999999999 16.69079495373125 189.788 52.104 85.56674074074076 405
stats: size_rcv 5275728 46305987
stats: tr_Get_Logout 3 8.512 0.7700082250642951 46.566 6.244 12.812756756756759 37
stats: newphase 0 3
stats: tr_Post_New_Post 24 11.174875 1.1922096191700795 44.828 8.425 12.696607843137256 102
stats: size_sent 207315 2041512
stats: tr_Get_New_Post 24 12.453458333333336 3.6958981089306593 65.469 8.495 13.205901960784313 102
stats: connected -100 31
stats: tr_Post_New_Comment_On_Post 5 12.219400000000002 1.4683919912611891 52.502 9.38 15.639250000000002 132
stats: tr_Get_Post 5 68.669 3.617419909272356 198.336 60.132 75.56596212121211 132
stats: tr_Redirect_To_Post 53 64.60720754716979 5.940970832163903 142.203 54.588 70.3742159624413 213
stats: tr_Post_New_Comment_On_Comment 29 12.19210344827586 1.0623864270278196 113.301 9.866 14.414801886792453 106
stats: tr_Redirect_To_New_Post 27 11.933111111111112 0.855733141742531 53.104 10.037 16.62441935483871 93
stats: tr_Get_Conversations 7 10.64885714285714 2.7953920976478126 55.305 7.874 20.115655172413796 29
stats: tr_Authenticate_User 13 7956.3973076923085 4278.1590251261905 17474.767 210.362 3950.8438904761897 420
stats: tr_Get_New_Conversation 10 1125.9469 80.85531413017951 1233.815 200.735 610.553 26
stats: tr_Get_Login 2 7.836 0.75 80.571 5.936 12.07262162162162 37
stats: tr_Post_New_Conversation 9 32.81077777777778 17.382557392575254 268.258 18.424 61.936 23
stats: tr_Post_Login 2 127.8085 10.345500000000001 154.411 116.253 124.23172972972972 37
stats: tr_Redirect_To_New_Conversation 10 23.995300000000004 15.222954358796455 100.888 15.999 49.58238095238095 21
stats: tr_Redirect_To_Same_Conversation 12 31.422333333333338 16.192853265835794 119.148 17.677 58.12370588235293 17
stats: tr_Reply_To_Conversation 12 42.93616666666667 19.22970048229792 79.919 23.466 61.18670588235294 17
stats: tr_Post_New_Book 19 9.138368421052633 3.3627185150759127 42.396 6.304 9.962117647058825 68
stats: tr_Get_New_Book 15 8.49566666666667 1.0820548147955449 53.857 6.45 12.954875 72
stats: tr_Redirect_To_New_Book 26 9.457499999999998 3.040065184650335 55.635 6.949 12.17093103448276 58
stats: tr_Get_Book 18 260.90161111111115 28.999458454979795 358.345 215.775 250.49055855855858 111
# stats: dump at 1575930212
stats: users 2 207
stats: {load,"tsung_controller@ip-172-31-29-147"} 1 0.0390625 0.0 0.1015625 0.01953125 0.05419921875 16
stats: {recvpackets,"tsung_controller@ip-172-31-29-147"} 1 3753.0 0.0 11627 249 2560.266666666667 15
stats: {sentpackets,"tsung_controller@ip-172-31-29-147"} 1 1256.0 0.0 3384 92 880.4 15
stats: {cpu,"tsung_controller@ip-172-31-29-147"} 1 0.07288553846794597 0.0 0.19789811371850557 0.0020820970881872225 0.038140899452535806 16
stats: {freemem,"tsung_controller@ip-172-31-29-147"} 1 375500.37109375 0.0 375589.91015625 375453.83984375 375553.82080078125 16
stats: session 27 24919.079629629625 3954.7271303398156 34347.482 4264.692 14741.0546559406 404
stats: users_count 0 433
stats: finish_users_count 27 431
stats: request 71 75.06201408450703 228.21669748582775 1407.21 4.203 63.26222582373423 3733
stats: connect 0 0 0 25.973 0.592 1.176907621247113 433
stats: page 62 85.9846774193548 242.98955407083056 1407.21 4.203 63.75884017278614 3704
stats: tr_Initial_Get_Root 0 0 0 210.833 53.557 82.74573643410854 258
stats: 302 23 1474
stats: tr_Get_Root 0 0 0 202.282 61.996 87.97539473684212 38
stats: 200 48 2330
stats: tr_Redirect_Root 0 0 0 189.788 52.104 88.24866281755197 433
stats: size_rcv 593777 46899764
stats: tr_Get_Logout 0 0 0 46.566 6.244 12.490200000000002 40
stats: newphase 0 3
stats: tr_Post_New_Post 5 12.0266 0.45345191586319306 44.828 8.425 12.40675396825397 126
stats: size_sent 38714 2080226
stats: tr_Get_New_Post 5 11.7286 1.3165065286583275 65.469 8.495 13.062579365079365 126
stats: connected -29 2
stats: tr_Post_New_Comment_On_Post 0 0 0 52.502 9.38 15.514437956204384 137
stats: tr_Get_Post 0 0 0 198.336 60.132 75.31424817518247 137
stats: tr_Redirect_To_Post 7 65.62914285714285 8.265358611675108 142.203 54.588 69.22515037593983 266
stats: tr_Post_New_Comment_On_Comment 2 14.128499999999999 1.0155000000000007 113.301 9.866 13.937333333333333 135
stats: tr_Redirect_To_New_Post 10 14.043700000000001 1.2685559546192675 53.104 10.037 15.568875 120
stats: tr_Get_Conversations 2 8.4055 0.04550000000000054 55.305 7.874 18.274888888888892 36
stats: tr_Authenticate_User 0 0 0 17474.767 210.362 4071.102999999999 433
stats: tr_Get_New_Conversation 2 1388.592 18.76799999999986 1407.36 200.735 753.7179722222222 36
stats: tr_Get_Login 1 7.557 0.0 80.571 5.936 11.855358974358975 39
stats: tr_Post_New_Conversation 6 41.72266666666667 20.943517013359738 268.258 18.424 53.74453125 32
stats: tr_Post_Login 1 116.009 0.0 154.411 116.009 124.41515384615384 39
stats: tr_Redirect_To_New_Conversation 7 32.14257142857142 16.480918029710626 100.888 15.999 41.328483870967744 31
stats: tr_Redirect_To_Same_Conversation 9 31.052777777777788 14.171080244072806 119.148 17.677 47.07486206896551 29
stats: tr_Reply_To_Conversation 9 40.36844444444444 16.832064329138205 79.919 23.466 53.63475862068965 29
stats: tr_Post_New_Book 0 0 0 42.396 6.304 9.7822183908046 87
stats: tr_Get_New_Book 0 0 0 53.857 6.45 12.186045977011496 87
stats: tr_Redirect_To_New_Book 3 9.301666666666668 1.0635839829975287 55.635 6.949 11.331059523809524 84
stats: tr_Get_Book 2 269.12649999999996 15.900500000000008 358.345 215.775 251.9432635658915 129
# stats: dump at 1575930222
stats: users 40 207
stats: {load,"tsung_controller@ip-172-31-29-147"} 1 0.03125 0.0 0.1015625 0.01953125 0.05330882352941176 17
stats: {recvpackets,"tsung_controller@ip-172-31-29-147"} 1 453.0 0.0 11627 249 2634.8125 16
stats: {sentpackets,"tsung_controller@ip-172-31-29-147"} 1 218.0 0.0 3384 92 903.875 16
stats: {cpu,"tsung_controller@ip-172-31-29-147"} 1 0.01874199560604325 0.0 0.19789811371850557 0.0020820970881872225 0.040184701747559934 17
stats: {freemem,"tsung_controller@ip-172-31-29-147"} 1 375520.65234375 0.0 375589.91015625 375453.83984375 375550.67670036765 17
stats: session 2 34236.5945 212.5645000000004 34449.159 4264.692 15378.657148491886 431
stats: users_count 40 473
stats: finish_users_count 2 433
stats: request 46 82.27582608695651 57.62276986434548 1407.21 4.203 63.48246372239744 3804
stats: connect 35 1.047142857142857 0.1721607459584779 25.973 0.592 1.176907621247113 433
stats: page 46 82.27582608695651 57.62276986434548 1407.21 4.203 64.12474614976098 3766
stats: tr_Initial_Get_Root 22 128.0967272727273 9.78439055649271 210.833 53.557 82.74573643410854 258
stats: 302 4 1478
stats: tr_Get_Root 2 122.4905 8.053500000000003 202.282 61.996 87.97539473684212 38
stats: 200 42 2372
stats: tr_Redirect_Root 0 0 0 189.788 52.104 88.24866281755197 433
stats: size_rcv 1063138 47962902
stats: tr_Get_Logout 0 0 0 46.566 6.244 12.490200000000002 40
stats: newphase 1 4
stats: tr_Post_New_Post 0 0 0 44.828 8.425 12.392244274809162 131
stats: size_sent 12020 2092246
stats: tr_Get_New_Post 0 0 0 65.469 8.495 13.011664122137404 131
stats: connected 33 35
stats: tr_Post_New_Comment_On_Post 0 0 0 52.502 9.38 15.514437956204384 137
stats: tr_Get_Post 0 0 0 198.336 60.132 75.31424817518247 137
stats: tr_Redirect_To_Post 1 83.299 0.0 142.203 54.588 69.13294505494504 273
stats: tr_Post_New_Comment_On_Comment 0 0 0 113.301 9.866 13.940124087591242 137
stats: tr_Redirect_To_New_Post 1 15.922 0.0 53.104 10.037 15.451553846153848 130
stats: tr_Get_Conversations 0 0 0 55.305 7.874 17.755447368421056 38
stats: tr_Authenticate_User 0 0 0 17474.767 210.362 4071.102999999999 433
stats: tr_Get_New_Conversation 0 0 0 1407.36 200.735 787.1323947368422 38
stats: tr_Get_Login 0 0 0 80.571 5.936 11.747900000000001 40
stats: tr_Post_New_Conversation 0 0 0 268.258 18.424 51.84634210526316 38
stats: tr_Post_Login 0 0 0 154.411 116.009 124.205 40
stats: tr_Redirect_To_New_Conversation 0 0 0 100.888 15.999 39.63634210526316 38
stats: tr_Redirect_To_Same_Conversation 0 0 0 119.148 17.677 43.28015789473684 38
stats: tr_Reply_To_Conversation 0 0 0 79.919 23.466 50.49273684210526 38
stats: tr_Post_New_Book 0 0 0 42.396 6.304 9.7822183908046 87
stats: tr_Get_New_Book 0 0 0 53.857 6.45 12.186045977011496 87
stats: tr_Redirect_To_New_Book 0 0 0 55.635 6.949 11.261080459770115 87
stats: tr_Get_Book 0 0 0 358.345 215.775 252.2056030534351 131
# stats: dump at 1575930232
stats: users 329 329
stats: {load,"tsung_controller@ip-172-31-29-147"} 1 0.03125 0.0 0.1015625 0.01953125 0.052083333333333336 18
stats: {recvpackets,"tsung_controller@ip-172-31-29-147"} 1 2155.0 0.0 11627 249 2506.470588235294 17
stats: {sentpackets,"tsung_controller@ip-172-31-29-147"} 1 709.0 0.0 3384 92 863.5294117647059 17
stats: {cpu,"tsung_controller@ip-172-31-29-147"} 1 0.014573465882475406 0.0 0.19789811371850557 0.0020820970881872225 0.03899344029525345 18
stats: {freemem,"tsung_controller@ip-172-31-29-147"} 1 375530.45703125 0.0 375589.91015625 375453.83984375 375549.00868055556 18
stats: session 18 7693.981333333333 1698.7439317113426 34449.159 2924.975 15465.760785219405 433
stats: users_count 307 780
stats: finish_users_count 18 451
stats: request 1239 76.35751896690894 93.49674167449695 1581.213 4.203 63.707007792207754 3850
stats: connect 303 1.1262376237623757 1.9672906977387803 32.983 0.531 1.1672029914529913 468
stats: page 1238 76.41938610662382 93.51404774114584 1581.213 4.203 64.34377806925494 3812
stats: tr_Initial_Get_Root 178 132.57098314606742 25.68147651244504 345.871 53.557 86.30902857142858 280
stats: 302 496 1974
stats: tr_Get_Root 26 131.11303846153848 14.655578437737438 202.282 61.996 89.70115000000001 40
stats: 200 743 3115
stats: tr_Redirect_Root 130 137.0389846153845 30.392257844590485 282.429 52.104 88.24866281755197 433
stats: size_rcv 18250134 66213036
stats: tr_Get_Logout 13 8.596538461538461 1.941214196376334 46.566 6.244 12.490200000000002 40
stats: newphase 0 4
stats: tr_Post_New_Post 7 11.288142857142857 2.722379916206272 44.828 8.425 12.392244274809162 131
stats: size_sent 616131 2708377
stats: tr_Get_New_Post 7 11.387714285714285 0.8960026649012844 65.469 8.495 13.011664122137404 131
stats: connected 285 320
stats: tr_Post_New_Comment_On_Post 36 12.653083333333335 4.300881578719259 52.502 8.348 15.514437956204384 137
stats: tr_Get_Post 36 73.678 15.489325846100169 198.336 60.132 75.31424817518247 137
stats: tr_Redirect_To_Post 22 76.44631818181819 19.845890470840015 142.203 54.588 69.18464598540143 274
stats: tr_Post_New_Comment_On_Comment 10 16.6354 10.873235196573283 113.301 9.866 13.940124087591242 137
stats: tr_Redirect_To_New_Post 2 17.1275 5.3495 53.104 10.037 15.455145038167942 131
stats: tr_Get_Conversations 8 8.832625 0.4392410891241845 55.305 7.874 17.755447368421056 38
stats: tr_Authenticate_User 193 2809.881937823835 1796.4624253403106 17474.767 210.362 4071.102999999999 433
stats: tr_Get_New_Conversation 3 1419.1139999999998 116.66721010063914 1581.291 200.735 787.1323947368422 38
stats: tr_Get_Login 9 8.201333333333332 2.3853581142741094 80.571 5.936 11.747900000000001 40
stats: tr_Post_New_Conversation 1 40.227 0.0 268.258 18.424 51.84634210526316 38
stats: tr_Post_Login 6 129.2645 2.8635613461794938 154.411 116.009 124.205 40
stats: tr_Redirect_To_New_Conversation 1 47.829 0.0 100.888 15.999 39.63634210526316 38
stats: tr_Redirect_To_Same_Conversation 1 18.6 0.0 119.148 17.677 43.28015789473684 38
stats: tr_Reply_To_Conversation 1 30.342 0.0 79.919 23.466 50.49273684210526 38
stats: tr_Post_New_Book 9 10.111444444444443 5.162764485796584 42.396 6.304 9.7822183908046 87
stats: tr_Get_New_Book 17 9.15094117647059 3.645478399503373 53.857 6.139 12.186045977011496 87
stats: tr_Redirect_To_New_Book 3 8.384666666666666 0.3995850625614305 55.635 6.949 11.261080459770115 87
stats: tr_Get_Book 15 263.3556666666667 45.57258477003715 392.009 215.775 252.2056030534351 131
# stats: dump at 1575930242
stats: users 276 400
stats: {load,"tsung_controller@ip-172-31-29-147"} 1 0.01953125 0.0 0.1015625 0.01953125 0.05098684210526316 19
stats: {recvpackets,"tsung_controller@ip-172-31-29-147"} 1 19058.0 0.0 19058 249 2486.9444444444443 18
stats: {sentpackets,"tsung_controller@ip-172-31-29-147"} 1 6327.0 0.0 6327 92 854.9444444444445 18
stats: {cpu,"tsung_controller@ip-172-31-29-147"} 1 0.22617124394184168 0.0 0.22617124394184168 0.0020820970881872225 0.037708178484054604 19
stats: {freemem,"tsung_controller@ip-172-31-29-147"} 1 375393.9765625 0.0 375589.91015625 375393.9765625 375548.0322779605 19
stats: session 171 11806.530678362577 3148.688351883451 34449.159 2924.975 15155.578900221735 451
stats: users_count 118 898
stats: finish_users_count 171 622
stats: tr_Initial_Get_Root 82 166.0335975609757 40.91653528857214 345.871 53.557 104.2885655021834 458
stats: request 1840 90.74112228260873 175.20605948715377 2127.077 4.203 66.78698093928081 5089
stats: connect 127 0.8122834645669296 0.1826627587314033 32.983 0.531 1.1511037613488972 771
stats: page 1835 90.98864196185288 175.44377168605234 2127.077 4.203 67.30409544554458 5050
stats: 302 757 2731
stats: tr_Get_Root 11 177.03609090909094 64.80366182618575 360.951 61.996 106.01492424242426 66
stats: 200 1084 4199
stats: tr_Redirect_Root 263 175.14984790874524 47.081211587825855 460.492 52.104 99.51463410301952 563
stats: size_rcv 33252619 99465655
stats: tr_Get_Logout 29 8.93703448275862 3.4985167939330557 46.566 6.244 11.535150943396227 53
stats: newphase 0 4
stats: tr_Post_New_Post 61 12.469131147540985 5.527546841154852 44.828 8.425 12.336239130434786 138
stats: size_sent 1054101 3762478
stats: tr_Get_New_Post 62 15.431516129032257 6.527835803847852 65.469 8.495 12.929289855072462 138
stats: connected -42 278
stats: tr_Post_New_Comment_On_Post 79 16.52408860759493 22.652751241065992 164.712 8.348 14.919011560693644 173
stats: tr_Get_Post 79 82.85456962025314 30.775351901322207 243.257 60.132 74.97375722543352 173
stats: tr_Redirect_To_Post 142 77.17299999999997 25.486987507574675 216.678 54.588 69.72436486486484 296
stats: tr_Post_New_Comment_On_Comment 70 13.40675714285714 7.425306497638838 113.301 9.057 14.12347619047619 147
stats: tr_Redirect_To_New_Post 45 14.60448888888889 5.914605908247525 53.104 10.037 15.48029323308271 133
stats: tr_Get_Conversations 21 13.383809523809527 5.665722680076069 55.305 7.368 16.203652173913046 46
stats: tr_Authenticate_User 245 4173.373436734693 2454.9356669112813 17474.767 210.362 3682.260084664537 626
stats: tr_Get_New_Conversation 16 1730.3102500000002 173.095932480915 2127.212 200.735 833.3749512195124 41
stats: tr_Get_Login 27 9.312962962962963 3.5014806865993506 80.571 5.936 11.09648979591837 49
stats: tr_Post_New_Conversation 14 30.202357142857135 22.862530492386576 268.258 18.257 51.54841025641026 39
stats: tr_Post_Login 24 128.38966666666664 4.847002137633341 154.411 116.009 124.8649347826087 46
stats: tr_Redirect_To_New_Conversation 8 24.59925 8.738690802259798 100.888 15.788 39.84641025641026 39
stats: tr_Redirect_To_Same_Conversation 5 64.24839999999999 70.11304262289579 203.11 17.677 42.64733333333333 39
stats: tr_Reply_To_Conversation 5 54.601600000000005 26.048089662007847 98.197 23.466 49.97605128205128 39
stats: tr_Post_New_Book 52 10.822173076923074 7.545011948099716 47.149 6.304 9.813083333333337 96
stats: tr_Get_New_Book 55 9.302818181818182 3.165877227797629 53.857 6.139 11.689923076923078 104
stats: tr_Redirect_To_New_Book 36 9.482666666666667 2.343047576222994 55.635 6.859 11.1652 90
stats: tr_Get_Book 71 285.25452112676055 68.76723402610915 570.137 215.775 253.35115753424657 146
# stats: dump at 1575930252
stats: users 73 400
stats: {load,"tsung_controller@ip-172-31-29-147"} 1 0.01953125 0.0 0.1015625 0.01953125 0.0494140625 20
stats: {recvpackets,"tsung_controller@ip-172-31-29-147"} 1 26620.0 0.0 26620 249 3359.1052631578946 19
stats: {sentpackets,"tsung_controller@ip-172-31-29-147"} 1 7899.0 0.0 7899 92 1142.9473684210527 19
stats: {cpu,"tsung_controller@ip-172-31-29-147"} 1 0.4158112487885199 0.0 0.4158112487885199 0.0020820970881872225 0.047131331756943964 20
stats: {freemem,"tsung_controller@ip-172-31-29-147"} 1 375335.765625 0.0 375589.91015625 375335.765625 375540.3294921875 20
stats: session 203 16779.804453201938 4248.441692175956 34449.159 2924.975 14234.859855305473 622
stats: users_count 0 898
stats: finish_users_count 203 825
stats: page 786 102.0182404580152 285.02201248353555 2127.077 4.203 73.61653449527961 6885
stats: tr_Initial_Get_Root 0 0 0 345.871 53.557 113.66466296296298 540
stats: 302 283 3014
stats: connect 0 0 0 32.983 0.531 1.1031859688195989 898
stats: request 802 99.97958603491256 282.4685511081019 2127.077 4.203 73.14801717419543 6929
stats: tr_Get_Root 0 0 0 360.951 61.996 116.1608051948052 77
stats: 200 518 4717
stats: tr_Redirect_Root 70 203.63649999999996 30.463480642401976 460.492 52.104 123.5970326876513 826
stats: size_rcv 15069395 114535050
stats: tr_Get_Logout 10 9.374 3.581373060712888 46.566 6.244 10.616304878048782 82
stats: newphase 0 4
stats: tr_Post_New_Post 60 11.245133333333333 5.574479956213154 52.548 8.261 12.376974874371863 199
stats: size_sent 457454 4219932
stats: tr_Get_New_Post 59 14.08494915254237 4.768437097555837 65.469 8.495 13.704979999999999 200
stats: connected -205 73
stats: tr_Post_New_Comment_On_Post 28 11.888785714285717 3.310917118921485 164.712 8.348 15.422190476190476 252
stats: tr_Get_Post 28 71.68603571428572 14.3400558314368 243.257 59.495 77.44432936507935 252
stats: tr_Redirect_To_Post 111 67.50935135135134 13.760144472482082 216.678 54.588 72.13921917808217 438
stats: tr_Post_New_Comment_On_Comment 60 11.636450000000002 1.4978860818388922 113.301 9.057 13.892276497695851 217
stats: tr_Redirect_To_New_Post 57 12.082122807017543 2.5674396972379947 53.104 9.881 15.25888202247191 178
stats: tr_Get_Conversations 10 9.199300000000001 1.3414910398508075 55.305 7.368 15.31982089552239 67
stats: tr_Authenticate_User 26 6437.654038461538 3156.323132141422 17474.767 210.362 3820.4033352468423 871
stats: tr_Get_New_Conversation 19 1845.3603157894736 69.52933747937861 2127.212 200.735 1085.146263157895 57
stats: tr_Get_Login 16 7.4123125 1.566560791940022 80.571 5.187 10.462868421052633 76
stats: tr_Post_New_Conversation 20 26.82005 10.284180460663844 268.258 17.741 45.909830188679244 53
stats: tr_Post_Login 20 124.18320000000001 2.7137698981306504 154.411 116.009 126.07341428571428 70
stats: tr_Redirect_To_New_Conversation 19 21.34542105263158 9.392878563968104 100.888 15.411 37.25114893617022 47
stats: tr_Redirect_To_Same_Conversation 16 22.430875 6.807262719652812 203.11 17.677 45.102 44
stats: tr_Reply_To_Conversation 16 34.74531250000001 11.990189311051088 98.197 23.466 50.50168181818182 44
stats: tr_Post_New_Book 32 8.950406250000004 4.030664979716242 47.149 6.304 10.16762837837838 148
stats: tr_Get_New_Book 22 8.667727272727273 2.3232509977071154 53.857 6.139 10.864194968553461 159
stats: tr_Redirect_To_New_Book 43 9.341604651162793 3.349808499486826 55.635 6.859 10.684476190476191 126
stats: tr_Get_Book 45 259.65913333333344 37.9653612907579 570.137 215.775 263.7895852534562 217
# stats: dump at 1575930262
stats: users 6 400
stats: {load,"tsung_controller@ip-172-31-29-147"} 1 0.01953125 0.0 0.1015625 0.01953125 0.04799107142857143 21
stats: {recvpackets,"tsung_controller@ip-172-31-29-147"} 1 9581.0 0.0 26620 249 4522.15 20
stats: {sentpackets,"tsung_controller@ip-172-31-29-147"} 1 3050.0 0.0 7899 92 1480.75 20
stats: {cpu,"tsung_controller@ip-172-31-29-147"} 1 0.1697633727712048 0.0 0.4158112487885199 0.0020820970881872225 0.0646875182822571 21
stats: {freemem,"tsung_controller@ip-172-31-29-147"} 1 375428.46484375 0.0 375589.91015625 375335.765625 375530.58835565473 21
stats: session 67 24318.707104477617 4155.484244085945 34586.681 2924.975 14861.070465454543 825
stats: users_count 0 898
stats: finish_users_count 67 892
stats: request 128 49.36627343750001 172.8613661578222 2127.077 4.203 75.93147574699263 7731
stats: connect 0 0 0 32.983 0.531 1.1031859688195989 898
stats: page 112 56.44554464285716 184.24398468213715 2127.077 4.203 76.5266819189154 7671
stats: tr_Initial_Get_Root 0 0 0 345.871 53.557 113.66466296296298 540
stats: 302 36 3050
stats: tr_Get_Root 0 0 0 360.951 61.996 116.1608051948052 77
stats: 200 92 4809
stats: tr_Redirect_Root 2 240.55200000000002 2.474000000000011 460.492 52.104 129.85011607142854 896
stats: size_rcv 1203207 115738257
stats: tr_Get_Logout 0 0 0 46.566 6.244 10.481271739130436 92
stats: newphase 0 4
stats: tr_Post_New_Post 6 10.836666666666666 0.7674300547208778 52.548 8.261 12.114772200772203 259
stats: size_sent 72507 4292439
stats: tr_Get_New_Post 6 17.50166666666667 6.3246693633387325 65.469 8.495 13.791536679536677 259
stats: connected -67 6
stats: tr_Post_New_Comment_On_Post 1 12.993 0.0 164.712 8.348 15.068850000000001 280
stats: tr_Get_Post 1 81.393 0.0 243.257 59.495 76.86849999999998 280
stats: tr_Redirect_To_Post 12 64.59575 5.894418336089944 216.678 54.588 71.2031256830601 549
stats: tr_Post_New_Comment_On_Comment 4 13.83525 1.0254599882491766 113.301 9.057 13.403649819494584 277
stats: tr_Redirect_To_New_Post 28 13.081107142857146 2.600018466133402 53.104 9.881 14.488348936170214 235
stats: tr_Get_Conversations 0 0 0 55.305 7.368 14.524948051948053 77
stats: tr_Authenticate_User 1 11326.871 0.0 17474.767 210.362 3896.265674470457 897
stats: tr_Get_New_Conversation 1 1895.038 0.0 2127.212 200.735 1275.1997763157897 76
stats: tr_Get_Login 0 0 0 80.571 5.187 9.93233695652174 92
stats: tr_Post_New_Conversation 4 28.051500000000004 10.727707035988635 268.258 17.741 40.679753424657534 73
stats: tr_Post_Login 2 115.5315 0.7154999999999951 154.411 114.816 125.65336666666667 90
stats: tr_Redirect_To_New_Conversation 10 21.4184 2.7907356807838326 100.888 15.411 32.67222727272728 66
stats: tr_Redirect_To_Same_Conversation 16 20.055375 1.8023761703304333 203.11 16.372 39.05636666666666 60
stats: tr_Reply_To_Conversation 16 34.31043749999999 11.097083445486648 98.197 23.466 46.29998333333334 60
stats: tr_Post_New_Book 2 7.487 0.1120000000000001 47.149 6.304 9.951233333333334 180
stats: tr_Get_New_Book 1 9.279 0.0 53.857 6.139 10.59722099447514 181
stats: tr_Redirect_To_New_Book 12 9.695666666666666 3.460090854619604 55.635 6.859 10.342798816568049 169
stats: tr_Get_Book 3 317.7323333333333 31.39611769347004 570.137 215.775 263.0801564885496 262
# stats: dump at 1575930272
stats: users 83 400
stats: {load,"tsung_controller@ip-172-31-29-147"} 1 0.01171875 0.0 0.1015625 0.01171875 0.046697443181818184 22
stats: {recvpackets,"tsung_controller@ip-172-31-29-147"} 1 911.0 0.0 26620 249 4763.047619047619 21
stats: {sentpackets,"tsung_controller@ip-172-31-29-147"} 1 421.0 0.0 7899 92 1555.4761904761904 21
stats: {cpu,"tsung_controller@ip-172-31-29-147"} 1 0.022904975585378295 0.0 0.4158112487885199 0.0020820970881872225 0.06946369348630017 22
stats: {freemem,"tsung_controller@ip-172-31-29-147"} 1 375470.96484375 0.0 375589.91015625 375335.765625 375525.9463778409 22
stats: session 6 32246.384333333335 2163.8321104859824 36309.141 2924.975 15571.453486547083 892
stats: users_count 83 981
stats: finish_users_count 6 898
stats: request 91 106.62951648351651 98.07395753781351 2127.077 4.203 75.49880671841203 7859
stats: connect 78 1.1131923076923076 2.346978477923958 32.983 0.531 1.1031859688195989 898
stats: tr_Initial_Get_Root 34 214.0598235294118 23.72975486285543 345.871 53.557 113.66466296296298 540
stats: page 90 107.8169555555556 98.14217000113334 2127.077 4.203 76.23770756777591 7783
stats: 302 10 3060
stats: tr_Get_Root 5 202.8784 11.331711478854372 360.951 61.996 116.1608051948052 77
stats: 200 81 4890
stats: tr_Redirect_Root 0 0 0 460.492 52.104 130.09666815144763 898
stats: size_rcv 2842087 118580344
stats: tr_Get_Logout 0 0 0 46.566 6.244 10.481271739130436 92
stats: newphase 1 5
stats: tr_Post_New_Post 0 0 0 52.548 8.261 12.085833962264154 265
stats: size_sent 25035 4317474
stats: tr_Get_New_Post 0 0 0 65.469 8.495 13.875539622641508 265
stats: connected 72 78
stats: tr_Post_New_Comment_On_Post 0 0 0 164.712 8.348 15.06146263345196 281
stats: tr_Get_Post 0 0 0 243.257 59.495 76.88460142348754 281
stats: tr_Redirect_To_Post 1 67.148 0.0 216.678 54.588 71.06179144385024 561
stats: tr_Post_New_Comment_On_Comment 0 0 0 113.301 9.057 13.409793594306048 281
stats: tr_Redirect_To_New_Post 2 16.0705 0.2624999999999993 53.104 9.881 14.338528517110268 263
stats: tr_Get_Conversations 0 0 0 55.305 7.368 14.524948051948053 77
stats: tr_Authenticate_User 1 326.655 0.0 17474.767 210.362 3904.540290645879 898
stats: tr_Get_New_Conversation 0 0 0 2127.212 200.735 1283.2496233766237 77
stats: tr_Get_Login 0 0 0 80.571 5.187 9.93233695652174 92
stats: tr_Post_New_Conversation 0 0 0 268.258 17.741 40.02374025974026 77
stats: tr_Post_Login 0 0 0 154.411 114.816 125.43332608695653 92
stats: tr_Redirect_To_New_Conversation 1 23.079 0.0 100.888 15.411 31.191460526315794 76
stats: tr_Redirect_To_Same_Conversation 1 23.608 0.0 203.11 16.372 35.056157894736835 76
stats: tr_Reply_To_Conversation 1 66.235 0.0 98.197 23.466 43.775868421052635 76
stats: tr_Post_New_Book 1 11.823 0.0 47.149 6.304 9.924153846153846 182
stats: tr_Get_New_Book 1 11.746 0.0 53.857 6.139 10.589978021978025 182
stats: tr_Redirect_To_New_Book 2 10.6355 0.3934999999999995 55.635 6.859 10.299895027624311 181
stats: tr_Get_Book 0 0 0 570.137 215.775 263.6988603773585 265
# stats: dump at 1575930282
stats: users 633 633
stats: {load,"tsung_controller@ip-172-31-29-147"} 1 0.01171875 0.0 0.1015625 0.01171875 0.04517663043478261 23
stats: {recvpackets,"tsung_controller@ip-172-31-29-147"} 1 5184.0 0.0 26620 249 4587.954545454545 22
stats: {sentpackets,"tsung_controller@ip-172-31-29-147"} 1 1544.0 0.0 7899 92 1503.909090909091 22
stats: {cpu,"tsung_controller@ip-172-31-29-147"} 1 0.053099003612814555 0.0 0.4158112487885199 0.0020820970881872225 0.0674394014036514 23
stats: {freemem,"tsung_controller@ip-172-31-29-147"} 1 375454.90234375 0.0 375589.91015625 375335.765625 375523.5558763587 23
stats: session 36 7779.581361111112 1642.1240792139909 36309.141 2924.975 15682.867278396434 898
stats: users_count 586 1567
stats: finish_users_count 36 934
stats: request 2236 118.08754025044722 178.20637346624727 4045.373 4.203 75.85514566037736 7950
stats: tr_Initial_Get_Root 319 267.1158840125393 122.97500415449666 1267.698 53.557 119.61141463414636 574
stats: connect 590 0.8585135593220334 1.0796372659774813 32.983 0.451 1.1039856557377048 976
stats: page 2236 118.08754025044722 178.20637346624727 4045.373 4.203 76.59870494093737 7873
stats: 302 860 3920
stats: tr_Get_Root 66 273.39089393939395 144.65787274610443 1237.595 61.996 121.44846341463416 82
stats: 200 1376 6266
stats: tr_Redirect_Root 223 271.7609820627803 84.05852993110842 626.252 52.104 130.09666815144763 898
stats: size_rcv 51755022 170335366
stats: tr_Get_Logout 15 10.604800000000001 9.001306506650389 46.566 6.244 10.481271739130436 92
stats: newphase 0 5
stats: tr_Post_New_Post 15 17.832466666666665 23.2273387508963 104.336 8.261 12.085833962264154 265
stats: size_sent 1100006 5417480
stats: tr_Get_New_Post 15 23.804599999999997 13.608426050551671 65.469 8.495 13.875539622641508 265
stats: connected 554 632
stats: tr_Post_New_Comment_On_Post 67 15.934671641791038 18.613840505650437 164.712 8.348 15.06146263345196 281
stats: tr_Get_Post 67 92.05365671641789 40.150310227812945 254.832 59.495 76.88460142348754 281
stats: tr_Redirect_To_Post 59 90.08749152542376 26.599623831527044 216.678 54.588 71.0548274021352 562
stats: tr_Post_New_Comment_On_Comment 27 14.548407407407408 6.567569792713842 113.301 9.057 13.409793594306048 281
stats: tr_Redirect_To_New_Post 10 15.839300000000003 6.234789652426136 53.104 9.881 14.351600000000001 265
stats: tr_Get_Conversations 17 16.68670588235294 28.41506432441344 130.259 7.368 14.524948051948053 77
stats: tr_Authenticate_User 320 2813.773784374999 1919.5035063582625 17474.767 176.619 3900.5604404894316 899
stats: tr_Get_New_Conversation 3 3451.085333333333 427.06729746519153 4045.481 200.735 1283.2496233766237 77
stats: tr_Get_Login 12 8.138166666666665 0.7837646153165004 80.571 5.187 9.93233695652174 92
stats: tr_Post_New_Conversation 0 0 0 268.258 17.741 40.02374025974026 77
stats: tr_Post_Login 7 132.366 3.4967981272668824 154.411 114.816 125.43332608695653 92
stats: tr_Redirect_To_New_Conversation 0 0 0 100.888 15.411 31.086103896103904 77
stats: tr_Redirect_To_Same_Conversation 0 0 0 203.11 16.372 34.907480519480515 77
stats: tr_Reply_To_Conversation 0 0 0 98.197 23.466 44.06754545454546 77
stats: tr_Post_New_Book 12 20.672833333333333 34.08355978286632 133.137 6.304 9.934530054644808 183
stats: tr_Get_New_Book 19 8.78921052631579 1.4787468940732564 53.857 6.139 10.596295081967217 183
stats: tr_Redirect_To_New_Book 5 14.041599999999999 11.732721263202327 55.635 6.859 10.303562841530056 183
stats: tr_Get_Book 28 392.1698571428572 136.43223484513007 759.717 215.775 263.6988603773585 265
# stats: dump at 1575930292
stats: users 579 796
stats: {load,"tsung_controller@ip-172-31-29-147"} 1 0.08984375 0.0 0.1015625 0.01171875 0.043782552083333336 24
stats: {recvpackets,"tsung_controller@ip-172-31-29-147"} 1 47959.0 0.0 47959 249 4613.869565217391 23
stats: {sentpackets,"tsung_controller@ip-172-31-29-147"} 1 14813.0 0.0 14813 92 1505.6521739130435 23
stats: {cpu,"tsung_controller@ip-172-31-29-147"} 1 0.45146962224608744 0.0 0.45146962224608744 0.0020820970881872225 0.0668418848290332 24
stats: {freemem,"tsung_controller@ip-172-31-29-147"} 1 375251.80859375 0.0 375589.91015625 375251.80859375 375520.6953125 24
stats: session 284 12184.926510563386 3449.0415718460276 36309.141 2924.975 15378.243838329761 934
stats: users_count 230 1797
stats: finish_users_count 284 1218
stats: connect 231 0.749264069264069 0.2866768463795215 32.983 0.451 1.011502554278416 1566
stats: request 3471 182.2856600403338 469.7819295938615 6390.453 4.203 85.12587355193403 10186
stats: page 3462 182.75991305603682 470.3070252134303 6390.453 4.203 85.77558057176772 10109
stats: tr_Initial_Get_Root 147 390.13110204081653 264.22977390605575 1512.539 53.557 172.3033807390818 893
stats: 302 1467 5387
stats: tr_Get_Root 23 381.7743478260871 189.2842599596905 1237.595 61.996 189.20657432432432 148
stats: 200 2004 8270
stats: tr_Redirect_Root 510 457.5845 230.8906578014861 1418.731 52.104 158.27788314005352 1121
stats: size_rcv 84399983 254735349
stats: tr_Get_Logout 40 18.692425 29.731498273621774 189.17 6.244 10.49858878504673 107
stats: newphase 0 5
stats: tr_Post_New_Post 118 19.512203389830496 20.681391185855013 143.475 8.261 12.393689285714288 280
stats: size_sent 2024740 7442220
stats: tr_Get_New_Post 120 24.858774999999994 17.974322690281685 155.585 8.495 14.40745357142857 280
stats: connected -34 598
stats: tr_Post_New_Comment_On_Post 156 24.600083333333316 27.884997143018186 243.246 8.348 15.229580459770116 348
stats: tr_Get_Post 157 118.24165605095546 57.27955817855185 471.406 59.495 79.8050804597701 348
stats: tr_Redirect_To_Post 246 111.50811788617888 53.19439855641556 367.632 54.588 72.86308373590981 621
stats: tr_Post_New_Comment_On_Comment 124 21.07957258064517 23.55321377125443 225.04 9.057 13.509607142857142 308
stats: tr_Redirect_To_New_Post 64 21.75503125 14.468415329789002 84.855 9.881 14.405698181818183 275
stats: tr_Get_Conversations 51 14.123568627450974 7.0962492447298855 130.259 7.368 14.91590425531915 94
stats: tr_Authenticate_User 507 4344.611504930969 2748.435031015031 17474.767 176.619 3615.2677990155858 1219
stats: tr_Get_New_Conversation 25 5015.637119999999 877.6825159572597 6390.528 200.735 1364.5434625000003 80
stats: tr_Get_Login 34 11.103088235294118 6.320015773284705 80.571 5.187 9.725317307692308 104
stats: tr_Post_New_Conversation 16 30.682375000000008 10.654198426412709 268.258 17.741 40.02374025974026 77
stats: tr_Post_Login 33 135.00212121212115 12.190177011063668 190.556 114.816 125.92351515151515 99
stats: tr_Redirect_To_New_Conversation 11 32.721090909090904 18.069097021532475 100.888 15.411 31.086103896103904 77
stats: tr_Redirect_To_Same_Conversation 9 29.524 8.14094544059022 203.11 16.372 34.907480519480515 77
stats: tr_Reply_To_Conversation 9 43.884666666666675 7.245445343263739 98.197 23.466 44.06754545454546 77
stats: tr_Post_New_Book 72 15.985361111111107 20.853286918044006 133.137 6.304 10.595348717948717 195
stats: tr_Get_New_Book 88 13.115079545454552 12.416193808363907 92.106 6.139 10.42632178217822 202
stats: tr_Redirect_To_New_Book 55 15.983745454545463 25.084340219796086 197.639 6.859 10.402978723404257 188
stats: tr_Get_Book 136 520.7526029411762 260.7700126708816 1699.906 215.775 275.97595221843005 293
# stats: dump at 1575930302
stats: users 177 796
stats: {load,"tsung_controller@ip-172-31-29-147"} 1 0.0703125 0.0 0.1015625 0.01171875 0.045625 25
stats: {recvpackets,"tsung_controller@ip-172-31-29-147"} 1 68210.0 0.0 68210 249 6419.916666666667 24
stats: {sentpackets,"tsung_controller@ip-172-31-29-147"} 1 20039.0 0.0 20039 92 2060.125 24
stats: {cpu,"tsung_controller@ip-172-31-29-147"} 1 0.6674871195844893 0.0 0.6674871195844893 0.0020820970881872225 0.08222699432571537 25
stats: {freemem,"tsung_controller@ip-172-31-29-147"} 1 375159.51171875 0.0 375589.91015625 375159.51171875 375509.93984375 25
stats: session 402 17003.016850746277 4138.090905407741 36309.141 2924.975 14633.660816091953 1218
stats: users_count 0 1797
stats: finish_users_count 402 1620
stats: request 1743 278.0412467010906 976.7677204900228 8625.071 4.203 109.81955583217388 13657
stats: page 1712 283.0788901869161 984.8744926521357 8625.071 4.203 110.51655463856748 13571
stats: connect 0 0 0 32.983 0.451 0.9777924318308289 1797
stats: tr_Initial_Get_Root 0 0 0 1512.539 53.557 203.09249134615393 1040
stats: 302 626 6013
stats: tr_Get_Root 0 0 0 1237.595 61.996 215.10750292397663 171
stats: 200 1117 9387
stats: tr_Redirect_Root 155 590.3456645161287 263.32309323511066 1677.524 52.104 251.86854812998158 1631
stats: size_rcv 43110400 297845749
stats: tr_Get_Logout 18 15.169444444444443 10.465967976797845 189.17 6.244 12.728204081632654 147
stats: newphase 0 5
stats: tr_Post_New_Post 112 17.068642857142844 15.297708057124778 143.475 8.261 14.504203517587937 398
stats: size_sent 982205 8424425
stats: tr_Get_New_Post 110 22.49949090909092 10.227998939404658 155.585 8.495 17.542849999999998 400
stats: connected -407 191
stats: tr_Post_New_Comment_On_Post 80 19.033187499999997 14.099483806237156 243.246 8.348 18.129974206349203 504
stats: tr_Get_Post 79 90.25294936708859 28.204846281615996 471.406 59.495 91.7546693069307 505
stats: tr_Redirect_To_Post 255 89.88824705882352 38.37568713792091 367.632 54.588 83.82811072664359 867
stats: tr_Post_New_Comment_On_Comment 134 16.70124626865672 11.530854417110879 225.04 9.057 15.682467592592594 432
stats: tr_Redirect_To_New_Post 136 17.82716911764706 12.86907320041252 102.799 9.881 15.793182890855457 339
stats: tr_Get_Conversations 23 10.716565217391304 3.426231696346737 130.259 7.368 14.637220689655171 145
stats: tr_Authenticate_User 69 8116.286376811594 2989.120085857982 17474.767 176.619 3829.507230590962 1726
stats: tr_Get_New_Conversation 51 5674.934509803922 1042.6095259148588 8625.152 200.735 2233.851476190476 105
stats: tr_Get_Login 26 8.977307692307692 3.039271430524488 80.571 5.187 10.06476811594203 138
stats: tr_Post_New_Conversation 57 30.63912280701755 14.505115609486456 268.258 17.741 38.41662365591398 93
stats: tr_Post_Login 27 130.1091851851852 5.46784235350138 190.556 114.816 128.19316666666666 132
stats: tr_Redirect_To_New_Conversation 35 25.292314285714287 8.198017536563084 100.888 15.411 31.290477272727276 88
stats: tr_Redirect_To_Same_Conversation 31 26.887258064516132 12.814771743446256 203.11 16.372 34.34409302325581 86
stats: tr_Reply_To_Conversation 31 44.47316129032259 28.60861498840219 159.544 23.466 44.04840697674419 86
stats: tr_Post_New_Book 69 10.841217391304347 3.7472819013777423 133.137 6.304 12.048835205992509 267
stats: tr_Get_New_Book 54 9.989259259259258 2.830629861756234 92.106 6.139 11.242220689655177 290
stats: tr_Redirect_To_New_Book 69 13.892942028985503 13.669172119459976 197.639 6.859 11.666115226337451 243
stats: tr_Get_Book 89 538.077921348315 232.0605720334176 1699.906 215.775 353.5741445221444 429
# stats: dump at 1575930312
stats: users 30 796
stats: {load,"tsung_controller@ip-172-31-29-147"} 1 0.05859375 0.0 0.1015625 0.01171875 0.04657451923076923 26
stats: {recvpackets,"tsung_controller@ip-172-31-29-147"} 1 26593.0 0.0 68210 249 8891.52 25
stats: {sentpackets,"tsung_controller@ip-172-31-29-147"} 1 7820.0 0.0 20039 92 2779.28 25
stats: {cpu,"tsung_controller@ip-172-31-29-147"} 1 0.36260953829802756 0.0 0.6674871195844893 0.0020820970881872225 0.10473699914336052 26
stats: {freemem,"tsung_controller@ip-172-31-29-147"} 1 375312.5234375 0.0 375589.91015625 375159.51171875 375496.4618389423 26
stats: session 147 24223.22527210884 4134.199745681049 38455.926 2924.975 15221.612128395063 1620
stats: users_count 0 1797
stats: finish_users_count 147 1767
stats: request 366 173.23993715846996 674.4860007070907 8625.071 4.203 128.85919266233765 15400
stats: page 329 192.74436170212763 708.860481435884 8625.071 4.203 129.84696872341817 15283
stats: connect 0 0 0 32.983 0.451 0.9777924318308289 1797
stats: tr_Initial_Get_Root 0 0 0 1512.539 53.557 203.09249134615393 1040
stats: 302 113 6126
stats: tr_Get_Root 0 0 0 1237.595 61.996 215.10750292397663 171
stats: 200 253 9640
stats: tr_Redirect_Root 11 379.07509090909093 43.54056972411851 1677.524 52.104 281.2436618141097 1786
stats: size_rcv 5849177 303694926
stats: tr_Get_Logout 1 7.718 0.0 189.17 6.244 12.994521212121215 165
stats: newphase 0 5
stats: tr_Post_New_Post 14 10.578857142857144 0.5986137387024002 143.475 8.261 15.067374509803916 510
stats: size_sent 201450 8625875
stats: tr_Get_New_Post 14 22.557 11.022061461321238 155.585 8.495 18.611929411764706 510
stats: connected -159 32
stats: tr_Post_New_Comment_On_Post 2 13.5955 2.827499999999999 243.246 8.348 18.253702054794516 584
stats: tr_Get_Post 2 95.7305 31.02350000000001 471.406 59.495 91.5515256849315 584
stats: tr_Redirect_To_Post 48 72.01266666666668 21.713151787696674 367.632 54.588 85.20541443850267 1122
stats: tr_Post_New_Comment_On_Comment 20 11.049449999999997 1.0097828714629686 225.04 9.057 15.923662544169614 566
stats: tr_Redirect_To_New_Post 44 13.096954545454544 3.5677294533749806 102.799 9.881 16.375545263157896 475
stats: tr_Get_Conversations 3 9.617666666666667 0.5303818331060081 130.259 7.368 14.100464285714285 168
stats: tr_Authenticate_User 2 13260.231 35.100000000000364 17474.767 176.619 3994.2914986072424 1795
stats: tr_Get_New_Conversation 13 3664.323000000001 98.08175965057842 8625.152 200.735 3358.82092948718 156
stats: tr_Get_Login 2 6.9285 0.05950000000000055 80.571 5.187 9.892365853658537 164
stats: tr_Post_New_Conversation 18 20.496500000000005 1.6652464031888294 268.258 17.331 35.461173333333335 150
stats: tr_Post_Login 7 126.13442857142856 3.443451916615181 190.556 114.816 128.5185283018868 159
stats: tr_Redirect_To_New_Conversation 37 18.778459459459462 2.977385626229055 100.888 15.411 29.583682926829272 123
stats: tr_Redirect_To_Same_Conversation 37 20.860648648648652 4.118374516764596 203.11 16.101 32.36835042735043 117
stats: tr_Reply_To_Conversation 37 32.44727027027028 8.78964944001212 159.544 23.466 44.16094871794872 117
stats: tr_Post_New_Book 12 8.171083333333334 0.5509238390094303 133.137 6.304 11.80084226190476 336
stats: tr_Get_New_Book 4 8.93325 0.6164427690386187 92.106 6.139 11.045534883720935 344
stats: tr_Redirect_To_New_Book 30 8.980066666666668 1.476398092957617 197.639 6.859 12.15858653846154 312
stats: tr_Get_Book 8 299.17600000000004 40.87330596795421 1699.906 215.775 385.2746003861004 518
# stats: dump at 1575930322
stats: users 5 796
stats: {load,"tsung_controller@ip-172-31-29-147"} 1 0.05078125 0.0 0.1015625 0.01171875 0.04701967592592592 27
stats: {recvpackets,"tsung_controller@ip-172-31-29-147"} 1 3380.0 0.0 68210 249 9572.346153846154 26
stats: {sentpackets,"tsung_controller@ip-172-31-29-147"} 1 1188.0 0.0 20039 92 2973.153846153846 26
stats: {cpu,"tsung_controller@ip-172-31-29-147"} 1 0.062464863514273224 0.0 0.6674871195844893 0.0020820970881872225 0.1142878339268667 27
stats: {freemem,"tsung_controller@ip-172-31-29-147"} 1 375396.578125 0.0 375589.91015625 375159.51171875 375489.64930555556 27
stats: session 25 33699.56459999999 2995.7290278442483 38455.926 2924.975 15970.472984153934 1767
stats: users_count 0 1797
stats: finish_users_count 25 1792
stats: connect 0 0 0 32.983 0.451 0.9777924318308289 1797
stats: page 45 194.47200000000012 763.8399676607659 8625.071 4.203 131.1724390212657 15612
stats: request 57 153.4973157894737 683.0629231517416 8625.071 4.203 129.88946999873144 15766
stats: tr_Initial_Get_Root 0 0 0 1512.539 53.557 203.09249134615393 1040
stats: 302 17 6143
stats: tr_Get_Root 0 0 0 1237.595 61.996 215.10750292397663 171
stats: 200 40 9680
stats: tr_Redirect_Root 0 0 0 1677.524 52.104 281.8425186421814 1797
stats: size_rcv 395871 304090797
stats: tr_Get_Logout 0 0 0 189.17 6.244 12.962734939759038 166
stats: newphase 0 5
stats: tr_Post_New_Post 2 12.27 0.3220000000000005 143.475 8.261 14.947452290076331 524
stats: size_sent 30869 8656744
stats: tr_Get_New_Post 2 22.894 5.691999999999999 155.585 8.495 18.717332061068706 524
stats: connected -27 5
stats: tr_Post_New_Comment_On_Post 0 0 0 243.246 8.348 18.237803754266206 586
stats: tr_Get_Post 0 0 0 471.406 59.495 91.56578839590445 586
stats: tr_Redirect_To_Post 2 57.8555 0.049500000000001876 367.632 54.588 84.66417350427349 1170
stats: tr_Post_New_Comment_On_Comment 0 0 0 225.04 9.057 15.757307167235497 586
stats: tr_Redirect_To_New_Post 7 14.824 2.7427462254358965 102.799 9.881 16.097591522157998 519
stats: tr_Get_Conversations 0 0 0 130.259 7.368 14.02181871345029 171
stats: tr_Authenticate_User 0 0 0 17474.767 176.619 4004.6041747356708 1797
stats: tr_Get_New_Conversation 2 3732.681 137.6880000000001 8625.152 200.735 3382.321088757397 169
stats: tr_Get_Login 0 0 0 80.571 5.187 9.856656626506025 166
stats: tr_Post_New_Conversation 3 22.526999999999997 0.6017048002689251 268.258 17.331 33.85781547619048 168
stats: tr_Post_Login 0 0 0 190.556 114.816 128.4179939759036 166
stats: tr_Redirect_To_New_Conversation 9 20.35611111111111 2.079640323840449 100.888 15.411 27.084975000000004 160
stats: tr_Redirect_To_Same_Conversation 12 24.347833333333337 7.294527513066824 203.11 16.101 29.60351298701299 154
stats: tr_Reply_To_Conversation 12 33.02216666666667 4.735934945241072 159.544 23.466 41.346623376623384 154
stats: tr_Post_New_Book 0 0 0 133.137 6.304 11.675678160919539 348
stats: tr_Get_New_Book 0 0 0 92.106 6.139 11.021255747126443 348
stats: tr_Redirect_To_New_Book 6 10.700333333333333 3.0310522192063196 197.639 6.859 11.879769005847955 342
stats: tr_Get_Book 0 0 0 1699.906 215.775 383.96511596958175 526
# stats: dump at 1575930332
stats: users 1 796
stats: {load,"tsung_controller@ip-172-31-29-147"} 1 0.0390625 0.0 0.1015625 0.01171875 0.047154017857142856 28
stats: {recvpackets,"tsung_controller@ip-172-31-29-147"} 1 267.0 0.0 68210 249 9343.0 27
stats: {sentpackets,"tsung_controller@ip-172-31-29-147"} 1 177.0 0.0 20039 92 2907.037037037037 27
stats: {cpu,"tsung_controller@ip-172-31-29-147"} 1 0.01561832967170271 0.0 0.6674871195844893 0.0020820970881872225 0.11243701355498836 28
stats: {freemem,"tsung_controller@ip-172-31-29-147"} 1 375408.27734375 0.0 375589.91015625 375159.51171875 375486.3253348214 28
stats: session 4 42458.40075 4778.976480037872 50398.422 2924.975 16217.80964174107 1792
stats: users_count 0 1797
stats: finish_users_count 4 1796
stats: request 10 29.716400000000004 7.3626088609948575 8625.071 4.203 129.97451374581306 15823
stats: connect 0 0 0 32.983 0.451 0.9777924318308289 1797
stats: page 6 49.641999999999996 13.569336792931333 8625.071 4.203 131.3543691639522 15657
stats: tr_Initial_Get_Root 0 0 0 1512.539 53.557 203.09249134615393 1040
stats: 302 4 6147
stats: tr_Get_Root 0 0 0 1237.595 61.996 215.10750292397663 171
stats: 200 6 9686
stats: tr_Redirect_Root 0 0 0 1677.524 52.104 281.8425186421814 1797
stats: size_rcv 14130 304104927
stats: tr_Get_Logout 0 0 0 189.17 6.244 12.962734939759038 166
stats: newphase 0 5
stats: tr_Post_New_Post 0 0 0 143.475 8.261 14.937271863117866 526
stats: size_sent 5430 8662174
stats: tr_Get_New_Post 0 0 0 155.585 8.495 18.733212927756657 526
stats: connected -4 1
stats: tr_Post_New_Comment_On_Post 0 0 0 243.246 8.348 18.237803754266206 586
stats: tr_Get_Post 0 0 0 471.406 59.495 91.56578839590445 586
stats: tr_Redirect_To_Post 0 0 0 367.632 54.588 84.61842491467576 1172
stats: tr_Post_New_Comment_On_Comment 0 0 0 225.04 9.057 15.757307167235497 586
stats: tr_Redirect_To_New_Post 0 0 0 102.799 9.881 16.080642585551335 526
stats: tr_Get_Conversations 0 0 0 130.259 7.368 14.02181871345029 171
stats: tr_Authenticate_User 0 0 0 17474.767 176.619 4004.6041747356708 1797
stats: tr_Get_New_Conversation 0 0 0 8625.152 200.735 3386.4188654970762 171
stats: tr_Get_Login 0 0 0 80.571 5.187 9.856656626506025 166
stats: tr_Post_New_Conversation 0 0 0 268.258 17.331 33.65902923976609 171
stats: tr_Post_Login 0 0 0 190.556 114.816 128.4179939759036 166
stats: tr_Redirect_To_New_Conversation 2 31.958 8.454999999999998 100.888 15.411 26.726633136094677 169
stats: tr_Redirect_To_Same_Conversation 4 22.4685 1.681124697932905 203.11 16.101 29.2235843373494 166
stats: tr_Reply_To_Conversation 4 36.2515 0.891613285006457 159.544 23.466 40.74485542168675 166
stats: tr_Post_New_Book 0 0 0 133.137 6.304 11.675678160919539 348
stats: tr_Get_New_Book 0 0 0 92.106 6.139 11.021255747126443 348
stats: tr_Redirect_To_New_Book 0 0 0 197.639 6.859 11.859433908045979 348
stats: tr_Get_Book 0 0 0 1699.906 215.775 383.96511596958175 526
# stats: dump at 1575930336
stats: users 0 796
stats: {load,"tsung_controller@ip-172-31-29-147"} 1 0.0390625 0.0 0.1015625 0.01171875 0.046875 29
stats: {recvpackets,"tsung_controller@ip-172-31-29-147"} 1 38.0 0.0 68210 38 9018.857142857143 28
stats: {sentpackets,"tsung_controller@ip-172-31-29-147"} 1 36.0 0.0 20039 36 2809.535714285714 28
stats: {cpu,"tsung_controller@ip-172-31-29-147"} 1 0.0041641508255429015 0.0 0.6674871195844893 0.0020820970881872225 0.10909843824866818 29
stats: {freemem,"tsung_controller@ip-172-31-29-147"} 1 375422.12109375 0.0 375589.91015625 375159.51171875 375483.6340247845 29
stats: session 1 48686.997 0.0 50398.422 2924.975 16276.25193819599 1796
stats: users_count 0 1797
stats: finish_users_count 1 1797
stats: request 2 27.7425 7.1385000000000005 8625.071 4.203 129.9111914987684 15833
stats: connect 0 0 0 32.983 0.451 0.9777924318308289 1797
stats: page 1 55.697 0.0 8625.071 4.203 131.3230677392581 15663
stats: tr_Initial_Get_Root 0 0 0 1512.539 53.557 203.09249134615393 1040
stats: 302 1 6148
stats: tr_Get_Root 0 0 0 1237.595 61.996 215.10750292397663 171
stats: 200 1 9687
stats: tr_Redirect_Root 0 0 0 1677.524 52.104 281.8425186421814 1797
stats: size_rcv 2462 304107389
stats: tr_Get_Logout 0 0 0 189.17 6.244 12.962734939759038 166
stats: newphase 0 5
stats: tr_Post_New_Post 0 0 0 143.475 8.261 14.937271863117866 526
stats: size_sent 1122 8663296
stats: tr_Get_New_Post 0 0 0 155.585 8.495 18.733212927756657 526
stats: connected -1 0
stats: tr_Post_New_Comment_On_Post 0 0 0 243.246 8.348 18.237803754266206 586
stats: tr_Get_Post 0 0 0 471.406 59.495 91.56578839590445 586
stats: tr_Redirect_To_Post 0 0 0 367.632 54.588 84.61842491467576 1172
stats: tr_Post_New_Comment_On_Comment 0 0 0 225.04 9.057 15.757307167235497 586
stats: tr_Redirect_To_New_Post 0 0 0 102.799 9.881 16.080642585551335 526
stats: tr_Get_Conversations 0 0 0 130.259 7.368 14.02181871345029 171
stats: tr_Authenticate_User 0 0 0 17474.767 176.619 4004.6041747356708 1797
stats: tr_Get_New_Conversation 0 0 0 8625.152 200.735 3386.4188654970762 171
stats: tr_Get_Login 0 0 0 80.571 5.187 9.856656626506025 166
stats: tr_Post_New_Conversation 0 0 0 268.258 17.331 33.65902923976609 171
stats: tr_Post_Login 0 0 0 190.556 114.816 128.4179939759036 166
stats: tr_Redirect_To_New_Conversation 0 0 0 100.888 15.411 26.787818713450296 171
stats: tr_Redirect_To_Same_Conversation 1 20.767 0.0 203.11 16.101 29.06464117647059 170
stats: tr_Reply_To_Conversation 1 35.09 0.0 159.544 23.466 40.63912941176471 170
stats: tr_Post_New_Book 0 0 0 133.137 6.304 11.675678160919539 348
stats: tr_Get_New_Book 0 0 0 92.106 6.139 11.021255747126443 348
stats: tr_Redirect_To_New_Book 0 0 0 197.639 6.859 11.859433908045979 348
stats: tr_Get_Book 0 0 0 1699.906 215.775 383.96511596958175 526
EndMonitor:{1575,930336,686652}
