# timestamp userid sessionid requestid event transaction name
1575622198.371936 6 3 22 match_stop tr_Get_Book -
1575622201.648708 1 3 22 match_stop tr_Get_Book -
1575622206.689184 10 3 22 match_stop tr_Get_Book -
1575622208.195533 21 3 22 match_stop tr_Get_Book -
1575622209.025039 23 3 22 match_stop tr_Get_Book -
1575622211.031748 20 3 22 match_stop tr_Get_Book -
1575622214.996537 22 3 22 match_stop tr_Get_Book -
1575622215.389660 19 3 22 match_stop tr_Get_Book -
1575622215.891720 29 3 22 match_stop tr_Get_Book -
1575622290.553784 49 3 22 match_stop tr_Get_Book -
1575622290.786362 58 3 22 match_stop tr_Get_Book -
1575622291.498407 40 3 22 match_stop tr_Get_Book -
1575622292.547671 51 3 22 match_stop tr_Get_Book -
1575622294.618063 33 3 22 match_stop tr_Get_Book -
1575622295.442544 68 3 22 match_stop tr_Get_Book -
1575622295.560485 50 3 22 match_stop tr_Get_Book -
1575622296.006349 36 3 22 match_stop tr_Get_Book -
1575622299.126945 81 3 22 match_stop tr_Get_Book -
1575622301.874708 70 3 22 match_stop tr_Get_Book -
1575622302.489357 64 3 22 match_stop tr_Get_Book -
1575622303.109630 71 3 22 match_stop tr_Get_Book -
1575622305.892120 74 3 22 match_stop tr_Get_Book -
1575622306.007025 78 3 22 match_stop tr_Get_Book -
1575622307.000494 77 3 22 match_stop tr_Get_Book -
