
=INFO REPORT==== 6-Dec-2019::08:48:44 ===
    ts_config_server:(5:<0.102.0>) Config server started, logdir is "/home/ec2-user/.tsung/log/20191206-0848"
 
=INFO REPORT==== 6-Dec-2019::08:48:44 ===
              ts_mon:(5:<0.83.0>) starting monitor, global 

=INFO REPORT==== 6-Dec-2019::08:48:44 ===
           ts_config:(5:<0.102.0>) Reading config file: simple.xml

=INFO REPORT==== 6-Dec-2019::08:48:44 ===
           ts_config:(5:<0.102.0>) Session name for id 1 is "Register-Logout-Login"

=INFO REPORT==== 6-Dec-2019::08:48:44 ===
           ts_config:(5:<0.102.0>) Session name for id 2 is "Create-Book"

=INFO REPORT==== 6-Dec-2019::08:48:44 ===
           ts_config:(5:<0.102.0>) Session name for id 3 is "Create-Post"

=INFO REPORT==== 6-Dec-2019::08:48:44 ===
           ts_config:(5:<0.102.0>) Session name for id 4 is "Add_Comment"

=INFO REPORT==== 6-Dec-2019::08:48:44 ===
           ts_config:(5:<0.102.0>) Session name for id 5 is "Send-Message"

=INFO REPORT==== 6-Dec-2019::08:48:44 ===
    ts_config_server:(4:<0.102.0>) SYSINFO:Tsung version: 1.7.0

=INFO REPORT==== 6-Dec-2019::08:48:44 ===
    ts_config_server:(4:<0.102.0>) SYSINFO:Erlang version: Erlang/OTP 20 [erts-9.1] [source] [64-bit] [smp:2:2] [ds:2:2:10] [async-threads:8] [hipe] [kernel-poll:true]


=INFO REPORT==== 6-Dec-2019::08:48:44 ===
    ts_config_server:(4:<0.102.0>) SYSINFO:System architecture x86_64-unknown-linux-gnu

=INFO REPORT==== 6-Dec-2019::08:48:44 ===
    ts_config_server:(4:<0.102.0>) SYSINFO:Current path: /usr/local/lib/tsung/tsung-1.7.0/ebin/tsung.beam

=INFO REPORT==== 6-Dec-2019::08:48:44 ===
              ts_mon:(5:<0.103.0>) Activate clients with text backend

=INFO REPORT==== 6-Dec-2019::08:48:44 ===
              ts_mon:(5:<0.103.0>) Starting tsung clients on hosts: [localhost]

=INFO REPORT==== 6-Dec-2019::08:48:44 ===
    ts_config_server:(5:<0.102.0>) Start a launcher on the controller beam localhost

=INFO REPORT==== 6-Dec-2019::08:48:44 ===
  ts_launcher_static:(5:<0.154.0>) Launch msg receive ("localhost")

=INFO REPORT==== 6-Dec-2019::08:48:44 ===
         ts_launcher:(5:<0.155.0>) Launch msg receive ("localhost")

=INFO REPORT==== 6-Dec-2019::08:48:44 ===
    ts_config_server:(5:<0.102.0>) New arrival phase 1 for client "localhost" (last ? true): will start 30 users

=INFO REPORT==== 6-Dec-2019::08:48:44 ===
    ts_config_server:(5:<0.102.0>) New arrival phase 2 for client "localhost" (last ? true): will start 60 users

=INFO REPORT==== 6-Dec-2019::08:48:44 ===
         ts_launcher:(5:<0.155.0>) Expected duration of first phase: 15.0 sec (30 users) 

=INFO REPORT==== 6-Dec-2019::08:48:44 ===
         ts_launcher:(5:<0.155.0>) Activate launcher (30 users) in 1132 msec 

=INFO REPORT==== 6-Dec-2019::08:49:00 ===
         ts_launcher:(5:<0.155.0>) Phase duration exceeded, but not all users were launched (1 users, 3.3% of phase)

=INFO REPORT==== 6-Dec-2019::08:49:00 ===
         ts_launcher:(5:<0.155.0>) Wait for all sessions to finish before starting next phase (still 29 sessions active)
=INFO REPORT==== 6-Dec-2019::08:49:05 ===
         ts_launcher:(5:<0.155.0>) Wait for all sessions to finish before starting next phase (still 22 sessions active)
=INFO REPORT==== 6-Dec-2019::08:49:10 ===
         ts_launcher:(5:<0.155.0>) Wait for all sessions to finish before starting next phase (still 15 sessions active)
=INFO REPORT==== 6-Dec-2019::08:49:15 ===
         ts_launcher:(5:<0.155.0>) Wait for all sessions to finish before starting next phase (still 13 sessions active)
=INFO REPORT==== 6-Dec-2019::08:49:20 ===
         ts_launcher:(5:<0.155.0>) Wait for all sessions to finish before starting next phase (still 12 sessions active)
=INFO REPORT==== 6-Dec-2019::08:49:25 ===
         ts_launcher:(5:<0.155.0>) Wait for all sessions to finish before starting next phase (still 10 sessions active)
=INFO REPORT==== 6-Dec-2019::08:49:30 ===
         ts_launcher:(5:<0.155.0>) Wait for all sessions to finish before starting next phase (still 10 sessions active)
=INFO REPORT==== 6-Dec-2019::08:49:35 ===
         ts_launcher:(5:<0.155.0>) Wait for all sessions to finish before starting next phase (still 10 sessions active)
=INFO REPORT==== 6-Dec-2019::08:49:40 ===
         ts_launcher:(5:<0.155.0>) Wait for all sessions to finish before starting next phase (still 9 sessions active)
=INFO REPORT==== 6-Dec-2019::08:49:45 ===
         ts_launcher:(5:<0.155.0>) Wait for all sessions to finish before starting next phase (still 9 sessions active)
=INFO REPORT==== 6-Dec-2019::08:49:50 ===
         ts_launcher:(5:<0.155.0>) Wait for all sessions to finish before starting next phase (still 9 sessions active)
=INFO REPORT==== 6-Dec-2019::08:49:55 ===
         ts_launcher:(5:<0.155.0>) Wait for all sessions to finish before starting next phase (still 9 sessions active)
=INFO REPORT==== 6-Dec-2019::08:49:58 ===
           ts_client:(5:<0.164.0>) Pending transactions: [{tr_Get_Book,
                                                           -576460737970702145}], compute transaction time

=INFO REPORT==== 6-Dec-2019::08:50:00 ===
         ts_launcher:(5:<0.155.0>) Wait for all sessions to finish before starting next phase (still 8 sessions active)
=INFO REPORT==== 6-Dec-2019::08:50:01 ===
           ts_client:(5:<0.157.0>) Pending transactions: [{tr_Get_Book,
                                                           -576460734715796131}], compute transaction time

=INFO REPORT==== 6-Dec-2019::08:50:05 ===
         ts_launcher:(5:<0.155.0>) Wait for all sessions to finish before starting next phase (still 7 sessions active)
=INFO REPORT==== 6-Dec-2019::08:50:06 ===
           ts_client:(5:<0.168.0>) Pending transactions: [{tr_Get_Book,
                                                           -576460729626913688}], compute transaction time

=INFO REPORT==== 6-Dec-2019::08:50:08 ===
           ts_client:(5:<0.180.0>) Pending transactions: [{tr_Get_Book,
                                                           -576460728114886775}], compute transaction time

=INFO REPORT==== 6-Dec-2019::08:50:09 ===
           ts_client:(5:<0.182.0>) Pending transactions: [{tr_Get_Book,
                                                           -576460727283934627}], compute transaction time

=INFO REPORT==== 6-Dec-2019::08:50:10 ===
         ts_launcher:(5:<0.155.0>) Wait for all sessions to finish before starting next phase (still 4 sessions active)
=INFO REPORT==== 6-Dec-2019::08:50:11 ===
           ts_client:(5:<0.179.0>) Pending transactions: [{tr_Get_Book,
                                                           -576460725276887483}], compute transaction time

=INFO REPORT==== 6-Dec-2019::08:50:14 ===
           ts_client:(5:<0.181.0>) Pending transactions: [{tr_Get_Book,
                                                           -576460721318832740}], compute transaction time

=INFO REPORT==== 6-Dec-2019::08:50:15 ===
           ts_client:(5:<0.178.0>) Pending transactions: [{tr_Get_Book,
                                                           -576460720917874712}], compute transaction time

=INFO REPORT==== 6-Dec-2019::08:50:15 ===
         ts_launcher:(5:<0.155.0>) Wait for all sessions to finish before starting next phase (still 1 sessions active)
=INFO REPORT==== 6-Dec-2019::08:50:15 ===
           ts_client:(5:<0.188.0>) Pending transactions: [{tr_Get_Book,
                                                           -576460720476926033}], compute transaction time

=INFO REPORT==== 6-Dec-2019::08:50:20 ===
         ts_launcher:(5:<0.155.0>) Start a new arrival phase (60 users, 0.004); expected duration=15.0 sec

=INFO REPORT==== 6-Dec-2019::08:50:35 ===
         ts_launcher:(5:<0.155.0>) Phase duration exceeded, but not all users were launched (1 users, 1.7% of phase)

=INFO REPORT==== 6-Dec-2019::08:50:35 ===
         ts_launcher:(5:<0.155.0>) This was the last phase, wait for connected users to finish their session

=INFO REPORT==== 6-Dec-2019::08:51:30 ===
           ts_client:(5:<0.217.0>) Pending transactions: [{tr_Get_Book,
                                                           -576460645815046889}], compute transaction time

=INFO REPORT==== 6-Dec-2019::08:51:30 ===
           ts_client:(5:<0.226.0>) Pending transactions: [{tr_Get_Book,
                                                           -576460645554919031}], compute transaction time

=INFO REPORT==== 6-Dec-2019::08:51:31 ===
           ts_client:(5:<0.207.0>) Pending transactions: [{tr_Get_Book,
                                                           -576460644846835313}], compute transaction time

=INFO REPORT==== 6-Dec-2019::08:51:32 ===
           ts_client:(5:<0.219.0>) Pending transactions: [{tr_Get_Book,
                                                           -576460643820958075}], compute transaction time

=INFO REPORT==== 6-Dec-2019::08:51:34 ===
           ts_client:(5:<0.200.0>) Pending transactions: [{tr_Get_Book,
                                                           -576460641695917376}], compute transaction time

=INFO REPORT==== 6-Dec-2019::08:51:35 ===
           ts_client:(5:<0.236.0>) Pending transactions: [{tr_Get_Book,
                                                           -576460640864923280}], compute transaction time

=INFO REPORT==== 6-Dec-2019::08:51:35 ===
           ts_client:(5:<0.218.0>) Pending transactions: [{tr_Get_Book,
                                                           -576460640792832873}], compute transaction time

=INFO REPORT==== 6-Dec-2019::08:51:36 ===
           ts_client:(5:<0.203.0>) Pending transactions: [{tr_Get_Book,
                                                           -576460640356859795}], compute transaction time

=INFO REPORT==== 6-Dec-2019::08:51:39 ===
           ts_client:(5:<0.249.0>) Pending transactions: [{tr_Get_Book,
                                                           -576460637241830113}], compute transaction time

=INFO REPORT==== 6-Dec-2019::08:51:41 ===
           ts_client:(5:<0.238.0>) Pending transactions: [{tr_Get_Book,
                                                           -576460634486890546}], compute transaction time

=INFO REPORT==== 6-Dec-2019::08:51:42 ===
           ts_client:(5:<0.232.0>) Pending transactions: [{tr_Get_Book,
                                                           -576460633824942319}], compute transaction time

=INFO REPORT==== 6-Dec-2019::08:51:43 ===
           ts_client:(5:<0.239.0>) Pending transactions: [{tr_Get_Book,
                                                           -576460633201859711}], compute transaction time

=INFO REPORT==== 6-Dec-2019::08:51:45 ===
           ts_client:(5:<0.242.0>) Pending transactions: [{tr_Get_Book,
                                                           -576460630421892735}], compute transaction time

=INFO REPORT==== 6-Dec-2019::08:51:46 ===
           ts_client:(5:<0.246.0>) Pending transactions: [{tr_Get_Book,
                                                           -576460630303884321}], compute transaction time

=INFO REPORT==== 6-Dec-2019::08:51:46 ===
           ts_client:(5:<0.245.0>) Pending transactions: [{tr_Get_Book,
                                                           -576460629311821908}], compute transaction time

=INFO REPORT==== 6-Dec-2019::08:51:50 ===
     ts_launcher_mgr:(5:<0.149.0>) No more active users 'tsung_controller@ip-172-31-24-72' "6132"
