# stats: dump at 1575622134
stats: users 18 18
stats: {cpu,"tsung_controller@ip-172-31-24-72"} 1 0.4039159199291453 0 0.4039159199291453 0.4039159199291453 0 0
stats: {load,"tsung_controller@ip-172-31-24-72"} 1 0.0 0 0.0 0.0 0 0
stats: {freemem,"tsung_controller@ip-172-31-24-72"} 1 724.99609375 0 724.99609375 724.99609375 0 0
stats: users_count 18 18
stats: finish_users_count 0 0
stats: request 42 93.84428571428568 49.75064683297414 175.657 15.905 0 0
stats: connect 16 1.3510624999999998 2.0389391686839873 9.239 0.691 0 0
stats: page 42 93.84428571428568 49.75064683297414 175.657 15.905 0 0
stats: tr_Initial_Get_Root 8 121.83300000000001 26.35955913895376 180.044 79.122 0 0
stats: 302 16 16
stats: tr_Get_Root 2 128.47899999999998 7.846 136.325 120.633 0 0
stats: match 34 34
stats: tr_Redirect_Root 3 103.72966666666666 23.993412767303916 133.193 74.422 0 0
stats: 200 26 26
stats: tr_Get_Conversations 1 62.195 0 62.195 62.195 0 0
stats: size_rcv 225893 225893
stats: tr_Authenticate_User 6 2646.786833333333 1399.2860515388334 5366.878 801.445 0 0
stats: size_sent 19282 19282
stats: connected 16 16
# stats: dump at 1575622144
stats: users 24 29
stats: {recvpackets,"tsung_controller@ip-172-31-24-72"} 1 475 0 475 475 0 0
stats: {sentpackets,"tsung_controller@ip-172-31-24-72"} 1 264 0 264 264 0 0
stats: {cpu,"tsung_controller@ip-172-31-24-72"} 1 0.45090180360721444 0.0 0.45090180360721444 0.4039159199291453 0.4039159199291453 1
stats: {load,"tsung_controller@ip-172-31-24-72"} 1 0.0 0.0 0.0 0.0 0.0 1
stats: {freemem,"tsung_controller@ip-172-31-24-72"} 1 725.75390625 0.0 725.75390625 724.99609375 724.99609375 1
stats: session 5 13237.877799999998 2974.74896906851 18428.945 9354.077 0 0
stats: users_count 11 29
stats: finish_users_count 5 5
stats: connect 13 0.798923076923077 0.12013291455618356 9.239 0.683 1.3510624999999998 16
stats: request 108 137.43264814814822 212.65671584640805 832.878 5.633 93.84428571428568 42
stats: page 108 137.43264814814822 212.65671584640805 832.878 5.633 93.84428571428568 42
stats: tr_Initial_Get_Root 13 86.60869230769232 16.94817880111478 180.044 63.613 121.83300000000001 8
stats: 302 45 61
stats: tr_Get_Root 0 0 0 136.325 120.633 128.47899999999998 2
stats: match 108 142
stats: tr_Redirect_Root 14 96.36021428571428 22.31919610424614 133.193 63.441 103.72966666666666 3
stats: 200 63 89
stats: tr_Post_New_Comment_On_Post 5 60.1232 23.662878805420107 74.009 12.938 0 0
stats: size_rcv 923795 1149688
stats: tr_Get_Post 5 793.6286 20.942248261349622 830.844 768.656 0 0
stats: size_sent 58882 78164
stats: tr_Get_Logout 2 28.1905 18.0865 46.277 10.104 0 0
stats: connected 10 26
stats: tr_Redirect_To_Post 5 794.4526 24.886384434867196 843.773 776.23 0 0
stats: tr_Post_New_Comment_On_Comment 3 28.087 3.6694853408436816 33.247 25.029 0 0
stats: tr_Get_Conversations 1 22.52 0.0 62.195 22.52 62.195 1
stats: tr_Authenticate_User 15 3653.8524666666663 2268.122763640359 7462.117 558.395 2646.786833333333 6
stats: tr_Get_New_Conversation 2 275.94100000000003 13.757999999999996 289.699 262.183 0 0
stats: tr_Post_New_Conversation 2 65.96300000000001 3.937000000000003 69.9 62.026 0 0
stats: tr_Get_Login 2 16.213 4.127 20.34 12.086 0 0
stats: tr_Redirect_To_New_Conversation 1 49.193 0 49.193 49.193 0 0
stats: tr_Post_Login 1 120.905 0 120.905 120.905 0 0
stats: tr_Get_New_Book 3 31.52866666666667 18.799744614104615 55.509 9.596 0 0
stats: tr_Post_New_Book 2 24.4795 14.1945 38.674 10.285 0 0
stats: tr_Redirect_To_New_Book 1 31.397 0 31.397 31.397 0 0
# stats: dump at 1575622154
stats: users 14 29
stats: {recvpackets,"tsung_controller@ip-172-31-24-72"} 1 851.0 0.0 851 475 475.0 1
stats: {sentpackets,"tsung_controller@ip-172-31-24-72"} 1 367.0 0.0 367 264 264.0 1
stats: {cpu,"tsung_controller@ip-172-31-24-72"} 1 0.9995002498750625 0.0 0.9995002498750625 0.4039159199291453 0.4274088617681798 2
stats: {load,"tsung_controller@ip-172-31-24-72"} 1 0.0703125 0.0 0.0703125 0.0 0.0 2
stats: {freemem,"tsung_controller@ip-172-31-24-72"} 1 719.53125 0.0 725.75390625 719.53125 725.375 2
stats: session 10 15172.080599999998 3775.0422192492156 21320.33 9354.077 13237.877799999998 5
stats: users_count 0 29
stats: finish_users_count 10 15
stats: connect 0 0 0 9.239 0.683 1.1035517241379311 29
stats: 302 26 87
stats: page 56 148.42569642857137 245.73534973232597 832.878 5.633 125.2279066666667 150
stats: request 58 143.30120689655172 241.91841987749956 832.878 5.633 125.2279066666667 150
stats: tr_Initial_Get_Root 0 0 0 180.044 63.613 100.02747619047621 21
stats: match 58 200
stats: tr_Get_Root 0 0 0 136.325 120.633 128.47899999999998 2
stats: 200 32 121
stats: tr_Redirect_Root 12 89.53308333333332 23.955513034436468 144.436 63.441 97.66070588235294 17
stats: size_rcv 539555 1689243
stats: tr_Post_New_Comment_On_Post 1 13.087 0.0 74.009 12.938 60.1232 5
stats: size_sent 35566 113730
stats: tr_Get_Post 1 746.821 0.0 830.844 746.821 793.6286 5
stats: connected -12 14
stats: tr_Get_Logout 2 9.911000000000001 0.4379999999999993 46.277 9.473 28.1905 2
stats: tr_Redirect_To_Post 6 796.7668333333335 11.707511654441715 843.773 776.23 794.4526 5
stats: tr_Post_New_Comment_On_Comment 3 26.897333333333336 6.861196316160098 34.756 18.039 28.087 3
stats: tr_Get_Conversations 0 0 0 62.195 22.52 42.3575 2
stats: tr_Authenticate_User 8 5762.2970000000005 1844.4821093039232 9374.217 558.395 3366.1194285714287 21
stats: tr_Get_New_Conversation 0 0 0 289.699 262.183 275.94100000000003 2
stats: tr_Post_New_Conversation 0 0 0 69.9 62.026 65.96300000000001 2
stats: tr_Get_Login 2 16.319499999999998 4.796500000000001 21.116 11.523 16.213 2
stats: tr_Redirect_To_New_Conversation 1 63.89 0.0 63.89 49.193 49.193 1
stats: tr_Post_Login 3 126.21266666666666 2.9119595158968457 130.218 120.905 120.905 1
stats: tr_Redirect_To_Same_Conversation 2 65.369 5.259 70.628 60.11 0 0
stats: tr_Reply_To_Conversation 2 114.1535 0.7914999999999992 114.945 113.362 0 0
stats: tr_Get_New_Book 4 16.63525 3.8748332464120314 55.509 9.596 31.52866666666667 3
stats: tr_Post_New_Book 3 21.971333333333334 16.254776945733695 44.905 9.14 24.4795 2
stats: tr_Redirect_To_New_Book 3 12.463666666666667 0.7569699832592802 31.397 11.529 31.397 1
# stats: dump at 1575622164
stats: users 10 29
stats: {recvpackets,"tsung_controller@ip-172-31-24-72"} 1 435.0 0.0 851 435 663.0 2
stats: {sentpackets,"tsung_controller@ip-172-31-24-72"} 1 176.0 0.0 367 176 315.5 2
stats: {cpu,"tsung_controller@ip-172-31-24-72"} 1 0.35035035035035034 0.0 0.9995002498750625 0.35035035035035034 0.6181059911371407 3
stats: {load,"tsung_controller@ip-172-31-24-72"} 1 0.05859375 0.0 0.0703125 0.0 0.0234375 3
stats: {freemem,"tsung_controller@ip-172-31-24-72"} 1 720.08203125 0.0 725.75390625 719.53125 723.4270833333334 3
stats: session 4 23776.2725 5151.218395659927 29211.997 9354.077 14527.346333333331 15
stats: users_count 0 29
stats: finish_users_count 4 19
stats: connect 0 0 0 9.239 0.683 1.1035517241379311 29
stats: request 8 138.282625 268.13424685264357 840.546 5.633 130.26757692307694 208
stats: page 8 138.282625 268.13424685264357 840.546 5.633 131.5341019417476 206
stats: 302 4 91
stats: tr_Initial_Get_Root 0 0 0 180.044 63.613 100.02747619047621 21
stats: match 8 208
stats: tr_Get_Root 0 0 0 136.325 120.633 128.47899999999998 2
stats: 200 4 125
stats: tr_Redirect_Root 0 0 0 144.436 63.441 94.29755172413793 29
stats: size_rcv 52199 1741442
stats: tr_Post_New_Comment_On_Post 0 0 0 74.009 12.938 52.28383333333333 6
stats: size_sent 5921 119651
stats: tr_Get_Post 0 0 0 830.844 746.821 785.8273333333333 6
stats: connected -4 10
stats: tr_Get_Logout 1 9.895 0.0 46.277 9.473 19.05075 4
stats: tr_Redirect_To_Post 1 840.728 0.0 843.773 776.23 795.7149090909093 11
stats: tr_Post_New_Comment_On_Comment 0 0 0 34.756 18.039 27.492166666666666 6
stats: tr_Get_Conversations 0 0 0 62.195 22.52 42.3575 2
stats: tr_Authenticate_User 0 0 0 9374.217 558.395 4027.133931034483 29
stats: tr_Get_New_Conversation 0 0 0 289.699 262.183 275.94100000000003 2
stats: tr_Post_New_Conversation 0 0 0 69.9 62.026 65.96300000000001 2
stats: tr_Get_Login 1 28.172 0.0 28.172 11.523 16.26625 4
stats: tr_Redirect_To_New_Conversation 0 0 0 63.89 49.193 56.5415 2
stats: tr_Post_Login 1 131.985 0.0 131.985 120.905 124.88575 4
stats: tr_Redirect_To_Same_Conversation 0 0 0 70.628 60.11 65.369 2
stats: tr_Reply_To_Conversation 0 0 0 114.945 113.362 114.1535 2
stats: tr_Get_New_Book 0 0 0 55.509 9.596 23.01814285714286 7
stats: tr_Post_New_Book 2 15.760000000000002 1.9740000000000015 44.905 9.14 22.974600000000002 5
stats: tr_Redirect_To_New_Book 2 32.7405 19.7165 52.457 11.529 17.197 4
# stats: dump at 1575622174
stats: users 10 29
stats: {recvpackets,"tsung_controller@ip-172-31-24-72"} 1 52.0 0.0 851 52 587.0 3
stats: {sentpackets,"tsung_controller@ip-172-31-24-72"} 1 28.0 0.0 367 28 269.0 3
stats: {cpu,"tsung_controller@ip-172-31-24-72"} 1 0.1 0.0 0.9995002498750625 0.1 0.5511670809404431 4
stats: {load,"tsung_controller@ip-172-31-24-72"} 1 0.05078125 0.0 0.0703125 0.0 0.0322265625 4
stats: {freemem,"tsung_controller@ip-172-31-24-72"} 1 721.7890625 0.0 725.75390625 719.53125 722.5908203125 4
stats: session 0 0 0 29211.997 9354.077 16474.488684210526 19
stats: users_count 0 29
stats: finish_users_count 0 19
stats: connect 0 0 0 9.239 0.683 1.1035517241379311 29
stats: page 0 0 0 840.546 5.633 131.78638317757012 214
stats: request 0 0 0 840.546 5.633 130.56443055555556 216
stats: tr_Initial_Get_Root 0 0 0 180.044 63.613 100.02747619047621 21
stats: 302 0 91
stats: tr_Get_Root 0 0 0 136.325 120.633 128.47899999999998 2
stats: match 0 208
stats: tr_Redirect_Root 0 0 0 144.436 63.441 94.29755172413793 29
stats: 200 0 125
stats: tr_Post_New_Comment_On_Post 0 0 0 74.009 12.938 52.28383333333333 6
stats: size_rcv 0 1741442
stats: tr_Get_Post 0 0 0 830.844 746.821 785.8273333333333 6
stats: size_sent 0 119651
stats: tr_Get_Logout 0 0 0 46.277 9.473 17.2196 5
stats: connected 0 10
stats: tr_Redirect_To_Post 0 0 0 843.773 776.23 799.466 12
stats: tr_Post_New_Comment_On_Comment 0 0 0 34.756 18.039 27.492166666666666 6
stats: tr_Get_Conversations 0 0 0 62.195 22.52 42.3575 2
stats: tr_Authenticate_User 0 0 0 9374.217 558.395 4027.133931034483 29
stats: tr_Get_New_Conversation 0 0 0 289.699 262.183 275.94100000000003 2
stats: tr_Post_New_Conversation 0 0 0 69.9 62.026 65.96300000000001 2
stats: tr_Get_Login 0 0 0 28.172 11.523 18.647399999999998 5
stats: tr_Redirect_To_New_Conversation 0 0 0 63.89 49.193 56.5415 2
stats: tr_Post_Login 0 0 0 131.985 120.905 126.3056 5
stats: tr_Redirect_To_Same_Conversation 0 0 0 70.628 60.11 65.369 2
stats: tr_Reply_To_Conversation 0 0 0 114.945 113.362 114.1535 2
stats: tr_Get_New_Book 0 0 0 55.509 9.596 23.01814285714286 7
stats: tr_Post_New_Book 0 0 0 44.905 9.14 20.913285714285717 7
stats: tr_Redirect_To_New_Book 0 0 0 52.457 11.529 22.37816666666667 6
# stats: dump at 1575622184
stats: users 9 29
stats: {recvpackets,"tsung_controller@ip-172-31-24-72"} 1 1.0 0.0 851 1 453.25 4
stats: {sentpackets,"tsung_controller@ip-172-31-24-72"} 1 1.0 0.0 367 1 208.75 4
stats: {cpu,"tsung_controller@ip-172-31-24-72"} 1 0.0 0.0 0.9995002498750625 0.0 0.4609336647523545 5
stats: {load,"tsung_controller@ip-172-31-24-72"} 1 0.0390625 0.0 0.0703125 0.0 0.0359375 5
stats: {freemem,"tsung_controller@ip-172-31-24-72"} 1 721.67578125 0.0 725.75390625 719.53125 722.43046875 5
stats: session 1 39581.235 0.0 39581.235 9354.077 16474.488684210526 19
stats: users_count 0 29
stats: finish_users_count 1 20
stats: request 1 14.061 0.0 840.546 5.633 130.56443055555556 216
stats: connect 0 0 0 9.239 0.683 1.1035517241379311 29
stats: page 1 14.061 0.0 840.546 5.633 131.78638317757012 214
stats: tr_Initial_Get_Root 0 0 0 180.044 63.613 100.02747619047621 21
stats: 302 0 91
stats: tr_Get_Root 0 0 0 136.325 120.633 128.47899999999998 2
stats: match 1 209
stats: tr_Redirect_Root 0 0 0 144.436 63.441 94.29755172413793 29
stats: 200 1 126
stats: tr_Post_New_Comment_On_Post 0 0 0 74.009 12.938 52.28383333333333 6
stats: size_rcv 2087 1743529
stats: tr_Get_Post 0 0 0 830.844 746.821 785.8273333333333 6
stats: size_sent 557 120208
stats: tr_Get_Logout 0 0 0 46.277 9.473 17.2196 5
stats: connected -1 9
stats: tr_Redirect_To_Post 0 0 0 843.773 776.23 799.466 12
stats: tr_Post_New_Comment_On_Comment 0 0 0 34.756 18.039 27.492166666666666 6
stats: tr_Get_Conversations 0 0 0 62.195 22.52 42.3575 2
stats: tr_Authenticate_User 0 0 0 9374.217 558.395 4027.133931034483 29
stats: tr_Get_New_Conversation 0 0 0 289.699 262.183 275.94100000000003 2
stats: tr_Post_New_Conversation 0 0 0 69.9 62.026 65.96300000000001 2
stats: tr_Get_Login 0 0 0 28.172 11.523 18.647399999999998 5
stats: tr_Redirect_To_New_Conversation 0 0 0 63.89 49.193 56.5415 2
stats: tr_Post_Login 0 0 0 131.985 120.905 126.3056 5
stats: tr_Redirect_To_Same_Conversation 0 0 0 70.628 60.11 65.369 2
stats: tr_Reply_To_Conversation 0 0 0 114.945 113.362 114.1535 2
stats: tr_Get_New_Book 0 0 0 55.509 9.596 23.01814285714286 7
stats: tr_Post_New_Book 0 0 0 44.905 9.14 20.913285714285717 7
stats: tr_Redirect_To_New_Book 1 14.233 0.0 52.457 11.529 22.37816666666667 6
# stats: dump at 1575622194
stats: users 9 29
stats: {recvpackets,"tsung_controller@ip-172-31-24-72"} 1 6.0 0.0 851 1 362.8 5
stats: {sentpackets,"tsung_controller@ip-172-31-24-72"} 1 6.0 0.0 367 1 167.2 5
stats: {cpu,"tsung_controller@ip-172-31-24-72"} 1 0.0999000999000999 0.0 0.9995002498750625 0.0 0.38411138729362876 6
stats: {load,"tsung_controller@ip-172-31-24-72"} 1 0.0390625 0.0 0.0703125 0.0 0.036458333333333336 6
stats: {freemem,"tsung_controller@ip-172-31-24-72"} 1 721.8203125 0.0 725.75390625 719.53125 722.3046875 6
stats: session 0 0 0 39581.235 9354.077 17629.825999999997 20
stats: users_count 0 29
stats: finish_users_count 0 20
stats: request 0 0 0 840.546 5.633 130.0275483870968 217
stats: connect 0 0 0 9.239 0.683 1.1035517241379311 29
stats: tr_Initial_Get_Root 0 0 0 180.044 63.613 100.02747619047621 21
stats: page 0 0 0 840.546 5.633 131.23882325581397 215
stats: 302 0 91
stats: tr_Get_Root 0 0 0 136.325 120.633 128.47899999999998 2
stats: match 0 209
stats: tr_Redirect_Root 0 0 0 144.436 63.441 94.29755172413793 29
stats: 200 0 126
stats: tr_Post_New_Comment_On_Post 0 0 0 74.009 12.938 52.28383333333333 6
stats: size_rcv 0 1743529
stats: tr_Get_Post 0 0 0 830.844 746.821 785.8273333333333 6
stats: size_sent 0 120208
stats: tr_Get_Logout 0 0 0 46.277 9.473 17.2196 5
stats: connected 0 9
stats: tr_Redirect_To_Post 0 0 0 843.773 776.23 799.466 12
stats: tr_Post_New_Comment_On_Comment 0 0 0 34.756 18.039 27.492166666666666 6
stats: tr_Get_Conversations 0 0 0 62.195 22.52 42.3575 2
stats: tr_Authenticate_User 0 0 0 9374.217 558.395 4027.133931034483 29
stats: tr_Get_New_Conversation 0 0 0 289.699 262.183 275.94100000000003 2
stats: tr_Post_New_Conversation 0 0 0 69.9 62.026 65.96300000000001 2
stats: tr_Get_Login 0 0 0 28.172 11.523 18.647399999999998 5
stats: tr_Redirect_To_New_Conversation 0 0 0 63.89 49.193 56.5415 2
stats: tr_Post_Login 0 0 0 131.985 120.905 126.3056 5
stats: tr_Redirect_To_Same_Conversation 0 0 0 70.628 60.11 65.369 2
stats: tr_Reply_To_Conversation 0 0 0 114.945 113.362 114.1535 2
stats: tr_Get_New_Book 0 0 0 55.509 9.596 23.01814285714286 7
stats: tr_Post_New_Book 0 0 0 44.905 9.14 20.913285714285717 7
stats: tr_Redirect_To_New_Book 0 0 0 52.457 11.529 21.21457142857143 7
# stats: dump at 1575622204
stats: users 7 29
stats: {recvpackets,"tsung_controller@ip-172-31-24-72"} 1 2.0 0.0 851 1 303.3333333333333 6
stats: {sentpackets,"tsung_controller@ip-172-31-24-72"} 1 2.0 0.0 367 1 140.33333333333334 6
stats: {cpu,"tsung_controller@ip-172-31-24-72"} 1 0.04997501249375312 0.0 0.9995002498750625 0.0 0.34350977480883893 7
stats: {load,"tsung_controller@ip-172-31-24-72"} 1 0.03125 0.0 0.0703125 0.0 0.036830357142857144 7
stats: {freemem,"tsung_controller@ip-172-31-24-72"} 1 721.69921875 0.0 725.75390625 719.53125 722.2354910714286 7
stats: session 2 72492.23199999999 3296.874000000007 75789.106 9354.077 17629.825999999997 20
stats: users_count 0 29
stats: finish_users_count 2 22
stats: connect 0 0 0 9.239 0.683 1.1035517241379311 29
stats: request 2 60046.063500000004 10.933500000001004 60056.997 5.633 130.0275483870968 217
stats: 302 0 91
stats: page 2 60046.063500000004 10.933500000001004 60056.997 5.633 131.23882325581397 215
stats: tr_Initial_Get_Root 0 0 0 180.044 63.613 100.02747619047621 21
stats: match_stop 2 2
stats: tr_Get_Root 0 0 0 136.325 120.633 128.47899999999998 2
stats: 504 2 2
stats: tr_Redirect_Root 0 0 0 144.436 63.441 94.29755172413793 29
stats: match 0 209
stats: tr_Post_New_Comment_On_Post 0 0 0 74.009 12.938 52.28383333333333 6
stats: 200 0 126
stats: tr_Get_Post 0 0 0 830.844 746.821 785.8273333333333 6
stats: size_rcv 658 1744187
stats: tr_Get_Logout 0 0 0 46.277 9.473 17.2196 5
stats: nomatch 2 2
stats: tr_Redirect_To_Post 0 0 0 843.773 776.23 799.466 12
stats: size_sent 0 120208
stats: tr_Post_New_Comment_On_Comment 0 0 0 34.756 18.039 27.492166666666666 6
stats: connected -2 7
stats: tr_Get_Conversations 0 0 0 62.195 22.52 42.3575 2
stats: tr_Authenticate_User 0 0 0 9374.217 558.395 4027.133931034483 29
stats: tr_Get_New_Conversation 0 0 0 289.699 262.183 275.94100000000003 2
stats: tr_Post_New_Conversation 0 0 0 69.9 62.026 65.96300000000001 2
stats: tr_Get_Login 0 0 0 28.172 11.523 18.647399999999998 5
stats: tr_Redirect_To_New_Conversation 0 0 0 63.89 49.193 56.5415 2
stats: tr_Post_Login 0 0 0 131.985 120.905 126.3056 5
stats: tr_Redirect_To_Same_Conversation 0 0 0 70.628 60.11 65.369 2
stats: tr_Reply_To_Conversation 0 0 0 114.945 113.362 114.1535 2
stats: tr_Get_New_Book 0 0 0 55.509 9.596 23.01814285714286 7
stats: tr_Post_New_Book 0 0 0 44.905 9.14 20.913285714285717 7
stats: tr_Redirect_To_New_Book 0 0 0 52.457 11.529 21.21457142857143 7
stats: tr_Get_Book 2 60046.2295 10.9375 60057.167 60035.292 0 0
# stats: dump at 1575622214
stats: users 3 29
stats: {recvpackets,"tsung_controller@ip-172-31-24-72"} 1 4.0 0.0 851 1 260.2857142857143 7
stats: {sentpackets,"tsung_controller@ip-172-31-24-72"} 1 6.0 0.0 367 1 120.57142857142857 7
stats: {cpu,"tsung_controller@ip-172-31-24-72"} 1 0.15 0.0 0.9995002498750625 0.0 0.3068179295194532 8
stats: {load,"tsung_controller@ip-172-31-24-72"} 1 0.01953125 0.0 0.0703125 0.0 0.0361328125 8
stats: {freemem,"tsung_controller@ip-172-31-24-72"} 1 723.84375 0.0 725.75390625 719.53125 722.16845703125 8
stats: session 4 72299.37475 2305.373618301203 75789.106 9354.077 22617.317454545453 22
stats: users_count 0 29
stats: finish_users_count 4 26
stats: request 4 60003.50675 2.999561165820345 60056.997 5.633 677.2059589041096 219
stats: connect 0 0 0 9.239 0.683 1.1035517241379311 29
stats: page 4 60003.50675 2.999561165820345 60056.997 5.633 683.4491889400922 217
stats: tr_Initial_Get_Root 0 0 0 180.044 63.613 100.02747619047621 21
stats: 302 0 91
stats: tr_Get_Root 0 0 0 136.325 120.633 128.47899999999998 2
stats: match_stop 4 6
stats: tr_Redirect_Root 0 0 0 144.436 63.441 94.29755172413793 29
stats: 504 4 6
stats: tr_Post_New_Comment_On_Post 0 0 0 74.009 12.938 52.28383333333333 6
stats: match 0 209
stats: tr_Get_Post 0 0 0 830.844 746.821 785.8273333333333 6
stats: 200 0 126
stats: tr_Get_Logout 0 0 0 46.277 9.473 17.2196 5
stats: size_rcv 1316 1745503
stats: tr_Redirect_To_Post 0 0 0 843.773 776.23 799.466 12
stats: nomatch 4 6
stats: tr_Post_New_Comment_On_Comment 0 0 0 34.756 18.039 27.492166666666666 6
stats: size_sent 0 120208
stats: tr_Get_Conversations 0 0 0 62.195 22.52 42.3575 2
stats: connected -4 3
stats: tr_Authenticate_User 0 0 0 9374.217 558.395 4027.133931034483 29
stats: tr_Get_New_Conversation 0 0 0 289.699 262.183 275.94100000000003 2
stats: tr_Post_New_Conversation 0 0 0 69.9 62.026 65.96300000000001 2
stats: tr_Get_Login 0 0 0 28.172 11.523 18.647399999999998 5
stats: tr_Redirect_To_New_Conversation 0 0 0 63.89 49.193 56.5415 2
stats: tr_Post_Login 0 0 0 131.985 120.905 126.3056 5
stats: tr_Redirect_To_Same_Conversation 0 0 0 70.628 60.11 65.369 2
stats: tr_Reply_To_Conversation 0 0 0 114.945 113.362 114.1535 2
stats: tr_Get_New_Book 0 0 0 55.509 9.596 23.01814285714286 7
stats: tr_Post_New_Book 0 0 0 44.905 9.14 20.913285714285717 7
stats: tr_Redirect_To_New_Book 0 0 0 52.457 11.529 21.21457142857143 7
stats: tr_Get_Book 4 60003.69275 3.006822357159132 60057.167 60001.29 60046.2295 2
# stats: dump at 1575622224
stats: users 18 29
stats: {recvpackets,"tsung_controller@ip-172-31-24-72"} 1 13.0 0.0 851 1 228.25 8
stats: {sentpackets,"tsung_controller@ip-172-31-24-72"} 1 19.0 0.0 367 1 106.25 8
stats: {cpu,"tsung_controller@ip-172-31-24-72"} 1 0.14992503748125938 0.0 0.9995002498750625 0.0 0.28939371512840284 9
stats: {load,"tsung_controller@ip-172-31-24-72"} 1 0.01953125 0.0 0.0703125 0.0 0.03428819444444445 9
stats: {freemem,"tsung_controller@ip-172-31-24-72"} 1 724.84765625 0.0 725.75390625 719.53125 722.3546006944445 9
stats: session 3 77303.07100000001 2151.78761669889 80223.077 9354.077 30260.710884615386 26
stats: users_count 18 47
stats: finish_users_count 3 29
stats: request 28 6478.2883571428565 18548.471759836957 60061.12 5.633 1741.3548520179372 223
stats: connect 17 3.2150588235294117 6.489223378445477 27.336 0.648 1.1035517241379311 29
stats: 302 4 95
stats: page 28 6478.2883571428565 18548.471759836957 60061.12 5.633 1757.1153891402716 221
stats: tr_Initial_Get_Root 11 76.90536363636365 11.006274072486006 180.044 55.412 100.02747619047621 21
stats: match_stop 3 9
stats: tr_Get_Root 0 0 0 136.325 120.633 128.47899999999998 2
stats: 504 3 9
stats: tr_Redirect_Root 0 0 0 144.436 63.441 94.29755172413793 29
stats: match 25 234
stats: tr_Post_New_Comment_On_Post 0 0 0 74.009 12.938 52.28383333333333 6
stats: 200 21 147
stats: tr_Get_Post 0 0 0 830.844 746.821 785.8273333333333 6
stats: size_rcv 210701 1956204
stats: tr_Get_Logout 0 0 0 46.277 9.473 17.2196 5
stats: nomatch 3 9
stats: tr_Redirect_To_Post 0 0 0 843.773 776.23 799.466 12
stats: newphase 1 1
stats: tr_Post_New_Comment_On_Comment 0 0 0 34.756 18.039 27.492166666666666 6
stats: size_sent 7246 127454
stats: tr_Get_Conversations 0 0 0 62.195 22.52 42.3575 2
stats: connected 14 17
stats: tr_Authenticate_User 2 1705.313 201.94300000000015 9374.217 558.395 4027.133931034483 29
stats: tr_Get_New_Conversation 0 0 0 289.699 262.183 275.94100000000003 2
stats: tr_Post_New_Conversation 0 0 0 69.9 62.026 65.96300000000001 2
stats: tr_Get_Login 0 0 0 28.172 11.523 18.647399999999998 5
stats: tr_Redirect_To_New_Conversation 0 0 0 63.89 49.193 56.5415 2
stats: tr_Post_Login 0 0 0 131.985 120.905 126.3056 5
stats: tr_Redirect_To_Same_Conversation 0 0 0 70.628 60.11 65.369 2
stats: tr_Reply_To_Conversation 0 0 0 114.945 113.362 114.1535 2
stats: tr_Get_New_Book 0 0 0 55.509 9.596 23.01814285714286 7
stats: tr_Post_New_Book 0 0 0 44.905 9.14 20.913285714285717 7
stats: tr_Redirect_To_New_Book 0 0 0 52.457 11.529 21.21457142857143 7
stats: tr_Get_Book 3 60023.176666666666 27.15905871384719 60061.318 60000.188 60017.871666666666 6
# stats: dump at 1575622234
stats: users 53 53
stats: {recvpackets,"tsung_controller@ip-172-31-24-72"} 1 317.0 0.0 851 1 204.33333333333334 9
stats: {sentpackets,"tsung_controller@ip-172-31-24-72"} 1 181.0 0.0 367 1 96.55555555555556 9
stats: {cpu,"tsung_controller@ip-172-31-24-72"} 1 0.20030045067601399 0.0 0.9995002498750625 0.0 0.2754468473636885 10
stats: {load,"tsung_controller@ip-172-31-24-72"} 1 0.01953125 0.0 0.0703125 0.0 0.0328125 10
stats: {freemem,"tsung_controller@ip-172-31-24-72"} 1 724.59765625 0.0 725.75390625 719.53125 722.60390625 10
stats: session 3 8201.407666666666 347.7645292640157 80223.077 7847.315 35127.16193103448 29
stats: users_count 38 85
stats: finish_users_count 3 32
stats: request 200 115.83803500000003 229.8889799494612 60061.12 5.117 2269.7777131474104 251
stats: page 200 115.83803500000003 229.8889799494612 60061.12 5.117 2288.010341365462 249
stats: connect 38 0.7951315789473684 0.40559865897296166 27.336 0.606 1.8838913043478258 46
stats: tr_Initial_Get_Root 25 72.77724 14.773306487797507 180.044 53.635 92.07925 32
stats: 302 90 185
stats: tr_Get_Root 0 0 0 136.325 120.633 128.47899999999998 2
stats: match_stop 0 9
stats: tr_Redirect_Root 27 72.21837037037037 12.914608891708212 144.436 57.721 94.29755172413793 29
stats: 504 0 9
stats: tr_Post_New_Comment_On_Post 8 26.699625000000005 16.533354347632397 74.009 12.425 52.28383333333333 6
stats: match 200 434
stats: tr_Get_Post 8 958.929875 39.07979766912025 1005.565 746.821 785.8273333333333 6
stats: 200 111 258
stats: tr_Get_Logout 2 9.512 1.403 46.277 8.109 17.2196 5
stats: size_rcv 1631208 3587412
stats: tr_Redirect_To_Post 6 927.3038333333334 27.60070163007134 953.299 776.23 799.466 12
stats: nomatch 0 9
stats: tr_Post_New_Comment_On_Comment 2 14.3045 1.3404999999999991 34.756 12.964 27.492166666666666 6
stats: newphase 0 1
stats: tr_Get_Conversations 0 0 0 62.195 22.52 42.3575 2
stats: size_sent 108142 235596
stats: tr_Authenticate_User 34 3242.673264705882 1829.6050867491522 9374.217 543.623 3877.339032258065 31
stats: connected 35 52
stats: tr_Get_New_Conversation 0 0 0 289.699 262.183 275.94100000000003 2
stats: tr_Post_New_Conversation 0 0 0 69.9 62.026 65.96300000000001 2
stats: tr_Get_Login 1 8.504 0.0 28.172 8.504 18.647399999999998 5
stats: tr_Redirect_To_New_Conversation 0 0 0 63.89 49.193 56.5415 2
stats: tr_Post_Login 1 121.5 0.0 131.985 120.905 126.3056 5
stats: tr_Redirect_To_Same_Conversation 0 0 0 70.628 60.11 65.369 2
stats: tr_Reply_To_Conversation 0 0 0 114.945 113.362 114.1535 2
stats: tr_Get_New_Book 6 11.129166666666668 2.839137158637384 55.509 8.599 23.01814285714286 7
stats: tr_Post_New_Book 4 20.282500000000002 12.074489502666355 44.905 8.801 20.913285714285717 7
stats: tr_Redirect_To_New_Book 1 10.127 0.0 52.457 10.127 21.21457142857143 7
stats: tr_Get_Book 0 0 0 60061.318 60000.188 60019.64 9
# stats: dump at 1575622244
stats: users 37 54
stats: {recvpackets,"tsung_controller@ip-172-31-24-72"} 1 1891.0 0.0 1891 1 215.6 10
stats: {sentpackets,"tsung_controller@ip-172-31-24-72"} 1 842.0 0.0 842 1 105.0 10
stats: {cpu,"tsung_controller@ip-172-31-24-72"} 1 1.6032064128256511 0.0 1.6032064128256511 0.0 0.2686153567557181 11
stats: {load,"tsung_controller@ip-172-31-24-72"} 1 0.01171875 0.0 0.0703125 0.0 0.03160511363636364 11
stats: {freemem,"tsung_controller@ip-172-31-24-72"} 1 708.22265625 0.0 725.75390625 708.22265625 722.78515625 11
stats: session 19 12468.970999999998 3476.4111884914796 80223.077 6568.633 32602.87246875 32
stats: users_count 3 88
stats: finish_users_count 19 51
stats: connect 4 0.7969999999999999 0.12324771803161305 27.336 0.606 1.3913571428571427 84
stats: page 166 201.85611445783132 351.6842775330691 60061.12 5.117 1320.450293986637 449
stats: request 166 201.85611445783132 351.6842775330691 60061.12 5.117 1314.593820399113 451
stats: tr_Initial_Get_Root 2 73.717 0.7459999999999951 180.044 53.635 83.61345614035089 57
stats: 302 76 261
stats: tr_Get_Root 0 0 0 136.325 120.633 128.47899999999998 2
stats: match_stop 0 9
stats: tr_Redirect_Root 28 82.64060714285714 26.554982671187947 210.999 57.721 83.65223214285713 56
stats: 504 0 9
stats: tr_Post_New_Comment_On_Post 10 19.525 7.341470315951703 74.009 11.075 37.66428571428571 14
stats: match 166 600
stats: tr_Get_Post 10 974.1248000000002 51.76833349027185 1068.355 746.821 884.7430714285714 14
stats: 200 89 347
stats: tr_Get_Logout 3 24.500333333333334 11.240190696286646 46.277 8.109 15.017428571428571 7
stats: size_rcv 1918409 5505821
stats: tr_Redirect_To_Post 18 989.2493333333332 31.38943870865559 1039.83 776.23 842.0786111111112 18
stats: nomatch 0 9
stats: tr_Post_New_Comment_On_Comment 11 17.744272727272726 5.896186812306734 34.756 12.467 24.19525 8
stats: newphase 0 1
stats: tr_Get_Conversations 0 0 0 62.195 22.52 42.3575 2
stats: size_sent 103179 338775
stats: tr_Authenticate_User 22 4920.741545454545 3182.5989202702326 16343.392 543.623 3545.3600153846155 65
stats: connected -15 37
stats: tr_Get_New_Conversation 0 0 0 289.699 262.183 275.94100000000003 2
stats: tr_Post_New_Conversation 0 0 0 69.9 62.026 65.96300000000001 2
stats: tr_Get_Login 3 10.711 2.4730826917028073 28.172 8.504 16.956833333333332 6
stats: tr_Redirect_To_New_Conversation 0 0 0 63.89 49.193 56.5415 2
stats: tr_Post_Login 3 130.19566666666665 8.181518454554881 141.542 120.905 125.50466666666667 6
stats: tr_Redirect_To_Same_Conversation 0 0 0 70.628 60.11 65.369 2
stats: tr_Reply_To_Conversation 0 0 0 114.945 113.362 114.1535 2
stats: tr_Get_New_Book 8 9.1355 0.6589816006536149 55.509 8.046 17.530923076923077 13
stats: tr_Post_New_Book 9 12.442111111111112 5.042720329443984 44.905 7.179 20.683909090909093 11
stats: tr_Redirect_To_New_Book 8 10.375125 1.0439889172663668 52.457 8.456 19.828625000000002 8
stats: tr_Get_Book 0 0 0 60061.318 60000.188 60019.64 9
# stats: dump at 1575622254
stats: users 17 54
stats: {recvpackets,"tsung_controller@ip-172-31-24-72"} 1 1653.0 0.0 1891 1 367.90909090909093 11
stats: {sentpackets,"tsung_controller@ip-172-31-24-72"} 1 566.0 0.0 842 1 172.0 11
stats: {cpu,"tsung_controller@ip-172-31-24-72"} 1 2.1945137157107233 0.0 2.1945137157107233 0.0 0.3798312780948792 12
stats: {load,"tsung_controller@ip-172-31-24-72"} 1 0.01171875 0.0 0.0703125 0.0 0.02994791666666667 12
stats: {freemem,"tsung_controller@ip-172-31-24-72"} 1 703.875 0.0 725.75390625 703.875 721.5716145833334 12
stats: session 20 18665.3217 5232.610957068947 80223.077 6568.633 25102.007215686273 51
stats: users_count 0 88
stats: finish_users_count 20 71
stats: request 55 372.91938181818193 475.9367517134448 60061.12 5.117 1015.2186839546191 617
stats: connect 0 0 0 27.336 0.606 1.364340909090909 88
stats: tr_Initial_Get_Root 0 0 0 180.044 53.635 83.27798305084747 59
stats: page 55 372.91938181818193 475.9367517134448 60061.12 5.117 1018.5208081300814 615
stats: 302 19 280
stats: tr_Get_Root 0 0 0 136.325 120.633 128.47899999999998 2
stats: match_stop 0 9
stats: tr_Redirect_Root 4 91.25175 12.07921448967192 210.999 57.721 83.31502380952381 84
stats: 504 0 9
stats: tr_Post_New_Comment_On_Post 3 19.471 9.232736539076589 74.009 11.075 30.10625 24
stats: match 55 655
stats: tr_Get_Post 3 976.8100000000001 28.696275205445566 1068.355 746.821 921.9854583333334 24
stats: 200 36 383
stats: tr_Get_Logout 1 8.842 0.0 46.277 8.109 17.862299999999998 10
stats: size_rcv 965759 6471580
stats: tr_Redirect_To_Post 16 1039.878125 67.21128972117982 1272.45 776.23 915.6639722222221 36
stats: nomatch 0 9
stats: tr_Post_New_Comment_On_Comment 8 17.520750000000003 8.362873949038095 38.552 11.398 20.460473684210527 19
stats: newphase 0 1
stats: tr_Get_Conversations 0 0 0 62.195 22.52 42.3575 2
stats: size_sent 31994 370769
stats: tr_Authenticate_User 1 10118.041 0.0 16343.392 543.623 3893.157643678161 87
stats: connected -20 17
stats: tr_Get_New_Conversation 0 0 0 289.699 262.183 275.94100000000003 2
stats: tr_Post_New_Conversation 0 0 0 69.9 62.026 65.96300000000001 2
stats: tr_Get_Login 2 9.847000000000001 0.94 28.172 8.504 14.874888888888888 9
stats: tr_Redirect_To_New_Conversation 0 0 0 63.89 49.193 56.5415 2
stats: tr_Post_Login 2 133.43699999999998 8.601999999999993 142.039 120.905 127.06833333333333 9
stats: tr_Redirect_To_Same_Conversation 0 0 0 70.628 60.11 65.369 2
stats: tr_Reply_To_Conversation 0 0 0 114.945 113.362 114.1535 2
stats: tr_Get_New_Book 3 9.905 0.7884989959832965 55.509 8.046 14.332666666666666 21
stats: tr_Post_New_Book 4 12.937750000000001 7.301920000075322 44.905 7.179 16.975100000000005 20
stats: tr_Redirect_To_New_Book 8 12.690124999999998 4.213754099300883 52.457 8.456 15.101875000000001 16
stats: tr_Get_Book 0 0 0 60061.318 60000.188 60019.64 9
# stats: dump at 1575622264
stats: users 15 54
stats: {recvpackets,"tsung_controller@ip-172-31-24-72"} 1 617.0 0.0 1891 1 475.0 12
stats: {sentpackets,"tsung_controller@ip-172-31-24-72"} 1 189.0 0.0 842 1 204.83333333333334 12
stats: {cpu,"tsung_controller@ip-172-31-24-72"} 1 0.6006006006006006 0.0 2.1945137157107233 0.0 0.5194222348345595 13
stats: {load,"tsung_controller@ip-172-31-24-72"} 1 0.01171875 0.0 0.0703125 0.0 0.02854567307692308 13
stats: {freemem,"tsung_controller@ip-172-31-24-72"} 1 706.61328125 0.0 725.75390625 703.875 720.2103365384615 13
stats: session 2 24952.1725 3244.2485000000006 80223.077 6568.633 23288.856366197186 71
stats: users_count 0 88
stats: finish_users_count 2 73
stats: request 2 1114.0325 77.80950000000007 60061.12 5.117 962.6495446428571 672
stats: connect 0 0 0 27.336 0.606 1.364340909090909 88
stats: tr_Initial_Get_Root 0 0 0 180.044 53.635 83.27798305084747 59
stats: page 2 1114.0325 77.80950000000007 60061.12 5.117 965.523676119403 670
stats: 302 0 280
stats: tr_Get_Root 0 0 0 136.325 120.633 128.47899999999998 2
stats: match_stop 0 9
stats: tr_Redirect_Root 0 0 0 210.999 57.721 83.67578409090908 88
stats: 504 0 9
stats: tr_Post_New_Comment_On_Post 0 0 0 74.009 11.075 28.924555555555553 27
stats: match 2 657
stats: tr_Get_Post 0 0 0 1068.355 746.821 928.0770740740742 27
stats: 200 2 385
stats: tr_Get_Logout 0 0 0 46.277 8.109 17.042272727272728 11
stats: size_rcv 90442 6562022
stats: tr_Redirect_To_Post 2 1114.2265 77.82249999999999 1272.45 776.23 953.8837115384614 52
stats: nomatch 0 9
stats: tr_Post_New_Comment_On_Comment 0 0 0 38.552 11.398 19.589444444444446 27
stats: newphase 0 1
stats: tr_Get_Conversations 0 0 0 62.195 22.52 42.3575 2
stats: size_sent 1126 371895
stats: tr_Authenticate_User 0 0 0 16343.392 543.623 3963.894954545455 88
stats: connected -2 15
stats: tr_Get_New_Conversation 0 0 0 289.699 262.183 275.94100000000003 2
stats: tr_Post_New_Conversation 0 0 0 69.9 62.026 65.96300000000001 2
stats: tr_Get_Login 0 0 0 28.172 8.504 13.96072727272727 11
stats: tr_Redirect_To_New_Conversation 0 0 0 63.89 49.193 56.5415 2
stats: tr_Post_Login 0 0 0 142.039 120.905 128.22627272727274 11
stats: tr_Redirect_To_Same_Conversation 0 0 0 70.628 60.11 65.369 2
stats: tr_Reply_To_Conversation 0 0 0 114.945 113.362 114.1535 2
stats: tr_Get_New_Book 0 0 0 55.509 8.046 13.779208333333331 24
stats: tr_Post_New_Book 0 0 0 44.905 7.179 16.302208333333336 24
stats: tr_Redirect_To_New_Book 0 0 0 52.457 8.456 14.297958333333334 24
stats: tr_Get_Book 0 0 0 60061.318 60000.188 60019.64 9
# stats: dump at 1575622274
stats: users 15 54
stats: {recvpackets,"tsung_controller@ip-172-31-24-72"} 1 71.0 0.0 1891 1 485.9230769230769 13
stats: {sentpackets,"tsung_controller@ip-172-31-24-72"} 1 18.0 0.0 842 1 203.6153846153846 13
stats: {cpu,"tsung_controller@ip-172-31-24-72"} 1 0.10005002501250625 0.0 2.1945137157107233 0.0 0.5252206895321339 14
stats: {load,"tsung_controller@ip-172-31-24-72"} 1 0.01171875 0.0 0.0703125 0.0 0.027343750000000003 14
stats: {freemem,"tsung_controller@ip-172-31-24-72"} 1 710.640625 0.0 725.75390625 703.875 719.2391183035714 14
stats: session 0 0 0 80223.077 6568.633 23334.42667123288 73
stats: users_count 0 88
stats: finish_users_count 0 73
stats: request 0 0 0 60061.12 5.117 963.0987522255191 674
stats: tr_Initial_Get_Root 0 0 0 180.044 53.635 83.27798305084747 59
stats: connect 0 0 0 27.336 0.606 1.364340909090909 88
stats: page 0 0 0 60061.12 5.117 965.9656666666666 672
stats: 302 0 280
stats: tr_Get_Root 0 0 0 136.325 120.633 128.47899999999998 2
stats: match_stop 0 9
stats: tr_Redirect_Root 0 0 0 210.999 57.721 83.67578409090908 88
stats: 504 0 9
stats: tr_Post_New_Comment_On_Post 0 0 0 74.009 11.075 28.924555555555553 27
stats: match 0 657
stats: tr_Get_Post 0 0 0 1068.355 746.821 928.0770740740742 27
stats: 200 0 385
stats: tr_Get_Logout 0 0 0 46.277 8.109 17.042272727272728 11
stats: size_rcv 0 6562022
stats: tr_Redirect_To_Post 0 0 0 1272.45 776.23 959.8223333333333 54
stats: nomatch 0 9
stats: tr_Post_New_Comment_On_Comment 0 0 0 38.552 11.398 19.589444444444446 27
stats: newphase 0 1
stats: tr_Get_Conversations 0 0 0 62.195 22.52 42.3575 2
stats: size_sent 0 371895
stats: tr_Authenticate_User 0 0 0 16343.392 543.623 3963.894954545455 88
stats: connected 0 15
stats: tr_Get_New_Conversation 0 0 0 289.699 262.183 275.94100000000003 2
stats: tr_Post_New_Conversation 0 0 0 69.9 62.026 65.96300000000001 2
stats: tr_Get_Login 0 0 0 28.172 8.504 13.96072727272727 11
stats: tr_Redirect_To_New_Conversation 0 0 0 63.89 49.193 56.5415 2
stats: tr_Post_Login 0 0 0 142.039 120.905 128.22627272727274 11
stats: tr_Redirect_To_Same_Conversation 0 0 0 70.628 60.11 65.369 2
stats: tr_Reply_To_Conversation 0 0 0 114.945 113.362 114.1535 2
stats: tr_Get_New_Book 0 0 0 55.509 8.046 13.779208333333331 24
stats: tr_Post_New_Book 0 0 0 44.905 7.179 16.302208333333336 24
stats: tr_Redirect_To_New_Book 0 0 0 52.457 8.456 14.297958333333334 24
stats: tr_Get_Book 0 0 0 60061.318 60000.188 60019.64 9
# stats: dump at 1575622284
stats: users 15 54
stats: {recvpackets,"tsung_controller@ip-172-31-24-72"} 1 0.0 0.0 1891 0 456.2857142857143 14
stats: {sentpackets,"tsung_controller@ip-172-31-24-72"} 1 0.0 0.0 842 0 190.35714285714286 14
stats: {cpu,"tsung_controller@ip-172-31-24-72"} 1 0.0 0.0 2.1945137157107233 0.0 0.4968759785641587 15
stats: {load,"tsung_controller@ip-172-31-24-72"} 1 0.01171875 0.0 0.0703125 0.0 0.026302083333333337 15
stats: {freemem,"tsung_controller@ip-172-31-24-72"} 1 710.5234375 0.0 725.75390625 703.875 718.6658854166667 15
stats: session 0 0 0 80223.077 6568.633 23334.42667123288 73
stats: users_count 0 88
stats: finish_users_count 0 73
stats: request 0 0 0 60061.12 5.117 963.0987522255191 674
stats: tr_Initial_Get_Root 0 0 0 180.044 53.635 83.27798305084747 59
stats: connect 0 0 0 27.336 0.606 1.364340909090909 88
stats: page 0 0 0 60061.12 5.117 965.9656666666666 672
stats: 302 0 280
stats: tr_Get_Root 0 0 0 136.325 120.633 128.47899999999998 2
stats: match_stop 0 9
stats: tr_Redirect_Root 0 0 0 210.999 57.721 83.67578409090908 88
stats: 504 0 9
stats: tr_Post_New_Comment_On_Post 0 0 0 74.009 11.075 28.924555555555553 27
stats: match 0 657
stats: tr_Get_Post 0 0 0 1068.355 746.821 928.0770740740742 27
stats: 200 0 385
stats: tr_Get_Logout 0 0 0 46.277 8.109 17.042272727272728 11
stats: size_rcv 0 6562022
stats: tr_Redirect_To_Post 0 0 0 1272.45 776.23 959.8223333333333 54
stats: nomatch 0 9
stats: tr_Post_New_Comment_On_Comment 0 0 0 38.552 11.398 19.589444444444446 27
stats: newphase 0 1
stats: tr_Get_Conversations 0 0 0 62.195 22.52 42.3575 2
stats: size_sent 0 371895
stats: tr_Authenticate_User 0 0 0 16343.392 543.623 3963.894954545455 88
stats: connected 0 15
stats: tr_Get_New_Conversation 0 0 0 289.699 262.183 275.94100000000003 2
stats: tr_Post_New_Conversation 0 0 0 69.9 62.026 65.96300000000001 2
stats: tr_Get_Login 0 0 0 28.172 8.504 13.96072727272727 11
stats: tr_Redirect_To_New_Conversation 0 0 0 63.89 49.193 56.5415 2
stats: tr_Post_Login 0 0 0 142.039 120.905 128.22627272727274 11
stats: tr_Redirect_To_Same_Conversation 0 0 0 70.628 60.11 65.369 2
stats: tr_Reply_To_Conversation 0 0 0 114.945 113.362 114.1535 2
stats: tr_Get_New_Book 0 0 0 55.509 8.046 13.779208333333331 24
stats: tr_Post_New_Book 0 0 0 44.905 7.179 16.302208333333336 24
stats: tr_Redirect_To_New_Book 0 0 0 52.457 8.456 14.297958333333334 24
stats: tr_Get_Book 0 0 0 60061.318 60000.188 60019.64 9
# stats: dump at 1575622294
stats: users 10 54
stats: {recvpackets,"tsung_controller@ip-172-31-24-72"} 1 1.0 0.0 1891 0 425.8666666666667 15
stats: {sentpackets,"tsung_controller@ip-172-31-24-72"} 1 1.0 0.0 842 0 177.66666666666666 15
stats: {cpu,"tsung_controller@ip-172-31-24-72"} 1 0.04997501249375312 0.0 2.1945137157107233 0.0 0.4658212299038988 16
stats: {load,"tsung_controller@ip-172-31-24-72"} 1 0.0 0.0 0.0703125 0.0 0.025390625000000003 16
stats: {freemem,"tsung_controller@ip-172-31-24-72"} 1 710.609375 0.0 725.75390625 703.875 718.156982421875 16
stats: session 5 66911.689 3418.332450676671 80223.077 6568.633 23334.42667123288 73
stats: users_count 0 88
stats: finish_users_count 5 78
stats: connect 0 0 0 27.336 0.606 1.364340909090909 88
stats: request 4 60048.4835 12.794845241345612 60061.256 5.117 963.0987522255191 674
stats: page 4 60048.4835 12.794845241345612 60061.256 5.117 965.9656666666666 672
stats: tr_Initial_Get_Root 0 0 0 180.044 53.635 83.27798305084747 59
stats: 302 0 280
stats: tr_Get_Root 0 0 0 136.325 120.633 128.47899999999998 2
stats: match_stop 4 13
stats: tr_Redirect_Root 0 0 0 210.999 57.721 83.67578409090908 88
stats: 504 4 13
stats: tr_Post_New_Comment_On_Post 0 0 0 74.009 11.075 28.924555555555553 27
stats: match 0 657
stats: tr_Get_Post 0 0 0 1068.355 746.821 928.0770740740742 27
stats: 200 0 385
stats: tr_Get_Logout 0 0 0 46.277 8.109 17.042272727272728 11
stats: size_rcv 1316 6563338
stats: tr_Redirect_To_Post 0 0 0 1272.45 776.23 959.8223333333333 54
stats: nomatch 4 13
stats: tr_Post_New_Comment_On_Comment 0 0 0 38.552 11.398 19.589444444444446 27
stats: newphase 0 1
stats: tr_Get_Conversations 0 0 0 62.195 22.52 42.3575 2
stats: size_sent 0 371895
stats: tr_Authenticate_User 0 0 0 16343.392 543.623 3963.894954545455 88
stats: connected -4 11
stats: tr_Get_New_Conversation 0 0 0 289.699 262.183 275.94100000000003 2
stats: tr_Post_New_Conversation 0 0 0 69.9 62.026 65.96300000000001 2
stats: tr_Get_Login 0 0 0 28.172 8.504 13.96072727272727 11
stats: tr_Redirect_To_New_Conversation 0 0 0 63.89 49.193 56.5415 2
stats: tr_Post_Login 0 0 0 142.039 120.905 128.22627272727274 11
stats: tr_Redirect_To_Same_Conversation 0 0 0 70.628 60.11 65.369 2
stats: tr_Reply_To_Conversation 0 0 0 114.945 113.362 114.1535 2
stats: tr_Get_New_Book 0 0 0 55.509 8.046 13.779208333333331 24
stats: tr_Post_New_Book 0 0 0 44.905 7.179 16.302208333333336 24
stats: tr_Redirect_To_New_Book 0 0 0 52.457 8.456 14.297958333333334 24
stats: tr_Get_Book 4 60048.65725 12.811211854758595 60061.501 60000.188 60019.64 9
# stats: dump at 1575622304
stats: users 3 54
stats: {recvpackets,"tsung_controller@ip-172-31-24-72"} 1 15.0 0.0 1891 0 399.3125 16
stats: {sentpackets,"tsung_controller@ip-172-31-24-72"} 1 21.0 0.0 842 0 166.625 16
stats: {cpu,"tsung_controller@ip-172-31-24-72"} 1 0.15 0.0 2.1945137157107233 0.0 0.44135968770330203 17
stats: {load,"tsung_controller@ip-172-31-24-72"} 1 0.0 0.0 0.0703125 0.0 0.023897058823529414 17
stats: {freemem,"tsung_controller@ip-172-31-24-72"} 1 710.89453125 0.0 725.75390625 703.875 717.7130055147059 17
stats: session 7 70006.92428571428 3018.5283375901554 80223.077 6568.633 26127.840923076925 78
stats: users_count 0 88
stats: finish_users_count 7 85
stats: connect 0 0 0 27.336 0.606 1.364340909090909 88
stats: request 8 60029.2645 25.331771508323286 60061.261 5.117 1311.6850929203538 678
stats: page 8 60029.2645 25.331771508323286 60061.261 5.117 1315.5663639053255 676
stats: tr_Initial_Get_Root 0 0 0 180.044 53.635 83.27798305084747 59
stats: 302 0 280
stats: tr_Get_Root 0 0 0 136.325 120.633 128.47899999999998 2
stats: match_stop 8 21
stats: tr_Redirect_Root 0 0 0 210.999 57.721 83.67578409090908 88
stats: 504 8 21
stats: tr_Post_New_Comment_On_Post 0 0 0 74.009 11.075 28.924555555555553 27
stats: match 0 657
stats: tr_Get_Post 0 0 0 1068.355 746.821 928.0770740740742 27
stats: 200 0 385
stats: tr_Get_Logout 0 0 0 46.277 8.109 17.042272727272728 11
stats: size_rcv 2632 6565970
stats: tr_Redirect_To_Post 0 0 0 1272.45 776.23 959.8223333333333 54
stats: nomatch 8 21
stats: tr_Post_New_Comment_On_Comment 0 0 0 38.552 11.398 19.589444444444446 27
stats: newphase 0 1
stats: tr_Get_Conversations 0 0 0 62.195 22.52 42.3575 2
stats: size_sent 0 371895
stats: tr_Authenticate_User 0 0 0 16343.392 543.623 3963.894954545455 88
stats: connected -8 3
stats: tr_Get_New_Conversation 0 0 0 289.699 262.183 275.94100000000003 2
stats: tr_Post_New_Conversation 0 0 0 69.9 62.026 65.96300000000001 2
stats: tr_Get_Login 0 0 0 28.172 8.504 13.96072727272727 11
stats: tr_Redirect_To_New_Conversation 0 0 0 63.89 49.193 56.5415 2
stats: tr_Post_Login 0 0 0 142.039 120.905 128.22627272727274 11
stats: tr_Redirect_To_Same_Conversation 0 0 0 70.628 60.11 65.369 2
stats: tr_Reply_To_Conversation 0 0 0 114.945 113.362 114.1535 2
stats: tr_Get_New_Book 0 0 0 55.509 8.046 13.779208333333331 24
stats: tr_Post_New_Book 0 0 0 44.905 7.179 16.302208333333336 24
stats: tr_Redirect_To_New_Book 0 0 0 52.457 8.456 14.297958333333334 24
stats: tr_Get_Book 8 60029.42112499999 25.337337248798658 60061.501 60000.122 60028.568384615384 13
# stats: dump at 1575622311
stats: users 0 54
stats: {recvpackets,"tsung_controller@ip-172-31-24-72"} 1 10.0 0.0 1891 0 376.70588235294116 17
stats: {sentpackets,"tsung_controller@ip-172-31-24-72"} 1 15.0 0.0 842 0 158.05882352941177 17
stats: {cpu,"tsung_controller@ip-172-31-24-72"} 1 0.1 0.0 2.1945137157107233 0.0 0.42517303838645193 18
stats: {load,"tsung_controller@ip-172-31-24-72"} 1 0.0 0.0 0.0703125 0.0 0.022569444444444448 18
stats: {freemem,"tsung_controller@ip-172-31-24-72"} 1 711.09375 0.0 725.75390625 703.875 717.3342013888889 18
stats: session 3 73936.33533333334 456.8363472494506 80223.077 6568.633 29741.412494117645 85
stats: users_count 0 88
stats: finish_users_count 3 88
stats: request 3 60004.913 1.2633941058383114 60061.261 5.117 1996.4382055393585 686
stats: connect 0 0 0 27.336 0.606 1.364340909090909 88
stats: page 3 60004.913 1.2633941058383114 60061.261 5.117 2002.2762836257311 684
stats: tr_Initial_Get_Root 0 0 0 180.044 53.635 83.27798305084747 59
stats: 302 0 280
stats: tr_Get_Root 0 0 0 136.325 120.633 128.47899999999998 2
stats: match_stop 3 24
stats: tr_Redirect_Root 0 0 0 210.999 57.721 83.67578409090908 88
stats: 504 3 24
stats: tr_Post_New_Comment_On_Post 0 0 0 74.009 11.075 28.924555555555553 27
stats: match 0 657
stats: tr_Get_Post 0 0 0 1068.355 746.821 928.0770740740742 27
stats: 200 0 385
stats: tr_Get_Logout 0 0 0 46.277 8.109 17.042272727272728 11
stats: size_rcv 987 6566957
stats: tr_Redirect_To_Post 0 0 0 1272.45 776.23 959.8223333333333 54
stats: nomatch 3 24
stats: tr_Post_New_Comment_On_Comment 0 0 0 38.552 11.398 19.589444444444446 27
stats: newphase 0 1
stats: tr_Get_Conversations 0 0 0 62.195 22.52 42.3575 2
stats: size_sent 0 371895
stats: tr_Authenticate_User 0 0 0 16343.392 543.623 3963.894954545455 88
stats: connected -3 0
stats: tr_Get_New_Conversation 0 0 0 289.699 262.183 275.94100000000003 2
stats: tr_Post_New_Conversation 0 0 0 69.9 62.026 65.96300000000001 2
stats: tr_Get_Login 0 0 0 28.172 8.504 13.96072727272727 11
stats: tr_Redirect_To_New_Conversation 0 0 0 63.89 49.193 56.5415 2
stats: tr_Post_Login 0 0 0 142.039 120.905 128.22627272727274 11
stats: tr_Redirect_To_Same_Conversation 0 0 0 70.628 60.11 65.369 2
stats: tr_Reply_To_Conversation 0 0 0 114.945 113.362 114.1535 2
stats: tr_Get_New_Book 0 0 0 55.509 8.046 13.779208333333331 24
stats: tr_Post_New_Book 0 0 0 44.905 7.179 16.302208333333336 24
stats: tr_Redirect_To_New_Book 0 0 0 52.457 8.456 14.297958333333334 24
stats: tr_Get_Book 3 60005.06666666667 1.2682295621145583 60061.501 60000.122 60028.89323809523 21
EndMonitor:{1575,622311,425953}
