# stats: dump at 1575892441
stats: users 19 19
stats: {cpu,"tsung_controller@ip-172-31-46-69"} 1 0.025881226058334324 0 0.025881226058334324 0.025881226058334324 0 0
stats: {load,"tsung_controller@ip-172-31-46-69"} 1 0.0 0 0.0 0.0 0 0
stats: {freemem,"tsung_controller@ip-172-31-46-69"} 1 375578.80859375 0 375578.80859375 375578.80859375 0 0
stats: users_count 19 19
stats: finish_users_count 0 0
stats: connect 18 2.379777777777778 2.056014147042648 10.83 1.452 0 0
stats: request 51 76.06109803921571 68.07651295338466 314.869 4.261 0 0
stats: page 51 76.06109803921571 68.07651295338466 314.869 4.261 0 0
stats: tr_Initial_Get_Root 11 118.21745454545454 20.4353997330107 171.541 98.258 0 0
stats: 302 18 18
stats: tr_Redirect_Root 3 102.356 4.577453950250797 106.733 96.037 0 0
stats: 200 33 33
stats: tr_Post_New_Comment_On_Post 1 8.573 0 8.573 8.573 0 0
stats: size_rcv 852609 852609
stats: tr_Get_Post 1 72.674 0 72.674 72.674 0 0
stats: size_sent 22080 22080
stats: tr_Get_Root 1 99.697 0 99.697 99.697 0 0
stats: connected 18 18
stats: tr_Post_New_Post 1 18.525 0 18.525 18.525 0 0
stats: tr_Get_New_Post 1 10.036 0 10.036 10.036 0 0
stats: tr_Redirect_To_Post 1 63.58 0 63.58 63.58 0 0
stats: tr_Authenticate_User 5 2455.6008 1069.1450215042673 4142.015 1010.989 0 0
stats: tr_Get_Book 1 181.999 0 181.999 181.999 0 0
# stats: dump at 1575892451
stats: users 22 27
stats: {recvpackets,"tsung_controller@ip-172-31-46-69"} 1 808 0 808 808 0 0
stats: {sentpackets,"tsung_controller@ip-172-31-46-69"} 1 271 0 271 271 0 0
stats: {cpu,"tsung_controller@ip-172-31-46-69"} 1 0.014574376164648808 0.0 0.025881226058334324 0.014574376164648808 0.025881226058334324 1
stats: {load,"tsung_controller@ip-172-31-46-69"} 1 0.0 0.0 0.0 0.0 0.0 1
stats: {freemem,"tsung_controller@ip-172-31-46-69"} 1 375569.5234375 0.0 375578.80859375 375569.5234375 375578.80859375 1
stats: session 6 12443.193833333333 2984.7930404448152 16062.139 6789.784 0 0
stats: users_count 9 28
stats: finish_users_count 6 6
stats: request 108 58.464444444444446 57.16152816026951 314.869 4.261 76.06109803921571 51
stats: connect 10 2.0618 0.44978523764125466 10.83 1.452 2.379777777777778 18
stats: page 108 58.464444444444446 57.16152816026951 314.869 4.261 76.06109803921571 51
stats: tr_Initial_Get_Root 7 103.67842857142857 4.0104043920476515 171.541 98.258 118.21745454545454 11
stats: 302 44 62
stats: tr_Redirect_Root 17 107.69358823529411 15.358004397243283 145.309 95.236 102.356 3
stats: 200 64 97
stats: tr_Post_New_Comment_On_Post 5 9.5166 0.6564472865356368 10.526 8.488 8.573 1
stats: size_rcv 1848410 2701019
stats: tr_Get_Post 5 70.28200000000001 11.811715370766432 92.897 61.234 72.674 1
stats: size_sent 61204 83284
stats: tr_Get_Root 0 0 0 99.697 99.697 99.697 1
stats: connected 4 22
stats: tr_Post_New_Post 1 8.932 0.0 18.525 8.932 18.525 1
stats: tr_Get_New_Post 1 10.845 0.0 10.845 10.036 10.036 1
stats: tr_Redirect_To_Post 7 71.38742857142856 16.437814599767414 111.162 60.842 63.58 1
stats: tr_Post_New_Comment_On_Comment 3 9.229 0.644156813206225 9.806 8.33 0 0
stats: tr_Redirect_To_New_Post 1 9.181 0 9.181 9.181 0 0
stats: tr_Authenticate_User 19 5177.424526315791 2435.022444849682 9578.791 1010.989 2455.6008 5
stats: tr_Get_Book 3 215.32900000000004 29.679895316526984 244.366 174.562 181.999 1
stats: tr_Get_New_Book 7 7.663857142857142 0.6283548652908598 8.835 7.044 0 0
stats: tr_Post_New_Book 3 7.288333333333334 0.24037516972895126 7.523 6.958 0 0
stats: tr_Redirect_To_New_Book 2 7.5495 0.2955000000000003 7.845 7.254 0 0
# stats: dump at 1575892461
stats: users 8 27
stats: {recvpackets,"tsung_controller@ip-172-31-46-69"} 1 1606.0 0.0 1606 808 808.0 1
stats: {sentpackets,"tsung_controller@ip-172-31-46-69"} 1 434.0 0.0 434 271 271.0 1
stats: {cpu,"tsung_controller@ip-172-31-46-69"} 1 0.014574983082608921 0.0 0.025881226058334324 0.014574376164648808 0.020227801111491566 2
stats: {load,"tsung_controller@ip-172-31-46-69"} 1 0.0 0.0 0.0 0.0 0.0 2
stats: {freemem,"tsung_controller@ip-172-31-46-69"} 1 375559.10546875 0.0 375578.80859375 375559.10546875 375574.166015625 2
stats: session 14 15402.02792857143 4023.8403795550744 22836.057 6789.784 12443.193833333333 6
stats: users_count 0 28
stats: finish_users_count 14 20
stats: request 62 54.336451612903225 113.91467153739885 874.501 4.261 64.10865408805033 159
stats: connect 0 0 0 10.83 1.452 2.266214285714286 28
stats: page 62 54.336451612903225 113.91467153739885 874.501 4.261 64.10865408805033 159
stats: tr_Initial_Get_Root 0 0 0 171.541 98.258 112.5633888888889 18
stats: 302 27 89
stats: tr_Redirect_Root 8 106.31524999999999 5.6218075329470345 145.309 95.236 106.89295 20
stats: 200 35 132
stats: tr_Post_New_Comment_On_Post 3 8.880333333333333 0.7370817834918694 10.526 7.838 9.359333333333334 6
stats: size_rcv 1054263 3755282
stats: tr_Get_Post 3 61.13066666666666 1.0298745338902016 92.897 59.724 70.68066666666668 6
stats: size_sent 37221 120505
stats: tr_Get_Root 0 0 0 99.697 99.697 99.697 1
stats: connected -13 9
stats: tr_Post_New_Post 2 13.299 5.119 18.525 8.18 13.7285 2
stats: tr_Get_New_Post 2 10.834499999999998 0.2724999999999995 11.107 10.036 10.4405 2
stats: tr_Redirect_To_Post 9 61.519111111111116 6.417865471469197 111.162 54.805 70.41149999999999 8
stats: tr_Post_New_Comment_On_Comment 6 9.304166666666667 0.8096586557858125 10.951 8.33 9.229 3
stats: tr_Redirect_To_New_Post 2 9.752500000000001 0.32749999999999924 10.08 9.181 9.181 1
stats: tr_Get_Logout 2 6.1915 0.03950000000000009 6.231 6.152 0 0
stats: tr_Get_Conversations 1 8.726 0 8.726 8.726 0 0
stats: tr_Authenticate_User 4 8709.75175 4730.293950382437 16657.509 1010.989 4610.377916666667 24
stats: tr_Get_Login 2 6.393 0.33499999999999996 6.728 6.058 0 0
stats: tr_Post_Login 2 124.493 0.03200000000000003 124.525 124.461 0 0
stats: tr_Get_New_Conversation 1 874.727 0 874.727 874.727 0 0
stats: tr_Get_Book 1 163.616 0.0 244.366 163.616 206.99650000000003 4
stats: tr_Get_New_Book 2 7.0015 0.12150000000000016 8.835 6.88 7.663857142857142 7
stats: tr_Post_New_Book 6 6.923000000000001 0.3471099729672618 7.554 6.517 7.288333333333334 3
stats: tr_Redirect_To_New_Book 4 7.72275 0.5407196015496387 8.609 7.228 7.5495 2
# stats: dump at 1575892471
stats: users 1 27
stats: {recvpackets,"tsung_controller@ip-172-31-46-69"} 1 806.0 0.0 1606 806 1207.0 2
stats: {sentpackets,"tsung_controller@ip-172-31-46-69"} 1 232.0 0.0 434 232 352.5 2
stats: {cpu,"tsung_controller@ip-172-31-46-69"} 1 0.010410485440936111 0.0 0.025881226058334324 0.010410485440936111 0.01834352843519735 3
stats: {load,"tsung_controller@ip-172-31-46-69"} 1 0.0 0.0 0.0 0.0 0.0 3
stats: {freemem,"tsung_controller@ip-172-31-46-69"} 1 375558.92578125 0.0 375578.80859375 375558.92578125 375569.1458333333 3
stats: session 7 26369.259428571426 5474.779681804502 35313.205 6789.784 14514.377700000001 20
stats: users_count 0 28
stats: finish_users_count 7 27
stats: request 15 12.958466666666665 13.494592901685557 874.501 4.261 61.36713122171947 221
stats: connect 0 0 0 10.83 1.452 2.266214285714286 28
stats: page 15 12.958466666666665 13.494592901685557 874.501 4.261 61.36713122171947 221
stats: tr_Initial_Get_Root 0 0 0 171.541 98.258 112.5633888888889 18
stats: 302 4 93
stats: tr_Redirect_Root 0 0 0 145.309 95.236 106.72789285714285 28
stats: 200 11 143
stats: tr_Post_New_Comment_On_Post 0 0 0 10.526 7.838 9.199666666666666 9
stats: size_rcv 79256 3834538
stats: tr_Get_Post 0 0 0 92.897 59.724 67.49733333333334 9
stats: size_sent 8650 129155
stats: tr_Get_Root 0 0 0 99.697 99.697 99.697 1
stats: connected -8 1
stats: tr_Post_New_Post 1 9.032 0.0 18.525 8.18 13.51375 4
stats: tr_Get_New_Post 1 11.128 0.0 11.128 10.036 10.6375 4
stats: tr_Redirect_To_Post 1 62.524 0.0 111.162 54.805 65.70376470588235 17
stats: tr_Post_New_Comment_On_Comment 0 0 0 10.951 8.33 9.279111111111112 9
stats: tr_Redirect_To_New_Post 2 11.143 0.046999999999999265 11.19 9.181 9.562 3
stats: tr_Get_Logout 0 0 0 6.231 6.152 6.1915 2
stats: tr_Get_Conversations 0 0 0 8.726 8.726 8.726 1
stats: tr_Authenticate_User 0 0 0 16657.509 1010.989 5196.00275 28
stats: tr_Get_Login 0 0 0 6.728 6.058 6.393 2
stats: tr_Post_Login 0 0 0 124.525 124.461 124.493 2
stats: tr_Get_New_Conversation 0 0 0 874.727 874.727 874.727 1
stats: tr_Post_New_Conversation 1 19.246 0 19.246 19.246 0 0
stats: tr_Get_Book 0 0 0 244.366 163.616 198.3204 5
stats: tr_Get_New_Book 2 8.149000000000001 0.25800000000000045 8.835 6.88 7.5166666666666675 9
stats: tr_Post_New_Book 2 7.926 0.08099999999999974 8.007 6.517 7.044777777777778 9
stats: tr_Redirect_To_New_Book 5 8.156600000000001 0.8583198937459156 8.793 6.513 7.664999999999999 6
# stats: dump at 1575892481
stats: users 1 27
stats: {recvpackets,"tsung_controller@ip-172-31-46-69"} 1 103.0 0.0 1606 103 1073.3333333333333 3
stats: {sentpackets,"tsung_controller@ip-172-31-46-69"} 1 74.0 0.0 434 74 312.3333333333333 3
stats: {cpu,"tsung_controller@ip-172-31-46-69"} 1 0.0 0.0 0.025881226058334324 0.0 0.01636026768663204 4
stats: {load,"tsung_controller@ip-172-31-46-69"} 1 0.0 0.0 0.0 0.0 0.0 4
stats: {freemem,"tsung_controller@ip-172-31-46-69"} 1 375562.05859375 0.0 375578.80859375 375558.92578125 375566.5908203125 4
stats: session 0 0 0 35313.205 6789.784 17587.865555555556 27
stats: users_count 0 28
stats: finish_users_count 0 27
stats: request 0 0 0 874.501 4.261 58.29030932203391 236
stats: connect 0 0 0 10.83 1.452 2.266214285714286 28
stats: page 0 0 0 874.501 4.261 58.29030932203391 236
stats: tr_Initial_Get_Root 0 0 0 171.541 98.258 112.5633888888889 18
stats: 302 0 93
stats: tr_Redirect_Root 0 0 0 145.309 95.236 106.72789285714285 28
stats: 200 0 143
stats: tr_Post_New_Comment_On_Post 0 0 0 10.526 7.838 9.199666666666666 9
stats: size_rcv 0 3834538
stats: tr_Get_Post 0 0 0 92.897 59.724 67.49733333333334 9
stats: size_sent 0 129155
stats: tr_Get_Root 0 0 0 99.697 99.697 99.697 1
stats: connected 0 1
stats: tr_Post_New_Post 0 0 0 18.525 8.18 12.6174 5
stats: tr_Get_New_Post 0 0 0 11.128 10.036 10.7356 5
stats: tr_Redirect_To_Post 0 0 0 111.162 54.805 65.5271111111111 18
stats: tr_Post_New_Comment_On_Comment 0 0 0 10.951 8.33 9.279111111111112 9
stats: tr_Redirect_To_New_Post 0 0 0 11.19 9.181 10.1944 5
stats: tr_Get_Logout 0 0 0 6.231 6.152 6.1915 2
stats: tr_Get_Conversations 0 0 0 8.726 8.726 8.726 1
stats: tr_Authenticate_User 0 0 0 16657.509 1010.989 5196.00275 28
stats: tr_Get_Login 0 0 0 6.728 6.058 6.393 2
stats: tr_Post_Login 0 0 0 124.525 124.461 124.493 2
stats: tr_Get_New_Conversation 0 0 0 874.727 874.727 874.727 1
stats: tr_Post_New_Conversation 0 0 0 19.246 19.246 19.246 1
stats: tr_Get_Book 0 0 0 244.366 163.616 198.3204 5
stats: tr_Get_New_Book 0 0 0 8.835 6.88 7.631636363636364 11
stats: tr_Post_New_Book 0 0 0 8.007 6.517 7.205000000000001 11
stats: tr_Redirect_To_New_Book 0 0 0 8.793 6.513 7.888454545454545 11
# stats: dump at 1575892491
stats: users 18 27
stats: {recvpackets,"tsung_controller@ip-172-31-46-69"} 1 15.0 0.0 1606 15 830.75 4
stats: {sentpackets,"tsung_controller@ip-172-31-46-69"} 1 15.0 0.0 434 15 252.75 4
stats: {cpu,"tsung_controller@ip-172-31-46-69"} 1 0.001040940177168018 0.0 0.025881226058334324 0.0 0.013088214149305633 5
stats: {load,"tsung_controller@ip-172-31-46-69"} 1 0.0 0.0 0.0 0.0 0.0 5
stats: {freemem,"tsung_controller@ip-172-31-46-69"} 1 375562.6640625 0.0 375578.80859375 375558.92578125 375565.684375 5
stats: session 1 48400.277 0.0 48400.277 6789.784 17587.865555555556 27
stats: users_count 18 46
stats: finish_users_count 1 28
stats: request 36 71.40733333333333 67.538575943267 874.501 4.261 58.29030932203391 236
stats: connect 16 1.8470625 0.1819537952166704 10.83 1.452 2.266214285714286 28
stats: page 35 73.4549142857143 67.56374201950605 874.501 4.261 58.29030932203391 236
stats: tr_Initial_Get_Root 9 118.746 15.470540657075375 171.541 98.258 112.5633888888889 18
stats: 302 10 103
stats: tr_Redirect_Root 1 109.961 0.0 145.309 95.236 106.72789285714285 28
stats: 200 26 169
stats: tr_Post_New_Comment_On_Post 0 0 0 10.526 7.838 9.199666666666666 9
stats: size_rcv 607601 4442139
stats: tr_Get_Post 0 0 0 92.897 59.724 67.49733333333334 9
stats: newphase 1 1
stats: tr_Get_Root 2 121.882 1.1550000000000011 123.037 99.697 99.697 1
stats: size_sent 13909 143064
stats: tr_Post_New_Post 0 0 0 18.525 8.18 12.6174 5
stats: connected 15 16
stats: tr_Get_New_Post 0 0 0 11.128 10.036 10.7356 5
stats: tr_Redirect_To_Post 0 0 0 111.162 54.805 65.5271111111111 18
stats: tr_Post_New_Comment_On_Comment 0 0 0 10.951 8.33 9.279111111111112 9
stats: tr_Redirect_To_New_Post 0 0 0 11.19 9.181 10.1944 5
stats: tr_Get_Logout 0 0 0 6.231 6.152 6.1915 2
stats: tr_Get_Conversations 0 0 0 8.726 8.726 8.726 1
stats: tr_Authenticate_User 3 1001.0533333333333 321.44009587929276 16657.509 725.495 5196.00275 28
stats: tr_Get_Login 0 0 0 6.728 6.058 6.393 2
stats: tr_Post_Login 0 0 0 124.525 124.461 124.493 2
stats: tr_Get_New_Conversation 0 0 0 874.727 874.727 874.727 1
stats: tr_Post_New_Conversation 0 0 0 19.246 19.246 19.246 1
stats: tr_Redirect_To_New_Conversation 1 18.532 0 18.532 18.532 0 0
stats: tr_Redirect_To_Same_Conversation 1 17.631 0 17.631 17.631 0 0
stats: tr_Reply_To_Conversation 1 23.618 0 23.618 23.618 0 0
stats: tr_Get_Book 0 0 0 244.366 163.616 198.3204 5
stats: tr_Get_New_Book 0 0 0 8.835 6.88 7.631636363636364 11
stats: tr_Post_New_Book 0 0 0 8.007 6.517 7.205000000000001 11
stats: tr_Redirect_To_New_Book 0 0 0 8.793 6.513 7.888454545454545 11
# stats: dump at 1575892501
stats: users 44 46
stats: {recvpackets,"tsung_controller@ip-172-31-46-69"} 1 875.0 0.0 1606 15 667.6 5
stats: {sentpackets,"tsung_controller@ip-172-31-46-69"} 1 282.0 0.0 434 15 205.2 5
stats: {cpu,"tsung_controller@ip-172-31-46-69"} 1 0.007286732941237703 0.0 0.025881226058334324 0.0 0.011080335153949364 6
stats: {load,"tsung_controller@ip-172-31-46-69"} 1 0.0 0.0 0.0 0.0 0.0 6
stats: {freemem,"tsung_controller@ip-172-31-46-69"} 1 375563.69140625 0.0 375578.80859375 375558.92578125 375565.1809895833 6
stats: session 8 10540.696875 1806.646818881076 48400.277 6789.784 18688.30882142857 28
stats: users_count 34 80
stats: finish_users_count 8 36
stats: request 197 76.16276649746193 109.63137338485751 962.171 4.166 60.026386029411775 272
stats: connect 35 2.0911999999999997 1.4449381163219415 10.83 1.452 2.113795454545455 44
stats: page 197 76.16276649746193 109.63137338485751 962.171 4.166 60.24883763837639 271
stats: tr_Initial_Get_Root 24 115.27704166666665 12.153590160521734 171.541 98.258 114.62425925925926 27
stats: 302 76 179
stats: tr_Redirect_Root 22 132.53731818181822 46.34037449566803 243.89 95.236 106.83937931034481 29
stats: 200 121 290
stats: tr_Post_New_Comment_On_Post 4 8.93675 0.37569227766883906 10.526 7.838 9.199666666666666 9
stats: size_rcv 3417370 7859509
stats: tr_Get_Post 4 67.47 4.791881415477636 92.897 59.298 67.49733333333334 9
stats: newphase 0 1
stats: tr_Get_Root 5 128.5896 21.417811695875937 166.72 99.697 114.48700000000001 3
stats: size_sent 101430 244494
stats: tr_Post_New_Post 5 9.420800000000002 1.9913724312644272 18.525 7.562 12.6174 5
stats: connected 28 44
stats: tr_Get_New_Post 5 12.8178 4.9197590754019656 22.638 9.769 10.7356 5
stats: tr_Redirect_To_Post 6 67.78433333333335 7.612719414827324 111.162 54.805 65.5271111111111 18
stats: tr_Post_New_Comment_On_Comment 3 8.387666666666668 0.4278834212986311 10.951 7.82 9.279111111111112 9
stats: tr_Redirect_To_New_Post 2 9.3405 0.6745000000000001 11.19 8.666 10.1944 5
stats: tr_Get_Logout 2 5.5649999999999995 0.15100000000000047 6.231 5.414 6.1915 2
stats: tr_Get_Conversations 3 7.961333333333333 0.4754130367959585 8.726 7.289 8.726 1
stats: tr_Authenticate_User 30 3524.800566666667 2611.3010391965495 16657.509 275.718 4790.0399032258065 31
stats: tr_Get_Login 2 7.433 0.27800000000000025 7.711 6.058 6.393 2
stats: tr_Post_Login 2 139.611 2.100999999999999 141.712 124.461 124.493 2
stats: tr_Get_New_Conversation 2 954.3135 8.088500000000039 962.402 874.727 874.727 1
stats: tr_Post_New_Conversation 2 17.101 0.18599999999999994 19.246 16.915 19.246 1
stats: tr_Redirect_To_New_Conversation 1 14.424 0.0 18.532 14.424 18.532 1
stats: tr_Redirect_To_Same_Conversation 0 0 0 17.631 17.631 17.631 1
stats: tr_Reply_To_Conversation 0 0 0 23.618 23.618 23.618 1
stats: tr_Get_Book 6 205.02083333333334 40.018671785458125 275.48 163.616 198.3204 5
stats: tr_Get_New_Book 4 6.65125 0.3936415723726347 8.835 6.253 7.631636363636364 11
stats: tr_Post_New_Book 1 7.239 0.0 8.007 6.517 7.205000000000001 11
stats: tr_Redirect_To_New_Book 1 7.04 0.0 8.793 6.513 7.888454545454545 11
# stats: dump at 1575892511
stats: users 23 51
stats: {recvpackets,"tsung_controller@ip-172-31-46-69"} 1 3443.0 0.0 3443 15 702.1666666666666 6
stats: {sentpackets,"tsung_controller@ip-172-31-46-69"} 1 945.0 0.0 945 15 218.0 6
stats: {cpu,"tsung_controller@ip-172-31-46-69"} 1 0.03019135069856539 0.0 0.03019135069856539 0.0 0.010538391980704841 7
stats: {load,"tsung_controller@ip-172-31-46-69"} 1 0.0 0.0 0.0 0.0 0.0 7
stats: {freemem,"tsung_controller@ip-172-31-46-69"} 1 375549.24609375 0.0 375578.80859375 375549.24609375 375564.96819196426 7
stats: session 29 12879.940551724138 4394.0035898320575 48400.277 5263.313 16877.72838888889 36
stats: users_count 8 88
stats: finish_users_count 29 65
stats: request 235 69.84414468085107 128.37787987873062 1111.734 4.145 66.8043539445629 469
stats: connect 9 1.676222222222222 0.19793925991900632 10.83 1.437 2.1037848101265824 79
stats: page 232 70.7497025862069 128.99428360093162 1111.734 4.145 66.94764957264958 468
stats: tr_Initial_Get_Root 8 128.3015 24.521181517210785 181.021 98.258 114.93145098039214 51
stats: 302 97 276
stats: tr_Redirect_Root 33 125.1291515151515 19.983943858221732 243.89 95.236 117.92476470588237 51
stats: 200 138 428
stats: tr_Post_New_Comment_On_Post 8 10.1725 2.418858925195928 14.786 7.838 9.11876923076923 13
stats: size_rcv 3831577 11691086
stats: tr_Get_Post 8 71.054625 15.87735446270489 111.312 59.298 67.48892307692309 13
stats: newphase 0 1
stats: tr_Get_Root 0 0 0 166.72 99.697 123.301125 8
stats: size_sent 136098 380592
stats: tr_Post_New_Post 9 8.827555555555556 0.7055507086447694 18.525 7.562 11.0191 10
stats: connected -21 23
stats: tr_Get_New_Post 9 12.688777777777778 5.307648124855674 27.661 9.769 11.7767 10
stats: tr_Redirect_To_Post 14 72.64635714285716 17.489139836755605 116.052 54.153 66.09141666666666 24
stats: tr_Post_New_Comment_On_Comment 8 12.576 6.104610306972919 28.231 7.82 9.05625 12
stats: tr_Redirect_To_New_Post 8 10.947375000000001 3.192713028816559 19.303 8.666 9.950428571428573 7
stats: tr_Get_Logout 2 8.117 2.311000000000001 10.428 5.414 5.8782499999999995 4
stats: tr_Get_Conversations 2 7.68 0.5259999999999998 8.726 7.154 8.1525 4
stats: tr_Authenticate_User 26 3783.4485769230764 2126.618802634273 16657.509 275.718 4167.791049180328 61
stats: tr_Get_Login 2 6.4165 0.16849999999999987 7.711 6.058 6.913 4
stats: tr_Post_Login 2 131.989 7.067000000000007 141.712 124.461 132.052 4
stats: tr_Get_New_Conversation 3 1051.4086666666665 49.28202397313746 1111.894 874.727 927.7846666666666 3
stats: tr_Post_New_Conversation 2 17.587 0.0940000000000012 19.246 16.915 17.816 3
stats: tr_Redirect_To_New_Conversation 3 15.225333333333333 0.4832530967883764 18.532 14.424 16.478 2
stats: tr_Redirect_To_Same_Conversation 3 16.344 0.49474505219018317 17.631 15.871 17.631 1
stats: tr_Reply_To_Conversation 3 23.023333333333337 1.3062764723527036 24.382 21.26 23.618 1
stats: tr_Get_Book 10 217.6464 49.12001398045401 309.699 162.377 201.9751818181818 11
stats: tr_Get_New_Book 11 12.167545454545456 15.989789374720791 62.699 6.253 7.3702000000000005 15
stats: tr_Post_New_Book 14 8.064857142857146 3.7561728405603576 21.488 6.228 7.207833333333334 12
stats: tr_Redirect_To_New_Book 10 7.1173 0.3560104071512516 8.793 6.331 7.81775 12
# stats: dump at 1575892521
stats: users 6 51
stats: {recvpackets,"tsung_controller@ip-172-31-46-69"} 1 2548.0 0.0 3443 15 1093.7142857142858 7
stats: {sentpackets,"tsung_controller@ip-172-31-46-69"} 1 763.0 0.0 945 15 321.85714285714283 7
stats: {cpu,"tsung_controller@ip-172-31-46-69"} 1 0.030188207861425714 0.0 0.03019135069856539 0.0 0.01299501182043741 8
stats: {load,"tsung_controller@ip-172-31-46-69"} 1 0.0 0.0 0.0 0.0 0.0 8
stats: {freemem,"tsung_controller@ip-172-31-46-69"} 1 375545.18359375 0.0 375578.80859375 375545.18359375 375563.0029296875 8
stats: session 17 18224.986647058824 4479.435129311624 48400.277 5263.313 15094.099969230767 65
stats: users_count 0 88
stats: finish_users_count 17 82
stats: request 50 80.72774000000001 197.787473779591 1111.734 4.145 67.81905681818183 704
stats: connect 0 0 0 10.83 1.437 2.0600568181818186 88
stats: page 48 84.09987499999998 201.25906342630725 1111.734 4.145 68.20775857142857 700
stats: tr_Initial_Get_Root 0 0 0 181.021 98.258 116.74433898305084 59
stats: 302 13 289
stats: tr_Redirect_Root 4 124.60175000000001 10.333168884108108 243.89 95.236 120.75505952380952 84
stats: 200 37 465
stats: tr_Post_New_Comment_On_Post 0 0 0 14.786 7.838 9.520190476190475 21
stats: size_rcv 751181 12442267
stats: tr_Get_Post 0 0 0 111.312 59.298 68.84728571428572 21
stats: newphase 0 1
stats: tr_Get_Root 0 0 0 166.72 99.697 123.301125 8
stats: size_sent 28070 408662
stats: tr_Post_New_Post 6 8.9515 0.5276405815830827 18.525 7.562 9.981 19
stats: connected -15 8
stats: tr_Get_New_Post 6 14.3215 4.316552241083154 27.661 9.769 12.208736842105264 19
stats: tr_Redirect_To_Post 4 76.64075 16.554022311435368 116.052 54.153 68.50639473684211 38
stats: tr_Post_New_Comment_On_Comment 1 10.072 0.0 28.231 7.82 10.46415 20
stats: tr_Redirect_To_New_Post 6 10.059 0.715547110026075 19.303 8.666 10.482133333333335 15
stats: tr_Get_Logout 0 0 0 10.428 5.414 6.6245 6
stats: tr_Get_Conversations 2 8.001999999999999 0.2879999999999989 8.726 7.154 7.995 6
stats: tr_Authenticate_User 1 8363.752 0.0 16657.509 275.718 4052.9300804597697 87
stats: tr_Get_Login 0 0 0 7.711 6.058 6.7475 6
stats: tr_Post_Login 0 0 0 141.712 124.461 132.03099999999998 6
stats: tr_Get_New_Conversation 2 1010.0225 37.502500000000055 1111.894 874.727 989.5966666666667 6
stats: tr_Post_New_Conversation 2 26.982999999999997 7.249999999999997 34.233 16.915 17.724399999999996 5
stats: tr_Redirect_To_New_Conversation 1 17.341 0.0 18.532 14.424 15.726400000000002 5
stats: tr_Redirect_To_Same_Conversation 2 17.137999999999998 0.1629999999999976 17.631 15.871 16.665750000000003 4
stats: tr_Reply_To_Conversation 2 27.642 2.9220000000000006 30.564 21.26 23.172 4
stats: tr_Get_Book 4 190.22000000000003 19.807174697568563 309.699 162.377 209.43766666666664 21
stats: tr_Get_New_Book 2 7.4455 0.12950000000000017 62.699 6.253 9.399846153846154 26
stats: tr_Post_New_Book 1 22.522 0.0 22.522 6.228 7.669307692307694 26
stats: tr_Redirect_To_New_Book 4 8.1 0.31223308601107624 8.793 6.331 7.499363636363636 22
# stats: dump at 1575892531
stats: users 1 51
stats: {recvpackets,"tsung_controller@ip-172-31-46-69"} 1 483.0 0.0 3443 15 1275.5 8
stats: {sentpackets,"tsung_controller@ip-172-31-46-69"} 1 189.0 0.0 945 15 377.0 8
stats: {cpu,"tsung_controller@ip-172-31-46-69"} 1 0.006245316012990257 0.0 0.03019135069856539 0.0 0.014905366936102775 9
stats: {load,"tsung_controller@ip-172-31-46-69"} 1 0.0 0.0 0.0 0.0 0.0 9
stats: {freemem,"tsung_controller@ip-172-31-46-69"} 1 375552.26953125 0.0 375578.80859375 375545.18359375 375561.02300347225 9
stats: session 5 22811.848400000003 3350.520332950844 48400.277 5263.313 15743.186231707317 82
stats: users_count 0 88
stats: finish_users_count 5 87
stats: request 12 14.014499999999998 6.0709651690100594 1111.734 4.145 68.6750702917772 754
stats: connect 0 0 0 10.83 1.437 2.0600568181818186 88
stats: page 11 15.296999999999999 11.849317540762344 1111.734 4.145 69.22757352941176 748
stats: tr_Initial_Get_Root 0 0 0 181.021 98.258 116.74433898305084 59
stats: 302 3 292
stats: tr_Redirect_Root 0 0 0 243.89 95.236 120.92990909090908 88
stats: 200 9 474
stats: tr_Post_New_Comment_On_Post 0 0 0 14.786 7.838 9.520190476190475 21
stats: size_rcv 24398 12466665
stats: tr_Get_Post 0 0 0 111.312 59.298 68.84728571428572 21
stats: newphase 0 1
stats: tr_Get_Root 0 0 0 166.72 99.697 123.301125 8
stats: size_sent 6831 415493
stats: tr_Post_New_Post 0 0 0 18.525 7.562 9.733920000000001 25
stats: connected -7 1
stats: tr_Get_New_Post 0 0 0 27.661 9.769 12.7158 25
stats: tr_Redirect_To_Post 0 0 0 116.052 54.153 69.28109523809525 42
stats: tr_Post_New_Comment_On_Comment 0 0 0 28.231 7.82 10.44547619047619 21
stats: tr_Redirect_To_New_Post 4 11.236 0.7087076265992909 19.303 8.666 10.361238095238097 21
stats: tr_Get_Logout 0 0 0 10.428 5.414 6.6245 6
stats: tr_Get_Conversations 0 0 0 8.726 7.154 7.99675 8
stats: tr_Authenticate_User 0 0 0 16657.509 275.718 4101.916693181817 88
stats: tr_Get_Login 0 0 0 7.711 6.058 6.7475 6
stats: tr_Post_Login 0 0 0 141.712 124.461 132.03099999999998 6
stats: tr_Get_New_Conversation 0 0 0 1111.894 874.727 994.703125 8
stats: tr_Post_New_Conversation 1 17.446 0.0 34.233 16.915 20.36971428571428 7
stats: tr_Redirect_To_New_Conversation 2 15.929 0.0600000000000005 18.532 14.424 15.995500000000002 6
stats: tr_Redirect_To_Same_Conversation 1 27.928 0.0 27.928 15.871 16.82316666666667 6
stats: tr_Reply_To_Conversation 1 23.684 0.0 30.564 21.26 24.662000000000003 6
stats: tr_Get_Book 0 0 0 309.699 162.377 206.36284 25
stats: tr_Get_New_Book 0 0 0 62.699 6.253 9.26025 28
stats: tr_Post_New_Book 1 7.543 0.0 22.522 6.228 8.21940740740741 27
stats: tr_Redirect_To_New_Book 2 8.518 0.18199999999999994 8.793 6.331 7.591769230769231 26
# stats: dump at 1575892541
stats: users 57 58
stats: {recvpackets,"tsung_controller@ip-172-31-46-69"} 1 27.0 0.0 3443 15 1187.4444444444443 9
stats: {sentpackets,"tsung_controller@ip-172-31-46-69"} 1 25.0 0.0 945 15 356.1111111111111 9
stats: {cpu,"tsung_controller@ip-172-31-46-69"} 1 0.0 0.0 0.03019135069856539 0.0 0.014039361843791523 10
stats: {load,"tsung_controller@ip-172-31-46-69"} 1 0.0 0.0 0.0 0.0 0.0 10
stats: {freemem,"tsung_controller@ip-172-31-46-69"} 1 375553.98046875 0.0 375578.80859375 375545.18359375 375560.14765625 10
stats: session 5 11161.582 10531.373795418906 48400.277 3663.135 16149.431183908046 87
stats: users_count 61 149
stats: finish_users_count 5 92
stats: request 210 71.48818095238096 62.9840907659615 1111.734 3.968 67.81876892950393 766
stats: connect 60 1.821683333333334 0.4634382192434669 10.83 1.437 2.0600568181818186 88
stats: page 209 71.83067942583735 62.971618472381714 1111.734 3.968 68.44597101449274 759
stats: tr_Initial_Get_Root 37 134.345972972973 21.351255152024137 189.005 98.258 116.74433898305084 59
stats: 302 78 370
stats: tr_Redirect_Root 18 134.90788888888892 32.18776207382222 243.89 95.236 120.92990909090908 88
stats: 200 132 606
stats: tr_Post_New_Comment_On_Post 5 11.0698 3.8088048204128295 18.658 7.838 9.520190476190475 21
stats: size_rcv 3795983 16262648
stats: tr_Get_Post 5 65.8364 4.442311767537256 111.312 59.298 68.84728571428572 21
stats: newphase 1 2
stats: tr_Get_Root 3 141.40200000000002 24.794995019156598 174.949 99.697 123.301125 8
stats: size_sent 97894 513387
stats: tr_Post_New_Post 1 7.686 0.0 18.525 7.562 9.733920000000001 25
stats: connected 55 56
stats: tr_Get_New_Post 1 10.739 0.0 27.661 9.769 12.7158 25
stats: tr_Redirect_To_Post 4 56.86275 3.316651653022969 116.052 53.115 69.28109523809525 42
stats: tr_Post_New_Comment_On_Comment 2 8.943 0.41999999999999993 28.231 7.82 10.44547619047619 21
stats: tr_Redirect_To_New_Post 0 0 0 19.303 8.666 10.5012 25
stats: tr_Get_Logout 2 28.131500000000003 22.5805 50.712 5.414 6.6245 6
stats: tr_Get_Conversations 0 0 0 8.726 7.154 7.99675 8
stats: tr_Authenticate_User 29 2147.707620689656 1271.6715715439782 16657.509 275.718 4101.916693181817 88
stats: tr_Get_Login 2 5.9765 0.09650000000000047 7.711 5.88 6.7475 6
stats: tr_Post_Login 2 124.0815 0.17249999999999943 141.712 123.909 132.03099999999998 6
stats: tr_Get_New_Conversation 0 0 0 1111.894 874.727 994.703125 8
stats: tr_Post_New_Conversation 0 0 0 34.233 16.915 20.004249999999995 8
stats: tr_Redirect_To_New_Conversation 0 0 0 18.532 14.424 15.978875000000002 8
stats: tr_Redirect_To_Same_Conversation 1 16.667 0.0 27.928 15.871 18.409571428571432 7
stats: tr_Reply_To_Conversation 1 25.696 0.0 30.564 21.26 24.522285714285715 7
stats: tr_Get_Book 3 175.80766666666668 5.261828600612358 309.699 162.377 206.36284 25
stats: tr_Get_New_Book 1 6.779 0.0 62.699 6.253 9.26025 28
stats: tr_Post_New_Book 1 6.767 0.0 22.522 6.228 8.195250000000003 28
stats: tr_Redirect_To_New_Book 0 0 0 8.793 6.331 7.657928571428571 28
# stats: dump at 1575892551
stats: users 87 102
stats: {recvpackets,"tsung_controller@ip-172-31-46-69"} 1 4099.0 0.0 4099 15 1071.4 10
stats: {sentpackets,"tsung_controller@ip-172-31-46-69"} 1 1199.0 0.0 1199 15 323.0 10
stats: {cpu,"tsung_controller@ip-172-31-46-69"} 1 0.03435639028859368 0.0 0.03435639028859368 0.0 0.012763056221628656 11
stats: {load,"tsung_controller@ip-172-31-46-69"} 1 0.0 0.0 0.0 0.0 0.0 11
stats: {freemem,"tsung_controller@ip-172-31-46-69"} 1 375540.9453125 0.0 375578.80859375 375540.9453125 375559.5870028409 11
stats: session 28 11308.463392857146 3072.407489353833 48400.277 3663.135 15878.352423913044 92
stats: users_count 58 207
stats: finish_users_count 28 120
stats: request 462 84.44371428571411 115.05434124863116 1320.594 3.968 68.60829405737705 976
stats: connect 59 1.8875932203389831 0.656352739977575 10.83 1.395 1.9634189189189193 148
stats: page 461 84.62745986984801 115.12240452400827 1320.594 3.968 69.1767603305785 968
stats: tr_Initial_Get_Root 38 168.92726315789474 64.58090097808542 430.206 98.258 123.52830208333334 96
stats: 302 190 560
stats: tr_Redirect_Root 63 159.2529047619047 45.31065996258382 315.396 95.236 123.30352830188679 106
stats: 200 272 878
stats: tr_Post_New_Comment_On_Post 16 10.2436875 1.9572382877012573 18.658 7.838 9.818192307692307 26
stats: size_rcv 8837955 25100603
stats: tr_Get_Post 16 72.664 14.459941437467856 111.856 59.298 68.26826923076923 26
stats: newphase 0 2
stats: tr_Get_Root 6 179.30066666666667 57.24567399570227 268.369 99.697 128.23772727272728 11
stats: size_sent 250974 764361
stats: tr_Post_New_Post 11 10.845727272727274 2.691222874825397 18.525 7.521 9.655153846153848 26
stats: connected 32 88
stats: tr_Get_New_Post 11 13.990090909090908 6.037751334193362 28.9 9.608 12.639769230769229 26
stats: tr_Redirect_To_Post 23 72.02808695652172 14.512741573956268 116.052 53.115 68.2012391304348 46
stats: tr_Post_New_Comment_On_Comment 11 9.950181818181818 1.248568621784876 28.231 7.82 10.31482608695652 23
stats: tr_Redirect_To_New_Post 10 10.8116 1.6303129883553034 19.303 8.395 10.5012 25
stats: tr_Get_Logout 6 7.422666666666665 1.6219668786863541 50.712 5.414 12.00125 8
stats: tr_Get_Conversations 4 7.41625 0.3496014695335247 8.726 6.996 7.99675 8
stats: tr_Authenticate_User 68 3729.049970588235 2656.7452838321738 16657.509 204.229 3617.540085470085 117
stats: tr_Get_Login 4 6.88975 0.8245739430154216 7.998 5.83 6.55475 8
stats: tr_Post_Login 3 124.56700000000001 0.5404559803227891 141.712 123.909 130.043625 8
stats: tr_Get_New_Conversation 2 1313.4735 7.279500000000041 1320.753 874.727 994.703125 8
stats: tr_Post_New_Conversation 2 17.4465 0.9764999999999988 34.233 16.47 20.004249999999995 8
stats: tr_Redirect_To_New_Conversation 1 14.555 0.0 18.532 14.424 15.978875000000002 8
stats: tr_Redirect_To_Same_Conversation 1 25.434 0.0 27.928 15.871 18.191750000000003 8
stats: tr_Reply_To_Conversation 1 23.013 0.0 30.564 21.26 24.669 8
stats: tr_Get_Book 17 263.51405882352947 80.53051125649107 468.0 162.377 203.08907142857143 28
stats: tr_Get_New_Book 10 8.592300000000002 2.1636704485665095 62.699 6.253 9.174689655172413 29
stats: tr_Post_New_Book 7 8.576142857142857 3.2452115241898634 22.522 6.228 8.146000000000003 29
stats: tr_Redirect_To_New_Book 5 7.5508 1.0192921857838406 9.382 6.331 7.657928571428571 28
# stats: dump at 1575892561
stats: users 39 102
stats: {recvpackets,"tsung_controller@ip-172-31-46-69"} 1 7240.0 0.0 7240 15 1346.6363636363637 11
stats: {sentpackets,"tsung_controller@ip-172-31-46-69"} 1 1969.0 0.0 1969 15 402.6363636363636 11
stats: {cpu,"tsung_controller@ip-172-31-46-69"} 1 0.0666382065992649 0.0 0.0666382065992649 0.0 0.014562500727209077 12
stats: {load,"tsung_controller@ip-172-31-46-69"} 1 0.0 0.0 0.0 0.0 0.0 12
stats: {freemem,"tsung_controller@ip-172-31-46-69"} 1 375514.359375 0.0 375578.80859375 375514.359375 375558.0335286458 12
stats: session 48 15333.406770833333 3601.903493055571 48400.277 3663.135 14812.044983333333 120
stats: users_count 0 207
stats: finish_users_count 48 168
stats: connect 0 0 0 10.83 1.395 1.9418067632850244 207
stats: tr_Initial_Get_Root 0 0 0 430.206 98.258 136.40263432835823 134
stats: request 285 76.09587368421045 179.68792752675745 1620.187 3.968 73.6958908205841 1438
stats: page 282 76.90727659574462 180.48763108158192 1620.187 3.968 74.16120573827847 1429
stats: 302 109 669
stats: tr_Redirect_Root 38 172.74273684210524 60.67938827827359 358.207 95.236 136.70477514792898 169
stats: 200 176 1054
stats: tr_Post_New_Comment_On_Post 13 9.724461538461536 2.643785590497216 18.658 7.793 9.980285714285714 42
stats: size_rcv 5552280 30652883
stats: tr_Get_Post 13 65.21676923076922 4.218030148228075 111.856 59.298 69.94283333333334 42
stats: newphase 0 2
stats: tr_Get_Root 0 0 0 268.369 99.697 146.25994117647062 17
stats: size_sent 168304 932665
stats: tr_Post_New_Post 22 9.842045454545456 3.3027778456829164 23.405 7.44 10.009108108108109 37
stats: connected -49 39
stats: tr_Get_New_Post 22 13.160954545454546 4.2030896371519235 28.9 9.608 13.041216216216215 37
stats: tr_Redirect_To_Post 32 64.13490625000001 8.801230043150843 116.052 53.115 69.47685507246378 69
stats: tr_Post_New_Comment_On_Comment 16 9.413499999999999 1.1917663361582251 28.231 7.82 10.19685294117647 34
stats: tr_Redirect_To_New_Post 14 11.181857142857142 4.046596415633811 25.549 8.395 10.589885714285714 35
stats: tr_Get_Logout 4 6.64775 1.3042471727015557 50.712 5.414 10.039 14
stats: tr_Get_Conversations 4 8.20775 1.2757574955688094 9.826 6.445 7.803249999999999 12
stats: tr_Authenticate_User 22 6066.1875 2784.2850140529754 16657.509 204.229 3658.527502702702 185
stats: tr_Get_Login 6 6.380833333333334 0.44745257352657564 7.998 5.83 6.666416666666667 12
stats: tr_Post_Login 7 127.18085714285712 3.6815865535147148 141.712 123.909 128.54999999999998 11
stats: tr_Get_New_Conversation 4 1452.71475 134.90724084417226 1620.405 874.727 1058.4572 10
stats: tr_Post_New_Conversation 4 17.0615 1.158670898055181 34.233 15.324 19.492699999999996 10
stats: tr_Redirect_To_New_Conversation 3 17.920333333333332 2.1098581837544317 19.942 14.424 15.82066666666667 9
stats: tr_Redirect_To_Same_Conversation 3 15.172333333333333 0.5982487405382105 27.928 14.677 18.996444444444446 9
stats: tr_Reply_To_Conversation 3 21.83866666666667 0.8370122792143232 30.564 21.198 24.485 9
stats: tr_Get_Book 16 199.26456249999998 32.79181735008131 468.0 162.377 225.9162888888889 45
stats: tr_Get_New_Book 12 8.241666666666665 3.7949262692295993 62.699 6.178 9.025358974358975 39
stats: tr_Post_New_Book 12 7.179333333333333 0.8820470823916119 22.522 6.025 8.229638888888891 36
stats: tr_Redirect_To_New_Book 8 7.415625 0.7637759713260165 9.382 6.331 7.641696969696969 33
# stats: dump at 1575892571
stats: users 4 102
stats: {recvpackets,"tsung_controller@ip-172-31-46-69"} 1 3986.0 0.0 7240 15 1837.75 12
stats: {sentpackets,"tsung_controller@ip-172-31-46-69"} 1 1074.0 0.0 1969 15 533.1666666666666 12
stats: {cpu,"tsung_controller@ip-172-31-46-69"} 1 0.042684767784452335 0.0 0.0666382065992649 0.0 0.018568324255828755 13
stats: {load,"tsung_controller@ip-172-31-46-69"} 1 0.0 0.0 0.0 0.0 0.0 13
stats: {freemem,"tsung_controller@ip-172-31-46-69"} 1 375521.16796875 0.0 375578.80859375 375514.359375 375554.6739783654 13
stats: session 35 20723.341085714288 4022.418761143735 48400.277 3663.135 14961.005494047618 168
stats: users_count 0 207
stats: finish_users_count 35 203
stats: request 74 80.31990540540541 268.1313101768231 1620.187 3.968 74.09286999419612 1723
stats: connect 0 0 0 10.83 1.395 1.9418067632850244 207
stats: page 71 83.72239436619716 273.27060700851496 1620.187 3.968 74.61380187025127 1711
stats: tr_Initial_Get_Root 0 0 0 430.206 98.258 136.40263432835823 134
stats: 302 21 690
stats: tr_Redirect_Root 0 0 0 358.207 95.236 143.32043961352656 207
stats: 200 53 1107
stats: tr_Post_New_Comment_On_Post 1 9.35 0.0 18.658 7.793 9.919818181818181 55
stats: size_rcv 834572 31487455
stats: tr_Get_Post 1 61.525 0.0 111.856 59.298 68.82576363636363 55
stats: newphase 0 2
stats: tr_Get_Root 0 0 0 268.369 99.697 146.25994117647062 17
stats: size_sent 41599 974264
stats: tr_Post_New_Post 3 11.89 2.7046128496823103 23.405 7.44 9.946813559322035 59
stats: connected -35 4
stats: tr_Get_New_Post 3 17.708333333333332 7.441429537095381 28.9 9.608 13.085864406779661 59
stats: tr_Redirect_To_Post 11 67.7488181818182 14.840642633832404 116.052 53.115 67.78435643564357 101
stats: tr_Post_New_Comment_On_Comment 6 9.836666666666668 1.1326127120757368 28.231 7.82 9.94618 50
stats: tr_Redirect_To_New_Post 12 10.4685 2.575990278837765 25.549 8.395 10.759020408163266 49
stats: tr_Get_Logout 1 6.995 0.0 50.712 5.414 9.285388888888889 18
stats: tr_Get_Conversations 1 8.034 0.0 9.826 6.445 7.904375 16
stats: tr_Authenticate_User 0 0 0 16657.509 204.229 3914.4140724637673 207
stats: tr_Get_Login 1 6.97 0.0 7.998 5.83 6.5712222222222225 18
stats: tr_Post_Login 1 124.547 0.0 141.712 123.909 128.01755555555553 18
stats: tr_Get_New_Conversation 3 1372.2210000000002 61.355991019622444 1620.405 874.727 1171.1022142857144 14
stats: tr_Post_New_Conversation 2 21.4345 2.4924999999999997 34.233 15.324 18.798071428571426 14
stats: tr_Redirect_To_New_Conversation 4 18.64025 3.383862909087777 22.81 14.096 16.345583333333334 12
stats: tr_Redirect_To_Same_Conversation 3 15.465000000000002 0.6046111698163271 27.928 14.653 18.04041666666667 12
stats: tr_Reply_To_Conversation 3 22.995333333333335 1.3800450073175943 30.564 21.198 23.82341666666667 12
stats: tr_Get_Book 1 246.752 0.0 468.0 162.377 218.92567213114754 61
stats: tr_Get_New_Book 2 7.4445 0.3805000000000003 62.699 6.178 8.840960784313726 51
stats: tr_Post_New_Book 4 7.2015 0.2053661364490257 22.522 6.025 7.967062500000001 48
stats: tr_Redirect_To_New_Book 11 9.429727272727272 3.162720063228345 17.673 6.331 7.597585365853658 41
# stats: dump at 1575892581
stats: users 0 102
stats: {recvpackets,"tsung_controller@ip-172-31-46-69"} 1 562.0 0.0 7240 15 2003.0 13
stats: {sentpackets,"tsung_controller@ip-172-31-46-69"} 1 243.0 0.0 1969 15 574.7692307692307 13
stats: {cpu,"tsung_controller@ip-172-31-46-69"} 1 0.0072874156741900556 0.0 0.0666382065992649 0.0 0.020290927365016153 14
stats: {load,"tsung_controller@ip-172-31-46-69"} 1 0.0 0.0 0.0 0.0 0.0 14
stats: {freemem,"tsung_controller@ip-172-31-46-69"} 1 375533.234375 0.0 375578.80859375 375514.359375 375552.28069196426 14
stats: session 4 32052.84025 3369.3876908128555 48400.277 3663.135 15954.511630541872 203
stats: users_count 0 207
stats: finish_users_count 4 207
stats: request 9 14.785333333333334 5.314132666766987 1620.187 3.968 74.34929771841954 1797
stats: connect 0 0 0 10.83 1.395 1.9418067632850244 207
stats: page 7 19.065857142857144 12.138215571710123 1620.187 3.968 74.97671436588098 1782
stats: tr_Initial_Get_Root 0 0 0 430.206 98.258 136.40263432835823 134
stats: 302 4 694
stats: tr_Redirect_Root 0 0 0 358.207 95.236 143.32043961352656 207
stats: 200 5 1112
stats: tr_Post_New_Comment_On_Post 0 0 0 18.658 7.793 9.909642857142856 56
stats: size_rcv 12763 31500218
stats: tr_Get_Post 0 0 0 111.856 59.298 68.69539285714286 56
stats: newphase 0 2
stats: tr_Get_Root 0 0 0 268.369 99.697 146.25994117647062 17
stats: size_sent 5244 979508
stats: tr_Post_New_Post 0 0 0 23.405 7.44 10.04083870967742 62
stats: connected -4 0
stats: tr_Get_New_Post 0 0 0 28.9 9.608 13.309532258064516 62
stats: tr_Redirect_To_Post 0 0 0 116.052 53.115 67.78086607142858 112
stats: tr_Post_New_Comment_On_Comment 0 0 0 28.231 7.82 9.93444642857143 56
stats: tr_Redirect_To_New_Post 1 10.514 0.0 25.549 8.395 10.701868852459018 61
stats: tr_Get_Logout 0 0 0 50.712 5.414 9.164842105263158 19
stats: tr_Get_Conversations 0 0 0 9.826 6.445 7.911999999999999 17
stats: tr_Authenticate_User 0 0 0 16657.509 204.229 3914.4140724637673 207
stats: tr_Get_Login 0 0 0 7.998 5.83 6.59221052631579 19
stats: tr_Post_Login 0 0 0 141.712 123.909 127.8348947368421 19
stats: tr_Get_New_Conversation 0 0 0 1620.405 874.727 1206.5937647058824 17
stats: tr_Post_New_Conversation 1 20.09 0.0 34.233 15.324 19.127624999999995 16
stats: tr_Redirect_To_New_Conversation 1 15.156 0.0 22.81 14.096 16.919249999999998 16
stats: tr_Redirect_To_Same_Conversation 2 15.599499999999999 0.019500000000000295 27.928 14.653 17.525333333333332 15
stats: tr_Reply_To_Conversation 2 21.593 0.43599999999999994 30.564 21.157 23.6578 15
stats: tr_Get_Book 0 0 0 468.0 162.377 219.37448387096777 62
stats: tr_Get_New_Book 0 0 0 62.699 6.178 8.788264150943396 53
stats: tr_Post_New_Book 1 7.173 0.0 22.522 6.025 7.908173076923077 52
stats: tr_Redirect_To_New_Book 1 7.363 0.0 17.673 6.331 7.985153846153845 52
# stats: dump at 1575892591
stats: users 128 128
stats: {recvpackets,"tsung_controller@ip-172-31-46-69"} 1 22.0 0.0 7240 15 1900.0714285714287 14
stats: {sentpackets,"tsung_controller@ip-172-31-46-69"} 1 22.0 0.0 1969 15 551.0714285714286 14
stats: {cpu,"tsung_controller@ip-172-31-46-69"} 1 0.002081902025690671 0.0 0.0666382065992649 0.0 0.019424026585627748 15
stats: {load,"tsung_controller@ip-172-31-46-69"} 1 0.0 0.0 0.0 0.0 0.0 15
stats: {freemem,"tsung_controller@ip-172-31-46-69"} 1 375540.4140625 0.0 375578.80859375 375514.359375 375551.0109375 15
stats: session 0 0 0 48400.277 3663.135 16265.590444444444 207
stats: users_count 128 335
stats: finish_users_count 0 207
stats: request 341 87.53532258064517 81.07345169443327 1620.187 3.968 74.05246733111844 1806
stats: connect 123 2.036731707317072 2.2670402145800375 23.073 1.308 1.9418067632850244 207
stats: page 341 87.53532258064517 81.07345169443327 1620.187 3.968 74.75794633873669 1789
stats: tr_Initial_Get_Root 67 174.3534179104478 52.41268235016011 430.206 98.258 136.40263432835823 134
stats: 302 122 816
stats: tr_Redirect_Root 26 170.96988461538467 50.67697160926929 358.207 95.236 143.32043961352656 207
stats: 200 219 1331
stats: tr_Post_New_Comment_On_Post 7 26.271571428571423 41.934965870149604 128.977 7.793 9.909642857142856 56
stats: size_rcv 7289485 38789703
stats: tr_Get_Post 7 108.65957142857143 53.12414487071673 193.69 59.298 68.69539285714286 56
stats: newphase 1 3
stats: tr_Get_Root 12 173.75900000000001 31.958587387951507 268.369 99.697 146.25994117647062 17
stats: size_sent 154056 1133564
stats: tr_Post_New_Post 1 9.659 0.0 23.405 7.44 10.04083870967742 62
stats: connected 123 123
stats: tr_Get_New_Post 1 15.632 0.0 28.9 9.608 13.309532258064516 62
stats: tr_Redirect_To_Post 6 70.80716666666667 7.679569658443686 116.052 53.115 67.78086607142858 112
stats: tr_Post_New_Comment_On_Comment 0 0 0 28.231 7.82 9.93444642857143 56
stats: tr_Redirect_To_New_Post 0 0 0 25.549 8.395 10.698838709677421 62
stats: tr_Get_Logout 0 0 0 50.712 5.414 9.164842105263158 19
stats: tr_Get_Conversations 3 9.242333333333335 1.0824916730498302 10.674 6.445 7.911999999999999 17
stats: tr_Authenticate_User 48 2173.7862499999987 1454.7818635097337 16657.509 204.229 3914.4140724637673 207
stats: tr_Get_Login 0 0 0 7.998 5.83 6.59221052631579 19
stats: tr_Post_Login 0 0 0 141.712 123.909 127.8348947368421 19
stats: tr_Get_New_Conversation 0 0 0 1620.405 874.727 1206.5937647058824 17
stats: tr_Post_New_Conversation 0 0 0 34.233 15.324 19.18423529411764 17
stats: tr_Redirect_To_New_Conversation 0 0 0 22.81 14.096 16.815529411764704 17
stats: tr_Redirect_To_Same_Conversation 0 0 0 27.928 14.653 17.298764705882352 17
stats: tr_Reply_To_Conversation 0 0 0 30.564 21.157 23.414882352941177 17
stats: tr_Get_Book 2 278.5875 21.505500000000026 468.0 162.377 219.37448387096777 62
stats: tr_Get_New_Book 0 0 0 62.699 6.178 8.788264150943396 53
stats: tr_Post_New_Book 0 0 0 22.522 6.025 7.894301886792453 53
stats: tr_Redirect_To_New_Book 0 0 0 17.673 6.331 7.973415094339622 53
# stats: dump at 1575892601
stats: users 193 224
stats: {recvpackets,"tsung_controller@ip-172-31-46-69"} 1 7857.0 0.0 7857 15 1774.8666666666666 15
stats: {sentpackets,"tsung_controller@ip-172-31-46-69"} 1 2306.0 0.0 2306 15 515.8 15
stats: {cpu,"tsung_controller@ip-172-31-46-69"} 1 0.05518878730449633 0.0 0.0666382065992649 0.0 0.018340143800631682 16
stats: {load,"tsung_controller@ip-172-31-46-69"} 1 0.0 0.0 0.0 0.0 0.0 16
stats: {freemem,"tsung_controller@ip-172-31-46-69"} 1 375513.91796875 0.0 375578.80859375 375513.91796875 375550.3486328125 16
stats: session 47 10939.693468085105 3278.267807403801 48400.277 3663.135 16265.590444444444 207
stats: users_count 112 447
stats: finish_users_count 47 254
stats: request 1011 162.38565182987148 302.5160985259077 4118.465 3.968 76.19389892873774 2147
stats: connect 117 1.6637606837606842 0.3381817305808783 23.073 1.283 1.9771878787878787 330
stats: page 1011 162.38565182987148 302.5160985259077 4118.465 3.968 76.80352629107979 2130
stats: tr_Initial_Get_Root 73 355.07328767123295 112.94295374559786 645.402 98.258 149.0528955223881 201
stats: 302 425 1241
stats: tr_Redirect_Root 142 407.52343661971827 133.61018953918406 795.887 95.236 146.40578540772535 233
stats: 200 586 1917
stats: tr_Post_New_Comment_On_Post 46 28.670326086956532 38.41023197696288 175.375 7.793 11.72763492063492 63
stats: size_rcv 20984936 59774639
stats: tr_Get_Post 46 103.04826086956518 43.51251905133529 268.735 59.298 73.13585714285715 63
stats: newphase 0 3
stats: tr_Get_Root 11 379.24345454545454 135.92206686277228 589.614 99.697 157.63886206896552 29
stats: size_sent 556980 1690544
stats: tr_Post_New_Post 19 23.644368421052633 27.41785269378239 135.842 7.44 10.034777777777778 63
stats: connected 72 195
stats: tr_Get_New_Post 19 19.26494736842105 6.276174274472126 33.475 9.608 13.346396825396825 63
stats: tr_Redirect_To_Post 52 109.42769230769234 45.07019957139446 275.937 53.115 67.93474576271187 118
stats: tr_Post_New_Comment_On_Comment 28 22.03325 22.23478959813235 135.066 7.82 9.93444642857143 56
stats: tr_Redirect_To_New_Post 11 19.094818181818184 4.289612820379052 29.269 8.395 10.698838709677421 62
stats: tr_Get_Logout 10 14.781400000000001 18.535741556247483 70.133 5.414 9.164842105263158 19
stats: tr_Get_Conversations 10 12.6591 7.202672399186291 33.89 6.445 8.11155 20
stats: tr_Authenticate_User 152 3517.4876118421075 2429.1966649291394 16657.509 204.229 3586.7664823529403 255
stats: tr_Get_Login 9 8.638666666666664 1.9933112596325184 14.017 5.83 6.59221052631579 19
stats: tr_Post_Login 6 129.7055 2.087587982177837 141.712 123.909 127.8348947368421 19
stats: tr_Get_New_Conversation 6 3178.1485 862.3270736817808 4118.561 874.727 1206.5937647058824 17
stats: tr_Post_New_Conversation 5 31.308400000000006 4.1060563366812195 37.2 15.324 19.18423529411764 17
stats: tr_Redirect_To_New_Conversation 1 34.452 0.0 34.452 14.096 16.815529411764704 17
stats: tr_Redirect_To_Same_Conversation 0 0 0 27.928 14.653 17.298764705882352 17
stats: tr_Reply_To_Conversation 0 0 0 30.564 21.157 23.414882352941177 17
stats: tr_Get_Book 29 604.9648275862071 161.06089805156665 937.974 162.377 221.224890625 64
stats: tr_Get_New_Book 26 10.74680769230769 3.229886804627998 62.699 6.178 8.788264150943396 53
stats: tr_Post_New_Book 21 18.029571428571426 25.744154422151148 131.099 6.025 7.894301886792453 53
stats: tr_Redirect_To_New_Book 10 11.302900000000003 2.643530724239838 18.14 6.331 7.973415094339622 53
# stats: dump at 1575892611
stats: users 66 224
stats: {recvpackets,"tsung_controller@ip-172-31-46-69"} 1 17440.0 0.0 17440 15 2155.0 16
stats: {sentpackets,"tsung_controller@ip-172-31-46-69"} 1 4907.0 0.0 4907 15 627.6875 16
stats: {cpu,"tsung_controller@ip-172-31-46-69"} 1 0.22805135841551166 0.0 0.22805135841551166 0.0 0.0205077110655649 17
stats: {load,"tsung_controller@ip-172-31-46-69"} 1 0.0 0.0 0.0 0.0 0.0 17
stats: {freemem,"tsung_controller@ip-172-31-46-69"} 1 375441.62109375 0.0 375578.80859375 375441.62109375 375548.20565257355 17
stats: session 127 15432.742464566925 4537.078298762617 48400.277 3663.135 15280.089822834645 254
stats: users_count 0 447
stats: finish_users_count 127 381
stats: request 584 227.5801883561642 815.480082638445 7006.209 3.968 103.78726884103861 3158
stats: connect 0 0 0 23.073 1.283 1.895149888143177 447
stats: page 576 230.74318055555523 820.7155686252686 7006.209 3.968 104.35001751034703 3141
stats: tr_Initial_Get_Root 0 0 0 645.402 98.258 203.94154014598547 274
stats: 302 216 1457
stats: tr_Redirect_Root 68 496.6371911764704 98.65743754784823 795.887 95.236 245.28233599999996 375
stats: 200 368 2285
stats: tr_Post_New_Comment_On_Post 22 17.333772727272734 3.519950592781075 175.375 7.793 18.87776146788991 109
stats: size_rcv 12028737 71803376
stats: tr_Get_Post 22 93.40050000000001 23.800848084106736 268.735 59.298 85.75944036697247 109
stats: newphase 0 3
stats: tr_Get_Root 0 0 0 589.614 99.697 218.580125 40
stats: size_sent 340959 2031503
stats: tr_Post_New_Post 37 21.28743243243244 35.376953473359535 232.583 7.44 13.188219512195124 82
stats: connected -128 67
stats: tr_Get_New_Post 37 17.648756756756747 5.021702599207441 36.741 9.608 14.717768292682926 82
stats: tr_Redirect_To_Post 76 90.7651315789474 30.396310986065952 275.937 53.115 80.62670588235295 170
stats: tr_Post_New_Comment_On_Comment 38 29.117473684210523 31.110651351465872 137.675 7.82 13.967380952380953 84
stats: tr_Redirect_To_New_Post 36 18.491749999999996 6.497974378283844 48.3 8.395 11.963986301369864 73
stats: tr_Get_Logout 13 16.190307692307695 22.46970470308382 93.858 5.414 11.101586206896553 29
stats: tr_Get_Conversations 8 11.334 3.0750509345375074 33.89 6.445 9.6274 30
stats: tr_Authenticate_User 38 6171.2158947368425 2639.442590188931 16657.509 204.229 3560.8932923832926 407
stats: tr_Get_Login 13 8.628384615384615 4.2409830053975694 22.019 5.83 7.25 28
stats: tr_Post_Login 15 129.68120000000005 2.1961450832462486 141.712 123.909 128.28383999999997 25
stats: tr_Get_New_Conversation 10 6147.3074 985.4823568252457 7006.368 874.727 1720.912391304348 23
stats: tr_Post_New_Conversation 7 43.81942857142857 13.931906821159453 72.267 15.324 21.939727272727268 22
stats: tr_Redirect_To_New_Conversation 7 37.70371428571429 12.001614042813285 61.264 14.096 17.795333333333332 18
stats: tr_Redirect_To_Same_Conversation 8 40.537499999999994 8.105361281275497 55.875 14.653 17.298764705882352 17
stats: tr_Reply_To_Conversation 8 53.777375 6.852132732542107 65.07 21.157 23.414882352941177 17
stats: tr_Get_Book 30 622.7458666666668 107.12656859955686 937.974 162.377 340.8857311827958 93
stats: tr_Get_New_Book 24 9.884083333333331 2.5865435739075076 62.699 6.178 9.432848101265822 79
stats: tr_Post_New_Book 27 12.006888888888893 2.7615859149105058 131.099 6.025 10.770527027027027 74
stats: tr_Redirect_To_New_Book 25 11.367079999999998 2.275904284806371 19.384 6.331 8.501904761904761 63
# stats: dump at 1575892621
stats: users 14 224
stats: {recvpackets,"tsung_controller@ip-172-31-46-69"} 1 8313.0 0.0 17440 15 3054.1176470588234 17
stats: {sentpackets,"tsung_controller@ip-172-31-46-69"} 1 2937.0 0.0 4907 15 879.4117647058823 17
stats: {cpu,"tsung_controller@ip-172-31-46-69"} 1 0.14470574762901195 0.0 0.22805135841551166 0.0 0.0320379136961175 18
stats: {load,"tsung_controller@ip-172-31-46-69"} 1 0.0 0.0 0.0 0.0 0.0 18
stats: {freemem,"tsung_controller@ip-172-31-46-69"} 1 375467.125 0.0 375578.80859375 375441.62109375 375542.28428819444 18
stats: session 52 21623.88555769231 4477.373699358125 48400.277 3663.135 15330.974036745405 381
stats: users_count 0 447
stats: finish_users_count 52 433
stats: request 139 191.0081654676259 814.6481942146578 7006.209 3.968 123.10716862640295 3742
stats: connect 0 0 0 23.073 1.283 1.895149888143177 447
stats: page 131 202.6829160305343 837.7751836271265 7006.209 3.968 123.93636723163837 3717
stats: tr_Initial_Get_Root 0 0 0 645.402 98.258 203.94154014598547 274
stats: 302 46 1503
stats: tr_Redirect_Root 4 167.48775 1.5812478260854634 795.887 95.236 283.8650225733634 443
stats: 200 93 2378
stats: tr_Post_New_Comment_On_Post 2 10.637 1.673 175.375 7.793 18.61846564885497 131
stats: size_rcv 1796868 73600244
stats: tr_Get_Post 2 73.02 0.4549999999999983 268.735 59.298 87.04267175572518 131
stats: newphase 0 3
stats: tr_Get_Root 0 0 0 589.614 99.697 218.580125 40
stats: size_sent 76969 2108472
stats: tr_Post_New_Post 6 8.163833333333335 0.6515114265221207 232.583 7.357 15.706462184873953 119
stats: connected -53 14
stats: tr_Get_New_Post 6 13.124833333333333 0.6298405662458465 36.741 9.608 15.629084033613442 119
stats: tr_Redirect_To_Post 17 69.13005882352942 14.75061241987077 275.937 53.115 83.7589024390244 246
stats: tr_Post_New_Comment_On_Comment 10 9.7773 1.535536586994918 137.675 7.82 18.686262295081967 122
stats: tr_Redirect_To_New_Post 15 10.543666666666665 1.3420810043444558 48.3 8.395 14.11994495412844 109
stats: tr_Get_Logout 1 6.199 0.0 93.858 5.414 12.676666666666668 42
stats: tr_Get_Conversations 2 7.1370000000000005 0.23699999999999943 33.89 6.445 9.986684210526317 38
stats: tr_Authenticate_User 2 11927.574 180.30800000000045 16657.509 204.229 3783.7972449438207 445
stats: tr_Get_Login 2 6.2945 0.10250000000000004 22.019 5.83 7.687048780487804 41
stats: tr_Post_Login 3 124.46 0.36207826041709174 141.712 123.909 128.80785 40
stats: tr_Get_New_Conversation 6 3733.9768333333336 1489.4693725009831 7006.368 874.727 3062.244212121212 33
stats: tr_Post_New_Conversation 9 18.84177777777778 5.294516529764603 72.267 15.324 27.221034482758615 29
stats: tr_Redirect_To_New_Conversation 11 18.67109090909091 4.955114134169327 61.264 13.129 23.36968 25
stats: tr_Redirect_To_Same_Conversation 8 17.9255 4.39059756752996 55.875 14.219 24.735159999999997 25
stats: tr_Reply_To_Conversation 8 24.929125 5.677384222454475 65.07 20.7 33.13088 25
stats: tr_Get_Book 2 196.0345 2.5264999999999986 937.974 162.377 409.632105691057 123
stats: tr_Get_New_Book 3 7.622 0.2885931392115897 62.699 6.178 9.537990291262135 103
stats: tr_Post_New_Book 4 7.072 0.7988156858750329 131.099 5.974 11.101039603960398 101
stats: tr_Redirect_To_New_Book 15 7.3762 0.6572544104074157 19.384 6.049 9.315875 88
# stats: dump at 1575892631
stats: users 1 224
stats: {recvpackets,"tsung_controller@ip-172-31-46-69"} 1 1289.0 0.0 17440 15 3346.277777777778 18
stats: {sentpackets,"tsung_controller@ip-172-31-46-69"} 1 745.0 0.0 4907 15 993.7222222222222 18
stats: {cpu,"tsung_controller@ip-172-31-46-69"} 1 0.03331285980491156 0.0 0.22805135841551166 0.0 0.037967799692585624 19
stats: {load,"tsung_controller@ip-172-31-46-69"} 1 0.0 0.0 0.0 0.0 0.0 19
stats: {freemem,"tsung_controller@ip-172-31-46-69"} 1 375487.7734375 0.0 375578.80859375 375441.62109375 375538.3285361842 19
stats: session 13 31278.683076923076 3749.091299461171 48400.277 3663.135 16086.704750577366 433
stats: users_count 0 447
stats: finish_users_count 13 446
stats: request 28 80.46182142857144 303.50836755964104 7006.209 3.968 125.53907755733054 3881
stats: connect 0 0 0 23.073 1.283 1.895149888143177 447
stats: page 22 102.45840909090909 339.3995855071476 7006.209 3.968 126.61718788981285 3848
stats: tr_Initial_Get_Root 0 0 0 645.402 98.258 203.94154014598547 274
stats: 302 10 1513
stats: tr_Redirect_Root 0 0 0 795.887 95.236 282.8236152125279 447
stats: 200 18 2396
stats: tr_Post_New_Comment_On_Post 0 0 0 175.375 7.793 18.498443609022562 133
stats: size_rcv 217235 73817479
stats: tr_Get_Post 0 0 0 268.735 59.298 86.8318045112782 133
stats: newphase 0 3
stats: tr_Get_Root 0 0 0 589.614 99.697 218.580125 40
stats: size_sent 15207 2123679
stats: tr_Post_New_Post 0 0 0 232.583 7.357 15.344416000000002 125
stats: connected -13 1
stats: tr_Get_New_Post 0 0 0 36.741 9.608 15.508879999999998 125
stats: tr_Redirect_To_Post 3 66.63100000000001 6.180069632833171 275.937 53.115 82.81331178707225 263
stats: tr_Post_New_Comment_On_Comment 1 12.272 0.0 137.675 7.82 18.01134090909091 132
stats: tr_Redirect_To_New_Post 1 11.778 0.0 48.3 8.395 13.68733064516129 124
stats: tr_Get_Logout 0 0 0 93.858 5.414 12.526023255813953 43
stats: tr_Get_Conversations 0 0 0 33.89 6.445 9.8442 40
stats: tr_Authenticate_User 0 0 0 16657.509 204.229 3820.2347248322153 447
stats: tr_Get_Login 0 0 0 22.019 5.83 7.622279069767441 43
stats: tr_Post_Login 0 0 0 141.712 123.909 128.504511627907 43
stats: tr_Get_New_Conversation 1 1655.421 0.0 7006.368 874.727 3165.587692307692 39
stats: tr_Post_New_Conversation 2 17.258499999999998 1.233500000000002 72.267 15.324 25.236473684210523 38
stats: tr_Redirect_To_New_Conversation 4 17.71275 3.9801392171003274 61.264 13.129 21.934 36
stats: tr_Redirect_To_Same_Conversation 6 15.749166666666667 1.1341024963477595 55.875 13.566 23.08433333333333 33
stats: tr_Reply_To_Conversation 6 24.31816666666667 1.9641690708513069 65.07 20.7 31.142575757575756 33
stats: tr_Get_Book 0 0 0 937.974 162.377 406.2145440000001 125
stats: tr_Get_New_Book 0 0 0 62.699 6.178 9.483764150943395 106
stats: tr_Post_New_Book 1 7.167 0.0 131.099 5.974 10.947552380952382 105
stats: tr_Redirect_To_New_Book 3 8.615 0.6871700420322955 19.384 6.049 9.033398058252427 103
# stats: dump at 1575892641
stats: users 230 230
stats: {recvpackets,"tsung_controller@ip-172-31-46-69"} 1 141.0 0.0 17440 15 3238.0 19
stats: {sentpackets,"tsung_controller@ip-172-31-46-69"} 1 85.0 0.0 4907 15 980.6315789473684 19
stats: {cpu,"tsung_controller@ip-172-31-46-69"} 1 0.009369631981677163 0.0 0.22805135841551166 0.0 0.037735052698201925 20
stats: {load,"tsung_controller@ip-172-31-46-69"} 1 0.0 0.0 0.0 0.0 0.0 20
stats: {freemem,"tsung_controller@ip-172-31-46-69"} 1 375495.6875 0.0 375578.80859375 375441.62109375 375535.80078125 20
stats: session 5 11754.8566 11273.351105506501 48400.277 3663.135 16529.520262331836 446
stats: users_count 234 681
stats: finish_users_count 5 451
stats: request 641 130.6842761310452 147.63213966224072 7006.209 3.968 125.21619109746734 3909
stats: tr_Initial_Get_Root 134 299.85159701492546 118.0859354306183 760.517 98.258 203.94154014598547 274
stats: 302 227 1740
stats: connect 233 1.7199484978540776 0.8586724891944892 23.073 1.206 1.895149888143177 447
stats: page 640 130.88878437499983 147.66020026972112 7006.209 3.968 126.47985116279067 3870
stats: tr_Redirect_Root 44 360.16659090909104 110.48904362081214 795.887 95.236 282.8236152125279 447
stats: 200 414 2810
stats: tr_Post_New_Comment_On_Post 11 14.919272727272727 4.488255099112655 175.375 7.793 18.498443609022562 133
stats: size_rcv 16277564 90095043
stats: tr_Get_Post 11 101.93909090909091 22.975114119627733 268.735 59.298 86.8318045112782 133
stats: newphase 1 4
stats: tr_Get_Root 17 264.4570588235294 80.08265763239334 589.614 99.697 218.580125 40
stats: size_sent 290578 2414257
stats: tr_Post_New_Post 1 10.691 0.0 232.583 7.357 15.344416000000002 125
stats: connected 228 229
stats: tr_Get_New_Post 1 17.952 0.0 36.741 9.608 15.508879999999998 125
stats: tr_Redirect_To_Post 6 99.14883333333334 27.253435602486686 275.937 53.115 82.6308045112782 266
stats: tr_Post_New_Comment_On_Comment 4 17.020999999999997 8.643913031723537 137.675 7.82 17.968187969924813 133
stats: tr_Redirect_To_New_Post 1 20.736 0.0 48.3 8.395 13.672056000000001 125
stats: tr_Get_Logout 6 13.388166666666669 5.782864671212319 93.858 5.414 12.526023255813953 43
stats: tr_Get_Conversations 1 8.689 0.0 33.89 6.445 9.8442 40
stats: tr_Authenticate_User 88 2385.2369545454517 1422.2007512147802 16657.509 198.068 3820.2347248322153 447
stats: tr_Get_Login 4 8.4065 1.5901815147963452 22.019 5.83 7.622279069767441 43
stats: tr_Post_Login 2 137.7615 2.5805000000000007 141.712 123.909 128.504511627907 43
stats: tr_Get_New_Conversation 0 0 0 7006.368 874.727 3127.833525 40
stats: tr_Post_New_Conversation 0 0 0 72.267 15.324 24.837574999999998 40
stats: tr_Redirect_To_New_Conversation 0 0 0 61.264 13.129 21.511875 40
stats: tr_Redirect_To_Same_Conversation 1 15.175 0.0 55.875 13.566 21.955846153846153 39
stats: tr_Reply_To_Conversation 1 21.881 0.0 65.07 20.7 30.092666666666666 39
stats: tr_Get_Book 3 494.33033333333333 194.0100286760684 937.974 162.377 406.2145440000001 125
stats: tr_Get_New_Book 3 10.213666666666667 1.5394904640461038 62.699 6.178 9.483764150943395 106
stats: tr_Post_New_Book 0 0 0 131.099 5.974 10.911886792452831 106
stats: tr_Redirect_To_New_Book 0 0 0 19.384 6.049 9.021556603773584 106
# stats: dump at 1575892651
stats: users 401 429
stats: {recvpackets,"tsung_controller@ip-172-31-46-69"} 1 16355.0 0.0 17440 15 3083.15 20
stats: {sentpackets,"tsung_controller@ip-172-31-46-69"} 1 4597.0 0.0 4907 15 935.85 20
stats: {cpu,"tsung_controller@ip-172-31-46-69"} 1 0.142687524735976 0.0 0.22805135841551166 0.0 0.03638431837836741 21
stats: {load,"tsung_controller@ip-172-31-46-69"} 1 0.0 0.0 0.0 0.0 0.0 21
stats: {freemem,"tsung_controller@ip-172-31-46-69"} 1 375455.50390625 0.0 375578.80859375 375441.62109375 375533.890625 21
stats: session 62 11590.16275806452 2789.3211822449503 48400.277 3663.135 16476.586075388022 451
stats: users_count 233 914
stats: finish_users_count 62 513
stats: request 1132 572.1371095406363 1074.6888843458348 7006.209 3.968 125.98653010989007 4550
stats: connect 234 1.7085299145299142 1.2983886336443786 23.073 1.149 1.8351176470588237 680
stats: page 1132 572.1371095406363 1074.6888843458348 7006.209 3.968 127.10550909090904 4510
stats: 302 544 2284
stats: tr_Initial_Get_Root 89 2047.0749775280897 1575.0941588936369 5502.483 98.258 235.44141176470592 408
stats: 200 589 3399
stats: tr_Redirect_Root 94 1833.8099042553204 1518.450433975906 5761.923 95.236 289.7545539714867 491
stats: size_rcv 21807338 111902381
stats: tr_Post_New_Comment_On_Post 33 220.184 501.7106065721855 2564.547 7.793 18.225034722222226 144
stats: newphase 0 4
stats: tr_Get_Post 35 394.85491428571424 505.6018913982125 2954.039 59.298 87.98583333333333 144
stats: size_sent 726762 3141019
stats: tr_Get_Root 24 2345.848 1886.9136121206193 5827.391 99.697 232.2627192982456 57
stats: connected 174 403
stats: tr_Post_New_Post 13 212.6807692307692 343.02222032380035 1206.964 7.357 15.30748412698413 126
stats: tr_Get_New_Post 14 360.2477857142857 659.246107613427 1964.966 9.608 15.52826984126984 126
stats: tr_Redirect_To_Post 51 463.8644705882353 460.5205332059454 1942.498 53.115 82.99517279411765 272
stats: tr_Post_New_Comment_On_Comment 25 319.3106 540.627031459952 2484.203 7.82 17.940532846715328 137
stats: tr_Redirect_To_New_Post 9 329.5637777777778 694.8475232603637 2281.031 8.395 13.72811904761905 126
stats: tr_Get_Logout 13 191.6456153846154 373.85992171802246 1273.982 5.414 12.631591836734696 49
stats: tr_Get_Conversations 6 400.3748333333333 827.2342635681497 2249.48 6.445 9.816024390243903 41
stats: tr_Authenticate_User 226 4425.496030973451 2678.492320886696 16657.509 198.068 3584.197708411215 535
stats: tr_Get_Login 11 14.395272727272728 12.845576876468265 52.35 5.83 7.689021276595744 47
stats: tr_Post_Login 12 260.9393333333333 320.18983490431975 1319.23 123.909 128.91593333333336 45
stats: tr_Get_New_Conversation 0 0 0 7006.368 874.727 3127.833525 40
stats: tr_Post_New_Conversation 0 0 0 72.267 15.324 24.837574999999998 40
stats: tr_Redirect_To_New_Conversation 0 0 0 61.264 13.129 21.511875 40
stats: tr_Redirect_To_Same_Conversation 0 0 0 55.875 13.566 21.786324999999998 40
stats: tr_Reply_To_Conversation 0 0 0 65.07 20.7 29.887375000000002 40
stats: tr_Get_Book 15 2206.7521333333334 1778.3054667739873 6109.283 162.377 408.2797578125001 128
stats: tr_Get_New_Book 21 12.861714285714289 5.630226470475547 62.699 6.178 9.503853211009172 109
stats: tr_Post_New_Book 22 165.54595454545458 435.3094292953083 1953.897 5.974 10.911886792452831 106
stats: tr_Redirect_To_New_Book 16 289.950875 384.46827986289634 1265.317 6.049 9.021556603773584 106
# stats: dump at 1575892661
stats: users 315 429
stats: {recvpackets,"tsung_controller@ip-172-31-46-69"} 1 17890.0 0.0 17890 15 3715.1428571428573 21
stats: {sentpackets,"tsung_controller@ip-172-31-46-69"} 1 5432.0 0.0 5432 15 1110.1904761904761 21
stats: {cpu,"tsung_controller@ip-172-31-46-69"} 1 0.3050018216832353 0.0 0.3050018216832353 0.0 0.04121628230371326 22
stats: {load,"tsung_controller@ip-172-31-46-69"} 1 0.0 0.0 0.0 0.0 0.0 22
stats: {freemem,"tsung_controller@ip-172-31-46-69"} 1 375389.75390625 0.0 375578.80859375 375389.75390625 375530.32759232953 22
stats: session 86 18108.249197674424 3448.8674433534375 48400.277 3663.135 15886.024192982453 513
stats: users_count 0 914
stats: finish_users_count 86 599
stats: request 1209 1807.8751149710536 2625.35256963534 8583.251 3.968 214.87115804294265 5682
stats: connect 0 0 0 23.073 1.149 1.8027089715536104 914
stats: page 1209 1807.8751149710536 2625.35256963534 8583.251 3.968 216.39579120879122 5642
stats: tr_Initial_Get_Root 48 6508.2681041666665 716.9242088002061 8369.242 98.258 559.858690140845 497
stats: 302 457 2741
stats: tr_Redirect_Root 261 5531.107256704977 1336.5293700168188 8500.641 95.236 537.8591743589745 585
stats: 200 751 4150
stats: tr_Post_New_Comment_On_Post 81 121.24364197530868 198.18295439803487 2564.547 7.793 55.878401129943505 177
stats: size_rcv 37705580 149607961
stats: tr_Get_Post 79 334.91240506329103 298.84990776852123 2954.039 59.298 147.98816759776534 179
stats: newphase 0 4
stats: tr_Get_Root 11 6450.92090909091 529.9392101189881 7549.213 99.697 858.5102098765431 81
stats: size_sent 620781 3761800
stats: tr_Post_New_Post 23 199.76073913043476 445.43472554448255 2268.871 7.357 33.76685611510791 139
stats: connected -87 316
stats: tr_Get_New_Post 22 174.6587727272727 423.7173962176303 1964.966 9.608 50.00022142857143 140
stats: tr_Redirect_To_Post 109 326.4405412844035 315.0417591641157 2891.323 53.115 143.13243034055728 323
stats: tr_Post_New_Comment_On_Comment 50 180.83710000000008 423.5763514002287 2510.788 7.82 64.44825925925926 162
stats: tr_Redirect_To_New_Post 17 98.84958823529414 64.68004492346181 2281.031 8.395 34.78382962962963 135
stats: tr_Get_Logout 19 29.59326315789474 17.084202979860184 1273.982 5.414 50.16679032258065 62
stats: tr_Get_Conversations 25 63.27879999999999 71.14139292985485 2249.48 6.445 59.67459574468084 47
stats: tr_Authenticate_User 134 5266.074432835822 3286.9447488678957 17692.376 198.068 3834.0445164257553 761
stats: tr_Get_Login 16 8.404812500000004 1.4969446473880557 52.35 5.83 8.960896551724137 58
stats: tr_Post_Login 14 165.7012857142857 33.53002980576532 1319.23 123.909 156.71033333333335 57
stats: tr_Get_New_Conversation 0 0 0 7006.368 874.727 3127.833525 40
stats: tr_Post_New_Conversation 0 0 0 72.267 15.324 24.837574999999998 40
stats: tr_Redirect_To_New_Conversation 0 0 0 61.264 13.129 21.511875 40
stats: tr_Redirect_To_Same_Conversation 0 0 0 55.875 13.566 21.786324999999998 40
stats: tr_Reply_To_Conversation 0 0 0 65.07 20.7 29.887375000000002 40
stats: tr_Get_Book 34 5567.195852941177 1727.4280339575425 8583.403 162.377 596.9307062937064 143
stats: tr_Get_New_Book 39 23.94633333333334 36.46759150704617 190.327 6.178 10.046276923076922 130
stats: tr_Post_New_Book 32 83.42703124999998 202.7041032747124 1953.897 5.974 37.48961718750001 128
stats: tr_Redirect_To_New_Book 15 45.391133333333336 30.244875523779044 1265.317 6.049 45.864745901639346 122
# stats: dump at 1575892671
stats: users 133 429
stats: {recvpackets,"tsung_controller@ip-172-31-46-69"} 1 29440.0 0.0 29440 15 4359.454545454545 22
stats: {sentpackets,"tsung_controller@ip-172-31-46-69"} 1 7077.0 0.0 7077 15 1306.6363636363637 22
stats: {cpu,"tsung_controller@ip-172-31-46-69"} 1 0.3384887777951362 0.0 0.3384887777951362 0.0 0.05268521879847509 23
stats: {load,"tsung_controller@ip-172-31-46-69"} 1 0.0 0.0 0.0 0.0 0.0 23
stats: {freemem,"tsung_controller@ip-172-31-46-69"} 1 375323.98046875 0.0 375578.80859375 375323.98046875 375524.21569293475 23
stats: session 182 23900.09672527471 4170.122427201022 48400.277 3663.135 16205.074861435724 599
stats: users_count 0 914
stats: finish_users_count 182 781
stats: connect 0 0 0 23.073 1.149 1.8027089715536104 914
stats: request 758 615.2829340369402 987.3153112596046 8583.251 3.968 494.35770338122245 6891
stats: 302 240 2981
stats: page 758 615.2829340369402 987.3153112596046 8583.251 3.968 497.24508363742575 6851
stats: tr_Initial_Get_Root 0 0 0 8369.242 98.258 1083.7552990825689 545
stats: 200 518 4668
stats: tr_Redirect_Root 67 2555.1246119402995 463.3015407703796 8500.641 95.236 2078.329327423167 846
stats: size_rcv 18168313 167776274
stats: tr_Post_New_Comment_On_Post 19 132.5415263157895 361.97344954777066 2564.547 7.793 76.40004651162792 258
stats: newphase 0 4
stats: tr_Get_Post 19 175.75563157894737 48.51152523311563 2954.039 59.298 205.22465891472862 258
stats: size_sent 413871 4175671
stats: tr_Get_Root 0 0 0 7549.213 99.697 1527.1680108695653 92
stats: connected -183 133
stats: tr_Post_New_Post 83 321.1541566265061 504.86143659360744 2562.792 7.357 57.33388888888889 162
stats: tr_Get_New_Post 83 149.6183855421686 350.5599930038214 1964.966 9.608 66.92916049382715 162
stats: tr_Redirect_To_Post 111 137.4372972972972 42.30036999957333 2891.323 53.115 189.38378240740735 432
stats: tr_Post_New_Comment_On_Comment 61 424.96026229508203 711.4100652072108 2510.788 7.82 91.89845754716984 212
stats: tr_Redirect_To_New_Post 62 125.65380645161287 282.84054034150097 2281.031 8.395 41.94907894736842 152
stats: tr_Get_Logout 4 12.687750000000001 2.657846061663467 1273.982 5.414 45.3409012345679 81
stats: tr_Get_Conversations 19 22.977315789473693 24.15866343255863 2249.48 6.445 60.92605555555555 72
stats: tr_Authenticate_User 19 8448.455368421055 3507.7440884475536 18505.918 198.068 4048.448995530726 895
stats: tr_Get_Login 11 10.378454545454543 6.862504795343731 52.35 5.83 8.840662162162163 74
stats: tr_Post_Login 13 144.1076923076923 13.843263367954687 1319.23 123.909 158.4831971830986 71
stats: tr_Get_New_Conversation 0 0 0 7006.368 874.727 3127.833525 40
stats: tr_Post_New_Conversation 0 0 0 72.267 15.324 24.837574999999998 40
stats: tr_Redirect_To_New_Conversation 0 0 0 61.264 13.129 21.511875 40
stats: tr_Redirect_To_Same_Conversation 0 0 0 55.875 13.566 21.786324999999998 40
stats: tr_Reply_To_Conversation 0 0 0 65.07 20.7 29.887375000000002 40
stats: tr_Get_Book 78 2350.6862179487184 590.1760471678407 8583.403 162.377 1551.6709039548023 177
stats: tr_Get_New_Book 29 13.176172413793102 6.084269763618341 190.327 6.178 13.253982248520712 169
stats: tr_Post_New_Book 34 329.50732352941174 642.6656539686284 2500.734 5.974 46.67710000000001 160
stats: tr_Redirect_To_New_Book 39 76.92471794871794 241.9234257198931 1265.317 6.049 45.812890510948904 137
# stats: dump at 1575892681
stats: users 62 429
stats: {recvpackets,"tsung_controller@ip-172-31-46-69"} 1 11744.0 0.0 29440 15 5449.91304347826 23
stats: {sentpackets,"tsung_controller@ip-172-31-46-69"} 1 3304.0 0.0 7077 15 1557.5217391304348 23
stats: {cpu,"tsung_controller@ip-172-31-46-69"} 1 0.2092464006496008 0.0 0.3384887777951362 0.0 0.06459370042333597 24
stats: {load,"tsung_controller@ip-172-31-46-69"} 1 0.0 0.0 0.0 0.0 0.0 24
stats: {freemem,"tsung_controller@ip-172-31-46-69"} 1 375384.39453125 0.0 375578.80859375 375323.98046875 375515.87255859375 24
stats: session 71 31412.94987323944 4848.2498658890345 48400.277 3663.135 17998.280980793847 781
stats: users_count 0 914
stats: finish_users_count 71 852
stats: request 118 99.1407033898305 318.9155375193821 8583.251 3.968 506.34114237155245 7649
stats: connect 0 0 0 23.073 1.149 1.8027089715536104 914
stats: tr_Initial_Get_Root 0 0 0 8369.242 98.258 1083.7552990825689 545
stats: page 118 99.1407033898305 318.9155375193821 8583.251 3.968 509.0038811933243 7609
stats: 302 25 3006
stats: tr_Redirect_Root 0 0 0 8500.641 95.236 2113.318685651697 913
stats: 200 93 4761
stats: tr_Post_New_Comment_On_Post 0 0 0 2564.547 7.793 80.25090613718413 277
stats: size_rcv 1273080 169049354
stats: tr_Get_Post 0 0 0 2954.039 59.298 203.20331768953065 277
stats: newphase 0 4
stats: tr_Get_Root 0 0 0 7549.213 99.697 1527.1680108695653 92
stats: size_sent 68611 4244282
stats: tr_Post_New_Post 15 30.373533333333334 8.33432094307762 2562.792 7.357 146.70973469387758 245
stats: connected -71 62
stats: tr_Get_New_Post 15 20.8584 6.617426164302855 1964.966 9.608 94.94224489795914 245
stats: tr_Redirect_To_Post 11 98.82709090909093 16.60017097094072 2891.323 53.115 178.76488766114176 543
stats: tr_Post_New_Comment_On_Comment 4 31.295 4.362321916135947 2510.788 7.82 166.31886080586085 273
stats: tr_Redirect_To_New_Post 39 28.371461538461546 7.785253772344403 2281.031 8.395 66.19998130841121 214
stats: tr_Get_Logout 0 0 0 1273.982 5.414 43.80428235294118 85
stats: tr_Get_Conversations 1 13.034 0.0 2249.48 6.445 53.00269230769231 91
stats: tr_Authenticate_User 0 0 0 18505.918 198.068 4139.915211159738 914
stats: tr_Get_Login 0 0 0 52.35 5.83 9.039670588235294 85
stats: tr_Post_Login 1 131.396 0.0 1319.23 123.909 156.25841666666668 84
stats: tr_Get_New_Conversation 0 0 0 7006.368 874.727 3127.833525 40
stats: tr_Post_New_Conversation 0 0 0 72.267 15.324 24.837574999999998 40
stats: tr_Redirect_To_New_Conversation 0 0 0 61.264 13.129 21.511875 40
stats: tr_Redirect_To_Same_Conversation 0 0 0 55.875 13.566 21.786324999999998 40
stats: tr_Reply_To_Conversation 0 0 0 65.07 20.7 29.887375000000002 40
stats: tr_Get_Book 5 1610.0761999999997 42.8994556907195 8583.403 162.377 1796.0755882352942 255
stats: tr_Get_New_Book 1 10.947 0.0 190.327 6.178 13.24258585858586 198
stats: tr_Post_New_Book 5 19.8534 4.739770483894764 2500.734 5.974 96.24528350515463 194
stats: tr_Redirect_To_New_Book 21 15.90480952380952 4.7993370536142805 1265.317 6.049 52.70698863636364 176
# stats: dump at 1575892691
stats: users 51 429
stats: {recvpackets,"tsung_controller@ip-172-31-46-69"} 1 970.0 0.0 29440 15 5712.166666666667 24
stats: {sentpackets,"tsung_controller@ip-172-31-46-69"} 1 443.0 0.0 7077 15 1630.2916666666667 24
stats: {cpu,"tsung_controller@ip-172-31-46-69"} 1 0.03435746337806744 0.0 0.3384887777951362 0.0 0.07037980843238657 25
stats: {load,"tsung_controller@ip-172-31-46-69"} 1 0.0 0.0 0.0 0.0 0.0 25
stats: {freemem,"tsung_controller@ip-172-31-46-69"} 1 375413.76171875 0.0 375578.80859375 375323.98046875 375510.6134375 25
stats: session 11 42000.99163636364 6452.810305365877 56059.529 3663.135 19116.17005516431 852
stats: users_count 0 914
stats: finish_users_count 11 863
stats: request 19 2451.4409473684204 9463.33647222354 42547.8 3.968 500.15475743530385 7767
stats: connect 0 0 0 23.073 1.149 1.8027089715536104 914
stats: page 18 2587.6448888888885 9704.581555086877 42547.8 3.968 502.7448084638287 7727
stats: tr_Initial_Get_Root 0 0 0 8369.242 98.258 1083.7552990825689 545
stats: 302 3 3009
stats: tr_Redirect_Root 1 1713.623 0.0 8500.641 95.236 2113.318685651697 913
stats: 200 16 4777
stats: tr_Post_New_Comment_On_Post 0 0 0 2564.547 7.793 80.25090613718413 277
stats: size_rcv 260747 169310101
stats: tr_Get_Post 0 0 0 2954.039 59.298 203.20331768953065 277
stats: newphase 0 4
stats: tr_Get_Root 0 0 0 7549.213 99.697 1527.1680108695653 92
stats: size_sent 9999 4254281
stats: tr_Post_New_Post 1 32.277 0.0 2562.792 7.357 139.9980307692308 260
stats: connected -11 51
stats: tr_Get_New_Post 1 17.59 0.0 1964.966 9.608 90.66817692307689 260
stats: tr_Redirect_To_Post 0 0 0 2891.323 53.115 177.17767509025265 554
stats: tr_Post_New_Comment_On_Comment 0 0 0 2510.788 7.82 164.3690577617329 277
stats: tr_Redirect_To_New_Post 8 25.712125 2.06358816370297 2281.031 8.395 60.36870750988142 253
stats: tr_Get_Logout 0 0 0 1273.982 5.414 43.80428235294118 85
stats: tr_Get_Conversations 0 0 0 2249.48 6.445 52.56824999999999 92
stats: tr_Authenticate_User 0 0 0 18505.918 198.068 4139.915211159738 914
stats: tr_Get_Login 0 0 0 52.35 5.83 9.039670588235294 85
stats: tr_Post_Login 0 0 0 1319.23 123.909 155.96591764705883 85
stats: tr_Get_New_Conversation 1 42547.904 0.0 42547.904 874.727 3127.833525 40
stats: tr_Post_New_Conversation 1 153.944 0.0 153.944 15.324 24.837574999999998 40
stats: tr_Redirect_To_New_Conversation 1 99.62 0.0 99.62 13.129 21.511875 40
stats: tr_Redirect_To_Same_Conversation 1 83.334 0.0 83.334 13.566 21.786324999999998 40
stats: tr_Reply_To_Conversation 1 149.17 0.0 149.17 20.7 29.887375000000002 40
stats: tr_Get_Book 1 1549.66 0.0 8583.403 162.377 1792.498676923077 260
stats: tr_Get_New_Book 0 0 0 190.327 6.178 13.231050251256283 199
stats: tr_Post_New_Book 0 0 0 2500.734 5.974 94.32588944723618 199
stats: tr_Redirect_To_New_Book 2 14.035 2.965 1265.317 6.049 48.78391370558376 197
# stats: dump at 1575892701
stats: users 51 429
stats: {recvpackets,"tsung_controller@ip-172-31-46-69"} 1 211.0 0.0 29440 15 5522.48 25
stats: {sentpackets,"tsung_controller@ip-172-31-46-69"} 1 66.0 0.0 7077 15 1582.8 25
stats: {cpu,"tsung_controller@ip-172-31-46-69"} 1 0.006246291264561667 0.0 0.3384887777951362 0.0 0.06899433362260507 26
stats: {load,"tsung_controller@ip-172-31-46-69"} 1 0.0 0.0 0.0 0.0 0.0 26
stats: {freemem,"tsung_controller@ip-172-31-46-69"} 1 375418.92578125 0.0 375578.80859375 375323.98046875 375506.88837139425 26
stats: session 0 0 0 56059.529 3663.135 19407.865347624556 863
stats: users_count 0 914
stats: finish_users_count 0 863
stats: request 0 0 0 42547.8 3.968 504.9164370665303 7786
stats: connect 0 0 0 23.073 1.149 1.8027089715536104 914
stats: page 0 0 0 42547.8 3.968 507.5902831504202 7745
stats: tr_Initial_Get_Root 0 0 0 8369.242 98.258 1083.7552990825689 545
stats: 302 0 3009
stats: tr_Redirect_Root 0 0 0 8500.641 95.236 2112.8813818380736 914
stats: 200 0 4777
stats: tr_Post_New_Comment_On_Post 0 0 0 2564.547 7.793 80.25090613718413 277
stats: size_rcv 0 169310101
stats: tr_Get_Post 0 0 0 2954.039 59.298 203.20331768953065 277
stats: newphase 0 4
stats: tr_Get_Root 0 0 0 7549.213 99.697 1527.1680108695653 92
stats: size_sent 0 4254281
stats: tr_Post_New_Post 0 0 0 2562.792 7.357 139.58530651341002 261
stats: connected 0 51
stats: tr_Get_New_Post 0 0 0 1964.966 9.608 90.38818390804595 261
stats: tr_Redirect_To_Post 0 0 0 2891.323 53.115 177.17767509025265 554
stats: tr_Post_New_Comment_On_Comment 0 0 0 2510.788 7.82 164.3690577617329 277
stats: tr_Redirect_To_New_Post 0 0 0 2281.031 8.395 59.30643678160919 261
stats: tr_Get_Logout 0 0 0 1273.982 5.414 43.80428235294118 85
stats: tr_Get_Conversations 0 0 0 2249.48 6.445 52.56824999999999 92
stats: tr_Authenticate_User 0 0 0 18505.918 198.068 4139.915211159738 914
stats: tr_Get_Login 0 0 0 52.35 5.83 9.039670588235294 85
stats: tr_Post_Login 0 0 0 1319.23 123.909 155.96591764705883 85
stats: tr_Get_New_Conversation 0 0 0 42547.904 874.727 4089.298658536585 41
stats: tr_Post_New_Conversation 0 0 0 153.944 15.324 27.98651219512195 41
stats: tr_Redirect_To_New_Conversation 0 0 0 99.62 13.129 23.416951219512196 41
stats: tr_Redirect_To_Same_Conversation 0 0 0 83.334 13.566 23.28748780487805 41
stats: tr_Reply_To_Conversation 0 0 0 149.17 20.7 32.79670731707318 41
stats: tr_Get_Book 0 0 0 8583.403 162.377 1791.5682605363984 261
stats: tr_Get_New_Book 0 0 0 190.327 6.178 13.231050251256283 199
stats: tr_Post_New_Book 0 0 0 2500.734 5.974 94.32588944723618 199
stats: tr_Redirect_To_New_Book 0 0 0 1265.317 6.049 48.4346783919598 199
# stats: dump at 1575892711
stats: users 48 429
stats: {recvpackets,"tsung_controller@ip-172-31-46-69"} 1 39.0 0.0 29440 15 5318.192307692308 26
stats: {sentpackets,"tsung_controller@ip-172-31-46-69"} 1 10.0 0.0 7077 10 1524.4615384615386 26
stats: {cpu,"tsung_controller@ip-172-31-46-69"} 1 0.0041638907395069955 0.0 0.3384887777951362 0.0 0.06667033205378865 27
stats: {load,"tsung_controller@ip-172-31-46-69"} 1 0.0 0.0 0.0 0.0 0.0 27
stats: {freemem,"tsung_controller@ip-172-31-46-69"} 1 375422.77734375 0.0 375578.80859375 375323.98046875 375503.63049768517 27
stats: session 3 71099.67733333334 4955.281350119977 74952.912 3663.135 19407.865347624556 863
stats: users_count 0 914
stats: finish_users_count 3 866
stats: request 57 25004.908526315783 25516.26044719701 57420.0 3.968 504.9164370665303 7786
stats: connect 0 0 0 23.073 1.149 1.8027089715536104 914
stats: page 54 26394.08072222222 25506.570095572886 57420.0 3.968 507.5902831504202 7745
stats: tr_Initial_Get_Root 0 0 0 8369.242 98.258 1083.7552990825689 545
stats: 302 20 3029
stats: tr_Redirect_Root 0 0 0 8500.641 95.236 2112.8813818380736 914
stats: 200 37 4814
stats: tr_Post_New_Comment_On_Post 0 0 0 2564.547 7.793 80.25090613718413 277
stats: size_rcv 1768362 171078463
stats: tr_Get_Post 0 0 0 2954.039 59.298 203.20331768953065 277
stats: newphase 0 4
stats: tr_Get_Root 0 0 0 7549.213 99.697 1527.1680108695653 92
stats: size_sent 17405 4271686
stats: tr_Post_New_Post 0 0 0 2562.792 7.357 139.58530651341002 261
stats: connected -3 48
stats: tr_Get_New_Post 0 0 0 1964.966 9.608 90.38818390804595 261
stats: tr_Redirect_To_Post 0 0 0 2891.323 53.115 177.17767509025265 554
stats: tr_Post_New_Comment_On_Comment 0 0 0 2510.788 7.82 164.3690577617329 277
stats: tr_Redirect_To_New_Post 0 0 0 2281.031 8.395 59.30643678160919 261
stats: tr_Get_Logout 0 0 0 1273.982 5.414 43.80428235294118 85
stats: tr_Get_Conversations 0 0 0 2249.48 6.445 52.56824999999999 92
stats: tr_Authenticate_User 0 0 0 18505.918 198.068 4139.915211159738 914
stats: tr_Get_Login 0 0 0 52.35 5.83 9.039670588235294 85
stats: tr_Post_Login 0 0 0 1319.23 123.909 155.96591764705883 85
stats: tr_Get_New_Conversation 28 50812.92960714286 4035.9083815254753 57420.154 874.727 4089.298658536585 41
stats: tr_Post_New_Conversation 17 93.66047058823531 25.271758020082537 153.944 15.324 27.98651219512195 41
stats: tr_Redirect_To_New_Conversation 6 76.729 15.342951671696031 99.62 13.129 23.416951219512196 41
stats: tr_Redirect_To_Same_Conversation 3 61.04833333333334 8.613842593304238 83.334 13.566 23.28748780487805 41
stats: tr_Reply_To_Conversation 3 97.685 10.848954358216584 149.17 20.7 32.79670731707318 41
stats: tr_Get_Book 0 0 0 8583.403 162.377 1791.5682605363984 261
stats: tr_Get_New_Book 0 0 0 190.327 6.178 13.231050251256283 199
stats: tr_Post_New_Book 0 0 0 2500.734 5.974 94.32588944723618 199
stats: tr_Redirect_To_New_Book 0 0 0 1265.317 6.049 48.4346783919598 199
# stats: dump at 1575892721
stats: users 10 429
stats: {recvpackets,"tsung_controller@ip-172-31-46-69"} 1 2218.0 0.0 29440 15 5122.666666666667 27
stats: {sentpackets,"tsung_controller@ip-172-31-46-69"} 1 445.0 0.0 7077 10 1468.3703703703704 27
stats: {cpu,"tsung_controller@ip-172-31-46-69"} 1 0.023942870229643354 0.0 0.3384887777951362 0.0 0.06443795914970717 28
stats: {load,"tsung_controller@ip-172-31-46-69"} 1 0.0 0.0 0.0 0.0 0.0 28
stats: {freemem,"tsung_controller@ip-172-31-46-69"} 1 375445.06640625 0.0 375578.80859375 375323.98046875 375500.74288504466 28
stats: session 38 74200.52307894734 4264.045935619536 83269.692 3663.135 19586.93628983833 866
stats: users_count 0 914
stats: finish_users_count 38 904
stats: request 173 5937.83808092486 15162.885458351357 57420.0 3.968 682.9732455692981 7843
stats: connect 0 0 0 23.073 1.149 1.8027089715536104 914
stats: page 135 7609.124303703694 16790.273463476657 57420.0 3.968 686.8274268495967 7799
stats: tr_Initial_Get_Root 0 0 0 8369.242 98.258 1083.7552990825689 545
stats: 302 72 3101
stats: tr_Redirect_Root 0 0 0 8500.641 95.236 2112.8813818380736 914
stats: 200 101 4915
stats: tr_Post_New_Comment_On_Post 0 0 0 2564.547 7.793 80.25090613718413 277
stats: size_rcv 1667614 172746077
stats: tr_Get_Post 0 0 0 2954.039 59.298 203.20331768953065 277
stats: newphase 0 4
stats: tr_Get_Root 0 0 0 7549.213 99.697 1527.1680108695653 92
stats: size_sent 83921 4355607
stats: tr_Post_New_Post 0 0 0 2562.792 7.357 139.58530651341002 261
stats: connected -37 11
stats: tr_Get_New_Post 0 0 0 1964.966 9.608 90.38818390804595 261
stats: tr_Redirect_To_Post 0 0 0 2891.323 53.115 177.17767509025265 554
stats: tr_Post_New_Comment_On_Comment 0 0 0 2510.788 7.82 164.3690577617329 277
stats: tr_Redirect_To_New_Post 0 0 0 2281.031 8.395 59.30643678160919 261
stats: tr_Get_Logout 0 0 0 1273.982 5.414 43.80428235294118 85
stats: tr_Get_Conversations 0 0 0 2249.48 6.445 52.56824999999999 92
stats: tr_Authenticate_User 0 0 0 18505.918 198.068 4139.915211159738 914
stats: tr_Get_Login 0 0 0 52.35 5.83 9.039670588235294 85
stats: tr_Post_Login 0 0 0 1319.23 123.909 155.96591764705883 85
stats: tr_Get_New_Conversation 23 44523.22865217391 3498.742477148307 57420.154 874.727 23049.61266666667 69
stats: tr_Post_New_Conversation 34 25.128117647058822 13.856306652386946 153.944 14.929 47.23577586206897 58
stats: tr_Redirect_To_New_Conversation 41 18.123658536585367 7.8576757489785525 99.62 12.617 30.222744680851065 47
stats: tr_Redirect_To_Same_Conversation 37 18.008729729729733 7.946911848444902 83.334 13.521 25.86209090909091 44
stats: tr_Reply_To_Conversation 38 25.805894736842102 13.825467641828082 149.17 18.989 37.220909090909096 44
stats: tr_Get_Book 0 0 0 8583.403 162.377 1791.5682605363984 261
stats: tr_Get_New_Book 0 0 0 190.327 6.178 13.231050251256283 199
stats: tr_Post_New_Book 0 0 0 2500.734 5.974 94.32588944723618 199
stats: tr_Redirect_To_New_Book 0 0 0 1265.317 6.049 48.4346783919598 199
# stats: dump at 1575892731
stats: users 0 429
stats: {recvpackets,"tsung_controller@ip-172-31-46-69"} 1 662.0 0.0 29440 15 5018.928571428572 28
stats: {sentpackets,"tsung_controller@ip-172-31-46-69"} 1 418.0 0.0 7077 10 1431.8214285714287 28
stats: {cpu,"tsung_controller@ip-172-31-46-69"} 1 0.028108018072414583 0.0 0.3384887777951362 0.0 0.06304157677315324 29
stats: {load,"tsung_controller@ip-172-31-46-69"} 1 0.0 0.0 0.0 0.0 0.0 29
stats: {freemem,"tsung_controller@ip-172-31-46-69"} 1 375452.515625 0.0 375578.80859375 375323.98046875 375498.8230064655 29
stats: session 10 80097.69959999999 4187.196026953292 88319.962 3663.135 21882.640159292027 904
stats: users_count 0 914
stats: finish_users_count 10 914
stats: connect 0 0 0 23.073 1.149 1.8027089715536104 914
stats: request 23 18.644173913043478 5.0982768500072115 57420.0 3.968 796.3828783682642 8016
stats: page 14 32.225928571428575 12.238077880500013 57420.0 3.968 804.6129169397534 7934
stats: tr_Initial_Get_Root 0 0 0 8369.242 98.258 1083.7552990825689 545
stats: 302 9 3110
stats: tr_Redirect_Root 0 0 0 8500.641 95.236 2112.8813818380736 914
stats: 200 14 4929
stats: tr_Post_New_Comment_On_Post 0 0 0 2564.547 7.793 80.25090613718413 277
stats: size_rcv 32980 172779057
stats: tr_Get_Post 0 0 0 2954.039 59.298 203.20331768953065 277
stats: newphase 0 4
stats: tr_Get_Root 0 0 0 7549.213 99.697 1527.1680108695653 92
stats: size_sent 11828 4367435
stats: tr_Post_New_Post 0 0 0 2562.792 7.357 139.58530651341002 261
stats: connected -10 1
stats: tr_Get_New_Post 0 0 0 1964.966 9.608 90.38818390804595 261
stats: tr_Redirect_To_Post 0 0 0 2891.323 53.115 177.17767509025265 554
stats: tr_Post_New_Comment_On_Comment 0 0 0 2510.788 7.82 164.3690577617329 277
stats: tr_Redirect_To_New_Post 0 0 0 2281.031 8.395 59.30643678160919 261
stats: tr_Get_Logout 0 0 0 1273.982 5.414 43.80428235294118 85
stats: tr_Get_Conversations 0 0 0 2249.48 6.445 52.56824999999999 92
stats: tr_Authenticate_User 0 0 0 18505.918 198.068 4139.915211159738 914
stats: tr_Get_Login 0 0 0 52.35 5.83 9.039670588235294 85
stats: tr_Post_Login 0 0 0 1319.23 123.909 155.96591764705883 85
stats: tr_Get_New_Conversation 0 0 0 57420.154 874.727 28418.01666304348 92
stats: tr_Post_New_Conversation 0 0 0 153.944 14.929 39.06555434782609 92
stats: tr_Redirect_To_New_Conversation 4 16.377 2.908446062762726 99.62 12.617 24.585670454545458 88
stats: tr_Redirect_To_Same_Conversation 10 16.084 3.324923367537964 83.334 13.521 22.274753086419754 81
stats: tr_Reply_To_Conversation 9 22.918333333333333 4.8074585339403155 149.17 18.989 31.931024390243902 82
stats: tr_Get_Book 0 0 0 8583.403 162.377 1791.5682605363984 261
stats: tr_Get_New_Book 0 0 0 190.327 6.178 13.231050251256283 199
stats: tr_Post_New_Book 0 0 0 2500.734 5.974 94.32588944723618 199
stats: tr_Redirect_To_New_Book 0 0 0 1265.317 6.049 48.4346783919598 199
# stats: dump at 1575892734
stats: users 0 429
stats: {recvpackets,"tsung_controller@ip-172-31-46-69"} 1 44.0 0.0 29440 15 4868.689655172414 29
stats: {sentpackets,"tsung_controller@ip-172-31-46-69"} 1 42.0 0.0 7077 10 1396.8620689655172 29
stats: {cpu,"tsung_controller@ip-172-31-46-69"} 1 0.00936875416389074 0.0 0.3384887777951362 0.0 0.061877124816461945 30
stats: {load,"tsung_controller@ip-172-31-46-69"} 1 0.0 0.0 0.0 0.0 0.0 30
stats: {freemem,"tsung_controller@ip-172-31-46-69"} 1 375468.48828125 0.0 375578.80859375 375323.98046875 375497.2794270833 30
stats: session 0 0 0 88319.962 3663.135 22519.566411378546 914
stats: users_count 0 914
stats: finish_users_count 0 914
stats: connect 0 0 0 23.073 1.149 1.8027089715536104 914
stats: tr_Initial_Get_Root 0 0 0 8369.242 98.258 1083.7552990825689 545
stats: 302 1 3111
stats: request 2 18.603 3.730999999999999 57420.0 3.968 794.1577272048769 8039
stats: page 1 37.41 0.0 57420.0 3.968 803.2523963261201 7948
stats: tr_Redirect_Root 0 0 0 8500.641 95.236 2112.8813818380736 914
stats: 200 1 4930
stats: tr_Post_New_Comment_On_Post 0 0 0 2564.547 7.793 80.25090613718413 277
stats: size_rcv 2459 172781516
stats: tr_Get_Post 0 0 0 2954.039 59.298 203.20331768953065 277
stats: newphase 0 4
stats: tr_Get_Root 0 0 0 7549.213 99.697 1527.1680108695653 92
stats: size_sent 1118 4368553
stats: tr_Post_New_Post 0 0 0 2562.792 7.357 139.58530651341002 261
stats: connected -1 0
stats: tr_Get_New_Post 0 0 0 1964.966 9.608 90.38818390804595 261
stats: tr_Redirect_To_Post 0 0 0 2891.323 53.115 177.17767509025265 554
stats: tr_Post_New_Comment_On_Comment 0 0 0 2510.788 7.82 164.3690577617329 277
stats: tr_Redirect_To_New_Post 0 0 0 2281.031 8.395 59.30643678160919 261
stats: tr_Get_Logout 0 0 0 1273.982 5.414 43.80428235294118 85
stats: tr_Get_Conversations 0 0 0 2249.48 6.445 52.56824999999999 92
stats: tr_Authenticate_User 0 0 0 18505.918 198.068 4139.915211159738 914
stats: tr_Get_Login 0 0 0 52.35 5.83 9.039670588235294 85
stats: tr_Post_Login 0 0 0 1319.23 123.909 155.96591764705883 85
stats: tr_Get_New_Conversation 0 0 0 57420.154 874.727 28418.01666304348 92
stats: tr_Post_New_Conversation 0 0 0 153.944 14.929 39.06555434782609 92
stats: tr_Redirect_To_New_Conversation 0 0 0 99.62 12.617 24.228771739130433 92
stats: tr_Redirect_To_Same_Conversation 1 15.037 0.0 83.334 13.521 21.59445054945055 91
stats: tr_Reply_To_Conversation 1 22.462 0.0 149.17 18.989 31.03965934065934 91
stats: tr_Get_Book 0 0 0 8583.403 162.377 1791.5682605363984 261
stats: tr_Get_New_Book 0 0 0 190.327 6.178 13.231050251256283 199
stats: tr_Post_New_Book 0 0 0 2500.734 5.974 94.32588944723618 199
stats: tr_Redirect_To_New_Book 0 0 0 1265.317 6.049 48.4346783919598 199
EndMonitor:{1575,892734,121117}
