# stats: dump at 1575855349
stats: users 19 19
stats: {freemem,"tsung_controller@ip-172-31-33-214"} 1 379642.328125 0 379642.328125 379642.328125 0 0
stats: {load,"tsung_controller@ip-172-31-33-214"} 1 0.0 0 0.0 0.0 0 0
stats: {cpu,"tsung_controller@ip-172-31-33-214"} 1 0.00794135169399156 0 0.00794135169399156 0.00794135169399156 0 0
stats: users_count 19 19
stats: finish_users_count 0 0
stats: request 47 72.07738297872342 57.71181743491156 202.611 5.715 0 0
stats: connect 19 2.3160000000000003 3.0649316812167795 15.301 1.364 0 0
stats: page 47 72.07738297872342 57.71181743491156 202.611 5.715 0 0
stats: tr_Initial_Get_Root 13 96.64215384615385 33.50273175049404 202.731 76.959 0 0
stats: 302 15 15
stats: tr_Redirect_Root 4 92.834 10.610217528401572 109.744 80.888 0 0
stats: 200 32 32
stats: tr_Get_Root 1 77.754 0 77.754 77.754 0 0
stats: size_rcv 303208 303208
stats: tr_Authenticate_User 6 2568.2096666666666 1442.8406704952638 5587.838 1036.423 0 0
stats: size_sent 20300 20300
stats: connected 19 19
# stats: dump at 1575855359
stats: users 23 29
stats: {freemem,"tsung_controller@ip-172-31-33-214"} 1 379633.32421875 0.0 379642.328125 379633.32421875 379642.328125 1
stats: {load,"tsung_controller@ip-172-31-33-214"} 1 0.0 0.0 0.0 0.0 0.0 1
stats: {recvpackets,"tsung_controller@ip-172-31-33-214"} 1 634 0 634 634 0 0
stats: {sentpackets,"tsung_controller@ip-172-31-33-214"} 1 500 0 500 500 0 0
stats: {cpu,"tsung_controller@ip-172-31-33-214"} 1 0.028108603314733076 0.0 0.028108603314733076 0.00794135169399156 0.00794135169399156 1
stats: session 7 11657.410857142857 3209.030841669689 18049.471 7456.653 0 0
stats: users_count 11 30
stats: finish_users_count 7 7
stats: request 123 134.76998373983727 235.94709478203163 1141.729 5.247 72.07738297872342 47
stats: connect 11 1.5673636363636363 0.13282200853176862 15.301 1.308 2.3160000000000003 19
stats: page 123 134.76998373983727 235.94709478203163 1141.729 5.247 72.07738297872342 47
stats: tr_Initial_Get_Root 7 85.49499999999999 7.8881019082087 202.731 74.53 96.64215384615385 13
stats: 302 54 69
stats: tr_Redirect_Root 21 107.03199999999998 40.595704291862965 233.848 80.706 92.834 4
stats: 200 69 101
stats: tr_Get_Root 2 83.6275 5.915499999999998 89.543 77.712 77.754 1
stats: size_rcv 1026335 1329543
stats: tr_Post_New_Comment_On_Post 5 43.82639999999999 47.59576816314661 137.489 13.795 0 0
stats: size_sent 69287 89587
stats: tr_Get_Post 5 826.0842 60.332515327640685 916.919 766.575 0 0
stats: connected 4 23
stats: tr_Redirect_To_Post 6 891.8741666666668 123.57998528809412 1147.318 780.459 0 0
stats: tr_Post_New_Comment_On_Comment 3 16.224999999999998 1.2845126183368791 17.198 14.41 0 0
stats: tr_Get_Logout 4 19.98975 15.22902994899872 45.707 7.888 0 0
stats: tr_Get_Conversations 2 19.6695 9.3405 29.01 10.329 0 0
stats: tr_Authenticate_User 21 3980.4920000000006 1751.1189636670006 8019.781 1036.423 2568.2096666666666 6
stats: tr_Get_Login 2 8.186 1.6209999999999998 9.807 6.565 0 0
stats: tr_Post_Login 2 139.11950000000002 5.005500000000005 144.125 134.114 0 0
stats: tr_Get_New_Conversation 1 308.853 0 308.853 308.853 0 0
stats: tr_Post_New_Conversation 1 99.192 0 99.192 99.192 0 0
stats: tr_Get_New_Book 4 8.673 0.7643336967581632 9.613 7.697 0 0
stats: tr_Post_New_Book 3 10.182666666666668 0.8694474618336001 11.286 9.161 0 0
stats: tr_Redirect_To_New_Book 3 10.955 0.5041990347736366 11.66 10.51 0 0
# stats: dump at 1575855369
stats: users 13 29
stats: {freemem,"tsung_controller@ip-172-31-33-214"} 1 379625.36328125 0.0 379642.328125 379625.36328125 379637.826171875 2
stats: {load,"tsung_controller@ip-172-31-33-214"} 1 0.0 0.0 0.0 0.0 0.0 2
stats: {recvpackets,"tsung_controller@ip-172-31-33-214"} 1 904.0 0.0 904 634 634.0 1
stats: {sentpackets,"tsung_controller@ip-172-31-33-214"} 1 401.0 0.0 500 401 500.0 1
stats: {cpu,"tsung_controller@ip-172-31-33-214"} 1 0.027064162884623395 0.0 0.028108603314733076 0.00794135169399156 0.018024977504362317 2
stats: session 10 13358.788 3899.8831480476692 19057.65 7456.653 11657.410857142857 7
stats: users_count 0 30
stats: finish_users_count 10 17
stats: request 41 173.04231707317072 287.51588157589293 1141.729 5.247 117.43732352941169 170
stats: connect 0 0 0 15.301 1.308 2.0415 30
stats: page 40 177.37169999999998 289.9522543255355 1141.729 5.247 117.43732352941169 170
stats: tr_Initial_Get_Root 0 0 0 202.731 74.53 92.74064999999999 20
stats: 302 18 87
stats: tr_Redirect_Root 4 103.247 11.764716847421363 233.848 80.706 104.76032 25
stats: 200 23 124
stats: tr_Get_Root 0 0 0 89.543 77.712 81.66966666666667 3
stats: size_rcv 372119 1701662
stats: tr_Post_New_Comment_On_Post 2 13.7165 0.4815000000000005 137.489 13.235 43.82639999999999 5
stats: size_sent 25312 114899
stats: tr_Get_Post 2 820.734 3.509999999999991 916.919 766.575 826.0842 5
stats: connected -10 13
stats: tr_Redirect_To_Post 4 854.15525 45.56909467706704 1147.318 780.459 891.8741666666668 6
stats: tr_Post_New_Comment_On_Comment 2 15.3205 0.4125000000000001 17.198 14.41 16.224999999999998 3
stats: tr_Get_Logout 1 12.82 0.0 45.707 7.888 19.98975 4
stats: tr_Get_Conversations 1 9.276 0.0 29.01 9.276 19.6695 2
stats: tr_Authenticate_User 3 6546.444666666666 4443.437136996565 12794.785 1036.423 3666.651481481482 27
stats: tr_Get_Login 3 7.3996666666666675 0.8174176139254375 9.807 6.565 8.186 2
stats: tr_Post_Login 3 130.48066666666668 2.6603108005561142 144.125 128.357 139.11950000000002 2
stats: tr_Get_New_Conversation 2 347.695 52.34800000000001 400.043 295.347 308.853 1
stats: tr_Post_New_Conversation 2 25.197499999999998 0.27949999999999964 99.192 24.918 99.192 1
stats: tr_Redirect_To_New_Conversation 1 27.344 0 27.344 27.344 0 0
stats: tr_Redirect_To_Same_Conversation 1 58.367 0 58.367 58.367 0 0
stats: tr_Reply_To_Conversation 1 37.361 0 37.361 37.361 0 0
stats: tr_Get_New_Book 2 8.315999999999999 0.25500000000000034 9.613 7.697 8.673 4
stats: tr_Post_New_Book 3 10.263 0.6127908833090339 11.286 9.161 10.182666666666668 3
stats: tr_Redirect_To_New_Book 3 12.185666666666668 1.1471966798340305 13.392 10.51 10.955 3
# stats: dump at 1575855379
stats: users 9 29
stats: {freemem,"tsung_controller@ip-172-31-33-214"} 1 379621.8125 0.0 379642.328125 379621.8125 379633.671875 3
stats: {load,"tsung_controller@ip-172-31-33-214"} 1 0.0 0.0 0.0 0.0 0.0 3
stats: {recvpackets,"tsung_controller@ip-172-31-33-214"} 1 349.0 0.0 904 349 769.0 2
stats: {sentpackets,"tsung_controller@ip-172-31-33-214"} 1 132.0 0.0 500 132 450.5 2
stats: {cpu,"tsung_controller@ip-172-31-33-214"} 1 0.012491152100595412 0.0 0.028108603314733076 0.00794135169399156 0.02103803929778268 3
stats: session 4 27526.517 3721.0139869594022 31852.679 7456.653 12658.22094117647 17
stats: users_count 0 30
stats: finish_users_count 4 21
stats: request 13 295.3633076923078 377.28732141828226 1141.729 5.247 128.2420853080568 211
stats: connect 0 0 0 15.301 1.308 2.0415 30
stats: page 11 349.08845454545457 387.1481602253642 1141.729 5.247 128.85339523809517 210
stats: tr_Initial_Get_Root 0 0 0 202.731 74.53 92.74064999999999 20
stats: 302 4 91
stats: tr_Redirect_Root 1 158.97 0.0 233.848 80.706 104.55158620689654 29
stats: 200 9 133
stats: tr_Get_Root 0 0 0 89.543 77.712 81.66966666666667 3
stats: size_rcv 205669 1907331
stats: tr_Post_New_Comment_On_Post 0 0 0 137.489 13.235 35.22357142857142 7
stats: size_sent 7732 122631
stats: tr_Get_Post 0 0 0 916.919 766.575 824.5555714285714 7
stats: connected -4 9
stats: tr_Redirect_To_Post 4 861.10575 26.513756461269356 1147.318 780.459 876.7866000000001 10
stats: tr_Post_New_Comment_On_Comment 2 15.267999999999999 0.9979999999999993 17.198 14.27 15.8632 5
stats: tr_Get_Logout 0 0 0 45.707 7.888 18.555799999999998 5
stats: tr_Get_Conversations 0 0 0 29.01 9.276 16.205 3
stats: tr_Authenticate_User 0 0 0 12794.785 1036.423 3954.6308000000004 30
stats: tr_Get_Login 0 0 0 9.807 6.565 7.7142 5
stats: tr_Post_Login 0 0 0 144.125 128.357 133.9362 5
stats: tr_Get_New_Conversation 0 0 0 400.043 295.347 334.74766666666665 3
stats: tr_Post_New_Conversation 0 0 0 99.192 24.918 49.86233333333333 3
stats: tr_Redirect_To_New_Conversation 2 37.9905 11.7245 49.715 26.266 27.344 1
stats: tr_Redirect_To_Same_Conversation 2 25.089 0.5620000000000003 58.367 24.527 58.367 1
stats: tr_Reply_To_Conversation 2 46.204 12.454 58.658 33.75 37.361 1
stats: tr_Get_New_Book 0 0 0 9.613 7.697 8.554 6
stats: tr_Post_New_Book 0 0 0 11.286 9.161 10.222833333333334 6
stats: tr_Redirect_To_New_Book 0 0 0 13.392 10.51 11.570333333333332 6
# stats: dump at 1575855389
stats: users 9 29
stats: {freemem,"tsung_controller@ip-172-31-33-214"} 1 379614.56640625 0.0 379642.328125 379614.56640625 379630.70703125 4
stats: {load,"tsung_controller@ip-172-31-33-214"} 1 0.0 0.0 0.0 0.0 0.0 4
stats: {recvpackets,"tsung_controller@ip-172-31-33-214"} 1 99.0 0.0 904 99 629.0 3
stats: {sentpackets,"tsung_controller@ip-172-31-33-214"} 1 39.0 0.0 500 39 344.3333333333333 3
stats: {cpu,"tsung_controller@ip-172-31-33-214"} 1 0.004164367588727057 0.0 0.028108603314733076 0.004164367588727057 0.01890131749848586 4
stats: session 0 0 0 31852.679 7456.653 15490.277333333335 21
stats: users_count 0 30
stats: finish_users_count 0 21
stats: request 0 0 0 1141.729 5.247 137.94108482142852 224
stats: connect 0 0 0 15.301 1.308 2.0415 30
stats: page 0 0 0 1141.729 5.247 139.81532126696825 221
stats: tr_Initial_Get_Root 0 0 0 202.731 74.53 92.74064999999999 20
stats: 302 0 91
stats: tr_Redirect_Root 0 0 0 233.848 80.706 106.36553333333332 30
stats: 200 0 133
stats: tr_Get_Root 0 0 0 89.543 77.712 81.66966666666667 3
stats: size_rcv 0 1907331
stats: tr_Post_New_Comment_On_Post 0 0 0 137.489 13.235 35.22357142857142 7
stats: size_sent 0 122631
stats: tr_Get_Post 0 0 0 916.919 766.575 824.5555714285714 7
stats: connected 0 9
stats: tr_Redirect_To_Post 0 0 0 1147.318 780.459 872.3063571428572 14
stats: tr_Post_New_Comment_On_Comment 0 0 0 17.198 14.27 15.693142857142858 7
stats: tr_Get_Logout 0 0 0 45.707 7.888 18.555799999999998 5
stats: tr_Get_Conversations 0 0 0 29.01 9.276 16.205 3
stats: tr_Authenticate_User 0 0 0 12794.785 1036.423 3954.6308000000004 30
stats: tr_Get_Login 0 0 0 9.807 6.565 7.7142 5
stats: tr_Post_Login 0 0 0 144.125 128.357 133.9362 5
stats: tr_Get_New_Conversation 0 0 0 400.043 295.347 334.74766666666665 3
stats: tr_Post_New_Conversation 0 0 0 99.192 24.918 49.86233333333333 3
stats: tr_Redirect_To_New_Conversation 0 0 0 49.715 26.266 34.44166666666666 3
stats: tr_Redirect_To_Same_Conversation 0 0 0 58.367 24.527 36.181666666666665 3
stats: tr_Reply_To_Conversation 0 0 0 58.658 33.75 43.25633333333334 3
stats: tr_Get_New_Book 0 0 0 9.613 7.697 8.554 6
stats: tr_Post_New_Book 0 0 0 11.286 9.161 10.222833333333334 6
stats: tr_Redirect_To_New_Book 0 0 0 13.392 10.51 11.570333333333332 6
# stats: dump at 1575855399
stats: users 9 29
stats: {freemem,"tsung_controller@ip-172-31-33-214"} 1 379616.390625 0.0 379642.328125 379614.56640625 379627.47890625 5
stats: {load,"tsung_controller@ip-172-31-33-214"} 1 0.0 0.0 0.0 0.0 0.0 5
stats: {recvpackets,"tsung_controller@ip-172-31-33-214"} 1 0.0 0.0 904 0 496.5 4
stats: {sentpackets,"tsung_controller@ip-172-31-33-214"} 1 0.0 0.0 500 0 268.0 4
stats: {cpu,"tsung_controller@ip-172-31-33-214"} 1 0.009367096512317732 0.0 0.028108603314733076 0.004164367588727057 0.0159539275165341 5
stats: session 0 0 0 31852.679 7456.653 15490.277333333335 21
stats: users_count 0 30
stats: finish_users_count 0 21
stats: request 0 0 0 1141.729 5.247 137.94108482142852 224
stats: connect 0 0 0 15.301 1.308 2.0415 30
stats: page 0 0 0 1141.729 5.247 139.81532126696825 221
stats: tr_Initial_Get_Root 0 0 0 202.731 74.53 92.74064999999999 20
stats: 302 0 91
stats: tr_Redirect_Root 0 0 0 233.848 80.706 106.36553333333332 30
stats: 200 0 133
stats: tr_Get_Root 0 0 0 89.543 77.712 81.66966666666667 3
stats: size_rcv 0 1907331
stats: tr_Post_New_Comment_On_Post 0 0 0 137.489 13.235 35.22357142857142 7
stats: size_sent 0 122631
stats: tr_Get_Post 0 0 0 916.919 766.575 824.5555714285714 7
stats: connected 0 9
stats: tr_Redirect_To_Post 0 0 0 1147.318 780.459 872.3063571428572 14
stats: tr_Post_New_Comment_On_Comment 0 0 0 17.198 14.27 15.693142857142858 7
stats: tr_Get_Logout 0 0 0 45.707 7.888 18.555799999999998 5
stats: tr_Get_Conversations 0 0 0 29.01 9.276 16.205 3
stats: tr_Authenticate_User 0 0 0 12794.785 1036.423 3954.6308000000004 30
stats: tr_Get_Login 0 0 0 9.807 6.565 7.7142 5
stats: tr_Post_Login 0 0 0 144.125 128.357 133.9362 5
stats: tr_Get_New_Conversation 0 0 0 400.043 295.347 334.74766666666665 3
stats: tr_Post_New_Conversation 0 0 0 99.192 24.918 49.86233333333333 3
stats: tr_Redirect_To_New_Conversation 0 0 0 49.715 26.266 34.44166666666666 3
stats: tr_Redirect_To_Same_Conversation 0 0 0 58.367 24.527 36.181666666666665 3
stats: tr_Reply_To_Conversation 0 0 0 58.658 33.75 43.25633333333334 3
stats: tr_Get_New_Book 0 0 0 9.613 7.697 8.554 6
stats: tr_Post_New_Book 0 0 0 11.286 9.161 10.222833333333334 6
stats: tr_Redirect_To_New_Book 0 0 0 13.392 10.51 11.570333333333332 6
# stats: dump at 1575855409
stats: users 9 29
stats: {freemem,"tsung_controller@ip-172-31-33-214"} 1 379616.390625 0.0 379642.328125 379614.56640625 379625.630859375 6
stats: {load,"tsung_controller@ip-172-31-33-214"} 1 0.0 0.0 0.0 0.0 0.0 6
stats: {recvpackets,"tsung_controller@ip-172-31-33-214"} 1 5.0 0.0 904 0 397.2 5
stats: {sentpackets,"tsung_controller@ip-172-31-33-214"} 1 5.0 0.0 500 0 214.4 5
stats: {cpu,"tsung_controller@ip-172-31-33-214"} 1 0.004163804051381342 0.0 0.028108603314733076 0.004163804051381342 0.014856122349164705 6
stats: session 0 0 0 31852.679 7456.653 15490.277333333335 21
stats: users_count 0 30
stats: finish_users_count 0 21
stats: request 0 0 0 1141.729 5.247 137.94108482142852 224
stats: connect 0 0 0 15.301 1.308 2.0415 30
stats: page 0 0 0 1141.729 5.247 139.81532126696825 221
stats: tr_Initial_Get_Root 0 0 0 202.731 74.53 92.74064999999999 20
stats: 302 0 91
stats: tr_Redirect_Root 0 0 0 233.848 80.706 106.36553333333332 30
stats: 200 0 133
stats: tr_Get_Root 0 0 0 89.543 77.712 81.66966666666667 3
stats: size_rcv 0 1907331
stats: tr_Post_New_Comment_On_Post 0 0 0 137.489 13.235 35.22357142857142 7
stats: size_sent 0 122631
stats: tr_Get_Post 0 0 0 916.919 766.575 824.5555714285714 7
stats: connected 0 9
stats: tr_Redirect_To_Post 0 0 0 1147.318 780.459 872.3063571428572 14
stats: tr_Post_New_Comment_On_Comment 0 0 0 17.198 14.27 15.693142857142858 7
stats: tr_Get_Logout 0 0 0 45.707 7.888 18.555799999999998 5
stats: tr_Get_Conversations 0 0 0 29.01 9.276 16.205 3
stats: tr_Authenticate_User 0 0 0 12794.785 1036.423 3954.6308000000004 30
stats: tr_Get_Login 0 0 0 9.807 6.565 7.7142 5
stats: tr_Post_Login 0 0 0 144.125 128.357 133.9362 5
stats: tr_Get_New_Conversation 0 0 0 400.043 295.347 334.74766666666665 3
stats: tr_Post_New_Conversation 0 0 0 99.192 24.918 49.86233333333333 3
stats: tr_Redirect_To_New_Conversation 0 0 0 49.715 26.266 34.44166666666666 3
stats: tr_Redirect_To_Same_Conversation 0 0 0 58.367 24.527 36.181666666666665 3
stats: tr_Reply_To_Conversation 0 0 0 58.658 33.75 43.25633333333334 3
stats: tr_Get_New_Book 0 0 0 9.613 7.697 8.554 6
stats: tr_Post_New_Book 0 0 0 11.286 9.161 10.222833333333334 6
stats: tr_Redirect_To_New_Book 0 0 0 13.392 10.51 11.570333333333332 6
# stats: dump at 1575855419
stats: users 7 29
stats: {freemem,"tsung_controller@ip-172-31-33-214"} 1 379616.390625 0.0 379642.328125 379614.56640625 379624.31082589284 7
stats: {load,"tsung_controller@ip-172-31-33-214"} 1 0.0 0.0 0.0 0.0 0.0 7
stats: {recvpackets,"tsung_controller@ip-172-31-33-214"} 1 3.0 0.0 904 0 331.8333333333333 6
stats: {sentpackets,"tsung_controller@ip-172-31-33-214"} 1 4.0 0.0 500 0 179.5 6
stats: {cpu,"tsung_controller@ip-172-31-33-214"} 1 0.003123210660559055 0.0 0.028108603314733076 0.003123210660559055 0.013328648306624225 7
stats: session 2 70647.235 2967.8070000000007 73615.042 7456.653 15490.277333333335 21
stats: users_count 0 30
stats: finish_users_count 2 23
stats: request 15 20012.182866666673 28278.951245350047 60009.477 5.247 137.94108482142852 224
stats: connect 0 0 0 15.301 1.308 2.0415 30
stats: page 15 20012.182866666673 28278.951245350047 60009.477 5.247 139.81532126696825 221
stats: tr_Initial_Get_Root 0 0 0 202.731 74.53 92.74064999999999 20
stats: 302 4 95
stats: tr_Redirect_Root 0 0 0 233.848 80.706 106.36553333333332 30
stats: 504 5 5
stats: tr_Get_Root 0 0 0 89.543 77.712 81.66966666666667 3
stats: 200 6 139
stats: tr_Post_New_Comment_On_Post 0 0 0 137.489 13.235 35.22357142857142 7
stats: size_rcv 26739 1934070
stats: tr_Get_Post 0 0 0 916.919 766.575 824.5555714285714 7
stats: size_sent 5763 128394
stats: tr_Redirect_To_Post 0 0 0 1147.318 780.459 872.3063571428572 14
stats: connected -2 7
stats: tr_Post_New_Comment_On_Comment 0 0 0 17.198 14.27 15.693142857142858 7
stats: tr_Get_Logout 0 0 0 45.707 7.888 18.555799999999998 5
stats: tr_Post_New_Post 4 13.36275 0.3763205913845269 13.737 12.863 0 0
stats: tr_Get_New_Post 4 11.815 0.7368795695362976 12.494 10.57 0 0
stats: tr_Redirect_To_New_Post 2 30.301499999999997 3.8145000000000016 34.116 26.487 0 0
stats: tr_Get_Conversations 0 0 0 29.01 9.276 16.205 3
stats: tr_Authenticate_User 0 0 0 12794.785 1036.423 3954.6308000000004 30
stats: tr_Get_Login 0 0 0 9.807 6.565 7.7142 5
stats: tr_Post_Login 0 0 0 144.125 128.357 133.9362 5
stats: tr_Get_New_Conversation 0 0 0 400.043 295.347 334.74766666666665 3
stats: tr_Post_New_Conversation 0 0 0 99.192 24.918 49.86233333333333 3
stats: tr_Redirect_To_New_Conversation 0 0 0 49.715 26.266 34.44166666666666 3
stats: tr_Redirect_To_Same_Conversation 0 0 0 58.367 24.527 36.181666666666665 3
stats: tr_Reply_To_Conversation 0 0 0 58.658 33.75 43.25633333333334 3
stats: tr_Get_New_Book 0 0 0 9.613 7.697 8.554 6
stats: tr_Post_New_Book 0 0 0 11.286 9.161 10.222833333333334 6
stats: tr_Redirect_To_New_Book 0 0 0 13.392 10.51 11.570333333333332 6
stats: tr_Get_Book 5 60004.83320000001 4.273091592748474 60009.652 59998.317 0 0
# stats: dump at 1575855429
stats: users 2 29
stats: {freemem,"tsung_controller@ip-172-31-33-214"} 1 379616.390625 0.0 379642.328125 379614.56640625 379623.32080078125 8
stats: {load,"tsung_controller@ip-172-31-33-214"} 1 0.0 0.0 0.0 0.0 0.0 8
stats: {recvpackets,"tsung_controller@ip-172-31-33-214"} 1 56.0 0.0 904 0 284.85714285714283 7
stats: {sentpackets,"tsung_controller@ip-172-31-33-214"} 1 51.0 0.0 500 0 154.42857142857142 7
stats: {cpu,"tsung_controller@ip-172-31-33-214"} 1 0.006245576050297706 0.0 0.028108603314733076 0.003123210660559055 0.012052968600866078 8
stats: session 5 75185.4806 1696.280867034183 77119.245 7456.653 20286.53452173913 23
stats: users_count 0 30
stats: finish_users_count 5 28
stats: request 16 11266.220062499999 23412.366083222118 60009.477 5.247 1385.2784351464438 239
stats: connect 0 0 0 15.301 1.308 2.0415 30
stats: page 16 11266.220062499999 23412.366083222118 60009.477 5.247 1402.8895296610171 236
stats: tr_Initial_Get_Root 0 0 0 202.731 74.53 92.74064999999999 20
stats: 302 4 99
stats: tr_Redirect_Root 0 0 0 233.848 80.706 106.36553333333332 30
stats: 504 3 8
stats: tr_Get_Root 0 0 0 89.543 77.712 81.66966666666667 3
stats: 200 9 148
stats: tr_Post_New_Comment_On_Post 0 0 0 137.489 13.235 35.22357142857142 7
stats: size_rcv 35622 1969692
stats: tr_Get_Post 0 0 0 916.919 766.575 824.5555714285714 7
stats: size_sent 7453 135847
stats: tr_Redirect_To_Post 0 0 0 1147.318 780.459 872.3063571428572 14
stats: connected -5 2
stats: tr_Post_New_Comment_On_Comment 0 0 0 17.198 14.27 15.693142857142858 7
stats: tr_Get_Logout 0 0 0 45.707 7.888 18.555799999999998 5
stats: tr_Post_New_Post 4 12.312000000000001 0.5818019422449535 13.737 11.718 13.36275 4
stats: tr_Get_New_Post 4 10.96325 0.5687145043868672 12.494 10.365 11.815 4
stats: tr_Redirect_To_New_Post 5 31.952999999999996 4.571605713532173 38.755 26.487 30.301499999999997 2
stats: tr_Get_Conversations 0 0 0 29.01 9.276 16.205 3
stats: tr_Authenticate_User 0 0 0 12794.785 1036.423 3954.6308000000004 30
stats: tr_Get_Login 0 0 0 9.807 6.565 7.7142 5
stats: tr_Post_Login 0 0 0 144.125 128.357 133.9362 5
stats: tr_Get_New_Conversation 0 0 0 400.043 295.347 334.74766666666665 3
stats: tr_Post_New_Conversation 0 0 0 99.192 24.918 49.86233333333333 3
stats: tr_Redirect_To_New_Conversation 0 0 0 49.715 26.266 34.44166666666666 3
stats: tr_Redirect_To_Same_Conversation 0 0 0 58.367 24.527 36.181666666666665 3
stats: tr_Reply_To_Conversation 0 0 0 58.658 33.75 43.25633333333334 3
stats: tr_Get_New_Book 0 0 0 9.613 7.697 8.554 6
stats: tr_Post_New_Book 0 0 0 11.286 9.161 10.222833333333334 6
stats: tr_Redirect_To_New_Book 0 0 0 13.392 10.51 11.570333333333332 6
stats: tr_Get_Book 3 60003.100000000006 0.7777368878159768 60009.652 59998.317 60004.83320000001 5
# stats: dump at 1575855439
stats: users 1 29
stats: {freemem,"tsung_controller@ip-172-31-33-214"} 1 379616.69921875 0.0 379642.328125 379614.56640625 379622.55078125 9
stats: {load,"tsung_controller@ip-172-31-33-214"} 1 0.0 0.0 0.0 0.0 0.0 9
stats: {recvpackets,"tsung_controller@ip-172-31-33-214"} 1 35.0 0.0 904 0 256.25 8
stats: {sentpackets,"tsung_controller@ip-172-31-33-214"} 1 32.0 0.0 500 0 141.5 8
stats: {cpu,"tsung_controller@ip-172-31-33-214"} 1 0.00416324066653483 0.0 0.028108603314733076 0.003123210660559055 0.011407702761914036 9
stats: session 1 84192.228 0.0 84192.228 7456.653 30089.917749999997 28
stats: users_count 0 30
stats: finish_users_count 1 29
stats: request 4 15015.50025 25974.106112067624 60009.477 5.247 2005.2590862745099 255
stats: connect 0 0 0 15.301 1.308 2.0415 30
stats: page 4 15015.50025 25974.106112067624 60009.477 5.247 2029.1327380952384 252
stats: tr_Initial_Get_Root 0 0 0 202.731 74.53 92.74064999999999 20
stats: 302 1 100
stats: tr_Redirect_Root 0 0 0 233.848 80.706 106.36553333333332 30
stats: 504 1 9
stats: tr_Get_Root 0 0 0 89.543 77.712 81.66966666666667 3
stats: 200 2 150
stats: tr_Post_New_Comment_On_Post 0 0 0 137.489 13.235 35.22357142857142 7
stats: size_rcv 8193 1977885
stats: tr_Get_Post 0 0 0 916.919 766.575 824.5555714285714 7
stats: size_sent 1718 137565
stats: tr_Redirect_To_Post 0 0 0 1147.318 780.459 872.3063571428572 14
stats: connected -1 1
stats: tr_Post_New_Comment_On_Comment 0 0 0 17.198 14.27 15.693142857142858 7
stats: tr_Get_Logout 0 0 0 45.707 7.888 18.555799999999998 5
stats: tr_Post_New_Post 1 12.329 0.0 13.737 11.718 12.837375000000002 8
stats: tr_Get_New_Post 1 11.847 0.0 12.494 10.365 11.389125 8
stats: tr_Redirect_To_New_Post 1 34.266 0.0 38.755 26.487 31.481142857142856 7
stats: tr_Get_Conversations 0 0 0 29.01 9.276 16.205 3
stats: tr_Authenticate_User 0 0 0 12794.785 1036.423 3954.6308000000004 30
stats: tr_Get_Login 0 0 0 9.807 6.565 7.7142 5
stats: tr_Post_Login 0 0 0 144.125 128.357 133.9362 5
stats: tr_Get_New_Conversation 0 0 0 400.043 295.347 334.74766666666665 3
stats: tr_Post_New_Conversation 0 0 0 99.192 24.918 49.86233333333333 3
stats: tr_Redirect_To_New_Conversation 0 0 0 49.715 26.266 34.44166666666666 3
stats: tr_Redirect_To_Same_Conversation 0 0 0 58.367 24.527 36.181666666666665 3
stats: tr_Reply_To_Conversation 0 0 0 58.658 33.75 43.25633333333334 3
stats: tr_Get_New_Book 0 0 0 9.613 7.697 8.554 6
stats: tr_Post_New_Book 0 0 0 11.286 9.161 10.222833333333334 6
stats: tr_Redirect_To_New_Book 0 0 0 13.392 10.51 11.570333333333332 6
stats: tr_Get_Book 1 60004.144 0.0 60009.652 59998.317 60004.18325 8
# stats: dump at 1575855443
stats: users 0 29
stats: {freemem,"tsung_controller@ip-172-31-33-214"} 1 379616.8203125 0.0 379642.328125 379614.56640625 379621.965625 10
stats: {load,"tsung_controller@ip-172-31-33-214"} 1 0.0 0.0 0.0 0.0 0.0 10
stats: {recvpackets,"tsung_controller@ip-172-31-33-214"} 1 17.0 0.0 904 0 231.66666666666666 9
stats: {sentpackets,"tsung_controller@ip-172-31-33-214"} 1 16.0 0.0 500 0 129.33333333333334 9
stats: {cpu,"tsung_controller@ip-172-31-33-214"} 1 0.006246356292162905 0.0 0.028108603314733076 0.003123210660559055 0.010683256552376116 10
stats: session 1 95610.121 0.0 95610.121 7456.653 31955.51465517241 29
stats: users_count 0 30
stats: finish_users_count 1 30
stats: request 1 31.972 0.0 60009.477 5.247 2206.189451737452 259
stats: connect 0 0 0 15.301 1.308 2.0415 30
stats: page 1 31.972 0.0 60009.477 5.247 2232.0447304687505 256
stats: tr_Initial_Get_Root 0 0 0 202.731 74.53 92.74064999999999 20
stats: 302 0 100
stats: tr_Redirect_Root 0 0 0 233.848 80.706 106.36553333333332 30
stats: 504 0 9
stats: tr_Get_Root 0 0 0 89.543 77.712 81.66966666666667 3
stats: 200 1 151
stats: tr_Post_New_Comment_On_Post 0 0 0 137.489 13.235 35.22357142857142 7
stats: size_rcv 3180 1981065
stats: tr_Get_Post 0 0 0 916.919 766.575 824.5555714285714 7
stats: size_sent 569 138134
stats: tr_Redirect_To_Post 0 0 0 1147.318 780.459 872.3063571428572 14
stats: connected -1 0
stats: tr_Post_New_Comment_On_Comment 0 0 0 17.198 14.27 15.693142857142858 7
stats: tr_Get_Logout 0 0 0 45.707 7.888 18.555799999999998 5
stats: tr_Post_New_Post 0 0 0 13.737 11.718 12.78088888888889 9
stats: tr_Get_New_Post 0 0 0 12.494 10.365 11.44 9
stats: tr_Redirect_To_New_Post 1 32.153 0.0 38.755 26.487 31.82925 8
stats: tr_Get_Conversations 0 0 0 29.01 9.276 16.205 3
stats: tr_Authenticate_User 0 0 0 12794.785 1036.423 3954.6308000000004 30
stats: tr_Get_Login 0 0 0 9.807 6.565 7.7142 5
stats: tr_Post_Login 0 0 0 144.125 128.357 133.9362 5
stats: tr_Get_New_Conversation 0 0 0 400.043 295.347 334.74766666666665 3
stats: tr_Post_New_Conversation 0 0 0 99.192 24.918 49.86233333333333 3
stats: tr_Redirect_To_New_Conversation 0 0 0 49.715 26.266 34.44166666666666 3
stats: tr_Redirect_To_Same_Conversation 0 0 0 58.367 24.527 36.181666666666665 3
stats: tr_Reply_To_Conversation 0 0 0 58.658 33.75 43.25633333333334 3
stats: tr_Get_New_Book 0 0 0 9.613 7.697 8.554 6
stats: tr_Post_New_Book 0 0 0 11.286 9.161 10.222833333333334 6
stats: tr_Redirect_To_New_Book 0 0 0 13.392 10.51 11.570333333333332 6
stats: tr_Get_Book 0 0 0 60009.652 59998.317 60004.178888888884 9
EndMonitor:{1575,855443,724359}
