
=INFO REPORT==== 7-Dec-2019::03:15:16 ===
    ts_config_server:(5:<0.102.0>) Config server started, logdir is "/home/ec2-user/.tsung/log/20191207-0315"
 
=INFO REPORT==== 7-Dec-2019::03:15:16 ===
              ts_mon:(5:<0.83.0>) starting monitor, global 

=INFO REPORT==== 7-Dec-2019::03:15:16 ===
           ts_config:(5:<0.102.0>) Reading config file: no-abort.xml

=INFO REPORT==== 7-Dec-2019::03:15:16 ===
           ts_config:(5:<0.102.0>) Session name for id 1 is "Register-Logout-Login"

=INFO REPORT==== 7-Dec-2019::03:15:16 ===
           ts_config:(5:<0.102.0>) Session name for id 2 is "Create-Book"

=INFO REPORT==== 7-Dec-2019::03:15:16 ===
           ts_config:(5:<0.102.0>) Session name for id 3 is "Create-Post"

=INFO REPORT==== 7-Dec-2019::03:15:16 ===
           ts_config:(5:<0.102.0>) Session name for id 4 is "Add_Comment"

=INFO REPORT==== 7-Dec-2019::03:15:16 ===
           ts_config:(5:<0.102.0>) Session name for id 5 is "Send-Message"

=INFO REPORT==== 7-Dec-2019::03:15:16 ===
    ts_config_server:(4:<0.102.0>) SYSINFO:Tsung version: 1.7.0

=INFO REPORT==== 7-Dec-2019::03:15:16 ===
    ts_config_server:(4:<0.102.0>) SYSINFO:Erlang version: Erlang/OTP 20 [erts-9.1] [source] [64-bit] [smp:2:2] [ds:2:2:10] [async-threads:8] [hipe] [kernel-poll:true]


=INFO REPORT==== 7-Dec-2019::03:15:16 ===
    ts_config_server:(4:<0.102.0>) SYSINFO:System architecture x86_64-unknown-linux-gnu

=INFO REPORT==== 7-Dec-2019::03:15:16 ===
    ts_config_server:(4:<0.102.0>) SYSINFO:Current path: /usr/local/lib/tsung/tsung-1.7.0/ebin/tsung.beam

=INFO REPORT==== 7-Dec-2019::03:15:16 ===
              ts_mon:(5:<0.103.0>) Activate clients with text backend

=INFO REPORT==== 7-Dec-2019::03:15:16 ===
              ts_mon:(5:<0.103.0>) Starting tsung clients on hosts: [localhost]

=INFO REPORT==== 7-Dec-2019::03:15:16 ===
    ts_config_server:(5:<0.102.0>) Start a launcher on the controller beam localhost

=INFO REPORT==== 7-Dec-2019::03:15:16 ===
  ts_launcher_static:(5:<0.154.0>) Launch msg receive ("localhost")

=INFO REPORT==== 7-Dec-2019::03:15:16 ===
         ts_launcher:(5:<0.155.0>) Launch msg receive ("localhost")

=INFO REPORT==== 7-Dec-2019::03:15:16 ===
    ts_config_server:(5:<0.102.0>) New arrival phase 1 for client "localhost" (last ? true): will start 30 users

=INFO REPORT==== 7-Dec-2019::03:15:16 ===
    ts_config_server:(5:<0.102.0>) New arrival phase 2 for client "localhost" (last ? true): will start 60 users

=INFO REPORT==== 7-Dec-2019::03:15:16 ===
    ts_config_server:(5:<0.102.0>) New arrival phase 3 for client "localhost" (last ? true): will start 120 users

=INFO REPORT==== 7-Dec-2019::03:15:16 ===
         ts_launcher:(5:<0.155.0>) Expected duration of first phase: 15.0 sec (30 users) 

=INFO REPORT==== 7-Dec-2019::03:15:16 ===
         ts_launcher:(5:<0.155.0>) Activate launcher (30 users) in 1055 msec 

=INFO REPORT==== 7-Dec-2019::03:15:30 ===
         ts_launcher:(4:<0.155.0>) Need to wait 1.679 sec before changing phase, going to sleep

=INFO REPORT==== 7-Dec-2019::03:15:32 ===
         ts_launcher:(5:<0.155.0>) Waking up

=INFO REPORT==== 7-Dec-2019::03:15:32 ===
         ts_launcher:(5:<0.155.0>) Wait for all sessions to finish before starting next phase (still 28 sessions active)
=INFO REPORT==== 7-Dec-2019::03:15:37 ===
         ts_launcher:(5:<0.155.0>) Wait for all sessions to finish before starting next phase (still 26 sessions active)
=INFO REPORT==== 7-Dec-2019::03:15:42 ===
         ts_launcher:(5:<0.155.0>) Wait for all sessions to finish before starting next phase (still 22 sessions active)
=INFO REPORT==== 7-Dec-2019::03:15:47 ===
         ts_launcher:(5:<0.155.0>) Wait for all sessions to finish before starting next phase (still 17 sessions active)
=INFO REPORT==== 7-Dec-2019::03:15:52 ===
         ts_launcher:(5:<0.155.0>) Wait for all sessions to finish before starting next phase (still 12 sessions active)
=INFO REPORT==== 7-Dec-2019::03:15:57 ===
         ts_launcher:(5:<0.155.0>) Wait for all sessions to finish before starting next phase (still 8 sessions active)
=INFO REPORT==== 7-Dec-2019::03:16:02 ===
         ts_launcher:(5:<0.155.0>) Wait for all sessions to finish before starting next phase (still 4 sessions active)
=INFO REPORT==== 7-Dec-2019::03:16:07 ===
         ts_launcher:(5:<0.155.0>) Wait for all sessions to finish before starting next phase (still 1 sessions active)
=INFO REPORT==== 7-Dec-2019::03:16:12 ===
         ts_launcher:(5:<0.155.0>) Wait for all sessions to finish before starting next phase (still 1 sessions active)
=INFO REPORT==== 7-Dec-2019::03:16:17 ===
         ts_launcher:(5:<0.155.0>) Wait for all sessions to finish before starting next phase (still 1 sessions active)
=INFO REPORT==== 7-Dec-2019::03:16:22 ===
         ts_launcher:(5:<0.155.0>) Start a new arrival phase (60 users, 0.004); expected duration=15.0 sec

=INFO REPORT==== 7-Dec-2019::03:16:35 ===
         ts_launcher:(4:<0.155.0>) Need to wait 1.872 sec before changing phase, going to sleep

=INFO REPORT==== 7-Dec-2019::03:16:37 ===
         ts_launcher:(5:<0.155.0>) Waking up

=INFO REPORT==== 7-Dec-2019::03:16:37 ===
         ts_launcher:(5:<0.155.0>) Wait for all sessions to finish before starting next phase (still 54 sessions active)
=INFO REPORT==== 7-Dec-2019::03:16:42 ===
         ts_launcher:(5:<0.155.0>) Wait for all sessions to finish before starting next phase (still 47 sessions active)
=INFO REPORT==== 7-Dec-2019::03:16:47 ===
         ts_launcher:(5:<0.155.0>) Wait for all sessions to finish before starting next phase (still 39 sessions active)
=INFO REPORT==== 7-Dec-2019::03:16:52 ===
         ts_launcher:(5:<0.155.0>) Wait for all sessions to finish before starting next phase (still 24 sessions active)
=INFO REPORT==== 7-Dec-2019::03:16:57 ===
         ts_launcher:(5:<0.155.0>) Wait for all sessions to finish before starting next phase (still 19 sessions active)
=INFO REPORT==== 7-Dec-2019::03:17:02 ===
         ts_launcher:(5:<0.155.0>) Wait for all sessions to finish before starting next phase (still 17 sessions active)
=INFO REPORT==== 7-Dec-2019::03:17:07 ===
         ts_launcher:(5:<0.155.0>) Wait for all sessions to finish before starting next phase (still 15 sessions active)
=INFO REPORT==== 7-Dec-2019::03:17:12 ===
         ts_launcher:(5:<0.155.0>) Wait for all sessions to finish before starting next phase (still 13 sessions active)
=INFO REPORT==== 7-Dec-2019::03:17:17 ===
         ts_launcher:(5:<0.155.0>) Wait for all sessions to finish before starting next phase (still 11 sessions active)
=INFO REPORT==== 7-Dec-2019::03:17:22 ===
         ts_launcher:(5:<0.155.0>) Wait for all sessions to finish before starting next phase (still 10 sessions active)
=INFO REPORT==== 7-Dec-2019::03:17:27 ===
         ts_launcher:(5:<0.155.0>) Wait for all sessions to finish before starting next phase (still 5 sessions active)
=INFO REPORT==== 7-Dec-2019::03:17:32 ===
         ts_launcher:(5:<0.155.0>) Start a new arrival phase (120 users, 0.008); expected duration=15.0 sec

=INFO REPORT==== 7-Dec-2019::03:17:47 ===
         ts_launcher:(5:<0.155.0>) This was the last phase, wait for connected users to finish their session

=INFO REPORT==== 7-Dec-2019::03:19:42 ===
     ts_launcher_mgr:(5:<0.149.0>) No more active users 'tsung_controller@ip-172-31-28-40' "2802"
