# stats: dump at 1575688526
stats: users 19 20
stats: {cpu,"tsung_controller@ip-172-31-28-40"} 1 0.3791246143387544 0 0.3791246143387544 0.3791246143387544 0 0
stats: {load,"tsung_controller@ip-172-31-28-40"} 1 0.0 0 0.0 0.0 0 0
stats: {freemem,"tsung_controller@ip-172-31-28-40"} 1 732.125 0 732.125 732.125 0 0
stats: session 1 7801.382 0 7801.382 7801.382 0 0
stats: users_count 20 20
stats: finish_users_count 1 1
stats: request 54 51.24064814814815 60.866466786259785 249.801 5.072 0 0
stats: connect 17 4.17564705882353 10.615703196021485 45.095 0.67 0 0
stats: page 54 51.24064814814815 60.866466786259785 249.801 5.072 0 0
stats: tr_Initial_Get_Root 10 32.848000000000006 23.603009452186388 73.741 13.908 0 0
stats: 302 20 20
stats: tr_Redirect_Root 6 79.33149999999999 57.02463391888924 169.189 18.936 0 0
stats: 200 34 34
stats: tr_Post_New_Post 1 12.819 0 12.819 12.819 0 0
stats: size_rcv 106972 106972
stats: tr_Get_New_Post 1 12.905 0 12.905 12.905 0 0
stats: size_sent 25700 25700
stats: tr_Authenticate_User 7 3095.504 1443.521409723854 5843.392 1374.413 0 0
stats: connected 17 17
stats: tr_Get_Book 1 39.094 0 39.094 39.094 0 0
# stats: dump at 1575688536
stats: users 27 29
stats: {recvpackets,"tsung_controller@ip-172-31-28-40"} 1 1154 0 1154 1154 0 0
stats: {sentpackets,"tsung_controller@ip-172-31-28-40"} 1 1523 0 1523 1523 0 0
stats: {cpu,"tsung_controller@ip-172-31-28-40"} 1 1.3930348258706469 0.0 1.3930348258706469 0.3791246143387544 0.3791246143387544 1
stats: {load,"tsung_controller@ip-172-31-28-40"} 1 0.0 0.0 0.0 0.0 0.0 1
stats: {freemem,"tsung_controller@ip-172-31-28-40"} 1 730.578125 0.0 732.125 730.578125 732.125 1
stats: session 2 13733.159500000002 381.3984999999998 14114.558 7801.382 7801.382 1
stats: users_count 10 30
stats: finish_users_count 2 3
stats: request 96 328.9220937499998 1110.3546027770353 5984.799 4.596 51.24064814814815 54
stats: connect 13 11.748 16.330463990770323 45.095 0.67 4.17564705882353 17
stats: page 96 328.9220937499998 1110.3546027770353 5984.799 4.596 51.24064814814815 54
stats: tr_Initial_Get_Root 9 51.287666666666674 51.426871540513176 194.055 13.908 32.848000000000006 10
stats: 302 43 63
stats: tr_Redirect_Root 14 42.90821428571429 9.659690960588835 169.189 18.936 79.33149999999999 6
stats: 200 53 87
stats: tr_Post_New_Post 1 43.649 0.0 43.649 12.819 12.819 1
stats: size_rcv 412729 519701
stats: tr_Get_New_Post 1 45.934 0.0 45.934 12.905 12.905 1
stats: size_sent 56753 82453
stats: tr_Redirect_To_New_Post 1 186.444 0 186.444 186.444 0 0
stats: connected 10 27
stats: tr_Post_New_Comment_On_Post 5 36.5466 14.406587321083366 60.974 21.678 0 0
stats: tr_Get_Post 5 5000.4164 720.7896892779751 5991.259 3955.081 0 0
stats: tr_Authenticate_User 19 4351.191263157895 2557.82578122594 11128.908 941.764 3095.504 7
stats: tr_Get_Book 4 165.25325 39.88734691211613 224.746 39.094 39.094 1
stats: tr_Get_New_Book 4 10.454999999999998 2.0172114415697724 12.813 7.693 0 0
stats: tr_Post_New_Book 3 19.18733333333333 6.735743182620773 25.785 9.938 0 0
stats: tr_Redirect_To_New_Book 2 260.2235 148.39550000000003 408.619 111.828 0 0
# stats: dump at 1575688546
stats: users 18 29
stats: {recvpackets,"tsung_controller@ip-172-31-28-40"} 1 542.0 0.0 1154 542 1154.0 1
stats: {sentpackets,"tsung_controller@ip-172-31-28-40"} 1 310.0 0.0 1523 310 1523.0 1
stats: {cpu,"tsung_controller@ip-172-31-28-40"} 1 0.8964143426294822 0.0 1.3930348258706469 0.3791246143387544 0.8860797201047006 2
stats: {load,"tsung_controller@ip-172-31-28-40"} 1 0.0 0.0 0.0 0.0 0.0 2
stats: {freemem,"tsung_controller@ip-172-31-28-40"} 1 723.20703125 0.0 732.125 723.20703125 731.3515625 2
stats: session 9 17746.70611111111 5076.349055869987 26806.322 7801.382 11755.900333333333 3
stats: users_count 0 30
stats: finish_users_count 9 12
stats: request 74 1281.637418918919 3065.553242933519 10332.472 4.596 228.95677333333322 150
stats: connect 0 0 0 45.095 0.67 7.456999999999999 30
stats: page 74 1281.637418918919 3065.553242933519 10332.472 4.596 228.95677333333322 150
stats: tr_Initial_Get_Root 0 0 0 194.055 13.908 41.58257894736843 19
stats: 302 30 93
stats: tr_Redirect_Root 9 63.890777777777785 49.9276292086362 203.985 18.936 53.8352 20
stats: 200 44 131
stats: tr_Post_New_Post 8 33.318124999999995 3.7924437846031402 43.649 12.819 28.234 2
stats: size_rcv 681062 1200763
stats: tr_Get_New_Post 8 21.474375000000002 8.141790127752927 45.934 12.905 29.4195 2
stats: size_sent 40697 123150
stats: tr_Redirect_To_New_Post 6 312.37899999999996 33.22513678426823 354.96 186.444 186.444 1
stats: connected -9 18
stats: tr_Post_New_Comment_On_Post 5 42.75959999999999 14.02057372007294 67.966 21.678 36.5466 5
stats: tr_Get_Post 5 8726.0948 1096.0790922457013 10339.316 3955.081 5000.4164 5
stats: tr_Redirect_To_Post 5 9279.144199999999 181.77113108565942 9441.082 8933.789 0 0
stats: tr_Get_Logout 3 18.459999999999997 2.4413098942985503 21.701 15.809 0 0
stats: tr_Post_New_Comment_On_Comment 4 62.329750000000004 32.748069465046335 118.819 38.712 0 0
stats: tr_Authenticate_User 4 7112.4442500000005 3617.9506173857167 11128.908 941.764 4013.121615384616 26
stats: tr_Get_Login 2 5.468 0.1120000000000001 5.58 5.356 0 0
stats: tr_Post_Login 1 136.162 0 136.162 136.162 0 0
stats: tr_Get_Book 5 107.9962 9.663779951964965 224.746 39.094 140.02140000000003 5
stats: tr_Get_New_Book 1 13.517 0.0 13.517 7.693 10.454999999999998 4
stats: tr_Post_New_Book 2 26.144 8.615 34.759 9.938 19.18733333333333 3
stats: tr_Redirect_To_New_Book 2 111.611 1.0390000000000015 408.619 110.572 260.2235 2
# stats: dump at 1575688556
stats: users 10 29
stats: {recvpackets,"tsung_controller@ip-172-31-28-40"} 1 595.0 0.0 1154 542 848.0 2
stats: {sentpackets,"tsung_controller@ip-172-31-28-40"} 1 230.0 0.0 1523 230 916.5 2
stats: {cpu,"tsung_controller@ip-172-31-28-40"} 1 0.8964143426294822 0.0 1.3930348258706469 0.3791246143387544 0.8895245942796278 3
stats: {load,"tsung_controller@ip-172-31-28-40"} 1 0.0 0.0 0.0 0.0 0.0 3
stats: {freemem,"tsung_controller@ip-172-31-28-40"} 1 718.0859375 0.0 732.125 718.0859375 728.63671875 3
stats: session 8 25070.786999999997 5778.84712441474 34995.444 7801.382 16249.004666666666 12
stats: users_count 0 30
stats: finish_users_count 8 20
stats: request 19 2364.332105263158 3833.993007656802 10332.472 4.596 576.7173437499998 224
stats: connect 0 0 0 45.095 0.67 7.456999999999999 30
stats: page 19 2364.332105263158 3833.993007656802 10332.472 4.596 576.7173437499998 224
stats: tr_Initial_Get_Root 0 0 0 194.055 13.908 41.58257894736843 19
stats: 302 8 101
stats: tr_Redirect_Root 1 46.189 0.0 203.985 18.936 56.95589655172414 29
stats: 200 11 142
stats: tr_Post_New_Post 0 0 0 43.649 12.819 32.3013 10
stats: size_rcv 275152 1475915
stats: tr_Get_New_Post 0 0 0 45.934 12.905 23.0634 10
stats: size_sent 12050 135200
stats: tr_Redirect_To_New_Post 2 154.201 14.929000000000002 354.96 139.272 294.3882857142857 7
stats: connected -8 10
stats: tr_Post_New_Comment_On_Post 0 0 0 67.966 21.678 39.653099999999995 10
stats: tr_Get_Post 0 0 0 10339.316 3955.081 6863.255600000001 10
stats: tr_Redirect_To_Post 5 8772.007199999998 450.6342142063342 9441.082 8053.415 9279.144199999999 5
stats: tr_Get_Logout 1 22.773 0.0 22.773 15.809 18.459999999999997 3
stats: tr_Post_New_Comment_On_Comment 4 37.6815 6.447127364183218 118.819 28.295 62.329750000000004 4
stats: tr_Authenticate_User 0 0 0 11128.908 941.764 4426.364633333334 30
stats: tr_Get_Login 2 5.547499999999999 0.31849999999999956 5.866 5.229 5.468 2
stats: tr_Post_Login 3 145.4946666666667 4.469266929697629 151.782 136.162 136.162 1
stats: tr_Get_Book 0 0 0 224.746 39.094 124.00880000000002 10
stats: tr_Get_New_Book 0 0 0 13.517 7.693 11.067399999999997 5
stats: tr_Post_New_Book 0 0 0 34.759 9.938 21.97 5
stats: tr_Redirect_To_New_Book 1 110.519 0.0 408.619 110.519 185.91725 4
# stats: dump at 1575688566
stats: users 1 29
stats: {recvpackets,"tsung_controller@ip-172-31-28-40"} 1 355.0 0.0 1154 355 763.6666666666666 3
stats: {sentpackets,"tsung_controller@ip-172-31-28-40"} 1 106.0 0.0 1523 106 687.6666666666666 3
stats: {cpu,"tsung_controller@ip-172-31-28-40"} 1 0.5982053838484547 0.0 1.3930348258706469 0.3791246143387544 0.8912470313670914 4
stats: {load,"tsung_controller@ip-172-31-28-40"} 1 0.0 0.0 0.0 0.0 0.0 4
stats: {freemem,"tsung_controller@ip-172-31-28-40"} 1 718.45703125 0.0 732.125 718.0859375 725.9990234375 4
stats: session 9 37354.74666666667 3751.490634817197 44030.603 7801.382 19777.717599999996 20
stats: users_count 0 30
stats: finish_users_count 9 29
stats: request 15 5115.577266666666 3777.051835515551 10546.99 4.596 716.4896913580245 243
stats: connect 0 0 0 45.095 0.67 7.456999999999999 30
stats: page 15 5115.577266666666 3777.051835515551 10546.99 4.596 716.4896913580245 243
stats: tr_Initial_Get_Root 0 0 0 194.055 13.908 41.58257894736843 19
stats: 302 3 104
stats: tr_Redirect_Root 0 0 0 203.985 18.936 56.597 30
stats: 200 12 154
stats: tr_Post_New_Post 0 0 0 43.649 12.819 32.3013 10
stats: size_rcv 572502 2048417
stats: tr_Get_New_Post 0 0 0 45.934 12.905 23.0634 10
stats: size_sent 5393 140593
stats: tr_Redirect_To_New_Post 1 204.107 0.0 354.96 139.272 263.23555555555555 9
stats: connected -9 1
stats: tr_Post_New_Comment_On_Post 1 37.672 0.0 67.966 21.678 39.653099999999995 10
stats: tr_Get_Post 1 9440.809 0.0 10339.316 3955.081 6863.255600000001 10
stats: tr_Redirect_To_Post 10 6701.554099999999 2620.7070136382445 10554.239 2097.045 9025.575699999998 10
stats: tr_Get_Logout 0 0 0 22.773 15.809 19.538249999999998 4
stats: tr_Post_New_Comment_On_Comment 2 29.1485 1.2915000000000019 118.819 27.857 50.005625 8
stats: tr_Authenticate_User 0 0 0 11128.908 941.764 4426.364633333334 30
stats: tr_Get_Login 0 0 0 5.866 5.229 5.50775 4
stats: tr_Post_Login 0 0 0 151.782 136.162 143.16150000000002 4
stats: tr_Get_Book 0 0 0 224.746 39.094 124.00880000000002 10
stats: tr_Get_New_Book 0 0 0 13.517 7.693 11.067399999999997 5
stats: tr_Post_New_Book 0 0 0 34.759 9.938 21.97 5
stats: tr_Redirect_To_New_Book 0 0 0 408.619 110.519 170.8376 5
# stats: dump at 1575688576
stats: users 1 29
stats: {recvpackets,"tsung_controller@ip-172-31-28-40"} 1 352.0 0.0 1154 352 661.5 4
stats: {sentpackets,"tsung_controller@ip-172-31-28-40"} 1 72.0 0.0 1523 72 542.25 4
stats: {cpu,"tsung_controller@ip-172-31-28-40"} 1 0.29955067398901647 0.0 1.3930348258706469 0.29955067398901647 0.8326387018633641 5
stats: {load,"tsung_controller@ip-172-31-28-40"} 1 0.0 0.0 0.0 0.0 0.0 5
stats: {freemem,"tsung_controller@ip-172-31-28-40"} 1 721.19140625 0.0 732.125 718.0859375 724.490625 5
stats: session 0 0 0 44030.603 7801.382 25232.657655172414 29
stats: users_count 0 30
stats: finish_users_count 0 29
stats: request 2 990.5840000000001 975.2810000000001 10546.99 4.596 972.2505968992248 258
stats: connect 0 0 0 45.095 0.67 7.456999999999999 30
stats: page 2 990.5840000000001 975.2810000000001 10546.99 4.596 972.2505968992248 258
stats: tr_Initial_Get_Root 0 0 0 194.055 13.908 41.58257894736843 19
stats: 302 1 105
stats: tr_Redirect_Root 0 0 0 203.985 18.936 56.597 30
stats: 200 1 155
stats: tr_Post_New_Post 0 0 0 43.649 12.819 32.3013 10
stats: size_rcv 54559 2102976
stats: tr_Get_New_Post 0 0 0 45.934 12.905 23.0634 10
stats: size_sent 689 141282
stats: tr_Redirect_To_New_Post 0 0 0 354.96 139.272 257.3227 10
stats: connected 0 1
stats: tr_Post_New_Comment_On_Post 0 0 0 67.966 21.678 39.473 11
stats: tr_Get_Post 0 0 0 10339.316 3955.081 7097.578636363637 11
stats: tr_Redirect_To_Post 1 1974.026 0.0 10554.239 1974.026 7863.564899999999 20
stats: tr_Get_Logout 0 0 0 22.773 15.809 19.538249999999998 4
stats: tr_Post_New_Comment_On_Comment 1 15.491 0.0 118.819 15.491 45.834199999999996 10
stats: tr_Authenticate_User 0 0 0 11128.908 941.764 4426.364633333334 30
stats: tr_Get_Login 0 0 0 5.866 5.229 5.50775 4
stats: tr_Post_Login 0 0 0 151.782 136.162 143.16150000000002 4
stats: tr_Get_Book 0 0 0 224.746 39.094 124.00880000000002 10
stats: tr_Get_New_Book 0 0 0 13.517 7.693 11.067399999999997 5
stats: tr_Post_New_Book 0 0 0 34.759 9.938 21.97 5
stats: tr_Redirect_To_New_Book 0 0 0 408.619 110.519 170.8376 5
# stats: dump at 1575688586
stats: users 19 29
stats: {recvpackets,"tsung_controller@ip-172-31-28-40"} 1 22.0 0.0 1154 22 599.6 5
stats: {sentpackets,"tsung_controller@ip-172-31-28-40"} 1 23.0 0.0 1523 23 448.2 5
stats: {cpu,"tsung_controller@ip-172-31-28-40"} 1 0.1998001998001998 0.0 1.3930348258706469 0.1998001998001998 0.7437906972176395 6
stats: {load,"tsung_controller@ip-172-31-28-40"} 1 0.0 0.0 0.0 0.0 0.0 6
stats: {freemem,"tsung_controller@ip-172-31-28-40"} 1 721.33203125 0.0 732.125 718.0859375 723.9407552083334 6
stats: session 1 47315.56 0.0 47315.56 7801.382 25232.657655172414 29
stats: users_count 19 49
stats: finish_users_count 1 30
stats: request 29 95.35203448275857 296.5767615306926 10546.99 4.596 972.391623076923 260
stats: connect 17 3.8718235294117647 8.240224370412525 45.095 0.67 7.456999999999999 30
stats: page 29 95.35203448275857 296.5767615306926 10546.99 4.596 972.391623076923 260
stats: tr_Initial_Get_Root 10 19.767599999999998 8.980299674287046 194.055 13.908 41.58257894736843 19
stats: 302 7 112
stats: tr_Redirect_Root 1 18.425 0.0 203.985 18.425 56.597 30
stats: 200 22 177
stats: tr_Post_New_Post 0 0 0 43.649 12.819 32.3013 10
stats: size_rcv 113117 2216093
stats: tr_Get_New_Post 0 0 0 45.934 12.905 23.0634 10
stats: newphase 1 1
stats: tr_Redirect_To_New_Post 0 0 0 354.96 139.272 257.3227 10
stats: size_sent 10396 151678
stats: tr_Post_New_Comment_On_Post 0 0 0 67.966 21.678 39.473 11
stats: connected 16 17
stats: tr_Get_Post 0 0 0 10339.316 3955.081 7097.578636363637 11
stats: tr_Redirect_To_Post 1 1643.74 0.0 10554.239 1643.74 7583.1106666666665 21
stats: tr_Get_Logout 0 0 0 22.773 15.809 19.538249999999998 4
stats: tr_Post_New_Comment_On_Comment 0 0 0 118.819 15.491 43.07572727272727 11
stats: tr_Get_Root 2 16.548000000000002 3.0189999999999992 19.567 13.529 0 0
stats: tr_Authenticate_User 2 1234.7155 59.234500000000025 11128.908 941.764 4426.364633333334 30
stats: tr_Get_Login 0 0 0 5.866 5.229 5.50775 4
stats: tr_Post_Login 0 0 0 151.782 136.162 143.16150000000002 4
stats: tr_Get_Book 0 0 0 224.746 39.094 124.00880000000002 10
stats: tr_Get_New_Book 0 0 0 13.517 7.693 11.067399999999997 5
stats: tr_Post_New_Book 0 0 0 34.759 9.938 21.97 5
stats: tr_Redirect_To_New_Book 0 0 0 408.619 110.519 170.8376 5
# stats: dump at 1575688596
stats: users 54 54
stats: {recvpackets,"tsung_controller@ip-172-31-28-40"} 1 251.0 0.0 1154 22 503.3333333333333 6
stats: {sentpackets,"tsung_controller@ip-172-31-28-40"} 1 190.0 0.0 1523 23 377.3333333333333 6
stats: {cpu,"tsung_controller@ip-172-31-28-40"} 1 0.6464445549477871 0.0 1.3930348258706469 0.1998001998001998 0.6660777690151481 7
stats: {load,"tsung_controller@ip-172-31-28-40"} 1 0.0 0.0 0.0 0.0 0.0 7
stats: {freemem,"tsung_controller@ip-172-31-28-40"} 1 722.43359375 0.0 732.125 718.0859375 723.5680803571429 7
stats: session 6 8258.968 1261.5766467434046 47315.56 6045.492 25968.754399999998 30
stats: users_count 41 90
stats: finish_users_count 6 36
stats: request 207 109.82789855072467 401.3137534637622 10546.99 4.326 884.3841903114186 289
stats: connect 43 3.246186046511629 7.782058896144458 45.095 0.67 6.16023404255319 47
stats: page 207 109.82789855072467 401.3137534637622 10546.99 4.326 884.3841903114186 289
stats: tr_Initial_Get_Root 31 30.61506451612903 11.516827139046429 194.055 13.908 34.060172413793104 29
stats: 302 85 197
stats: tr_Redirect_Root 23 38.9838695652174 11.268931835898075 203.985 18.425 55.365645161290324 31
stats: 200 122 299
stats: tr_Post_New_Post 4 59.116499999999995 52.87233173172903 150.518 12.819 32.3013 10
stats: size_rcv 581679 2797772
stats: tr_Get_New_Post 4 88.17725 70.68899246832918 159.289 12.905 23.0634 10
stats: newphase 0 1
stats: tr_Redirect_To_New_Post 3 102.18566666666668 21.035970531977416 354.96 73.058 257.3227 10
stats: size_sent 104163 255841
stats: tr_Post_New_Comment_On_Post 4 26.76875 6.78353917122176 67.966 15.755 39.473 11
stats: connected 37 54
stats: tr_Get_Post 4 2793.423 908.548766288855 10339.316 1573.98 7097.578636363637 11
stats: tr_Redirect_To_Post 0 0 0 10554.239 1643.74 7313.139272727272 22
stats: tr_Get_Logout 4 16.308999999999997 1.071976678850804 22.773 15.077 19.538249999999998 4
stats: tr_Post_New_Comment_On_Comment 0 0 0 118.819 15.491 43.07572727272727 11
stats: tr_Get_Root 1 37.958 0.0 37.958 13.529 16.548000000000002 2
stats: tr_Get_Conversations 1 14.517 0 14.517 14.517 0 0
stats: tr_Authenticate_User 32 3186.8814374999993 1715.2696994043665 11128.908 941.764 4226.886562500001 32
stats: tr_Get_Login 2 8.97 3.8140000000000005 12.784 5.156 5.50775 4
stats: tr_Post_Login 2 138.3965 3.1204999999999927 151.782 135.276 143.16150000000002 4
stats: tr_Get_Book 4 89.63874999999999 12.05553570719692 224.746 39.094 124.00880000000002 10
stats: tr_Get_New_Book 1 121.185 0.0 121.185 7.693 11.067399999999997 5
stats: tr_Post_New_Book 1 15.325 0.0 34.759 9.938 21.97 5
stats: tr_Redirect_To_New_Book 1 101.863 0.0 408.619 101.863 170.8376 5
# stats: dump at 1575688606
stats: users 41 54
stats: {recvpackets,"tsung_controller@ip-172-31-28-40"} 1 1003.0 0.0 1154 22 467.2857142857143 7
stats: {sentpackets,"tsung_controller@ip-172-31-28-40"} 1 717.0 0.0 1523 23 350.57142857142856 7
stats: {cpu,"tsung_controller@ip-172-31-28-40"} 1 1.7309594460929771 0.0 1.7309594460929771 0.1998001998001998 0.663623617256728 8
stats: {load,"tsung_controller@ip-172-31-28-40"} 1 0.0 0.0 0.0 0.0 0.0 8
stats: {freemem,"tsung_controller@ip-172-31-28-40"} 1 708.59765625 0.0 732.125 708.59765625 723.42626953125 8
stats: session 13 12647.308461538461 3413.823003359624 47315.56 6045.492 23017.123333333333 36
stats: users_count 0 90
stats: finish_users_count 13 49
stats: request 155 248.91609677419365 1005.5868647582336 10546.99 4.326 561.1318669354838 496
stats: connect 0 0 0 45.095 0.67 4.767966666666666 90
stats: page 155 248.91609677419365 1005.5868647582336 10546.99 4.326 561.1318669354838 496
stats: tr_Initial_Get_Root 0 0 0 194.055 13.908 32.2802 60
stats: 302 68 265
stats: tr_Redirect_Root 30 83.8038 102.37567632577574 453.204 18.425 48.38822222222222 54
stats: 200 87 386
stats: tr_Post_New_Post 9 33.65144444444444 7.228171570107725 150.518 12.819 39.96278571428571 14
stats: size_rcv 621720 3419492
stats: tr_Get_New_Post 9 20.858666666666668 5.284807071008154 159.289 12.905 41.66735714285715 14
stats: newphase 0 1
stats: tr_Redirect_To_New_Post 7 329.48785714285714 170.16091195221117 672.294 73.058 221.52184615384613 13
stats: size_sent 97212 353053
stats: tr_Post_New_Comment_On_Post 1 33.112 0.0 67.966 15.755 36.0852 15
stats: connected -13 41
stats: tr_Get_Post 1 3551.134 0.0 10339.316 1573.98 5949.8038 15
stats: tr_Redirect_To_Post 3 7004.528666666666 1080.178365877393 10554.239 1643.74 7313.139272727272 22
stats: tr_Get_Logout 4 21.82125 6.480164557131245 30.461 14.656 17.923624999999998 8
stats: tr_Post_New_Comment_On_Comment 2 33.535 5.145000000000001 118.819 15.491 43.07572727272727 11
stats: tr_Get_Root 0 0 0 37.958 13.529 23.68466666666667 3
stats: tr_Get_Conversations 1 152.135 0.0 152.135 14.517 14.517 1
stats: tr_Authenticate_User 23 4806.47691304348 2729.0025131474704 11128.908 941.764 3706.884 64
stats: tr_Get_Login 5 65.3158 117.8515343954418 301.004 5.014 6.661833333333334 6
stats: tr_Post_Login 4 148.17 17.244711725627646 177.843 135.276 141.57316666666668 6
stats: tr_Get_New_Conversation 2 104.91300000000001 68.95200000000001 173.865 35.961 0 0
stats: tr_Post_New_Conversation 2 62.299499999999995 5.542499999999999 67.842 56.757 0 0
stats: tr_Get_Book 14 150.425 111.75906918648066 541.708 39.094 114.18878571428571 14
stats: tr_Get_New_Book 8 16.268500000000003 8.292204788233345 121.185 7.693 29.420333333333332 6
stats: tr_Post_New_Book 7 68.06500000000003 56.508468108771105 161.812 9.938 20.8625 6
stats: tr_Redirect_To_New_Book 2 104.6855 2.2295000000000016 408.619 101.863 159.34183333333337 6
# stats: dump at 1575688616
stats: users 21 54
stats: {recvpackets,"tsung_controller@ip-172-31-28-40"} 1 819.0 0.0 1154 22 534.25 8
stats: {sentpackets,"tsung_controller@ip-172-31-28-40"} 1 477.0 0.0 1523 23 396.375 8
stats: {cpu,"tsung_controller@ip-172-31-28-40"} 1 1.240694789081886 0.0 1.7309594460929771 0.1998001998001998 0.7822164871274224 9
stats: {load,"tsung_controller@ip-172-31-28-40"} 1 0.0 0.0 0.0 0.0 0.0 9
stats: {freemem,"tsung_controller@ip-172-31-28-40"} 1 702.109375 0.0 732.125 702.109375 721.7786458333334 9
stats: session 20 20059.41335 4536.668918380294 47315.56 6045.492 20265.94795918367 49
stats: users_count 0 90
stats: finish_users_count 20 69
stats: request 66 980.3774090909089 3379.258510133457 16294.512 4.326 486.7947788018432 651
stats: connect 0 0 0 45.095 0.67 4.767966666666666 90
stats: page 64 1011.018703125 3427.217041383594 16294.512 4.326 486.7947788018432 651
stats: tr_Initial_Get_Root 0 0 0 194.055 13.908 32.2802 60
stats: 302 23 288
stats: tr_Redirect_Root 6 48.67099999999999 4.771118597002872 453.204 18.425 61.03664285714285 84
stats: 200 43 429
stats: tr_Post_New_Post 8 38.878375 4.868692096895736 150.518 12.819 37.4931304347826 23
stats: size_rcv 403537 3823029
stats: tr_Get_New_Post 8 39.457625 50.22150565977064 172.203 12.905 33.52482608695653 23
stats: newphase 0 1
stats: tr_Redirect_To_New_Post 10 480.3177999999999 79.61227937548328 672.294 73.058 259.30994999999996 20
stats: size_sent 37993 391046
stats: tr_Post_New_Comment_On_Post 3 43.70066666666667 6.42367129365201 67.966 15.755 35.899375 16
stats: connected -20 21
stats: tr_Get_Post 3 13765.653666666667 2275.5999364131544 16302.773 1573.98 5799.8869375 16
stats: tr_Redirect_To_Post 1 15198.41 0.0 15198.41 1643.74 7276.106 25
stats: tr_Get_Logout 1 22.366 0.0 30.461 14.656 19.22283333333333 12
stats: tr_Post_New_Comment_On_Comment 1 34.236 0.0 118.819 15.491 41.60792307692308 13
stats: tr_Get_Root 0 0 0 37.958 13.529 23.68466666666667 3
stats: tr_Get_Conversations 0 0 0 152.135 14.517 83.326 2
stats: tr_Authenticate_User 3 9660.749000000002 2672.459398640884 13198.473 941.764 3997.5809770114947 87
stats: tr_Get_Login 2 5.28 0.03399999999999981 301.004 5.014 33.32272727272727 11
stats: tr_Post_Login 2 133.0455 2.440499999999993 177.843 130.605 144.2119 10
stats: tr_Get_New_Conversation 0 0 0 173.865 35.961 104.91300000000001 2
stats: tr_Post_New_Conversation 0 0 0 67.842 56.757 62.299499999999995 2
stats: tr_Redirect_To_New_Conversation 2 76.9725 10.805500000000006 87.778 66.167 0 0
stats: tr_Redirect_To_Same_Conversation 2 63.622 9.709000000000003 73.331 53.913 0 0
stats: tr_Reply_To_Conversation 2 141.44400000000002 10.049 151.493 131.395 0 0
stats: tr_Get_Book 3 137.34266666666667 6.533362397894543 541.708 39.094 132.30689285714286 28
stats: tr_Get_New_Book 1 15.416 0.0 121.185 7.693 21.905 14
stats: tr_Post_New_Book 2 22.634999999999998 2.364 161.812 9.938 46.27923076923078 13
stats: tr_Redirect_To_New_Book 5 162.7732 42.811592245091745 408.619 101.863 145.67775000000003 8
# stats: dump at 1575688626
stats: users 16 54
stats: {recvpackets,"tsung_controller@ip-172-31-28-40"} 1 525.0 0.0 1154 22 565.8888888888889 9
stats: {sentpackets,"tsung_controller@ip-172-31-28-40"} 1 228.0 0.0 1523 23 405.3333333333333 9
stats: {cpu,"tsung_controller@ip-172-31-28-40"} 1 0.6982543640897756 0.0 1.7309594460929771 0.1998001998001998 0.8280643173228688 10
stats: {load,"tsung_controller@ip-172-31-28-40"} 1 0.0 0.0 0.0 0.0 0.0 10
stats: {freemem,"tsung_controller@ip-172-31-28-40"} 1 699.94921875 0.0 732.125 699.94921875 719.81171875 10
stats: session 5 33124.4594 3946.2964542852387 47315.56 6045.492 20206.082855072462 69
stats: users_count 0 90
stats: finish_users_count 5 74
stats: request 32 6861.085312500001 8212.012052749134 18197.806 4.326 532.2291631799162 717
stats: connect 0 0 0 45.095 0.67 4.767966666666666 90
stats: page 32 6861.085312500001 8212.012052749134 18197.806 4.326 533.7183188811188 715
stats: tr_Initial_Get_Root 0 0 0 194.055 13.908 32.2802 60
stats: 302 13 301
stats: tr_Redirect_Root 0 0 0 453.204 18.425 60.21226666666666 90
stats: 200 19 448
stats: tr_Post_New_Post 1 28.193 0.0 150.518 12.819 37.850612903225795 31
stats: size_rcv 719302 4542331
stats: tr_Get_New_Post 1 19.145 0.0 172.203 12.905 35.05587096774194 31
stats: newphase 0 1
stats: tr_Redirect_To_New_Post 1 382.276 0.0 672.294 73.058 332.97923333333324 30
stats: size_sent 17478 408524
stats: tr_Post_New_Comment_On_Post 8 44.448249999999994 8.35609841298557 67.966 15.755 37.13115789473684 19
stats: connected -5 16
stats: tr_Get_Post 8 16549.819875 707.9966459245126 17847.665 1573.98 7057.639578947368 19
stats: tr_Redirect_To_Post 5 17141.68 684.964977577102 18204.108 1643.74 7580.8099999999995 26
stats: tr_Get_Logout 0 0 0 30.461 14.656 19.46461538461538 13
stats: tr_Post_New_Comment_On_Comment 2 43.629000000000005 6.4769999999999985 118.819 15.491 41.081357142857144 14
stats: tr_Get_Root 0 0 0 37.958 13.529 23.68466666666667 3
stats: tr_Get_Conversations 1 18.971 0.0 152.135 14.517 83.326 2
stats: tr_Authenticate_User 0 0 0 13198.473 941.764 4186.3532444444445 90
stats: tr_Get_Login 0 0 0 301.004 5.014 29.008461538461535 13
stats: tr_Post_Login 1 135.667 0.0 177.843 130.605 142.35083333333333 12
stats: tr_Get_New_Conversation 1 181.219 0.0 181.219 35.961 104.91300000000001 2
stats: tr_Post_New_Conversation 1 74.376 0.0 74.376 56.757 62.299499999999995 2
stats: tr_Redirect_To_New_Conversation 0 0 0 87.778 66.167 76.9725 2
stats: tr_Redirect_To_Same_Conversation 0 0 0 73.331 53.913 63.622 2
stats: tr_Reply_To_Conversation 0 0 0 151.493 131.395 141.44400000000002 2
stats: tr_Get_Book 1 120.06 0.0 541.708 39.094 132.7942258064516 31
stats: tr_Get_New_Book 0 0 0 121.185 7.693 21.4724 15
stats: tr_Post_New_Book 0 0 0 161.812 9.938 43.12666666666667 15
stats: tr_Redirect_To_New_Book 1 125.664 0.0 408.619 101.863 152.25292307692308 13
# stats: dump at 1575688636
stats: users 12 54
stats: {recvpackets,"tsung_controller@ip-172-31-28-40"} 1 427.0 0.0 1154 22 561.8 10
stats: {sentpackets,"tsung_controller@ip-172-31-28-40"} 1 117.0 0.0 1523 23 387.6 10
stats: {cpu,"tsung_controller@ip-172-31-28-40"} 1 0.6975585450921774 0.0 1.7309594460929771 0.1998001998001998 0.8162634124834967 11
stats: {load,"tsung_controller@ip-172-31-28-40"} 1 0.0 0.0 0.0 0.0 0.0 11
stats: {freemem,"tsung_controller@ip-172-31-28-40"} 1 700.4453125 0.0 732.125 699.94921875 718.0060369318181 11
stats: session 4 42929.23775 5269.163200115761 50299.882 6045.492 21078.946135135135 74
stats: users_count 0 90
stats: finish_users_count 4 78
stats: request 19 7042.214631578948 7388.547171471029 18197.806 4.326 802.6208811748999 749
stats: connect 0 0 0 45.095 0.67 4.767966666666666 90
stats: page 18 7433.4558333333325 7397.156670327482 18197.806 4.326 804.7701847389558 747
stats: tr_Initial_Get_Root 0 0 0 194.055 13.908 32.2802 60
stats: 302 6 307
stats: tr_Redirect_Root 0 0 0 453.204 18.425 60.21226666666666 90
stats: 200 13 461
stats: tr_Post_New_Post 0 0 0 150.518 12.819 37.54881249999999 32
stats: size_rcv 480986 5023317
stats: tr_Get_New_Post 0 0 0 172.203 12.905 34.558656250000006 32
stats: newphase 0 1
stats: tr_Redirect_To_New_Post 1 270.827 0.0 672.294 73.058 334.5694516129031 31
stats: size_sent 8880 417404
stats: tr_Post_New_Comment_On_Post 0 0 0 67.966 15.755 39.29918518518519 27
stats: connected -4 12
stats: tr_Get_Post 0 0 0 17847.665 1573.98 9870.137444444445 27
stats: tr_Redirect_To_Post 9 14757.694333333335 1540.652019384073 18204.108 1643.74 9122.885806451612 31
stats: tr_Get_Logout 0 0 0 30.461 14.656 19.46461538461538 13
stats: tr_Post_New_Comment_On_Comment 5 32.6012 5.7424954645171455 118.819 15.491 41.3998125 16
stats: tr_Get_Root 0 0 0 37.958 13.529 23.68466666666667 3
stats: tr_Get_Conversations 0 0 0 152.135 14.517 61.87433333333333 3
stats: tr_Authenticate_User 0 0 0 13198.473 941.764 4186.3532444444445 90
stats: tr_Get_Login 0 0 0 301.004 5.014 29.008461538461535 13
stats: tr_Post_Login 0 0 0 177.843 130.605 141.83669230769232 13
stats: tr_Get_New_Conversation 0 0 0 181.219 35.961 130.34833333333333 3
stats: tr_Post_New_Conversation 0 0 0 74.376 56.757 66.325 3
stats: tr_Redirect_To_New_Conversation 1 86.192 0.0 87.778 66.167 76.9725 2
stats: tr_Redirect_To_Same_Conversation 1 73.825 0.0 73.825 53.913 63.622 2
stats: tr_Reply_To_Conversation 1 342.283 0.0 342.283 131.395 141.44400000000002 2
stats: tr_Get_Book 0 0 0 541.708 39.094 132.39628125000002 32
stats: tr_Get_New_Book 0 0 0 121.185 7.693 21.4724 15
stats: tr_Post_New_Book 0 0 0 161.812 9.938 43.12666666666667 15
stats: tr_Redirect_To_New_Book 1 123.41 0.0 408.619 101.863 150.3537142857143 14
# stats: dump at 1575688646
stats: users 7 54
stats: {recvpackets,"tsung_controller@ip-172-31-28-40"} 1 449.0 0.0 1154 22 549.5454545454545 11
stats: {sentpackets,"tsung_controller@ip-172-31-28-40"} 1 98.0 0.0 1523 23 363.0 11
stats: {cpu,"tsung_controller@ip-172-31-28-40"} 1 0.6986027944111777 0.0 1.7309594460929771 0.1998001998001998 0.8063713402008866 12
stats: {load,"tsung_controller@ip-172-31-28-40"} 1 0.0 0.0 0.0 0.0 0.0 12
stats: {freemem,"tsung_controller@ip-172-31-28-40"} 1 696.28125 0.0 732.125 696.28125 716.5426432291666 12
stats: session 5 52591.44 3812.463433634112 58818.86 6045.492 22199.47391025641 78
stats: users_count 0 90
stats: finish_users_count 5 83
stats: request 13 5727.505615384614 5361.289099953158 18197.806 4.326 956.9858307291667 768
stats: connect 0 0 0 45.095 0.67 4.767966666666666 90
stats: page 13 5727.505615384614 5361.289099953158 18197.806 4.326 960.7392588235293 765
stats: tr_Initial_Get_Root 0 0 0 194.055 13.908 32.2802 60
stats: 302 6 313
stats: tr_Redirect_Root 0 0 0 453.204 18.425 60.21226666666666 90
stats: 200 7 468
stats: tr_Post_New_Post 0 0 0 150.518 12.819 37.54881249999999 32
stats: size_rcv 367938 5391255
stats: tr_Get_New_Post 0 0 0 172.203 12.905 34.558656250000006 32
stats: newphase 0 1
stats: tr_Redirect_To_New_Post 0 0 0 672.294 73.058 332.5774999999999 32
stats: size_sent 7448 424852
stats: tr_Post_New_Comment_On_Post 0 0 0 67.966 15.755 39.29918518518519 27
stats: connected -5 7
stats: tr_Get_Post 0 0 0 17847.665 1573.98 9870.137444444445 27
stats: tr_Redirect_To_Post 7 10607.02214285714 1358.3529410924125 18204.108 1643.74 10390.717724999999 40
stats: tr_Get_Logout 0 0 0 30.461 14.656 19.46461538461538 13
stats: tr_Post_New_Comment_On_Comment 6 37.42033333333334 5.446541675432424 118.819 15.491 39.304904761904766 21
stats: tr_Get_Root 0 0 0 37.958 13.529 23.68466666666667 3
stats: tr_Get_Conversations 0 0 0 152.135 14.517 61.87433333333333 3
stats: tr_Authenticate_User 0 0 0 13198.473 941.764 4186.3532444444445 90
stats: tr_Get_Login 0 0 0 301.004 5.014 29.008461538461535 13
stats: tr_Post_Login 0 0 0 177.843 130.605 141.83669230769232 13
stats: tr_Get_New_Conversation 0 0 0 181.219 35.961 130.34833333333333 3
stats: tr_Post_New_Conversation 0 0 0 74.376 56.757 66.325 3
stats: tr_Redirect_To_New_Conversation 0 0 0 87.778 66.167 80.04566666666666 3
stats: tr_Redirect_To_Same_Conversation 0 0 0 73.825 53.913 67.02300000000001 3
stats: tr_Reply_To_Conversation 0 0 0 342.283 131.395 208.39033333333336 3
stats: tr_Get_Book 0 0 0 541.708 39.094 132.39628125000002 32
stats: tr_Get_New_Book 0 0 0 121.185 7.693 21.4724 15
stats: tr_Post_New_Book 0 0 0 161.812 9.938 43.12666666666667 15
stats: tr_Redirect_To_New_Book 0 0 0 408.619 101.863 148.55746666666667 15
# stats: dump at 1575688656
stats: users 35 54
stats: {recvpackets,"tsung_controller@ip-172-31-28-40"} 1 283.0 0.0 1154 22 541.1666666666666 12
stats: {sentpackets,"tsung_controller@ip-172-31-28-40"} 1 63.0 0.0 1523 23 340.9166666666667 12
stats: {cpu,"tsung_controller@ip-172-31-28-40"} 1 0.24975024975024976 0.0 1.7309594460929771 0.1998001998001998 0.7980814520632168 13
stats: {load,"tsung_controller@ip-172-31-28-40"} 1 0.0 0.0 0.0 0.0 0.0 13
stats: {freemem,"tsung_controller@ip-172-31-28-40"} 1 700.1015625 0.0 732.125 696.28125 714.9840745192307 13
stats: session 7 55745.261857142854 3309.145038390405 60549.452 6045.492 24030.315240963853 83
stats: users_count 35 125
stats: finish_users_count 7 90
stats: request 74 769.8507702702706 2318.491455662359 18197.806 4.326 1036.3926901408452 781
stats: connect 32 1.5440312499999997 3.928409430707731 45.095 0.58 4.767966666666666 90
stats: page 74 769.8507702702706 2318.491455662359 18197.806 4.326 1040.3895964010283 778
stats: tr_Initial_Get_Root 20 36.558350000000004 73.1411315555584 354.225 13.908 32.2802 60
stats: 302 19 332
stats: tr_Redirect_Root 1 18.863 0.0 453.204 18.425 60.21226666666666 90
stats: 200 55 523
stats: tr_Post_New_Post 0 0 0 150.518 12.819 37.54881249999999 32
stats: size_rcv 496394 5887649
stats: tr_Get_New_Post 0 0 0 172.203 12.905 34.558656250000006 32
stats: newphase 1 2
stats: tr_Redirect_To_New_Post 0 0 0 672.294 73.058 332.5774999999999 32
stats: size_sent 24919 449771
stats: tr_Post_New_Comment_On_Post 0 0 0 67.966 15.755 39.29918518518519 27
stats: connected 25 32
stats: tr_Get_Post 0 0 0 17847.665 1573.98 9870.137444444445 27
stats: tr_Redirect_To_Post 7 7590.053428571428 2319.5767513310857 18204.108 1643.74 10422.933276595742 47
stats: tr_Get_Logout 0 0 0 30.461 14.656 19.46461538461538 13
stats: tr_Post_New_Comment_On_Comment 0 0 0 118.819 15.491 38.88611111111112 27
stats: tr_Get_Root 5 20.7578 7.694477302585278 37.958 13.529 23.68466666666667 3
stats: tr_Get_Conversations 0 0 0 152.135 14.517 61.87433333333333 3
stats: tr_Authenticate_User 6 1608.9698333333336 808.3029137382877 13198.473 476.384 4186.3532444444445 90
stats: tr_Get_Login 0 0 0 301.004 5.014 29.008461538461535 13
stats: tr_Post_Login 0 0 0 177.843 130.605 141.83669230769232 13
stats: tr_Get_New_Conversation 0 0 0 181.219 35.961 130.34833333333333 3
stats: tr_Post_New_Conversation 0 0 0 74.376 56.757 66.325 3
stats: tr_Redirect_To_New_Conversation 0 0 0 87.778 66.167 80.04566666666666 3
stats: tr_Redirect_To_Same_Conversation 0 0 0 73.825 53.913 67.02300000000001 3
stats: tr_Reply_To_Conversation 0 0 0 342.283 131.395 208.39033333333336 3
stats: tr_Get_Book 0 0 0 541.708 39.094 132.39628125000002 32
stats: tr_Get_New_Book 0 0 0 121.185 7.693 21.4724 15
stats: tr_Post_New_Book 0 0 0 161.812 9.938 43.12666666666667 15
stats: tr_Redirect_To_New_Book 0 0 0 408.619 101.863 148.55746666666667 15
# stats: dump at 1575688666
stats: users 102 103
stats: {recvpackets,"tsung_controller@ip-172-31-28-40"} 1 658.0 0.0 1154 22 521.3076923076923 13
stats: {sentpackets,"tsung_controller@ip-172-31-28-40"} 1 429.0 0.0 1523 23 319.53846153846155 13
stats: {cpu,"tsung_controller@ip-172-31-28-40"} 1 0.9940357852882704 0.0 1.7309594460929771 0.1998001998001998 0.7589149376122906 14
stats: {load,"tsung_controller@ip-172-31-28-40"} 1 0.0 0.0 0.0 0.0 0.0 14
stats: {freemem,"tsung_controller@ip-172-31-28-40"} 1 709.80078125 0.0 732.125 696.28125 713.9210379464286 14
stats: session 11 8148.215000000002 2304.5366505784355 60549.452 3487.264 26497.033311111107 90
stats: users_count 78 203
stats: finish_users_count 11 101
stats: request 340 196.89006176470576 358.4429800264231 18197.806 4.131 1013.3235649122809 855
stats: connect 81 3.423543209876542 8.389453482177153 45.095 0.58 3.9223442622950815 122
stats: page 340 196.89006176470576 358.4429800264231 18197.806 4.131 1016.8920927230048 852
stats: tr_Initial_Get_Root 45 218.1661111111111 322.1330216291416 1313.679 13.258 33.3497375 80
stats: 302 131 463
stats: tr_Redirect_Root 40 214.181175 306.2878071830388 1340.831 17.712 59.75787912087912 91
stats: 200 209 732
stats: tr_Post_New_Post 5 165.265 288.5951869487778 742.334 12.105 37.54881249999999 32
stats: size_rcv 812579 6700228
stats: tr_Get_New_Post 5 100.1962 155.4672643039685 410.549 12.085 34.558656250000006 32
stats: newphase 0 2
stats: tr_Redirect_To_New_Post 5 373.3658 140.84359605519873 672.294 73.058 332.5774999999999 32
stats: size_sent 174321 624092
stats: tr_Post_New_Comment_On_Post 1 194.911 0.0 194.911 15.755 39.29918518518519 27
stats: connected 70 102
stats: tr_Get_Post 1 4724.841 0.0 17847.665 1573.98 9870.137444444445 27
stats: tr_Redirect_To_Post 0 0 0 18204.108 1643.74 10055.70811111111 54
stats: tr_Get_Logout 2 12.085 3.2449999999999997 30.461 8.84 19.46461538461538 13
stats: tr_Post_New_Comment_On_Comment 0 0 0 118.819 15.491 38.88611111111112 27
stats: tr_Get_Root 12 102.66175 115.96107217663247 315.267 13.529 21.855375000000002 8
stats: tr_Get_Conversations 4 124.64675 112.10560368325707 287.577 14.517 61.87433333333333 3
stats: tr_Authenticate_User 53 4129.604603773585 2478.026600447564 13198.473 476.384 4025.2667812500003 96
stats: tr_Get_Login 2 9.139 4.833 301.004 4.306 29.008461538461535 13
stats: tr_Post_Login 2 219.1825 70.3775 289.56 130.605 141.83669230769232 13
stats: tr_Get_New_Conversation 3 307.0013333333333 50.923426176520714 369.277 35.961 130.34833333333333 3
stats: tr_Post_New_Conversation 1 1087.745 0.0 1087.745 56.757 66.325 3
stats: tr_Redirect_To_New_Conversation 0 0 0 87.778 66.167 80.04566666666666 3
stats: tr_Redirect_To_Same_Conversation 0 0 0 73.825 53.913 67.02300000000001 3
stats: tr_Reply_To_Conversation 0 0 0 342.283 131.395 208.39033333333336 3
stats: tr_Get_Book 7 371.1852857142857 302.8707367120333 869.904 38.138 132.39628125000002 32
stats: tr_Get_New_Book 7 15.123000000000001 8.364933165133053 121.185 6.847 21.4724 15
stats: tr_Post_New_Book 5 38.0482 37.58512947110865 161.812 9.601 43.12666666666667 15
stats: tr_Redirect_To_New_Book 4 247.56475 97.64345547033605 408.619 89.003 148.55746666666667 15
# stats: dump at 1575688676
stats: users 88 109
stats: {recvpackets,"tsung_controller@ip-172-31-28-40"} 1 1733.0 0.0 1733 22 531.0714285714286 14
stats: {sentpackets,"tsung_controller@ip-172-31-28-40"} 1 1282.0 0.0 1523 23 327.35714285714283 14
stats: {cpu,"tsung_controller@ip-172-31-28-40"} 1 2.7357107962872496 0.0 2.7357107962872496 0.1998001998001998 0.7745896607906891 15
stats: {load,"tsung_controller@ip-172-31-28-40"} 1 0.0 0.0 0.0 0.0 0.0 15
stats: {freemem,"tsung_controller@ip-172-31-28-40"} 1 692.13671875 0.0 732.125 692.13671875 713.6463541666667 15
stats: session 21 15454.608523809522 3750.342861317103 60549.452 3487.264 24498.64715841584 101
stats: users_count 7 210
stats: finish_users_count 21 122
stats: request 338 166.04061538461542 684.7623697163709 18197.806 4.131 781.0328610878662 1195
stats: connect 7 0.8970000000000001 0.3478813426607248 45.095 0.58 3.72331527093596 203
stats: page 335 167.52869552238812 687.8770000918681 18197.806 4.131 782.9988959731544 1192
stats: tr_Initial_Get_Root 4 83.39825000000002 61.79604135531256 1313.679 13.258 99.88363199999998 125
stats: 302 148 611
stats: tr_Redirect_Root 65 130.00963076923077 135.9643927999668 1340.831 17.712 106.91003053435115 131
stats: 200 190 922
stats: tr_Post_New_Post 17 49.53405882352941 34.02833338034055 742.334 12.105 54.807756756756746 37
stats: size_rcv 1075592 7775820
stats: tr_Get_New_Post 17 48.37864705882353 58.29492435673784 410.549 12.085 43.4285945945946 37
stats: newphase 0 2
stats: tr_Redirect_To_New_Post 4 630.03325 122.62524888124587 760.024 73.058 338.0894324324323 37
stats: size_sent 203942 828034
stats: tr_Post_New_Comment_On_Post 1 45.107 0.0 194.911 15.755 44.85675 28
stats: connected -13 89
stats: tr_Get_Post 1 12438.7 0.0 17847.665 1573.98 9686.376857142857 28
stats: tr_Redirect_To_Post 0 0 0 18204.108 1643.74 10055.70811111111 54
stats: tr_Get_Logout 5 54.00680000000001 53.503164906012806 157.06 8.84 18.480666666666664 15
stats: tr_Post_New_Comment_On_Comment 0 0 0 118.819 15.491 38.88611111111112 27
stats: tr_Get_Root 1 194.779 0.0 315.267 13.529 70.3392 20
stats: tr_Get_Conversations 10 59.117 120.47871357961952 419.77 11.958 97.74428571428572 7
stats: tr_Authenticate_User 54 5365.543981481482 2928.5867992249905 14517.793 476.384 4062.380234899329 149
stats: tr_Get_Login 5 21.3238 15.434287640186053 301.004 4.306 26.359199999999998 15
stats: tr_Post_Login 3 152.83266666666665 8.630477210959363 289.56 130.605 152.14946666666668 15
stats: tr_Get_New_Conversation 7 130.6347142857143 156.21387051339426 493.563 35.961 218.67483333333334 6
stats: tr_Post_New_Conversation 7 218.98585714285713 131.12271721387953 1087.745 56.757 321.67999999999995 4
stats: tr_Redirect_To_New_Conversation 5 94.7988 15.47596662441477 110.425 66.167 80.04566666666666 3
stats: tr_Redirect_To_Same_Conversation 3 94.64433333333334 19.221037646865536 120.373 53.913 67.02300000000001 3
stats: tr_Reply_To_Conversation 3 180.93666666666664 63.745884177376944 342.283 120.679 208.39033333333336 3
stats: tr_Get_Book 18 260.84033333333326 174.47105271871828 869.904 38.138 175.2558461538462 39
stats: tr_Get_New_Book 17 75.23770588235294 111.14992353349474 426.156 6.847 19.452136363636363 22
stats: tr_Post_New_Book 15 106.02546666666666 136.6266492042538 418.769 9.601 41.85705 20
stats: tr_Redirect_To_New_Book 10 208.3677 124.6090064690751 575.619 89.003 169.4011052631579 19
# stats: dump at 1575688686
stats: users 51 109
stats: {recvpackets,"tsung_controller@ip-172-31-28-40"} 1 1477.0 0.0 1733 22 611.2 15
stats: {sentpackets,"tsung_controller@ip-172-31-28-40"} 1 894.0 0.0 1523 23 391.0 15
stats: {cpu,"tsung_controller@ip-172-31-28-40"} 1 2.455795677799607 0.0 2.7357107962872496 0.1998001998001998 0.8971597317592241 16
stats: {load,"tsung_controller@ip-172-31-28-40"} 1 0.0 0.0 0.0 0.0 0.0 16
stats: {freemem,"tsung_controller@ip-172-31-28-40"} 1 683.6953125 0.0 732.125 683.6953125 712.302001953125 16
stats: session 37 20704.939621621623 4499.774081095412 60549.452 3487.264 22941.886409836065 122
stats: users_count 0 210
stats: finish_users_count 37 159
stats: request 137 399.5199416058397 1936.0606765217453 18197.806 4.131 645.4377018917156 1533
stats: connect 0 0 0 45.095 0.58 3.6291047619047614 210
stats: page 130 421.040123076923 1985.5780652641693 18197.806 4.131 647.9743267845449 1527
stats: tr_Initial_Get_Root 0 0 0 1313.679 13.258 99.37245736434107 129
stats: 302 47 658
stats: tr_Redirect_Root 13 52.049923076923086 11.090969774214717 1340.831 17.712 114.57061224489796 196
stats: 200 90 1012
stats: tr_Post_New_Post 8 59.33562500000001 41.32829167452213 742.334 12.105 53.14751851851851 54
stats: size_rcv 711429 8487249
stats: tr_Get_New_Post 8 21.972125000000002 4.3093371716976385 410.549 12.085 44.98694444444445 54
stats: newphase 0 2
stats: tr_Redirect_To_New_Post 16 706.131125 186.97858474363946 955.483 73.058 366.57175609756086 41
stats: size_sent 80117 908151
stats: tr_Post_New_Comment_On_Post 2 52.6835 16.799500000000002 194.911 15.755 44.86537931034483 29
stats: connected -38 51
stats: tr_Get_Post 2 16208.849999999999 208.45200000000068 17847.665 1573.98 9781.284551724139 29
stats: tr_Redirect_To_Post 0 0 0 18204.108 1643.74 10055.70811111111 54
stats: tr_Get_Logout 2 17.5655 1.3324999999999996 157.06 8.84 27.3622 20
stats: tr_Post_New_Comment_On_Comment 0 0 0 118.819 15.491 38.88611111111112 27
stats: tr_Get_Root 0 0 0 315.267 13.529 76.26490476190477 21
stats: tr_Get_Conversations 3 17.478666666666665 0.8368840355084376 419.77 11.958 75.02235294117648 17
stats: tr_Authenticate_User 7 11048.481142857143 5622.334723859434 21009.189 476.384 4409.0346305418725 203
stats: tr_Get_Login 2 5.3185 0.12749999999999972 301.004 4.306 25.10035 20
stats: tr_Post_Login 3 140.09733333333335 4.717276780328064 289.56 130.605 152.26333333333335 18
stats: tr_Get_New_Conversation 7 88.96614285714284 113.7693347767799 493.563 35.961 171.2686153846154 13
stats: tr_Post_New_Conversation 9 145.26677777777775 94.26090035024865 1087.745 56.757 256.3291818181818 11
stats: tr_Redirect_To_New_Conversation 9 100.61344444444447 43.79140372800507 203.12 59.037 89.26637500000001 8
stats: tr_Redirect_To_Same_Conversation 7 90.7137142857143 6.277531309913062 120.373 53.913 80.83366666666667 6
stats: tr_Reply_To_Conversation 7 145.31071428571428 22.61295702350621 342.283 117.798 194.6635 6
stats: tr_Get_Book 7 181.12614285714287 17.58278201966402 869.904 38.138 202.28252631578945 57
stats: tr_Get_New_Book 3 12.696 2.3850426970322087 426.156 6.847 43.76892307692307 39
stats: tr_Post_New_Book 7 70.60142857142857 107.76501406546845 418.769 9.601 69.3578 35
stats: tr_Redirect_To_New_Book 12 175.4434166666667 26.413667489446738 575.619 89.003 182.83786206896553 29
# stats: dump at 1575688696
stats: users 34 109
stats: {recvpackets,"tsung_controller@ip-172-31-28-40"} 1 819.0 0.0 1733 22 665.3125 16
stats: {sentpackets,"tsung_controller@ip-172-31-28-40"} 1 452.0 0.0 1523 23 422.4375 16
stats: {cpu,"tsung_controller@ip-172-31-28-40"} 1 1.1904761904761905 0.0 2.7357107962872496 0.1998001998001998 0.9888441991733643 17
stats: {load,"tsung_controller@ip-172-31-28-40"} 1 0.0 0.0 0.0 0.0 0.0 17
stats: {freemem,"tsung_controller@ip-172-31-28-40"} 1 681.76953125 0.0 732.125 681.76953125 710.6192555147059 17
stats: session 17 27326.818529411765 3620.3263404244303 60549.452 3487.264 22421.339044025157 159
stats: users_count 0 210
stats: finish_users_count 17 176
stats: request 51 3354.48131372549 8697.908954927398 30020.244 4.131 625.2636101796409 1670
stats: connect 0 0 0 45.095 0.58 3.6291047619047614 210
stats: page 43 3978.5996279069773 9340.779562234002 30020.244 4.131 630.1701949305975 1657
stats: tr_Initial_Get_Root 0 0 0 1313.679 13.258 99.37245736434107 129
stats: 302 20 678
stats: tr_Redirect_Root 1 78.542 0.0 1340.831 17.712 110.68176555023923 209
stats: 200 31 1043
stats: tr_Post_New_Post 2 51.342 3.623999999999997 742.334 12.105 53.94598387096773 62
stats: size_rcv 416090 8903339
stats: tr_Get_New_Post 2 20.3295 0.03249999999999886 410.549 12.085 42.01729032258065 62
stats: newphase 0 2
stats: tr_Redirect_To_New_Post 7 781.1458571428572 119.87680685893281 955.483 73.058 461.88666666666654 57
stats: size_sent 26798 934949
stats: tr_Post_New_Comment_On_Post 5 47.106399999999994 17.939702033199996 194.911 15.755 45.36977419354839 31
stats: connected -17 34
stats: tr_Get_Post 5 26468.6906 2239.791997675551 29309.942 1573.98 10195.96619354839 31
stats: tr_Redirect_To_Post 1 30028.7 0.0 30028.7 1643.74 10055.70811111111 54
stats: tr_Get_Logout 1 16.343 0.0 157.06 8.84 26.47159090909091 22
stats: tr_Post_New_Comment_On_Comment 1 63.79 0.0 118.819 15.491 38.88611111111112 27
stats: tr_Get_Root 0 0 0 315.267 13.529 76.26490476190477 21
stats: tr_Get_Conversations 1 18.555 0.0 419.77 11.958 66.3908 20
stats: tr_Authenticate_User 0 0 0 21009.189 476.384 4630.3495142857155 210
stats: tr_Get_Login 1 6.253 0.0 301.004 4.306 23.302 22
stats: tr_Post_Login 2 134.421 4.423999999999985 289.56 129.997 150.52533333333335 21
stats: tr_Get_New_Conversation 1 34.326 0.0 493.563 34.326 142.46275 20
stats: tr_Post_New_Conversation 1 112.414 0.0 1087.745 56.757 206.35109999999995 20
stats: tr_Redirect_To_New_Conversation 4 117.53475 55.414422298599305 212.814 59.037 95.27364705882354 17
stats: tr_Redirect_To_Same_Conversation 8 87.95087499999998 11.722187076624184 120.373 53.913 86.15369230769231 13
stats: tr_Reply_To_Conversation 8 141.96699999999996 18.314996498771173 342.283 112.175 168.08892307692307 13
stats: tr_Get_Book 0 0 0 869.904 38.138 199.968546875 64
stats: tr_Get_New_Book 0 0 0 426.156 6.847 41.549428571428564 42
stats: tr_Post_New_Book 0 0 0 418.769 9.601 69.56507142857143 42
stats: tr_Redirect_To_New_Book 0 0 0 575.619 89.003 180.67363414634147 41
# stats: dump at 1575688706
stats: users 34 109
stats: {recvpackets,"tsung_controller@ip-172-31-28-40"} 1 318.0 0.0 1733 22 674.3529411764706 17
stats: {sentpackets,"tsung_controller@ip-172-31-28-40"} 1 144.0 0.0 1523 23 424.1764705882353 17
stats: {cpu,"tsung_controller@ip-172-31-28-40"} 1 0.6975585450921774 0.0 2.7357107962872496 0.1998001998001998 1.0000459764679657 18
stats: {load,"tsung_controller@ip-172-31-28-40"} 1 0.0 0.0 0.0 0.0 0.0 18
stats: {freemem,"tsung_controller@ip-172-31-28-40"} 1 680.20703125 0.0 732.125 680.20703125 709.0164930555555 18
stats: session 0 0 0 60549.452 3487.264 22895.163767045455 176
stats: users_count 0 210
stats: finish_users_count 0 176
stats: request 24 17256.95804166667 17264.97166259362 37987.237 4.131 706.1410668216155 1721
stats: connect 0 0 0 45.095 0.58 3.6291047619047614 210
stats: page 24 17256.95804166667 17264.97166259362 37987.237 4.131 714.8657629411765 1700
stats: tr_Initial_Get_Root 0 0 0 1313.679 13.258 99.37245736434107 129
stats: 302 12 690
stats: tr_Redirect_Root 0 0 0 1340.831 17.712 110.52871904761906 210
stats: 200 12 1055
stats: tr_Post_New_Post 0 0 0 742.334 12.105 53.86460937499999 64
stats: size_rcv 594203 9497542
stats: tr_Get_New_Post 0 0 0 410.549 12.085 41.339546875 64
stats: newphase 0 2
stats: tr_Redirect_To_New_Post 0 0 0 955.483 73.058 496.8056406249999 64
stats: size_sent 13185 948134
stats: tr_Post_New_Comment_On_Post 12 45.836749999999995 7.445699968494118 194.911 15.755 45.610972222222216 36
stats: connected 0 34
stats: tr_Get_Post 12 34475.87983333333 1923.6754296106712 37994.259 1573.98 12456.066805555556 36
stats: tr_Redirect_To_Post 0 0 0 30028.7 1643.74 10418.853418181816 55
stats: tr_Get_Logout 0 0 0 157.06 8.84 26.031217391304345 23
stats: tr_Post_New_Comment_On_Comment 0 0 0 118.819 15.491 39.775535714285716 28
stats: tr_Get_Root 0 0 0 315.267 13.529 76.26490476190477 21
stats: tr_Get_Conversations 0 0 0 419.77 11.958 64.11290476190477 21
stats: tr_Authenticate_User 0 0 0 21009.189 476.384 4630.3495142857155 210
stats: tr_Get_Login 0 0 0 301.004 4.306 22.560739130434786 23
stats: tr_Post_Login 0 0 0 289.56 129.997 149.12495652173914 23
stats: tr_Get_New_Conversation 0 0 0 493.563 34.326 137.31338095238095 21
stats: tr_Post_New_Conversation 0 0 0 1087.745 56.757 201.87790476190472 21
stats: tr_Redirect_To_New_Conversation 0 0 0 212.814 59.037 99.51385714285715 21
stats: tr_Redirect_To_Same_Conversation 0 0 0 120.373 53.913 86.83833333333334 21
stats: tr_Reply_To_Conversation 0 0 0 342.283 112.175 158.13771428571428 21
stats: tr_Get_Book 0 0 0 869.904 38.138 199.968546875 64
stats: tr_Get_New_Book 0 0 0 426.156 6.847 41.549428571428564 42
stats: tr_Post_New_Book 0 0 0 418.769 9.601 69.56507142857143 42
stats: tr_Redirect_To_New_Book 0 0 0 575.619 89.003 180.67363414634147 41
# stats: dump at 1575688716
stats: users 33 109
stats: {recvpackets,"tsung_controller@ip-172-31-28-40"} 1 498.0 0.0 1733 22 654.5555555555555 18
stats: {sentpackets,"tsung_controller@ip-172-31-28-40"} 1 113.0 0.0 1523 23 408.6111111111111 18
stats: {cpu,"tsung_controller@ip-172-31-28-40"} 1 0.7477567298105683 0.0 2.7357107962872496 0.1998001998001998 0.9841255853429243 19
stats: {load,"tsung_controller@ip-172-31-28-40"} 1 0.0 0.0 0.0 0.0 0.0 19
stats: {freemem,"tsung_controller@ip-172-31-28-40"} 1 673.1953125 0.0 732.125 673.1953125 707.5002055921053 19
stats: session 1 41442.927 0.0 60549.452 3487.264 22895.163767045455 176
stats: users_count 0 210
stats: finish_users_count 1 177
stats: request 24 17775.949625000005 17799.273189657873 39479.982 4.131 933.7740796561607 1745
stats: connect 0 0 0 45.095 0.58 3.6291047619047614 210
stats: page 24 17775.949625000005 17799.273189657873 39479.982 4.131 945.1501102088167 1724
stats: tr_Initial_Get_Root 0 0 0 1313.679 13.258 99.37245736434107 129
stats: 302 11 701
stats: tr_Redirect_Root 0 0 0 1340.831 17.712 110.52871904761906 210
stats: 200 13 1068
stats: tr_Post_New_Post 0 0 0 742.334 12.105 53.86460937499999 64
stats: size_rcv 598272 10095814
stats: tr_Get_New_Post 0 0 0 410.549 12.085 41.339546875 64
stats: newphase 0 2
stats: tr_Redirect_To_New_Post 0 0 0 955.483 73.058 496.8056406249999 64
stats: size_sent 16944 965078
stats: tr_Post_New_Comment_On_Post 10 46.751099999999994 11.267140768180719 194.911 15.755 45.66741666666667 48
stats: connected -1 33
stats: tr_Get_Post 10 35484.441000000006 2533.037603309867 39487.18 1573.98 17961.0200625 48
stats: tr_Redirect_To_Post 2 35592.17 1440.7300000000014 37032.9 1643.74 10418.853418181816 55
stats: tr_Get_Logout 0 0 0 157.06 8.84 26.031217391304345 23
stats: tr_Post_New_Comment_On_Comment 1 65.524 0.0 118.819 15.491 39.775535714285716 28
stats: tr_Get_Root 0 0 0 315.267 13.529 76.26490476190477 21
stats: tr_Get_Conversations 0 0 0 419.77 11.958 64.11290476190477 21
stats: tr_Authenticate_User 0 0 0 21009.189 476.384 4630.3495142857155 210
stats: tr_Get_Login 0 0 0 301.004 4.306 22.560739130434786 23
stats: tr_Post_Login 0 0 0 289.56 129.997 149.12495652173914 23
stats: tr_Get_New_Conversation 0 0 0 493.563 34.326 137.31338095238095 21
stats: tr_Post_New_Conversation 0 0 0 1087.745 56.757 201.87790476190472 21
stats: tr_Redirect_To_New_Conversation 0 0 0 212.814 59.037 99.51385714285715 21
stats: tr_Redirect_To_Same_Conversation 0 0 0 120.373 53.913 86.83833333333334 21
stats: tr_Reply_To_Conversation 0 0 0 342.283 112.175 158.13771428571428 21
stats: tr_Get_Book 0 0 0 869.904 38.138 199.968546875 64
stats: tr_Get_New_Book 0 0 0 426.156 6.847 41.549428571428564 42
stats: tr_Post_New_Book 0 0 0 418.769 9.601 69.56507142857143 42
stats: tr_Redirect_To_New_Book 1 150.984 0.0 575.619 89.003 180.67363414634147 41
# stats: dump at 1575688726
stats: users 33 109
stats: {recvpackets,"tsung_controller@ip-172-31-28-40"} 1 438.0 0.0 1733 22 646.3157894736842 19
stats: {sentpackets,"tsung_controller@ip-172-31-28-40"} 1 110.0 0.0 1523 23 393.05263157894734 19
stats: {cpu,"tsung_controller@ip-172-31-28-40"} 1 0.7485029940119761 0.0 2.7357107962872496 0.1998001998001998 0.9723071425663065 20
stats: {load,"tsung_controller@ip-172-31-28-40"} 1 0.0 0.0 0.0 0.0 0.0 20
stats: {freemem,"tsung_controller@ip-172-31-28-40"} 1 679.32421875 0.0 732.125 673.1953125 705.7849609375 20
stats: session 0 0 0 60549.452 3487.264 22999.95338983051 177
stats: users_count 0 210
stats: finish_users_count 0 177
stats: request 11 16579.998272727273 18247.63724524747 41798.587 4.131 1162.2716563029962 1769
stats: connect 0 0 0 45.095 0.58 3.6291047619047614 210
stats: page 11 16579.998272727273 18247.63724524747 41798.587 4.131 1176.236602402746 1748
stats: tr_Initial_Get_Root 0 0 0 1313.679 13.258 99.37245736434107 129
stats: 302 6 707
stats: tr_Redirect_Root 0 0 0 1340.831 17.712 110.52871904761906 210
stats: 200 5 1073
stats: tr_Post_New_Post 0 0 0 742.334 12.105 53.86460937499999 64
stats: size_rcv 251680 10347494
stats: tr_Get_New_Post 0 0 0 410.549 12.085 41.339546875 64
stats: newphase 0 2
stats: tr_Redirect_To_New_Post 0 0 0 955.483 73.058 496.8056406249999 64
stats: size_sent 6310 971388
stats: tr_Post_New_Comment_On_Post 2 88.5085 34.753499999999995 194.911 15.755 45.854258620689656 58
stats: connected 0 33
stats: tr_Get_Post 2 37254.674 963.5060000000012 39487.18 1573.98 20982.29953448276 58
stats: tr_Redirect_To_Post 3 35856.11266666667 4270.983896047164 41808.752 1643.74 11302.127684210524 57
stats: tr_Get_Logout 0 0 0 157.06 8.84 26.031217391304345 23
stats: tr_Post_New_Comment_On_Comment 4 41.361000000000004 6.883851865053464 118.819 15.491 40.66341379310345 29
stats: tr_Get_Root 0 0 0 315.267 13.529 76.26490476190477 21
stats: tr_Get_Conversations 0 0 0 419.77 11.958 64.11290476190477 21
stats: tr_Authenticate_User 0 0 0 21009.189 476.384 4630.3495142857155 210
stats: tr_Get_Login 0 0 0 301.004 4.306 22.560739130434786 23
stats: tr_Post_Login 0 0 0 289.56 129.997 149.12495652173914 23
stats: tr_Get_New_Conversation 0 0 0 493.563 34.326 137.31338095238095 21
stats: tr_Post_New_Conversation 0 0 0 1087.745 56.757 201.87790476190472 21
stats: tr_Redirect_To_New_Conversation 0 0 0 212.814 59.037 99.51385714285715 21
stats: tr_Redirect_To_Same_Conversation 0 0 0 120.373 53.913 86.83833333333334 21
stats: tr_Reply_To_Conversation 0 0 0 342.283 112.175 158.13771428571428 21
stats: tr_Get_Book 0 0 0 869.904 38.138 199.968546875 64
stats: tr_Get_New_Book 0 0 0 426.156 6.847 41.549428571428564 42
stats: tr_Post_New_Book 0 0 0 418.769 9.601 69.56507142857143 42
stats: tr_Redirect_To_New_Book 0 0 0 575.619 89.003 179.96673809523813 42
# stats: dump at 1575688736
stats: users 33 109
stats: {recvpackets,"tsung_controller@ip-172-31-28-40"} 1 196.0 0.0 1733 22 635.9 20
stats: {sentpackets,"tsung_controller@ip-172-31-28-40"} 1 42.0 0.0 1523 23 378.9 20
stats: {cpu,"tsung_controller@ip-172-31-28-40"} 1 0.44932601098352476 0.0 2.7357107962872496 0.1998001998001998 0.9616498021589573 21
stats: {load,"tsung_controller@ip-172-31-28-40"} 1 0.0 0.0 0.0 0.0 0.0 21
stats: {freemem,"tsung_controller@ip-172-31-28-40"} 1 677.9375 0.0 732.125 673.1953125 704.5249255952381 21
stats: session 0 0 0 60549.452 3487.264 22999.95338983051 177
stats: users_count 0 210
stats: finish_users_count 0 177
stats: request 9 19717.615333333335 17661.46548116789 41798.587 4.131 1257.5497421348316 1780
stats: tr_Initial_Get_Root 0 0 0 1313.679 13.258 99.37245736434107 129
stats: connect 0 0 0 45.095 0.58 3.6291047619047614 210
stats: page 9 19717.615333333335 17661.46548116789 41798.587 4.131 1272.5648447981807 1759
stats: 302 4 711
stats: tr_Redirect_Root 0 0 0 1340.831 17.712 110.52871904761906 210
stats: 200 5 1078
stats: tr_Post_New_Post 0 0 0 742.334 12.105 53.86460937499999 64
stats: size_rcv 248687 10596181
stats: tr_Get_New_Post 0 0 0 410.549 12.085 41.339546875 64
stats: newphase 0 2
stats: tr_Redirect_To_New_Post 0 0 0 955.483 73.058 496.8056406249999 64
stats: size_sent 5537 976925
stats: tr_Post_New_Comment_On_Post 0 0 0 194.911 15.755 47.276066666666665 60
stats: connected 0 33
stats: tr_Get_Post 0 0 0 39487.18 1573.98 21524.71201666667 60
stats: tr_Redirect_To_Post 5 35463.846000000005 2025.1838661511208 41808.752 1643.74 12529.82693333333 60
stats: tr_Get_Logout 0 0 0 157.06 8.84 26.031217391304345 23
stats: tr_Post_New_Comment_On_Comment 4 43.91525 5.266576847203505 118.819 15.491 40.7479696969697 33
stats: tr_Get_Root 0 0 0 315.267 13.529 76.26490476190477 21
stats: tr_Get_Conversations 0 0 0 419.77 11.958 64.11290476190477 21
stats: tr_Authenticate_User 0 0 0 21009.189 476.384 4630.3495142857155 210
stats: tr_Get_Login 0 0 0 301.004 4.306 22.560739130434786 23
stats: tr_Post_Login 0 0 0 289.56 129.997 149.12495652173914 23
stats: tr_Get_New_Conversation 0 0 0 493.563 34.326 137.31338095238095 21
stats: tr_Post_New_Conversation 0 0 0 1087.745 56.757 201.87790476190472 21
stats: tr_Redirect_To_New_Conversation 0 0 0 212.814 59.037 99.51385714285715 21
stats: tr_Redirect_To_Same_Conversation 0 0 0 120.373 53.913 86.83833333333334 21
stats: tr_Reply_To_Conversation 0 0 0 342.283 112.175 158.13771428571428 21
stats: tr_Get_Book 0 0 0 869.904 38.138 199.968546875 64
stats: tr_Get_New_Book 0 0 0 426.156 6.847 41.549428571428564 42
stats: tr_Post_New_Book 0 0 0 418.769 9.601 69.56507142857143 42
stats: tr_Redirect_To_New_Book 0 0 0 575.619 89.003 179.96673809523813 42
# stats: dump at 1575688746
stats: users 32 109
stats: {recvpackets,"tsung_controller@ip-172-31-28-40"} 1 230.0 0.0 1733 22 614.952380952381 21
stats: {sentpackets,"tsung_controller@ip-172-31-28-40"} 1 45.0 0.0 1523 23 362.85714285714283 21
stats: {cpu,"tsung_controller@ip-172-31-28-40"} 1 0.4987531172069825 0.0 2.7357107962872496 0.1998001998001998 0.9383623571055287 22
stats: {load,"tsung_controller@ip-172-31-28-40"} 1 0.0 0.0 0.0 0.0 0.0 22
stats: {freemem,"tsung_controller@ip-172-31-28-40"} 1 678.91796875 0.0 732.125 673.1953125 703.31640625 22
stats: session 1 82206.764 0.0 82206.764 3487.264 22999.95338983051 177
stats: users_count 0 210
stats: finish_users_count 1 178
stats: request 18 24516.03188888889 17387.665621153457 41798.587 4.131 1350.4175958636113 1789
stats: page 18 24516.03188888889 17387.665621153457 41798.587 4.131 1366.4593325791857 1768
stats: connect 0 0 0 45.095 0.58 3.6291047619047614 210
stats: tr_Initial_Get_Root 0 0 0 1313.679 13.258 99.37245736434107 129
stats: 302 6 717
stats: tr_Redirect_Root 0 0 0 1340.831 17.712 110.52871904761906 210
stats: 200 12 1090
stats: tr_Post_New_Post 0 0 0 742.334 12.105 53.86460937499999 64
stats: size_rcv 613040 11209221
stats: tr_Get_New_Post 0 0 0 410.549 12.085 41.339546875 64
stats: newphase 0 2
stats: tr_Redirect_To_New_Post 0 0 0 955.483 73.058 496.8056406249999 64
stats: size_sent 8005 984930
stats: tr_Post_New_Comment_On_Post 0 0 0 194.911 15.755 47.276066666666665 60
stats: connected -1 32
stats: tr_Get_Post 0 0 0 39487.18 1573.98 21524.71201666667 60
stats: tr_Redirect_To_Post 12 36759.21525 2076.4006172208246 41808.752 1643.74 14293.982246153844 65
stats: tr_Get_Logout 0 0 0 157.06 8.84 26.031217391304345 23
stats: tr_Post_New_Comment_On_Comment 6 43.57033333333334 10.448270553328696 118.819 15.491 41.09037837837838 37
stats: tr_Get_Root 0 0 0 315.267 13.529 76.26490476190477 21
stats: tr_Get_Conversations 0 0 0 419.77 11.958 64.11290476190477 21
stats: tr_Authenticate_User 0 0 0 21009.189 476.384 4630.3495142857155 210
stats: tr_Get_Login 0 0 0 301.004 4.306 22.560739130434786 23
stats: tr_Post_Login 0 0 0 289.56 129.997 149.12495652173914 23
stats: tr_Get_New_Conversation 0 0 0 493.563 34.326 137.31338095238095 21
stats: tr_Post_New_Conversation 0 0 0 1087.745 56.757 201.87790476190472 21
stats: tr_Redirect_To_New_Conversation 0 0 0 212.814 59.037 99.51385714285715 21
stats: tr_Redirect_To_Same_Conversation 0 0 0 120.373 53.913 86.83833333333334 21
stats: tr_Reply_To_Conversation 0 0 0 342.283 112.175 158.13771428571428 21
stats: tr_Get_Book 0 0 0 869.904 38.138 199.968546875 64
stats: tr_Get_New_Book 0 0 0 426.156 6.847 41.549428571428564 42
stats: tr_Post_New_Book 0 0 0 418.769 9.601 69.56507142857143 42
stats: tr_Redirect_To_New_Book 0 0 0 575.619 89.003 179.96673809523813 42
# stats: dump at 1575688756
stats: users 30 109
stats: {recvpackets,"tsung_controller@ip-172-31-28-40"} 1 537.0 0.0 1733 22 597.4545454545455 22
stats: {sentpackets,"tsung_controller@ip-172-31-28-40"} 1 110.0 0.0 1523 23 348.4090909090909 22
stats: {cpu,"tsung_controller@ip-172-31-28-40"} 1 0.7488766849725411 0.0 2.7357107962872496 0.1998001998001998 0.9192489118925483 23
stats: {load,"tsung_controller@ip-172-31-28-40"} 1 0.0 0.0 0.0 0.0 0.0 23
stats: {freemem,"tsung_controller@ip-172-31-28-40"} 1 674.4453125 0.0 732.125 673.1953125 702.2556046195652 23
stats: session 2 95532.5475 689.4334999999992 96221.981 3487.264 23332.575921348314 178
stats: users_count 0 210
stats: finish_users_count 2 180
stats: request 26 15363.98969230769 17927.13913084667 41798.587 4.131 1581.176343663531 1807
stats: page 26 15363.98969230769 17927.13913084667 41798.587 4.131 1599.7696942889138 1786
stats: connect 0 0 0 45.095 0.58 3.6291047619047614 210
stats: tr_Initial_Get_Root 0 0 0 1313.679 13.258 99.37245736434107 129
stats: 302 15 732
stats: tr_Redirect_Root 0 0 0 1340.831 17.712 110.52871904761906 210
stats: 200 11 1101
stats: tr_Post_New_Post 0 0 0 742.334 12.105 53.86460937499999 64
stats: size_rcv 555576 11764797
stats: tr_Get_New_Post 0 0 0 410.549 12.085 41.339546875 64
stats: newphase 0 2
stats: tr_Redirect_To_New_Post 0 0 0 955.483 73.058 496.8056406249999 64
stats: size_sent 17439 1002369
stats: tr_Post_New_Comment_On_Post 0 0 0 194.911 15.755 47.276066666666665 60
stats: connected -2 30
stats: tr_Get_Post 0 0 0 39487.18 1573.98 21524.71201666667 60
stats: tr_Redirect_To_Post 11 36255.62372727272 1887.2503920357071 41808.752 1643.74 17795.05751948052 77
stats: tr_Get_Logout 0 0 0 157.06 8.84 26.031217391304345 23
stats: tr_Post_New_Comment_On_Comment 15 48.2498 16.46167616900944 118.819 15.491 41.436418604651166 43
stats: tr_Get_Root 0 0 0 315.267 13.529 76.26490476190477 21
stats: tr_Get_Conversations 0 0 0 419.77 11.958 64.11290476190477 21
stats: tr_Authenticate_User 0 0 0 21009.189 476.384 4630.3495142857155 210
stats: tr_Get_Login 0 0 0 301.004 4.306 22.560739130434786 23
stats: tr_Post_Login 0 0 0 289.56 129.997 149.12495652173914 23
stats: tr_Get_New_Conversation 0 0 0 493.563 34.326 137.31338095238095 21
stats: tr_Post_New_Conversation 0 0 0 1087.745 56.757 201.87790476190472 21
stats: tr_Redirect_To_New_Conversation 0 0 0 212.814 59.037 99.51385714285715 21
stats: tr_Redirect_To_Same_Conversation 0 0 0 120.373 53.913 86.83833333333334 21
stats: tr_Reply_To_Conversation 0 0 0 342.283 112.175 158.13771428571428 21
stats: tr_Get_Book 0 0 0 869.904 38.138 199.968546875 64
stats: tr_Get_New_Book 0 0 0 426.156 6.847 41.549428571428564 42
stats: tr_Post_New_Book 0 0 0 418.769 9.601 69.56507142857143 42
stats: tr_Redirect_To_New_Book 0 0 0 575.619 89.003 179.96673809523813 42
# stats: dump at 1575688766
stats: users 25 109
stats: {recvpackets,"tsung_controller@ip-172-31-28-40"} 1 327.0 0.0 1733 22 594.8260869565217 23
stats: {sentpackets,"tsung_controller@ip-172-31-28-40"} 1 93.0 0.0 1523 23 338.0434782608695 23
stats: {cpu,"tsung_controller@ip-172-31-28-40"} 1 0.4992511233150275 0.0 2.7357107962872496 0.1998001998001998 0.9121500691042147 24
stats: {load,"tsung_controller@ip-172-31-28-40"} 1 0.0 0.0 0.0 0.0 0.0 24
stats: {freemem,"tsung_controller@ip-172-31-28-40"} 1 676.15234375 0.0 732.125 673.1953125 701.0968424479166 24
stats: session 5 107075.87960000001 2075.7333531037752 108864.043 3487.264 24134.79782777778 180
stats: users_count 0 210
stats: finish_users_count 5 185
stats: request 9 26784.95533333333 14375.30525302909 41798.587 4.131 1776.6772422258593 1833
stats: connect 0 0 0 45.095 0.58 3.6291047619047614 210
stats: 302 2 734
stats: page 9 26784.95533333333 14375.30525302909 41798.587 4.131 1797.2695397350992 1812
stats: tr_Initial_Get_Root 0 0 0 1313.679 13.258 99.37245736434107 129
stats: 200 7 1108
stats: tr_Redirect_Root 0 0 0 1340.831 17.712 110.52871904761906 210
stats: size_rcv 358125 12122922
stats: tr_Post_New_Post 0 0 0 742.334 12.105 53.86460937499999 64
stats: newphase 0 2
stats: tr_Get_New_Post 0 0 0 410.549 12.085 41.339546875 64
stats: size_sent 3635 1006004
stats: tr_Redirect_To_New_Post 0 0 0 955.483 73.058 496.8056406249999 64
stats: connected -5 25
stats: tr_Post_New_Comment_On_Post 0 0 0 194.911 15.755 47.276066666666665 60
stats: tr_Get_Post 0 0 0 39487.18 1573.98 21524.71201666667 60
stats: tr_Redirect_To_Post 7 34424.434714285715 1791.7133685158715 41808.752 1643.74 20102.628295454546 88
stats: tr_Get_Logout 0 0 0 157.06 8.84 26.031217391304345 23
stats: tr_Post_New_Comment_On_Comment 2 54.531 1.7560000000000002 118.819 15.491 43.198499999999996 58
stats: tr_Get_Root 0 0 0 315.267 13.529 76.26490476190477 21
stats: tr_Get_Conversations 0 0 0 419.77 11.958 64.11290476190477 21
stats: tr_Authenticate_User 0 0 0 21009.189 476.384 4630.3495142857155 210
stats: tr_Get_Login 0 0 0 301.004 4.306 22.560739130434786 23
stats: tr_Post_Login 0 0 0 289.56 129.997 149.12495652173914 23
stats: tr_Get_New_Conversation 0 0 0 493.563 34.326 137.31338095238095 21
stats: tr_Post_New_Conversation 0 0 0 1087.745 56.757 201.87790476190472 21
stats: tr_Redirect_To_New_Conversation 0 0 0 212.814 59.037 99.51385714285715 21
stats: tr_Redirect_To_Same_Conversation 0 0 0 120.373 53.913 86.83833333333334 21
stats: tr_Reply_To_Conversation 0 0 0 342.283 112.175 158.13771428571428 21
stats: tr_Get_Book 0 0 0 869.904 38.138 199.968546875 64
stats: tr_Get_New_Book 0 0 0 426.156 6.847 41.549428571428564 42
stats: tr_Post_New_Book 0 0 0 418.769 9.601 69.56507142857143 42
stats: tr_Redirect_To_New_Book 0 0 0 575.619 89.003 179.96673809523813 42
# stats: dump at 1575688776
stats: users 17 109
stats: {recvpackets,"tsung_controller@ip-172-31-28-40"} 1 304.0 0.0 1733 22 583.6666666666666 24
stats: {sentpackets,"tsung_controller@ip-172-31-28-40"} 1 62.0 0.0 1523 23 327.83333333333326 24
stats: {cpu,"tsung_controller@ip-172-31-28-40"} 1 0.24987506246876562 0.0 2.7357107962872496 0.1998001998001998 0.8956341112726471 25
stats: {load,"tsung_controller@ip-172-31-28-40"} 1 0.0 0.0 0.0 0.0 0.0 25
stats: {freemem,"tsung_controller@ip-172-31-28-40"} 1 677.55859375 0.0 732.125 673.1953125 700.0990625 25
stats: session 8 113181.55799999999 3089.086973338682 117557.038 3487.264 26376.44868648649 185
stats: users_count 0 210
stats: finish_users_count 8 193
stats: request 6 31256.811999999994 1330.4726199368633 41798.587 4.131 1898.867526058632 1842
stats: page 6 31256.811999999994 1330.4726199368633 41798.587 4.131 1920.7671630971993 1821
stats: connect 0 0 0 45.095 0.58 3.6291047619047614 210
stats: tr_Initial_Get_Root 0 0 0 1313.679 13.258 99.37245736434107 129
stats: 302 0 734
stats: tr_Redirect_Root 0 0 0 1340.831 17.712 110.52871904761906 210
stats: 200 6 1114
stats: tr_Post_New_Post 0 0 0 742.334 12.105 53.86460937499999 64
stats: size_rcv 308034 12430956
stats: tr_Get_New_Post 0 0 0 410.549 12.085 41.339546875 64
stats: newphase 0 2
stats: tr_Redirect_To_New_Post 0 0 0 955.483 73.058 496.8056406249999 64
stats: size_sent 0 1006004
stats: tr_Post_New_Comment_On_Post 0 0 0 194.911 15.755 47.276066666666665 60
stats: connected -6 19
stats: tr_Get_Post 0 0 0 39487.18 1573.98 21524.71201666667 60
stats: tr_Redirect_To_Post 6 31256.95666666667 1330.4690089494363 41808.752 1643.74 21157.919294736843 95
stats: tr_Get_Logout 0 0 0 157.06 8.84 26.031217391304345 23
stats: tr_Post_New_Comment_On_Comment 0 0 0 118.819 15.491 43.576249999999995 60
stats: tr_Get_Root 0 0 0 315.267 13.529 76.26490476190477 21
stats: tr_Get_Conversations 0 0 0 419.77 11.958 64.11290476190477 21
stats: tr_Authenticate_User 0 0 0 21009.189 476.384 4630.3495142857155 210
stats: tr_Get_Login 0 0 0 301.004 4.306 22.560739130434786 23
stats: tr_Post_Login 0 0 0 289.56 129.997 149.12495652173914 23
stats: tr_Get_New_Conversation 0 0 0 493.563 34.326 137.31338095238095 21
stats: tr_Post_New_Conversation 0 0 0 1087.745 56.757 201.87790476190472 21
stats: tr_Redirect_To_New_Conversation 0 0 0 212.814 59.037 99.51385714285715 21
stats: tr_Redirect_To_Same_Conversation 0 0 0 120.373 53.913 86.83833333333334 21
stats: tr_Reply_To_Conversation 0 0 0 342.283 112.175 158.13771428571428 21
stats: tr_Get_Book 0 0 0 869.904 38.138 199.968546875 64
stats: tr_Get_New_Book 0 0 0 426.156 6.847 41.549428571428564 42
stats: tr_Post_New_Book 0 0 0 418.769 9.601 69.56507142857143 42
stats: tr_Redirect_To_New_Book 0 0 0 575.619 89.003 179.96673809523813 42
# stats: dump at 1575688782
stats: users 0 109
stats: {recvpackets,"tsung_controller@ip-172-31-28-40"} 1 307.0 0.0 1733 22 572.48 25
stats: {sentpackets,"tsung_controller@ip-172-31-28-40"} 1 66.0 0.0 1523 23 317.19999999999993 25
stats: {cpu,"tsung_controller@ip-172-31-28-40"} 1 0.249500998003992 0.0 2.7357107962872496 0.1998001998001998 0.8707972247801903 26
stats: {load,"tsung_controller@ip-172-31-28-40"} 1 0.0 0.0 0.0 0.0 0.0 26
stats: {freemem,"tsung_controller@ip-172-31-28-40"} 1 681.58984375 0.0 732.125 673.1953125 699.2321213942307 26
stats: session 17 115763.1684117647 2904.8964347525994 122400.072 3487.264 29974.587932642487 193
stats: users_count 0 210
stats: finish_users_count 17 210
stats: request 19 27596.28863157895 3767.970337265455 41798.587 4.131 1994.1855275974026 1848
stats: page 19 27596.28863157895 3767.970337265455 41798.587 4.131 2017.1088538587846 1827
stats: connect 0 0 0 45.095 0.58 3.6291047619047614 210
stats: tr_Initial_Get_Root 0 0 0 1313.679 13.258 99.37245736434107 129
stats: 302 0 734
stats: tr_Redirect_Root 0 0 0 1340.831 17.712 110.52871904761906 210
stats: 200 19 1133
stats: tr_Post_New_Post 0 0 0 742.334 12.105 53.86460937499999 64
stats: size_rcv 986626 13417582
stats: tr_Get_New_Post 0 0 0 410.549 12.085 41.339546875 64
stats: newphase 0 2
stats: tr_Redirect_To_New_Post 0 0 0 955.483 73.058 496.8056406249999 64
stats: size_sent 0 1006004
stats: tr_Post_New_Comment_On_Post 0 0 0 194.911 15.755 47.276066666666665 60
stats: connected -19 0
stats: tr_Get_Post 0 0 0 39487.18 1573.98 21524.71201666667 60
stats: tr_Redirect_To_Post 19 27596.453473684207 3767.949541190865 41808.752 1643.74 21757.862108910893 101
stats: tr_Get_Logout 0 0 0 157.06 8.84 26.031217391304345 23
stats: tr_Post_New_Comment_On_Comment 0 0 0 118.819 15.491 43.576249999999995 60
stats: tr_Get_Root 0 0 0 315.267 13.529 76.26490476190477 21
stats: tr_Get_Conversations 0 0 0 419.77 11.958 64.11290476190477 21
stats: tr_Authenticate_User 0 0 0 21009.189 476.384 4630.3495142857155 210
stats: tr_Get_Login 0 0 0 301.004 4.306 22.560739130434786 23
stats: tr_Post_Login 0 0 0 289.56 129.997 149.12495652173914 23
stats: tr_Get_New_Conversation 0 0 0 493.563 34.326 137.31338095238095 21
stats: tr_Post_New_Conversation 0 0 0 1087.745 56.757 201.87790476190472 21
stats: tr_Redirect_To_New_Conversation 0 0 0 212.814 59.037 99.51385714285715 21
stats: tr_Redirect_To_Same_Conversation 0 0 0 120.373 53.913 86.83833333333334 21
stats: tr_Reply_To_Conversation 0 0 0 342.283 112.175 158.13771428571428 21
stats: tr_Get_Book 0 0 0 869.904 38.138 199.968546875 64
stats: tr_Get_New_Book 0 0 0 426.156 6.847 41.549428571428564 42
stats: tr_Post_New_Book 0 0 0 418.769 9.601 69.56507142857143 42
stats: tr_Redirect_To_New_Book 0 0 0 575.619 89.003 179.96673809523813 42
EndMonitor:{1575,688782,551098}
