# stats: dump at 1575876516
stats: users 13 13
stats: {freemem,"tsung_controller@ip-172-31-21-126"} 1 375611.5859375 0 375611.5859375 375611.5859375 0 0
stats: {load,"tsung_controller@ip-172-31-21-126"} 1 0.0390625 0 0.0390625 0.0390625 0 0
stats: {cpu,"tsung_controller@ip-172-31-21-126"} 1 0.01268815911653908 0 0.01268815911653908 0.01268815911653908 0 0
stats: session 1 7567.437 0 7567.437 7567.437 0 0
stats: users_count 14 14
stats: finish_users_count 1 1
stats: request 43 53.606418604651154 53.51444014305643 143.961 5.53 0 0
stats: connect 12 1.8725833333333337 2.6517296700560475 10.65 0.777 0 0
stats: page 43 53.606418604651154 53.51444014305643 143.961 5.53 0 0
stats: tr_Initial_Get_Root 5 21.7084 5.350338516393147 30.651 17.055 0 0
stats: 302 19 19
stats: tr_Redirect_Root 4 49.894999999999996 43.543782351789325 125.228 21.417 0 0
stats: 200 24 24
stats: tr_Post_New_Comment_On_Post 2 18.2775 1.307500000000001 19.585 16.97 0 0
stats: size_rcv 243231 243231
stats: tr_Get_Post 2 100.17750000000001 18.87750000000001 119.055 81.3 0 0
stats: size_sent 22086 22086
stats: tr_Post_New_Comment_On_Comment 1 31.846 0 31.846 31.846 0 0
stats: connected 11 11
stats: tr_Redirect_To_Post 2 92.4945 10.237499999999997 102.732 82.257 0 0
stats: tr_Authenticate_User 7 2823.6144285714286 1478.9616240104654 4890.614 522.713 0 0
# stats: dump at 1575876526
stats: users 25 26
stats: {freemem,"tsung_controller@ip-172-31-21-126"} 1 375599.12890625 0.0 375611.5859375 375599.12890625 375611.5859375 1
stats: {load,"tsung_controller@ip-172-31-21-126"} 1 0.03125 0.0 0.0390625 0.03125 0.0390625 1
stats: {recvpackets,"tsung_controller@ip-172-31-21-126"} 1 481 0 481 481 0 0
stats: {sentpackets,"tsung_controller@ip-172-31-21-126"} 1 397 0 397 397 0 0
stats: {cpu,"tsung_controller@ip-172-31-21-126"} 1 0.013533631073216944 0.0 0.013533631073216944 0.01268815911653908 0.01268815911653908 1
stats: session 4 8035.939 2987.7469349065523 11992.57 3755.965 7567.437 1
stats: users_count 16 30
stats: finish_users_count 4 5
stats: request 117 52.68539316239316 61.31211059661244 272.237 4.956 53.606418604651154 43
stats: connect 18 1.0395555555555558 0.10448403504960417 10.65 0.777 1.8725833333333337 12
stats: page 117 52.68539316239316 61.31211059661244 272.237 4.956 53.606418604651154 43
stats: tr_Initial_Get_Root 10 23.254400000000004 13.397769815905928 62.004 16.061 21.7084 5
stats: 302 47 66
stats: tr_Redirect_Root 17 40.31335294117646 41.8056408014111 154.491 19.339 49.894999999999996 4
stats: 200 70 94
stats: tr_Post_New_Comment_On_Post 6 16.84483333333333 1.461141382238176 19.935 15.618 18.2775 2
stats: size_rcv 964225 1207456
stats: tr_Get_Post 6 142.22883333333334 61.95295539470969 233.231 80.057 100.17750000000001 2
stats: size_sent 63097 85183
stats: tr_Post_New_Comment_On_Comment 5 17.199400000000004 0.9811940888529641 31.846 15.602 31.846 1
stats: connected 14 25
stats: tr_Redirect_To_Post 11 83.96472727272727 11.955647285552079 111.125 69.768 92.4945 2
stats: tr_Post_New_Post 2 15.0625 0.6684999999999999 15.731 14.394 0 0
stats: tr_Get_New_Post 2 11.639 0.7349999999999999 12.374 10.904 0 0
stats: tr_Authenticate_User 18 3389.608555555556 1639.875809642582 5896.02 522.713 2823.6144285714286 7
stats: tr_Get_Book 5 50.0392 27.72251894327065 105.471 35.18 0 0
stats: tr_Get_New_Book 1 10.345 0 10.345 10.345 0 0
# stats: dump at 1575876536
stats: users 8 26
stats: {freemem,"tsung_controller@ip-172-31-21-126"} 1 375588.3828125 0.0 375611.5859375 375588.3828125 375605.357421875 2
stats: {load,"tsung_controller@ip-172-31-21-126"} 1 0.03125 0.0 0.0390625 0.03125 0.03515625 2
stats: {recvpackets,"tsung_controller@ip-172-31-21-126"} 1 1080.0 0.0 1080 481 481.0 1
stats: {sentpackets,"tsung_controller@ip-172-31-21-126"} 1 443.0 0.0 443 397 397.0 1
stats: {cpu,"tsung_controller@ip-172-31-21-126"} 1 0.01977848101265823 0.0 0.01977848101265823 0.01268815911653908 0.013110895094878013 2
stats: session 17 14371.409941176471 3438.5971202507 22614.84 3755.965 7942.2386 5
stats: users_count 0 30
stats: finish_users_count 17 22
stats: request 83 35.034686746987944 35.78682060224873 272.237 4.956 52.93291875 160
stats: connect 0 0 0 10.65 0.777 1.372766666666667 30
stats: page 83 35.034686746987944 35.78682060224873 272.237 4.956 52.93291875 160
stats: tr_Initial_Get_Root 0 0 0 62.004 16.061 22.739066666666666 15
stats: 302 34 100
stats: tr_Redirect_Root 8 21.07875 1.7507206194878724 154.491 19.339 42.13842857142857 21
stats: 200 49 143
stats: tr_Post_New_Comment_On_Post 5 14.9168 0.45229919301276683 19.935 14.412 17.203 8
stats: size_rcv 869531 2076987
stats: tr_Get_Post 5 87.3124 15.447239722358168 233.231 75.643 131.716 8
stats: size_sent 49816 134999
stats: tr_Post_New_Comment_On_Comment 6 15.442666666666666 1.2610742334304599 31.846 14.023 19.640500000000003 6
stats: connected -16 9
stats: tr_Redirect_To_Post 11 79.67354545454545 7.644297914888602 111.125 69.768 85.27699999999999 13
stats: tr_Post_New_Post 7 14.839285714285714 3.319886990946086 22.647 12.629 15.0625 2
stats: tr_Get_New_Post 7 11.246142857142859 0.997722467647682 13.488 10.211 11.639 2
stats: tr_Get_Logout 2 22.520500000000002 12.560500000000001 35.081 9.96 0 0
stats: tr_Redirect_To_New_Post 7 16.33685714285714 1.1289923988826012 18.144 14.89 0 0
stats: tr_Authenticate_User 5 7045.8398 2326.4277984378027 11351.654 522.713 3231.1302 25
stats: tr_Get_Login 2 9.5185 3.7795 13.298 5.739 0 0
stats: tr_Post_Login 2 128.7275 0.5974999999999966 129.325 128.13 0 0
stats: tr_Get_Book 4 37.98425 1.3565991255709988 105.471 35.18 50.0392 5
stats: tr_Get_New_Book 3 9.179333333333332 0.5879287560769777 10.345 8.37 10.345 1
stats: tr_Post_New_Book 4 10.549249999999999 1.1469920171910517 12.321 9.466 0 0
stats: tr_Redirect_To_New_Book 1 39.98 0 39.98 39.98 0 0
# stats: dump at 1575876546
stats: users 0 26
stats: {freemem,"tsung_controller@ip-172-31-21-126"} 1 375589.09375 0.0 375611.5859375 375588.3828125 375599.69921875 3
stats: {load,"tsung_controller@ip-172-31-21-126"} 1 0.01953125 0.0 0.0390625 0.01953125 0.033854166666666664 3
stats: {recvpackets,"tsung_controller@ip-172-31-21-126"} 1 631.0 0.0 1080 481 780.5 2
stats: {sentpackets,"tsung_controller@ip-172-31-21-126"} 1 270.0 0.0 443 270 420.0 2
stats: {cpu,"tsung_controller@ip-172-31-21-126"} 1 0.00936836407544656 0.0 0.01977848101265823 0.00936836407544656 0.015333423734138084 3
stats: session 8 21216.141 2925.5756981282325 24762.283 3755.965 12910.234636363637 22
stats: users_count 0 30
stats: finish_users_count 8 30
stats: request 19 44.99442105263158 26.396117500228566 272.237 4.956 46.819530864197525 243
stats: connect 0 0 0 10.65 0.777 1.372766666666667 30
stats: page 19 44.99442105263158 26.396117500228566 272.237 4.956 46.819530864197525 243
stats: tr_Initial_Get_Root 0 0 0 62.004 16.061 22.739066666666666 15
stats: 302 5 105
stats: tr_Redirect_Root 1 19.639 0.0 154.491 19.339 36.32886206896551 29
stats: 200 14 157
stats: tr_Post_New_Comment_On_Post 2 15.8795 1.0945 19.935 14.412 16.32369230769231 13
stats: size_rcv 398244 2475231
stats: tr_Get_Post 2 81.4945 3.3174999999999955 233.231 75.643 114.6376923076923 13
stats: size_sent 10570 145569
stats: tr_Post_New_Comment_On_Comment 3 15.836333333333334 0.5790160235740948 31.846 14.023 17.541583333333335 12
stats: connected -9 0
stats: tr_Redirect_To_Post 6 74.71483333333333 4.181749132307625 111.125 69.768 82.70875 24
stats: tr_Post_New_Post 0 0 0 22.647 12.629 14.88888888888889 9
stats: tr_Get_New_Post 0 0 0 13.488 10.211 11.333444444444446 9
stats: tr_Get_Logout 0 0 0 35.081 9.96 22.520500000000002 2
stats: tr_Redirect_To_New_Post 2 16.73 0.4980000000000011 18.144 14.89 16.33685714285714 7
stats: tr_Authenticate_User 0 0 0 11351.654 522.713 3866.9151333333334 30
stats: tr_Get_Login 0 0 0 13.298 5.739 9.5185 2
stats: tr_Post_Login 0 0 0 129.325 128.13 128.7275 2
stats: tr_Get_Book 0 0 0 105.471 35.18 44.68144444444445 9
stats: tr_Get_New_Book 0 0 0 10.345 8.37 9.470749999999999 4
stats: tr_Post_New_Book 0 0 0 12.321 9.466 10.549249999999999 4
stats: tr_Redirect_To_New_Book 3 45.083999999999996 1.9602144440511269 47.855 39.98 39.98 1
# stats: dump at 1575876556
stats: users 39 39
stats: {freemem,"tsung_controller@ip-172-31-21-126"} 1 375588.6015625 0.0 375611.5859375 375588.3828125 375597.0478515625 4
stats: {load,"tsung_controller@ip-172-31-21-126"} 1 0.01953125 0.0 0.0390625 0.01953125 0.0302734375 4
stats: {recvpackets,"tsung_controller@ip-172-31-21-126"} 1 240.0 0.0 1080 240 730.6666666666666 3
stats: {sentpackets,"tsung_controller@ip-172-31-21-126"} 1 66.0 0.0 443 66 370.0 3
stats: {cpu,"tsung_controller@ip-172-31-21-126"} 1 0.005204917606154294 0.0 0.01977848101265823 0.005204917606154294 0.013842158819465204 4
stats: session 1 5293.806 0.0 24762.283 3755.965 15125.143000000002 30
stats: users_count 40 70
stats: finish_users_count 1 31
stats: request 92 83.08029347826087 113.85116733878053 425.695 4.879 46.68717557251908 262
stats: connect 37 1.024972972972973 0.14920718164124547 10.65 0.775 1.372766666666667 30
stats: page 92 83.08029347826087 113.85116733878053 425.695 4.879 46.68717557251908 262
stats: tr_Initial_Get_Root 22 26.811999999999998 34.715737200348144 178.464 15.322 22.739066666666666 15
stats: 302 29 134
stats: tr_Redirect_Root 3 155.84866666666667 190.9299796545553 425.86 19.339 35.77253333333332 30
stats: 200 63 220
stats: tr_Post_New_Comment_On_Post 0 0 0 19.935 14.412 16.264466666666667 15
stats: size_rcv 169270 2644501
stats: tr_Get_Post 0 0 0 233.231 75.643 110.2186 15
stats: newphase 1 1
stats: tr_Post_New_Comment_On_Comment 0 0 0 31.846 14.023 17.200533333333336 15
stats: size_sent 36206 181775
stats: tr_Redirect_To_Post 0 0 0 111.125 69.768 81.10996666666666 30
stats: connected 36 36
stats: tr_Post_New_Post 0 0 0 22.647 12.629 14.88888888888889 9
stats: tr_Get_New_Post 0 0 0 13.488 10.211 11.333444444444446 9
stats: tr_Get_Logout 1 10.128 0.0 35.081 9.96 22.520500000000002 2
stats: tr_Redirect_To_New_Post 0 0 0 18.144 14.89 16.42422222222222 9
stats: tr_Get_Root 4 73.26725 92.35486166784888 233.11 16.986 0 0
stats: tr_Authenticate_User 9 1886.6658888888892 1154.332864813693 11351.654 445.449 3866.9151333333334 30
stats: tr_Get_Login 1 7.2 0.0 13.298 5.739 9.5185 2
stats: tr_Post_Login 1 389.881 0.0 389.881 128.13 128.7275 2
stats: tr_Get_Book 0 0 0 105.471 35.18 44.68144444444445 9
stats: tr_Get_New_Book 0 0 0 10.345 8.37 9.470749999999999 4
stats: tr_Post_New_Book 0 0 0 12.321 9.466 10.549249999999999 4
stats: tr_Redirect_To_New_Book 0 0 0 47.855 39.98 43.80799999999999 4
# stats: dump at 1575876566
stats: users 41 54
stats: {freemem,"tsung_controller@ip-172-31-21-126"} 1 375584.01171875 0.0 375611.5859375 375584.01171875 375595.35859375 5
stats: {load,"tsung_controller@ip-172-31-21-126"} 1 0.01953125 0.0 0.0390625 0.01953125 0.028125 5
stats: {recvpackets,"tsung_controller@ip-172-31-21-126"} 1 601.0 0.0 1080 240 608.0 4
stats: {sentpackets,"tsung_controller@ip-172-31-21-126"} 1 456.0 0.0 456 66 294.0 4
stats: {cpu,"tsung_controller@ip-172-31-21-126"} 1 0.007287567409998542 0.0 0.01977848101265823 0.005204917606154294 0.012114710576803023 5
stats: session 18 10663.003388888892 2879.970043147306 24762.283 3755.965 14808.003096774195 31
stats: users_count 20 90
stats: finish_users_count 18 49
stats: request 275 78.18141818181823 113.85986141551228 685.293 4.879 56.145274011299435 354
stats: connect 23 1.024347826086957 0.15086521732865377 10.65 0.756 1.1807014925373136 67
stats: page 272 79.0464007352942 114.7581025786562 685.293 4.879 56.145274011299435 354
stats: tr_Initial_Get_Root 17 41.90376470588235 46.34497501732417 183.79 15.262 25.16081081081081 37
stats: 302 119 253
stats: tr_Redirect_Root 42 72.99735714285711 96.855691046457 435.622 19.339 46.68854545454545 33
stats: 200 156 376
stats: tr_Post_New_Comment_On_Post 12 20.432750000000002 11.446223104333004 57.931 14.412 16.264466666666667 15
stats: size_rcv 1622771 4267272
stats: tr_Get_Post 12 172.83608333333333 167.78088815399406 691.676 75.216 110.2186 15
stats: newphase 0 1
stats: tr_Post_New_Comment_On_Comment 7 21.203714285714284 8.796954533315748 41.255 14.023 17.200533333333336 15
stats: size_sent 154216 335991
stats: tr_Redirect_To_Post 13 239.76376923076927 175.81625139295238 606.619 69.768 81.10996666666666 30
stats: connected 8 44
stats: tr_Post_New_Post 4 18.38675 4.419407504123149 25.047 12.629 14.88888888888889 9
stats: tr_Get_New_Post 4 16.23675 4.076307052651947 20.545 10.211 11.333444444444446 9
stats: tr_Get_Logout 8 15.574125 13.468684702277908 51.112 8.814 18.389666666666667 3
stats: tr_Redirect_To_New_Post 2 17.6465 1.8354999999999997 19.482 14.89 16.42422222222222 9
stats: tr_Get_Root 2 116.25200000000001 97.291 233.11 16.986 73.26725 4
stats: tr_Get_Conversations 5 21.8504 8.093934188020063 30.762 10.016 0 0
stats: tr_Authenticate_User 44 4430.065090909091 2780.8156753969593 13252.275 222.952 3409.934538461538 39
stats: tr_Get_Login 5 17.958000000000002 14.730769049849366 42.032 5.497 8.745666666666667 3
stats: tr_Post_Login 2 144.348 8.143999999999998 389.881 128.13 215.77866666666668 3
stats: tr_Get_New_Conversation 5 45.0482 53.2571785336024 151.299 14.49 0 0
stats: tr_Post_New_Conversation 4 43.97425 14.641325800196512 58.898 28.845 0 0
stats: tr_Redirect_To_New_Conversation 3 56.23333333333333 42.50254420881439 116.341 26.153 0 0
stats: tr_Redirect_To_Same_Conversation 3 82.08133333333333 53.624941692794 154.716 26.88 0 0
stats: tr_Reply_To_Conversation 3 117.90400000000001 96.04631476879614 253.734 49.975 0 0
stats: tr_Get_Book 5 82.6508 40.6043129994832 134.574 34.802 44.68144444444445 9
stats: tr_Get_New_Book 7 15.459428571428573 8.89024960049962 33.04 7.558 9.470749999999999 4
stats: tr_Post_New_Book 6 11.575166666666668 2.226799603067645 16.113 9.466 10.549249999999999 4
stats: tr_Redirect_To_New_Book 5 44.6262 4.945442402859425 51.081 35.949 43.80799999999999 4
# stats: dump at 1575876576
stats: users 11 54
stats: {freemem,"tsung_controller@ip-172-31-21-126"} 1 375568.09375 0.0 375611.5859375 375568.09375 375593.4674479167 6
stats: {load,"tsung_controller@ip-172-31-21-126"} 1 0.01171875 0.0 0.0390625 0.01171875 0.026692708333333332 6
stats: {recvpackets,"tsung_controller@ip-172-31-21-126"} 1 1897.0 0.0 1897 240 606.6 5
stats: {sentpackets,"tsung_controller@ip-172-31-21-126"} 1 906.0 0.0 906 66 326.4 5
stats: {cpu,"tsung_controller@ip-172-31-21-126"} 1 0.03435817880829178 0.0 0.03435817880829178 0.005204917606154294 0.011310186715668942 6
stats: session 30 14973.549166666668 3446.4440580725436 24762.283 3755.965 13285.350142857145 49
stats: users_count 0 90
stats: finish_users_count 30 79
stats: request 128 36.693578124999995 35.542138653164514 685.293 4.879 65.77951828298889 629
stats: connect 0 0 0 10.65 0.756 1.1407444444444448 90
stats: page 126 37.27984920634917 36.1459872198327 685.293 4.879 66.09592332268375 626
stats: tr_Initial_Get_Root 0 0 0 183.79 15.262 30.43174074074074 54
stats: 302 48 301
stats: tr_Redirect_Root 15 23.870000000000005 5.931733923005425 435.622 18.751 61.42147999999999 75
stats: 200 80 456
stats: tr_Post_New_Comment_On_Post 3 15.110333333333335 0.7586014910493013 57.931 14.412 18.11703703703704 27
stats: size_rcv 1115723 5382995
stats: tr_Get_Post 3 89.78866666666666 4.862205352398112 691.676 75.216 138.0485925925926 27
stats: newphase 0 1
stats: tr_Post_New_Comment_On_Comment 8 15.292125 1.0320664268229056 41.255 13.757 18.47427272727273 22
stats: size_sent 74830 410821
stats: tr_Redirect_To_Post 16 82.88768749999997 6.822459378028111 606.619 69.768 129.07506976744187 43
stats: connected -32 12
stats: tr_Post_New_Post 6 15.151833333333334 2.133810161555042 25.047 12.629 15.965153846153846 13
stats: tr_Get_New_Post 6 13.135 3.5329944334327315 20.869 10.211 12.842153846153847 13
stats: tr_Get_Logout 2 11.437000000000001 2.8089999999999997 51.112 8.628 16.342 11
stats: tr_Redirect_To_New_Post 6 18.531166666666667 2.431652278915625 23.836 14.89 16.646454545454546 11
stats: tr_Get_Root 0 0 0 233.11 16.986 87.59550000000002 6
stats: tr_Get_Conversations 1 9.442 0.0 30.762 9.442 21.8504 5
stats: tr_Authenticate_User 7 6638.819142857143 1512.8554840081554 13252.275 222.952 3950.7266385542166 83
stats: tr_Get_Login 5 6.9004 2.1671720374718757 42.032 5.456 14.503375000000002 8
stats: tr_Post_Login 7 128.20757142857147 1.301061199520603 389.881 126.013 187.2064 5
stats: tr_Get_New_Conversation 1 20.49 0.0 151.299 14.49 45.0482 5
stats: tr_Post_New_Conversation 2 27.619 0.33899999999999864 58.898 27.28 43.97425 4
stats: tr_Redirect_To_New_Conversation 2 29.720000000000002 3.3640000000000008 116.341 26.153 56.23333333333333 3
stats: tr_Redirect_To_Same_Conversation 2 26.7275 0.44149999999999867 154.716 26.286 82.08133333333333 3
stats: tr_Reply_To_Conversation 2 52.953 8.196000000000003 253.734 44.757 117.90400000000001 3
stats: tr_Get_Book 7 45.458571428571425 7.069533645098782 134.574 34.802 58.24192857142857 14
stats: tr_Get_New_Book 9 9.450222222222225 1.8759516564357273 33.04 7.558 13.281727272727272 11
stats: tr_Post_New_Book 9 12.846333333333332 5.867125910055489 29.292 9.466 11.1648 10
stats: tr_Redirect_To_New_Book 6 40.728 3.196515185844318 51.081 35.359 44.26255555555555 9
# stats: dump at 1575876586
stats: users 1 54
stats: {freemem,"tsung_controller@ip-172-31-21-126"} 1 375566.74609375 0.0 375611.5859375 375566.74609375 375589.8426339286 7
stats: {load,"tsung_controller@ip-172-31-21-126"} 1 0.01171875 0.0 0.0390625 0.01171875 0.024553571428571428 7
stats: {recvpackets,"tsung_controller@ip-172-31-21-126"} 1 870.0 0.0 1897 240 821.6666666666666 6
stats: {sentpackets,"tsung_controller@ip-172-31-21-126"} 1 394.0 0.0 906 66 423.0 6
stats: {cpu,"tsung_controller@ip-172-31-21-126"} 1 0.015615728161404167 0.0 0.03435817880829178 0.005204917606154294 0.014602757014615062 7
stats: session 10 23860.1409 4409.645961091786 31355.971 3755.965 13926.438379746838 79
stats: users_count 0 90
stats: finish_users_count 10 89
stats: request 18 34.91938888888889 27.904469992655077 685.293 4.879 60.86142007926025 757
stats: connect 0 0 0 10.65 0.756 1.1407444444444448 90
stats: page 17 36.98558823529412 29.517814023277584 685.293 4.879 61.2676981382979 752
stats: tr_Initial_Get_Root 0 0 0 183.79 15.262 30.43174074074074 54
stats: 302 5 306
stats: tr_Redirect_Root 0 0 0 435.622 18.751 55.16289999999999 90
stats: 200 13 469
stats: tr_Post_New_Comment_On_Post 0 0 0 57.931 14.412 17.81636666666667 30
stats: size_rcv 96763 5479758
stats: tr_Get_Post 0 0 0 691.676 75.216 133.2226 30
stats: newphase 0 1
stats: tr_Post_New_Comment_On_Comment 0 0 0 41.255 13.757 17.625700000000002 30
stats: size_sent 10448 421269
stats: tr_Redirect_To_Post 1 83.369 0.0 606.619 69.768 116.5496779661017 59
stats: connected -11 1
stats: tr_Post_New_Post 2 12.99 0.057000000000000384 25.047 12.629 15.708315789473682 19
stats: tr_Get_New_Post 2 21.414 9.921 31.335 10.211 12.93463157894737 19
stats: tr_Get_Logout 0 0 0 51.112 8.628 15.587384615384615 13
stats: tr_Redirect_To_New_Post 3 19.226666666666667 2.4458129300682208 23.836 14.89 17.311647058823528 17
stats: tr_Get_Root 0 0 0 233.11 16.986 87.59550000000002 6
stats: tr_Get_Conversations 0 0 0 30.762 9.442 19.782333333333337 6
stats: tr_Authenticate_User 0 0 0 13252.275 222.952 4159.800499999999 90
stats: tr_Get_Login 0 0 0 42.032 5.456 11.579153846153847 13
stats: tr_Post_Login 1 126.965 0.0 389.881 126.013 152.7904166666667 12
stats: tr_Get_New_Conversation 0 0 0 151.299 14.49 40.95516666666667 6
stats: tr_Post_New_Conversation 0 0 0 58.898 27.28 38.5225 6
stats: tr_Redirect_To_New_Conversation 1 25.065 0.0 116.341 25.065 45.628 5
stats: tr_Redirect_To_Same_Conversation 1 24.684 0.0 154.716 24.684 59.939800000000005 5
stats: tr_Reply_To_Conversation 1 42.518 0.0 253.734 42.518 91.92360000000001 5
stats: tr_Get_Book 0 0 0 134.574 34.802 53.980809523809526 21
stats: tr_Get_New_Book 0 0 0 33.04 7.558 11.55755 20
stats: tr_Post_New_Book 1 10.746 0.0 29.292 9.466 11.961315789473684 19
stats: tr_Redirect_To_New_Book 5 38.3496 2.286544519575339 51.081 35.359 42.848733333333335 15
# stats: dump at 1575876596
stats: users 62 62
stats: {freemem,"tsung_controller@ip-172-31-21-126"} 1 375572.4609375 0.0 375611.5859375 375566.74609375 375586.95556640625 8
stats: {load,"tsung_controller@ip-172-31-21-126"} 1 0.01171875 0.0 0.0390625 0.01171875 0.02294921875 8
stats: {recvpackets,"tsung_controller@ip-172-31-21-126"} 1 56.0 0.0 1897 56 828.5714285714286 7
stats: {sentpackets,"tsung_controller@ip-172-31-21-126"} 1 52.0 0.0 906 52 418.85714285714283 7
stats: {cpu,"tsung_controller@ip-172-31-21-126"} 1 0.00312269051014354 0.0 0.03435817880829178 0.00312269051014354 0.014729378407963699 8
stats: session 1 26783.63 0.0 31355.971 3755.965 15042.584730337081 89
stats: users_count 62 152
stats: finish_users_count 1 90
stats: request 178 47.34591573033709 55.91331428331345 685.293 4.879 60.25889548387098 775
stats: connect 58 1.0629999999999995 0.7431698650213568 10.65 0.703 1.1407444444444448 90
stats: page 178 47.34591573033709 55.91331428331345 685.293 4.879 60.73090247074125 769
stats: tr_Initial_Get_Root 34 40.75176470588235 45.79426000767475 183.79 13.76 30.43174074074074 54
stats: 302 61 367
stats: tr_Redirect_Root 17 39.95482352941176 29.73513830714982 435.622 18.751 55.16289999999999 90
stats: 200 117 586
stats: tr_Post_New_Comment_On_Post 4 24.505250000000004 13.854184609261564 57.931 14.412 17.81636666666667 30
stats: size_rcv 612797 6092555
stats: tr_Get_Post 5 142.5214 44.44445833442005 691.676 75.216 133.2226 30
stats: newphase 1 2
stats: tr_Post_New_Comment_On_Comment 0 0 0 41.255 13.757 17.625700000000002 30
stats: size_sent 85390 506659
stats: tr_Redirect_To_Post 1 93.826 0.0 606.619 69.768 115.99666666666667 60
stats: connected 57 58
stats: tr_Post_New_Post 3 17.474333333333334 3.8547578681704793 25.047 12.629 15.449428571428571 21
stats: tr_Get_New_Post 3 12.446 0.8889435677626938 31.335 10.211 13.742190476190476 21
stats: tr_Get_Logout 0 0 0 51.112 8.628 15.587384615384615 13
stats: tr_Redirect_To_New_Post 1 17.78 0.0 23.836 14.89 17.5989 20
stats: tr_Get_Root 3 15.740333333333334 0.5664593738497244 233.11 15.212 87.59550000000002 6
stats: tr_Get_Conversations 0 0 0 30.762 9.442 19.782333333333337 6
stats: tr_Authenticate_User 26 2723.9913846153845 1735.6869224621146 13252.275 222.952 4159.800499999999 90
stats: tr_Get_Login 0 0 0 42.032 5.456 11.579153846153847 13
stats: tr_Post_Login 0 0 0 389.881 126.013 150.80384615384617 13
stats: tr_Get_New_Conversation 0 0 0 151.299 14.49 40.95516666666667 6
stats: tr_Post_New_Conversation 0 0 0 58.898 27.28 38.5225 6
stats: tr_Redirect_To_New_Conversation 0 0 0 116.341 25.065 42.20083333333333 6
stats: tr_Redirect_To_Same_Conversation 0 0 0 154.716 24.684 54.06383333333334 6
stats: tr_Reply_To_Conversation 0 0 0 253.734 42.518 83.68933333333335 6
stats: tr_Get_Book 4 45.77825 6.591993263611545 134.574 34.802 53.980809523809526 21
stats: tr_Get_New_Book 0 0 0 33.04 7.558 11.55755 20
stats: tr_Post_New_Book 0 0 0 29.292 9.466 11.900549999999999 20
stats: tr_Redirect_To_New_Book 0 0 0 51.081 35.359 41.72395 20
# stats: dump at 1575876606
stats: users 90 108
stats: {freemem,"tsung_controller@ip-172-31-21-126"} 1 375566.33984375 0.0 375611.5859375 375566.33984375 375585.3450520833 9
stats: {load,"tsung_controller@ip-172-31-21-126"} 1 0.01171875 0.0 0.0390625 0.01171875 0.021701388888888888 9
stats: {recvpackets,"tsung_controller@ip-172-31-21-126"} 1 1453.0 0.0 1897 56 732.0 8
stats: {sentpackets,"tsung_controller@ip-172-31-21-126"} 1 920.0 0.0 920 52 373.0 8
stats: {cpu,"tsung_controller@ip-172-31-21-126"} 1 0.03019386543947692 0.0 0.03435817880829178 0.00312269051014354 0.013439746419317014 9
stats: session 26 11725.135076923076 3137.4589469454777 31355.971 3755.965 15173.04078888889 90
stats: users_count 54 206
stats: finish_users_count 26 116
stats: connect 58 1.0583275862068968 0.7624519970855156 10.65 0.703 1.110277027027027 148
stats: tr_Initial_Get_Root 35 336.94077142857145 341.03776356401903 1442.056 13.76 34.419022727272726 88
stats: request 480 314.6135520833333 403.9538048149831 2879.647 4.879 57.84702728226654 953
stats: 302 205 572
stats: page 480 314.6135520833333 403.9538048149831 2879.647 4.879 58.21503379091872 947
stats: tr_Redirect_Root 60 320.2102833333333 377.93531134790305 1580.985 18.751 52.74666355140186 107
stats: 200 275 861
stats: tr_Post_New_Comment_On_Post 18 102.28699999999998 122.14999631054707 463.859 14.412 18.603294117647064 34
stats: size_rcv 2938461 9031016
stats: tr_Get_Post 17 852.0022352941176 776.0804332333789 2885.189 75.216 134.551 35
stats: newphase 0 2
stats: tr_Post_New_Comment_On_Comment 16 286.16681249999993 281.041861711298 1187.267 13.757 17.625700000000002 30
stats: size_sent 257676 764335
stats: tr_Redirect_To_Post 29 638.6850689655174 586.1197827935816 2604.248 69.768 115.6332131147541 61
stats: connected 33 91
stats: tr_Post_New_Post 11 178.09727272727275 262.13558752159014 951.737 12.629 15.702541666666667 24
stats: tr_Get_New_Post 11 269.1096363636364 351.05050089365477 1042.063 10.211 13.580166666666669 24
stats: tr_Get_Logout 8 283.58899999999994 350.6846179090266 1051.299 8.628 15.587384615384615 13
stats: tr_Redirect_To_New_Post 7 181.05528571428573 124.67215408389465 341.252 14.89 17.607523809523812 21
stats: tr_Get_Root 8 99.992 100.4163022048711 274.067 15.212 63.643777777777785 9
stats: tr_Get_Conversations 4 27.814 16.555807606396012 55.845 9.442 19.782333333333337 6
stats: tr_Authenticate_User 70 3872.2078999999994 2343.7954010236604 13252.275 222.952 3837.981215517241 116
stats: tr_Get_Login 5 84.2834 92.24407535359656 231.082 5.407 11.579153846153847 13
stats: tr_Post_Login 3 207.54166666666666 50.32317043757169 389.881 126.013 150.80384615384617 13
stats: tr_Get_New_Conversation 3 489.732 283.4288308799936 883.583 14.49 40.95516666666667 6
stats: tr_Post_New_Conversation 1 1309.2 0.0 1309.2 27.28 38.5225 6
stats: tr_Redirect_To_New_Conversation 0 0 0 116.341 25.065 42.20083333333333 6
stats: tr_Redirect_To_Same_Conversation 0 0 0 154.716 24.684 54.06383333333334 6
stats: tr_Reply_To_Conversation 0 0 0 253.734 42.518 83.68933333333335 6
stats: tr_Get_Book 14 512.1637142857144 222.61924508850421 931.988 34.802 52.6684 25
stats: tr_Get_New_Book 11 225.70681818181814 309.42932484753817 1148.081 7.558 11.55755 20
stats: tr_Post_New_Book 10 92.36260000000001 100.60342259307086 353.774 9.466 11.900549999999999 20
stats: tr_Redirect_To_New_Book 4 1540.98675 768.2381605415 2752.801 35.359 41.72395 20
# stats: dump at 1575876616
stats: users 29 108
stats: {freemem,"tsung_controller@ip-172-31-21-126"} 1 375533.5234375 0.0 375611.5859375 375533.5234375 375583.44453125 10
stats: {load,"tsung_controller@ip-172-31-21-126"} 1 0.0 0.0 0.0390625 0.0 0.020703125 10
stats: {recvpackets,"tsung_controller@ip-172-31-21-126"} 1 3261.0 0.0 3261 56 812.1111111111111 9
stats: {sentpackets,"tsung_controller@ip-172-31-21-126"} 1 1531.0 0.0 1531 52 433.77777777777777 9
stats: {cpu,"tsung_controller@ip-172-31-21-126"} 1 0.08848912624795693 0.0 0.08848912624795693 0.00312269051014354 0.015115158321333005 10
stats: session 61 15004.036213114752 3099.5147890581197 31355.971 3755.965 14400.234336206899 116
stats: users_count 0 206
stats: finish_users_count 61 177
stats: request 294 52.26890136054425 53.09477208081224 2879.647 4.879 143.8539581297976 1433
stats: page 291 52.80959793814437 53.40439335023277 2879.647 4.879 144.45980518570428 1427
stats: tr_Initial_Get_Root 0 0 0 1442.056 13.76 120.50244715447155 123
stats: 302 108 680
stats: connect 0 0 0 10.65 0.703 1.0956504854368931 206
stats: tr_Redirect_Root 38 36.70444736842105 34.576801910421004 1580.985 18.751 148.84137724550897 167
stats: 200 186 1047
stats: tr_Post_New_Comment_On_Post 14 26.508785714285715 17.876742533161316 463.859 14.39 47.570730769230764 52
stats: size_rcv 2855548 11886564
stats: tr_Get_Post 14 133.08057142857143 64.66531709912672 2885.189 74.914 369.1023653846153 52
stats: newphase 0 2
stats: tr_Post_New_Comment_On_Comment 13 26.95446153846154 11.438134494315898 1187.267 13.757 111.03130434782607 46
stats: size_sent 172841 937176
stats: tr_Redirect_To_Post 34 113.73617647058822 42.69504185807734 2604.248 69.768 284.1721444444445 90
stats: connected -61 30
stats: tr_Post_New_Post 15 27.591933333333337 34.33723492355719 951.737 12.629 66.74088571428571 35
stats: tr_Get_New_Post 15 15.866599999999998 4.982260180547245 1042.063 10.211 93.88942857142858 35
stats: tr_Get_Logout 5 15.929400000000001 12.30949863479419 1051.299 8.628 117.68323809523807 21
stats: tr_Redirect_To_New_Post 17 33.591705882352954 29.63018873451377 341.252 14.89 58.469464285714295 28
stats: tr_Get_Root 0 0 0 274.067 15.212 80.74882352941177 17
stats: tr_Get_Conversations 7 15.420714285714284 7.1233920434075255 55.845 9.152 22.995 10
stats: tr_Authenticate_User 20 6475.02465 3632.1833699023414 17822.041 222.952 3850.8622258064506 186
stats: tr_Get_Login 8 8.303374999999999 2.3558012404222475 231.082 5.407 31.77477777777778 18
stats: tr_Post_Login 10 136.20819999999998 5.473779896926798 389.881 126.013 161.44218750000002 16
stats: tr_Get_New_Conversation 8 37.85775 14.56416729296598 883.583 14.49 190.54744444444447 9
stats: tr_Post_New_Conversation 9 74.50833333333331 46.803027110077686 1309.2 27.28 220.04785714285714 7
stats: tr_Redirect_To_New_Conversation 4 45.528 17.994967379798165 116.341 25.065 42.20083333333333 6
stats: tr_Redirect_To_Same_Conversation 3 32.51566666666667 2.596088895927018 154.716 24.684 54.06383333333334 6
stats: tr_Reply_To_Conversation 3 48.49100000000001 5.261199926505992 253.734 42.518 83.68933333333335 6
stats: tr_Get_Book 11 64.42772727272725 51.167081767108655 931.988 34.802 217.6154358974359 39
stats: tr_Get_New_Book 13 13.632000000000001 7.383008184077399 1148.081 7.558 87.54599999999998 31
stats: tr_Post_New_Book 12 11.7465 2.716134707631416 353.774 9.314 38.72123333333334 30
stats: tr_Redirect_To_New_Book 14 80.05321428571428 48.65464299702925 2752.801 35.359 291.60108333333335 24
# stats: dump at 1575876626
stats: users 3 108
stats: {freemem,"tsung_controller@ip-172-31-21-126"} 1 375539.7734375 0.0 375611.5859375 375533.5234375 375578.90625 11
stats: {load,"tsung_controller@ip-172-31-21-126"} 1 0.0 0.0 0.0390625 0.0 0.018821022727272728 11
stats: {recvpackets,"tsung_controller@ip-172-31-21-126"} 1 2436.0 0.0 3261 56 1057.0 10
stats: {sentpackets,"tsung_controller@ip-172-31-21-126"} 1 978.0 0.0 1531 52 543.5 10
stats: {cpu,"tsung_controller@ip-172-31-21-126"} 1 0.041644976574700676 0.0 0.08848912624795693 0.00312269051014354 0.02178551904193518 11
stats: session 26 23661.16592307693 4337.646450337333 31355.971 3755.965 14608.32424858757 177
stats: users_count 0 206
stats: finish_users_count 26 203
stats: connect 0 0 0 10.65 0.703 1.0956504854368931 206
stats: request 59 35.0897118644068 20.231693854915157 2879.647 4.879 128.26275564562823 1727
stats: page 52 39.833134615384616 25.061778032592894 2879.647 4.879 128.93581781140864 1718
stats: tr_Initial_Get_Root 0 0 0 1442.056 13.76 120.50244715447155 123
stats: 302 19 699
stats: tr_Redirect_Root 1 23.775 0.0 1580.985 18.751 128.05501951219512 205
stats: 200 40 1087
stats: tr_Post_New_Comment_On_Post 0 0 0 463.859 14.39 43.10304545454545 66
stats: size_rcv 487434 12373998
stats: tr_Get_Post 0 0 0 2885.189 74.914 319.0371363636363 66
stats: newphase 0 2
stats: tr_Post_New_Comment_On_Comment 7 16.25214285714286 0.34903189726172945 1187.267 13.757 92.50589830508473 59
stats: size_sent 33549 970725
stats: tr_Redirect_To_Post 8 75.846125 4.624467278441374 2604.248 69.768 237.43970161290324 124
stats: connected -27 3
stats: tr_Post_New_Post 2 14.2715 0.1704999999999992 951.737 12.629 54.9962 50
stats: tr_Get_New_Post 2 13.357500000000002 1.4615000000000005 1042.063 10.211 70.48258000000001 50
stats: tr_Get_Logout 0 0 0 1051.299 8.628 98.11519230769228 26
stats: tr_Redirect_To_New_Post 6 17.013833333333334 0.4484110527431523 341.252 14.89 49.07120000000001 45
stats: tr_Get_Root 0 0 0 274.067 15.212 80.74882352941177 17
stats: tr_Get_Conversations 0 0 0 55.845 9.152 19.876176470588234 17
stats: tr_Authenticate_User 0 0 0 17822.041 222.952 4105.6352766990285 206
stats: tr_Get_Login 0 0 0 231.082 5.407 24.552807692307695 26
stats: tr_Post_Login 0 0 0 389.881 126.013 151.7368076923077 26
stats: tr_Get_New_Conversation 0 0 0 883.583 14.49 118.6934705882353 17
stats: tr_Post_New_Conversation 1 28.769 0.0 1309.2 27.28 138.181875 16
stats: tr_Redirect_To_New_Conversation 7 27.147571428571432 0.6487856474418414 116.341 25.065 43.5317 10
stats: tr_Redirect_To_Same_Conversation 7 30.024714285714285 4.396648227076285 154.716 24.684 46.88111111111112 9
stats: tr_Reply_To_Conversation 7 43.67542857142856 3.5235971416049434 253.734 41.052 71.95655555555557 9
stats: tr_Get_Book 3 41.187999999999995 1.425342298069717 931.988 34.802 183.91414 50
stats: tr_Get_New_Book 0 0 0 1148.081 7.558 65.70777272727271 44
stats: tr_Post_New_Book 2 12.065000000000001 1.815 353.774 9.314 31.01416666666667 42
stats: tr_Redirect_To_New_Book 6 49.37616666666667 8.904041505905557 2752.801 35.359 213.66239473684212 38
# stats: dump at 1575876636
stats: users 0 108
stats: {freemem,"tsung_controller@ip-172-31-21-126"} 1 375546.4296875 0.0 375611.5859375 375533.5234375 375575.6451822917 12
stats: {load,"tsung_controller@ip-172-31-21-126"} 1 0.0 0.0 0.0390625 0.0 0.017252604166666668 12
stats: {recvpackets,"tsung_controller@ip-172-31-21-126"} 1 396.0 0.0 3261 56 1182.3636363636363 11
stats: {sentpackets,"tsung_controller@ip-172-31-21-126"} 1 200.0 0.0 1531 52 583.0 11
stats: {cpu,"tsung_controller@ip-172-31-21-126"} 1 0.007287567409998542 0.0 0.08848912624795693 0.00312269051014354 0.02344047383633231 12
stats: session 3 31352.236333333334 4094.215441251584 36042.963 3755.965 15767.801507389164 203
stats: users_count 0 206
stats: finish_users_count 3 206
stats: request 6 21.643333333333334 10.243107758661704 2879.647 4.879 125.18481075027994 1786
stats: page 5 25.990600000000008 21.799721132161306 2879.647 4.879 126.3181118644068 1770
stats: connect 0 0 0 10.65 0.703 1.0956504854368931 206
stats: tr_Initial_Get_Root 0 0 0 1442.056 13.76 120.50244715447155 123
stats: 302 2 701
stats: tr_Redirect_Root 0 0 0 1580.985 18.751 127.54880582524272 206
stats: 200 4 1091
stats: tr_Post_New_Comment_On_Post 0 0 0 463.859 14.39 43.10304545454545 66
stats: size_rcv 15963 12389961
stats: tr_Get_Post 0 0 0 2885.189 74.914 319.0371363636363 66
stats: newphase 0 2
stats: tr_Post_New_Comment_On_Comment 0 0 0 1187.267 13.757 84.41837878787878 66
stats: size_sent 3433 974158
stats: tr_Redirect_To_Post 0 0 0 2604.248 69.768 227.64615151515153 132
stats: connected -3 0
stats: tr_Post_New_Post 1 13.744 0.0 951.737 12.629 53.42986538461538 52
stats: tr_Get_New_Post 1 12.218 0.0 1042.063 10.211 68.28546153846156 52
stats: tr_Get_Logout 0 0 0 1051.299 8.628 98.11519230769228 26
stats: tr_Redirect_To_New_Post 2 17.5815 0.43950000000000156 341.252 14.89 45.29974509803923 51
stats: tr_Get_Root 0 0 0 274.067 15.212 80.74882352941177 17
stats: tr_Get_Conversations 0 0 0 55.845 9.152 19.876176470588234 17
stats: tr_Authenticate_User 0 0 0 17822.041 222.952 4105.6352766990285 206
stats: tr_Get_Login 0 0 0 231.082 5.407 24.552807692307695 26
stats: tr_Post_Login 0 0 0 389.881 126.013 151.7368076923077 26
stats: tr_Get_New_Conversation 0 0 0 883.583 14.49 118.6934705882353 17
stats: tr_Post_New_Conversation 0 0 0 1309.2 27.28 131.74582352941175 17
stats: tr_Redirect_To_New_Conversation 0 0 0 116.341 25.065 36.78529411764706 17
stats: tr_Redirect_To_Same_Conversation 1 27.686 0.0 154.716 24.684 39.506437500000004 16
stats: tr_Reply_To_Conversation 1 41.887 0.0 253.734 41.052 59.583562500000006 16
stats: tr_Get_Book 0 0 0 931.988 34.802 175.83530188679248 53
stats: tr_Get_New_Book 0 0 0 1148.081 7.558 65.70777272727271 44
stats: tr_Post_New_Book 0 0 0 353.774 9.314 30.152840909090916 44
stats: tr_Redirect_To_New_Book 0 0 0 2752.801 35.359 191.25972727272728 44
# stats: dump at 1575876646
stats: users 159 159
stats: {freemem,"tsung_controller@ip-172-31-21-126"} 1 375551.23046875 0.0 375611.5859375 375533.5234375 375573.39783653844 13
stats: {load,"tsung_controller@ip-172-31-21-126"} 1 0.0 0.0 0.0390625 0.0 0.015925480769230768 13
stats: {recvpackets,"tsung_controller@ip-172-31-21-126"} 1 18.0 0.0 3261 18 1116.8333333333333 12
stats: {sentpackets,"tsung_controller@ip-172-31-21-126"} 1 17.0 0.0 1531 17 551.0833333333334 12
stats: {cpu,"tsung_controller@ip-172-31-21-126"} 1 0.003122853038536007 0.0 0.08848912624795693 0.00312269051014354 0.02219794257276817 13
stats: session 0 0 0 36042.963 3755.965 15994.759296116505 206
stats: users_count 159 365
stats: finish_users_count 0 206
stats: request 300 221.9160699999998 285.16271681419323 2879.647 4.879 124.83813169642853 1792
stats: connect 155 1.030206451612904 0.3596737714844669 10.65 0.658 1.0956504854368931 206
stats: page 300 221.9160699999998 285.16271681419323 2879.647 4.879 126.03549915492961 1775
stats: tr_Initial_Get_Root 79 147.3606835443038 207.5799655448683 1442.056 13.76 120.50244715447155 123
stats: 302 86 787
stats: tr_Redirect_Root 13 473.92361538461535 433.39164616323984 1580.985 18.751 127.54880582524272 206
stats: 200 214 1305
stats: tr_Post_New_Comment_On_Post 1 25.459 0.0 463.859 14.39 43.10304545454545 66
stats: size_rcv 622339 13012300
stats: tr_Get_Post 1 809.464 0.0 2885.189 74.914 319.0371363636363 66
stats: newphase 1 3
stats: tr_Post_New_Comment_On_Comment 0 0 0 1187.267 13.757 84.41837878787878 66
stats: size_sent 159022 1133180
stats: tr_Redirect_To_Post 0 0 0 2604.248 69.768 227.64615151515153 132
stats: connected 155 155
stats: tr_Post_New_Post 0 0 0 951.737 12.629 52.681075471698115 53
stats: tr_Get_New_Post 0 0 0 1042.063 10.211 67.2275849056604 53
stats: tr_Get_Logout 1 9.198 0.0 1051.299 8.628 98.11519230769228 26
stats: tr_Redirect_To_New_Post 0 0 0 341.252 14.89 44.25377358490567 53
stats: tr_Get_Root 10 142.3562 191.9412190139471 640.83 15.212 80.74882352941177 17
stats: tr_Get_Conversations 1 421.358 0.0 421.358 9.152 19.876176470588234 17
stats: tr_Authenticate_User 38 2984.2926315789473 1517.6124145032 17822.041 222.952 4105.6352766990285 206
stats: tr_Get_Login 0 0 0 231.082 5.407 24.552807692307695 26
stats: tr_Post_Login 0 0 0 389.881 126.013 151.7368076923077 26
stats: tr_Get_New_Conversation 0 0 0 883.583 14.49 118.6934705882353 17
stats: tr_Post_New_Conversation 0 0 0 1309.2 27.28 131.74582352941175 17
stats: tr_Redirect_To_New_Conversation 0 0 0 116.341 25.065 36.78529411764706 17
stats: tr_Redirect_To_Same_Conversation 0 0 0 154.716 24.684 38.81111764705883 17
stats: tr_Reply_To_Conversation 0 0 0 253.734 41.052 58.542588235294126 17
stats: tr_Get_Book 0 0 0 931.988 34.802 175.83530188679248 53
stats: tr_Get_New_Book 0 0 0 1148.081 7.558 65.70777272727271 44
stats: tr_Post_New_Book 0 0 0 353.774 9.314 30.152840909090916 44
stats: tr_Redirect_To_New_Book 0 0 0 2752.801 35.359 191.25972727272728 44
# stats: dump at 1575876656
stats: users 238 239
stats: {freemem,"tsung_controller@ip-172-31-21-126"} 1 375550.9765625 0.0 375611.5859375 375533.5234375 375571.814453125 14
stats: {load,"tsung_controller@ip-172-31-21-126"} 1 0.0 0.0 0.0390625 0.0 0.014787946428571428 14
stats: {recvpackets,"tsung_controller@ip-172-31-21-126"} 1 1903.0 0.0 3261 18 1032.3076923076924 13
stats: {sentpackets,"tsung_controller@ip-172-31-21-126"} 1 1584.0 0.0 1584 17 510.0 13
stats: {cpu,"tsung_controller@ip-172-31-21-126"} 1 0.03540228448859317 0.0 0.08848912624795693 0.00312269051014354 0.02083543617746587 14
stats: session 2 12666.145 2305.634 36042.963 3755.965 15994.759296116505 206
stats: users_count 81 446
stats: finish_users_count 2 208
stats: connect 85 1.4669764705882355 2.6475683270701795 21.131 0.658 1.0675512465373964 361
stats: tr_Initial_Get_Root 73 2189.4038219178083 621.2320748943756 4041.233 13.76 131.00641089108913 202
stats: 302 225 1012
stats: page 523 1989.467525812621 950.5805848694745 7180.927 4.879 139.8977503614458 2075
stats: request 523 1989.467525812621 950.5805848694745 7180.927 4.879 138.7594421606118 2092
stats: tr_Redirect_Root 72 2757.368263888889 746.73781070636 4973.912 18.751 148.1098675799087 219
stats: 200 298 1603
stats: tr_Post_New_Comment_On_Post 4 2152.853 720.983846799982 2875.919 14.39 42.83970149253731 67
stats: size_rcv 1376880 14389180
stats: tr_Get_Post 9 5011.312555555555 919.9773341810728 6694.247 74.914 326.3569402985074 67
stats: newphase 0 3
stats: tr_Post_New_Comment_On_Comment 1 2687.766 0.0 2687.766 13.757 84.41837878787878 66
stats: size_sent 302628 1435808
stats: tr_Redirect_To_Post 1 6055.866 0.0 6055.866 69.768 227.64615151515153 132
stats: connected 83 238
stats: tr_Post_New_Post 1 1566.696 0.0 1566.696 12.629 52.681075471698115 53
stats: tr_Get_New_Post 2 1472.376 61.825000000000045 1534.201 10.211 67.2275849056604 53
stats: tr_Get_Logout 9 1948.3213333333333 316.31031366014264 2435.582 8.628 94.82196296296294 27
stats: tr_Redirect_To_New_Post 0 0 0 341.252 14.89 44.25377358490567 53
stats: tr_Get_Root 8 2348.303625 564.0571197589251 3166.794 15.212 103.56637037037036 27
stats: tr_Get_Conversations 4 1899.1755 311.6395596402197 2407.724 9.152 42.180722222222215 18
stats: tr_Authenticate_User 95 7525.031410526318 2613.4745249593434 17822.041 222.952 3930.999946721311 244
stats: tr_Get_Login 6 1056.2863333333332 215.78894521164787 1488.237 5.407 24.552807692307695 26
stats: tr_Post_Login 2 1694.7015000000001 115.8295 1810.531 126.013 151.7368076923077 26
stats: tr_Get_New_Conversation 2 1554.159 339.59100000000007 1893.75 14.49 118.6934705882353 17
stats: tr_Post_New_Conversation 0 0 0 1309.2 27.28 131.74582352941175 17
stats: tr_Redirect_To_New_Conversation 0 0 0 116.341 25.065 36.78529411764706 17
stats: tr_Redirect_To_Same_Conversation 0 0 0 154.716 24.684 38.81111764705883 17
stats: tr_Reply_To_Conversation 0 0 0 253.734 41.052 58.542588235294126 17
stats: tr_Get_Book 5 5143.6324 1080.040288389021 7181.036 34.802 175.83530188679248 53
stats: tr_Get_New_Book 8 1445.9301249999999 347.3977026839834 1996.984 7.558 65.70777272727271 44
stats: tr_Post_New_Book 7 1928.9824285714287 366.08137232738585 2478.787 9.314 30.152840909090916 44
stats: tr_Redirect_To_New_Book 0 0 0 2752.801 35.359 191.25972727272728 44
# stats: dump at 1575876666
stats: users 205 239
stats: {freemem,"tsung_controller@ip-172-31-21-126"} 1 375500.75 0.0 375611.5859375 375500.75 375570.42526041664 15
stats: {load,"tsung_controller@ip-172-31-21-126"} 1 0.0 0.0 0.0390625 0.0 0.013802083333333333 15
stats: {recvpackets,"tsung_controller@ip-172-31-21-126"} 1 2480.0 0.0 3261 18 1094.5 14
stats: {sentpackets,"tsung_controller@ip-172-31-21-126"} 1 1604.0 0.0 1604 17 586.7142857142857 14
stats: {cpu,"tsung_controller@ip-172-31-21-126"} 1 0.04373906523369158 0.0 0.08848912624795693 0.00312269051014354 0.021806559398207692 15
stats: session 33 21765.846272727278 3283.8932583503556 36042.963 3755.965 15962.753389423076 208
stats: users_count 0 446
stats: finish_users_count 33 241
stats: request 606 2120.1571633663375 1100.9682392134575 7180.927 4.879 508.9010588910137 2615
stats: page 605 2119.7840876033074 1101.8394800278704 7180.927 4.879 512.2322355658201 2598
stats: tr_Initial_Get_Root 0 0 0 4041.233 13.76 677.41736 275
stats: 302 277 1289
stats: connect 0 0 0 21.131 0.658 1.143674887892377 446
stats: tr_Redirect_Root 123 2264.198276422763 794.3932997752797 4973.912 18.751 793.6995738831616 291
stats: 200 329 1932
stats: tr_Post_New_Comment_On_Post 41 1732.46512195122 626.6827150965164 3630.471 14.39 161.71369014084507 71
stats: size_rcv 4100025 18489205
stats: tr_Get_Post 40 4033.3072250000027 1342.7803467831689 6809.22 74.914 881.1543157894736 76
stats: newphase 0 3
stats: tr_Post_New_Comment_On_Comment 9 1515.4104444444445 350.3863067983714 2687.766 13.757 123.27431343283581 67
stats: size_sent 348442 1784250
stats: tr_Redirect_To_Post 22 3331.856636363636 1044.262594179372 6454.372 69.768 271.46735338345866 133
stats: connected -31 207
stats: tr_Post_New_Post 20 1310.5227000000002 372.597798003437 2054.692 12.629 80.71838888888888 54
stats: tr_Get_New_Post 23 1137.8139130434786 512.0487874061214 2592.236 10.211 118.32389090909092 55
stats: tr_Get_Logout 16 1583.9879999999998 720.6773400180552 2658.904 8.628 558.1968055555556 36
stats: tr_Redirect_To_New_Post 6 1637.305 479.48273045543567 2448.23 14.89 44.25377358490567 53
stats: tr_Get_Root 0 0 0 3166.794 15.212 616.6491714285714 35
stats: tr_Get_Conversations 6 1587.1543333333332 364.04740701895156 2407.724 9.152 379.81613636363636 22
stats: tr_Authenticate_User 97 9512.809154639177 2920.1561049212833 18160.923 222.952 4938.17690560472 339
stats: tr_Get_Login 15 1128.0286666666666 544.1991147624391 2101.656 5.407 218.00284374999995 32
stats: tr_Post_Login 15 1422.370066666667 565.9614676916286 2423.758 126.013 261.9485714285714 28
stats: tr_Get_New_Conversation 6 1515.514666666667 639.7357054246874 2317.79 14.49 269.7951052631579 19
stats: tr_Post_New_Conversation 5 2240.1182 855.9643142197929 3544.842 27.28 131.74582352941175 17
stats: tr_Redirect_To_New_Conversation 2 2112.1445 220.17849999999999 2332.323 25.065 36.78529411764706 17
stats: tr_Redirect_To_Same_Conversation 0 0 0 154.716 24.684 38.81111764705883 17
stats: tr_Reply_To_Conversation 1 2346.037 0.0 2346.037 41.052 58.542588235294126 17
stats: tr_Get_Book 36 3313.9707222222232 1073.358220871445 7181.036 34.802 604.0936724137932 58
stats: tr_Get_New_Book 20 1370.5937 526.1867360721001 2251.106 7.558 278.04967307692306 52
stats: tr_Post_New_Book 17 1189.6036470588238 507.3341498444057 2478.787 9.314 290.77650980392156 51
stats: tr_Redirect_To_New_Book 9 3049.455 1022.9483639618483 5133.93 35.359 191.25972727272728 44
# stats: dump at 1575876676
stats: users 54 239
stats: {freemem,"tsung_controller@ip-172-31-21-126"} 1 375458.62109375 0.0 375611.5859375 375458.62109375 375566.0705566406 16
stats: {load,"tsung_controller@ip-172-31-21-126"} 1 0.0 0.0 0.0390625 0.0 0.012939453125 16
stats: {recvpackets,"tsung_controller@ip-172-31-21-126"} 1 4992.0 0.0 4992 18 1186.8666666666666 15
stats: {sentpackets,"tsung_controller@ip-172-31-21-126"} 1 2169.0 0.0 2169 17 654.5333333333333 15
stats: {cpu,"tsung_controller@ip-172-31-21-126"} 1 0.0989232979986255 0.0 0.0989232979986255 0.00312269051014354 0.023177341012925436 16
stats: session 151 27122.237165562932 3761.795115059422 38420.586 3755.965 16757.367767634856 241
stats: users_count 0 446
stats: finish_users_count 151 392
stats: request 560 954.5921714285729 926.2144441781284 7180.927 4.879 812.0433126358279 3221
stats: page 553 970.9216907775789 956.1880604319414 7180.927 4.879 815.8753421792076 3203
stats: connect 0 0 0 21.131 0.658 1.143674887892377 446
stats: tr_Initial_Get_Root 0 0 0 4041.233 13.76 677.41736 275
stats: 302 193 1482
stats: tr_Redirect_Root 32 1084.2018125 567.0605019398524 4973.912 18.751 1230.5868695652168 414
stats: 200 367 2299
stats: tr_Post_New_Comment_On_Post 24 958.6634583333333 546.3757194037038 3630.471 14.39 736.720910714286 112
stats: size_rcv 6783448 25272653
stats: tr_Get_Post 20 2485.8113000000003 724.4968867448707 6809.22 74.914 1968.1035948275871 116
stats: newphase 0 3
stats: tr_Post_New_Comment_On_Comment 53 577.5813773584907 617.0666575169499 2687.766 13.757 288.1325394736842 76
stats: size_sent 266661 2050911
stats: tr_Redirect_To_Post 97 1403.462360824742 1131.9295752991304 6454.372 69.768 705.8451870967741 155
stats: connected -152 55
stats: tr_Post_New_Post 48 541.6438125000001 482.8367154459266 2054.692 12.629 413.09793243243246 74
stats: tr_Get_New_Post 44 410.66013636363647 385.25542733145903 2592.236 10.211 418.94274358974366 78
stats: tr_Get_Logout 3 461.6703333333333 453.33624795165986 2658.904 8.628 873.8248653846154 52
stats: tr_Redirect_To_New_Post 52 454.98740384615417 512.4029476229646 2448.23 14.89 206.25898305084746 59
stats: tr_Get_Root 0 0 0 3166.794 15.212 616.6491714285714 35
stats: tr_Get_Conversations 7 474.25342857142857 417.25014489866766 2407.724 9.152 638.5314642857144 28
stats: tr_Authenticate_User 10 10483.059299999997 3183.3338429869095 18160.923 222.952 5955.92765825688 436
stats: tr_Get_Login 8 459.21200000000005 417.1374700080898 2101.656 5.407 508.4366170212766 47
stats: tr_Post_Login 12 560.9311666666666 307.69318973501106 2423.758 126.013 666.7467674418606 43
stats: tr_Get_New_Conversation 9 548.2037777777778 359.84771915655216 2317.79 14.49 568.7678000000001 25
stats: tr_Post_New_Conversation 10 1123.4935 903.017020114156 3544.842 27.28 610.9213636363637 22
stats: tr_Redirect_To_New_Conversation 7 1259.0338571428572 410.2433225205426 2332.323 25.065 255.24415789473684 19
stats: tr_Redirect_To_Same_Conversation 8 1041.8618749999998 663.4352700677432 1887.816 24.684 38.81111764705883 17
stats: tr_Reply_To_Conversation 7 1218.0925714285713 728.1005760785795 2346.037 41.052 185.6256111111111 18
stats: tr_Get_Book 29 2245.6877586206897 841.9814737269198 7181.036 34.802 1641.9189255319154 94
stats: tr_Get_New_Book 23 337.72813043478266 347.1618810462803 2251.106 7.558 581.5341249999999 72
stats: tr_Post_New_Book 24 357.9904166666667 305.7381486963036 2478.787 9.314 515.4832941176471 68
stats: tr_Redirect_To_New_Book 30 1490.3592333333331 1089.3216835728763 5133.93 35.359 676.6136415094339 53
# stats: dump at 1575876686
stats: users 5 239
stats: {freemem,"tsung_controller@ip-172-31-21-126"} 1 375469.01953125 0.0 375611.5859375 375458.62109375 375559.75 17
stats: {load,"tsung_controller@ip-172-31-21-126"} 1 0.0 0.0 0.0390625 0.0 0.012178308823529412 17
stats: {recvpackets,"tsung_controller@ip-172-31-21-126"} 1 5715.0 0.0 5715 18 1424.6875 16
stats: {sentpackets,"tsung_controller@ip-172-31-21-126"} 1 2259.0 0.0 2259 17 749.1875 16
stats: {cpu,"tsung_controller@ip-172-31-21-126"} 1 0.12182550838721769 0.0 0.12182550838721769 0.00312269051014354 0.027632985541496027 17
stats: session 49 32622.413632653053 4893.195713748909 44371.741 3755.965 20749.95776530613 392
stats: users_count 0 446
stats: finish_users_count 49 441
stats: connect 0 0 0 21.131 0.658 1.143674887892377 446
stats: request 89 42.38362921348315 27.935840980530433 7180.927 4.879 833.1560766992866 3781
stats: page 81 46.58782716049383 30.52474316766004 7180.927 4.879 838.7029861554854 3756
stats: tr_Initial_Get_Root 0 0 0 4041.233 13.76 677.41736 275
stats: 302 25 1507
stats: tr_Redirect_Root 0 0 0 4973.912 18.751 1220.083905829596 446
stats: 200 64 2363
stats: tr_Post_New_Comment_On_Post 0 0 0 3630.471 14.39 775.887242647059 136
stats: size_rcv 1112754 26385407
stats: tr_Get_Post 0 0 0 6809.22 74.914 2044.237080882354 136
stats: newphase 0 3
stats: tr_Post_New_Comment_On_Comment 7 16.74357142857143 1.4677327371681468 2687.766 13.757 407.0533798449613 129
stats: size_sent 50030 2100941
stats: tr_Redirect_To_Post 20 83.36975 12.360085529133691 6454.372 69.768 974.3724325396824 252
stats: connected -50 5
stats: tr_Post_New_Post 2 14.1765 0.1574999999999993 2054.692 12.629 463.6733606557378 122
stats: tr_Get_New_Post 2 18.036 4.709999999999998 2592.236 10.211 415.9555737704919 122
stats: tr_Get_Logout 1 10.175 0.0 2658.904 8.628 851.343709090909 55
stats: tr_Redirect_To_New_Post 12 19.861499999999996 9.686768935856099 2448.23 14.89 322.78040540540553 111
stats: tr_Get_Root 0 0 0 3166.794 15.212 616.6491714285714 35
stats: tr_Get_Conversations 0 0 0 2407.724 9.152 605.6758571428572 35
stats: tr_Authenticate_User 0 0 0 18160.923 222.952 6057.432852017936 446
stats: tr_Get_Login 1 6.849 0.0 2101.656 5.407 501.27667272727274 55
stats: tr_Post_Login 1 130.231 0.0 2423.758 126.013 643.6597272727273 55
stats: tr_Get_New_Conversation 1 24.528 0.0 2317.79 14.49 563.3243823529413 34
stats: tr_Post_New_Conversation 3 29.898 0.4760616206613037 3544.842 27.28 771.10015625 32
stats: tr_Redirect_To_New_Conversation 9 34.531111111111116 12.77206928718065 2332.323 25.065 525.4952307692308 26
stats: tr_Redirect_To_Same_Conversation 8 31.27825 6.254306851082701 1887.816 24.684 359.78736 25
stats: tr_Reply_To_Conversation 8 43.812250000000006 2.93117705666171 2346.037 40.518 474.71636 25
stats: tr_Get_Book 1 43.04 0.0 7181.036 34.802 1784.2709268292688 123
stats: tr_Get_New_Book 0 0 0 2251.106 7.558 522.5074105263158 95
stats: tr_Post_New_Book 3 10.532333333333334 0.4261692412906188 2478.787 9.314 474.39819565217397 92
stats: tr_Redirect_To_New_Book 10 45.80030000000001 11.567588824383408 5133.93 35.359 970.7385542168673 83
# stats: dump at 1575876696
stats: users 121 239
stats: {freemem,"tsung_controller@ip-172-31-21-126"} 1 375499.91015625 0.0 375611.5859375 375458.62109375 375554.70941840275 18
stats: {load,"tsung_controller@ip-172-31-21-126"} 1 0.0 0.0 0.0390625 0.0 0.011501736111111112 18
stats: {recvpackets,"tsung_controller@ip-172-31-21-126"} 1 870.0 0.0 5715 18 1677.0588235294117 17
stats: {sentpackets,"tsung_controller@ip-172-31-21-126"} 1 1007.0 0.0 2259 17 838.0 17
stats: {cpu,"tsung_controller@ip-172-31-21-126"} 1 0.04372722540343571 0.0 0.12182550838721769 0.00312269051014354 0.03286590347736945 18
stats: session 5 43865.45020000001 4373.939115945002 49529.548 3755.965 22069.11952834468 441
stats: users_count 121 567
stats: finish_users_count 5 446
stats: request 173 95.1985838150289 138.81210689410958 7180.927 4.879 814.9703537467707 3870
stats: connect 112 0.9915178571428581 0.3601724037116229 21.131 0.639 1.143674887892377 446
stats: page 171 96.31429239766081 139.33329316748728 7180.927 4.879 821.9812431587186 3837
stats: tr_Initial_Get_Root 50 71.61523999999999 123.83902756636294 4041.233 13.76 677.41736 275
stats: 302 34 1541
stats: tr_Redirect_Root 1 23.093 0.0 4973.912 18.751 1220.083905829596 446
stats: 200 139 2502
stats: tr_Post_New_Comment_On_Post 0 0 0 3630.471 14.39 775.887242647059 136
stats: size_rcv 369590 26754997
stats: tr_Get_Post 0 0 0 6809.22 74.914 2044.237080882354 136
stats: newphase 1 4
stats: tr_Post_New_Comment_On_Comment 0 0 0 2687.766 13.757 386.96390441176476 136
stats: size_sent 68457 2169398
stats: tr_Redirect_To_Post 0 0 0 6454.372 69.768 908.8575294117645 272
stats: connected 107 112
stats: tr_Post_New_Post 0 0 0 2054.692 12.629 456.4234112903227 124
stats: tr_Get_New_Post 0 0 0 2592.236 10.211 409.5375161290324 124
stats: tr_Get_Logout 0 0 0 2658.904 8.628 836.3228392857143 56
stats: tr_Redirect_To_New_Post 1 17.404 0.0 2448.23 14.89 293.2273414634148 123
stats: tr_Get_Root 12 131.7458333333333 153.44382772143544 3166.794 15.212 616.6491714285714 35
stats: tr_Get_Conversations 0 0 0 2407.724 9.152 605.6758571428572 35
stats: tr_Authenticate_User 9 1731.9737777777777 696.4232484159133 18160.923 222.952 6057.432852017936 446
stats: tr_Get_Login 0 0 0 2101.656 5.407 492.4476071428571 56
stats: tr_Post_Login 0 0 0 2423.758 126.013 634.4913571428572 56
stats: tr_Get_New_Conversation 0 0 0 2317.79 14.49 547.9302 35
stats: tr_Post_New_Conversation 0 0 0 3544.842 27.28 707.5685428571429 35
stats: tr_Redirect_To_New_Conversation 0 0 0 2332.323 25.065 399.24731428571437 35
stats: tr_Redirect_To_Same_Conversation 2 27.4405 0.3374999999999986 1887.816 24.684 280.14878787878786 33
stats: tr_Reply_To_Conversation 2 42.435500000000005 0.1374999999999975 2346.037 40.518 370.25475757575754 33
stats: tr_Get_Book 0 0 0 7181.036 34.802 1770.2287419354843 124
stats: tr_Get_New_Book 0 0 0 2251.106 7.558 522.5074105263158 95
stats: tr_Post_New_Book 0 0 0 2478.787 9.314 459.74980000000005 95
stats: tr_Redirect_To_New_Book 2 48.4585 7.1644999999999985 5133.93 35.359 871.2828279569891 93
# stats: dump at 1575876706
stats: users 460 460
stats: {freemem,"tsung_controller@ip-172-31-21-126"} 1 375507.8125 0.0 375611.5859375 375458.62109375 375551.8252467105 19
stats: {load,"tsung_controller@ip-172-31-21-126"} 1 0.0 0.0 0.0390625 0.0 0.010896381578947368 19
stats: {recvpackets,"tsung_controller@ip-172-31-21-126"} 1 1313.0 0.0 5715 18 1632.2222222222222 18
stats: {sentpackets,"tsung_controller@ip-172-31-21-126"} 1 1567.0 0.0 2259 17 847.3888888888889 18
stats: {cpu,"tsung_controller@ip-172-31-21-126"} 1 0.03644087208212732 0.0 0.12182550838721769 0.00312269051014354 0.03343755199979399 19
stats: session 3 10769.880666666666 426.3369716944048 49529.548 3755.965 22313.473011210768 446
stats: users_count 342 909
stats: finish_users_count 3 449
stats: request 885 1385.1164621468938 1273.1760917777733 7180.927 0.349 784.1713143705176 4043
stats: connect 350 1.000385714285715 0.39299980708309157 21.131 0.632 1.113134408602151 558
stats: page 885 1385.1164621468938 1273.1760917777733 7180.927 0.349 791.0209016966076 4008
stats: tr_Initial_Get_Root 192 1847.127401041667 1219.120404340701 4932.829 1.134 584.2170338461539 325
stats: 302 165 1706
stats: tr_Redirect_Root 64 1553.4163906249998 1714.866796273635 5267.214 0.442 1217.406073825503 447
stats: 200 377 2879
stats: tr_Post_New_Comment_On_Post 7 0.6088571428571428 0.07951177553658068 3630.471 0.505 775.887242647059 136
stats: size_rcv 1288230 28043227
stats: tr_Get_Post 9 1198.6613333333337 2241.200118521077 6809.22 0.602 2044.237080882354 136
stats: newphase 0 4
stats: tr_Post_New_Comment_On_Comment 1 0.83 0.0 2687.766 0.83 386.96390441176476 136
stats: 502 324 324
stats: tr_Redirect_To_Post 2 0.898 0.039000000000000035 6454.372 0.859 908.8575294117645 272
stats: 422 18 18
stats: tr_Post_New_Post 1 0.559 0.0 2054.692 0.559 456.4234112903227 124
stats: size_sent 424128 2593526
stats: tr_Get_New_Post 1 0.909 0.0 2592.236 0.909 409.5375161290324 124
stats: connected 346 458
stats: tr_Get_Logout 3 729.6936666666667 1029.5303802868352 2658.904 0.668 836.3228392857143 56
stats: 400 1 1
stats: tr_Redirect_To_New_Post 1 0.655 0.0 2448.23 0.655 291.00295967741954 124
stats: tr_Get_Root 32 1671.1277812500002 1372.5704110934469 4405.449 1.23 492.8440638297873 47
stats: tr_Get_Conversations 3 1324.728 959.1888546061546 2407.724 0.569 605.6758571428572 35
stats: tr_Authenticate_User 114 5770.995438596491 2371.729849550553 18160.923 222.952 5971.87432087912 455
stats: tr_Get_Login 2 0.6905 0.024499999999999966 2101.656 0.666 492.4476071428571 56
stats: tr_Post_Login 2 0.7775000000000001 0.1515 2423.758 0.626 634.4913571428572 56
stats: tr_Get_New_Conversation 2 949.6514999999999 949.0795 2317.79 0.572 547.9302 35
stats: tr_Post_New_Conversation 0 0 0 3544.842 27.28 707.5685428571429 35
stats: tr_Redirect_To_New_Conversation 0 0 0 2332.323 25.065 399.24731428571437 35
stats: tr_Redirect_To_Same_Conversation 0 0 0 1887.816 24.684 265.70831428571427 35
stats: tr_Reply_To_Conversation 0 0 0 2346.037 40.518 351.5222285714285 35
stats: tr_Get_Book 3 0.5619999999999999 0.088283633817373 7181.036 0.451 1770.2287419354843 124
stats: tr_Get_New_Book 3 0.9066666666666666 0.03553714801287362 2251.106 0.864 522.5074105263158 95
stats: tr_Post_New_Book 1 1677.434 0.0 2478.787 9.314 459.74980000000005 95
stats: tr_Redirect_To_New_Book 0 0 0 5133.93 35.359 853.9602105263157 95
# stats: dump at 1575876716
stats: users 443 477
stats: {freemem,"tsung_controller@ip-172-31-21-126"} 1 375471.5703125 0.0 375611.5859375 375458.62109375 375549.624609375 20
stats: {load,"tsung_controller@ip-172-31-21-126"} 1 0.0 0.0 0.0390625 0.0 0.010351562499999998 20
stats: {recvpackets,"tsung_controller@ip-172-31-21-126"} 1 4093.0 0.0 5715 18 1615.421052631579 19
stats: {sentpackets,"tsung_controller@ip-172-31-21-126"} 1 3761.0 0.0 3761 17 885.2631578947369 19
stats: {cpu,"tsung_controller@ip-172-31-21-126"} 1 0.0811232449297972 0.0 0.12182550838721769 0.00312269051014354 0.03358771800391065 20
stats: session 34 16688.363764705882 2839.8813355389157 49529.548 3755.965 22236.344331848562 449
stats: users_count 17 926
stats: finish_users_count 34 483
stats: request 1466 1308.2770859481564 1724.4031817152984 8096.083 0.32 892.0926730925332 4928
stats: tr_Initial_Get_Root 38 2888.5756578947367 1297.929333015685 4932.829 1.134 1053.2282340425534 517
stats: connect 36 1.3054166666666667 1.3875384153841168 21.131 0.632 1.0696740088105734 908
stats: page 1464 1310.0650771857906 1724.9029029612825 8096.083 0.32 898.4753408951572 4893
stats: 302 197 1903
stats: tr_Redirect_Root 267 1550.279086142321 1870.150319240198 6852.714 0.417 1259.4895577299408 511
stats: 200 296 3175
stats: tr_Post_New_Comment_On_Post 70 630.6121142857143 1398.1787778141304 4390.23 0.412 737.9365524475526 143
stats: size_rcv 2811394 30854621
stats: tr_Get_Post 75 1887.9126933333337 2877.7499631575124 8102.271 0.533 1991.7530689655182 145
stats: newphase 0 4
stats: tr_Post_New_Comment_On_Comment 25 126.90820000000004 614.2931797851576 3136.303 0.508 384.14540875912417 137
stats: 502 851 1175
stats: tr_Redirect_To_Post 51 1347.1128823529411 2462.5172379326796 7857.209 0.579 902.2300875912407 274
stats: 422 97 115
stats: tr_Post_New_Post 33 509.26703030303037 1114.564325303634 3809.438 0.444 452.7764960000001 125
stats: size_sent 736429 3329955
stats: tr_Get_New_Post 38 850.3338684210524 1255.1628720286121 3163.467 0.534 406.2684880000001 125
stats: connected -22 436
stats: tr_Get_Logout 24 968.2337083333332 1271.6755432339216 3596.228 0.438 830.9010169491524 59
stats: 400 24 25
stats: tr_Redirect_To_New_Post 8 0.6322500000000001 0.08954572854134359 2448.23 0.476 288.68017600000013 125
stats: 404 1 1
stats: tr_Get_Root 7 2430.3651428571434 1569.8189408747958 4405.449 1.23 970.1235443037975 79
stats: tr_Get_Conversations 18 813.2190555555558 1161.6655000206229 2827.613 0.459 662.4431315789475 38
stats: tr_Authenticate_User 284 7378.477852112677 3618.135755548723 19196.292 168.361 5931.627936731106 569
stats: tr_Get_Login 16 945.3891250000001 1233.2144924162562 2834.712 0.482 475.4904655172414 58
stats: tr_Post_Login 8 912.325375 1188.0845071056538 2772.396 0.507 612.6391551724139 58
stats: tr_Get_New_Conversation 12 1183.2718333333335 1441.9952101361637 3611.942 0.523 569.6448648648649 37
stats: tr_Post_New_Conversation 8 516.62025 1364.1422165934305 4125.801 0.709 707.5685428571429 35
stats: tr_Redirect_To_New_Conversation 2 0.8135 0.07650000000000001 2332.323 0.737 399.24731428571437 35
stats: tr_Redirect_To_Same_Conversation 2 0.7305 0.26949999999999996 1887.816 0.461 265.70831428571427 35
stats: tr_Reply_To_Conversation 2 1088.8985 1085.6395 2346.037 3.259 351.5222285714285 35
stats: tr_Get_Book 57 646.8069122807021 1774.491209961563 7604.068 0.437 1728.4255905511814 127
stats: tr_Get_New_Book 31 607.0656774193549 1133.9928908823183 3088.048 0.46 506.5400408163265 98
stats: tr_Post_New_Book 24 1087.114 1303.0446397345718 3080.423 0.496 472.43401041666675 96
stats: tr_Redirect_To_New_Book 6 1.2501666666666666 0.7164233889413594 5133.93 0.585 853.9602105263157 95
# stats: dump at 1575876726
stats: users 288 477
stats: {freemem,"tsung_controller@ip-172-31-21-126"} 1 375423.2265625 0.0 375611.5859375 375423.2265625 375545.90773809527 21
stats: {load,"tsung_controller@ip-172-31-21-126"} 1 0.0 0.0 0.0390625 0.0 0.00985863095238095 21
stats: {recvpackets,"tsung_controller@ip-172-31-21-126"} 1 4693.0 0.0 5715 18 1739.3 20
stats: {sentpackets,"tsung_controller@ip-172-31-21-126"} 1 3536.0 0.0 3761 17 1029.05 20
stats: {cpu,"tsung_controller@ip-172-31-21-126"} 1 0.13539410098316948 0.0 0.13539410098316948 0.00312269051014354 0.03585131452419096 21
stats: session 155 22924.1894 4542.450373352345 49529.548 3755.965 21845.80325672879 483
stats: users_count 0 926
stats: finish_users_count 155 638
stats: request 1015 1917.0105300492605 1494.5522821267684 8096.083 0.32 987.5143730059432 6394
stats: page 1003 1927.4807218344954 1503.0971816444942 8096.083 0.32 993.2633500078656 6357
stats: tr_Initial_Get_Root 0 0 0 4932.829 1.134 1178.8916612612613 555
stats: connect 40 0.9390500000000002 0.149837570388738 21.131 0.592 1.078664194915255 944
stats: 302 243 2146
stats: tr_Redirect_Root 132 2131.5283333333336 1205.5333979014488 6852.714 0.417 1359.2849357326472 778
stats: 200 392 3567
stats: tr_Post_New_Comment_On_Post 60 1445.324016666667 1166.3079195165185 4390.23 0.412 702.6656103286386 213
stats: size_rcv 5984191 36838812
stats: tr_Get_Post 59 3059.766016949152 2071.438309152874 8102.271 0.533 1956.3529409090913 220
stats: newphase 0 4
stats: tr_Post_New_Comment_On_Comment 65 879.4318923076924 1250.7345217185489 3614.322 0.45 344.44830864197536 162
stats: 502 266 1441
stats: tr_Redirect_To_Post 115 3064.682860869566 1891.1438935827764 7857.209 0.579 972.0424646153846 325
stats: 422 68 183
stats: tr_Post_New_Post 51 1330.4894705882355 1028.4857939066435 3809.438 0.411 464.57515189873425 158
stats: size_sent 498829 3828784
stats: tr_Get_New_Post 55 1363.1209272727272 928.3003294230875 3163.467 0.503 509.79293251533744 163
stats: connected -153 283
stats: tr_Get_Logout 19 1505.0980000000004 1036.1378312796744 3596.228 0.438 870.6116746987951 83
stats: 400 38 63
stats: tr_Redirect_To_New_Post 41 2348.7429024390244 1807.4176556880584 5184.309 0.476 271.3539849624061 133
stats: 404 8 9
stats: tr_Get_Root 0 0 0 4405.449 1.23 1088.9804186046515 86
stats: tr_Get_Conversations 25 1418.8096400000002 919.8992877934357 2865.09 0.459 710.9068214285716 56
stats: tr_Authenticate_User 69 11613.810594202896 3673.651925498356 20322.535 168.361 6413.345845252052 853
stats: tr_Get_Login 26 1352.0134230769231 920.9123169556945 2834.712 0.482 577.0901756756757 74
stats: tr_Post_Login 28 1540.3942142857138 833.6077729990611 2772.396 0.507 648.9647575757576 66
stats: tr_Get_New_Conversation 24 1418.7823333333336 962.0088179557167 3611.942 0.523 719.9208571428572 49
stats: tr_Post_New_Conversation 22 1581.9377272727268 1274.2094845304598 4125.801 0.533 672.0432790697674 43
stats: tr_Redirect_To_New_Conversation 15 1527.9214 1041.1641515326837 3432.001 0.734 377.71035135135145 37
stats: tr_Redirect_To_Same_Conversation 7 1317.075 838.1138173867386 2052.695 0.421 251.38518918918916 37
stats: tr_Reply_To_Conversation 12 1769.2369166666667 1112.5809061735283 3819.631 0.478 391.3804054054054 37
stats: tr_Get_Book 54 2532.355259259258 1767.3958986116663 7604.068 0.437 1393.358934782609 184
stats: tr_Get_New_Book 43 1557.6197906976743 837.8035616133013 3088.048 0.46 530.6973643410852 129
stats: tr_Post_New_Book 43 1333.9758139534888 904.5649228194518 3080.423 0.496 595.3700083333334 120
stats: tr_Redirect_To_New_Book 33 2111.5382424242425 1300.5155500674157 5133.93 0.53 803.3041683168316 101
# stats: dump at 1575876736
stats: users 54 477
stats: {freemem,"tsung_controller@ip-172-31-21-126"} 1 375350.14453125 0.0 375611.5859375 375350.14453125 375540.33132102276 22
stats: {load,"tsung_controller@ip-172-31-21-126"} 1 0.0 0.0 0.0390625 0.0 0.00941051136363636 22
stats: {recvpackets,"tsung_controller@ip-172-31-21-126"} 1 6590.0 0.0 6590 18 1879.952380952381 21
stats: {sentpackets,"tsung_controller@ip-172-31-21-126"} 1 3127.0 0.0 3761 17 1148.4285714285713 21
stats: {cpu,"tsung_controller@ip-172-31-21-126"} 1 0.4407857031209295 0.0 0.4407857031209295 0.00312269051014354 0.04037598663596271 22
stats: session 234 30500.846534188026 4067.692868166593 49529.548 3755.965 22107.793620689663 638
stats: users_count 0 926
stats: finish_users_count 234 872
stats: request 611 1261.3169885433701 1136.163699083856 8096.083 0.32 1114.8512065056013 7409
stats: connect 16 0.7551875 0.2015127845665133 21.131 0.583 1.072988821138212 984
stats: page 587 1334.1925332197613 1194.0419538932763 8096.083 0.32 1120.5758532608695 7360
stats: tr_Initial_Get_Root 0 0 0 4932.829 1.134 1178.8916612612613 555
stats: 302 203 2349
stats: tr_Redirect_Root 16 1487.9533125000003 821.2977472002555 6852.714 0.417 1471.3026593406587 910
stats: 200 364 3931
stats: tr_Post_New_Comment_On_Post 12 1200.9886666666666 793.8522595287418 4390.23 0.412 865.8872380952382 273
stats: size_rcv 5718864 42557676
stats: tr_Get_Post 6 2683.2473333333332 822.0259521334402 8102.271 0.533 2189.6911899641577 279
stats: newphase 0 4
stats: tr_Post_New_Comment_On_Comment 52 829.494346153846 947.7821363829 3614.322 0.448 497.63744052863444 227
stats: 502 0 1441
stats: tr_Redirect_To_Post 115 2102.3215391304348 1365.8683602596066 7857.209 0.579 1518.9825681818184 440
stats: 422 15 198
stats: tr_Post_New_Post 54 803.9924814814806 696.1630634573505 3809.438 0.411 675.8748181818182 209
stats: size_sent 244929 4073713
stats: tr_Get_New_Post 45 750.0811999999999 669.2639190808426 3163.467 0.503 725.0821055045872 218
stats: connected -231 52
stats: tr_Get_Logout 1 1867.422 0.0 3596.228 0.438 988.8003039215687 102
stats: 400 13 76
stats: tr_Redirect_To_New_Post 75 1282.7354666666663 1165.2218875930694 5184.309 0.476 760.8536724137932 174
stats: 404 16 25
stats: tr_Get_Root 0 0 0 4405.449 1.23 1088.9804186046515 86
stats: tr_Get_Conversations 5 998.1156000000001 581.2538372971313 2865.09 0.459 929.3953456790125 81
stats: tr_Authenticate_User 4 18029.1615 4057.5243122539946 24580.334 168.361 6802.534638828633 922
stats: tr_Get_Login 3 1332.383 385.82800679318245 2834.712 0.482 778.57022 100
stats: tr_Post_Login 9 1225.3383333333334 621.0740518755482 2772.396 0.507 914.4969361702127 94
stats: tr_Get_New_Conversation 13 1186.763923076923 552.9862054435356 3611.942 0.523 949.6835342465755 73
stats: tr_Post_New_Conversation 20 851.8287500000002 727.1355541525169 4125.801 0.533 980.0075538461538 65
stats: tr_Redirect_To_New_Conversation 27 682.792851851852 781.0219051056077 3432.001 0.734 709.5020000000002 52
stats: tr_Redirect_To_Same_Conversation 29 661.9259999999999 849.1561171996909 3533.687 0.421 420.92674999999997 44
stats: tr_Reply_To_Conversation 24 625.4370416666668 793.917529427358 3819.631 0.478 728.8146530612245 49
stats: tr_Get_Book 30 1983.5044000000003 1173.2853480945316 7604.068 0.437 1651.7866722689075 238
stats: tr_Get_New_Book 11 922.4016363636364 673.4409093103691 3088.048 0.46 787.4279709302324 172
stats: tr_Post_New_Book 19 893.6617368421055 600.5987853369286 3080.423 0.496 790.2169386503069 163
stats: tr_Redirect_To_New_Book 41 1480.465951219513 1068.1645962882578 5133.93 0.53 1125.4812164179104 134
# stats: dump at 1575876746
stats: users 4 477
stats: {freemem,"tsung_controller@ip-172-31-21-126"} 1 375387.03125 0.0 375611.5859375 375350.14453125 375532.062330163 23
stats: {load,"tsung_controller@ip-172-31-21-126"} 1 0.0 0.0 0.0390625 0.0 0.009001358695652172 23
stats: {recvpackets,"tsung_controller@ip-172-31-21-126"} 1 5106.0 0.0 6590 18 2094.0454545454545 22
stats: {sentpackets,"tsung_controller@ip-172-31-21-126"} 1 2702.0 0.0 3761 17 1238.3636363636363 22
stats: {cpu,"tsung_controller@ip-172-31-21-126"} 1 0.09995730989889734 0.0 0.4407857031209295 0.00312269051014354 0.05778510474400474 23
stats: session 50 38302.211979999985 4004.747128551066 52412.022 3755.965 24360.057819954134 872
stats: users_count 0 926
stats: finish_users_count 50 922
stats: request 92 32.18814130434785 29.493452051695904 8096.083 0.32 1126.0096345386532 8020
stats: connect 5 0.7162000000000001 0.03587979933054248 21.131 0.583 1.0679040000000006 1000
stats: page 79 37.499101265822794 33.18547051887867 8096.083 0.32 1136.3545107587768 7947
stats: tr_Initial_Get_Root 0 0 0 4932.829 1.134 1178.8916612612613 555
stats: 302 28 2377
stats: tr_Redirect_Root 0 0 0 6852.714 0.417 1471.5903596112305 926
stats: 200 53 3984
stats: tr_Post_New_Comment_On_Post 0 0 0 4390.23 0.412 879.9967719298247 285
stats: size_rcv 601811 43159487
stats: tr_Get_Post 0 0 0 8102.271 0.533 2200.0818456140355 285
stats: newphase 0 4
stats: tr_Post_New_Comment_On_Comment 6 6.961166666666667 9.335303073399505 3614.322 0.424 559.4889068100359 279
stats: 502 0 1441
stats: tr_Redirect_To_Post 14 74.32528571428573 14.737094196175134 7857.209 0.579 1639.8546072072072 555
stats: 422 1 199
stats: tr_Post_New_Post 5 9.576600000000001 5.0395865147847205 3809.438 0.411 702.1803460076044 263
stats: size_sent 49837 4123550
stats: tr_Get_New_Post 5 12.3004 8.648477752760888 3163.467 0.503 729.3595171102662 263
stats: connected -49 3
stats: tr_Get_Logout 0 0 0 3596.228 0.438 997.3306116504856 103
stats: 400 4 80
stats: tr_Redirect_To_New_Post 17 44.718117647058826 37.25371622186303 5184.309 0.476 918.0469839357429 249
stats: 404 6 31
stats: tr_Get_Root 0 0 0 4405.449 1.23 1088.9804186046515 86
stats: tr_Get_Conversations 0 0 0 2865.09 0.459 933.3907093023257 86
stats: tr_Authenticate_User 0 0 0 24580.334 168.361 6851.029787257019 926
stats: tr_Get_Login 0 0 0 2834.712 0.482 794.7006893203884 103
stats: tr_Post_Login 0 0 0 2772.396 0.507 941.6578349514563 103
stats: tr_Get_New_Conversation 0 0 0 3611.942 0.523 985.5212674418606 86
stats: tr_Post_New_Conversation 1 29.877 0.0 4125.801 0.533 949.8478352941175 85
stats: tr_Redirect_To_New_Conversation 7 20.54714285714286 11.040546899349447 3432.001 0.734 700.3735569620255 79
stats: tr_Redirect_To_Same_Conversation 13 20.698615384615383 17.6914013209306 3533.687 0.421 516.6661780821917 73
stats: tr_Reply_To_Conversation 13 26.115923076923078 20.810017648539954 3819.631 0.478 694.827493150685 73
stats: tr_Get_Book 0 0 0 7604.068 0.437 1688.9192537313431 268
stats: tr_Get_New_Book 1 4.352 0.0 3088.048 0.46 795.5411420765026 183
stats: tr_Post_New_Book 2 7.105 3.3050000000000006 3080.423 0.496 801.0161208791211 182
stats: tr_Redirect_To_New_Book 8 27.92525 12.586389094474239 5133.93 0.53 1208.6490685714289 175
# stats: dump at 1575876756
stats: users 1 477
stats: {freemem,"tsung_controller@ip-172-31-21-126"} 1 375450.64453125 0.0 375611.5859375 375350.14453125 375526.01936848956 24
stats: {load,"tsung_controller@ip-172-31-21-126"} 1 0.0 0.0 0.0390625 0.0 0.008626302083333332 24
stats: {recvpackets,"tsung_controller@ip-172-31-21-126"} 1 533.0 0.0 6590 18 2225.0 23
stats: {sentpackets,"tsung_controller@ip-172-31-21-126"} 1 324.0 0.0 3761 17 1301.9999999999998 23
stats: {cpu,"tsung_controller@ip-172-31-21-126"} 1 0.006246681450479434 0.0 0.4407857031209295 0.00312269051014354 0.05954227995879193 24
stats: session 3 43994.99 1715.3124035597727 52412.022 3755.965 25116.139932754882 922
stats: users_count 0 926
stats: finish_users_count 3 925
stats: request 3 29.616000000000003 17.69703039118899 8096.083 0.32 1113.604361193294 8112
stats: connect 1 0.741 0.0 21.131 0.583 1.066154228855722 1005
stats: page 3 29.616000000000003 17.69703039118899 8096.083 0.32 1125.5384657363566 8026
stats: tr_Initial_Get_Root 0 0 0 4932.829 1.134 1178.8916612612613 555
stats: 302 0 2377
stats: tr_Redirect_Root 0 0 0 6852.714 0.417 1471.5903596112305 926
stats: 200 3 3987
stats: tr_Post_New_Comment_On_Post 0 0 0 4390.23 0.412 879.9967719298247 285
stats: size_rcv 16921 43176408
stats: tr_Get_Post 0 0 0 8102.271 0.533 2200.0818456140355 285
stats: newphase 0 4
stats: tr_Post_New_Comment_On_Comment 0 0 0 3614.322 0.424 547.8567438596492 285
stats: 502 0 1441
stats: tr_Redirect_To_Post 1 54.707 0.0 7857.209 0.579 1601.3354323374342 569
stats: 422 0 199
stats: tr_Post_New_Post 0 0 0 3809.438 0.411 689.2586343283581 268
stats: size_sent 1493 4125043
stats: tr_Get_New_Post 0 0 0 3163.467 0.503 715.9815485074628 268
stats: connected -2 1
stats: tr_Get_Logout 0 0 0 3596.228 0.438 997.3306116504856 103
stats: 400 0 80
stats: tr_Redirect_To_New_Post 2 17.1735 0.12650000000000006 5184.309 0.476 862.2327330827068 266
stats: 404 0 31
stats: tr_Get_Root 0 0 0 4405.449 1.23 1088.9804186046515 86
stats: tr_Get_Conversations 0 0 0 2865.09 0.459 933.3907093023257 86
stats: tr_Authenticate_User 0 0 0 24580.334 168.361 6851.029787257019 926
stats: tr_Get_Login 0 0 0 2834.712 0.482 794.7006893203884 103
stats: tr_Post_Login 0 0 0 2772.396 0.507 941.6578349514563 103
stats: tr_Get_New_Conversation 0 0 0 3611.942 0.523 985.5212674418606 86
stats: tr_Post_New_Conversation 0 0 0 4125.801 0.533 939.1504999999999 86
stats: tr_Redirect_To_New_Conversation 0 0 0 3432.001 0.734 645.0388488372096 86
stats: tr_Redirect_To_Same_Conversation 0 0 0 3533.687 0.421 441.69433720930226 86
stats: tr_Reply_To_Conversation 0 0 0 3819.631 0.478 593.7431860465117 86
stats: tr_Get_Book 0 0 0 7604.068 0.437 1688.9192537313431 268
stats: tr_Get_New_Book 0 0 0 3088.048 0.46 791.2412010869565 184
stats: tr_Post_New_Book 0 0 0 3080.423 0.496 792.3866521739131 184
stats: tr_Redirect_To_New_Book 0 0 0 5133.93 0.53 1157.0327267759567 183
# stats: dump at 1575876766
stats: users 1 477
stats: {freemem,"tsung_controller@ip-172-31-21-126"} 1 375453.78515625 0.0 375611.5859375 375350.14453125 375523.004375 25
stats: {load,"tsung_controller@ip-172-31-21-126"} 1 0.0 0.0 0.0390625 0.0 0.008281249999999999 25
stats: {recvpackets,"tsung_controller@ip-172-31-21-126"} 1 66.0 0.0 6590 18 2154.5 24
stats: {sentpackets,"tsung_controller@ip-172-31-21-126"} 1 296.0 0.0 3761 17 1261.2499999999998 24
stats: {cpu,"tsung_controller@ip-172-31-21-126"} 1 0.011451891644283424 0.0 0.4407857031209295 0.00312269051014354 0.05741045601845943 25
stats: session 0 0 0 52412.022 3755.965 25177.368635675677 925
stats: users_count 0 926
stats: finish_users_count 0 925
stats: request 0 0 0 8096.083 0.32 1113.2036261244607 8115
stats: connect 0 0 0 21.131 0.583 1.0658310139165015 1006
stats: page 0 0 0 8096.083 0.32 1125.1289792003981 8029
stats: tr_Initial_Get_Root 0 0 0 4932.829 1.134 1178.8916612612613 555
stats: 302 0 2377
stats: tr_Redirect_Root 0 0 0 6852.714 0.417 1471.5903596112305 926
stats: 200 0 3987
stats: tr_Post_New_Comment_On_Post 0 0 0 4390.23 0.412 879.9967719298247 285
stats: size_rcv 0 43176408
stats: tr_Get_Post 0 0 0 8102.271 0.533 2200.0818456140355 285
stats: newphase 0 4
stats: tr_Post_New_Comment_On_Comment 0 0 0 3614.322 0.424 547.8567438596492 285
stats: 502 0 1441
stats: tr_Redirect_To_Post 0 0 0 7857.209 0.579 1598.622049122807 570
stats: 422 0 199
stats: tr_Post_New_Post 0 0 0 3809.438 0.411 689.2586343283581 268
stats: size_sent 0 4125043
stats: tr_Get_New_Post 0 0 0 3163.467 0.503 715.9815485074628 268
stats: connected 0 1
stats: tr_Get_Logout 0 0 0 3596.228 0.438 997.3306116504856 103
stats: 400 0 80
stats: tr_Redirect_To_New_Post 0 0 0 5184.309 0.476 855.9263208955224 268
stats: 404 0 31
stats: tr_Get_Root 0 0 0 4405.449 1.23 1088.9804186046515 86
stats: tr_Get_Conversations 0 0 0 2865.09 0.459 933.3907093023257 86
stats: tr_Authenticate_User 0 0 0 24580.334 168.361 6851.029787257019 926
stats: tr_Get_Login 0 0 0 2834.712 0.482 794.7006893203884 103
stats: tr_Post_Login 0 0 0 2772.396 0.507 941.6578349514563 103
stats: tr_Get_New_Conversation 0 0 0 3611.942 0.523 985.5212674418606 86
stats: tr_Post_New_Conversation 0 0 0 4125.801 0.533 939.1504999999999 86
stats: tr_Redirect_To_New_Conversation 0 0 0 3432.001 0.734 645.0388488372096 86
stats: tr_Redirect_To_Same_Conversation 0 0 0 3533.687 0.421 441.69433720930226 86
stats: tr_Reply_To_Conversation 0 0 0 3819.631 0.478 593.7431860465117 86
stats: tr_Get_Book 0 0 0 7604.068 0.437 1688.9192537313431 268
stats: tr_Get_New_Book 0 0 0 3088.048 0.46 791.2412010869565 184
stats: tr_Post_New_Book 0 0 0 3080.423 0.496 792.3866521739131 184
stats: tr_Redirect_To_New_Book 0 0 0 5133.93 0.53 1157.0327267759567 183
# stats: dump at 1575876772
stats: users 0 477
stats: {freemem,"tsung_controller@ip-172-31-21-126"} 1 375454.171875 0.0 375611.5859375 375350.14453125 375520.34209735575 26
stats: {load,"tsung_controller@ip-172-31-21-126"} 1 0.0703125 0.0 0.0703125 0.0 0.007962740384615384 26
stats: {recvpackets,"tsung_controller@ip-172-31-21-126"} 1 218.0 0.0 6590 18 2070.96 25
stats: {sentpackets,"tsung_controller@ip-172-31-21-126"} 1 1150.0 0.0 3761 17 1222.6399999999996 25
stats: {cpu,"tsung_controller@ip-172-31-21-126"} 1 0.028114749830790858 0.0 0.4407857031209295 0.00312269051014354 0.05564281892714496 26
stats: session 1 68001.726 0.0 68001.726 3755.965 25177.368635675677 925
stats: users_count 0 926
stats: finish_users_count 1 926
stats: request 1 16.745 0.0 8096.083 0.32 1113.2036261244607 8115
stats: connect 0 0 0 21.131 0.583 1.0658310139165015 1006
stats: page 1 16.745 0.0 8096.083 0.32 1125.1289792003981 8029
stats: tr_Initial_Get_Root 0 0 0 4932.829 1.134 1178.8916612612613 555
stats: 302 0 2377
stats: tr_Redirect_Root 0 0 0 6852.714 0.417 1471.5903596112305 926
stats: 200 1 3988
stats: tr_Post_New_Comment_On_Post 0 0 0 4390.23 0.412 879.9967719298247 285
stats: size_rcv 2849 43179257
stats: tr_Get_Post 0 0 0 8102.271 0.533 2200.0818456140355 285
stats: newphase 0 4
stats: tr_Post_New_Comment_On_Comment 0 0 0 3614.322 0.424 547.8567438596492 285
stats: 502 0 1441
stats: tr_Redirect_To_Post 0 0 0 7857.209 0.579 1598.622049122807 570
stats: 422 0 199
stats: tr_Post_New_Post 0 0 0 3809.438 0.411 689.2586343283581 268
stats: size_sent 359 4125402
stats: tr_Get_New_Post 0 0 0 3163.467 0.503 715.9815485074628 268
stats: connected -1 0
stats: tr_Get_Logout 0 0 0 3596.228 0.438 997.3306116504856 103
stats: 400 0 80
stats: tr_Redirect_To_New_Post 0 0 0 5184.309 0.476 855.9263208955224 268
stats: 404 0 31
stats: tr_Get_Root 0 0 0 4405.449 1.23 1088.9804186046515 86
stats: tr_Get_Conversations 0 0 0 2865.09 0.459 933.3907093023257 86
stats: tr_Authenticate_User 0 0 0 24580.334 168.361 6851.029787257019 926
stats: tr_Get_Login 0 0 0 2834.712 0.482 794.7006893203884 103
stats: tr_Post_Login 0 0 0 2772.396 0.507 941.6578349514563 103
stats: tr_Get_New_Conversation 0 0 0 3611.942 0.523 985.5212674418606 86
stats: tr_Post_New_Conversation 0 0 0 4125.801 0.533 939.1504999999999 86
stats: tr_Redirect_To_New_Conversation 0 0 0 3432.001 0.734 645.0388488372096 86
stats: tr_Redirect_To_Same_Conversation 0 0 0 3533.687 0.421 441.69433720930226 86
stats: tr_Reply_To_Conversation 0 0 0 3819.631 0.478 593.7431860465117 86
stats: tr_Get_Book 0 0 0 7604.068 0.437 1688.9192537313431 268
stats: tr_Get_New_Book 0 0 0 3088.048 0.46 791.2412010869565 184
stats: tr_Post_New_Book 0 0 0 3080.423 0.496 792.3866521739131 184
stats: tr_Redirect_To_New_Book 1 16.84 0.0 5133.93 0.53 1157.0327267759567 183
EndMonitor:{1575,876772,323663}
