
=INFO REPORT==== 5-Dec-2019::11:23:52 ===
    ts_config_server:(5:<0.102.0>) Config server started, logdir is "/home/ec2-user/.tsung/log/20191205-1123"
 
=INFO REPORT==== 5-Dec-2019::11:23:52 ===
              ts_mon:(5:<0.83.0>) starting monitor, global 

=INFO REPORT==== 5-Dec-2019::11:23:52 ===
           ts_config:(5:<0.102.0>) Reading config file: simple.xml

=INFO REPORT==== 5-Dec-2019::11:23:52 ===
           ts_config:(5:<0.102.0>) Session name for id 1 is "Make Post"

=INFO REPORT==== 5-Dec-2019::11:23:52 ===
    ts_config_server:(4:<0.102.0>) SYSINFO:Tsung version: 1.7.0

=INFO REPORT==== 5-Dec-2019::11:23:52 ===
    ts_config_server:(4:<0.102.0>) SYSINFO:Erlang version: Erlang/OTP 20 [erts-9.1] [source] [64-bit] [smp:2:2] [ds:2:2:10] [async-threads:8] [hipe] [kernel-poll:true]


=INFO REPORT==== 5-Dec-2019::11:23:52 ===
    ts_config_server:(4:<0.102.0>) SYSINFO:System architecture x86_64-unknown-linux-gnu

=INFO REPORT==== 5-Dec-2019::11:23:52 ===
    ts_config_server:(4:<0.102.0>) SYSINFO:Current path: /usr/local/lib/tsung/tsung-1.7.0/ebin/tsung.beam

=INFO REPORT==== 5-Dec-2019::11:23:52 ===
              ts_mon:(5:<0.103.0>) Activate clients with text backend

=INFO REPORT==== 5-Dec-2019::11:23:52 ===
              ts_mon:(5:<0.103.0>) Starting tsung clients on hosts: [localhost]

=INFO REPORT==== 5-Dec-2019::11:23:52 ===
    ts_config_server:(5:<0.102.0>) Start a launcher on the controller beam localhost

=INFO REPORT==== 5-Dec-2019::11:23:52 ===
  ts_launcher_static:(5:<0.154.0>) Launch msg receive ("localhost")

=INFO REPORT==== 5-Dec-2019::11:23:52 ===
         ts_launcher:(5:<0.155.0>) Launch msg receive ("localhost")

=INFO REPORT==== 5-Dec-2019::11:23:52 ===
    ts_config_server:(5:<0.102.0>) New arrival phase 1 for client "localhost" (last ? true): will start 30 users

=INFO REPORT==== 5-Dec-2019::11:23:52 ===
    ts_config_server:(5:<0.102.0>) New arrival phase 2 for client "localhost" (last ? true): will start 60 users

=INFO REPORT==== 5-Dec-2019::11:23:52 ===
         ts_launcher:(5:<0.155.0>) Expected duration of first phase: 15.0 sec (30 users) 

=INFO REPORT==== 5-Dec-2019::11:23:52 ===
         ts_launcher:(5:<0.155.0>) Activate launcher (30 users) in 1222 msec 

=INFO REPORT==== 5-Dec-2019::11:24:08 ===
         ts_launcher:(5:<0.155.0>) Phase duration exceeded, but not all users were launched (9 users, 30.0% of phase)

=INFO REPORT==== 5-Dec-2019::11:24:08 ===
         ts_launcher:(5:<0.155.0>) Start a new arrival phase (60 users, 0.004); expected duration=15.0 sec

=INFO REPORT==== 5-Dec-2019::11:24:23 ===
         ts_launcher:(5:<0.155.0>) Phase duration exceeded, but not all users were launched (5 users, 8.3% of phase)

=INFO REPORT==== 5-Dec-2019::11:24:23 ===
         ts_launcher:(5:<0.155.0>) This was the last phase, wait for connected users to finish their session

=INFO REPORT==== 5-Dec-2019::11:24:57 ===
           ts_client:(5:<0.160.0>) Pending transactions: [{tr_Get_Book,
                                                           -576460746106855254}], compute transaction time

=INFO REPORT==== 5-Dec-2019::11:25:02 ===
           ts_client:(5:<0.163.0>) Pending transactions: [{tr_Get_Book,
                                                           -576460741173822398}], compute transaction time

=INFO REPORT==== 5-Dec-2019::11:25:03 ===
           ts_client:(5:<0.162.0>) Pending transactions: [{tr_Get_Book,
                                                           -576460740779880356}], compute transaction time

=INFO REPORT==== 5-Dec-2019::11:25:03 ===
           ts_client:(5:<0.164.0>) Pending transactions: [{tr_Get_Book,
                                                           -576460740663877621}], compute transaction time

=INFO REPORT==== 5-Dec-2019::11:25:03 ===
           ts_client:(5:<0.157.0>) Pending transactions: [{tr_Get_Book,
                                                           -576460740284881974}], compute transaction time

=INFO REPORT==== 5-Dec-2019::11:25:06 ===
           ts_client:(5:<0.168.0>) Pending transactions: [{tr_Get_Book,
                                                           -576460737809821473}], compute transaction time

=INFO REPORT==== 5-Dec-2019::11:25:07 ===
           ts_client:(5:<0.161.0>) Pending transactions: [{tr_Get_Book,
                                                           -576460737051882166}], compute transaction time

=INFO REPORT==== 5-Dec-2019::11:25:07 ===
           ts_client:(5:<0.177.0>) Pending transactions: [{tr_Get_Book,
                                                           -576460736811887819}], compute transaction time

=INFO REPORT==== 5-Dec-2019::11:25:07 ===
           ts_client:(5:<0.165.0>) Pending transactions: [{tr_Get_Book,
                                                           -576460736460762921}], compute transaction time

=INFO REPORT==== 5-Dec-2019::11:25:09 ===
           ts_client:(5:<0.178.0>) Pending transactions: [{tr_Get_Book,
                                                           -576460735032796578}], compute transaction time

=INFO REPORT==== 5-Dec-2019::11:25:09 ===
           ts_client:(5:<0.174.0>) Pending transactions: [{tr_Get_Book,
                                                           -576460734210796815}], compute transaction time

=INFO REPORT==== 5-Dec-2019::11:25:11 ===
           ts_client:(5:<0.195.0>) Pending transactions: [{tr_Get_Book,
                                                           -576460733028891325}], compute transaction time

=INFO REPORT==== 5-Dec-2019::11:25:11 ===
           ts_client:(5:<0.181.0>) Pending transactions: [{tr_Get_Book,
                                                           -576460732345876297}], compute transaction time

=INFO REPORT==== 5-Dec-2019::11:25:12 ===
           ts_client:(5:<0.203.0>) Pending transactions: [{tr_Get_Book,
                                                           -576460731422883827}], compute transaction time

=INFO REPORT==== 5-Dec-2019::11:25:13 ===
           ts_client:(5:<0.198.0>) Pending transactions: [{tr_Get_Book,
                                                           -576460730895948755}], compute transaction time

=INFO REPORT==== 5-Dec-2019::11:25:13 ===
           ts_client:(5:<0.183.0>) Pending transactions: [{tr_Get_Book,
                                                           -576460730581804022}], compute transaction time

=INFO REPORT==== 5-Dec-2019::11:25:13 ===
           ts_client:(5:<0.196.0>) Pending transactions: [{tr_Get_Book,
                                                           -576460730515894143}], compute transaction time

=INFO REPORT==== 5-Dec-2019::11:25:13 ===
           ts_client:(5:<0.206.0>) Pending transactions: [{tr_Get_Book,
                                                           -576460730511890022}], compute transaction time

=INFO REPORT==== 5-Dec-2019::11:25:13 ===
           ts_client:(5:<0.200.0>) Pending transactions: [{tr_Get_Book,
                                                           -576460730460908295}], compute transaction time

=INFO REPORT==== 5-Dec-2019::11:25:13 ===
           ts_client:(5:<0.175.0>) Pending transactions: [{tr_Get_Book,
                                                           -576460730282883335}], compute transaction time

=INFO REPORT==== 5-Dec-2019::11:25:14 ===
           ts_client:(5:<0.202.0>) Pending transactions: [{tr_Get_Book,
                                                           -576460729122898573}], compute transaction time

=INFO REPORT==== 5-Dec-2019::11:25:15 ===
           ts_client:(5:<0.205.0>) Pending transactions: [{tr_Get_Book,
                                                           -576460728741811306}], compute transaction time

=INFO REPORT==== 5-Dec-2019::11:25:15 ===
           ts_client:(5:<0.201.0>) Pending transactions: [{tr_Get_Book,
                                                           -576460728504887160}], compute transaction time

=INFO REPORT==== 5-Dec-2019::11:25:17 ===
           ts_client:(5:<0.194.0>) Pending transactions: [{tr_Get_Book,
                                                           -576460726811884265}], compute transaction time

=INFO REPORT==== 5-Dec-2019::11:25:17 ===
           ts_client:(5:<0.188.0>) Pending transactions: [{tr_Get_Book,
                                                           -576460726614878775}], compute transaction time

=INFO REPORT==== 5-Dec-2019::11:25:17 ===
           ts_client:(5:<0.220.0>) Pending transactions: [{tr_Get_Book,
                                                           -576460726242909864}], compute transaction time

=INFO REPORT==== 5-Dec-2019::11:25:18 ===
           ts_client:(5:<0.214.0>) Pending transactions: [{tr_Get_Book,
                                                           -576460725487865656}], compute transaction time

=INFO REPORT==== 5-Dec-2019::11:25:18 ===
           ts_client:(5:<0.221.0>) Pending transactions: [{tr_Get_Book,
                                                           -576460725274829809}], compute transaction time

=INFO REPORT==== 5-Dec-2019::11:25:19 ===
           ts_client:(5:<0.204.0>) Pending transactions: [{tr_Get_Book,
                                                           -576460724569745219}], compute transaction time

=INFO REPORT==== 5-Dec-2019::11:25:20 ===
           ts_client:(5:<0.225.0>) Pending transactions: [{tr_Get_Book,
                                                           -576460723960847109}], compute transaction time

=INFO REPORT==== 5-Dec-2019::11:25:20 ===
           ts_client:(5:<0.213.0>) Pending transactions: [{tr_Get_Book,
                                                           -576460723422842826}], compute transaction time

=INFO REPORT==== 5-Dec-2019::11:25:21 ===
           ts_client:(5:<0.224.0>) Pending transactions: [{tr_Get_Book,
                                                           -576460722610921930}], compute transaction time

=INFO REPORT==== 5-Dec-2019::11:25:21 ===
           ts_client:(5:<0.215.0>) Pending transactions: [{tr_Get_Book,
                                                           -576460722568828600}], compute transaction time

=INFO REPORT==== 5-Dec-2019::11:25:21 ===
           ts_client:(5:<0.227.0>) Pending transactions: [{tr_Get_Book,
                                                           -576460722425902861}], compute transaction time

=INFO REPORT==== 5-Dec-2019::11:25:21 ===
           ts_client:(5:<0.209.0>) Pending transactions: [{tr_Get_Book,
                                                           -576460722247902510}], compute transaction time

=INFO REPORT==== 5-Dec-2019::11:25:22 ===
           ts_client:(5:<0.223.0>) Pending transactions: [{tr_Get_Book,
                                                           -576460722071905025}], compute transaction time

=INFO REPORT==== 5-Dec-2019::11:25:22 ===
           ts_client:(5:<0.197.0>) Pending transactions: [{tr_Get_Book,
                                                           -576460721830767743}], compute transaction time

=INFO REPORT==== 5-Dec-2019::11:25:22 ===
           ts_client:(5:<0.218.0>) Pending transactions: [{tr_Get_Book,
                                                           -576460721529835549}], compute transaction time

=INFO REPORT==== 5-Dec-2019::11:25:23 ===
           ts_client:(5:<0.207.0>) Pending transactions: [{tr_Get_Book,
                                                           -576460720618897506}], compute transaction time

=INFO REPORT==== 5-Dec-2019::11:25:23 ===
           ts_client:(5:<0.226.0>) Pending transactions: [{tr_Get_Book,
                                                           -576460720415436488}], compute transaction time

=INFO REPORT==== 5-Dec-2019::11:25:24 ===
           ts_client:(5:<0.211.0>) Pending transactions: [{tr_Get_Book,
                                                           -576460719953730423}], compute transaction time

=INFO REPORT==== 5-Dec-2019::11:25:24 ===
           ts_client:(5:<0.235.0>) Pending transactions: [{tr_Get_Book,
                                                           -576460719319853106}], compute transaction time

=INFO REPORT==== 5-Dec-2019::11:25:25 ===
           ts_client:(5:<0.233.0>) Pending transactions: [{tr_Get_Book,
                                                           -576460719017828476}], compute transaction time

=INFO REPORT==== 5-Dec-2019::11:25:25 ===
           ts_client:(5:<0.208.0>) Pending transactions: [{tr_Get_Book,
                                                           -576460718863946091}], compute transaction time

=INFO REPORT==== 5-Dec-2019::11:25:25 ===
           ts_client:(5:<0.242.0>) Pending transactions: [{tr_Get_Book,
                                                           -576460718473874025}], compute transaction time

=INFO REPORT==== 5-Dec-2019::11:25:25 ===
           ts_client:(5:<0.219.0>) Pending transactions: [{tr_Get_Book,
                                                           -576460718407910020}], compute transaction time

=INFO REPORT==== 5-Dec-2019::11:25:26 ===
           ts_client:(5:<0.234.0>) Pending transactions: [{tr_Get_Book,
                                                           -576460718010871711}], compute transaction time

=INFO REPORT==== 5-Dec-2019::11:25:26 ===
           ts_client:(5:<0.212.0>) Pending transactions: [{tr_Get_Book,
                                                           -576460717991817277}], compute transaction time

=INFO REPORT==== 5-Dec-2019::11:25:26 ===
           ts_client:(5:<0.229.0>) Pending transactions: [{tr_Get_Book,
                                                           -576460717707870086}], compute transaction time

=INFO REPORT==== 5-Dec-2019::11:25:26 ===
           ts_client:(5:<0.243.0>) Pending transactions: [{tr_Get_Book,
                                                           -576460717586892707}], compute transaction time

=INFO REPORT==== 5-Dec-2019::11:25:26 ===
           ts_client:(5:<0.246.0>) Pending transactions: [{tr_Get_Book,
                                                           -576460717163855275}], compute transaction time

=INFO REPORT==== 5-Dec-2019::11:25:26 ===
           ts_client:(5:<0.210.0>) Pending transactions: [{tr_Get_Book,
                                                           -576460717149830498}], compute transaction time

=INFO REPORT==== 5-Dec-2019::11:25:27 ===
           ts_client:(5:<0.244.0>) Pending transactions: [{tr_Get_Book,
                                                           -576460716692884997}], compute transaction time

=INFO REPORT==== 5-Dec-2019::11:25:27 ===
           ts_client:(5:<0.237.0>) Pending transactions: [{tr_Get_Book,
                                                           -576460716556856323}], compute transaction time

=INFO REPORT==== 5-Dec-2019::11:25:27 ===
           ts_client:(5:<0.217.0>) Pending transactions: [{tr_Get_Book,
                                                           -576460716305843341}], compute transaction time

=INFO REPORT==== 5-Dec-2019::11:25:27 ===
           ts_client:(5:<0.236.0>) Pending transactions: [{tr_Get_Book,
                                                           -576460716173922527}], compute transaction time

=INFO REPORT==== 5-Dec-2019::11:25:27 ===
           ts_client:(5:<0.239.0>) Pending transactions: [{tr_Get_Book,
                                                           -576460716122843170}], compute transaction time

=INFO REPORT==== 5-Dec-2019::11:25:28 ===
           ts_client:(5:<0.222.0>) Pending transactions: [{tr_Get_Book,
                                                           -576460715303931619}], compute transaction time

=INFO REPORT==== 5-Dec-2019::11:25:28 ===
           ts_client:(5:<0.228.0>) Pending transactions: [{tr_Get_Book,
                                                           -576460715180846510}], compute transaction time

=INFO REPORT==== 5-Dec-2019::11:25:29 ===
           ts_client:(5:<0.247.0>) Pending transactions: [{tr_Get_Book,
                                                           -576460714846825067}], compute transaction time

=INFO REPORT==== 5-Dec-2019::11:25:29 ===
           ts_client:(5:<0.249.0>) Pending transactions: [{tr_Get_Book,
                                                           -576460714522841215}], compute transaction time

=INFO REPORT==== 5-Dec-2019::11:25:29 ===
           ts_client:(5:<0.232.0>) Pending transactions: [{tr_Get_Book,
                                                           -576460714460880417}], compute transaction time

=INFO REPORT==== 5-Dec-2019::11:25:29 ===
           ts_client:(5:<0.176.0>) Pending transactions: [{tr_Get_Book,
                                                           -576460714369878198}], compute transaction time

=INFO REPORT==== 5-Dec-2019::11:25:29 ===
           ts_client:(5:<0.245.0>) Pending transactions: [{tr_Get_Book,
                                                           -576460714249815865}], compute transaction time

=INFO REPORT==== 5-Dec-2019::11:25:30 ===
           ts_search:(5:<0.241.0>) Dyn Var (RE): no Match (varname=authenticity_token), 

=INFO REPORT==== 5-Dec-2019::11:25:30 ===
           ts_client:(5:<0.241.0>) Pending transactions: [{tr_Get_Register,
                                                           -576460714049835818}], compute transaction time

=INFO REPORT==== 5-Dec-2019::11:25:30 ===
           ts_client:(5:<0.253.0>) Pending transactions: [{tr_Get_Book,
                                                           -576460713739876589}], compute transaction time

=INFO REPORT==== 5-Dec-2019::11:25:31 ===
           ts_client:(5:<0.254.0>) Pending transactions: [{tr_Get_Book,
                                                           -576460713005877563}], compute transaction time

=INFO REPORT==== 5-Dec-2019::11:25:31 ===
           ts_client:(5:<0.231.0>) Pending transactions: [{tr_Get_Book,
                                                           -576460712993811481}], compute transaction time

=INFO REPORT==== 5-Dec-2019::11:25:31 ===
           ts_client:(5:<0.199.0>) Pending transactions: [{tr_Get_Book,
                                                           -576460712839739077}], compute transaction time

=INFO REPORT==== 5-Dec-2019::11:25:31 ===
           ts_client:(5:<0.230.0>) Pending transactions: [{tr_Get_Book,
                                                           -576460712333823363}], compute transaction time

=INFO REPORT==== 5-Dec-2019::11:25:33 ===
           ts_client:(5:<0.248.0>) Pending transactions: [{tr_Redirect_Root,
                                                           -576460711050891742}], compute transaction time

=INFO REPORT==== 5-Dec-2019::11:25:33 ===
           ts_client:(5:<0.240.0>) Pending transactions: [{tr_Get_Book,
                                                           -576460710563891976}], compute transaction time

=INFO REPORT==== 5-Dec-2019::11:25:35 ===
           ts_client:(5:<0.255.0>) Pending transactions: [{tr_Redirect_Root,
                                                           -576460708763887122}], compute transaction time

=INFO REPORT==== 5-Dec-2019::11:25:35 ===
           ts_client:(5:<0.252.0>) Pending transactions: [{tr_Get_Book,
                                                           -576460708365826559}], compute transaction time

=INFO REPORT==== 5-Dec-2019::11:25:38 ===
           ts_client:(5:<0.238.0>) Pending transactions: [{tr_Get_Book,
                                                           -576460705307877565}], compute transaction time

=INFO REPORT==== 5-Dec-2019::11:26:31 ===
           ts_client:(5:<0.250.0>) Pending transactions: [{tr_Redirect_Root,
                                                           -576460653085899066}], compute transaction time

=INFO REPORT==== 5-Dec-2019::11:26:34 ===
     ts_launcher_mgr:(5:<0.149.0>) No more active users 'tsung_controller@ip-172-31-25-141' "5977"
