# stats: dump at 1575545042
stats: users 13 13
stats: {freemem,"tsung_controller@ip-172-31-25-141"} 1 733.9140625 0 733.9140625 733.9140625 0 0
stats: {load,"tsung_controller@ip-172-31-25-141"} 1 0.0 0 0.0 0.0 0 0
stats: {cpu,"tsung_controller@ip-172-31-25-141"} 1 0.15057154176133217 0 0.15057154176133217 0.15057154176133217 0 0
stats: users_count 13 13
stats: finish_users_count 0 0
stats: request 28 122.10660714285714 100.85353844537536 358.502 5.427 0 0
stats: connect 12 26.15116666666667 50.78977703047686 166.573 0.776 0 0
stats: page 28 122.10660714285714 100.85353844537536 358.502 5.427 0 0
stats: tr_Get_Root 10 171.05049999999997 92.67452028173656 358.678 81.781 0 0
stats: 302 5 5
stats: tr_Redirect_Root 4 182.07174999999998 12.774494654877744 195.011 160.958 0 0
stats: match 23 23
stats: tr_Get_Register 9 9.296222222222221 6.891096119515026 28.05 5.637 0 0
stats: 200 23 23
stats: tr_Post_Register 5 180.9444 74.07655191921395 328.992 138.575 0 0
stats: size_rcv 230872 230872
stats: size_sent 10651 10651
stats: connected 12 12
# stats: dump at 1575545052
stats: users 38 38
stats: {freemem,"tsung_controller@ip-172-31-25-141"} 1 728.0078125 0.0 733.9140625 728.0078125 733.9140625 1
stats: {load,"tsung_controller@ip-172-31-25-141"} 1 0.0 0.0 0.0 0.0 0.0 1
stats: {recvpackets,"tsung_controller@ip-172-31-25-141"} 1 644 0 644 644 0 0
stats: {sentpackets,"tsung_controller@ip-172-31-25-141"} 1 589 0 589 589 0 0
stats: {cpu,"tsung_controller@ip-172-31-25-141"} 1 0.6 0.0 0.6 0.15057154176133217 0.15057154176133217 1
stats: users_count 25 38
stats: finish_users_count 0 0
stats: request 64 201.55859375 141.9043702441805 572.485 5.28 122.10660714285714 28
stats: connect 22 11.748227272727275 45.14939592058572 218.275 0.727 26.15116666666667 12
stats: page 64 201.55859375 141.9043702441805 572.485 5.28 122.10660714285714 28
stats: tr_Get_Root 21 319.56471428571433 100.80561973286949 572.61 81.781 171.05049999999997 10
stats: 302 16 21
stats: tr_Redirect_Root 11 295.33899999999994 80.36361799290206 432.472 160.958 182.07174999999998 4
stats: match 48 71
stats: tr_Get_Register 16 12.4806875 17.007377592969583 72.647 5.441 9.296222222222221 9
stats: 200 48 71
stats: tr_Post_Register 16 171.8894375 38.88222451835921 328.992 138.575 180.9444 5
stats: size_rcv 518580 749452
stats: newphase 1 1
stats: size_sent 31973 42624
stats: connected 22 34
# stats: dump at 1575545062
stats: users 72 72
stats: {freemem,"tsung_controller@ip-172-31-25-141"} 1 719.1640625 0.0 733.9140625 719.1640625 730.9609375 2
stats: {load,"tsung_controller@ip-172-31-25-141"} 1 0.0 0.0 0.0 0.0 0.0 2
stats: {recvpackets,"tsung_controller@ip-172-31-25-141"} 1 1320.0 0.0 1320 644 644.0 1
stats: {sentpackets,"tsung_controller@ip-172-31-25-141"} 1 1193.0 0.0 1193 589 589.0 1
stats: {cpu,"tsung_controller@ip-172-31-25-141"} 1 0.4008016032064128 0.0 0.6 0.15057154176133217 0.37528577088066606 2
stats: users_count 34 72
stats: finish_users_count 0 0
stats: request 136 292.5494779411765 257.02236589279903 937.36 4.901 177.3775543478261 92
stats: connect 38 1.1829210526315794 1.7400630112846478 218.275 0.721 16.831617647058827 34
stats: page 136 292.5494779411765 257.02236589279903 937.36 4.901 177.3775543478261 92
stats: tr_Get_Root 39 515.6151538461538 220.9684877850858 937.475 81.781 271.6569032258065 31
stats: 302 35 56
stats: tr_Redirect_Root 24 462.59408333333334 179.8267236047238 873.923 160.958 265.13439999999997 15
stats: match 101 172
stats: tr_Get_Register 38 14.791157894736841 22.270754726329603 133.92 5.058 11.33428 25
stats: 200 101 172
stats: tr_Post_Register 35 229.51908571428572 128.60381946035915 628.827 138.575 174.04538095238098 21
stats: size_rcv 1037766 1787218
stats: newphase 0 1
stats: size_sent 68100 110724
stats: connected 38 72
# stats: dump at 1575545072
stats: users 76 76
stats: {freemem,"tsung_controller@ip-172-31-25-141"} 1 712.4453125 0.0 733.9140625 712.4453125 727.0286458333334 3
stats: {load,"tsung_controller@ip-172-31-25-141"} 1 0.0 0.0 0.0 0.0 0.0 3
stats: {recvpackets,"tsung_controller@ip-172-31-25-141"} 1 1102.0 0.0 1320 644 982.0 2
stats: {sentpackets,"tsung_controller@ip-172-31-25-141"} 1 578.0 0.0 1193 578 891.0 2
stats: {cpu,"tsung_controller@ip-172-31-25-141"} 1 0.5497251374312844 0.0 0.6 0.15057154176133217 0.38379104832258165 3
stats: users_count 4 76
stats: finish_users_count 0 0
stats: request 69 394.61252173913056 322.4354418988558 1770.131 4.901 246.0765964912281 228
stats: connect 4 11.75625 13.742245547489683 218.275 0.721 8.572583333333334 72
stats: page 69 394.61252173913056 322.4354418988558 1770.131 4.901 246.0765964912281 228
stats: tr_Get_Root 6 524.6063333333333 154.0527380700807 937.475 81.781 407.5765 70
stats: 302 18 74
stats: tr_Redirect_Root 33 611.6281212121213 295.71421136249586 1770.248 160.958 386.64805128205126 39
stats: match 51 223
stats: tr_Get_Register 12 12.796416666666666 21.99366374079261 133.92 5.058 13.419380952380951 63
stats: 200 51 223
stats: tr_Post_Register 18 208.55811111111115 78.56612488067255 628.827 138.575 208.71644642857146 56
stats: size_rcv 623202 2410420
stats: newphase 0 1
stats: size_sent 47730 158454
stats: connected 4 76
# stats: dump at 1575545082
stats: users 76 76
stats: {freemem,"tsung_controller@ip-172-31-25-141"} 1 711.2421875 0.0 733.9140625 711.2421875 723.3828125 4
stats: {load,"tsung_controller@ip-172-31-25-141"} 1 0.0 0.0 0.0 0.0 0.0 4
stats: {recvpackets,"tsung_controller@ip-172-31-25-141"} 1 439.0 0.0 1320 439 1022.0 3
stats: {sentpackets,"tsung_controller@ip-172-31-25-141"} 1 209.0 0.0 1193 209 786.6666666666666 3
stats: {cpu,"tsung_controller@ip-172-31-25-141"} 1 0.2001000500250125 0.0 0.6 0.15057154176133217 0.4252745705997573 4
stats: users_count 0 76
stats: finish_users_count 0 0
stats: request 0 0 0 1770.131 4.901 280.5849427609428 297
stats: connect 0 0 0 218.275 0.721 8.740144736842106 76
stats: page 0 0 0 1770.131 4.901 280.5849427609428 297
stats: tr_Get_Root 0 0 0 937.475 81.781 416.815697368421 76
stats: 302 0 74
stats: tr_Redirect_Root 0 0 0 1770.248 160.958 489.76391666666666 72
stats: match 0 223
stats: tr_Get_Register 0 0 0 133.92 5.058 13.319706666666667 75
stats: 200 0 223
stats: tr_Post_Register 0 0 0 628.827 138.575 208.67793243243244 74
stats: size_rcv 0 2410420
stats: newphase 0 1
stats: size_sent 2438 160892
stats: connected 0 76
# stats: dump at 1575545092
stats: users 76 76
stats: {freemem,"tsung_controller@ip-172-31-25-141"} 1 711.37890625 0.0 733.9140625 711.2421875 720.9546875 5
stats: {load,"tsung_controller@ip-172-31-25-141"} 1 0.0 0.0 0.0 0.0 0.0 5
stats: {recvpackets,"tsung_controller@ip-172-31-25-141"} 1 3.0 0.0 1320 3 876.25 4
stats: {sentpackets,"tsung_controller@ip-172-31-25-141"} 1 3.0 0.0 1193 3 642.25 4
stats: {cpu,"tsung_controller@ip-172-31-25-141"} 1 0.0 0.0 0.6 0.0 0.38023966648480834 5
stats: users_count 0 76
stats: finish_users_count 0 0
stats: request 0 0 0 1770.131 4.901 280.5849427609428 297
stats: connect 0 0 0 218.275 0.721 8.740144736842106 76
stats: page 0 0 0 1770.131 4.901 280.5849427609428 297
stats: tr_Get_Root 0 0 0 937.475 81.781 416.815697368421 76
stats: 302 0 74
stats: tr_Redirect_Root 0 0 0 1770.248 160.958 489.76391666666666 72
stats: match 0 223
stats: tr_Get_Register 0 0 0 133.92 5.058 13.319706666666667 75
stats: 200 0 223
stats: tr_Post_Register 0 0 0 628.827 138.575 208.67793243243244 74
stats: size_rcv 0 2410420
stats: newphase 0 1
stats: size_sent 0 160892
stats: connected 0 76
# stats: dump at 1575545102
stats: users 75 76
stats: {freemem,"tsung_controller@ip-172-31-25-141"} 1 711.38671875 0.0 733.9140625 711.2421875 719.3587239583334 6
stats: {load,"tsung_controller@ip-172-31-25-141"} 1 0.0 0.0 0.0 0.0 0.0 6
stats: {recvpackets,"tsung_controller@ip-172-31-25-141"} 1 6.0 0.0 1320 3 701.6 5
stats: {sentpackets,"tsung_controller@ip-172-31-25-141"} 1 6.0 0.0 1193 3 514.4 5
stats: {cpu,"tsung_controller@ip-172-31-25-141"} 1 0.05 0.0 0.6 0.0 0.31686638873734024 6
stats: session 1 62787.915 0 62787.915 62787.915 0 0
stats: users_count 0 76
stats: finish_users_count 1 1
stats: request 1 60009.786 0.0 60009.786 4.901 280.5849427609428 297
stats: connect 0 0 0 218.275 0.721 8.740144736842106 76
stats: page 1 60009.786 0.0 60009.786 4.901 280.5849427609428 297
stats: tr_Get_Root 0 0 0 937.475 81.781 416.815697368421 76
stats: 302 0 74
stats: tr_Redirect_Root 0 0 0 1770.248 160.958 489.76391666666666 72
stats: match_stop 1 1
stats: tr_Get_Register 0 0 0 133.92 5.058 13.319706666666667 75
stats: 504 1 1
stats: tr_Post_Register 0 0 0 628.827 138.575 208.67793243243244 74
stats: match 0 223
stats: tr_Get_Book 1 60009.979 0 60009.979 60009.979 0 0
stats: 200 0 223
stats: size_rcv 329 2410749
stats: newphase 0 1
stats: nomatch 1 1
stats: size_sent 0 160892
stats: connected -1 75
# stats: dump at 1575545112
stats: users 63 76
stats: {freemem,"tsung_controller@ip-172-31-25-141"} 1 711.58203125 0.0 733.9140625 711.2421875 718.2198660714286 7
stats: {load,"tsung_controller@ip-172-31-25-141"} 1 0.0 0.0 0.0 0.0 0.0 7
stats: {recvpackets,"tsung_controller@ip-172-31-25-141"} 1 9.0 0.0 1320 3 585.6666666666666 6
stats: {sentpackets,"tsung_controller@ip-172-31-25-141"} 1 13.0 0.0 1193 3 429.6666666666667 6
stats: {cpu,"tsung_controller@ip-172-31-25-141"} 1 0.05 0.0 0.6 0.0 0.27874261891772023 7
stats: session 12 67153.23441666667 2052.966891939988 70648.565 62787.915 62787.915 1
stats: users_count 0 76
stats: finish_users_count 12 13
stats: request 12 60004.60441666667 5.9292241968397486 60022.816 4.901 481.0185033557047 298
stats: connect 0 0 0 218.275 0.721 8.740144736842106 76
stats: page 12 60004.60441666667 5.9292241968397486 60022.816 4.901 481.0185033557047 298
stats: tr_Get_Root 0 0 0 937.475 81.781 416.815697368421 76
stats: 302 0 74
stats: tr_Redirect_Root 0 0 0 1770.248 160.958 489.76391666666666 72
stats: match_stop 12 13
stats: tr_Get_Register 0 0 0 133.92 5.058 13.319706666666667 75
stats: 504 12 13
stats: tr_Post_Register 0 0 0 628.827 138.575 208.67793243243244 74
stats: match 0 223
stats: tr_Get_Book 12 60004.77575000001 5.924266327643099 60022.976 59999.834 60009.979 1
stats: 200 0 223
stats: size_rcv 3948 2414697
stats: newphase 0 1
stats: nomatch 12 13
stats: size_sent 0 160892
stats: connected -12 63
# stats: dump at 1575545122
stats: users 38 76
stats: {freemem,"tsung_controller@ip-172-31-25-141"} 1 711.765625 0.0 733.9140625 711.2421875 717.39013671875 8
stats: {load,"tsung_controller@ip-172-31-25-141"} 1 0.0 0.0 0.0 0.0 0.0 8
stats: {recvpackets,"tsung_controller@ip-172-31-25-141"} 1 31.0 0.0 1320 3 503.2857142857143 7
stats: {sentpackets,"tsung_controller@ip-172-31-25-141"} 1 42.0 0.0 1193 3 370.14285714285717 7
stats: {cpu,"tsung_controller@ip-172-31-25-141"} 1 0.15 0.0 0.6 0.0 0.2501497915530052 8
stats: session 25 67237.70316 2994.89280183561 74282.627 62611.889 66817.44061538462 13
stats: users_count 0 76
stats: finish_users_count 25 38
stats: request 24 59999.877291666664 2.8813906289501676 60022.816 4.901 2785.157312903226 310
stats: connect 0 0 0 218.275 0.721 8.740144736842106 76
stats: page 24 59999.877291666664 2.8813906289501676 60022.816 4.901 2785.157312903226 310
stats: tr_Get_Root 0 0 0 937.475 81.781 416.815697368421 76
stats: 302 0 74
stats: tr_Redirect_Root 0 0 0 1770.248 160.958 489.76391666666666 72
stats: match_stop 24 37
stats: tr_Get_Register 0 0 0 133.92 5.058 13.319706666666667 75
stats: 504 24 37
stats: tr_Post_Register 0 0 0 628.827 138.575 208.67793243243244 74
stats: match 0 223
stats: tr_Get_Book 24 60000.04995833332 2.8941070511072176 60022.976 59996.305 60005.176000000014 13
stats: 200 0 223
stats: size_rcv 7896 2422593
stats: newphase 0 1
stats: nomatch 24 37
stats: size_sent 0 160892
stats: connected -24 39
# stats: dump at 1575545132
stats: users 6 76
stats: {freemem,"tsung_controller@ip-172-31-25-141"} 1 711.63671875 0.0 733.9140625 711.2421875 716.7651909722222 9
stats: {load,"tsung_controller@ip-172-31-25-141"} 1 0.0 0.0 0.0 0.0 0.0 9
stats: {recvpackets,"tsung_controller@ip-172-31-25-141"} 1 42.0 0.0 1320 3 444.25 8
stats: {sentpackets,"tsung_controller@ip-172-31-25-141"} 1 63.0 0.0 1193 3 329.125 8
stats: {cpu,"tsung_controller@ip-172-31-25-141"} 1 0.0 0.0 0.6 0.0 0.23902203693600463 9
stats: session 32 70863.85378124999 4796.768538355437 87731.546 62611.889 67093.92913157895 38
stats: users_count 0 76
stats: finish_users_count 32 70
stats: request 34 60000.5469117647 2.264274788039168 60022.816 4.901 6896.394676646706 334
stats: connect 0 0 0 218.275 0.721 8.740144736842106 76
stats: page 34 60000.5469117647 2.264274788039168 60022.816 4.901 6896.394676646706 334
stats: tr_Get_Root 0 0 0 937.475 81.781 416.815697368421 76
stats: 302 0 74
stats: tr_Redirect_Root 0 0 0 1770.248 160.958 489.76391666666666 72
stats: match_stop 33 70
stats: tr_Get_Register 1 59998.913 0.0 59998.913 5.058 13.319706666666667 75
stats: 504 34 71
stats: tr_Post_Register 1 60002.026 0.0 60002.026 138.575 208.67793243243244 74
stats: match 0 223
stats: tr_Get_Book 32 60000.726718750004 2.3057545298996494 60022.976 59995.745 60001.850999999995 37
stats: 200 0 223
stats: size_rcv 11186 2433779
stats: newphase 0 1
stats: nomatch 33 70
stats: size_sent 346 161238
stats: connected -33 6
# stats: dump at 1575545142
stats: users 1 76
stats: {freemem,"tsung_controller@ip-172-31-25-141"} 1 715.5390625 0.0 733.9140625 711.2421875 716.25234375 10
stats: {load,"tsung_controller@ip-172-31-25-141"} 1 0.0 0.0 0.0 0.0 0.0 10
stats: {recvpackets,"tsung_controller@ip-172-31-25-141"} 1 68.0 0.0 1320 3 399.55555555555554 9
stats: {sentpackets,"tsung_controller@ip-172-31-25-141"} 1 101.0 0.0 1193 3 299.55555555555554 9
stats: {cpu,"tsung_controller@ip-172-31-25-141"} 1 0.14992503748125938 0.0 0.6 0.0 0.21511983324240416 10
stats: session 5 73806.80780000001 2959.8319972216195 87731.546 62611.889 68817.32325714285 70
stats: users_count 0 76
stats: finish_users_count 5 75
stats: request 5 60000.654 0.9612354550263982 60022.816 4.901 11802.75656793478 368
stats: connect 0 0 0 218.275 0.721 8.740144736842106 76
stats: page 5 60000.654 0.9612354550263982 60022.816 4.901 11802.75656793478 368
stats: tr_Get_Root 0 0 0 937.475 81.781 416.815697368421 76
stats: 302 0 74
stats: tr_Redirect_Root 2 60001.433000000005 0.25900000000001455 60001.692 160.958 489.76391666666666 72
stats: match_stop 5 75
stats: tr_Get_Register 0 0 0 59998.913 5.058 802.6038289473685 76
stats: 504 5 76
stats: tr_Post_Register 0 0 0 60002.026 138.575 1005.9225733333333 75
stats: match 0 223
stats: tr_Get_Book 3 60000.41966666666 1.0157277631788968 60022.976 59995.745 60001.32959420289 69
stats: 200 0 223
stats: size_rcv 1645 2435424
stats: newphase 0 1
stats: nomatch 5 75
stats: size_sent 0 161238
stats: connected -5 1
# stats: dump at 1575545152
stats: users 1 76
stats: {freemem,"tsung_controller@ip-172-31-25-141"} 1 717.06640625 0.0 733.9140625 711.2421875 716.1875 11
stats: {load,"tsung_controller@ip-172-31-25-141"} 1 0.0 0.0 0.0 0.0 0.0 11
stats: {recvpackets,"tsung_controller@ip-172-31-25-141"} 1 11.0 0.0 1320 3 366.4 10
stats: {sentpackets,"tsung_controller@ip-172-31-25-141"} 1 14.0 0.0 1193 3 279.7 10
stats: {cpu,"tsung_controller@ip-172-31-25-141"} 1 0.1 0.0 0.6 0.0 0.20919303362775465 11
stats: session 0 0 0 87731.546 62611.889 69149.95555999999 75
stats: users_count 0 76
stats: finish_users_count 0 75
stats: request 0 0 0 60022.816 4.901 12448.840983914206 373
stats: connect 0 0 0 218.275 0.721 8.740144736842106 76
stats: page 0 0 0 60022.816 4.901 12448.840983914206 373
stats: tr_Get_Root 0 0 0 937.475 81.781 416.815697368421 76
stats: 302 0 74
stats: tr_Redirect_Root 0 0 0 60001.692 160.958 2098.1874054054056 74
stats: match_stop 0 75
stats: tr_Get_Register 0 0 0 59998.913 5.058 802.6038289473685 76
stats: 504 0 76
stats: tr_Post_Register 0 0 0 60002.026 138.575 1005.9225733333333 75
stats: match 0 223
stats: tr_Get_Book 0 0 0 60022.976 59995.745 60001.29168055554 72
stats: 200 0 223
stats: size_rcv 0 2435424
stats: newphase 0 1
stats: nomatch 0 75
stats: size_sent 0 161238
stats: connected 0 1
# stats: dump at 1575545162
stats: users 1 76
stats: {freemem,"tsung_controller@ip-172-31-25-141"} 1 717.06640625 0.0 733.9140625 711.2421875 716.2607421875 12
stats: {load,"tsung_controller@ip-172-31-25-141"} 1 0.0 0.0 0.0 0.0 0.0 12
stats: {recvpackets,"tsung_controller@ip-172-31-25-141"} 1 0.0 0.0 1320 0 334.09090909090907 11
stats: {sentpackets,"tsung_controller@ip-172-31-25-141"} 1 0.0 0.0 1193 0 255.54545454545453 11
stats: {cpu,"tsung_controller@ip-172-31-25-141"} 1 0.05 0.0 0.6 0.0 0.2000936141587751 12
stats: session 0 0 0 87731.546 62611.889 69149.95555999999 75
stats: users_count 0 76
stats: finish_users_count 0 75
stats: request 0 0 0 60022.816 4.901 12448.840983914206 373
stats: connect 0 0 0 218.275 0.721 8.740144736842106 76
stats: page 0 0 0 60022.816 4.901 12448.840983914206 373
stats: tr_Get_Root 0 0 0 937.475 81.781 416.815697368421 76
stats: 302 0 74
stats: tr_Redirect_Root 0 0 0 60001.692 160.958 2098.1874054054056 74
stats: match_stop 0 75
stats: tr_Get_Register 0 0 0 59998.913 5.058 802.6038289473685 76
stats: 504 0 76
stats: tr_Post_Register 0 0 0 60002.026 138.575 1005.9225733333333 75
stats: match 0 223
stats: tr_Get_Book 0 0 0 60022.976 59995.745 60001.29168055554 72
stats: 200 0 223
stats: size_rcv 0 2435424
stats: newphase 0 1
stats: nomatch 0 75
stats: size_sent 0 161238
stats: connected 0 1
# stats: dump at 1575545172
stats: users 1 76
stats: {freemem,"tsung_controller@ip-172-31-25-141"} 1 717.20703125 0.0 733.9140625 711.2421875 716.3227163461538 13
stats: {load,"tsung_controller@ip-172-31-25-141"} 1 0.0 0.0 0.0 0.0 0.0 13
stats: {recvpackets,"tsung_controller@ip-172-31-25-141"} 1 1.0 0.0 1320 0 306.24999999999994 12
stats: {sentpackets,"tsung_controller@ip-172-31-25-141"} 1 1.0 0.0 1193 0 234.25 12
stats: {cpu,"tsung_controller@ip-172-31-25-141"} 1 0.0 0.0 0.6 0.0 0.188547951531177 13
stats: session 0 0 0 87731.546 62611.889 69149.95555999999 75
stats: users_count 0 76
stats: finish_users_count 0 75
stats: request 0 0 0 60022.816 4.901 12448.840983914206 373
stats: connect 0 0 0 218.275 0.721 8.740144736842106 76
stats: page 0 0 0 60022.816 4.901 12448.840983914206 373
stats: tr_Get_Root 0 0 0 937.475 81.781 416.815697368421 76
stats: 302 0 74
stats: tr_Redirect_Root 0 0 0 60001.692 160.958 2098.1874054054056 74
stats: match_stop 0 75
stats: tr_Get_Register 0 0 0 59998.913 5.058 802.6038289473685 76
stats: 504 0 76
stats: tr_Post_Register 0 0 0 60002.026 138.575 1005.9225733333333 75
stats: match 0 223
stats: tr_Get_Book 0 0 0 60022.976 59995.745 60001.29168055554 72
stats: 200 0 223
stats: size_rcv 0 2435424
stats: newphase 0 1
stats: nomatch 0 75
stats: size_sent 0 161238
stats: connected 0 1
# stats: dump at 1575545182
stats: users 1 76
stats: {freemem,"tsung_controller@ip-172-31-25-141"} 1 717.26171875 0.0 733.9140625 711.2421875 716.3858816964286 14
stats: {load,"tsung_controller@ip-172-31-25-141"} 1 0.0 0.0 0.0 0.0 0.0 14
stats: {recvpackets,"tsung_controller@ip-172-31-25-141"} 1 0.0 0.0 1320 0 282.7692307692307 13
stats: {sentpackets,"tsung_controller@ip-172-31-25-141"} 1 0.0 0.0 1193 0 216.30769230769232 13
stats: {cpu,"tsung_controller@ip-172-31-25-141"} 1 0.04997501249375312 0.0 0.6 0.0 0.1750802407075215 14
stats: session 0 0 0 87731.546 62611.889 69149.95555999999 75
stats: users_count 0 76
stats: finish_users_count 0 75
stats: request 0 0 0 60022.816 4.901 12448.840983914206 373
stats: connect 0 0 0 218.275 0.721 8.740144736842106 76
stats: page 0 0 0 60022.816 4.901 12448.840983914206 373
stats: tr_Get_Root 0 0 0 937.475 81.781 416.815697368421 76
stats: 302 0 74
stats: tr_Redirect_Root 0 0 0 60001.692 160.958 2098.1874054054056 74
stats: match_stop 0 75
stats: tr_Get_Register 0 0 0 59998.913 5.058 802.6038289473685 76
stats: 504 0 76
stats: tr_Post_Register 0 0 0 60002.026 138.575 1005.9225733333333 75
stats: match 0 223
stats: tr_Get_Book 0 0 0 60022.976 59995.745 60001.29168055554 72
stats: 200 0 223
stats: size_rcv 0 2435424
stats: newphase 0 1
stats: nomatch 0 75
stats: size_sent 0 161238
stats: connected 0 1
# stats: dump at 1575545192
stats: users 0 76
stats: {freemem,"tsung_controller@ip-172-31-25-141"} 1 717.27734375 0.0 733.9140625 711.2421875 716.4442708333333 15
stats: {load,"tsung_controller@ip-172-31-25-141"} 1 0.0 0.0 0.0 0.0 0.0 15
stats: {recvpackets,"tsung_controller@ip-172-31-25-141"} 1 6.0 0.0 1320 0 262.5714285714285 14
stats: {sentpackets,"tsung_controller@ip-172-31-25-141"} 1 6.0 0.0 1193 0 200.85714285714286 14
stats: {cpu,"tsung_controller@ip-172-31-25-141"} 1 0.0 0.0 0.6 0.0 0.16673989215993693 15
stats: session 1 129144.026 0.0 129144.026 62611.889 69149.95555999999 75
stats: users_count 0 76
stats: finish_users_count 1 76
stats: request 1 60045.053 0.0 60045.053 4.901 12448.840983914206 373
stats: connect 0 0 0 218.275 0.721 8.740144736842106 76
stats: page 1 60045.053 0.0 60045.053 4.901 12448.840983914206 373
stats: tr_Get_Root 0 0 0 937.475 81.781 416.815697368421 76
stats: 302 0 74
stats: tr_Redirect_Root 1 60045.184 0.0 60045.184 160.958 2098.1874054054056 74
stats: match_stop 1 76
stats: tr_Get_Register 0 0 0 59998.913 5.058 802.6038289473685 76
stats: 504 1 77
stats: tr_Post_Register 0 0 0 60002.026 138.575 1005.9225733333333 75
stats: match 0 223
stats: tr_Get_Book 0 0 0 60022.976 59995.745 60001.29168055554 72
stats: 200 0 223
stats: size_rcv 329 2435753
stats: newphase 0 1
stats: nomatch 1 76
stats: size_sent 0 161238
stats: connected -1 0
# stats: dump at 1575545194
stats: users 0 76
stats: {freemem,"tsung_controller@ip-172-31-25-141"} 1 717.28515625 0.0 733.9140625 711.2421875 716.496337890625 16
stats: {load,"tsung_controller@ip-172-31-25-141"} 1 0.0 0.0 0.0 0.0 0.0 16
stats: {recvpackets,"tsung_controller@ip-172-31-25-141"} 1 3.0 0.0 1320 0 245.4666666666666 15
stats: {sentpackets,"tsung_controller@ip-172-31-25-141"} 1 5.0 0.0 1193 0 187.86666666666667 15
stats: {cpu,"tsung_controller@ip-172-31-25-141"} 1 0.0 0.0 0.6 0.0 0.15631864889994088 16
stats: session 0 0 0 129144.026 62611.889 69939.35122368419 76
stats: users_count 0 76
stats: finish_users_count 0 76
stats: request 0 0 0 60045.053 4.901 12576.1035828877 374
stats: connect 0 0 0 218.275 0.721 8.740144736842106 76
stats: page 0 0 0 60045.053 4.901 12576.1035828877 374
stats: tr_Get_Root 0 0 0 937.475 81.781 416.815697368421 76
stats: 302 0 74
stats: tr_Redirect_Root 0 0 0 60045.184 160.958 2870.814026666667 75
stats: match_stop 0 76
stats: tr_Get_Register 0 0 0 59998.913 5.058 802.6038289473685 76
stats: 504 0 77
stats: tr_Post_Register 0 0 0 60002.026 138.575 1005.9225733333333 75
stats: match 0 223
stats: tr_Get_Book 0 0 0 60022.976 59995.745 60001.29168055554 72
stats: 200 0 223
stats: size_rcv 0 2435753
stats: newphase 0 1
stats: nomatch 0 76
stats: size_sent 0 161238
stats: connected 0 0
EndMonitor:{1575,545194,522297}
