
=INFO REPORT==== 10-Dec-2019::10:22:34 ===
    ts_config_server:(5:<0.102.0>) Config server started, logdir is "/home/ec2-user/.tsung/log/20191210-1022"
 
=INFO REPORT==== 10-Dec-2019::10:22:34 ===
              ts_mon:(5:<0.83.0>) starting monitor, global 

=INFO REPORT==== 10-Dec-2019::10:22:34 ===
           ts_config:(5:<0.102.0>) Reading config file: no-abort.xml

=INFO REPORT==== 10-Dec-2019::10:22:34 ===
           ts_config:(5:<0.102.0>) Session name for id 1 is "Register-Logout-Login"

=INFO REPORT==== 10-Dec-2019::10:22:34 ===
           ts_config:(5:<0.102.0>) Session name for id 2 is "Create-Book"

=INFO REPORT==== 10-Dec-2019::10:22:34 ===
           ts_config:(5:<0.102.0>) Session name for id 3 is "Create-Post"

=INFO REPORT==== 10-Dec-2019::10:22:34 ===
           ts_config:(5:<0.102.0>) Session name for id 4 is "Add_Comment"

=INFO REPORT==== 10-Dec-2019::10:22:34 ===
           ts_config:(5:<0.102.0>) Session name for id 5 is "Send-Message"

=INFO REPORT==== 10-Dec-2019::10:22:34 ===
    ts_config_server:(4:<0.102.0>) SYSINFO:Tsung version: 1.7.0

=INFO REPORT==== 10-Dec-2019::10:22:34 ===
    ts_config_server:(4:<0.102.0>) SYSINFO:Erlang version: Erlang/OTP 20 [erts-9.1] [source] [64-bit] [smp:96:96] [ds:96:96:10] [async-threads:8] [hipe] [kernel-poll:true]


=INFO REPORT==== 10-Dec-2019::10:22:34 ===
    ts_config_server:(4:<0.102.0>) SYSINFO:System architecture x86_64-unknown-linux-gnu

=INFO REPORT==== 10-Dec-2019::10:22:34 ===
    ts_config_server:(4:<0.102.0>) SYSINFO:Current path: /usr/local/lib/tsung/tsung-1.7.0/ebin/tsung.beam

=INFO REPORT==== 10-Dec-2019::10:22:34 ===
              ts_mon:(5:<0.103.0>) Activate clients with text backend

=INFO REPORT==== 10-Dec-2019::10:22:34 ===
              ts_mon:(5:<0.103.0>) Starting tsung clients on hosts: [localhost]

=INFO REPORT==== 10-Dec-2019::10:22:34 ===
    ts_config_server:(5:<0.102.0>) Start a launcher on the controller beam localhost

=INFO REPORT==== 10-Dec-2019::10:22:34 ===
  ts_launcher_static:(5:<0.154.0>) Launch msg receive ("localhost")

=INFO REPORT==== 10-Dec-2019::10:22:34 ===
         ts_launcher:(5:<0.155.0>) Launch msg receive ("localhost")

=INFO REPORT==== 10-Dec-2019::10:22:34 ===
    ts_config_server:(5:<0.102.0>) New arrival phase 1 for client "localhost" (last ? true): will start 30 users

=INFO REPORT==== 10-Dec-2019::10:22:34 ===
    ts_config_server:(5:<0.102.0>) New arrival phase 2 for client "localhost" (last ? true): will start 60 users

=INFO REPORT==== 10-Dec-2019::10:22:34 ===
    ts_config_server:(5:<0.102.0>) New arrival phase 3 for client "localhost" (last ? true): will start 120 users

=INFO REPORT==== 10-Dec-2019::10:22:34 ===
    ts_config_server:(5:<0.102.0>) New arrival phase 4 for client "localhost" (last ? true): will start 240 users

=INFO REPORT==== 10-Dec-2019::10:22:34 ===
    ts_config_server:(5:<0.102.0>) New arrival phase 5 for client "localhost" (last ? true): will start 480 users

=INFO REPORT==== 10-Dec-2019::10:22:34 ===
    ts_config_server:(5:<0.102.0>) New arrival phase 6 for client "localhost" (last ? true): will start 960 users

=INFO REPORT==== 10-Dec-2019::10:22:34 ===
    ts_config_server:(5:<0.102.0>) New arrival phase 7 for client "localhost" (last ? true): will start 1920 users

=INFO REPORT==== 10-Dec-2019::10:22:34 ===
    ts_config_server:(5:<0.102.0>) New arrival phase 8 for client "localhost" (last ? true): will start 3840 users

=INFO REPORT==== 10-Dec-2019::10:22:34 ===
         ts_launcher:(5:<0.155.0>) Expected duration of first phase: 15.0 sec (30 users) 

=INFO REPORT==== 10-Dec-2019::10:22:34 ===
         ts_launcher:(5:<0.155.0>) Activate launcher (30 users) in 1298 msec 

=INFO REPORT==== 10-Dec-2019::10:22:49 ===
         ts_launcher:(4:<0.155.0>) Need to wait 0.967 sec before changing phase, going to sleep

=INFO REPORT==== 10-Dec-2019::10:22:50 ===
         ts_launcher:(5:<0.155.0>) Waking up

=INFO REPORT==== 10-Dec-2019::10:22:50 ===
         ts_launcher:(5:<0.155.0>) Wait for all sessions to finish before starting next phase (still 24 sessions active)
=INFO REPORT==== 10-Dec-2019::10:22:55 ===
         ts_launcher:(5:<0.155.0>) Wait for all sessions to finish before starting next phase (still 18 sessions active)
=INFO REPORT==== 10-Dec-2019::10:23:00 ===
         ts_launcher:(5:<0.155.0>) Wait for all sessions to finish before starting next phase (still 13 sessions active)
=INFO REPORT==== 10-Dec-2019::10:23:05 ===
         ts_launcher:(5:<0.155.0>) Wait for all sessions to finish before starting next phase (still 5 sessions active)
=INFO REPORT==== 10-Dec-2019::10:23:10 ===
         ts_launcher:(5:<0.155.0>) Wait for all sessions to finish before starting next phase (still 2 sessions active)
=INFO REPORT==== 10-Dec-2019::10:23:15 ===
         ts_launcher:(5:<0.155.0>) Wait for all sessions to finish before starting next phase (still 2 sessions active)
=INFO REPORT==== 10-Dec-2019::10:23:20 ===
         ts_launcher:(5:<0.155.0>) Start a new arrival phase (60 users, 0.004); expected duration=15.0 sec

=INFO REPORT==== 10-Dec-2019::10:23:36 ===
         ts_launcher:(5:<0.155.0>) Wait for all sessions to finish before starting next phase (still 43 sessions active)
=INFO REPORT==== 10-Dec-2019::10:23:41 ===
         ts_launcher:(5:<0.155.0>) Wait for all sessions to finish before starting next phase (still 28 sessions active)
=INFO REPORT==== 10-Dec-2019::10:23:46 ===
         ts_launcher:(5:<0.155.0>) Wait for all sessions to finish before starting next phase (still 17 sessions active)
=INFO REPORT==== 10-Dec-2019::10:23:51 ===
         ts_launcher:(5:<0.155.0>) Wait for all sessions to finish before starting next phase (still 9 sessions active)
=INFO REPORT==== 10-Dec-2019::10:23:56 ===
         ts_launcher:(5:<0.155.0>) Wait for all sessions to finish before starting next phase (still 4 sessions active)
=INFO REPORT==== 10-Dec-2019::10:24:01 ===
         ts_launcher:(5:<0.155.0>) Start a new arrival phase (120 users, 0.008); expected duration=15.0 sec

=INFO REPORT==== 10-Dec-2019::10:24:16 ===
         ts_launcher:(5:<0.155.0>) Wait for all sessions to finish before starting next phase (still 106 sessions active)
=INFO REPORT==== 10-Dec-2019::10:24:21 ===
         ts_launcher:(5:<0.155.0>) Wait for all sessions to finish before starting next phase (still 77 sessions active)
=INFO REPORT==== 10-Dec-2019::10:24:26 ===
         ts_launcher:(5:<0.155.0>) Wait for all sessions to finish before starting next phase (still 49 sessions active)
=INFO REPORT==== 10-Dec-2019::10:24:31 ===
         ts_launcher:(5:<0.155.0>) Wait for all sessions to finish before starting next phase (still 21 sessions active)
=INFO REPORT==== 10-Dec-2019::10:24:36 ===
         ts_launcher:(5:<0.155.0>) Wait for all sessions to finish before starting next phase (still 7 sessions active)
=INFO REPORT==== 10-Dec-2019::10:24:41 ===
         ts_launcher:(5:<0.155.0>) Wait for all sessions to finish before starting next phase (still 3 sessions active)
=INFO REPORT==== 10-Dec-2019::10:24:46 ===
         ts_launcher:(5:<0.155.0>) Wait for all sessions to finish before starting next phase (still 1 sessions active)
=INFO REPORT==== 10-Dec-2019::10:24:51 ===
         ts_launcher:(5:<0.155.0>) Wait for all sessions to finish before starting next phase (still 1 sessions active)
=INFO REPORT==== 10-Dec-2019::10:24:56 ===
         ts_launcher:(5:<0.155.0>) Start a new arrival phase (240 users, 0.016); expected duration=15.0 sec

=INFO REPORT==== 10-Dec-2019::10:25:11 ===
         ts_launcher:(5:<0.155.0>) Phase duration exceeded, but not all users were launched (4 users, 1.7% of phase)

=INFO REPORT==== 10-Dec-2019::10:25:11 ===
         ts_launcher:(5:<0.155.0>) Wait for all sessions to finish before starting next phase (still 208 sessions active)
=INFO REPORT==== 10-Dec-2019::10:25:16 ===
         ts_launcher:(5:<0.155.0>) Wait for all sessions to finish before starting next phase (still 136 sessions active)
=INFO REPORT==== 10-Dec-2019::10:25:21 ===
         ts_launcher:(5:<0.155.0>) Wait for all sessions to finish before starting next phase (still 72 sessions active)
=INFO REPORT==== 10-Dec-2019::10:25:26 ===
         ts_launcher:(5:<0.155.0>) Wait for all sessions to finish before starting next phase (still 29 sessions active)
=INFO REPORT==== 10-Dec-2019::10:25:31 ===
         ts_launcher:(5:<0.155.0>) Wait for all sessions to finish before starting next phase (still 19 sessions active)
=INFO REPORT==== 10-Dec-2019::10:25:36 ===
         ts_launcher:(5:<0.155.0>) Wait for all sessions to finish before starting next phase (still 5 sessions active)
=INFO REPORT==== 10-Dec-2019::10:25:41 ===
         ts_launcher:(5:<0.155.0>) Wait for all sessions to finish before starting next phase (still 1 sessions active)
=INFO REPORT==== 10-Dec-2019::10:25:46 ===
         ts_launcher:(5:<0.155.0>) Start a new arrival phase (480 users, 0.032); expected duration=15.0 sec

=INFO REPORT==== 10-Dec-2019::10:26:01 ===
         ts_launcher:(5:<0.155.0>) Phase duration exceeded, but not all users were launched (42 users, 8.8% of phase)

=INFO REPORT==== 10-Dec-2019::10:26:01 ===
         ts_launcher:(5:<0.155.0>) Wait for all sessions to finish before starting next phase (still 378 sessions active)
=INFO REPORT==== 10-Dec-2019::10:26:06 ===
         ts_launcher:(5:<0.155.0>) Wait for all sessions to finish before starting next phase (still 271 sessions active)
=INFO REPORT==== 10-Dec-2019::10:26:11 ===
         ts_launcher:(5:<0.155.0>) Wait for all sessions to finish before starting next phase (still 165 sessions active)
=INFO REPORT==== 10-Dec-2019::10:26:16 ===
         ts_launcher:(5:<0.155.0>) Wait for all sessions to finish before starting next phase (still 78 sessions active)
=INFO REPORT==== 10-Dec-2019::10:26:21 ===
         ts_launcher:(5:<0.155.0>) Wait for all sessions to finish before starting next phase (still 27 sessions active)
=INFO REPORT==== 10-Dec-2019::10:26:26 ===
         ts_launcher:(5:<0.155.0>) Wait for all sessions to finish before starting next phase (still 7 sessions active)
=INFO REPORT==== 10-Dec-2019::10:26:32 ===
         ts_launcher:(5:<0.155.0>) Wait for all sessions to finish before starting next phase (still 2 sessions active)
=INFO REPORT==== 10-Dec-2019::10:26:37 ===
         ts_launcher:(5:<0.155.0>) Start a new arrival phase (960 users, 0.064); expected duration=15.0 sec

=INFO REPORT==== 10-Dec-2019::10:26:52 ===
         ts_launcher:(5:<0.155.0>) Phase duration exceeded, but not all users were launched (71 users, 7.4% of phase)

=INFO REPORT==== 10-Dec-2019::10:26:52 ===
         ts_launcher:(5:<0.155.0>) Wait for all sessions to finish before starting next phase (still 757 sessions active)
=INFO REPORT==== 10-Dec-2019::10:26:57 ===
         ts_launcher:(5:<0.155.0>) Wait for all sessions to finish before starting next phase (still 564 sessions active)
=INFO REPORT==== 10-Dec-2019::10:27:02 ===
         ts_launcher:(5:<0.155.0>) Wait for all sessions to finish before starting next phase (still 332 sessions active)
=INFO REPORT==== 10-Dec-2019::10:27:07 ===
         ts_launcher:(5:<0.155.0>) Wait for all sessions to finish before starting next phase (still 162 sessions active)
=INFO REPORT==== 10-Dec-2019::10:27:12 ===
         ts_launcher:(5:<0.155.0>) Wait for all sessions to finish before starting next phase (still 51 sessions active)
=INFO REPORT==== 10-Dec-2019::10:27:17 ===
         ts_launcher:(5:<0.155.0>) Wait for all sessions to finish before starting next phase (still 11 sessions active)
=INFO REPORT==== 10-Dec-2019::10:27:22 ===
         ts_launcher:(5:<0.155.0>) Wait for all sessions to finish before starting next phase (still 3 sessions active)
=INFO REPORT==== 10-Dec-2019::10:27:27 ===
         ts_launcher:(5:<0.155.0>) Wait for all sessions to finish before starting next phase (still 1 sessions active)
=INFO REPORT==== 10-Dec-2019::10:27:32 ===
         ts_launcher:(5:<0.155.0>) Start a new arrival phase (1920 users, 0.128); expected duration=15.0 sec

=INFO REPORT==== 10-Dec-2019::10:27:47 ===
         ts_launcher:(5:<0.155.0>) Phase duration exceeded, but not all users were launched (64 users, 3.3% of phase)

=INFO REPORT==== 10-Dec-2019::10:27:47 ===
         ts_launcher:(5:<0.155.0>) Wait for all sessions to finish before starting next phase (still 1592 sessions active)
=INFO REPORT==== 10-Dec-2019::10:28:47 ===
         ts_launcher:(5:<0.155.0>) Start a new arrival phase (3840 users, 0.256); expected duration=15.0 sec

=INFO REPORT==== 10-Dec-2019::10:28:57 ===
           ts_client:(3:<0.5289.0>) Error: Unknown msg {#Ref<0.3538139484.1795162117.133309>,
                                                        badarg} receive in state think, stop

=INFO REPORT==== 10-Dec-2019::10:28:58 ===
           ts_client:(3:<0.4818.0>) Error: Unknown msg {#Ref<0.3538139484.1795162114.95587>,
                                                        badarg} receive in state think, stop

=INFO REPORT==== 10-Dec-2019::10:28:59 ===
           ts_client:(3:<0.6483.0>) Error: Unknown msg {#Ref<0.3538139484.1795162114.98816>,
                                                        badarg} receive in state think, stop

=INFO REPORT==== 10-Dec-2019::10:28:59 ===
           ts_search:(3:<0.5349.0>) Page couldn't be parsed:(error:{badmatch,
                                                                    []}) 
 Page:<<>>

=INFO REPORT==== 10-Dec-2019::10:28:59 ===
           ts_search:(3:<0.5349.0>) Couldn't execute XPath: page not parsed (varname=authenticity_token)

=INFO REPORT==== 10-Dec-2019::10:29:00 ===
           ts_search:(5:<0.5349.0>) Dyn Var (RE): no Match (varname=redirect_post), 

=INFO REPORT==== 10-Dec-2019::10:29:00 ===
           ts_client:(3:<0.5363.0>) Error: Unknown msg {#Ref<0.3538139484.1795162116.83628>,
                                                        badarg} receive in state think, stop

=INFO REPORT==== 10-Dec-2019::10:29:00 ===
           ts_client:(3:<0.6213.0>) Error: Unknown msg {#Ref<0.3538139484.1795162113.241912>,
                                                        badarg} receive in state think, stop

=INFO REPORT==== 10-Dec-2019::10:29:00 ===
           ts_client:(3:<0.6954.0>) Error: Unknown msg {#Ref<0.3538139484.1795162117.138902>,
                                                        badarg} receive in state think, stop

=INFO REPORT==== 10-Dec-2019::10:29:00 ===
           ts_client:(5:<0.6954.0>) Pending transactions: [{tr_Authenticate_User,
                                                            -576460367172827859}], compute transaction time

=INFO REPORT==== 10-Dec-2019::10:29:00 ===
           ts_client:(3:<0.5832.0>) Error: Unknown msg {#Ref<0.3538139484.1795162116.84958>,
                                                        badarg} receive in state think, stop

=INFO REPORT==== 10-Dec-2019::10:29:00 ===
           ts_client:(5:<0.5832.0>) Pending transactions: [{tr_Authenticate_User,
                                                            -576460366474928530}], compute transaction time

=INFO REPORT==== 10-Dec-2019::10:29:01 ===
           ts_client:(3:<0.6800.0>) Error: Unknown msg {#Ref<0.3538139484.1795162113.244254>,
                                                        badarg} receive in state think, stop

=INFO REPORT==== 10-Dec-2019::10:29:01 ===
           ts_client:(5:<0.6800.0>) Pending transactions: [{tr_Authenticate_User,
                                                            -576460367692905534}], compute transaction time

=INFO REPORT==== 10-Dec-2019::10:29:01 ===
           ts_client:(3:<0.7173.0>) Error: Unknown msg {#Ref<0.3538139484.1795162114.102633>,
                                                        badarg} receive in state think, stop

=INFO REPORT==== 10-Dec-2019::10:29:01 ===
           ts_client:(3:<0.6263.0>) Error: Unknown msg {#Ref<0.3538139484.1795162114.103732>,
                                                        badarg} receive in state think, stop

=INFO REPORT==== 10-Dec-2019::10:29:01 ===
           ts_client:(3:<0.6475.0>) Error: Unknown msg {#Ref<0.3538139484.1795162115.150781>,
                                                        badarg} receive in state think, stop

=INFO REPORT==== 10-Dec-2019::10:29:01 ===
           ts_client:(5:<0.6475.0>) Pending transactions: [{tr_Authenticate_User,
                                                            -576460369103934842}], compute transaction time

=INFO REPORT==== 10-Dec-2019::10:29:01 ===
           ts_client:(3:<0.5476.0>) Error: Unknown msg {#Ref<0.3538139484.1795162116.86762>,
                                                        badarg} receive in state think, stop

=INFO REPORT==== 10-Dec-2019::10:29:01 ===
           ts_client:(5:<0.5476.0>) Pending transactions: [{tr_Authenticate_User,
                                                            -576460372736980887}], compute transaction time

=INFO REPORT==== 10-Dec-2019::10:29:02 ===
         ts_launcher:(5:<0.155.0>) Phase duration exceeded, but not all users were launched (196 users, 5.1% of phase)

=INFO REPORT==== 10-Dec-2019::10:29:02 ===
         ts_launcher:(5:<0.155.0>) This was the last phase, wait for connected users to finish their session

=INFO REPORT==== 10-Dec-2019::10:29:02 ===
     ts_launcher_mgr:(5:<0.149.0>) Still 3436 active client(s)

=INFO REPORT==== 10-Dec-2019::10:29:02 ===
           ts_client:(3:<0.7423.0>) Error: Unknown msg {#Ref<0.3538139484.1795162116.88080>,
                                                        badarg} receive in state think, stop

=INFO REPORT==== 10-Dec-2019::10:29:02 ===
           ts_client:(5:<0.7423.0>) Pending transactions: [{tr_Authenticate_User,
                                                            -576460365255933886}], compute transaction time

=INFO REPORT==== 10-Dec-2019::10:29:03 ===
           ts_client:(3:<0.6973.0>) Error: Unknown msg {#Ref<0.3538139484.1795162116.89075>,
                                                        badarg} receive in state think, stop

=INFO REPORT==== 10-Dec-2019::10:29:03 ===
           ts_client:(5:<0.6973.0>) Pending transactions: [{tr_Authenticate_User,
                                                            -576460365210930248}], compute transaction time

=INFO REPORT==== 10-Dec-2019::10:29:04 ===
           ts_client:(3:<0.7036.0>) Error: Unknown msg {#Ref<0.3538139484.1795162115.156444>,
                                                        badarg} receive in state think, stop

=INFO REPORT==== 10-Dec-2019::10:29:04 ===
           ts_client:(3:<0.7111.0>) Error: Unknown msg {#Ref<0.3538139484.1795162114.109027>,
                                                        badarg} receive in state think, stop

=INFO REPORT==== 10-Dec-2019::10:29:10 ===
           ts_search:(5:<0.5084.0>) Dyn Var (RE): no Match (varname=post_id), 

=INFO REPORT==== 10-Dec-2019::10:29:10 ===
           ts_search:(5:<0.5478.0>) Dyn Var (RE): no Match (varname=authenticity_token), 

=INFO REPORT==== 10-Dec-2019::10:29:10 ===
           ts_search:(5:<0.5478.0>) Dyn Var (RE): no Match (varname=post_id), 

=INFO REPORT==== 10-Dec-2019::10:29:18 ===
           ts_search:(5:<0.4217.0>) Dyn Var: no Match (varname=first_comment_path), 

=INFO REPORT==== 10-Dec-2019::10:29:18 ===
           ts_search:(5:<0.4217.0>) Dyn Var: no Match (varname=authenticity_token), 

=INFO REPORT==== 10-Dec-2019::10:29:18 ===
           ts_search:(5:<0.5176.0>) Dyn Var: no Match (varname=first_comment_path), 

=INFO REPORT==== 10-Dec-2019::10:29:18 ===
           ts_search:(5:<0.5176.0>) Dyn Var: no Match (varname=authenticity_token), 

=INFO REPORT==== 10-Dec-2019::10:29:19 ===
           ts_search:(5:<0.5173.0>) Dyn Var: no Match (varname=authenticity_token), 

=INFO REPORT==== 10-Dec-2019::10:29:19 ===
           ts_search:(5:<0.5173.0>) Dyn Var (RE): no Match (varname=redirect_post), 

=INFO REPORT==== 10-Dec-2019::10:29:19 ===
           ts_search:(5:<0.4034.0>) Dyn Var (RE): no Match (varname=post_id), 

=INFO REPORT==== 10-Dec-2019::10:29:19 ===
           ts_search:(5:<0.5575.0>) Dyn Var: no Match (varname=authenticity_token), 

=INFO REPORT==== 10-Dec-2019::10:29:19 ===
           ts_search:(5:<0.5575.0>) Dyn Var (RE): no Match (varname=redirect_post), 

=INFO REPORT==== 10-Dec-2019::10:29:19 ===
           ts_search:(5:<0.5348.0>) Dyn Var (RE): no Match (varname=authenticity_token), 

=INFO REPORT==== 10-Dec-2019::10:29:19 ===
           ts_search:(5:<0.5143.0>) Dyn Var (RE): no Match (varname=authenticity_token), 

=INFO REPORT==== 10-Dec-2019::10:29:19 ===
           ts_search:(5:<0.4022.0>) Dyn Var (RE): no Match (varname=book_id), 

=INFO REPORT==== 10-Dec-2019::10:29:19 ===
           ts_search:(5:<0.4348.0>) Dyn Var: no Match (varname=first_comment_path), 

=INFO REPORT==== 10-Dec-2019::10:29:19 ===
           ts_search:(5:<0.4348.0>) Dyn Var: no Match (varname=authenticity_token), 

=INFO REPORT==== 10-Dec-2019::10:29:19 ===
           ts_search:(5:<0.5490.0>) Dyn Var (RE): no Match (varname=redirect_post), 

=INFO REPORT==== 10-Dec-2019::10:29:19 ===
           ts_search:(5:<0.4093.0>) Dyn Var (RE): no Match (varname=post_id), 

=INFO REPORT==== 10-Dec-2019::10:29:19 ===
           ts_search:(5:<0.5056.0>) Dyn Var (RE): no Match (varname=redirect_post), 

=INFO REPORT==== 10-Dec-2019::10:29:19 ===
           ts_search:(5:<0.5348.0>) Dyn Var (RE): no Match (varname=convo_id), 

=INFO REPORT==== 10-Dec-2019::10:29:19 ===
           ts_search:(5:<0.4948.0>) Dyn Var: no Match (varname=first_comment_path), 

=INFO REPORT==== 10-Dec-2019::10:29:19 ===
           ts_search:(5:<0.4948.0>) Dyn Var: no Match (varname=authenticity_token), 

=INFO REPORT==== 10-Dec-2019::10:29:19 ===
           ts_search:(5:<0.4824.0>) Dyn Var: no Match (varname=first_comment_path), 

=INFO REPORT==== 10-Dec-2019::10:29:19 ===
           ts_search:(5:<0.4824.0>) Dyn Var: no Match (varname=authenticity_token), 

=INFO REPORT==== 10-Dec-2019::10:29:19 ===
           ts_search:(5:<0.4344.0>) Dyn Var (RE): no Match (varname=authenticity_token), 

=INFO REPORT==== 10-Dec-2019::10:29:19 ===
           ts_search:(5:<0.4321.0>) Dyn Var (RE): no Match (varname=authenticity_token), 

=INFO REPORT==== 10-Dec-2019::10:29:19 ===
           ts_search:(5:<0.4321.0>) Dyn Var (RE): no Match (varname=post_id), 

=INFO REPORT==== 10-Dec-2019::10:29:19 ===
           ts_search:(5:<0.4838.0>) Dyn Var: no Match (varname=first_comment_path), 

=INFO REPORT==== 10-Dec-2019::10:29:19 ===
           ts_search:(5:<0.4838.0>) Dyn Var: no Match (varname=authenticity_token), 

=INFO REPORT==== 10-Dec-2019::10:29:19 ===
           ts_search:(5:<0.5102.0>) Dyn Var: no Match (varname=first_comment_path), 

=INFO REPORT==== 10-Dec-2019::10:29:19 ===
           ts_search:(5:<0.5102.0>) Dyn Var: no Match (varname=authenticity_token), 

=INFO REPORT==== 10-Dec-2019::10:29:19 ===
           ts_search:(5:<0.4647.0>) Dyn Var: no Match (varname=authenticity_token), 

=INFO REPORT==== 10-Dec-2019::10:29:19 ===
           ts_search:(5:<0.4647.0>) Dyn Var (RE): no Match (varname=redirect_post), 

=INFO REPORT==== 10-Dec-2019::10:29:19 ===
           ts_search:(5:<0.5674.0>) Dyn Var: no Match (varname=authenticity_token), 

=INFO REPORT==== 10-Dec-2019::10:29:19 ===
           ts_search:(5:<0.5674.0>) Dyn Var (RE): no Match (varname=redirect_post), 

=INFO REPORT==== 10-Dec-2019::10:29:20 ===
           ts_search:(5:<0.4921.0>) Dyn Var: no Match (varname=authenticity_token), 

=INFO REPORT==== 10-Dec-2019::10:29:20 ===
           ts_search:(5:<0.4921.0>) Dyn Var (RE): no Match (varname=redirect_post), 

=INFO REPORT==== 10-Dec-2019::10:29:20 ===
           ts_search:(5:<0.4097.0>) Dyn Var (RE): no Match (varname=book_id), 

=INFO REPORT==== 10-Dec-2019::10:29:20 ===
           ts_search:(5:<0.4344.0>) Dyn Var (RE): no Match (varname=convo_id), 

=INFO REPORT==== 10-Dec-2019::10:29:20 ===
           ts_search:(5:<0.5792.0>) Dyn Var: no Match (varname=authenticity_token), 

=INFO REPORT==== 10-Dec-2019::10:29:20 ===
           ts_search:(5:<0.4736.0>) Dyn Var: no Match (varname=first_comment_path), 

=INFO REPORT==== 10-Dec-2019::10:29:20 ===
           ts_search:(5:<0.4736.0>) Dyn Var: no Match (varname=authenticity_token), 

=INFO REPORT==== 10-Dec-2019::10:29:20 ===
           ts_search:(5:<0.5792.0>) Dyn Var (RE): no Match (varname=redirect_post), 

=INFO REPORT==== 10-Dec-2019::10:29:20 ===
           ts_search:(5:<0.5271.0>) Dyn Var (RE): no Match (varname=authenticity_token), 

=INFO REPORT==== 10-Dec-2019::10:29:21 ===
           ts_search:(5:<0.4262.0>) Dyn Var (RE): no Match (varname=authenticity_token), 

=INFO REPORT==== 10-Dec-2019::10:29:21 ===
           ts_search:(5:<0.4559.0>) Dyn Var: no Match (varname=first_comment_path), 

=INFO REPORT==== 10-Dec-2019::10:29:21 ===
           ts_search:(5:<0.4559.0>) Dyn Var: no Match (varname=authenticity_token), 

=INFO REPORT==== 10-Dec-2019::10:29:21 ===
           ts_search:(5:<0.4067.0>) Dyn Var (RE): no Match (varname=redirect_post), 

=INFO REPORT==== 10-Dec-2019::10:29:21 ===
           ts_search:(5:<0.4391.0>) Dyn Var: no Match (varname=authenticity_token), 

=INFO REPORT==== 10-Dec-2019::10:29:21 ===
           ts_search:(5:<0.4344.0>) Dyn Var (RE): no Match (varname=authenticity_token), 

=INFO REPORT==== 10-Dec-2019::10:29:21 ===
           ts_search:(5:<0.4391.0>) Dyn Var (RE): no Match (varname=redirect_post), 

=INFO REPORT==== 10-Dec-2019::10:29:21 ===
           ts_search:(5:<0.4953.0>) Dyn Var (RE): no Match (varname=convo_id), 

=INFO REPORT==== 10-Dec-2019::10:29:21 ===
           ts_search:(5:<0.6105.0>) Dyn Var: no Match (varname=authenticity_token), 

=INFO REPORT==== 10-Dec-2019::10:29:21 ===
           ts_search:(5:<0.6105.0>) Dyn Var (RE): no Match (varname=redirect_post), 

=INFO REPORT==== 10-Dec-2019::10:29:21 ===
           ts_search:(5:<0.4342.0>) Dyn Var (RE): no Match (varname=authenticity_token), 

=INFO REPORT==== 10-Dec-2019::10:29:21 ===
           ts_search:(5:<0.4303.0>) Dyn Var (RE): no Match (varname=redirect_post), 

=INFO REPORT==== 10-Dec-2019::10:29:21 ===
           ts_search:(5:<0.5044.0>) Dyn Var: no Match (varname=authenticity_token), 

=INFO REPORT==== 10-Dec-2019::10:29:21 ===
           ts_search:(5:<0.5044.0>) Dyn Var (RE): no Match (varname=redirect_post), 

=INFO REPORT==== 10-Dec-2019::10:29:21 ===
           ts_search:(5:<0.4748.0>) Dyn Var (RE): no Match (varname=authenticity_token), 

=INFO REPORT==== 10-Dec-2019::10:29:21 ===
           ts_search:(5:<0.4190.0>) Dyn Var (RE): no Match (varname=post_id), 

=INFO REPORT==== 10-Dec-2019::10:29:21 ===
           ts_search:(5:<0.4748.0>) Dyn Var (RE): no Match (varname=post_id), 

=INFO REPORT==== 10-Dec-2019::10:29:21 ===
           ts_search:(5:<0.5413.0>) Dyn Var (RE): no Match (varname=authenticity_token), 

=INFO REPORT==== 10-Dec-2019::10:29:21 ===
           ts_search:(5:<0.5413.0>) Dyn Var (RE): no Match (varname=post_id), 

=INFO REPORT==== 10-Dec-2019::10:29:21 ===
           ts_search:(5:<0.4850.0>) Dyn Var: no Match (varname=authenticity_token), 

=INFO REPORT==== 10-Dec-2019::10:29:21 ===
           ts_search:(5:<0.4850.0>) Dyn Var (RE): no Match (varname=redirect_post), 

=INFO REPORT==== 10-Dec-2019::10:29:21 ===
           ts_search:(5:<0.3997.0>) Dyn Var (RE): no Match (varname=book_id), 

=INFO REPORT==== 10-Dec-2019::10:29:21 ===
           ts_search:(5:<0.5055.0>) Dyn Var (RE): no Match (varname=authenticity_token), 

=INFO REPORT==== 10-Dec-2019::10:29:21 ===
           ts_search:(5:<0.5388.0>) Dyn Var: no Match (varname=authenticity_token), 

=INFO REPORT==== 10-Dec-2019::10:29:21 ===
           ts_search:(5:<0.4194.0>) Dyn Var (RE): no Match (varname=authenticity_token), 

=INFO REPORT==== 10-Dec-2019::10:29:21 ===
           ts_search:(5:<0.5388.0>) Dyn Var (RE): no Match (varname=redirect_post), 

=INFO REPORT==== 10-Dec-2019::10:29:21 ===
           ts_search:(5:<0.5312.0>) Dyn Var: no Match (varname=first_comment_path), 

=INFO REPORT==== 10-Dec-2019::10:29:21 ===
           ts_search:(5:<0.5312.0>) Dyn Var: no Match (varname=authenticity_token), 

=INFO REPORT==== 10-Dec-2019::10:29:21 ===
           ts_search:(5:<0.5571.0>) Dyn Var (RE): no Match (varname=authenticity_token), 

=INFO REPORT==== 10-Dec-2019::10:29:21 ===
           ts_search:(5:<0.5509.0>) Dyn Var (RE): no Match (varname=redirect_post), 

=INFO REPORT==== 10-Dec-2019::10:29:21 ===
           ts_search:(5:<0.5473.0>) Dyn Var: no Match (varname=first_comment_path), 

=INFO REPORT==== 10-Dec-2019::10:29:21 ===
           ts_search:(5:<0.5473.0>) Dyn Var: no Match (varname=authenticity_token), 

=INFO REPORT==== 10-Dec-2019::10:29:21 ===
           ts_search:(5:<0.4646.0>) Dyn Var (RE): no Match (varname=authenticity_token), 

=INFO REPORT==== 10-Dec-2019::10:29:21 ===
           ts_search:(5:<0.4478.0>) Dyn Var (RE): no Match (varname=authenticity_token), 

=INFO REPORT==== 10-Dec-2019::10:29:21 ===
           ts_search:(5:<0.4478.0>) Dyn Var (RE): no Match (varname=post_id), 

=INFO REPORT==== 10-Dec-2019::10:29:21 ===
           ts_search:(5:<0.4475.0>) Dyn Var (RE): no Match (varname=authenticity_token), 

=INFO REPORT==== 10-Dec-2019::10:29:21 ===
           ts_search:(5:<0.4475.0>) Dyn Var (RE): no Match (varname=post_id), 

=INFO REPORT==== 10-Dec-2019::10:29:22 ===
           ts_search:(5:<0.4934.0>) Dyn Var (RE): no Match (varname=authenticity_token), 

=INFO REPORT==== 10-Dec-2019::10:29:22 ===
           ts_search:(5:<0.4765.0>) Dyn Var (RE): no Match (varname=authenticity_token), 

=INFO REPORT==== 10-Dec-2019::10:29:22 ===
           ts_search:(5:<0.4991.0>) Dyn Var: no Match (varname=authenticity_token), 

=INFO REPORT==== 10-Dec-2019::10:29:22 ===
           ts_search:(5:<0.4765.0>) Dyn Var (RE): no Match (varname=post_id), 

=INFO REPORT==== 10-Dec-2019::10:29:22 ===
           ts_search:(5:<0.4695.0>) Dyn Var: no Match (varname=authenticity_token), 

=INFO REPORT==== 10-Dec-2019::10:29:22 ===
           ts_search:(5:<0.4991.0>) Dyn Var (RE): no Match (varname=redirect_post), 

=INFO REPORT==== 10-Dec-2019::10:29:22 ===
           ts_search:(5:<0.4695.0>) Dyn Var (RE): no Match (varname=redirect_post), 

=INFO REPORT==== 10-Dec-2019::10:29:22 ===
           ts_search:(5:<0.5231.0>) Dyn Var: no Match (varname=authenticity_token), 

=INFO REPORT==== 10-Dec-2019::10:29:22 ===
           ts_search:(5:<0.5231.0>) Dyn Var (RE): no Match (varname=redirect_post), 

=INFO REPORT==== 10-Dec-2019::10:29:22 ===
           ts_search:(5:<0.4534.0>) Dyn Var (RE): no Match (varname=authenticity_token), 

=INFO REPORT==== 10-Dec-2019::10:29:22 ===
           ts_search:(5:<0.4534.0>) Dyn Var (RE): no Match (varname=post_id), 

=INFO REPORT==== 10-Dec-2019::10:29:22 ===
           ts_search:(5:<0.5055.0>) Dyn Var (RE): no Match (varname=book_id), 

=INFO REPORT==== 10-Dec-2019::10:29:22 ===
           ts_search:(5:<0.4058.0>) Dyn Var (RE): no Match (varname=authenticity_token), 

=INFO REPORT==== 10-Dec-2019::10:29:22 ===
           ts_search:(5:<0.4192.0>) Dyn Var: no Match (varname=authenticity_token), 

=INFO REPORT==== 10-Dec-2019::10:29:22 ===
           ts_search:(5:<0.4192.0>) Dyn Var (RE): no Match (varname=redirect_post), 

=INFO REPORT==== 10-Dec-2019::10:29:22 ===
           ts_search:(5:<0.4934.0>) Dyn Var (RE): no Match (varname=book_id), 

=INFO REPORT==== 10-Dec-2019::10:29:22 ===
           ts_search:(5:<0.4617.0>) Dyn Var (RE): no Match (varname=convo_id), 

=INFO REPORT==== 10-Dec-2019::10:29:22 ===
           ts_search:(5:<0.4372.0>) Dyn Var (RE): no Match (varname=redirect_post), 

=INFO REPORT==== 10-Dec-2019::10:29:22 ===
           ts_search:(5:<0.5003.0>) Dyn Var: no Match (varname=first_comment_path), 

=INFO REPORT==== 10-Dec-2019::10:29:22 ===
           ts_search:(5:<0.5003.0>) Dyn Var: no Match (varname=authenticity_token), 

=INFO REPORT==== 10-Dec-2019::10:29:22 ===
           ts_search:(5:<0.4905.0>) Dyn Var (RE): no Match (varname=authenticity_token), 

=INFO REPORT==== 10-Dec-2019::10:29:22 ===
           ts_search:(5:<0.5571.0>) Dyn Var (RE): no Match (varname=book_id), 

=INFO REPORT==== 10-Dec-2019::10:29:22 ===
           ts_search:(5:<0.4994.0>) Dyn Var (RE): no Match (varname=book_id), 

=INFO REPORT==== 10-Dec-2019::10:29:22 ===
           ts_search:(5:<0.4586.0>) Dyn Var: no Match (varname=authenticity_token), 

=INFO REPORT==== 10-Dec-2019::10:29:22 ===
           ts_search:(5:<0.4586.0>) Dyn Var (RE): no Match (varname=redirect_post), 

=INFO REPORT==== 10-Dec-2019::10:29:22 ===
           ts_search:(5:<0.5409.0>) Dyn Var (RE): no Match (varname=authenticity_token), 

=INFO REPORT==== 10-Dec-2019::10:29:22 ===
           ts_search:(5:<0.4075.0>) Dyn Var (RE): no Match (varname=authenticity_token), 

=INFO REPORT==== 10-Dec-2019::10:29:22 ===
           ts_search:(5:<0.5531.0>) Dyn Var: no Match (varname=authenticity_token), 

=INFO REPORT==== 10-Dec-2019::10:29:22 ===
           ts_search:(5:<0.5531.0>) Dyn Var (RE): no Match (varname=redirect_post), 

=INFO REPORT==== 10-Dec-2019::10:29:22 ===
           ts_search:(5:<0.4541.0>) Dyn Var (RE): no Match (varname=authenticity_token), 

=INFO REPORT==== 10-Dec-2019::10:29:22 ===
           ts_search:(5:<0.4541.0>) Dyn Var (RE): no Match (varname=post_id), 

=INFO REPORT==== 10-Dec-2019::10:29:22 ===
           ts_search:(5:<0.5143.0>) Dyn Var (RE): no Match (varname=book_id), 

=INFO REPORT==== 10-Dec-2019::10:29:22 ===
           ts_search:(5:<0.4390.0>) Dyn Var: no Match (varname=authenticity_token), 

=INFO REPORT==== 10-Dec-2019::10:29:22 ===
           ts_search:(5:<0.5467.0>) Dyn Var (RE): no Match (varname=redirect_post), 

=INFO REPORT==== 10-Dec-2019::10:29:22 ===
           ts_search:(5:<0.4390.0>) Dyn Var (RE): no Match (varname=redirect_post), 

=INFO REPORT==== 10-Dec-2019::10:29:22 ===
           ts_search:(5:<0.4610.0>) Dyn Var (RE): no Match (varname=redirect_post), 

=INFO REPORT==== 10-Dec-2019::10:29:22 ===
           ts_search:(5:<0.4042.0>) Dyn Var (RE): no Match (varname=authenticity_token), 

=INFO REPORT==== 10-Dec-2019::10:29:22 ===
           ts_search:(5:<0.4202.0>) Dyn Var: no Match (varname=authenticity_token), 

=INFO REPORT==== 10-Dec-2019::10:29:22 ===
           ts_search:(5:<0.4202.0>) Dyn Var (RE): no Match (varname=redirect_post), 

=INFO REPORT==== 10-Dec-2019::10:29:22 ===
           ts_search:(5:<0.4679.0>) Dyn Var (RE): no Match (varname=redirect_post), 

=INFO REPORT==== 10-Dec-2019::10:29:22 ===
           ts_search:(5:<0.4667.0>) Dyn Var (RE): no Match (varname=authenticity_token), 

=INFO REPORT==== 10-Dec-2019::10:29:22 ===
           ts_search:(5:<0.4486.0>) Dyn Var (RE): no Match (varname=authenticity_token), 

=INFO REPORT==== 10-Dec-2019::10:29:22 ===
           ts_search:(5:<0.4007.0>) Dyn Var (RE): no Match (varname=authenticity_token), 

=INFO REPORT==== 10-Dec-2019::10:29:22 ===
           ts_search:(5:<0.4007.0>) Dyn Var (RE): no Match (varname=post_id), 

=INFO REPORT==== 10-Dec-2019::10:29:22 ===
           ts_search:(5:<0.4062.0>) Dyn Var (RE): no Match (varname=post_id), 

=INFO REPORT==== 10-Dec-2019::10:29:22 ===
           ts_search:(5:<0.4292.0>) Dyn Var (RE): no Match (varname=redirect_post), 

=INFO REPORT==== 10-Dec-2019::10:29:22 ===
           ts_search:(5:<0.4681.0>) Dyn Var (RE): no Match (varname=authenticity_token), 

=INFO REPORT==== 10-Dec-2019::10:29:22 ===
           ts_search:(5:<0.5547.0>) Dyn Var (RE): no Match (varname=redirect_post), 

=INFO REPORT==== 10-Dec-2019::10:29:22 ===
           ts_search:(5:<0.4352.0>) Dyn Var (RE): no Match (varname=authenticity_token), 

=INFO REPORT==== 10-Dec-2019::10:29:22 ===
           ts_search:(5:<0.4352.0>) Dyn Var (RE): no Match (varname=post_id), 

=INFO REPORT==== 10-Dec-2019::10:29:23 ===
           ts_search:(5:<0.5069.0>) Dyn Var (RE): no Match (varname=redirect_post), 

=INFO REPORT==== 10-Dec-2019::10:29:23 ===
           ts_search:(5:<0.5048.0>) Dyn Var (RE): no Match (varname=authenticity_token), 

=INFO REPORT==== 10-Dec-2019::10:29:23 ===
           ts_search:(5:<0.4399.0>) Dyn Var (RE): no Match (varname=redirect_post), 

=INFO REPORT==== 10-Dec-2019::10:29:23 ===
           ts_search:(5:<0.4511.0>) Dyn Var (RE): no Match (varname=book_id), 

=INFO REPORT==== 10-Dec-2019::10:29:23 ===
           ts_search:(5:<0.4465.0>) Dyn Var: no Match (varname=first_comment_path), 

=INFO REPORT==== 10-Dec-2019::10:29:23 ===
           ts_search:(5:<0.4465.0>) Dyn Var: no Match (varname=authenticity_token), 

=INFO REPORT==== 10-Dec-2019::10:29:23 ===
           ts_search:(5:<0.5203.0>) Dyn Var (RE): no Match (varname=authenticity_token), 

=INFO REPORT==== 10-Dec-2019::10:29:23 ===
           ts_search:(5:<0.4058.0>) Dyn Var (RE): no Match (varname=convo_id), 

=INFO REPORT==== 10-Dec-2019::10:29:23 ===
           ts_search:(5:<0.4977.0>) Dyn Var (RE): no Match (varname=post_id), 

=INFO REPORT==== 10-Dec-2019::10:29:23 ===
           ts_search:(5:<0.5560.0>) Dyn Var (RE): no Match (varname=redirect_post), 

=INFO REPORT==== 10-Dec-2019::10:29:23 ===
           ts_search:(5:<0.4570.0>) Dyn Var (RE): no Match (varname=authenticity_token), 

=INFO REPORT==== 10-Dec-2019::10:29:23 ===
           ts_search:(5:<0.4570.0>) Dyn Var (RE): no Match (varname=post_id), 

=INFO REPORT==== 10-Dec-2019::10:29:23 ===
           ts_search:(5:<0.4172.0>) Dyn Var: no Match (varname=authenticity_token), 

=INFO REPORT==== 10-Dec-2019::10:29:23 ===
           ts_search:(5:<0.4172.0>) Dyn Var (RE): no Match (varname=redirect_post), 

=INFO REPORT==== 10-Dec-2019::10:29:23 ===
           ts_search:(5:<0.5048.0>) Dyn Var (RE): no Match (varname=convo_id), 

=INFO REPORT==== 10-Dec-2019::10:29:23 ===
           ts_search:(5:<0.5051.0>) Dyn Var: no Match (varname=authenticity_token), 

=INFO REPORT==== 10-Dec-2019::10:29:23 ===
           ts_search:(5:<0.5051.0>) Dyn Var (RE): no Match (varname=redirect_post), 

=INFO REPORT==== 10-Dec-2019::10:29:23 ===
           ts_search:(5:<0.5402.0>) Dyn Var (RE): no Match (varname=authenticity_token), 

=INFO REPORT==== 10-Dec-2019::10:29:23 ===
           ts_search:(5:<0.5494.0>) Dyn Var: no Match (varname=authenticity_token), 

=INFO REPORT==== 10-Dec-2019::10:29:23 ===
           ts_search:(5:<0.5494.0>) Dyn Var (RE): no Match (varname=redirect_post), 

=INFO REPORT==== 10-Dec-2019::10:29:23 ===
           ts_search:(5:<0.4247.0>) Dyn Var: no Match (varname=first_comment_path), 

=INFO REPORT==== 10-Dec-2019::10:29:23 ===
           ts_search:(5:<0.4247.0>) Dyn Var: no Match (varname=authenticity_token), 

=INFO REPORT==== 10-Dec-2019::10:29:23 ===
           ts_search:(5:<0.4508.0>) Dyn Var: no Match (varname=authenticity_token), 

=INFO REPORT==== 10-Dec-2019::10:29:23 ===
           ts_search:(5:<0.4342.0>) Dyn Var (RE): no Match (varname=book_id), 

=INFO REPORT==== 10-Dec-2019::10:29:23 ===
           ts_search:(5:<0.4508.0>) Dyn Var (RE): no Match (varname=redirect_post), 

=INFO REPORT==== 10-Dec-2019::10:29:23 ===
           ts_search:(5:<0.4646.0>) Dyn Var (RE): no Match (varname=book_id), 

=INFO REPORT==== 10-Dec-2019::10:29:23 ===
           ts_search:(5:<0.4351.0>) Dyn Var (RE): no Match (varname=authenticity_token), 

=INFO REPORT==== 10-Dec-2019::10:29:23 ===
           ts_search:(5:<0.4046.0>) Dyn Var (RE): no Match (varname=redirect_post), 

=INFO REPORT==== 10-Dec-2019::10:29:23 ===
           ts_search:(5:<0.4778.0>) Dyn Var (RE): no Match (varname=book_id), 

=INFO REPORT==== 10-Dec-2019::10:29:23 ===
           ts_search:(5:<0.5327.0>) Dyn Var (RE): no Match (varname=authenticity_token), 

=INFO REPORT==== 10-Dec-2019::10:29:23 ===
           ts_search:(5:<0.5327.0>) Dyn Var (RE): no Match (varname=post_id), 

=INFO REPORT==== 10-Dec-2019::10:29:23 ===
           ts_search:(5:<0.4759.0>) Dyn Var (RE): no Match (varname=redirect_post), 

=INFO REPORT==== 10-Dec-2019::10:29:23 ===
           ts_search:(5:<0.4075.0>) Dyn Var (RE): no Match (varname=book_id), 

=INFO REPORT==== 10-Dec-2019::10:29:23 ===
           ts_search:(5:<0.4833.0>) Dyn Var (RE): no Match (varname=authenticity_token), 

=INFO REPORT==== 10-Dec-2019::10:29:23 ===
           ts_search:(5:<0.4755.0>) Dyn Var (RE): no Match (varname=redirect_post), 

=INFO REPORT==== 10-Dec-2019::10:29:23 ===
           ts_search:(5:<0.5426.0>) Dyn Var (RE): no Match (varname=authenticity_token), 

=INFO REPORT==== 10-Dec-2019::10:29:23 ===
           ts_search:(5:<0.4336.0>) Dyn Var: no Match (varname=authenticity_token), 

=INFO REPORT==== 10-Dec-2019::10:29:23 ===
           ts_search:(5:<0.4336.0>) Dyn Var (RE): no Match (varname=redirect_post), 

=INFO REPORT==== 10-Dec-2019::10:29:23 ===
           ts_search:(5:<0.5085.0>) Dyn Var (RE): no Match (varname=redirect_post), 

=INFO REPORT==== 10-Dec-2019::10:29:23 ===
           ts_search:(5:<0.4567.0>) Dyn Var: no Match (varname=first_comment_path), 

=INFO REPORT==== 10-Dec-2019::10:29:23 ===
           ts_search:(5:<0.4567.0>) Dyn Var: no Match (varname=authenticity_token), 

=INFO REPORT==== 10-Dec-2019::10:29:23 ===
           ts_search:(5:<0.4574.0>) Dyn Var: no Match (varname=first_comment_path), 

=INFO REPORT==== 10-Dec-2019::10:29:23 ===
           ts_search:(5:<0.4574.0>) Dyn Var: no Match (varname=authenticity_token), 

=INFO REPORT==== 10-Dec-2019::10:29:23 ===
           ts_search:(5:<0.4115.0>) Dyn Var (RE): no Match (varname=redirect_post), 

=INFO REPORT==== 10-Dec-2019::10:29:23 ===
           ts_search:(5:<0.4351.0>) Dyn Var (RE): no Match (varname=book_id), 

=INFO REPORT==== 10-Dec-2019::10:29:23 ===
           ts_search:(5:<0.4833.0>) Dyn Var (RE): no Match (varname=book_id), 

=INFO REPORT==== 10-Dec-2019::10:29:24 ===
           ts_search:(5:<0.5324.0>) Dyn Var: no Match (varname=authenticity_token), 

=INFO REPORT==== 10-Dec-2019::10:29:24 ===
           ts_search:(5:<0.5324.0>) Dyn Var (RE): no Match (varname=redirect_post), 

=INFO REPORT==== 10-Dec-2019::10:29:24 ===
           ts_search:(5:<0.4330.0>) Dyn Var (RE): no Match (varname=convo_id), 

=INFO REPORT==== 10-Dec-2019::10:29:24 ===
           ts_search:(5:<0.6099.0>) Dyn Var (RE): no Match (varname=authenticity_token), 

=INFO REPORT==== 10-Dec-2019::10:29:24 ===
           ts_search:(5:<0.4754.0>) Dyn Var (RE): no Match (varname=redirect_post), 

=INFO REPORT==== 10-Dec-2019::10:29:24 ===
           ts_search:(5:<0.5450.0>) Dyn Var: no Match (varname=authenticity_token), 

=INFO REPORT==== 10-Dec-2019::10:29:24 ===
           ts_search:(5:<0.5450.0>) Dyn Var (RE): no Match (varname=redirect_post), 

=INFO REPORT==== 10-Dec-2019::10:29:24 ===
           ts_search:(5:<0.5016.0>) Dyn Var (RE): no Match (varname=redirect_post), 

=INFO REPORT==== 10-Dec-2019::10:29:24 ===
           ts_search:(5:<0.4945.0>) Dyn Var: no Match (varname=authenticity_token), 

=INFO REPORT==== 10-Dec-2019::10:29:24 ===
           ts_search:(5:<0.4945.0>) Dyn Var (RE): no Match (varname=redirect_post), 

=INFO REPORT==== 10-Dec-2019::10:29:24 ===
           ts_search:(5:<0.4712.0>) Dyn Var: no Match (varname=authenticity_token), 

=INFO REPORT==== 10-Dec-2019::10:29:24 ===
           ts_search:(5:<0.4734.0>) Dyn Var: no Match (varname=authenticity_token), 

=INFO REPORT==== 10-Dec-2019::10:29:24 ===
           ts_search:(5:<0.4783.0>) Dyn Var (RE): no Match (varname=post_id), 

=INFO REPORT==== 10-Dec-2019::10:29:24 ===
           ts_search:(5:<0.4712.0>) Dyn Var (RE): no Match (varname=redirect_post), 

=INFO REPORT==== 10-Dec-2019::10:29:24 ===
           ts_search:(5:<0.4734.0>) Dyn Var (RE): no Match (varname=redirect_post), 

=INFO REPORT==== 10-Dec-2019::10:29:24 ===
           ts_search:(5:<0.4563.0>) Dyn Var (RE): no Match (varname=redirect_post), 

=INFO REPORT==== 10-Dec-2019::10:29:24 ===
           ts_search:(5:<0.5545.0>) Dyn Var: no Match (varname=authenticity_token), 

=INFO REPORT==== 10-Dec-2019::10:29:24 ===
           ts_search:(5:<0.5545.0>) Dyn Var (RE): no Match (varname=redirect_post), 

=INFO REPORT==== 10-Dec-2019::10:29:24 ===
           ts_search:(5:<0.4905.0>) Dyn Var (RE): no Match (varname=convo_id), 

=INFO REPORT==== 10-Dec-2019::10:29:24 ===
           ts_search:(5:<0.4532.0>) Dyn Var (RE): no Match (varname=redirect_post), 

=INFO REPORT==== 10-Dec-2019::10:29:24 ===
           ts_search:(5:<0.4930.0>) Dyn Var (RE): no Match (varname=authenticity_token), 

=INFO REPORT==== 10-Dec-2019::10:29:24 ===
           ts_search:(5:<0.4281.0>) Dyn Var (RE): no Match (varname=book_id), 

=INFO REPORT==== 10-Dec-2019::10:29:24 ===
           ts_search:(5:<0.4930.0>) Dyn Var (RE): no Match (varname=post_id), 

=INFO REPORT==== 10-Dec-2019::10:29:24 ===
           ts_search:(5:<0.4616.0>) Dyn Var (RE): no Match (varname=authenticity_token), 

=INFO REPORT==== 10-Dec-2019::10:29:24 ===
           ts_search:(5:<0.4149.0>) Dyn Var (RE): no Match (varname=authenticity_token), 

=INFO REPORT==== 10-Dec-2019::10:29:24 ===
           ts_search:(5:<0.5966.0>) Dyn Var (RE): no Match (varname=redirect_post), 

=INFO REPORT==== 10-Dec-2019::10:29:24 ===
           ts_search:(5:<0.5122.0>) Dyn Var: no Match (varname=authenticity_token), 

=INFO REPORT==== 10-Dec-2019::10:29:24 ===
           ts_search:(5:<0.3946.0>) Dyn Var (RE): no Match (varname=book_id), 

=INFO REPORT==== 10-Dec-2019::10:29:24 ===
           ts_search:(5:<0.5122.0>) Dyn Var (RE): no Match (varname=redirect_post), 

=INFO REPORT==== 10-Dec-2019::10:29:24 ===
           ts_search:(5:<0.5341.0>) Dyn Var: no Match (varname=authenticity_token), 

=INFO REPORT==== 10-Dec-2019::10:29:24 ===
           ts_search:(5:<0.5341.0>) Dyn Var (RE): no Match (varname=redirect_post), 

=INFO REPORT==== 10-Dec-2019::10:29:24 ===
           ts_search:(5:<0.5974.0>) Dyn Var (RE): no Match (varname=redirect_post), 

=INFO REPORT==== 10-Dec-2019::10:29:24 ===
           ts_search:(5:<0.5896.0>) Dyn Var (RE): no Match (varname=authenticity_token), 

=INFO REPORT==== 10-Dec-2019::10:29:24 ===
           ts_search:(5:<0.5480.0>) Dyn Var (RE): no Match (varname=authenticity_token), 

=INFO REPORT==== 10-Dec-2019::10:29:24 ===
           ts_search:(5:<0.5672.0>) Dyn Var (RE): no Match (varname=redirect_post), 

=INFO REPORT==== 10-Dec-2019::10:29:24 ===
           ts_search:(5:<0.5409.0>) Dyn Var (RE): no Match (varname=convo_id), 

=INFO REPORT==== 10-Dec-2019::10:29:24 ===
           ts_search:(5:<0.4042.0>) Dyn Var (RE): no Match (varname=book_id), 

=INFO REPORT==== 10-Dec-2019::10:29:24 ===
           ts_search:(5:<0.4905.0>) Dyn Var (RE): no Match (varname=authenticity_token), 

=INFO REPORT==== 10-Dec-2019::10:29:24 ===
           ts_search:(5:<0.4616.0>) Dyn Var (RE): no Match (varname=book_id), 

=INFO REPORT==== 10-Dec-2019::10:29:24 ===
           ts_search:(5:<0.4667.0>) Dyn Var (RE): no Match (varname=convo_id), 

=INFO REPORT==== 10-Dec-2019::10:29:24 ===
           ts_search:(5:<0.4538.0>) Dyn Var (RE): no Match (varname=authenticity_token), 

=INFO REPORT==== 10-Dec-2019::10:29:24 ===
           ts_search:(5:<0.4681.0>) Dyn Var (RE): no Match (varname=book_id), 

=INFO REPORT==== 10-Dec-2019::10:29:24 ===
           ts_search:(5:<0.4667.0>) Dyn Var (RE): no Match (varname=authenticity_token), 

=INFO REPORT==== 10-Dec-2019::10:29:25 ===
           ts_search:(5:<0.5348.0>) Dyn Var (RE): no Match (varname=authenticity_token), 

=INFO REPORT==== 10-Dec-2019::10:29:25 ===
           ts_search:(5:<0.4771.0>) Dyn Var (RE): no Match (varname=authenticity_token), 

=INFO REPORT==== 10-Dec-2019::10:29:25 ===
           ts_search:(5:<0.5000.0>) Dyn Var (RE): no Match (varname=authenticity_token), 

=INFO REPORT==== 10-Dec-2019::10:29:25 ===
           ts_search:(5:<0.4262.0>) Dyn Var (RE): no Match (varname=convo_id), 

=INFO REPORT==== 10-Dec-2019::10:29:25 ===
           ts_search:(5:<0.4486.0>) Dyn Var (RE): no Match (varname=book_id), 

=INFO REPORT==== 10-Dec-2019::10:29:25 ===
           ts_search:(5:<0.4504.0>) Dyn Var (RE): no Match (varname=authenticity_token), 

=INFO REPORT==== 10-Dec-2019::10:29:25 ===
           ts_search:(5:<0.5409.0>) Dyn Var (RE): no Match (varname=authenticity_token), 

=INFO REPORT==== 10-Dec-2019::10:29:26 ===
           ts_search:(5:<0.4149.0>) Dyn Var (RE): no Match (varname=convo_id), 

=INFO REPORT==== 10-Dec-2019::10:29:26 ===
           ts_search:(5:<0.4953.0>) Dyn Var (RE): no Match (varname=authenticity_token), 

=INFO REPORT==== 10-Dec-2019::10:29:26 ===
           ts_search:(5:<0.4058.0>) Dyn Var (RE): no Match (varname=authenticity_token), 

=INFO REPORT==== 10-Dec-2019::10:29:27 ===
           ts_search:(5:<0.5896.0>) Dyn Var (RE): no Match (varname=book_id), 

=INFO REPORT==== 10-Dec-2019::10:29:27 ===
           ts_search:(5:<0.6099.0>) Dyn Var (RE): no Match (varname=book_id), 

=INFO REPORT==== 10-Dec-2019::10:29:27 ===
           ts_search:(5:<0.4262.0>) Dyn Var (RE): no Match (varname=authenticity_token), 

=INFO REPORT==== 10-Dec-2019::10:29:27 ===
           ts_search:(5:<0.4617.0>) Dyn Var (RE): no Match (varname=authenticity_token), 

=INFO REPORT==== 10-Dec-2019::10:29:28 ===
           ts_search:(5:<0.5048.0>) Dyn Var (RE): no Match (varname=authenticity_token), 

=INFO REPORT==== 10-Dec-2019::10:29:28 ===
           ts_search:(5:<0.5271.0>) Dyn Var (RE): no Match (varname=convo_id), 

=INFO REPORT==== 10-Dec-2019::10:29:31 ===
           ts_search:(5:<0.4330.0>) Dyn Var (RE): no Match (varname=authenticity_token), 

=INFO REPORT==== 10-Dec-2019::10:29:31 ===
           ts_search:(5:<0.5480.0>) Dyn Var (RE): no Match (varname=book_id), 

=INFO REPORT==== 10-Dec-2019::10:29:33 ===
           ts_search:(5:<0.5271.0>) Dyn Var (RE): no Match (varname=authenticity_token), 

=INFO REPORT==== 10-Dec-2019::10:29:34 ===
           ts_search:(5:<0.4149.0>) Dyn Var (RE): no Match (varname=authenticity_token), 

=INFO REPORT==== 10-Dec-2019::10:30:02 ===
     ts_launcher_mgr:(5:<0.149.0>) No more active users 'tsung_controller@ip-172-31-19-117' "6520"
