
=INFO REPORT==== 9-Dec-2019::09:29:00 ===
    ts_config_server:(5:<0.102.0>) Config server started, logdir is "/home/ec2-user/.tsung/log/20191209-0929"
 
=INFO REPORT==== 9-Dec-2019::09:29:00 ===
              ts_mon:(5:<0.83.0>) starting monitor, global 

=INFO REPORT==== 9-Dec-2019::09:29:00 ===
           ts_config:(5:<0.102.0>) Reading config file: simple.xml

=INFO REPORT==== 9-Dec-2019::09:29:00 ===
           ts_config:(5:<0.102.0>) Session name for id 1 is "Register-Logout-Login"

=INFO REPORT==== 9-Dec-2019::09:29:00 ===
           ts_config:(5:<0.102.0>) Session name for id 2 is "Create-Book"

=INFO REPORT==== 9-Dec-2019::09:29:00 ===
           ts_config:(5:<0.102.0>) Session name for id 3 is "Create-Post"

=INFO REPORT==== 9-Dec-2019::09:29:00 ===
           ts_config:(5:<0.102.0>) Session name for id 4 is "Add_Comment"

=INFO REPORT==== 9-Dec-2019::09:29:00 ===
           ts_config:(5:<0.102.0>) Session name for id 5 is "Send-Message"

=INFO REPORT==== 9-Dec-2019::09:29:00 ===
    ts_config_server:(4:<0.102.0>) SYSINFO:Tsung version: 1.7.0

=INFO REPORT==== 9-Dec-2019::09:29:00 ===
    ts_config_server:(4:<0.102.0>) SYSINFO:Erlang version: Erlang/OTP 20 [erts-9.1] [source] [64-bit] [smp:96:96] [ds:96:96:10] [async-threads:8] [hipe] [kernel-poll:true]


=INFO REPORT==== 9-Dec-2019::09:29:00 ===
    ts_config_server:(4:<0.102.0>) SYSINFO:System architecture x86_64-unknown-linux-gnu

=INFO REPORT==== 9-Dec-2019::09:29:00 ===
    ts_config_server:(4:<0.102.0>) SYSINFO:Current path: /usr/local/lib/tsung/tsung-1.7.0/ebin/tsung.beam

=INFO REPORT==== 9-Dec-2019::09:29:00 ===
              ts_mon:(5:<0.103.0>) Activate clients with text backend

=INFO REPORT==== 9-Dec-2019::09:29:00 ===
              ts_mon:(5:<0.103.0>) Starting tsung clients on hosts: [localhost]

=INFO REPORT==== 9-Dec-2019::09:29:00 ===
    ts_config_server:(5:<0.102.0>) Start a launcher on the controller beam localhost

=INFO REPORT==== 9-Dec-2019::09:29:00 ===
  ts_launcher_static:(5:<0.154.0>) Launch msg receive ("localhost")

=INFO REPORT==== 9-Dec-2019::09:29:00 ===
         ts_launcher:(5:<0.155.0>) Launch msg receive ("localhost")

=INFO REPORT==== 9-Dec-2019::09:29:00 ===
    ts_config_server:(5:<0.102.0>) New arrival phase 1 for client "localhost" (last ? true): will start 30 users

=INFO REPORT==== 9-Dec-2019::09:29:00 ===
    ts_config_server:(5:<0.102.0>) New arrival phase 2 for client "localhost" (last ? true): will start 60 users

=INFO REPORT==== 9-Dec-2019::09:29:00 ===
    ts_config_server:(5:<0.102.0>) New arrival phase 3 for client "localhost" (last ? true): will start 120 users

=INFO REPORT==== 9-Dec-2019::09:29:00 ===
    ts_config_server:(5:<0.102.0>) New arrival phase 4 for client "localhost" (last ? true): will start 240 users

=INFO REPORT==== 9-Dec-2019::09:29:00 ===
         ts_launcher:(5:<0.155.0>) Expected duration of first phase: 15.0 sec (30 users) 

=INFO REPORT==== 9-Dec-2019::09:29:00 ===
         ts_launcher:(5:<0.155.0>) Activate launcher (30 users) in 1374 msec 

=INFO REPORT==== 9-Dec-2019::09:29:17 ===
         ts_launcher:(5:<0.155.0>) Wait for all sessions to finish before starting next phase (still 26 sessions active)
=INFO REPORT==== 9-Dec-2019::09:29:22 ===
         ts_launcher:(5:<0.155.0>) Wait for all sessions to finish before starting next phase (still 17 sessions active)
=INFO REPORT==== 9-Dec-2019::09:29:27 ===
         ts_launcher:(5:<0.155.0>) Wait for all sessions to finish before starting next phase (still 9 sessions active)
=INFO REPORT==== 9-Dec-2019::09:29:32 ===
         ts_launcher:(5:<0.155.0>) Wait for all sessions to finish before starting next phase (still 4 sessions active)
=INFO REPORT==== 9-Dec-2019::09:29:37 ===
         ts_launcher:(5:<0.155.0>) Wait for all sessions to finish before starting next phase (still 2 sessions active)
=INFO REPORT==== 9-Dec-2019::09:29:42 ===
         ts_launcher:(5:<0.155.0>) Wait for all sessions to finish before starting next phase (still 1 sessions active)
=INFO REPORT==== 9-Dec-2019::09:29:47 ===
         ts_launcher:(5:<0.155.0>) Start a new arrival phase (60 users, 0.004); expected duration=15.0 sec

=INFO REPORT==== 9-Dec-2019::09:30:01 ===
         ts_launcher:(4:<0.155.0>) Need to wait 1.288 sec before changing phase, going to sleep

=INFO REPORT==== 9-Dec-2019::09:30:02 ===
         ts_launcher:(5:<0.155.0>) Waking up

=INFO REPORT==== 9-Dec-2019::09:30:02 ===
         ts_launcher:(5:<0.155.0>) Wait for all sessions to finish before starting next phase (still 53 sessions active)
=INFO REPORT==== 9-Dec-2019::09:30:07 ===
         ts_launcher:(5:<0.155.0>) Wait for all sessions to finish before starting next phase (still 43 sessions active)
=INFO REPORT==== 9-Dec-2019::09:30:12 ===
         ts_launcher:(5:<0.155.0>) Wait for all sessions to finish before starting next phase (still 27 sessions active)
=INFO REPORT==== 9-Dec-2019::09:30:17 ===
         ts_launcher:(5:<0.155.0>) Wait for all sessions to finish before starting next phase (still 11 sessions active)
=INFO REPORT==== 9-Dec-2019::09:30:22 ===
         ts_launcher:(5:<0.155.0>) Wait for all sessions to finish before starting next phase (still 3 sessions active)
=INFO REPORT==== 9-Dec-2019::09:30:27 ===
         ts_launcher:(5:<0.155.0>) Start a new arrival phase (120 users, 0.008); expected duration=15.0 sec

=INFO REPORT==== 9-Dec-2019::09:30:42 ===
         ts_launcher:(4:<0.155.0>) Need to wait 0.01 sec before changing phase, going to sleep

=INFO REPORT==== 9-Dec-2019::09:30:42 ===
         ts_launcher:(5:<0.155.0>) Waking up

=INFO REPORT==== 9-Dec-2019::09:30:42 ===
         ts_launcher:(5:<0.155.0>) Wait for all sessions to finish before starting next phase (still 117 sessions active)
=INFO REPORT==== 9-Dec-2019::09:30:47 ===
         ts_launcher:(5:<0.155.0>) Wait for all sessions to finish before starting next phase (still 107 sessions active)
=INFO REPORT==== 9-Dec-2019::09:30:52 ===
         ts_launcher:(5:<0.155.0>) Wait for all sessions to finish before starting next phase (still 90 sessions active)
=INFO REPORT==== 9-Dec-2019::09:30:57 ===
         ts_launcher:(5:<0.155.0>) Wait for all sessions to finish before starting next phase (still 68 sessions active)
=INFO REPORT==== 9-Dec-2019::09:31:02 ===
         ts_launcher:(5:<0.155.0>) Wait for all sessions to finish before starting next phase (still 36 sessions active)
=INFO REPORT==== 9-Dec-2019::09:31:07 ===
         ts_launcher:(5:<0.155.0>) Wait for all sessions to finish before starting next phase (still 16 sessions active)
=INFO REPORT==== 9-Dec-2019::09:31:12 ===
         ts_launcher:(5:<0.155.0>) Wait for all sessions to finish before starting next phase (still 2 sessions active)
=INFO REPORT==== 9-Dec-2019::09:31:17 ===
         ts_launcher:(5:<0.155.0>) Wait for all sessions to finish before starting next phase (still 1 sessions active)
=INFO REPORT==== 9-Dec-2019::09:31:22 ===
         ts_launcher:(5:<0.155.0>) Wait for all sessions to finish before starting next phase (still 1 sessions active)
=INFO REPORT==== 9-Dec-2019::09:31:27 ===
         ts_launcher:(5:<0.155.0>) Start a new arrival phase (240 users, 0.016); expected duration=15.0 sec

=INFO REPORT==== 9-Dec-2019::09:31:42 ===
         ts_launcher:(5:<0.155.0>) Phase duration exceeded, but not all users were launched (8 users, 3.3% of phase)

=INFO REPORT==== 9-Dec-2019::09:31:42 ===
         ts_launcher:(5:<0.155.0>) This was the last phase, wait for connected users to finish their session

=INFO REPORT==== 9-Dec-2019::09:33:07 ===
     ts_launcher_mgr:(5:<0.149.0>) No more active users 'tsung_controller@ip-172-31-46-69' "9729"
