# stats: dump at 1575883750
stats: users 20 20
stats: {cpu,"tsung_controller@ip-172-31-46-69"} 1 0.021089873120217834 0 0.021089873120217834 0.021089873120217834 0 0
stats: {load,"tsung_controller@ip-172-31-46-69"} 1 0.0 0 0.0 0.0 0 0
stats: {freemem,"tsung_controller@ip-172-31-46-69"} 1 375580.55859375 0 375580.55859375 375580.55859375 0 0
stats: users_count 20 20
stats: finish_users_count 0 0
stats: request 48 73.46049999999995 77.6182991879707 449.704 5.665 0 0
stats: connect 20 1.7084500000000002 3.256494380081133 15.885 0.807 0 0
stats: page 48 73.46049999999995 77.6182991879707 449.704 5.665 0 0
stats: tr_Initial_Get_Root 13 101.18 39.78353234500619 222.599 77.489 0 0
stats: 302 14 14
stats: tr_Get_Root 1 93.084 0 93.084 93.084 0 0
stats: 200 34 34
stats: tr_Redirect_Root 4 90.08449999999999 7.799308478961456 100.845 82.149 0 0
stats: size_rcv 394552 394552
stats: tr_Post_New_Post 1 16.212 0 16.212 16.212 0 0
stats: size_sent 21028 21028
stats: tr_Get_New_Post 1 12.895 0 12.895 12.895 0 0
stats: connected 20 20
stats: tr_Post_New_Comment_On_Post 1 28.54 0 28.54 28.54 0 0
stats: tr_Get_Post 1 112.59 0 112.59 112.59 0 0
stats: tr_Authenticate_User 5 2534.1839999999997 2029.3853418781755 6096.788 732.64 0 0
stats: tr_Get_Book 1 449.902 0 449.902 449.902 0 0
# stats: dump at 1575883760
stats: users 19 26
stats: {recvpackets,"tsung_controller@ip-172-31-46-69"} 1 630 0 630 630 0 0
stats: {sentpackets,"tsung_controller@ip-172-31-46-69"} 1 288 0 288 288 0 0
stats: {cpu,"tsung_controller@ip-172-31-46-69"} 1 0.014575590051118676 0.0 0.021089873120217834 0.014575590051118676 0.021089873120217834 1
stats: {load,"tsung_controller@ip-172-31-46-69"} 1 0.0 0.0 0.0 0.0 0.0 1
stats: {freemem,"tsung_controller@ip-172-31-46-69"} 1 375568.86328125 0.0 375580.55859375 375568.86328125 375580.55859375 1
stats: session 11 11072.74409090909 1974.954441611224 14745.821 7118.146 0 0
stats: users_count 10 30
stats: finish_users_count 11 11
stats: request 145 90.5345172413793 119.41041249429047 621.0 5.286 73.46049999999995 48
stats: connect 10 0.9799 0.1891472706649504 15.885 0.68 1.7084500000000002 20
stats: page 145 90.5345172413793 119.41041249429047 621.0 5.286 73.46049999999995 48
stats: tr_Initial_Get_Root 6 134.07133333333334 59.43174087883417 222.599 77.489 101.18 13
stats: 302 62 76
stats: tr_Get_Root 0 0 0 93.084 93.084 93.084 1
stats: 200 83 117
stats: tr_Redirect_Root 20 123.42774999999999 66.09526438170514 293.743 79.513 90.08449999999999 4
stats: size_rcv 1551600 1946152
stats: tr_Post_New_Post 5 15.143199999999998 4.42766066450445 23.964 12.264 16.212 1
stats: size_sent 82305 103333
stats: tr_Get_New_Post 5 11.4908 1.3957491751743936 13.817 9.718 12.895 1
stats: connected 0 20
stats: tr_Post_New_Comment_On_Post 7 15.48 1.0187855515269144 28.54 14.001 28.54 1
stats: tr_Get_Post 7 136.52842857142858 65.991466097318 254.087 84.226 112.59 1
stats: tr_Redirect_To_Post 9 108.64733333333334 40.92410782303154 199.797 79.317 0 0
stats: tr_Post_New_Comment_On_Comment 5 19.423000000000002 8.1772163478778 35.653 13.825 0 0
stats: tr_Get_Logout 1 10.82 0 10.82 10.82 0 0
stats: tr_Redirect_To_New_Post 5 18.6746 2.623843181289614 23.256 15.869 0 0
stats: tr_Get_Conversations 1 46.678 0 46.678 46.678 0 0
stats: tr_Authenticate_User 21 3099.306095238095 2077.784509328463 8677.336 267.984 2534.1839999999997 5
stats: tr_Get_Login 1 28.419 0 28.419 28.419 0 0
stats: tr_Post_Login 1 138.053 0 138.053 138.053 0 0
stats: tr_Get_Book 7 520.9638571428571 67.5210746538306 621.144 422.969 449.902 1
stats: tr_Get_New_Book 4 10.08375 0.7729186163497423 11.384 9.35 0 0
stats: tr_Post_New_Book 2 83.745 11.663 95.408 72.082 0 0
stats: tr_Redirect_To_New_Book 2 12.277000000000001 2.095 14.372 10.182 0 0
# stats: dump at 1575883770
stats: users 8 26
stats: {recvpackets,"tsung_controller@ip-172-31-46-69"} 1 1409.0 0.0 1409 630 630.0 1
stats: {sentpackets,"tsung_controller@ip-172-31-46-69"} 1 505.0 0.0 505 288 288.0 1
stats: {cpu,"tsung_controller@ip-172-31-46-69"} 1 0.016655389579971893 0.0 0.021089873120217834 0.014575590051118676 0.017832731585668254 2
stats: {load,"tsung_controller@ip-172-31-46-69"} 1 0.0 0.0 0.0 0.0 0.0 2
stats: {freemem,"tsung_controller@ip-172-31-46-69"} 1 375557.08984375 0.0 375580.55859375 375557.08984375 375574.7109375 2
stats: session 11 14215.30227272727 4579.041380522865 21591.047 6839.588 11072.74409090909 11
stats: users_count 0 30
stats: finish_users_count 11 22
stats: request 50 69.91806000000001 103.2187536032886 621.0 5.286 86.28812953367874 193
stats: connect 0 0 0 15.885 0.68 1.4656 30
stats: page 50 69.91806000000001 103.2187536032886 621.0 5.286 86.28812953367874 193
stats: tr_Initial_Get_Root 0 0 0 222.599 77.489 111.56673684210527 19
stats: 302 19 95
stats: tr_Get_Root 0 0 0 93.084 93.084 93.084 1
stats: 200 31 148
stats: tr_Redirect_Root 6 95.74983333333334 8.916262883380885 293.743 79.513 117.87054166666667 24
stats: size_rcv 739209 2685361
stats: tr_Post_New_Post 3 12.420666666666667 1.0927791278306076 23.964 11.28 15.321333333333333 6
stats: size_sent 29376 132709
stats: tr_Get_New_Post 3 10.256 0.13145594952936357 13.817 9.718 11.724833333333335 6
stats: connected -12 8
stats: tr_Post_New_Comment_On_Post 2 15.6765 1.8814999999999995 28.54 13.795 17.1125 8
stats: tr_Get_Post 2 84.833 3.174000000000003 254.087 81.659 133.536125 8
stats: tr_Redirect_To_Post 9 77.79066666666667 8.14384019435003 199.797 65.963 108.64733333333334 9
stats: tr_Post_New_Comment_On_Comment 4 16.01475 2.768863067668749 35.653 13.825 19.423000000000002 5
stats: tr_Get_Logout 0 0 0 10.82 10.82 10.82 1
stats: tr_Redirect_To_New_Post 2 24.1365 8.6435 32.78 15.493 18.6746 5
stats: tr_Get_Conversations 0 0 0 46.678 46.678 46.678 1
stats: tr_Authenticate_User 4 4930.87275 2768.6148896997556 9716.654 267.984 2990.628769230769 26
stats: tr_Get_Login 0 0 0 28.419 28.419 28.419 1
stats: tr_Post_Login 0 0 0 138.053 138.053 138.053 1
stats: tr_Get_New_Conversation 1 310.37 0 310.37 310.37 0 0
stats: tr_Post_New_Conversation 1 199.487 0 199.487 199.487 0 0
stats: tr_Get_Book 2 489.47749999999996 13.185500000000033 621.144 422.969 512.0811249999999 8
stats: tr_Get_New_Book 2 7.845 0.25899999999999945 11.384 7.586 10.08375 4
stats: tr_Post_New_Book 4 9.89725 0.871975451202613 95.408 9.068 83.745 2
stats: tr_Redirect_To_New_Book 3 10.356 1.0842973147004769 14.372 9.191 12.277000000000001 2
# stats: dump at 1575883780
stats: users 2 26
stats: {recvpackets,"tsung_controller@ip-172-31-46-69"} 1 528.0 0.0 1409 528 1019.5 2
stats: {sentpackets,"tsung_controller@ip-172-31-46-69"} 1 173.0 0.0 505 173 396.5 2
stats: {cpu,"tsung_controller@ip-172-31-46-69"} 1 0.0072865812401761276 0.0 0.021089873120217834 0.0072865812401761276 0.017440284250436134 3
stats: {load,"tsung_controller@ip-172-31-46-69"} 1 0.0 0.0 0.0 0.0 0.0 3
stats: {freemem,"tsung_controller@ip-172-31-46-69"} 1 375560.6484375 0.0 375580.55859375 375557.08984375 375568.8372395833 3
stats: session 6 19573.9685 3449.5135190342307 24703.662 6839.588 12644.02318181818 22
stats: users_count 0 30
stats: finish_users_count 6 28
stats: request 16 49.11400000000001 98.42618804020097 621.0 5.286 82.9198024691358 243
stats: connect 0 0 0 15.885 0.68 1.4656 30
stats: page 16 49.11400000000001 98.42618804020097 621.0 5.286 82.9198024691358 243
stats: tr_Initial_Get_Root 0 0 0 222.599 77.489 111.56673684210527 19
stats: 302 5 100
stats: tr_Get_Root 0 0 0 93.084 93.084 93.084 1
stats: 200 11 159
stats: tr_Redirect_Root 0 0 0 293.743 79.513 113.4464 30
stats: size_rcv 119461 2804822
stats: tr_Post_New_Post 2 11.8605 0.43849999999999945 23.964 11.28 14.354444444444445 9
stats: size_sent 8891 141600
stats: tr_Get_New_Post 2 10.661999999999999 0.2929999999999997 13.817 9.718 11.235222222222223 9
stats: connected -6 2
stats: tr_Post_New_Comment_On_Post 0 0 0 28.54 13.795 16.825300000000002 10
stats: tr_Get_Post 0 0 0 254.087 81.659 123.79549999999999 10
stats: tr_Redirect_To_Post 1 74.163 0.0 199.797 65.963 93.219 18
stats: tr_Post_New_Comment_On_Comment 1 14.663 0.0 35.653 13.825 17.90822222222222 9
stats: tr_Get_Logout 1 9.062 0.0 10.82 9.062 10.82 1
stats: tr_Redirect_To_New_Post 4 15.611500000000001 0.46346170284069843 32.78 14.88 20.235142857142858 7
stats: tr_Get_Conversations 0 0 0 46.678 46.678 46.678 1
stats: tr_Authenticate_User 0 0 0 9716.654 267.984 3249.3279666666667 30
stats: tr_Get_Login 1 6.442 0.0 28.419 6.442 28.419 1
stats: tr_Post_Login 1 127.721 0.0 138.053 127.721 138.053 1
stats: tr_Get_New_Conversation 0 0 0 310.37 310.37 310.37 1
stats: tr_Post_New_Conversation 0 0 0 199.487 199.487 199.487 1
stats: tr_Redirect_To_New_Conversation 1 32.591 0 32.591 32.591 0 0
stats: tr_Get_Book 1 412.094 0.0 621.144 412.094 507.56039999999996 10
stats: tr_Get_New_Book 0 0 0 11.384 7.586 9.3375 6
stats: tr_Post_New_Book 0 0 0 95.408 9.068 34.51316666666667 6
stats: tr_Redirect_To_New_Book 1 9.905 0.0 14.372 9.191 11.1244 5
# stats: dump at 1575883790
stats: users 6 26
stats: {recvpackets,"tsung_controller@ip-172-31-46-69"} 1 98.0 0.0 1409 98 855.6666666666666 3
stats: {sentpackets,"tsung_controller@ip-172-31-46-69"} 1 41.0 0.0 505 41 322.0 3
stats: {cpu,"tsung_controller@ip-172-31-46-69"} 1 0.0020822271501598107 0.0 0.021089873120217834 0.0020822271501598107 0.014901858497871134 4
stats: {load,"tsung_controller@ip-172-31-46-69"} 1 0.0 0.0 0.0 0.0 0.0 4
stats: {freemem,"tsung_controller@ip-172-31-46-69"} 1 375563.6953125 0.0 375580.55859375 375557.08984375 375566.7900390625 4
stats: session 2 35176.521 3704.7690000000002 38881.29 6839.588 14129.011464285712 28
stats: users_count 6 36
stats: finish_users_count 2 30
stats: request 10 52.471500000000006 36.76749891480246 621.0 5.286 80.83141312741313 259
stats: connect 4 1.34075 0.27139581334280005 15.885 0.68 1.4656 30
stats: page 9 58.32944444444445 37.70216669904356 621.0 5.286 80.83141312741313 259
stats: tr_Initial_Get_Root 4 91.365 4.128221711584781 222.599 77.489 111.56673684210527 19
stats: 302 1 101
stats: tr_Get_Root 0 0 0 93.084 93.084 93.084 1
stats: 200 9 168
stats: tr_Redirect_Root 0 0 0 293.743 79.513 113.4464 30
stats: size_rcv 122401 2927223
stats: tr_Post_New_Post 0 0 0 23.964 11.28 13.901 11
stats: newphase 1 1
stats: tr_Get_New_Post 0 0 0 13.817 9.718 11.131 11
stats: size_sent 3246 144846
stats: tr_Post_New_Comment_On_Post 0 0 0 28.54 13.795 16.825300000000002 10
stats: connected 2 4
stats: tr_Get_Post 0 0 0 254.087 81.659 123.79549999999999 10
stats: tr_Redirect_To_Post 1 67.825 0.0 199.797 65.963 92.21605263157895 19
stats: tr_Post_New_Comment_On_Comment 0 0 0 35.653 13.825 17.5837 10
stats: tr_Get_Logout 0 0 0 10.82 9.062 9.940999999999999 2
stats: tr_Redirect_To_New_Post 0 0 0 32.78 14.88 18.553818181818183 11
stats: tr_Get_Conversations 0 0 0 46.678 46.678 46.678 1
stats: tr_Authenticate_User 0 0 0 9716.654 267.984 3249.3279666666667 30
stats: tr_Get_Login 0 0 0 28.419 6.442 17.430500000000002 2
stats: tr_Post_Login 0 0 0 138.053 127.721 132.887 2
stats: tr_Get_New_Conversation 0 0 0 310.37 310.37 310.37 1
stats: tr_Post_New_Conversation 0 0 0 199.487 199.487 199.487 1
stats: tr_Redirect_To_New_Conversation 0 0 0 32.591 32.591 32.591 1
stats: tr_Redirect_To_Same_Conversation 1 23.82 0 23.82 23.82 0 0
stats: tr_Reply_To_Conversation 1 49.493 0 49.493 49.493 0 0
stats: tr_Get_Book 0 0 0 621.144 412.094 498.8816363636363 11
stats: tr_Get_New_Book 0 0 0 11.384 7.586 9.3375 6
stats: tr_Post_New_Book 0 0 0 95.408 9.068 34.51316666666667 6
stats: tr_Redirect_To_New_Book 0 0 0 14.372 9.191 10.921166666666666 6
# stats: dump at 1575883800
stats: users 52 53
stats: {recvpackets,"tsung_controller@ip-172-31-46-69"} 1 201.0 0.0 1409 98 666.25 4
stats: {sentpackets,"tsung_controller@ip-172-31-46-69"} 1 111.0 0.0 505 41 251.75 4
stats: {cpu,"tsung_controller@ip-172-31-46-69"} 1 0.0041638907395069955 0.0 0.021089873120217834 0.0020822271501598107 0.012337932228328869 5
stats: {load,"tsung_controller@ip-172-31-46-69"} 1 0.0 0.0 0.0 0.0 0.0 5
stats: {freemem,"tsung_controller@ip-172-31-46-69"} 1 375564.421875 0.0 375580.55859375 375557.08984375 375566.17109375 5
stats: session 4 8217.207750000001 1939.9210232732894 38881.29 4921.207 15532.178766666666 30
stats: users_count 50 86
stats: finish_users_count 4 34
stats: request 184 90.49168478260869 126.80208410267191 1036.521 4.698 79.77714126394052 269
stats: connect 50 1.07976 0.4311532238079637 15.885 0.68 1.4509117647058825 34
stats: page 184 90.49168478260869 126.80208410267191 1036.521 4.698 80.07575 268
stats: tr_Initial_Get_Root 29 119.34917241379311 48.62319254973797 347.76 77.489 108.05339130434783 23
stats: 302 69 170
stats: tr_Get_Root 3 144.26266666666666 58.99430247254579 227.687 93.084 93.084 1
stats: 200 115 283
stats: tr_Redirect_Root 17 196.84447058823528 151.9186281146889 603.652 79.513 113.4464 30
stats: size_rcv 1348924 4276147
stats: tr_Post_New_Post 2 13.285499999999999 0.13750000000000062 23.964 11.28 13.901 11
stats: newphase 0 1
stats: tr_Get_New_Post 2 17.378500000000003 3.3344999999999994 20.713 9.718 11.131 11
stats: size_sent 89876 234722
stats: tr_Post_New_Comment_On_Post 4 20.6745 8.940166567240231 36.104 13.795 16.825300000000002 10
stats: connected 47 51
stats: tr_Get_Post 4 165.7155 77.45126322565694 257.885 81.659 123.79549999999999 10
stats: tr_Redirect_To_Post 2 76.953 0.3319999999999972 199.797 65.963 90.9965 20
stats: tr_Post_New_Comment_On_Comment 1 14.622 0.0 35.653 13.825 17.5837 10
stats: tr_Get_Logout 0 0 0 10.82 9.062 9.940999999999999 2
stats: tr_Redirect_To_New_Post 0 0 0 32.78 14.88 18.553818181818183 11
stats: tr_Get_Conversations 1 17.618 0.0 46.678 17.618 46.678 1
stats: tr_Authenticate_User 26 2757.696653846154 2114.58705862594 9716.654 172.198 3249.3279666666667 30
stats: tr_Get_Login 0 0 0 28.419 6.442 17.430500000000002 2
stats: tr_Post_Login 0 0 0 138.053 127.721 132.887 2
stats: tr_Get_New_Conversation 1 746.487 0.0 746.487 310.37 310.37 1
stats: tr_Post_New_Conversation 0 0 0 199.487 199.487 199.487 1
stats: tr_Redirect_To_New_Conversation 0 0 0 32.591 32.591 32.591 1
stats: tr_Redirect_To_Same_Conversation 0 0 0 23.82 23.82 23.82 1
stats: tr_Reply_To_Conversation 0 0 0 49.493 49.493 49.493 1
stats: tr_Get_Book 2 720.8349999999999 315.832 1036.667 405.003 498.8816363636363 11
stats: tr_Get_New_Book 4 9.357499999999998 0.9102594410386522 11.384 7.586 9.3375 6
stats: tr_Post_New_Book 3 11.249666666666668 1.0794456396173406 95.408 9.068 34.51316666666667 6
stats: tr_Redirect_To_New_Book 2 19.2785 9.776499999999999 29.055 9.191 10.921166666666666 6
# stats: dump at 1575883810
stats: users 35 55
stats: {recvpackets,"tsung_controller@ip-172-31-46-69"} 1 1849.0 0.0 1849 98 573.2 5
stats: {sentpackets,"tsung_controller@ip-172-31-46-69"} 1 834.0 0.0 834 41 223.6 5
stats: {cpu,"tsung_controller@ip-172-31-46-69"} 1 0.027066135060013947 0.0 0.027066135060013947 0.0020822271501598107 0.010975591980191891 6
stats: {load,"tsung_controller@ip-172-31-46-69"} 1 0.0 0.0 0.0 0.0 0.0 6
stats: {freemem,"tsung_controller@ip-172-31-46-69"} 1 375554.91796875 0.0 375580.55859375 375554.91796875 375565.8795572917 6
stats: session 21 11904.241809523808 2655.838358859871 38881.29 4921.207 14671.59394117647 34
stats: users_count 4 90
stats: finish_users_count 21 55
stats: request 232 144.53122844827607 190.10764287624193 1036.521 4.698 84.12918543046356 453
stats: connect 6 1.0418333333333336 0.17076535232755968 15.885 0.68 1.2299880952380953 84
stats: page 232 144.53122844827607 190.10764287624193 1036.521 4.698 84.31586504424777 452
stats: tr_Initial_Get_Root 5 339.6512 157.4607484211859 582.501 77.489 114.35296153846154 52
stats: 302 100 270
stats: tr_Get_Root 0 0 0 227.687 93.084 131.46800000000002 4
stats: 200 132 415
stats: tr_Redirect_Root 40 263.10030000000006 161.9999087029373 634.786 79.513 143.61165957446806 47
stats: size_rcv 2943684 7219831
stats: tr_Post_New_Post 8 15.348875 4.668135265753876 27.065 11.28 13.806307692307692 13
stats: newphase 0 1
stats: tr_Get_New_Post 8 17.677750000000003 9.815940692949402 37.888 9.718 12.092153846153847 13
stats: size_sent 136383 371105
stats: tr_Post_New_Comment_On_Post 11 16.154454545454545 3.1334163279554033 36.104 12.934 17.92507142857143 14
stats: connected -16 35
stats: tr_Get_Post 11 154.26363636363632 101.80677033413724 417.423 73.482 135.77264285714287 14
stats: tr_Redirect_To_Post 19 172.783 100.29067134925465 407.378 65.963 89.71981818181817 22
stats: tr_Post_New_Comment_On_Comment 9 61.17655555555555 69.27739933550738 214.344 13.825 17.314454545454545 11
stats: tr_Get_Logout 5 13.6418 4.974025548788426 23.353 9.062 9.940999999999999 2
stats: tr_Redirect_To_New_Post 5 53.486799999999995 68.75037023143949 190.674 14.602 18.553818181818183 11
stats: tr_Get_Conversations 1 10.064 0.0 46.678 10.064 32.147999999999996 2
stats: tr_Authenticate_User 34 4975.995470588235 2853.658438716439 12715.477 172.198 3021.0705714285714 56
stats: tr_Get_Login 4 8.73 1.2240369683959718 28.419 6.442 17.430500000000002 2
stats: tr_Post_Login 2 171.7015 6.0475000000000065 177.749 127.721 132.887 2
stats: tr_Get_New_Conversation 0 0 0 746.487 310.37 528.4285 2
stats: tr_Post_New_Conversation 1 46.616 0.0 199.487 46.616 199.487 1
stats: tr_Redirect_To_New_Conversation 1 27.519 0.0 32.591 27.519 32.591 1
stats: tr_Redirect_To_Same_Conversation 0 0 0 23.82 23.82 23.82 1
stats: tr_Reply_To_Conversation 0 0 0 49.493 49.493 49.493 1
stats: tr_Get_Book 13 685.4737692307692 163.53616043796833 1036.667 405.003 533.0283076923076 13
stats: tr_Get_New_Book 9 11.803555555555555 4.315575617873037 23.033 7.586 9.3455 10
stats: tr_Post_New_Book 8 13.927624999999997 7.5422107657088855 95.408 9.068 26.758666666666667 9
stats: tr_Redirect_To_New_Book 7 22.816285714285716 29.739472503316364 95.612 9.191 13.0105 8
# stats: dump at 1575883820
stats: users 4 55
stats: {recvpackets,"tsung_controller@ip-172-31-46-69"} 1 2486.0 0.0 2486 98 785.8333333333334 6
stats: {sentpackets,"tsung_controller@ip-172-31-46-69"} 1 787.0 0.0 834 41 325.3333333333333 6
stats: {cpu,"tsung_controller@ip-172-31-46-69"} 1 0.030194808575325634 0.0 0.030194808575325634 0.0020822271501598107 0.01327424099159504 7
stats: {load,"tsung_controller@ip-172-31-46-69"} 1 0.0 0.0 0.0 0.0 0.0 7
stats: {freemem,"tsung_controller@ip-172-31-46-69"} 1 375543.4765625 0.0 375580.55859375 375543.4765625 375564.3136160714 7
stats: session 31 19356.277580645157 4640.1974183032635 38881.29 4921.207 13614.968581818182 55
stats: users_count 0 90
stats: finish_users_count 31 86
stats: request 89 62.38423595505617 112.99669594245053 1036.521 4.698 104.58651970802924 685
stats: connect 0 0 0 15.885 0.68 1.2174444444444446 90
stats: tr_Initial_Get_Root 0 0 0 582.501 77.489 134.1159649122807 57
stats: 302 30 300
stats: page 87 63.82270114942528 114.4475251556604 1036.521 4.698 104.73978947368425 684
stats: tr_Get_Root 0 0 0 227.687 93.084 131.46800000000002 4
stats: 200 59 474
stats: tr_Redirect_Root 3 126.04166666666667 22.730530970969912 634.786 79.513 198.5489655172414 87
stats: size_rcv 1161885 8381716
stats: tr_Post_New_Post 8 13.952874999999999 3.1568685210782856 27.065 11.136 14.393952380952381 21
stats: newphase 0 1
stats: tr_Get_New_Post 8 12.201375 4.251062894662346 37.888 9.235 14.22 21
stats: size_sent 50901 422006
stats: tr_Post_New_Comment_On_Post 4 15.396249999999998 1.7382455774429573 36.104 12.934 17.146 25
stats: connected -30 5
stats: tr_Get_Post 4 94.215 16.724228786404474 417.423 73.482 143.90867999999998 25
stats: tr_Redirect_To_Post 14 78.26907142857142 9.499393360061665 407.378 65.963 128.21251219512195 41
stats: tr_Post_New_Comment_On_Comment 8 15.137625 2.406278555025374 214.344 13.216 37.0524 20
stats: tr_Get_Logout 0 0 0 23.353 9.062 12.584428571428573 7
stats: tr_Redirect_To_New_Post 12 16.56475 4.381887989687398 190.674 13.61 29.470374999999997 16
stats: tr_Get_Conversations 1 11.38 0.0 46.678 10.064 24.78666666666666 3
stats: tr_Authenticate_User 0 0 0 12715.477 172.198 3759.597755555555 90
stats: tr_Get_Login 1 13.25 0.0 28.419 6.442 11.630166666666668 6
stats: tr_Post_Login 2 128.5915 0.3474999999999966 177.749 127.721 152.29425 4
stats: tr_Get_New_Conversation 2 561.7025 21.702499999999986 746.487 310.37 528.4285 2
stats: tr_Post_New_Conversation 2 31.4165 5.586500000000001 199.487 25.83 123.0515 2
stats: tr_Redirect_To_New_Conversation 1 24.193 0.0 32.591 24.193 30.055 2
stats: tr_Redirect_To_Same_Conversation 2 56.209999999999994 35.25299999999999 91.463 20.957 23.82 1
stats: tr_Reply_To_Conversation 2 44.811 7.807000000000002 52.618 37.004 49.493 1
stats: tr_Get_Book 3 458.1296666666667 9.332516107078991 1036.667 405.003 609.2510384615384 26
stats: tr_Get_New_Book 2 7.88 0.07099999999999973 23.033 7.586 10.509842105263159 19
stats: tr_Post_New_Book 4 10.32325 1.3413894615286046 95.408 9.068 20.720529411764705 17
stats: tr_Redirect_To_New_Book 6 9.760166666666667 1.0487165833637908 95.612 8.668 17.586533333333332 15
# stats: dump at 1575883830
stats: users 21 55
stats: {recvpackets,"tsung_controller@ip-172-31-46-69"} 1 749.0 0.0 2486 98 1028.7142857142858 7
stats: {sentpackets,"tsung_controller@ip-172-31-46-69"} 1 279.0 0.0 834 41 391.2857142857143 7
stats: {cpu,"tsung_controller@ip-172-31-46-69"} 1 0.011452487792689148 0.0 0.030194808575325634 0.0020822271501598107 0.015389311939561365 8
stats: {load,"tsung_controller@ip-172-31-46-69"} 1 0.0 0.0 0.0 0.0 0.0 8
stats: {freemem,"tsung_controller@ip-172-31-46-69"} 1 375550.99609375 0.0 375580.55859375 375543.4765625 375561.708984375 8
stats: session 4 27002.93825 3647.8327251781557 38881.29 4921.207 15684.510197674417 86
stats: users_count 21 111
stats: finish_users_count 4 90
stats: request 33 69.90284848484848 55.36355600339161 1036.521 4.698 99.73380232558144 774
stats: connect 20 2.3754 6.1332636043137745 29.105 0.68 1.2174444444444446 90
stats: page 32 72.090125 55.25054860573219 1036.521 4.698 100.12268612191963 771
stats: tr_Initial_Get_Root 11 125.88836363636364 19.607243848188205 582.501 77.489 134.1159649122807 57
stats: 302 5 305
stats: tr_Get_Root 1 124.467 0.0 227.687 93.084 131.46800000000002 4
stats: 200 28 502
stats: tr_Redirect_Root 0 0 0 634.786 79.513 196.13205555555558 90
stats: size_rcv 424054 8805770
stats: tr_Post_New_Post 0 0 0 27.065 11.136 14.272275862068966 29
stats: newphase 1 2
stats: tr_Get_New_Post 0 0 0 37.888 9.235 13.663137931034482 29
stats: size_sent 10506 432512
stats: tr_Post_New_Comment_On_Post 0 0 0 36.104 12.934 16.904655172413793 29
stats: connected 15 20
stats: tr_Get_Post 0 0 0 417.423 73.482 137.0543793103448 29
stats: tr_Redirect_To_Post 3 68.11399999999999 2.6141829826289227 407.378 65.963 115.49963636363636 55
stats: tr_Post_New_Comment_On_Comment 1 13.712 0.0 214.344 13.216 30.791035714285716 28
stats: tr_Get_Logout 0 0 0 23.353 9.062 12.584428571428573 7
stats: tr_Redirect_To_New_Post 1 14.689 0.0 190.674 13.61 23.939392857142852 28
stats: tr_Get_Conversations 0 0 0 46.678 10.064 21.434999999999995 4
stats: tr_Authenticate_User 0 0 0 12715.477 172.198 3759.597755555555 90
stats: tr_Get_Login 0 0 0 28.419 6.442 11.861571428571429 7
stats: tr_Post_Login 1 126.304 0.0 177.749 126.304 144.39333333333335 6
stats: tr_Get_New_Conversation 0 0 0 746.487 310.37 545.0654999999999 4
stats: tr_Post_New_Conversation 0 0 0 199.487 25.83 77.23400000000001 4
stats: tr_Redirect_To_New_Conversation 1 30.126 0.0 32.591 24.193 28.101 3
stats: tr_Redirect_To_Same_Conversation 1 22.539 0.0 91.463 20.957 45.41333333333333 3
stats: tr_Reply_To_Conversation 1 35.32 0.0 52.618 35.32 46.37166666666667 3
stats: tr_Get_Book 0 0 0 1036.667 405.003 593.6177931034482 29
stats: tr_Get_New_Book 0 0 0 23.033 7.586 10.259380952380953 21
stats: tr_Post_New_Book 0 0 0 95.408 9.068 18.740095238095236 21
stats: tr_Redirect_To_New_Book 0 0 0 95.612 8.668 15.350428571428571 21
# stats: dump at 1575883840
stats: users 104 104
stats: {recvpackets,"tsung_controller@ip-172-31-46-69"} 1 566.0 0.0 2486 98 993.75 8
stats: {sentpackets,"tsung_controller@ip-172-31-46-69"} 1 267.0 0.0 834 41 377.25 8
stats: {cpu,"tsung_controller@ip-172-31-46-69"} 1 0.006245055997335443 0.0 0.030194808575325634 0.0020822271501598107 0.014951887034353342 9
stats: {load,"tsung_controller@ip-172-31-46-69"} 1 0.0 0.0 0.0 0.0 0.0 9
stats: {freemem,"tsung_controller@ip-172-31-46-69"} 1 375555.67578125 0.0 375580.55859375 375543.4765625 375560.51866319444 9
stats: session 2 6799.188 2685.2099999999996 38881.29 4113.978 16187.551444444443 90
stats: users_count 85 196
stats: finish_users_count 2 92
stats: request 294 393.03077551020425 580.2898805481818 5011.801 4.698 98.51394919454773 807
stats: connect 82 0.9834512195121948 0.25844819042248907 29.105 0.551 1.4279818181818182 110
stats: page 294 393.03077551020425 580.2898805481818 5011.801 4.698 99.00557285180577 803
stats: tr_Initial_Get_Root 51 701.131058823529 597.9256782381942 2010.251 77.489 132.7850294117647 68
stats: 302 117 422
stats: tr_Get_Root 10 812.9017000000001 635.3451447520551 1990.666 93.084 130.0678 5
stats: 200 177 679
stats: tr_Redirect_Root 31 1042.9521612903225 696.7511813053447 2452.736 79.513 196.13205555555558 90
stats: size_rcv 2530370 11336140
stats: tr_Post_New_Post 0 0 0 27.065 11.136 14.272275862068966 29
stats: newphase 0 2
stats: tr_Get_New_Post 0 0 0 37.888 9.235 13.663137931034482 29
stats: size_sent 149039 581551
stats: tr_Post_New_Comment_On_Post 5 136.23039999999997 172.37085866073764 479.544 12.934 16.904655172413793 29
stats: connected 80 100
stats: tr_Get_Post 5 967.6698 390.6712082922928 1538.212 73.482 137.0543793103448 29
stats: tr_Redirect_To_Post 2 850.0395000000001 415.3405 1265.38 65.963 113.04865517241377 58
stats: tr_Post_New_Comment_On_Comment 2 210.41750000000002 40.3165 250.734 13.216 30.20210344827586 29
stats: tr_Get_Logout 2 16.3355 4.230499999999999 23.353 9.062 12.584428571428573 7
stats: tr_Redirect_To_New_Post 0 0 0 190.674 13.61 23.62041379310344 29
stats: tr_Get_Conversations 1 78.64 0.0 78.64 10.064 21.434999999999995 4
stats: tr_Authenticate_User 50 3183.37646 2209.933293638423 12715.477 172.198 3759.597755555555 90
stats: tr_Get_Login 2 28.328 13.44 41.768 6.442 11.861571428571429 7
stats: tr_Post_Login 1 189.035 0.0 189.035 126.304 141.80914285714286 7
stats: tr_Get_New_Conversation 0 0 0 746.487 310.37 545.0654999999999 4
stats: tr_Post_New_Conversation 0 0 0 199.487 25.83 77.23400000000001 4
stats: tr_Redirect_To_New_Conversation 0 0 0 32.591 24.193 28.60725 4
stats: tr_Redirect_To_Same_Conversation 0 0 0 91.463 20.957 39.69475 4
stats: tr_Reply_To_Conversation 0 0 0 52.618 35.32 43.60875 4
stats: tr_Get_Book 1 5011.996 0.0 5011.996 405.003 593.6177931034482 29
stats: tr_Get_New_Book 3 66.65666666666668 43.28167200508265 119.68 7.586 10.259380952380953 21
stats: tr_Post_New_Book 3 209.06633333333332 256.07548339546724 571.073 9.068 18.740095238095236 21
stats: tr_Redirect_To_New_Book 1 229.508 0.0 229.508 8.668 15.350428571428571 21
# stats: dump at 1575883850
stats: users 99 117
stats: {recvpackets,"tsung_controller@ip-172-31-46-69"} 1 3072.0 0.0 3072 98 946.2222222222222 9
stats: {sentpackets,"tsung_controller@ip-172-31-46-69"} 1 1273.0 0.0 1273 41 365.0 9
stats: {cpu,"tsung_controller@ip-172-31-46-69"} 1 0.04997553281206077 0.0 0.04997553281206077 0.0020822271501598107 0.014081203930651551 10
stats: {load,"tsung_controller@ip-172-31-46-69"} 1 0.0 0.0 0.0 0.0 0.0 10
stats: {freemem,"tsung_controller@ip-172-31-46-69"} 1 375527.7890625 0.0 375580.55859375 375527.7890625 375560.034375 10
stats: session 19 16285.059894736843 3322.667162356959 38881.29 4113.978 15983.45658695652 92
stats: users_count 14 210
stats: finish_users_count 19 111
stats: request 336 1222.8507738095232 1658.4836144110295 10415.551 4.698 177.15876930063587 1101
stats: page 336 1222.8507738095232 1658.4836144110295 10415.551 4.698 177.80539927073846 1097
stats: 302 149 571
stats: connect 18 0.9938888888888889 0.11573623694940958 29.105 0.551 1.2381302083333332 192
stats: tr_Initial_Get_Root 15 3971.8392666666673 922.0651542343029 5054.07 77.489 376.36189915966366 119
stats: 200 187 866
stats: tr_Get_Root 3 2080.8926666666666 1548.770775775708 4179.73 93.084 585.2904000000001 15
stats: size_rcv 3868146 15204286
stats: tr_Redirect_Root 61 3047.746491803279 1048.4528315390492 5236.696 79.513 413.0859669421488 121
stats: newphase 0 2
stats: tr_Post_New_Post 2 312.4255 164.5805 477.006 11.136 14.272275862068966 29
stats: size_sent 206508 788059
stats: tr_Get_New_Post 2 463.133 295.70399999999995 758.837 9.235 13.663137931034482 29
stats: connected -1 99
stats: tr_Post_New_Comment_On_Post 14 295.6427142857143 218.73510127628566 781.444 12.934 34.4525588235294 34
stats: tr_Get_Post 14 1329.6610714285719 695.8245016172709 2790.502 73.482 259.20370588235295 34
stats: tr_Redirect_To_Post 22 1348.3328636363638 477.0812894369733 2178.449 65.963 137.61501666666666 60
stats: tr_Post_New_Comment_On_Comment 12 372.72783333333336 288.79429146044225 918.261 13.216 41.82890322580645 31
stats: tr_Get_Logout 6 244.42466666666667 160.20355628976807 480.958 9.062 13.418 9
stats: tr_Redirect_To_New_Post 2 308.67449999999997 60.554499999999976 369.229 13.61 23.62041379310344 29
stats: tr_Get_Conversations 5 278.1558 340.0080390634316 947.431 10.064 32.876 5
stats: tr_Authenticate_User 60 4862.2828833333315 3065.6665779625214 13837.365 172.198 3553.8044357142853 140
stats: tr_Get_Login 4 160.03125 108.74740941368444 275.735 6.442 15.520777777777779 9
stats: tr_Post_Login 4 334.90299999999996 144.04728467937184 560.156 126.304 147.712375 8
stats: tr_Get_New_Conversation 0 0 0 746.487 310.37 545.0654999999999 4
stats: tr_Post_New_Conversation 0 0 0 199.487 25.83 77.23400000000001 4
stats: tr_Redirect_To_New_Conversation 0 0 0 32.591 24.193 28.60725 4
stats: tr_Redirect_To_Same_Conversation 0 0 0 91.463 20.957 39.69475 4
stats: tr_Reply_To_Conversation 0 0 0 52.618 35.32 43.60875 4
stats: tr_Get_Book 5 8976.013 1118.3148470167062 10415.703 405.003 740.8970666666665 30
stats: tr_Get_New_Book 9 153.86222222222221 126.17042646161647 351.559 7.586 17.30904166666667 24
stats: tr_Post_New_Book 6 239.9745 146.6152609482269 571.073 9.068 42.530875 24
stats: tr_Redirect_To_New_Book 5 249.94719999999998 169.21963887847062 533.763 8.668 25.084863636363636 22
# stats: dump at 1575883860
stats: users 45 117
stats: {recvpackets,"tsung_controller@ip-172-31-46-69"} 1 3566.0 0.0 3566 98 1158.8 10
stats: {sentpackets,"tsung_controller@ip-172-31-46-69"} 1 1120.0 0.0 1273 41 455.8 10
stats: {cpu,"tsung_controller@ip-172-31-46-69"} 1 0.061430817446352155 0.0 0.061430817446352155 0.0020822271501598107 0.017344324738052388 11
stats: {load,"tsung_controller@ip-172-31-46-69"} 1 0.0 0.0 0.0 0.0 0.0 11
stats: {freemem,"tsung_controller@ip-172-31-46-69"} 1 375515.41015625 0.0 375580.55859375 375515.41015625 375557.10298295453 11
stats: session 54 20852.578166666666 3819.1491553931114 38881.29 4113.978 16035.082378378376 111
stats: users_count 0 210
stats: finish_users_count 54 165
stats: request 294 939.5858571428566 1904.1513162260687 12059.672 4.698 421.6629540709811 1437
stats: connect 0 0 0 29.105 0.551 1.217195238095238 210
stats: page 293 942.7935085324227 1906.608462164737 12059.672 4.698 422.84046266573614 1433
stats: tr_Initial_Get_Root 0 0 0 5054.07 77.489 778.8407089552238 134
stats: 302 101 672
stats: tr_Get_Root 0 0 0 4179.73 93.084 834.5574444444445 18
stats: 200 193 1059
stats: tr_Redirect_Root 27 1606.952703703704 553.501217222377 5236.696 79.513 1296.1315274725275 182
stats: size_rcv 4019791 19224077
stats: tr_Post_New_Post 29 96.6743103448276 97.61782276927728 477.006 11.136 33.50796774193549 31
stats: newphase 0 2
stats: tr_Get_New_Post 29 45.540517241379305 32.34696262628462 758.837 9.235 42.66119354838709 31
stats: size_sent 148652 936711
stats: tr_Post_New_Comment_On_Post 9 127.82966666666668 73.34585652009709 781.444 12.934 110.63302083333333 48
stats: connected -52 47
stats: tr_Get_Post 9 676.3923333333332 315.3349316421791 2790.502 73.482 571.4204375 48
stats: tr_Redirect_To_Post 24 467.70895833333344 319.1076259190724 2178.449 65.963 462.441756097561 82
stats: tr_Post_New_Comment_On_Comment 10 124.6289 118.7542993928641 918.261 13.216 134.17279069767443 43
stats: tr_Get_Logout 5 51.4068 34.46657498156729 480.958 9.062 105.82066666666667 15
stats: tr_Redirect_To_New_Post 16 43.9554375 43.10842272684184 369.229 13.61 42.010999999999996 31
stats: tr_Get_Conversations 7 59.29128571428571 55.50552529694495 947.431 10.064 155.51590000000002 10
stats: tr_Authenticate_User 9 6278.623888888888 1800.2799298317436 13837.365 172.198 3946.347969999999 200
stats: tr_Get_Login 7 27.208714285714283 27.533291934955948 275.735 6.287 59.98553846153846 13
stats: tr_Post_Login 8 215.05912500000002 68.1947035139781 560.156 126.304 210.10924999999997 12
stats: tr_Get_New_Conversation 11 5265.149090909091 3241.163171840107 12059.768 310.37 545.0654999999999 4
stats: tr_Post_New_Conversation 8 106.74162499999998 102.38619445869826 304.782 25.249 77.23400000000001 4
stats: tr_Redirect_To_New_Conversation 4 30.2355 5.566037122585513 39.799 24.193 28.60725 4
stats: tr_Redirect_To_Same_Conversation 1 30.359 0.0 91.463 20.957 39.69475 4
stats: tr_Reply_To_Conversation 1 66.635 0.0 66.635 35.32 43.60875 4
stats: tr_Get_Book 30 4704.569366666666 2217.2662402528103 10425.184 405.003 1917.3422 35
stats: tr_Get_New_Book 13 76.2560769230769 70.06334858316714 351.559 7.586 54.55081818181819 33
stats: tr_Post_New_Book 16 99.6326875 91.83351734845968 571.073 9.068 82.0196 30
stats: tr_Redirect_To_New_Book 15 43.81906666666667 42.15351070941647 533.763 8.668 66.72603703703703 27
# stats: dump at 1575883870
stats: users 8 117
stats: {recvpackets,"tsung_controller@ip-172-31-46-69"} 1 3143.0 0.0 3566 98 1377.6363636363637 11
stats: {sentpackets,"tsung_controller@ip-172-31-46-69"} 1 1032.0 0.0 1273 41 516.1818181818181 11
stats: {cpu,"tsung_controller@ip-172-31-46-69"} 1 0.048932847475273294 0.0 0.061430817446352155 0.0020822271501598107 0.0210181991304107 12
stats: {load,"tsung_controller@ip-172-31-46-69"} 1 0.0 0.0 0.0 0.0 0.0 12
stats: {freemem,"tsung_controller@ip-172-31-46-69"} 1 375525.69140625 0.0 375580.55859375 375515.41015625 375553.6285807292 12
stats: session 37 27864.840945945944 4061.9547180923705 38881.29 4113.978 17611.717363636362 165
stats: users_count 0 210
stats: finish_users_count 37 202
stats: request 89 62.83720224719106 155.96306885963872 12059.672 4.698 509.6290623916809 1731
stats: connect 0 0 0 29.105 0.551 1.217195238095238 210
stats: page 80 69.92686250000004 163.78259645836488 12059.672 4.698 511.10595654692924 1726
stats: tr_Initial_Get_Root 0 0 0 5054.07 77.489 778.8407089552238 134
stats: 302 29 701
stats: tr_Get_Root 0 0 0 4179.73 93.084 834.5574444444445 18
stats: 200 60 1119
stats: tr_Redirect_Root 1 160.698 0.0 5236.696 79.513 1336.2854593301436 209
stats: size_rcv 808205 20032282
stats: tr_Post_New_Post 7 13.085571428571429 1.2262719177762047 477.006 11.136 64.03836666666668 60
stats: newphase 0 2
stats: tr_Get_New_Post 7 12.944285714285714 1.80239861726262 758.837 9.235 44.05286666666666 60
stats: size_sent 49785 986496
stats: tr_Post_New_Comment_On_Post 1 12.918 0.0 781.444 12.918 113.3482807017544 57
stats: connected -38 9
stats: tr_Get_Post 1 72.406 0.0 2790.502 72.406 587.9949473684211 57
stats: tr_Redirect_To_Post 10 80.33869999999999 16.871782164608458 2178.449 65.963 463.63433018867926 106
stats: tr_Post_New_Comment_On_Comment 5 16.714199999999998 3.984283242943453 918.261 13.216 132.3720566037736 53
stats: tr_Get_Logout 0 0 0 480.958 9.062 92.2172 20
stats: tr_Redirect_To_New_Post 15 18.95266666666667 6.754743525026608 369.229 13.61 42.672936170212765 47
stats: tr_Get_Conversations 1 9.867 0.0 947.431 9.867 115.894 17
stats: tr_Authenticate_User 1 20733.008 0.0 20733.008 172.198 4046.7809043062193 209
stats: tr_Get_Login 0 0 0 275.735 6.287 48.51365 20
stats: tr_Post_Login 0 0 0 560.156 126.304 212.08919999999998 20
stats: tr_Get_New_Conversation 2 907.0975000000001 79.62750000000003 12059.768 310.37 4006.4601333333335 15
stats: tr_Post_New_Conversation 5 26.1274 1.8009518150133816 304.782 23.985 96.90575 12
stats: tr_Redirect_To_New_Conversation 6 28.449166666666667 9.462334074576361 49.004 21.462 29.421374999999998 8
stats: tr_Redirect_To_Same_Conversation 9 25.884999999999998 6.913739460909222 91.463 20.957 37.827600000000004 5
stats: tr_Reply_To_Conversation 9 42.783888888888896 10.127745854767753 66.635 35.196 48.214 5
stats: tr_Get_Book 2 597.4425 51.025499999999965 10425.184 405.003 3203.7547384615377 65
stats: tr_Get_New_Book 1 9.068 0.0 351.559 7.586 60.68491304347826 46
stats: tr_Post_New_Book 1 10.514 0.0 571.073 9.068 88.14589130434783 46
stats: tr_Redirect_To_New_Book 5 11.267799999999998 0.8624572801014548 533.763 8.668 58.54497619047619 42
# stats: dump at 1575883880
stats: users 1 117
stats: {recvpackets,"tsung_controller@ip-172-31-46-69"} 1 644.0 0.0 3566 98 1524.75 12
stats: {sentpackets,"tsung_controller@ip-172-31-46-69"} 1 293.0 0.0 1273 41 559.1666666666666 12
stats: {cpu,"tsung_controller@ip-172-31-46-69"} 1 0.013534899217058138 0.0 0.061430817446352155 0.0020822271501598107 0.02316547977232321 13
stats: {load,"tsung_controller@ip-172-31-46-69"} 1 0.0 0.0 0.0 0.0 0.0 13
stats: {freemem,"tsung_controller@ip-172-31-46-69"} 1 375538.93359375 0.0 375580.55859375 375515.41015625 375551.4795673077 13
stats: session 7 34687.894428571424 3598.4648296161695 41357.634 4113.978 19489.764752475246 202
stats: users_count 0 210
stats: finish_users_count 7 209
stats: request 17 63.462529411764706 160.45197908339603 12059.672 4.698 487.78044945054927 1820
stats: connect 0 0 0 29.105 0.551 1.217195238095238 210
stats: page 14 77.10421428571428 174.8449676497842 12059.672 4.698 491.5631395348836 1806
stats: tr_Initial_Get_Root 0 0 0 5054.07 77.489 778.8407089552238 134
stats: 302 4 705
stats: tr_Get_Root 0 0 0 4179.73 93.084 834.5574444444445 18
stats: 200 13 1132
stats: tr_Redirect_Root 0 0 0 5236.696 79.513 1330.6874238095238 210
stats: size_rcv 47037 20079319
stats: tr_Post_New_Post 0 0 0 477.006 11.136 58.71494029850747 67
stats: newphase 0 2
stats: tr_Get_New_Post 0 0 0 758.837 9.235 40.802716417910446 67
stats: size_sent 9170 995666
stats: tr_Post_New_Comment_On_Post 0 0 0 781.444 12.918 111.61672413793104 58
stats: connected -8 1
stats: tr_Get_Post 0 0 0 2790.502 72.406 579.1054827586207 58
stats: tr_Redirect_To_Post 0 0 0 2178.449 65.963 430.5916034482759 116
stats: tr_Post_New_Comment_On_Comment 0 0 0 918.261 13.216 122.40155172413793 58
stats: tr_Get_Logout 0 0 0 480.958 9.062 92.2172 20
stats: tr_Redirect_To_New_Post 5 16.165399999999998 1.0022380156429906 369.229 13.61 36.934161290322585 62
stats: tr_Get_Conversations 0 0 0 947.431 9.867 110.00361111111111 18
stats: tr_Authenticate_User 0 0 0 20733.008 172.198 4126.2391285714275 210
stats: tr_Get_Login 0 0 0 275.735 6.287 48.51365 20
stats: tr_Post_Login 0 0 0 560.156 126.304 212.08919999999998 20
stats: tr_Get_New_Conversation 1 704.857 0.0 12059.768 310.37 3641.8292352941176 17
stats: tr_Post_New_Conversation 1 25.212 0.0 304.782 23.985 76.08858823529411 17
stats: tr_Redirect_To_New_Conversation 4 23.0625 1.2289891171202454 49.004 21.454 29.004714285714282 14
stats: tr_Redirect_To_Same_Conversation 3 23.339333333333332 0.7636968566708188 91.463 20.957 30.150214285714288 14
stats: tr_Reply_To_Conversation 3 36.266666666666666 1.0978944494905774 66.635 34.74 44.723214285714285 14
stats: tr_Get_Book 0 0 0 10425.184 405.003 3125.954373134328 67
stats: tr_Get_New_Book 0 0 0 351.559 7.586 59.58668085106383 47
stats: tr_Post_New_Book 0 0 0 571.073 9.068 86.49414893617022 47
stats: tr_Redirect_To_New_Book 0 0 0 533.763 8.668 53.51548936170213 47
# stats: dump at 1575883890
stats: users 39 117
stats: {recvpackets,"tsung_controller@ip-172-31-46-69"} 1 35.0 0.0 3566 35 1457.0 13
stats: {sentpackets,"tsung_controller@ip-172-31-46-69"} 1 32.0 0.0 1273 32 538.6923076923077 13
stats: {cpu,"tsung_controller@ip-172-31-46-69"} 1 0.0041635873468580525 0.0 0.061430817446352155 0.0020822271501598107 0.02247758116123285 14
stats: {load,"tsung_controller@ip-172-31-46-69"} 1 0.0 0.0 0.0 0.0 0.0 14
stats: {freemem,"tsung_controller@ip-172-31-46-69"} 1 375543.0234375 0.0 375580.55859375 375515.41015625 375550.58342633926 14
stats: session 1 45250.194 0.0 45250.194 4113.978 19998.793019138757 209
stats: users_count 39 249
stats: finish_users_count 1 210
stats: request 53 105.14449056603775 100.45200121049508 12059.672 4.698 483.8537185628741 1837
stats: connect 36 1.7796388888888888 4.133816343772812 29.105 0.551 1.217195238095238 210
stats: page 52 107.16826923076921 100.49030003765681 12059.672 4.698 488.37499395604385 1820
stats: tr_Initial_Get_Root 19 189.06705263157897 45.81146215163748 5054.07 77.489 778.8407089552238 134
stats: 302 7 712
stats: tr_Get_Root 3 293.38 83.59436381718568 4179.73 93.084 834.5574444444445 18
stats: 200 46 1178
stats: tr_Redirect_Root 0 0 0 5236.696 79.513 1330.6874238095238 210
stats: size_rcv 689463 20768782
stats: tr_Post_New_Post 0 0 0 477.006 11.136 58.71494029850747 67
stats: newphase 1 3
stats: tr_Get_New_Post 0 0 0 758.837 9.235 40.802716417910446 67
stats: size_sent 16532 1012198
stats: tr_Post_New_Comment_On_Post 0 0 0 781.444 12.918 111.61672413793104 58
stats: connected 35 36
stats: tr_Get_Post 0 0 0 2790.502 72.406 579.1054827586207 58
stats: tr_Redirect_To_Post 0 0 0 2178.449 65.963 430.5916034482759 116
stats: tr_Post_New_Comment_On_Comment 0 0 0 918.261 13.216 122.40155172413793 58
stats: tr_Get_Logout 0 0 0 480.958 9.062 92.2172 20
stats: tr_Redirect_To_New_Post 0 0 0 369.229 13.61 35.38425373134328 67
stats: tr_Get_Conversations 0 0 0 947.431 9.867 110.00361111111111 18
stats: tr_Authenticate_User 1 1811.802 0.0 20733.008 172.198 4126.2391285714275 210
stats: tr_Get_Login 0 0 0 275.735 6.287 48.51365 20
stats: tr_Post_Login 0 0 0 560.156 126.304 212.08919999999998 20
stats: tr_Get_New_Conversation 0 0 0 12059.768 310.37 3478.664111111111 18
stats: tr_Post_New_Conversation 0 0 0 304.782 23.985 73.2621111111111 18
stats: tr_Redirect_To_New_Conversation 0 0 0 49.004 21.454 27.68422222222222 18
stats: tr_Redirect_To_Same_Conversation 1 22.36 0.0 91.463 20.957 28.94829411764706 17
stats: tr_Reply_To_Conversation 1 35.849 0.0 66.635 34.74 43.23088235294117 17
stats: tr_Get_Book 0 0 0 10425.184 405.003 3125.954373134328 67
stats: tr_Get_New_Book 0 0 0 351.559 7.586 59.58668085106383 47
stats: tr_Post_New_Book 0 0 0 571.073 9.068 86.49414893617022 47
stats: tr_Redirect_To_New_Book 0 0 0 533.763 8.668 53.51548936170213 47
# stats: dump at 1575883900
stats: users 203 203
stats: {recvpackets,"tsung_controller@ip-172-31-46-69"} 1 984.0 0.0 3566 35 1355.4285714285713 14
stats: {sentpackets,"tsung_controller@ip-172-31-46-69"} 1 419.0 0.0 1273 32 502.50000000000006 14
stats: {cpu,"tsung_controller@ip-172-31-46-69"} 1 0.00520583886887533 0.0 0.061430817446352155 0.0020822271501598107 0.02125664824027453 15
stats: {load,"tsung_controller@ip-172-31-46-69"} 1 0.0 0.0 0.0 0.0 0.0 15
stats: {freemem,"tsung_controller@ip-172-31-46-69"} 1 375549.9140625 0.0 375580.55859375 375515.41015625 375550.0794270833 15
stats: session 0 0 0 45250.194 4113.978 20119.03778571429 210
stats: users_count 164 413
stats: finish_users_count 0 210
stats: request 303 1434.297666666667 1528.8944045153335 12059.672 4.698 473.23383015873003 1890
stats: connect 166 1.0294939759036141 0.6223268786896594 29.105 0.551 1.2995040650406504 246
stats: page 303 1434.297666666667 1528.8944045153335 12059.672 4.698 477.78591826923065 1872
stats: tr_Initial_Get_Root 55 3366.0611272727288 1447.810400268388 5637.386 77.489 705.600843137255 153
stats: 302 125 837
stats: tr_Get_Root 11 2615.4912727272726 1694.1168668127027 4790.068 93.084 757.246380952381 21
stats: 200 178 1356
stats: tr_Redirect_Root 23 3631.7563478260868 1097.1075690814027 5236.696 79.513 1330.6874238095238 210
stats: size_rcv 2970077 23738859
stats: tr_Post_New_Post 0 0 0 477.006 11.136 58.71494029850747 67
stats: newphase 0 3
stats: tr_Get_New_Post 0 0 0 758.837 9.235 40.802716417910446 67
stats: size_sent 179432 1191630
stats: tr_Post_New_Comment_On_Post 3 1131.01 321.12083143888384 1404.786 12.918 111.61672413793104 58
stats: connected 166 202
stats: tr_Get_Post 3 2147.6586666666667 360.30515244010724 2790.502 72.406 579.1054827586207 58
stats: tr_Redirect_To_Post 1 2838.674 0.0 2838.674 65.963 430.5916034482759 116
stats: tr_Post_New_Comment_On_Comment 0 0 0 918.261 13.216 122.40155172413793 58
stats: tr_Get_Logout 0 0 0 480.958 9.062 92.2172 20
stats: tr_Redirect_To_New_Post 0 0 0 369.229 13.61 35.38425373134328 67
stats: tr_Get_Conversations 1 1238.529 0.0 1238.529 9.867 110.00361111111111 18
stats: tr_Authenticate_User 54 4063.893462962964 1913.1358361800255 20733.008 172.198 4115.270232227487 211
stats: tr_Get_Login 0 0 0 275.735 6.287 48.51365 20
stats: tr_Post_Login 0 0 0 560.156 126.304 212.08919999999998 20
stats: tr_Get_New_Conversation 0 0 0 12059.768 310.37 3478.664111111111 18
stats: tr_Post_New_Conversation 0 0 0 304.782 23.985 73.2621111111111 18
stats: tr_Redirect_To_New_Conversation 0 0 0 49.004 21.454 27.68422222222222 18
stats: tr_Redirect_To_Same_Conversation 0 0 0 91.463 20.957 28.582277777777776 18
stats: tr_Reply_To_Conversation 0 0 0 66.635 34.74 42.82077777777778 18
stats: tr_Get_Book 0 0 0 10425.184 405.003 3125.954373134328 67
stats: tr_Get_New_Book 0 0 0 351.559 7.586 59.58668085106383 47
stats: tr_Post_New_Book 0 0 0 571.073 9.068 86.49414893617022 47
stats: tr_Redirect_To_New_Book 0 0 0 533.763 8.668 53.51548936170213 47
# stats: dump at 1575883910
stats: users 231 232
stats: {recvpackets,"tsung_controller@ip-172-31-46-69"} 1 3424.0 0.0 3566 35 1330.6666666666667 15
stats: {sentpackets,"tsung_controller@ip-172-31-46-69"} 1 1544.0 0.0 1544 32 496.9333333333334 15
stats: {cpu,"tsung_controller@ip-172-31-46-69"} 1 0.03540412770477123 0.0 0.061430817446352155 0.0020822271501598107 0.02025347265456208 16
stats: {load,"tsung_controller@ip-172-31-46-69"} 1 0.0703125 0.0 0.0703125 0.0 0.0 16
stats: {freemem,"tsung_controller@ip-172-31-46-69"} 1 375525.91015625 0.0 375580.55859375 375515.41015625 375550.0690917969 16
stats: session 1 22350.715 0.0 45250.194 4113.978 20119.03778571429 210
stats: users_count 29 442
stats: finish_users_count 1 211
stats: request 331 3822.7273141993965 1589.0934248387086 12059.672 4.698 606.0210360237118 2193
stats: connect 30 1.460566666666667 2.5453343026451796 29.105 0.551 1.1907135922330097 412
stats: page 331 3822.7273141993965 1589.0934248387086 12059.672 4.698 611.0378997701149 2175
stats: tr_Initial_Get_Root 55 5895.203799999999 1233.3694324867129 8749.479 77.489 1409.0879375000004 208
stats: 302 131 968
stats: tr_Get_Root 12 6437.956916666667 973.9889960924827 7839.311 93.084 1396.0180624999998 32
stats: 200 200 1556
stats: tr_Redirect_Root 24 5750.493833333334 1135.1506711712202 8322.816 79.513 1557.8315665236053 233
stats: size_rcv 3607910 27346769
stats: tr_Post_New_Post 0 0 0 477.006 11.136 58.71494029850747 67
stats: newphase 0 3
stats: tr_Get_New_Post 0 0 0 758.837 9.235 40.802716417910446 67
stats: size_sent 209788 1401418
stats: tr_Post_New_Comment_On_Post 10 3696.8322 364.5424137032068 4266.433 12.918 161.75081967213114 61
stats: connected 30 232
stats: tr_Get_Post 14 4361.4535000000005 735.5745867180246 5858.229 72.406 656.2474426229509 61
stats: tr_Redirect_To_Post 2 3419.0175 701.7025000000002 4120.72 65.963 451.1735042735043 117
stats: tr_Post_New_Comment_On_Comment 1 2271.074 0.0 2271.074 13.216 122.40155172413793 58
stats: tr_Get_Logout 2 2568.9539999999997 301.918 2870.872 9.062 92.2172 20
stats: tr_Redirect_To_New_Post 0 0 0 369.229 13.61 35.38425373134328 67
stats: tr_Get_Conversations 3 3191.7766666666666 714.3106883956184 3761.249 9.867 169.39968421052632 19
stats: tr_Authenticate_User 52 9752.16478846154 2690.9721711073644 20733.008 172.198 4104.801003773584 265
stats: tr_Get_Login 2 3293.368 392.828 3686.196 6.287 48.51365 20
stats: tr_Post_Login 0 0 0 560.156 126.304 212.08919999999998 20
stats: tr_Get_New_Conversation 0 0 0 12059.768 310.37 3478.664111111111 18
stats: tr_Post_New_Conversation 0 0 0 304.782 23.985 73.2621111111111 18
stats: tr_Redirect_To_New_Conversation 0 0 0 49.004 21.454 27.68422222222222 18
stats: tr_Redirect_To_Same_Conversation 0 0 0 91.463 20.957 28.582277777777776 18
stats: tr_Reply_To_Conversation 0 0 0 66.635 34.74 42.82077777777778 18
stats: tr_Get_Book 0 0 0 10425.184 405.003 3125.954373134328 67
stats: tr_Get_New_Book 3 2620.3176666666664 742.5760714954096 3151.205 7.586 59.58668085106383 47
stats: tr_Post_New_Book 1 2504.346 0.0 2504.346 9.068 86.49414893617022 47
stats: tr_Redirect_To_New_Book 0 0 0 533.763 8.668 53.51548936170213 47
# stats: dump at 1575883920
stats: users 226 232
stats: {recvpackets,"tsung_controller@ip-172-31-46-69"} 1 3372.0 0.0 3566 35 1461.5 16
stats: {sentpackets,"tsung_controller@ip-172-31-46-69"} 1 1070.0 0.0 1544 32 562.375 16
stats: {cpu,"tsung_controller@ip-172-31-46-69"} 1 0.04476741764877358 0.0 0.061430817446352155 0.0020822271501598107 0.02114468765751556 17
stats: {load,"tsung_controller@ip-172-31-46-69"} 1 0.05859375 0.0 0.0703125 0.0 0.004136029411764706 17
stats: {freemem,"tsung_controller@ip-172-31-46-69"} 1 375488.5 0.0 375580.55859375 375488.5 375548.6479779412 17
stats: session 5 28911.1316 2096.513393850428 45250.194 4113.978 20129.614454976305 211
stats: users_count 0 442
stats: finish_users_count 5 216
stats: request 311 5174.463022508041 2856.21571767402 19306.175 4.698 1027.8632618858956 2524
stats: page 311 5174.463022508041 2856.21571767402 19306.175 4.698 1035.2474752593776 2506
stats: tr_Initial_Get_Root 7 9053.341857142857 429.91835979518163 9536.934 77.489 2347.2490494296576 263
stats: connect 0 0 0 29.105 0.551 1.2090294117647058 442
stats: 302 163 1131
stats: tr_Get_Root 0 0 0 7839.311 93.084 2771.0922954545454 44
stats: 200 148 1704
stats: tr_Redirect_Root 59 9094.335508474574 1073.0184658335606 10908.282 79.513 1949.3642295719844 257
stats: size_rcv 3709527 31056296
stats: tr_Post_New_Post 0 0 0 477.006 11.136 58.71494029850747 67
stats: newphase 0 3
stats: tr_Get_New_Post 3 4068.864666666667 155.65780638595936 4238.718 9.235 40.802716417910446 67
stats: size_sent 196245 1597663
stats: tr_Post_New_Comment_On_Post 13 3881.6928461538464 379.4732829936469 4343.363 12.918 659.6496056338028 71
stats: connected -6 226
stats: tr_Get_Post 15 4866.2917333333335 626.5194227860738 6227.359 72.406 1347.8859066666669 75
stats: tr_Redirect_To_Post 14 5005.247357142858 443.424726607348 5803.79 65.963 501.0532352941177 119
stats: tr_Post_New_Comment_On_Comment 8 4218.25625 257.7987393237939 4512.135 13.216 158.81972881355932 59
stats: tr_Get_Logout 0 0 0 2870.872 9.062 317.3750909090909 22
stats: tr_Redirect_To_New_Post 0 0 0 369.229 13.61 35.38425373134328 67
stats: tr_Get_Conversations 2 3705.5695 154.70150000000012 3860.271 9.867 581.5419999999999 22
stats: tr_Authenticate_User 79 13147.072898734184 3047.410436099855 21351.321 172.198 5031.182444794953 317
stats: tr_Get_Login 0 0 0 3686.196 6.287 343.5004090909091 22
stats: tr_Post_Login 2 3618.057 450.23699999999997 4068.294 126.304 212.08919999999998 20
stats: tr_Get_New_Conversation 0 0 0 12059.768 310.37 3478.664111111111 18
stats: tr_Post_New_Conversation 0 0 0 304.782 23.985 73.2621111111111 18
stats: tr_Redirect_To_New_Conversation 0 0 0 49.004 21.454 27.68422222222222 18
stats: tr_Redirect_To_Same_Conversation 0 0 0 91.463 20.957 28.582277777777776 18
stats: tr_Reply_To_Conversation 0 0 0 66.635 34.74 42.82077777777778 18
stats: tr_Get_Book 6 17289.28316666667 1797.982017236399 19306.271 405.003 3125.954373134328 67
stats: tr_Get_New_Book 2 3671.7145 48.20249999999987 3719.917 7.586 213.23054 50
stats: tr_Post_New_Book 3 3498.0769999999998 277.169768784404 3884.765 9.068 136.8660625 48
stats: tr_Redirect_To_New_Book 2 3840.299 60.05799999999999 3900.357 8.668 53.51548936170213 47
# stats: dump at 1575883930
stats: users 208 232
stats: {recvpackets,"tsung_controller@ip-172-31-46-69"} 1 3214.0 0.0 3566 35 1573.8823529411766 17
stats: {sentpackets,"tsung_controller@ip-172-31-46-69"} 1 909.0 0.0 1544 32 592.2352941176471 17
stats: {cpu,"tsung_controller@ip-172-31-46-69"} 1 0.08432668783509448 0.0 0.08432668783509448 0.0020822271501598107 0.022457061545918783 18
stats: {load,"tsung_controller@ip-172-31-46-69"} 1 0.12890625 0.0 0.12890625 0.0 0.007161458333333333 18
stats: {freemem,"tsung_controller@ip-172-31-46-69"} 1 375446.26171875 0.0 375580.55859375 375446.26171875 375545.3064236111 18
stats: session 18 36483.426833333346 2888.7480706758306 45250.194 4113.978 20332.890314814817 216
stats: users_count 0 442
stats: finish_users_count 18 234
stats: request 314 5407.587856687897 3014.064437584391 28149.711 4.698 1482.7459869488541 2835
stats: connect 0 0 0 29.105 0.551 1.2090294117647058 442
stats: page 314 5407.587856687897 3014.064437584391 28149.711 4.698 1492.2215736599221 2817
stats: tr_Initial_Get_Root 0 0 0 9536.934 77.489 2521.110714814815 270
stats: 302 112 1243
stats: tr_Get_Root 0 0 0 7839.311 93.084 2771.0922954545454 44
stats: 200 202 1906
stats: tr_Redirect_Root 84 7636.689202380951 839.3160298689603 10908.282 79.513 3283.3936772151897 316
stats: size_rcv 5922868 36979164
stats: tr_Post_New_Post 6 3674.130333333333 201.28451165507545 3863.592 11.136 58.71494029850747 67
stats: newphase 0 3
stats: tr_Get_New_Post 10 3589.3949999999995 279.79449742266183 4238.718 9.235 213.43394285714285 70
stats: size_sent 178774 1776437
stats: tr_Post_New_Comment_On_Post 23 3757.3456521739135 262.8848640648615 4577.209 12.918 1158.299154761905 84
stats: connected -17 209
stats: tr_Get_Post 29 4697.24224137931 359.4182166737542 6227.359 72.406 1934.286877777778 90
stats: tr_Redirect_To_Post 29 4625.2176206896565 265.9923208958216 5803.79 65.963 975.1789323308273 133
stats: tr_Post_New_Comment_On_Comment 11 3715.592363636364 225.20942531998682 4512.135 13.216 643.5285671641792 67
stats: tr_Get_Logout 9 3541.4518888888892 168.62404643627573 3840.765 9.062 317.3750909090909 22
stats: tr_Redirect_To_New_Post 3 3541.0580000000004 64.97175813125772 3620.07 13.61 35.38425373134328 67
stats: tr_Get_Conversations 7 3649.3481428571426 228.71079802444748 3995.636 9.867 841.877625 24
stats: tr_Authenticate_User 40 14731.430600000002 2176.5946422116454 21351.321 172.198 6650.261601010102 396
stats: tr_Get_Login 6 3521.6121666666663 242.4632904622999 3748.887 6.287 343.5004090909091 22
stats: tr_Post_Login 0 0 0 4068.294 126.304 521.7226363636363 22
stats: tr_Get_New_Conversation 1 28149.881 0.0 28149.881 310.37 3478.664111111111 18
stats: tr_Post_New_Conversation 0 0 0 304.782 23.985 73.2621111111111 18
stats: tr_Redirect_To_New_Conversation 0 0 0 49.004 21.454 27.68422222222222 18
stats: tr_Redirect_To_Same_Conversation 0 0 0 91.463 20.957 28.582277777777776 18
stats: tr_Reply_To_Conversation 0 0 0 66.635 34.74 42.82077777777778 18
stats: tr_Get_Book 11 16231.598 1090.2379583487939 19306.271 405.003 4290.063589041096 73
stats: tr_Get_New_Book 17 3563.454117647059 195.612424432746 3823.936 7.586 346.24915384615383 52
stats: tr_Post_New_Book 9 3611.5490000000004 244.1160325510071 3894.7 9.068 334.58435294117646 51
stats: tr_Redirect_To_New_Book 3 3598.3636666666666 86.02569298503533 3900.357 8.668 208.07808163265307 49
# stats: dump at 1575883940
stats: users 149 232
stats: {recvpackets,"tsung_controller@ip-172-31-46-69"} 1 5065.0 0.0 5065 35 1665.0 18
stats: {sentpackets,"tsung_controller@ip-172-31-46-69"} 1 1151.0 0.0 1544 32 609.8333333333334 18
stats: {cpu,"tsung_controller@ip-172-31-46-69"} 1 0.10203125488032151 0.0 0.10203125488032151 0.0020822271501598107 0.025713357666401714 19
stats: {load,"tsung_controller@ip-172-31-46-69"} 1 0.109375 0.0 0.12890625 0.0 0.013569078947368422 19
stats: {freemem,"tsung_controller@ip-172-31-46-69"} 1 375427.046875 0.0 375580.55859375 375427.046875 375540.0935444079 19
stats: session 59 43285.87635593221 3613.5572279208495 51815.056 4113.978 21575.23927777778 234
stats: users_count 0 442
stats: finish_users_count 59 293
stats: connect 0 0 0 29.105 0.551 1.2090294117647058 442
stats: request 321 4371.713588785049 3358.930491818232 32379.125 4.698 1874.108434423627 3149
stats: page 321 4371.713588785049 3358.930491818232 32379.125 4.698 1884.8836665602043 3131
stats: tr_Initial_Get_Root 0 0 0 9536.934 77.489 2521.110714814815 270
stats: 302 124 1367
stats: tr_Get_Root 0 0 0 7839.311 93.084 2771.0922954545454 44
stats: 200 197 2103
stats: tr_Redirect_Root 37 7795.0897027027 666.0968104708189 10908.282 79.513 4197.5857375 400
stats: size_rcv 5036347 42015511
stats: tr_Post_New_Post 20 2850.5433500000004 542.682180620967 3897.406 11.136 355.8723698630137 73
stats: newphase 0 3
stats: tr_Get_New_Post 16 2603.202375 433.5210055779989 4238.718 9.235 635.429075 80
stats: size_sent 153127 1929564
stats: tr_Post_New_Comment_On_Post 21 3317.259619047619 596.811844831907 4577.209 12.918 1716.9727009345797 107
stats: connected -58 151
stats: tr_Get_Post 9 4360.848777777778 419.74416015493614 6227.359 72.406 2607.612134453782 119
stats: tr_Redirect_To_Post 50 4021.020439999999 630.4743298467956 5803.79 65.963 1628.5809197530868 162
stats: tr_Post_New_Comment_On_Comment 31 2825.1680645161287 556.7050145323643 4512.135 13.216 1076.7683333333334 78
stats: tr_Get_Logout 9 3390.5717777777777 498.88511042518667 3840.765 9.062 1253.3973870967743 31
stats: tr_Redirect_To_New_Post 10 2809.9389 596.0384351186507 4217.714 13.61 185.6274142857143 70
stats: tr_Get_Conversations 9 2760.765111111111 497.5636680991901 3995.636 9.867 1475.8225806451612 31
stats: tr_Authenticate_User 5 19351.868800000004 6471.114577150165 31380.878 172.198 7391.653252293579 436
stats: tr_Get_Login 11 2626.9399999999996 526.5441545509912 3748.887 6.287 1024.524357142857 28
stats: tr_Post_Login 13 2826.876538461539 460.59956890317085 4068.294 126.304 521.7226363636363 22
stats: tr_Get_New_Conversation 2 29410.009 2969.2929999999988 32379.302 310.37 4777.149210526315 19
stats: tr_Post_New_Conversation 2 2992.6445000000003 437.8675000000002 3430.512 23.985 73.2621111111111 18
stats: tr_Redirect_To_New_Conversation 1 2905.338 0.0 2905.338 21.454 27.68422222222222 18
stats: tr_Redirect_To_Same_Conversation 0 0 0 91.463 20.957 28.582277777777776 18
stats: tr_Reply_To_Conversation 0 0 0 66.635 34.74 42.82077777777778 18
stats: tr_Get_Book 17 13149.048352941178 1288.0362443286397 19306.271 405.003 5853.835952380952 84
stats: tr_Get_New_Book 21 2854.9802380952383 610.039382887688 3845.152 7.586 1138.8938550724638 69
stats: tr_Post_New_Book 21 2621.1793333333326 540.8753391439907 3894.7 9.068 826.12905 60
stats: tr_Redirect_To_New_Book 14 2801.928928571428 623.9588812886013 3900.357 8.668 403.6714807692308 52
# stats: dump at 1575883950
stats: users 46 232
stats: {recvpackets,"tsung_controller@ip-172-31-46-69"} 1 4216.0 0.0 5065 35 1843.9473684210527 19
stats: {sentpackets,"tsung_controller@ip-172-31-46-69"} 1 1133.0 0.0 1544 32 638.3157894736842 19
stats: {cpu,"tsung_controller@ip-172-31-46-69"} 1 0.10620021864750898 0.0 0.10620021864750898 0.0020822271501598107 0.029529252527097705 20
stats: {load,"tsung_controller@ip-172-31-46-69"} 1 0.08984375 0.0 0.12890625 0.0 0.018359375 20
stats: {freemem,"tsung_controller@ip-172-31-46-69"} 1 375420.13671875 0.0 375580.55859375 375420.13671875 375534.44121093757 20
stats: session 103 48427.36370873784 3990.6233088395884 57336.804 4113.978 25947.005788395905 293
stats: users_count 0 442
stats: finish_users_count 103 396
stats: connect 0 0 0 29.105 0.551 1.2090294117647058 442
stats: request 284 2844.072443661968 5102.28434914142 32379.125 4.698 2105.1549054755046 3470
stats: page 280 2884.704253571425 5129.028333735253 32379.125 4.698 2116.1329148319815 3452
stats: tr_Initial_Get_Root 0 0 0 9536.934 77.489 2521.110714814815 270
stats: 302 84 1451
stats: tr_Get_Root 0 0 0 7839.311 93.084 2771.0922954545454 44
stats: 200 200 2303
stats: tr_Redirect_Root 5 7010.4162 1283.8174843276436 10908.282 79.513 4502.179894736842 437
stats: size_rcv 4409829 46425340
stats: tr_Post_New_Post 38 412.65321052631583 504.1258519168632 3897.406 11.136 892.360752688172 93
stats: newphase 0 3
stats: tr_Get_New_Post 35 382.1971428571428 515.5522391565955 4238.718 9.235 963.3912916666667 96
stats: size_sent 116399 2045963
stats: tr_Post_New_Comment_On_Post 0 0 0 4577.209 12.918 1979.5197734375001 128
stats: connected -105 46
stats: tr_Get_Post 0 0 0 6227.359 72.406 2730.8865859375005 128
stats: tr_Redirect_To_Post 43 1927.0240465116283 1022.5259821813586 5803.79 65.963 2192.835523584906 212
stats: tr_Post_New_Comment_On_Comment 19 960.3809473684207 772.270065846989 4512.135 13.216 1574.019633027523 109
stats: tr_Get_Logout 0 0 0 3840.765 9.062 1734.2616249999999 40
stats: tr_Redirect_To_New_Post 39 421.7545384615386 517.0333037709465 4217.714 13.61 513.6663500000001 80
stats: tr_Get_Conversations 4 744.30975 651.0059755034415 3995.636 9.867 1764.93465 40
stats: tr_Authenticate_User 1 20576.564 0.0 31380.878 172.198 7527.256603174605 441
stats: tr_Get_Login 1 585.768 0.0 3748.887 6.287 1476.4877435897436 39
stats: tr_Post_Login 5 1670.1914000000002 761.2557956699181 4068.294 126.304 1377.9226571428574 35
stats: tr_Get_New_Conversation 5 25895.781800000004 3649.4458330465695 32379.302 310.37 7123.135857142857 21
stats: tr_Post_New_Conversation 5 962.3998000000001 974.7317881309505 3430.512 23.985 365.20035 20
stats: tr_Redirect_To_New_Conversation 4 763.6489999999999 738.7749077773959 2905.338 21.454 179.13968421052633 19
stats: tr_Redirect_To_Same_Conversation 4 446.662 206.9586438144104 803.256 20.957 28.582277777777776 18
stats: tr_Reply_To_Conversation 4 1064.1467499999999 917.9224406335687 2649.51 34.74 42.82077777777778 18
stats: tr_Get_Book 35 12433.480657142858 2553.9616024267534 19306.271 405.003 7081.74299009901 101
stats: tr_Get_New_Book 3 1123.3686666666667 755.3400143742479 3845.152 7.586 1539.314011111111 90
stats: tr_Post_New_Book 12 1255.80625 661.3013437357341 3894.7 9.068 1291.5124567901235 81
stats: tr_Redirect_To_New_Book 22 711.9307272727273 678.9378363097879 3900.357 8.668 912.3927575757574 66
# stats: dump at 1575883960
stats: users 9 232
stats: {recvpackets,"tsung_controller@ip-172-31-46-69"} 1 3573.0 0.0 5065 35 1962.55 20
stats: {sentpackets,"tsung_controller@ip-172-31-46-69"} 1 1130.0 0.0 1544 32 663.05 20
stats: {cpu,"tsung_controller@ip-172-31-46-69"} 1 0.08120094109808657 0.0 0.10620021864750898 0.0020822271501598107 0.03318025091378395 21
stats: {load,"tsung_controller@ip-172-31-46-69"} 1 0.078125 0.0 0.12890625 0.0 0.021763392857142856 21
stats: {freemem,"tsung_controller@ip-172-31-46-69"} 1 375464.26953125 0.0 375580.55859375 375420.13671875 375528.99813988106 21
stats: session 37 56778.6101081081 4142.442616128779 65064.945 4113.978 31794.169590909085 396
stats: users_count 0 442
stats: finish_users_count 37 433
stats: connect 0 0 0 29.105 0.551 1.2090294117647058 442
stats: request 123 2252.2756260162623 5630.927729745287 32379.125 4.698 2161.055965903037 3754
stats: page 106 2613.521264150943 5987.396276317127 32379.125 4.698 2173.796359324758 3732
stats: tr_Initial_Get_Root 0 0 0 9536.934 77.489 2521.110714814815 270
stats: 302 42 1493
stats: tr_Get_Root 0 0 0 7839.311 93.084 2771.0922954545454 44
stats: 200 81 2384
stats: tr_Redirect_Root 0 0 0 10908.282 79.513 4530.553608597284 442
stats: size_rcv 735524 47160864
stats: tr_Post_New_Post 6 46.11266666666666 32.19488012436484 3897.406 11.136 753.2089465648855 131
stats: newphase 0 3
stats: tr_Get_New_Post 6 46.873 36.64434717661102 4238.718 9.235 808.1104122137403 131
stats: size_sent 57632 2103595
stats: tr_Post_New_Comment_On_Post 0 0 0 4577.209 12.918 1979.5197734375001 128
stats: connected -37 9
stats: tr_Get_Post 0 0 0 6227.359 72.406 2730.8865859375005 128
stats: tr_Redirect_To_Post 1 71.588 0.0 5803.79 65.963 2148.012411764706 255
stats: tr_Post_New_Comment_On_Comment 0 0 0 4512.135 13.216 1482.932640625 128
stats: tr_Get_Logout 0 0 0 3840.765 9.062 1734.2616249999999 40
stats: tr_Redirect_To_New_Post 15 31.545266666666652 37.117394483748754 4217.714 13.61 483.5439915966387 119
stats: tr_Get_Conversations 0 0 0 3995.636 9.867 1672.1505681818182 44
stats: tr_Authenticate_User 0 0 0 31380.878 172.198 7556.779923076923 442
stats: tr_Get_Login 0 0 0 3748.887 6.287 1454.2197499999997 40
stats: tr_Post_Login 0 0 0 4068.294 126.304 1414.4562500000002 40
stats: tr_Get_New_Conversation 18 14879.176055555556 5351.784817716978 32379.302 310.37 10733.260076923076 26
stats: tr_Post_New_Conversation 19 55.04989473684212 51.60491596114987 3430.512 23.985 484.64024000000006 25
stats: tr_Redirect_To_New_Conversation 19 35.28178947368421 33.32688731905113 2905.338 20.851 280.79347826086956 23
stats: tr_Redirect_To_Same_Conversation 17 28.988117647058825 9.105824883539578 803.256 20.957 104.59677272727272 22
stats: tr_Reply_To_Conversation 17 56.48841176470588 48.06128733932126 2649.51 33.614 228.5164090909091 22
stats: tr_Get_Book 1 4809.889 0.0 19306.271 405.003 8459.028419117647 136
stats: tr_Get_New_Book 0 0 0 3845.152 7.586 1525.8964193548386 93
stats: tr_Post_New_Book 0 0 0 3894.7 9.068 1286.9052043010754 93
stats: tr_Redirect_To_New_Book 4 36.4495 27.262376515080263 3900.357 8.668 862.2772499999999 88
# stats: dump at 1575883970
stats: users 3 232
stats: {recvpackets,"tsung_controller@ip-172-31-46-69"} 1 557.0 0.0 5065 35 2039.2380952380952 21
stats: {sentpackets,"tsung_controller@ip-172-31-46-69"} 1 318.0 0.0 1544 32 685.2857142857143 21
stats: {cpu,"tsung_controller@ip-172-31-46-69"} 1 0.024987766406030384 0.0 0.10620021864750898 0.0020822271501598107 0.035363009558524984 22
stats: {load,"tsung_controller@ip-172-31-46-69"} 1 0.0703125 0.0 0.12890625 0.0 0.024325284090909092 22
stats: {freemem,"tsung_controller@ip-172-31-46-69"} 1 375477.6484375 0.0 375580.55859375 375420.13671875 375526.0559303978 22
stats: session 6 67892.214 2876.8737222445693 71679.371 4113.978 33929.098688221704 433
stats: users_count 0 442
stats: finish_users_count 6 439
stats: request 12 26.634249999999994 10.976405180545223 32379.125 4.698 2163.9499607944285 3877
stats: connect 0 0 0 29.105 0.551 1.2090294117647058 442
stats: page 8 40.04987499999999 23.588416672370677 32379.125 4.698 2185.940924179259 3838
stats: tr_Initial_Get_Root 0 0 0 9536.934 77.489 2521.110714814815 270
stats: 302 4 1497
stats: tr_Get_Root 0 0 0 7839.311 93.084 2771.0922954545454 44
stats: 200 8 2392
stats: tr_Redirect_Root 0 0 0 10908.282 79.513 4530.553608597284 442
stats: size_rcv 19479 47180343
stats: tr_Post_New_Post 0 0 0 3897.406 11.136 722.2412262773723 137
stats: newphase 0 3
stats: tr_Get_New_Post 0 0 0 4238.718 9.235 774.7715474452554 137
stats: size_sent 6497 2110092
stats: tr_Post_New_Comment_On_Post 0 0 0 4577.209 12.918 1979.5197734375001 128
stats: connected -6 3
stats: tr_Get_Post 0 0 0 6227.359 72.406 2730.8865859375005 128
stats: tr_Redirect_To_Post 0 0 0 5803.79 65.963 2139.90137890625 256
stats: tr_Post_New_Comment_On_Comment 0 0 0 4512.135 13.216 1482.932640625 128
stats: tr_Get_Logout 0 0 0 3840.765 9.062 1734.2616249999999 40
stats: tr_Redirect_To_New_Post 1 15.357 0.0 4217.714 13.61 432.9471194029851 134
stats: tr_Get_Conversations 0 0 0 3995.636 9.867 1672.1505681818182 44
stats: tr_Authenticate_User 0 0 0 31380.878 172.198 7556.779923076923 442
stats: tr_Get_Login 0 0 0 3748.887 6.287 1454.2197499999997 40
stats: tr_Post_Login 0 0 0 4068.294 126.304 1414.4562500000002 40
stats: tr_Get_New_Conversation 0 0 0 32379.302 310.37 12429.316613636363 44
stats: tr_Post_New_Conversation 0 0 0 3430.512 23.985 299.1353181818182 44
stats: tr_Redirect_To_New_Conversation 2 22.884 0.4980000000000011 2905.338 20.851 169.72866666666667 42
stats: tr_Redirect_To_Same_Conversation 4 22.84825 0.262876753441609 803.256 20.957 71.63915384615383 39
stats: tr_Reply_To_Conversation 4 40.02475 7.175355161070426 2649.51 33.614 153.52984615384614 39
stats: tr_Get_Book 0 0 0 19306.271 405.003 8432.392364963503 137
stats: tr_Get_New_Book 0 0 0 3845.152 7.586 1525.8964193548386 93
stats: tr_Post_New_Book 0 0 0 3894.7 9.068 1286.9052043010754 93
stats: tr_Redirect_To_New_Book 1 8.935 0.0 3900.357 8.668 826.3716956521737 92
# stats: dump at 1575883980
stats: users 1 232
stats: {recvpackets,"tsung_controller@ip-172-31-46-69"} 1 34.0 0.0 5065 34 1971.8636363636363 22
stats: {sentpackets,"tsung_controller@ip-172-31-46-69"} 1 30.0 0.0 1544 30 668.5909090909091 22
stats: {cpu,"tsung_controller@ip-172-31-46-69"} 1 0.009367974019485387 0.0 0.10620021864750898 0.0020822271501598107 0.03491191203015565 23
stats: {load,"tsung_controller@ip-172-31-46-69"} 1 0.05859375 0.0 0.12890625 0.0 0.026324728260869564 23
stats: {freemem,"tsung_controller@ip-172-31-46-69"} 1 375495.50390625 0.0 375580.55859375 375420.13671875 375523.9512567936 23
stats: session 2 72033.606 2463.279999999999 74496.886 4113.978 34393.287052391795 439
stats: users_count 0 442
stats: finish_users_count 2 441
stats: request 3 24.945999999999998 8.931818329246664 32379.125 4.698 2157.355003599897 3889
stats: connect 0 0 0 29.105 0.551 1.2090294117647058 442
stats: 302 1 1498
stats: page 2 37.4775 22.2775 32379.125 4.698 2181.4772922516895 3846
stats: tr_Initial_Get_Root 0 0 0 9536.934 77.489 2521.110714814815 270
stats: 200 2 2394
stats: tr_Get_Root 0 0 0 7839.311 93.084 2771.0922954545454 44
stats: size_rcv 5744 47186087
stats: tr_Redirect_Root 0 0 0 10908.282 79.513 4530.553608597284 442
stats: newphase 0 3
stats: tr_Post_New_Post 0 0 0 3897.406 11.136 722.2412262773723 137
stats: size_sent 1684 2111776
stats: tr_Get_New_Post 0 0 0 4238.718 9.235 774.7715474452554 137
stats: connected -2 1
stats: tr_Post_New_Comment_On_Post 0 0 0 4577.209 12.918 1979.5197734375001 128
stats: tr_Get_Post 0 0 0 6227.359 72.406 2730.8865859375005 128
stats: tr_Redirect_To_Post 0 0 0 5803.79 65.963 2139.90137890625 256
stats: tr_Post_New_Comment_On_Comment 0 0 0 4512.135 13.216 1482.932640625 128
stats: tr_Get_Logout 0 0 0 3840.765 9.062 1734.2616249999999 40
stats: tr_Redirect_To_New_Post 1 15.349 0.0 4217.714 13.61 429.8538592592593 135
stats: tr_Get_Conversations 0 0 0 3995.636 9.867 1672.1505681818182 44
stats: tr_Authenticate_User 0 0 0 31380.878 172.198 7556.779923076923 442
stats: tr_Get_Login 0 0 0 3748.887 6.287 1454.2197499999997 40
stats: tr_Post_Login 0 0 0 4068.294 126.304 1414.4562500000002 40
stats: tr_Get_New_Conversation 0 0 0 32379.302 310.37 12429.316613636363 44
stats: tr_Post_New_Conversation 0 0 0 3430.512 23.985 299.1353181818182 44
stats: tr_Redirect_To_New_Conversation 0 0 0 2905.338 20.851 163.0539090909091 44
stats: tr_Redirect_To_Same_Conversation 1 22.949 0.0 803.256 20.957 67.10046511627905 43
stats: tr_Reply_To_Conversation 1 36.95 0.0 2649.51 33.614 142.97123255813952 43
stats: tr_Get_Book 0 0 0 19306.271 405.003 8432.392364963503 137
stats: tr_Get_New_Book 0 0 0 3845.152 7.586 1525.8964193548386 93
stats: tr_Post_New_Book 0 0 0 3894.7 9.068 1286.9052043010754 93
stats: tr_Redirect_To_New_Book 0 0 0 3900.357 8.668 817.5820537634406 93
# stats: dump at 1575883988
stats: users 0 232
stats: {recvpackets,"tsung_controller@ip-172-31-46-69"} 1 59.0 0.0 5065 34 1887.608695652174 23
stats: {sentpackets,"tsung_controller@ip-172-31-46-69"} 1 200.0 0.0 1544 30 640.8260869565217 23
stats: {cpu,"tsung_controller@ip-172-31-46-69"} 1 0.011449626846252328 0.0 0.10620021864750898 0.0020822271501598107 0.033847581279711055 24
stats: {load,"tsung_controller@ip-172-31-46-69"} 1 0.05078125 0.0 0.12890625 0.0 0.027669270833333332 24
stats: {freemem,"tsung_controller@ip-172-31-46-69"} 1 375499.6171875 0.0 375580.55859375 375420.13671875 375522.76595052093 24
stats: session 1 91988.19 0.0 91988.19 4113.978 34563.99144671201 441
stats: users_count 0 442
stats: finish_users_count 1 442
stats: request 1 14.97 0.0 32379.125 4.698 2155.7113173175744 3892
stats: page 1 14.97 0.0 32379.125 4.698 2180.3629472453217 3848
stats: connect 0 0 0 29.105 0.551 1.2090294117647058 442
stats: 302 0 1498
stats: tr_Initial_Get_Root 0 0 0 9536.934 77.489 2521.110714814815 270
stats: 200 1 2395
stats: tr_Get_Root 0 0 0 7839.311 93.084 2771.0922954545454 44
stats: size_rcv 3288 47189375
stats: tr_Redirect_Root 0 0 0 10908.282 79.513 4530.553608597284 442
stats: newphase 0 3
stats: tr_Post_New_Post 0 0 0 3897.406 11.136 722.2412262773723 137
stats: size_sent 558 2112334
stats: tr_Get_New_Post 0 0 0 4238.718 9.235 774.7715474452554 137
stats: connected -1 0
stats: tr_Post_New_Comment_On_Post 0 0 0 4577.209 12.918 1979.5197734375001 128
stats: tr_Get_Post 0 0 0 6227.359 72.406 2730.8865859375005 128
stats: tr_Redirect_To_Post 0 0 0 5803.79 65.963 2139.90137890625 256
stats: tr_Post_New_Comment_On_Comment 0 0 0 4512.135 13.216 1482.932640625 128
stats: tr_Get_Logout 0 0 0 3840.765 9.062 1734.2616249999999 40
stats: tr_Redirect_To_New_Post 1 15.127 0.0 4217.714 13.61 426.80602941176477 136
stats: tr_Get_Conversations 0 0 0 3995.636 9.867 1672.1505681818182 44
stats: tr_Authenticate_User 0 0 0 31380.878 172.198 7556.779923076923 442
stats: tr_Get_Login 0 0 0 3748.887 6.287 1454.2197499999997 40
stats: tr_Post_Login 0 0 0 4068.294 126.304 1414.4562500000002 40
stats: tr_Get_New_Conversation 0 0 0 32379.302 310.37 12429.316613636363 44
stats: tr_Post_New_Conversation 0 0 0 3430.512 23.985 299.1353181818182 44
stats: tr_Redirect_To_New_Conversation 0 0 0 2905.338 20.851 163.0539090909091 44
stats: tr_Redirect_To_Same_Conversation 0 0 0 803.256 20.957 66.09702272727272 44
stats: tr_Reply_To_Conversation 0 0 0 2649.51 33.614 140.56165909090907 44
stats: tr_Get_Book 0 0 0 19306.271 405.003 8432.392364963503 137
stats: tr_Get_New_Book 0 0 0 3845.152 7.586 1525.8964193548386 93
stats: tr_Post_New_Book 0 0 0 3894.7 9.068 1286.9052043010754 93
stats: tr_Redirect_To_New_Book 0 0 0 3900.357 8.668 817.5820537634406 93
EndMonitor:{1575,883988,500821}
