# timestamp userid sessionid requestid event transaction name
1575458212.248874 4 1 22 match_stop tr_Get_Book -
1575458212.390550 8 1 22 match_stop tr_Get_Book -
1575458213.179884 1 1 22 match_stop tr_Get_Book -
1575458215.174619 6 1 22 match_stop tr_Get_Book -
1575458215.987624 3 1 22 match_stop tr_Get_Book -
1575458215.999244 7 1 22 match_stop tr_Get_Book -
1575458216.006612 13 1 22 match_stop tr_Get_Book -
1575458216.166950 5 1 22 match_stop tr_Get_Book -
1575458217.710824 12 1 22 match_stop tr_Get_Book -
1575458219.934816 14 1 22 match_stop tr_Get_Book -
1575458219.942683 19 1 22 match_stop tr_Get_Book -
1575458220.123106 11 1 22 match_stop tr_Get_Book -
1575458221.395643 18 1 22 match_stop tr_Get_Book -
1575458221.915721 15 1 22 match_stop tr_Get_Book -
1575458222.123008 27 1 22 match_stop tr_Get_Book -
1575458222.322937 16 1 22 match_stop tr_Get_Book -
1575458222.399308 10 1 22 match_stop tr_Get_Book -
1575458222.551869 26 1 22 match_stop tr_Get_Book -
1575458224.331301 22 1 22 match_stop tr_Get_Book -
1575458224.671740 38 1 22 match_stop tr_Get_Book -
1575458224.687988 24 1 22 match_stop tr_Get_Book -
1575458224.713823 17 1 22 match_stop tr_Get_Book -
1575458225.299159 32 1 22 match_stop tr_Get_Book -
1575458225.462940 9 1 22 match_stop tr_Get_Book -
1575458225.499561 31 1 22 match_stop tr_Get_Book -
1575458225.735390 30 1 22 match_stop tr_Get_Book -
1575458226.174988 25 1 22 match_stop tr_Get_Book -
1575458226.283103 23 1 22 match_stop tr_Get_Book -
1575458226.887582 34 1 22 match_stop tr_Get_Book -
1575458227.739512 43 1 22 match_stop tr_Get_Book -
1575458228.803612 48 1 22 match_stop tr_Get_Book -
1575458229.290613 29 1 22 match_stop tr_Get_Book -
1575458229.479396 33 1 22 match_stop tr_Get_Book -
1575458229.519991 21 1 22 match_stop tr_Get_Book -
1575458229.551564 47 1 22 match_stop tr_Get_Book -
1575458229.904069 20 1 22 match_stop tr_Get_Book -
1575458230.727032 45 1 22 match_stop tr_Get_Book -
1575458231.699868 39 1 22 match_stop tr_Get_Book -
1575458232.095943 56 1 22 match_stop tr_Get_Book -
1575458232.299186 36 1 22 match_stop tr_Get_Book -
1575458232.363100 46 1 22 match_stop tr_Get_Book -
1575458232.487321 59 1 22 match_stop tr_Get_Book -
1575458232.815793 35 1 22 match_stop tr_Get_Book -
1575458232.863948 37 1 22 match_stop tr_Get_Book -
1575458233.515616 40 1 22 match_stop tr_Get_Book -
1575458233.619998 44 1 22 match_stop tr_Get_Book -
1575458233.975513 28 1 22 match_stop tr_Get_Book -
1575458234.039699 49 1 22 match_stop tr_Get_Book -
1575458234.479122 75 1 22 match_stop tr_Get_Book -
1575458234.643339 41 1 22 match_stop tr_Get_Book -
1575458234.724161 67 1 22 match_stop tr_Get_Book -
1575458234.839384 62 1 22 match_stop tr_Get_Book -
1575458234.863720 53 1 22 match_stop tr_Get_Book -
1575458234.864103 52 1 22 match_stop tr_Get_Book -
1575458234.979204 64 1 22 match_stop tr_Get_Book -
1575458235.151956 69 1 22 match_stop tr_Get_Book -
1575458235.443799 60 1 22 match_stop tr_Get_Book -
1575458235.596103 61 1 22 match_stop tr_Get_Book -
1575458236.172049 70 1 22 match_stop tr_Get_Book -
1575458236.335230 57 1 22 match_stop tr_Get_Book -
1575458236.923210 55 1 22 match_stop tr_Get_Book -
1575458236.992024 76 1 22 match_stop tr_Get_Book -
1575458237.043448 81 1 22 match_stop tr_Get_Book -
1575458237.440777 42 1 22 match_stop tr_Get_Book -
1575458237.951310 71 1 22 match_stop tr_Get_Book -
1575458238.323853 51 1 22 match_stop tr_Get_Book -
1575458238.384064 54 1 13 match_stop tr_Post_Register -
1575458238.575357 80 1 22 match_stop tr_Get_Book -
1575458238.599556 50 1 22 match_stop tr_Get_Book -
1575458238.619269 74 1 6 match_stop tr_Get_Register -
1575458238.627192 77 1 22 match_stop tr_Get_Book -
1575458238.667448 86 1 6 match_stop tr_Get_Register -
1575458239.236146 79 1 13 match_stop tr_Post_Register -
1575458240.120082 85 1 17 match_stop tr_Redirect_Root -
1575458240.271276 84 1 17 match_stop tr_Redirect_Root -
1575458240.328034 73 1 22 match_stop tr_Get_Book -
1575458240.839958 82 1 17 match_stop tr_Redirect_Root -
1575458240.871618 58 1 22 match_stop tr_Get_Book -
1575458241.068279 66 1 22 match_stop tr_Get_Book -
1575458282.532727 78 1 22 match_stop tr_Get_Book -
1575458283.622871 83 1 17 match_stop tr_Redirect_Root -
1575458283.784248 68 1 22 match_stop tr_Get_Book -
1575458284.926206 65 1 22 match_stop tr_Get_Book -
1575458290.952503 72 1 17 match_stop tr_Redirect_Root -
1575458291.948724 63 1 22 match_stop tr_Get_Book -
