
=INFO REPORT==== 4-Dec-2019::11:15:42 ===
    ts_config_server:(5:<0.102.0>) Config server started, logdir is "/home/ec2-user/.tsung/log/20191204-1115"
 
=INFO REPORT==== 4-Dec-2019::11:15:42 ===
              ts_mon:(5:<0.83.0>) starting monitor, global 

=INFO REPORT==== 4-Dec-2019::11:15:42 ===
           ts_config:(5:<0.102.0>) Reading config file: simple.xml

=INFO REPORT==== 4-Dec-2019::11:15:42 ===
           ts_config:(5:<0.102.0>) Session name for id 1 is "Make Post"

=INFO REPORT==== 4-Dec-2019::11:15:42 ===
    ts_config_server:(4:<0.102.0>) SYSINFO:Tsung version: 1.7.0

=INFO REPORT==== 4-Dec-2019::11:15:42 ===
    ts_config_server:(4:<0.102.0>) SYSINFO:Erlang version: Erlang/OTP 20 [erts-9.1] [source] [64-bit] [smp:2:2] [ds:2:2:10] [async-threads:8] [hipe] [kernel-poll:true]


=INFO REPORT==== 4-Dec-2019::11:15:42 ===
    ts_config_server:(4:<0.102.0>) SYSINFO:System architecture x86_64-unknown-linux-gnu

=INFO REPORT==== 4-Dec-2019::11:15:42 ===
    ts_config_server:(4:<0.102.0>) SYSINFO:Current path: /usr/local/lib/tsung/tsung-1.7.0/ebin/tsung.beam

=INFO REPORT==== 4-Dec-2019::11:15:42 ===
              ts_mon:(5:<0.103.0>) Activate clients with text backend

=INFO REPORT==== 4-Dec-2019::11:15:42 ===
              ts_mon:(5:<0.103.0>) Starting tsung clients on hosts: [localhost]

=INFO REPORT==== 4-Dec-2019::11:15:42 ===
    ts_config_server:(5:<0.102.0>) Start a launcher on the controller beam localhost

=INFO REPORT==== 4-Dec-2019::11:15:42 ===
  ts_launcher_static:(5:<0.154.0>) Launch msg receive ("localhost")

=INFO REPORT==== 4-Dec-2019::11:15:42 ===
         ts_launcher:(5:<0.155.0>) Launch msg receive ("localhost")

=INFO REPORT==== 4-Dec-2019::11:15:42 ===
    ts_config_server:(5:<0.102.0>) New arrival phase 1 for client "localhost" (last ? true): will start 30 users

=INFO REPORT==== 4-Dec-2019::11:15:42 ===
    ts_config_server:(5:<0.102.0>) New arrival phase 2 for client "localhost" (last ? true): will start 60 users

=INFO REPORT==== 4-Dec-2019::11:15:42 ===
         ts_launcher:(5:<0.155.0>) Expected duration of first phase: 15.0 sec (30 users) 

=INFO REPORT==== 4-Dec-2019::11:15:42 ===
         ts_launcher:(5:<0.155.0>) Activate launcher (30 users) in 1310 msec 

=INFO REPORT==== 4-Dec-2019::11:15:58 ===
         ts_launcher:(5:<0.155.0>) Phase duration exceeded, but not all users were launched (4 users, 13.3% of phase)

=INFO REPORT==== 4-Dec-2019::11:15:58 ===
         ts_launcher:(5:<0.155.0>) Start a new arrival phase (60 users, 0.004); expected duration=15.0 sec

=INFO REPORT==== 4-Dec-2019::11:16:12 ===
         ts_launcher:(5:<0.155.0>) This was the last phase, wait for connected users to finish their session

=INFO REPORT==== 4-Dec-2019::11:16:52 ===
           ts_client:(5:<0.162.0>) Pending transactions: [{tr_Get_Book,
                                                           -576460742048889604}], compute transaction time

=INFO REPORT==== 4-Dec-2019::11:16:52 ===
           ts_client:(5:<0.166.0>) Pending transactions: [{tr_Get_Book,
                                                           -576460741907835932}], compute transaction time

=INFO REPORT==== 4-Dec-2019::11:16:53 ===
           ts_client:(5:<0.157.0>) Pending transactions: [{tr_Get_Book,
                                                           -576460741090875580}], compute transaction time

=INFO REPORT==== 4-Dec-2019::11:16:55 ===
           ts_client:(5:<0.164.0>) Pending transactions: [{tr_Get_Book,
                                                           -576460739094878228}], compute transaction time

=INFO REPORT==== 4-Dec-2019::11:16:55 ===
           ts_client:(5:<0.161.0>) Pending transactions: [{tr_Get_Book,
                                                           -576460738283884243}], compute transaction time

=INFO REPORT==== 4-Dec-2019::11:16:55 ===
           ts_client:(5:<0.165.0>) Pending transactions: [{tr_Get_Book,
                                                           -576460738268927043}], compute transaction time

=INFO REPORT==== 4-Dec-2019::11:16:56 ===
           ts_client:(5:<0.172.0>) Pending transactions: [{tr_Get_Book,
                                                           -576460738262936811}], compute transaction time

=INFO REPORT==== 4-Dec-2019::11:16:56 ===
           ts_client:(5:<0.163.0>) Pending transactions: [{tr_Get_Book,
                                                           -576460738101940966}], compute transaction time

=INFO REPORT==== 4-Dec-2019::11:16:57 ===
           ts_client:(5:<0.170.0>) Pending transactions: [{tr_Get_Book,
                                                           -576460736558796208}], compute transaction time

=INFO REPORT==== 4-Dec-2019::11:16:59 ===
           ts_client:(5:<0.173.0>) Pending transactions: [{tr_Get_Book,
                                                           -576460734336344219}], compute transaction time

=INFO REPORT==== 4-Dec-2019::11:16:59 ===
           ts_client:(5:<0.178.0>) Pending transactions: [{tr_Get_Book,
                                                           -576460734324922329}], compute transaction time

=INFO REPORT==== 4-Dec-2019::11:17:00 ===
           ts_client:(5:<0.169.0>) Pending transactions: [{tr_Get_Book,
                                                           -576460734144756161}], compute transaction time

=INFO REPORT==== 4-Dec-2019::11:17:01 ===
           ts_client:(5:<0.177.0>) Pending transactions: [{tr_Get_Book,
                                                           -576460732873776151}], compute transaction time

=INFO REPORT==== 4-Dec-2019::11:17:01 ===
           ts_client:(5:<0.174.0>) Pending transactions: [{tr_Get_Book,
                                                           -576460732353861981}], compute transaction time

=INFO REPORT==== 4-Dec-2019::11:17:02 ===
           ts_client:(5:<0.186.0>) Pending transactions: [{tr_Get_Book,
                                                           -576460732146826370}], compute transaction time

=INFO REPORT==== 4-Dec-2019::11:17:02 ===
           ts_client:(5:<0.175.0>) Pending transactions: [{tr_Get_Book,
                                                           -576460731945851436}], compute transaction time

=INFO REPORT==== 4-Dec-2019::11:17:02 ===
           ts_client:(5:<0.168.0>) Pending transactions: [{tr_Get_Book,
                                                           -576460731869845588}], compute transaction time

=INFO REPORT==== 4-Dec-2019::11:17:02 ===
           ts_client:(5:<0.185.0>) Pending transactions: [{tr_Get_Book,
                                                           -576460731721891212}], compute transaction time

=INFO REPORT==== 4-Dec-2019::11:17:04 ===
           ts_client:(5:<0.181.0>) Pending transactions: [{tr_Get_Book,
                                                           -576460729937845076}], compute transaction time

=INFO REPORT==== 4-Dec-2019::11:17:04 ===
           ts_client:(5:<0.197.0>) Pending transactions: [{tr_Get_Book,
                                                           -576460729596925939}], compute transaction time

=INFO REPORT==== 4-Dec-2019::11:17:04 ===
           ts_client:(5:<0.183.0>) Pending transactions: [{tr_Get_Book,
                                                           -576460729583927382}], compute transaction time

=INFO REPORT==== 4-Dec-2019::11:17:04 ===
           ts_client:(5:<0.176.0>) Pending transactions: [{tr_Get_Book,
                                                           -576460729557800135}], compute transaction time

=INFO REPORT==== 4-Dec-2019::11:17:05 ===
           ts_client:(5:<0.191.0>) Pending transactions: [{tr_Get_Book,
                                                           -576460728970905670}], compute transaction time

=INFO REPORT==== 4-Dec-2019::11:17:05 ===
           ts_client:(5:<0.167.0>) Pending transactions: [{tr_Get_Book,
                                                           -576460728805765657}], compute transaction time

=INFO REPORT==== 4-Dec-2019::11:17:05 ===
           ts_client:(5:<0.190.0>) Pending transactions: [{tr_Get_Book,
                                                           -576460728769871222}], compute transaction time

=INFO REPORT==== 4-Dec-2019::11:17:05 ===
           ts_client:(5:<0.189.0>) Pending transactions: [{tr_Get_Book,
                                                           -576460728534895102}], compute transaction time

=INFO REPORT==== 4-Dec-2019::11:17:06 ===
           ts_client:(5:<0.184.0>) Pending transactions: [{tr_Get_Book,
                                                           -576460728092897053}], compute transaction time

=INFO REPORT==== 4-Dec-2019::11:17:06 ===
           ts_client:(5:<0.182.0>) Pending transactions: [{tr_Get_Book,
                                                           -576460727984854113}], compute transaction time

=INFO REPORT==== 4-Dec-2019::11:17:06 ===
           ts_client:(5:<0.193.0>) Pending transactions: [{tr_Get_Book,
                                                           -576460727382808829}], compute transaction time

=INFO REPORT==== 4-Dec-2019::11:17:07 ===
           ts_client:(5:<0.202.0>) Pending transactions: [{tr_Get_Book,
                                                           -576460726528765073}], compute transaction time

=INFO REPORT==== 4-Dec-2019::11:17:08 ===
           ts_client:(5:<0.208.0>) Pending transactions: [{tr_Get_Book,
                                                           -576460725466848386}], compute transaction time

=INFO REPORT==== 4-Dec-2019::11:17:09 ===
           ts_client:(5:<0.188.0>) Pending transactions: [{tr_Get_Book,
                                                           -576460724980921453}], compute transaction time

=INFO REPORT==== 4-Dec-2019::11:17:09 ===
           ts_client:(5:<0.192.0>) Pending transactions: [{tr_Get_Book,
                                                           -576460724788849358}], compute transaction time

=INFO REPORT==== 4-Dec-2019::11:17:09 ===
           ts_client:(5:<0.180.0>) Pending transactions: [{tr_Get_Book,
                                                           -576460724747910291}], compute transaction time

=INFO REPORT==== 4-Dec-2019::11:17:09 ===
           ts_client:(5:<0.207.0>) Pending transactions: [{tr_Get_Book,
                                                           -576460724716906694}], compute transaction time

=INFO REPORT==== 4-Dec-2019::11:17:09 ===
           ts_client:(5:<0.179.0>) Pending transactions: [{tr_Get_Book,
                                                           -576460724367789630}], compute transaction time

=INFO REPORT==== 4-Dec-2019::11:17:10 ===
           ts_client:(5:<0.205.0>) Pending transactions: [{tr_Get_Book,
                                                           -576460723542834476}], compute transaction time

=INFO REPORT==== 4-Dec-2019::11:17:11 ===
           ts_client:(5:<0.198.0>) Pending transactions: [{tr_Get_Book,
                                                           -576460722568924198}], compute transaction time

=INFO REPORT==== 4-Dec-2019::11:17:12 ===
           ts_client:(5:<0.216.0>) Pending transactions: [{tr_Get_Book,
                                                           -576460722171878995}], compute transaction time

=INFO REPORT==== 4-Dec-2019::11:17:12 ===
           ts_client:(5:<0.195.0>) Pending transactions: [{tr_Get_Book,
                                                           -576460721968896639}], compute transaction time

=INFO REPORT==== 4-Dec-2019::11:17:12 ===
           ts_client:(5:<0.206.0>) Pending transactions: [{tr_Get_Book,
                                                           -576460721904942322}], compute transaction time

=INFO REPORT==== 4-Dec-2019::11:17:12 ===
           ts_client:(5:<0.219.0>) Pending transactions: [{tr_Get_Book,
                                                           -576460721782812594}], compute transaction time

=INFO REPORT==== 4-Dec-2019::11:17:12 ===
           ts_client:(5:<0.194.0>) Pending transactions: [{tr_Get_Book,
                                                           -576460721453813739}], compute transaction time

=INFO REPORT==== 4-Dec-2019::11:17:12 ===
           ts_client:(5:<0.196.0>) Pending transactions: [{tr_Get_Book,
                                                           -576460721403869435}], compute transaction time

=INFO REPORT==== 4-Dec-2019::11:17:13 ===
           ts_client:(5:<0.199.0>) Pending transactions: [{tr_Get_Book,
                                                           -576460720753816372}], compute transaction time

=INFO REPORT==== 4-Dec-2019::11:17:13 ===
           ts_client:(5:<0.204.0>) Pending transactions: [{tr_Get_Book,
                                                           -576460720647843930}], compute transaction time

=INFO REPORT==== 4-Dec-2019::11:17:13 ===
           ts_client:(5:<0.187.0>) Pending transactions: [{tr_Get_Book,
                                                           -576460720292918123}], compute transaction time

=INFO REPORT==== 4-Dec-2019::11:17:14 ===
           ts_client:(5:<0.209.0>) Pending transactions: [{tr_Get_Book,
                                                           -576460720229889693}], compute transaction time

=INFO REPORT==== 4-Dec-2019::11:17:14 ===
           ts_client:(5:<0.235.0>) Pending transactions: [{tr_Get_Book,
                                                           -576460719787895045}], compute transaction time

=INFO REPORT==== 4-Dec-2019::11:17:14 ===
           ts_client:(5:<0.200.0>) Pending transactions: [{tr_Get_Book,
                                                           -576460719626883296}], compute transaction time

=INFO REPORT==== 4-Dec-2019::11:17:14 ===
           ts_client:(5:<0.227.0>) Pending transactions: [{tr_Get_Book,
                                                           -576460719543878568}], compute transaction time

=INFO REPORT==== 4-Dec-2019::11:17:14 ===
           ts_client:(5:<0.222.0>) Pending transactions: [{tr_Get_Book,
                                                           -576460719427910843}], compute transaction time

=INFO REPORT==== 4-Dec-2019::11:17:14 ===
           ts_client:(5:<0.213.0>) Pending transactions: [{tr_Get_Book,
                                                           -576460719407814063}], compute transaction time

=INFO REPORT==== 4-Dec-2019::11:17:14 ===
           ts_client:(5:<0.212.0>) Pending transactions: [{tr_Get_Book,
                                                           -576460719404833099}], compute transaction time

=INFO REPORT==== 4-Dec-2019::11:17:14 ===
           ts_client:(5:<0.224.0>) Pending transactions: [{tr_Get_Book,
                                                           -576460719290669378}], compute transaction time

=INFO REPORT==== 4-Dec-2019::11:17:15 ===
           ts_client:(5:<0.229.0>) Pending transactions: [{tr_Get_Book,
                                                           -576460719115923308}], compute transaction time

=INFO REPORT==== 4-Dec-2019::11:17:15 ===
           ts_client:(5:<0.220.0>) Pending transactions: [{tr_Get_Book,
                                                           -576460718827899483}], compute transaction time

=INFO REPORT==== 4-Dec-2019::11:17:15 ===
           ts_client:(5:<0.221.0>) Pending transactions: [{tr_Get_Book,
                                                           -576460718674874569}], compute transaction time

=INFO REPORT==== 4-Dec-2019::11:17:16 ===
           ts_client:(5:<0.230.0>) Pending transactions: [{tr_Get_Book,
                                                           -576460718095872147}], compute transaction time

=INFO REPORT==== 4-Dec-2019::11:17:16 ===
           ts_client:(5:<0.217.0>) Pending transactions: [{tr_Get_Book,
                                                           -576460717932843151}], compute transaction time

=INFO REPORT==== 4-Dec-2019::11:17:16 ===
           ts_client:(5:<0.215.0>) Pending transactions: [{tr_Get_Book,
                                                           -576460717344858491}], compute transaction time

=INFO REPORT==== 4-Dec-2019::11:17:16 ===
           ts_client:(5:<0.236.0>) Pending transactions: [{tr_Get_Book,
                                                           -576460717276781885}], compute transaction time

=INFO REPORT==== 4-Dec-2019::11:17:17 ===
           ts_client:(5:<0.241.0>) Pending transactions: [{tr_Get_Book,
                                                           -576460717223861784}], compute transaction time

=INFO REPORT==== 4-Dec-2019::11:17:17 ===
           ts_client:(5:<0.201.0>) Pending transactions: [{tr_Get_Book,
                                                           -576460716830770550}], compute transaction time

=INFO REPORT==== 4-Dec-2019::11:17:17 ===
           ts_client:(5:<0.231.0>) Pending transactions: [{tr_Get_Book,
                                                           -576460716317863403}], compute transaction time

=INFO REPORT==== 4-Dec-2019::11:17:18 ===
           ts_client:(5:<0.211.0>) Pending transactions: [{tr_Get_Book,
                                                           -576460715946874659}], compute transaction time

=INFO REPORT==== 4-Dec-2019::11:17:18 ===
           ts_client:(5:<0.214.0>) Pending transactions: [{tr_Post_Register,
                                                           -576460715887360509}], compute transaction time

=INFO REPORT==== 4-Dec-2019::11:17:18 ===
           ts_client:(5:<0.240.0>) Pending transactions: [{tr_Get_Book,
                                                           -576460715691876723}], compute transaction time

=INFO REPORT==== 4-Dec-2019::11:17:18 ===
           ts_client:(5:<0.210.0>) Pending transactions: [{tr_Get_Book,
                                                           -576460715670799059}], compute transaction time

=INFO REPORT==== 4-Dec-2019::11:17:18 ===
           ts_search:(5:<0.234.0>) Dyn Var (RE): no Match (varname=authenticity_token), 

=INFO REPORT==== 4-Dec-2019::11:17:18 ===
           ts_client:(5:<0.234.0>) Pending transactions: [{tr_Get_Register,
                                                           -576460715648894856}], compute transaction time

=INFO REPORT==== 4-Dec-2019::11:17:18 ===
           ts_client:(5:<0.237.0>) Pending transactions: [{tr_Get_Book,
                                                           -576460715644904457}], compute transaction time

=INFO REPORT==== 4-Dec-2019::11:17:18 ===
           ts_search:(5:<0.246.0>) Dyn Var (RE): no Match (varname=authenticity_token), 

=INFO REPORT==== 4-Dec-2019::11:17:18 ===
           ts_client:(5:<0.246.0>) Pending transactions: [{tr_Get_Register,
                                                           -576460715600892900}], compute transaction time

=INFO REPORT==== 4-Dec-2019::11:17:19 ===
           ts_client:(5:<0.239.0>) Pending transactions: [{tr_Post_Register,
                                                           -576460715034884492}], compute transaction time

=INFO REPORT==== 4-Dec-2019::11:17:20 ===
           ts_client:(5:<0.245.0>) Pending transactions: [{tr_Redirect_Root,
                                                           -576460714147764743}], compute transaction time

=INFO REPORT==== 4-Dec-2019::11:17:20 ===
           ts_client:(5:<0.244.0>) Pending transactions: [{tr_Redirect_Root,
                                                           -576460713997891293}], compute transaction time

=INFO REPORT==== 4-Dec-2019::11:17:20 ===
           ts_client:(5:<0.233.0>) Pending transactions: [{tr_Get_Book,
                                                           -576460713942866685}], compute transaction time

=INFO REPORT==== 4-Dec-2019::11:17:20 ===
           ts_client:(5:<0.242.0>) Pending transactions: [{tr_Redirect_Root,
                                                           -576460713430891399}], compute transaction time

=INFO REPORT==== 4-Dec-2019::11:17:20 ===
           ts_client:(5:<0.218.0>) Pending transactions: [{tr_Get_Book,
                                                           -576460713396890626}], compute transaction time

=INFO REPORT==== 4-Dec-2019::11:17:21 ===
           ts_client:(5:<0.226.0>) Pending transactions: [{tr_Get_Book,
                                                           -576460713200878543}], compute transaction time

=INFO REPORT==== 4-Dec-2019::11:18:02 ===
           ts_client:(5:<0.238.0>) Pending transactions: [{tr_Get_Book,
                                                           -576460671770882720}], compute transaction time

=INFO REPORT==== 4-Dec-2019::11:18:03 ===
           ts_client:(5:<0.243.0>) Pending transactions: [{tr_Redirect_Root,
                                                           -576460670645888257}], compute transaction time

=INFO REPORT==== 4-Dec-2019::11:18:03 ===
           ts_client:(5:<0.228.0>) Pending transactions: [{tr_Get_Book,
                                                           -576460670484884983}], compute transaction time

=INFO REPORT==== 4-Dec-2019::11:18:04 ===
           ts_client:(5:<0.225.0>) Pending transactions: [{tr_Get_Book,
                                                           -576460669340877474}], compute transaction time

=INFO REPORT==== 4-Dec-2019::11:18:10 ===
           ts_client:(5:<0.232.0>) Pending transactions: [{tr_Redirect_Root,
                                                           -576460663361896900}], compute transaction time

=INFO REPORT==== 4-Dec-2019::11:18:11 ===
           ts_client:(5:<0.223.0>) Pending transactions: [{tr_Get_Book,
                                                           -576460662324877620}], compute transaction time

=INFO REPORT==== 4-Dec-2019::11:18:12 ===
     ts_launcher_mgr:(5:<0.149.0>) No more active users 'tsung_controller@ip-172-31-26-119' "2415"
