# stats: dump at 1575458152
stats: users 12 12
stats: {load,"tsung_controller@ip-172-31-26-119"} 1 0.0 0 0.0 0.0 0 0
stats: {cpu,"tsung_controller@ip-172-31-26-119"} 1 1.7706040176114473 0 1.7706040176114473 1.7706040176114473 0 0
stats: {freemem,"tsung_controller@ip-172-31-26-119"} 1 737.3359375 0 737.3359375 737.3359375 0 0
stats: users_count 12 12
stats: finish_users_count 0 0
stats: request 30 84.51266666666666 72.05694024327026 361.896 6.513 0 0
stats: tr_Get_Root 11 76.91236363636364 30.947933713585723 167.23 58.494 0 0
stats: connect 11 2.1888181818181818 3.0793574246521516 11.923 1.116 0 0
stats: page 30 84.51266666666666 72.05694024327026 361.896 6.513 0 0
stats: 302 6 6
stats: tr_Redirect_Root 4 72.5185 10.030005695412141 83.335 61.75 0 0
stats: match 30 30
stats: tr_Get_Register 9 33.118 47.25650499137659 145.812 6.709 0 0
stats: 200 24 24
stats: tr_Post_Register 6 185.0255 80.8202355988276 362.106 134.693 0 0
stats: size_rcv 158716 158716
stats: size_sent 11212 11212
stats: connected 11 11
# stats: dump at 1575458162
stats: users 43 43
stats: {load,"tsung_controller@ip-172-31-26-119"} 1 0.0 0.0 0.0 0.0 0.0 1
stats: {recvpackets,"tsung_controller@ip-172-31-26-119"} 1 271 0 271 271 0 0
stats: {sentpackets,"tsung_controller@ip-172-31-26-119"} 1 167 0 167 167 0 0
stats: {cpu,"tsung_controller@ip-172-31-26-119"} 1 0.34965034965034963 0.0 1.7706040176114473 0.34965034965034963 1.7706040176114473 1
stats: {freemem,"tsung_controller@ip-172-31-26-119"} 1 734.5703125 0.0 737.3359375 734.5703125 737.3359375 1
stats: users_count 31 43
stats: finish_users_count 0 0
stats: request 89 171.8252359550562 134.4879666448644 644.314 6.508 84.51266666666666 30
stats: connect 30 2.232966666666667 5.603397484165795 32.405 1.07 2.1888181818181818 11
stats: page 89 171.8252359550562 134.4879666448644 644.314 6.508 84.51266666666666 30
stats: tr_Get_Root 30 246.3505666666667 142.3042852385182 644.459 58.494 76.91236363636364 11
stats: 302 19 25
stats: tr_Redirect_Root 17 194.515705882353 57.736618899727034 316.81 61.75 72.5185 4
stats: match 89 119
stats: tr_Get_Register 23 14.381173913043478 11.088917262596507 145.812 6.691 33.118 9
stats: 200 70 94
stats: tr_Post_Register 19 225.2318947368421 86.7219031592819 451.737 134.693 185.0255 6
stats: size_rcv 487189 645905
stats: newphase 1 1
stats: size_sent 41304 52516
stats: connected 30 41
# stats: dump at 1575458172
stats: users 86 86
stats: {load,"tsung_controller@ip-172-31-26-119"} 1 0.0 0.0 0.0 0.0 0.0 2
stats: {recvpackets,"tsung_controller@ip-172-31-26-119"} 1 761.0 0.0 761 271 271.0 1
stats: {sentpackets,"tsung_controller@ip-172-31-26-119"} 1 457.0 0.0 457 167 167.0 1
stats: {cpu,"tsung_controller@ip-172-31-26-119"} 1 0.798004987531172 0.0 1.7706040176114473 0.34965034965034963 1.0601271836308985 2
stats: {freemem,"tsung_controller@ip-172-31-26-119"} 1 723.765625 0.0 737.3359375 723.765625 735.953125 2
stats: users_count 43 86
stats: finish_users_count 0 0
stats: connect 43 14.649488372093023 41.277948446728736 202.609 1.032 2.221121951219512 41
stats: request 149 424.9797248322148 1727.5325205723154 21272.188 6.508 149.81366386554623 119
stats: tr_Get_Root 41 387.57814634146337 154.35787572716518 715.664 58.494 200.89153658536588 41
stats: page 149 424.9797248322148 1727.5325205723154 21272.188 6.508 149.81366386554623 119
stats: 302 37 62
stats: tr_Redirect_Root 30 476.00303333333335 186.01961557202927 835.32 61.75 171.27814285714288 21
stats: match 149 268
stats: tr_Post_New_Post 1 85.418 0 85.418 85.418 0 0
stats: 200 112 206
stats: tr_Get_New_Post 1 33.247 0 33.247 33.247 0 0
stats: size_rcv 870718 1516623
stats: tr_Get_Register 39 21.391256410256403 28.561611931741208 174.154 6.691 19.65090625 32
stats: newphase 0 1
stats: tr_Post_Register 36 304.2866111111111 142.2143626963414 703.904 134.693 215.58236 25
stats: size_sent 71642 124158
stats: tr_Get_Book 1 21272.417 0 21272.417 21272.417 0 0
stats: connected 43 84
# stats: dump at 1575458182
stats: users 85 86
stats: {load,"tsung_controller@ip-172-31-26-119"} 1 0.0 0.0 0.0 0.0 0.0 3
stats: {recvpackets,"tsung_controller@ip-172-31-26-119"} 1 1146.0 0.0 1146 271 516.0 2
stats: {sentpackets,"tsung_controller@ip-172-31-26-119"} 1 615.0 0.0 615 167 312.0 2
stats: {cpu,"tsung_controller@ip-172-31-26-119"} 1 1.794616151545364 0.0 1.794616151545364 0.34965034965034963 0.9727531182643231 3
stats: {freemem,"tsung_controller@ip-172-31-26-119"} 1 711.421875 0.0 737.3359375 711.421875 731.890625 3
stats: session 1 29514.796 0 29514.796 29514.796 0 0
stats: users_count 0 86
stats: finish_users_count 1 1
stats: request 59 338.1739661016947 241.91708937105201 21272.188 6.508 302.7977798507463 268
stats: connect 2 1.065 0.02200000000000002 202.609 1.032 8.583261904761905 84
stats: page 59 338.1739661016947 241.91708937105201 21272.188 6.508 302.7977798507463 268
stats: tr_Get_Root 4 396.498 25.833672706372973 715.664 58.494 294.2348414634146 82
stats: 302 19 81
stats: tr_Redirect_Root 22 522.4497272727274 191.154715219988 835.32 61.75 350.52807843137253 51
stats: match 59 327
stats: tr_Post_New_Post 0 0 0 85.418 85.418 85.418 1
stats: 200 40 246
stats: tr_Get_New_Post 0 0 0 33.247 33.247 33.247 1
stats: size_rcv 280334 1796957
stats: tr_Redirect_To_New_Post 1 769.829 0 769.829 769.829 0 0
stats: newphase 0 1
stats: tr_Get_Register 13 29.780230769230773 28.97814034260957 174.154 6.691 20.606873239436617 71
stats: size_sent 52106 176264
stats: tr_Post_Register 19 301.3745789473684 149.72413301919312 703.904 134.693 267.9324098360656 61
stats: connected 1 85
stats: tr_Get_Book 0 0 0 21272.417 21272.417 21272.417 1
# stats: dump at 1575458192
stats: users 85 86
stats: {load,"tsung_controller@ip-172-31-26-119"} 1 0.0 0.0 0.0 0.0 0.0 4
stats: {recvpackets,"tsung_controller@ip-172-31-26-119"} 1 277.0 0.0 1146 271 726.0 3
stats: {sentpackets,"tsung_controller@ip-172-31-26-119"} 1 151.0 0.0 615 151 413.0 3
stats: {cpu,"tsung_controller@ip-172-31-26-119"} 1 0.15 0.0 1.794616151545364 0.15 1.1782188765845834 4
stats: {freemem,"tsung_controller@ip-172-31-26-119"} 1 709.85546875 0.0 737.3359375 709.85546875 726.7734375 4
stats: session 0 0 0 29514.796 29514.796 29514.796 1
stats: users_count 0 86
stats: finish_users_count 0 1
stats: request 0 0 0 21272.188 6.508 309.18063914373084 327
stats: connect 0 0 0 202.609 1.032 8.408418604651162 86
stats: page 0 0 0 21272.188 6.508 309.18063914373084 327
stats: tr_Get_Root 0 0 0 715.664 58.494 298.99126744186043 86
stats: 302 0 81
stats: tr_Redirect_Root 0 0 0 835.32 61.75 402.3400821917808 73
stats: match 0 327
stats: tr_Post_New_Post 0 0 0 85.418 85.418 85.418 1
stats: 200 0 246
stats: tr_Get_New_Post 0 0 0 33.247 33.247 33.247 1
stats: size_rcv 0 1796957
stats: tr_Redirect_To_New_Post 0 0 0 769.829 769.829 769.829 1
stats: newphase 0 1
stats: tr_Get_Register 0 0 0 174.154 6.691 22.02655952380952 84
stats: size_sent 0 176264
stats: tr_Post_Register 0 0 0 703.904 134.693 275.87492499999996 80
stats: connected 0 85
stats: tr_Get_Book 0 0 0 21272.417 21272.417 21272.417 1
# stats: dump at 1575458202
stats: users 85 86
stats: {load,"tsung_controller@ip-172-31-26-119"} 1 0.0 0.0 0.0 0.0 0.0 5
stats: {recvpackets,"tsung_controller@ip-172-31-26-119"} 1 16.0 0.0 1146 16 613.75 4
stats: {sentpackets,"tsung_controller@ip-172-31-26-119"} 1 16.0 0.0 615 16 347.5 4
stats: {cpu,"tsung_controller@ip-172-31-26-119"} 1 0.05002501250625312 0.0 1.794616151545364 0.05002501250625312 0.9725751012676668 5
stats: {freemem,"tsung_controller@ip-172-31-26-119"} 1 709.81640625 0.0 737.3359375 709.81640625 723.38984375 5
stats: session 0 0 0 29514.796 29514.796 29514.796 1
stats: users_count 0 86
stats: finish_users_count 0 1
stats: request 0 0 0 21272.188 6.508 309.18063914373084 327
stats: connect 0 0 0 202.609 1.032 8.408418604651162 86
stats: page 0 0 0 21272.188 6.508 309.18063914373084 327
stats: tr_Get_Root 0 0 0 715.664 58.494 298.99126744186043 86
stats: 302 0 81
stats: tr_Redirect_Root 0 0 0 835.32 61.75 402.3400821917808 73
stats: match 0 327
stats: tr_Post_New_Post 0 0 0 85.418 85.418 85.418 1
stats: 200 0 246
stats: tr_Get_New_Post 0 0 0 33.247 33.247 33.247 1
stats: size_rcv 0 1796957
stats: tr_Redirect_To_New_Post 0 0 0 769.829 769.829 769.829 1
stats: newphase 0 1
stats: tr_Get_Register 0 0 0 174.154 6.691 22.02655952380952 84
stats: size_sent 0 176264
stats: tr_Post_Register 0 0 0 703.904 134.693 275.87492499999996 80
stats: connected 0 85
stats: tr_Get_Book 0 0 0 21272.417 21272.417 21272.417 1
# stats: dump at 1575458212
stats: users 83 86
stats: {load,"tsung_controller@ip-172-31-26-119"} 1 0.0 0.0 0.0 0.0 0.0 6
stats: {recvpackets,"tsung_controller@ip-172-31-26-119"} 1 1.0 0.0 1146 1 494.2 5
stats: {sentpackets,"tsung_controller@ip-172-31-26-119"} 1 1.0 0.0 615 1 281.2 5
stats: {cpu,"tsung_controller@ip-172-31-26-119"} 1 0.0 0.0 1.794616151545364 0.0 0.8188167531407644 6
stats: {freemem,"tsung_controller@ip-172-31-26-119"} 1 709.73046875 0.0 737.3359375 709.73046875 721.1276041666666 6
stats: session 2 65373.644499999995 1105.641499999998 66479.286 29514.796 29514.796 1
stats: users_count 0 86
stats: finish_users_count 2 3
stats: request 1 60033.242 0.0 60033.242 6.508 309.18063914373084 327
stats: connect 0 0 0 202.609 1.032 8.408418604651162 86
stats: page 1 60033.242 0.0 60033.242 6.508 309.18063914373084 327
stats: tr_Get_Root 0 0 0 715.664 58.494 298.99126744186043 86
stats: 302 0 81
stats: tr_Redirect_Root 0 0 0 835.32 61.75 402.3400821917808 73
stats: match_stop 1 1
stats: tr_Post_New_Post 0 0 0 85.418 85.418 85.418 1
stats: 504 1 1
stats: tr_Get_New_Post 0 0 0 33.247 33.247 33.247 1
stats: match 0 327
stats: tr_Redirect_To_New_Post 0 0 0 769.829 769.829 769.829 1
stats: 200 0 246
stats: tr_Get_Register 0 0 0 174.154 6.691 22.02655952380952 84
stats: size_rcv 329 1797286
stats: tr_Post_Register 0 0 0 703.904 134.693 275.87492499999996 80
stats: newphase 0 1
stats: tr_Get_Book 1 60033.419 0.0 60033.419 21272.417 21272.417 1
stats: nomatch 1 1
stats: size_sent 0 176264
stats: connected -1 84
# stats: dump at 1575458222
stats: users 67 86
stats: {load,"tsung_controller@ip-172-31-26-119"} 1 0.0 0.0 0.0 0.0 0.0 7
stats: {recvpackets,"tsung_controller@ip-172-31-26-119"} 1 8.0 0.0 1146 1 412.0 6
stats: {sentpackets,"tsung_controller@ip-172-31-26-119"} 1 11.0 0.0 615 1 234.5 6
stats: {cpu,"tsung_controller@ip-172-31-26-119"} 1 0.05 0.0 1.794616151545364 0.0 0.7018429312635124 7
stats: {freemem,"tsung_controller@ip-172-31-26-119"} 1 709.74609375 0.0 737.3359375 709.73046875 719.4994419642857 7
stats: session 16 67525.0385 2821.030619354543 72965.752 29514.796 53420.695 3
stats: users_count 0 86
stats: finish_users_count 16 19
stats: request 18 57407.87605555556 5812.073863377909 60033.865 6.508 491.2661920731707 328
stats: connect 0 0 0 202.609 1.032 8.408418604651162 86
stats: page 18 57407.87605555556 5812.073863377909 60033.865 6.508 491.2661920731707 328
stats: tr_Get_Root 0 0 0 715.664 58.494 298.99126744186043 86
stats: 302 1 82
stats: tr_Redirect_Root 2 44401.2095 239.52050000000418 44640.73 61.75 402.3400821917808 73
stats: match_stop 15 16
stats: tr_Post_New_Post 0 0 0 85.418 85.418 85.418 1
stats: 504 15 16
stats: tr_Get_New_Post 0 0 0 33.247 33.247 33.247 1
stats: match 3 330
stats: tr_Redirect_To_New_Post 0 0 0 769.829 769.829 769.829 1
stats: 200 2 248
stats: tr_Get_Register 0 0 0 174.154 6.691 22.02655952380952 84
stats: size_rcv 23989 1821275
stats: tr_Post_Register 1 44436.899 0.0 44436.899 134.693 275.87492499999996 80
stats: newphase 0 1
stats: tr_Get_Book 15 60007.032733333326 7.298767050821848 60034.043 21272.417 40652.918000000005 2
stats: nomatch 15 16
stats: size_sent 0 176264
stats: connected -15 69
# stats: dump at 1575458232
stats: users 43 86
stats: {load,"tsung_controller@ip-172-31-26-119"} 1 0.0 0.0 0.0 0.0 0.0 8
stats: {recvpackets,"tsung_controller@ip-172-31-26-119"} 1 60.0 0.0 1146 1 354.2857142857143 7
stats: {sentpackets,"tsung_controller@ip-172-31-26-119"} 1 57.0 0.0 615 1 202.57142857142858 7
stats: {cpu,"tsung_controller@ip-172-31-26-119"} 1 0.29955067398901647 0.0 1.794616151545364 0.0 0.6203625648555733 8
stats: {freemem,"tsung_controller@ip-172-31-26-119"} 1 709.71484375 0.0 737.3359375 709.71484375 718.2802734375 8
stats: session 24 68295.74279166666 3146.1739190840253 76968.405 29514.796 65298.03689473683 19
stats: users_count 0 86
stats: finish_users_count 24 43
stats: request 28 58642.475607142864 3975.4814266410044 60033.865 6.508 3452.2458959537576 346
stats: connect 0 0 0 202.609 1.032 8.408418604651162 86
stats: page 28 58642.475607142864 3975.4814266410044 60033.865 6.508 3452.2458959537576 346
stats: tr_Get_Root 0 0 0 715.664 58.494 298.99126744186043 86
stats: 302 1 83
stats: tr_Redirect_Root 2 46625.816000000006 1830.5159999999978 48456.332 61.75 1575.6432666666667 75
stats: match_stop 25 41
stats: tr_Post_New_Post 0 0 0 85.418 85.418 85.418 1
stats: 504 25 41
stats: tr_Get_New_Post 0 0 0 33.247 33.247 33.247 1
stats: match 3 333
stats: tr_Redirect_To_New_Post 0 0 0 769.829 769.829 769.829 1
stats: 200 2 250
stats: tr_Get_Register 0 0 0 174.154 6.691 22.02655952380952 84
stats: size_rcv 27279 1848554
stats: tr_Post_Register 1 48612.68 0.0 48612.68 134.693 821.0727530864197 81
stats: newphase 0 1
stats: tr_Get_Book 25 60005.191719999995 1.5704811369760043 60034.043 21272.417 57730.07805882353 17
stats: nomatch 25 41
stats: size_sent 2841 179105
stats: connected -25 44
# stats: dump at 1575458242
stats: users 6 86
stats: {load,"tsung_controller@ip-172-31-26-119"} 1 0.0 0.0 0.0 0.0 0.0 9
stats: {recvpackets,"tsung_controller@ip-172-31-26-119"} 1 70.0 0.0 1146 1 317.5 8
stats: {sentpackets,"tsung_controller@ip-172-31-26-119"} 1 92.0 0.0 615 1 184.375 8
stats: {cpu,"tsung_controller@ip-172-31-26-119"} 1 0.29955067398901647 0.0 1.794616151545364 0.0 0.5847167992037337 9
stats: {freemem,"tsung_controller@ip-172-31-26-119"} 1 714.8828125 0.0 737.3359375 709.71484375 717.3285590277778 9
stats: session 37 70087.75902702702 2798.800053188485 76968.405 29514.796 66971.17506976744 43
stats: users_count 0 86
stats: finish_users_count 37 80
stats: request 38 60004.7752368421 1.4568967639302661 60033.865 6.508 7584.134751336899 374
stats: connect 0 0 0 202.609 1.032 8.408418604651162 86
stats: page 38 60004.7752368421 1.4568967639302661 60033.865 6.508 7584.134751336899 374
stats: tr_Get_Root 0 0 0 715.664 58.494 298.99126744186043 86
stats: 302 0 83
stats: tr_Redirect_Root 3 60004.94566666667 1.227713412088612 60006.506 61.75 2745.777623376624 77
stats: match_stop 38 79
stats: tr_Post_New_Post 0 0 0 85.418 85.418 85.418 1
stats: 504 38 79
stats: tr_Get_New_Post 0 0 0 33.247 33.247 33.247 1
stats: match 0 333
stats: tr_Redirect_To_New_Post 0 0 0 769.829 769.829 769.829 1
stats: 200 0 250
stats: tr_Get_Register 2 60003.908500000005 0.08950000000004366 60003.998 6.691 22.02655952380952 84
stats: size_rcv 12502 1861056
stats: tr_Post_Register 2 60006.891 0.20200000000295404 60007.093 134.693 1403.8972317073171 82
stats: newphase 0 1
stats: tr_Get_Book 31 60004.89070967742 1.4621079390343172 60034.043 21272.417 59084.312380952375 42
stats: nomatch 38 79
stats: size_sent 0 179105
stats: connected -38 6
# stats: dump at 1575458252
stats: users 6 86
stats: {load,"tsung_controller@ip-172-31-26-119"} 1 0.0 0.0 0.0 0.0 0.0 10
stats: {recvpackets,"tsung_controller@ip-172-31-26-119"} 1 67.0 0.0 1146 1 290.0 9
stats: {sentpackets,"tsung_controller@ip-172-31-26-119"} 1 98.0 0.0 615 1 174.11111111111111 9
stats: {cpu,"tsung_controller@ip-172-31-26-119"} 1 0.15015015015015015 0.0 1.794616151545364 0.0 0.5562001866822619 10
stats: {freemem,"tsung_controller@ip-172-31-26-119"} 1 717.93359375 0.0 737.3359375 709.71484375 717.083984375 10
stats: session 0 0 0 76968.405 29514.796 68412.59515 80
stats: users_count 0 86
stats: finish_users_count 0 80
stats: request 0 0 0 60033.865 6.508 12419.048194174758 412
stats: connect 0 0 0 202.609 1.032 8.408418604651162 86
stats: page 0 0 0 60033.865 6.508 12419.048194174758 412
stats: tr_Get_Root 0 0 0 715.664 58.494 298.99126744186043 86
stats: 302 0 83
stats: tr_Redirect_Root 0 0 0 60006.506 61.75 4892.996425 80
stats: match_stop 0 79
stats: tr_Post_New_Post 0 0 0 85.418 85.418 85.418 1
stats: 504 0 79
stats: tr_Get_New_Post 0 0 0 33.247 33.247 33.247 1
stats: match 0 333
stats: tr_Redirect_To_New_Post 0 0 0 769.829 769.829 769.829 1
stats: 200 0 250
stats: tr_Get_Register 0 0 0 60003.998 6.691 1416.9540465116281 86
stats: size_rcv 0 1861056
stats: tr_Post_Register 0 0 0 60007.093 134.693 2799.206607142857 84
stats: newphase 0 1
stats: tr_Get_Book 0 0 0 60034.043 21272.417 59475.24290410959 73
stats: nomatch 0 79
stats: size_sent 0 179105
stats: connected 0 6
# stats: dump at 1575458262
stats: users 6 86
stats: {load,"tsung_controller@ip-172-31-26-119"} 1 0.0 0.0 0.0 0.0 0.0 11
stats: {recvpackets,"tsung_controller@ip-172-31-26-119"} 1 1.0 0.0 1146 1 267.7 10
stats: {sentpackets,"tsung_controller@ip-172-31-26-119"} 1 1.0 0.0 615 1 166.5 10
stats: {cpu,"tsung_controller@ip-172-31-26-119"} 1 0.04997501249375312 0.0 1.794616151545364 0.0 0.5192865469975245 11
stats: {freemem,"tsung_controller@ip-172-31-26-119"} 1 718.06640625 0.0 737.3359375 709.71484375 717.1612215909091 11
stats: session 0 0 0 76968.405 29514.796 68412.59515 80
stats: users_count 0 86
stats: finish_users_count 0 80
stats: request 0 0 0 60033.865 6.508 12419.048194174758 412
stats: connect 0 0 0 202.609 1.032 8.408418604651162 86
stats: page 0 0 0 60033.865 6.508 12419.048194174758 412
stats: tr_Get_Root 0 0 0 715.664 58.494 298.99126744186043 86
stats: 302 0 83
stats: tr_Redirect_Root 0 0 0 60006.506 61.75 4892.996425 80
stats: match_stop 0 79
stats: tr_Post_New_Post 0 0 0 85.418 85.418 85.418 1
stats: 504 0 79
stats: tr_Get_New_Post 0 0 0 33.247 33.247 33.247 1
stats: match 0 333
stats: tr_Redirect_To_New_Post 0 0 0 769.829 769.829 769.829 1
stats: 200 0 250
stats: tr_Get_Register 0 0 0 60003.998 6.691 1416.9540465116281 86
stats: size_rcv 0 1861056
stats: tr_Post_Register 0 0 0 60007.093 134.693 2799.206607142857 84
stats: newphase 0 1
stats: tr_Get_Book 0 0 0 60034.043 21272.417 59475.24290410959 73
stats: nomatch 0 79
stats: size_sent 0 179105
stats: connected 0 6
# stats: dump at 1575458272
stats: users 6 86
stats: {load,"tsung_controller@ip-172-31-26-119"} 1 0.0 0.0 0.0 0.0 0.0 12
stats: {recvpackets,"tsung_controller@ip-172-31-26-119"} 1 1.0 0.0 1146 1 243.45454545454547 11
stats: {sentpackets,"tsung_controller@ip-172-31-26-119"} 1 1.0 0.0 615 1 151.45454545454547 11
stats: {cpu,"tsung_controller@ip-172-31-26-119"} 1 0.04995004995004995 0.0 1.794616151545364 0.0 0.4801772524555436 12
stats: {freemem,"tsung_controller@ip-172-31-26-119"} 1 718.0703125 0.0 737.3359375 709.71484375 717.2366536458334 12
stats: session 0 0 0 76968.405 29514.796 68412.59515 80
stats: users_count 0 86
stats: finish_users_count 0 80
stats: request 0 0 0 60033.865 6.508 12419.048194174758 412
stats: connect 0 0 0 202.609 1.032 8.408418604651162 86
stats: page 0 0 0 60033.865 6.508 12419.048194174758 412
stats: tr_Get_Root 0 0 0 715.664 58.494 298.99126744186043 86
stats: 302 0 83
stats: tr_Redirect_Root 0 0 0 60006.506 61.75 4892.996425 80
stats: match_stop 0 79
stats: tr_Post_New_Post 0 0 0 85.418 85.418 85.418 1
stats: 504 0 79
stats: tr_Get_New_Post 0 0 0 33.247 33.247 33.247 1
stats: match 0 333
stats: tr_Redirect_To_New_Post 0 0 0 769.829 769.829 769.829 1
stats: 200 0 250
stats: tr_Get_Register 0 0 0 60003.998 6.691 1416.9540465116281 86
stats: size_rcv 0 1861056
stats: tr_Post_Register 0 0 0 60007.093 134.693 2799.206607142857 84
stats: newphase 0 1
stats: tr_Get_Book 0 0 0 60034.043 21272.417 59475.24290410959 73
stats: nomatch 0 79
stats: size_sent 0 179105
stats: connected 0 6
# stats: dump at 1575458282
stats: users 5 86
stats: {load,"tsung_controller@ip-172-31-26-119"} 1 0.0 0.0 0.0 0.0 0.0 13
stats: {recvpackets,"tsung_controller@ip-172-31-26-119"} 1 1.0 0.0 1146 1 223.25 12
stats: {sentpackets,"tsung_controller@ip-172-31-26-119"} 1 1.0 0.0 615 1 138.91666666666669 12
stats: {cpu,"tsung_controller@ip-172-31-26-119"} 1 0.05002501250625312 0.0 1.794616151545364 0.0 0.4470828522628133 13
stats: {freemem,"tsung_controller@ip-172-31-26-119"} 1 718.078125 0.0 737.3359375 709.71484375 717.30078125 13
stats: session 1 112774.04 0.0 112774.04 29514.796 68412.59515 80
stats: users_count 0 86
stats: finish_users_count 1 81
stats: request 0 0 0 60033.865 6.508 12419.048194174758 412
stats: connect 0 0 0 202.609 1.032 8.408418604651162 86
stats: page 0 0 0 60033.865 6.508 12419.048194174758 412
stats: tr_Get_Root 0 0 0 715.664 58.494 298.99126744186043 86
stats: 302 0 83
stats: tr_Redirect_Root 0 0 0 60006.506 61.75 4892.996425 80
stats: match_stop 0 79
stats: tr_Post_New_Post 0 0 0 85.418 85.418 85.418 1
stats: 504 0 79
stats: tr_Get_New_Post 0 0 0 33.247 33.247 33.247 1
stats: match 0 333
stats: tr_Redirect_To_New_Post 0 0 0 769.829 769.829 769.829 1
stats: 200 0 250
stats: tr_Get_Register 0 0 0 60003.998 6.691 1416.9540465116281 86
stats: size_rcv 0 1861056
stats: tr_Post_Register 0 0 0 60007.093 134.693 2799.206607142857 84
stats: newphase 0 1
stats: tr_Get_Book 0 0 0 60034.043 21272.417 59475.24290410959 73
stats: nomatch 0 79
stats: size_sent 0 179105
stats: connected 0 6
# stats: dump at 1575458292
stats: users 0 86
stats: {load,"tsung_controller@ip-172-31-26-119"} 1 0.0 0.0 0.0 0.0 0.0 14
stats: {recvpackets,"tsung_controller@ip-172-31-26-119"} 1 6.0 0.0 1146 1 206.15384615384616 13
stats: {sentpackets,"tsung_controller@ip-172-31-26-119"} 1 8.0 0.0 615 1 128.30769230769232 13
stats: {cpu,"tsung_controller@ip-172-31-26-119"} 1 0.0999000999000999 0.0 1.794616151545364 0.0 0.41872157799448756 14
stats: {freemem,"tsung_controller@ip-172-31-26-119"} 1 718.09765625 0.0 737.3359375 709.71484375 717.3563058035714 14
stats: session 5 118170.30759999999 4587.941997553051 124540.171 29514.796 68960.26730864197 81
stats: users_count 0 86
stats: finish_users_count 5 86
stats: request 6 60018.25416666667 18.92099034068357 60049.904 6.508 12419.048194174758 412
stats: connect 0 0 0 202.609 1.032 8.408418604651162 86
stats: page 6 60018.25416666667 18.92099034068357 60049.904 6.508 12419.048194174758 412
stats: tr_Get_Root 0 0 0 715.664 58.494 298.99126744186043 86
stats: 302 0 83
stats: tr_Redirect_Root 2 60027.2375 22.821500000000015 60050.059 61.75 4892.996425 80
stats: match_stop 6 85
stats: tr_Post_New_Post 0 0 0 85.418 85.418 85.418 1
stats: 504 6 85
stats: tr_Get_New_Post 0 0 0 33.247 33.247 33.247 1
stats: match 0 333
stats: tr_Redirect_To_New_Post 0 0 0 769.829 769.829 769.829 1
stats: 200 0 250
stats: tr_Get_Register 0 0 0 60003.998 6.691 1416.9540465116281 86
stats: size_rcv 1974 1863030
stats: tr_Post_Register 0 0 0 60007.093 134.693 2799.206607142857 84
stats: newphase 0 1
stats: tr_Get_Book 4 60014.01500000001 14.768550487439779 60039.267 21272.417 59475.24290410959 73
stats: nomatch 6 85
stats: size_sent 0 179105
stats: connected -6 0
# stats: dump at 1575458292
stats: users 0 86
stats: {load,"tsung_controller@ip-172-31-26-119"} 0 0 0 0.0 0.0 0.0 15
stats: {recvpackets,"tsung_controller@ip-172-31-26-119"} 0 0 0 1146 1 191.85714285714286 14
stats: {sentpackets,"tsung_controller@ip-172-31-26-119"} 0 0 0 615 1 119.71428571428574 14
stats: {cpu,"tsung_controller@ip-172-31-26-119"} 0 0 0 1.794616151545364 0.0 0.397466812788195 15
stats: {freemem,"tsung_controller@ip-172-31-26-119"} 0 0 0 737.3359375 709.71484375 717.4057291666667 15
stats: session 0 0 0 124540.171 29514.796 71821.3161627907 86
stats: users_count 0 86
stats: finish_users_count 0 86
stats: request 0 0 0 60049.904 6.508 13102.290385167467 418
stats: connect 0 0 0 202.609 1.032 8.408418604651162 86
stats: page 0 0 0 60049.904 6.508 13102.290385167467 418
stats: tr_Get_Root 0 0 0 715.664 58.494 298.99126744186043 86
stats: 302 0 83
stats: tr_Redirect_Root 0 0 0 60050.059 61.75 6237.734012195122 82
stats: match_stop 0 85
stats: tr_Post_New_Post 0 0 0 85.418 85.418 85.418 1
stats: 504 0 85
stats: tr_Get_New_Post 0 0 0 33.247 33.247 33.247 1
stats: match 0 333
stats: tr_Redirect_To_New_Post 0 0 0 769.829 769.829 769.829 1
stats: 200 0 250
stats: tr_Get_Register 0 0 0 60003.998 6.691 1416.9540465116281 86
stats: size_rcv 0 1863030
stats: tr_Post_Register 0 0 0 60007.093 134.693 2799.206607142857 84
stats: newphase 0 1
stats: tr_Get_Book 0 0 0 60039.267 21272.417 59503.231064935055 77
stats: nomatch 0 85
stats: size_sent 0 179105
stats: connected 0 0
EndMonitor:{1575,458292,820372}
