
=INFO REPORT==== 9-Dec-2019::22:20:42 ===
    ts_config_server:(5:<0.102.0>) Config server started, logdir is "/home/ec2-user/.tsung/log/20191209-2220"
 
=INFO REPORT==== 9-Dec-2019::22:20:42 ===
              ts_mon:(5:<0.83.0>) starting monitor, global 

=INFO REPORT==== 9-Dec-2019::22:20:42 ===
           ts_config:(5:<0.102.0>) Reading config file: simple.xml

=INFO REPORT==== 9-Dec-2019::22:20:42 ===
           ts_config:(5:<0.102.0>) Session name for id 1 is "Register-Logout-Login"

=INFO REPORT==== 9-Dec-2019::22:20:42 ===
           ts_config:(5:<0.102.0>) Session name for id 2 is "Create-Book"

=INFO REPORT==== 9-Dec-2019::22:20:42 ===
           ts_config:(5:<0.102.0>) Session name for id 3 is "Create-Post"

=INFO REPORT==== 9-Dec-2019::22:20:42 ===
           ts_config:(5:<0.102.0>) Session name for id 4 is "Add_Comment"

=INFO REPORT==== 9-Dec-2019::22:20:42 ===
           ts_config:(5:<0.102.0>) Session name for id 5 is "Send-Message"

=INFO REPORT==== 9-Dec-2019::22:20:42 ===
    ts_config_server:(4:<0.102.0>) SYSINFO:Tsung version: 1.7.0

=INFO REPORT==== 9-Dec-2019::22:20:42 ===
    ts_config_server:(4:<0.102.0>) SYSINFO:Erlang version: Erlang/OTP 20 [erts-9.1] [source] [64-bit] [smp:96:96] [ds:96:96:10] [async-threads:8] [hipe] [kernel-poll:true]


=INFO REPORT==== 9-Dec-2019::22:20:42 ===
    ts_config_server:(4:<0.102.0>) SYSINFO:System architecture x86_64-unknown-linux-gnu

=INFO REPORT==== 9-Dec-2019::22:20:42 ===
    ts_config_server:(4:<0.102.0>) SYSINFO:Current path: /usr/local/lib/tsung/tsung-1.7.0/ebin/tsung.beam

=INFO REPORT==== 9-Dec-2019::22:20:42 ===
              ts_mon:(5:<0.103.0>) Activate clients with text backend

=INFO REPORT==== 9-Dec-2019::22:20:42 ===
              ts_mon:(5:<0.103.0>) Starting tsung clients on hosts: [localhost]

=INFO REPORT==== 9-Dec-2019::22:20:42 ===
    ts_config_server:(5:<0.102.0>) Start a launcher on the controller beam localhost

=INFO REPORT==== 9-Dec-2019::22:20:42 ===
  ts_launcher_static:(5:<0.154.0>) Launch msg receive ("localhost")

=INFO REPORT==== 9-Dec-2019::22:20:42 ===
         ts_launcher:(5:<0.155.0>) Launch msg receive ("localhost")

=INFO REPORT==== 9-Dec-2019::22:20:42 ===
    ts_config_server:(5:<0.102.0>) New arrival phase 1 for client "localhost" (last ? true): will start 30 users

=INFO REPORT==== 9-Dec-2019::22:20:42 ===
    ts_config_server:(5:<0.102.0>) New arrival phase 2 for client "localhost" (last ? true): will start 60 users

=INFO REPORT==== 9-Dec-2019::22:20:42 ===
    ts_config_server:(5:<0.102.0>) New arrival phase 3 for client "localhost" (last ? true): will start 120 users

=INFO REPORT==== 9-Dec-2019::22:20:42 ===
    ts_config_server:(5:<0.102.0>) New arrival phase 4 for client "localhost" (last ? true): will start 240 users

=INFO REPORT==== 9-Dec-2019::22:20:42 ===
    ts_config_server:(5:<0.102.0>) New arrival phase 5 for client "localhost" (last ? true): will start 480 users

=INFO REPORT==== 9-Dec-2019::22:20:42 ===
    ts_config_server:(5:<0.102.0>) New arrival phase 6 for client "localhost" (last ? true): will start 960 users

=INFO REPORT==== 9-Dec-2019::22:20:42 ===
         ts_launcher:(5:<0.155.0>) Expected duration of first phase: 15.0 sec (30 users) 

=INFO REPORT==== 9-Dec-2019::22:20:42 ===
         ts_launcher:(5:<0.155.0>) Activate launcher (30 users) in 1891 msec 

=INFO REPORT==== 9-Dec-2019::22:21:00 ===
         ts_launcher:(5:<0.155.0>) Phase duration exceeded, but not all users were launched (7 users, 23.3% of phase)

=INFO REPORT==== 9-Dec-2019::22:21:00 ===
         ts_launcher:(5:<0.155.0>) Wait for all sessions to finish before starting next phase (still 21 sessions active)
=INFO REPORT==== 9-Dec-2019::22:21:05 ===
         ts_launcher:(5:<0.155.0>) Wait for all sessions to finish before starting next phase (still 17 sessions active)
=INFO REPORT==== 9-Dec-2019::22:21:10 ===
         ts_launcher:(5:<0.155.0>) Wait for all sessions to finish before starting next phase (still 11 sessions active)
=INFO REPORT==== 9-Dec-2019::22:21:15 ===
         ts_launcher:(5:<0.155.0>) Wait for all sessions to finish before starting next phase (still 2 sessions active)
=INFO REPORT==== 9-Dec-2019::22:21:20 ===
         ts_launcher:(5:<0.155.0>) Start a new arrival phase (60 users, 0.004); expected duration=15.0 sec

=INFO REPORT==== 9-Dec-2019::22:21:35 ===
         ts_launcher:(5:<0.155.0>) Phase duration exceeded, but not all users were launched (5 users, 8.3% of phase)

=INFO REPORT==== 9-Dec-2019::22:21:35 ===
         ts_launcher:(5:<0.155.0>) Wait for all sessions to finish before starting next phase (still 41 sessions active)
=INFO REPORT==== 9-Dec-2019::22:21:40 ===
         ts_launcher:(5:<0.155.0>) Wait for all sessions to finish before starting next phase (still 26 sessions active)
=INFO REPORT==== 9-Dec-2019::22:21:45 ===
         ts_launcher:(5:<0.155.0>) Wait for all sessions to finish before starting next phase (still 17 sessions active)
=INFO REPORT==== 9-Dec-2019::22:21:50 ===
         ts_launcher:(5:<0.155.0>) Wait for all sessions to finish before starting next phase (still 5 sessions active)
=INFO REPORT==== 9-Dec-2019::22:21:55 ===
         ts_launcher:(5:<0.155.0>) Wait for all sessions to finish before starting next phase (still 2 sessions active)
=INFO REPORT==== 9-Dec-2019::22:22:00 ===
         ts_launcher:(5:<0.155.0>) Start a new arrival phase (120 users, 0.008); expected duration=15.0 sec

=INFO REPORT==== 9-Dec-2019::22:22:15 ===
         ts_launcher:(4:<0.155.0>) Need to wait 0.792 sec before changing phase, going to sleep

=INFO REPORT==== 9-Dec-2019::22:22:15 ===
         ts_launcher:(5:<0.155.0>) Waking up

=INFO REPORT==== 9-Dec-2019::22:22:15 ===
         ts_launcher:(5:<0.155.0>) Wait for all sessions to finish before starting next phase (still 103 sessions active)
=INFO REPORT==== 9-Dec-2019::22:22:20 ===
         ts_launcher:(5:<0.155.0>) Wait for all sessions to finish before starting next phase (still 70 sessions active)
=INFO REPORT==== 9-Dec-2019::22:22:25 ===
         ts_launcher:(5:<0.155.0>) Wait for all sessions to finish before starting next phase (still 41 sessions active)
=INFO REPORT==== 9-Dec-2019::22:22:30 ===
         ts_launcher:(5:<0.155.0>) Wait for all sessions to finish before starting next phase (still 19 sessions active)
=INFO REPORT==== 9-Dec-2019::22:22:35 ===
         ts_launcher:(5:<0.155.0>) Wait for all sessions to finish before starting next phase (still 6 sessions active)
=INFO REPORT==== 9-Dec-2019::22:22:40 ===
         ts_launcher:(5:<0.155.0>) Wait for all sessions to finish before starting next phase (still 4 sessions active)
=INFO REPORT==== 9-Dec-2019::22:22:45 ===
         ts_launcher:(5:<0.155.0>) Wait for all sessions to finish before starting next phase (still 2 sessions active)
=INFO REPORT==== 9-Dec-2019::22:22:50 ===
         ts_launcher:(5:<0.155.0>) Start a new arrival phase (240 users, 0.016); expected duration=15.0 sec

=INFO REPORT==== 9-Dec-2019::22:23:06 ===
         ts_launcher:(5:<0.155.0>) Phase duration exceeded, but not all users were launched (5 users, 2.1% of phase)

=INFO REPORT==== 9-Dec-2019::22:23:06 ===
         ts_launcher:(5:<0.155.0>) Wait for all sessions to finish before starting next phase (still 202 sessions active)
=INFO REPORT==== 9-Dec-2019::22:23:11 ===
         ts_launcher:(5:<0.155.0>) Wait for all sessions to finish before starting next phase (still 144 sessions active)
=INFO REPORT==== 9-Dec-2019::22:23:16 ===
         ts_launcher:(5:<0.155.0>) Wait for all sessions to finish before starting next phase (still 91 sessions active)
=INFO REPORT==== 9-Dec-2019::22:23:21 ===
         ts_launcher:(5:<0.155.0>) Wait for all sessions to finish before starting next phase (still 37 sessions active)
=INFO REPORT==== 9-Dec-2019::22:23:26 ===
         ts_launcher:(5:<0.155.0>) Wait for all sessions to finish before starting next phase (still 16 sessions active)
=INFO REPORT==== 9-Dec-2019::22:23:31 ===
         ts_launcher:(5:<0.155.0>) Wait for all sessions to finish before starting next phase (still 5 sessions active)
=INFO REPORT==== 9-Dec-2019::22:23:36 ===
         ts_launcher:(5:<0.155.0>) Wait for all sessions to finish before starting next phase (still 1 sessions active)
=INFO REPORT==== 9-Dec-2019::22:23:41 ===
         ts_launcher:(5:<0.155.0>) Start a new arrival phase (480 users, 0.032); expected duration=15.0 sec

=INFO REPORT==== 9-Dec-2019::22:23:56 ===
         ts_launcher:(5:<0.155.0>) Phase duration exceeded, but not all users were launched (15 users, 3.1% of phase)

=INFO REPORT==== 9-Dec-2019::22:23:56 ===
         ts_launcher:(5:<0.155.0>) Wait for all sessions to finish before starting next phase (still 396 sessions active)
=INFO REPORT==== 9-Dec-2019::22:24:01 ===
         ts_launcher:(5:<0.155.0>) Wait for all sessions to finish before starting next phase (still 297 sessions active)
=INFO REPORT==== 9-Dec-2019::22:24:06 ===
         ts_launcher:(5:<0.155.0>) Wait for all sessions to finish before starting next phase (still 185 sessions active)
=INFO REPORT==== 9-Dec-2019::22:24:11 ===
         ts_launcher:(5:<0.155.0>) Wait for all sessions to finish before starting next phase (still 89 sessions active)
=INFO REPORT==== 9-Dec-2019::22:24:16 ===
         ts_launcher:(5:<0.155.0>) Wait for all sessions to finish before starting next phase (still 28 sessions active)
=INFO REPORT==== 9-Dec-2019::22:24:21 ===
         ts_launcher:(5:<0.155.0>) Wait for all sessions to finish before starting next phase (still 7 sessions active)
=INFO REPORT==== 9-Dec-2019::22:24:26 ===
         ts_launcher:(5:<0.155.0>) Wait for all sessions to finish before starting next phase (still 4 sessions active)
=INFO REPORT==== 9-Dec-2019::22:24:31 ===
         ts_launcher:(5:<0.155.0>) Start a new arrival phase (960 users, 0.064); expected duration=15.0 sec

=INFO REPORT==== 9-Dec-2019::22:24:46 ===
         ts_launcher:(5:<0.155.0>) Phase duration exceeded, but not all users were launched (61 users, 6.4% of phase)

=INFO REPORT==== 9-Dec-2019::22:24:46 ===
         ts_launcher:(5:<0.155.0>) This was the last phase, wait for connected users to finish their session

=INFO REPORT==== 9-Dec-2019::22:25:36 ===
     ts_launcher_mgr:(5:<0.149.0>) No more active users 'tsung_controller@ip-172-31-29-147' "5075"
