# timestamp userid sessionid requestid event transaction name
1575547278.006874 2 1 22 match_stop tr_Get_Book -
1575547278.095662 5 1 22 match_stop tr_Get_Book -
1575547279.906302 1 1 22 match_stop tr_Get_Book -
1575547280.719823 6 1 22 match_stop tr_Get_Book -
1575547282.142873 11 1 22 match_stop tr_Get_Book -
1575547283.117690 4 1 22 match_stop tr_Get_Book -
1575547283.515412 7 1 22 match_stop tr_Get_Book -
1575547283.795821 9 1 22 match_stop tr_Get_Book -
1575547284.188786 19 1 22 match_stop tr_Get_Book -
1575547284.782720 14 1 22 match_stop tr_Get_Book -
1575547284.915492 22 1 22 match_stop tr_Get_Book -
1575547286.479227 8 1 22 match_stop tr_Get_Book -
1575547286.503939 26 1 22 match_stop tr_Get_Book -
1575547286.590875 12 1 22 match_stop tr_Get_Book -
1575547286.596766 20 1 22 match_stop tr_Get_Book -
1575547286.679477 3 1 22 match_stop tr_Get_Book -
1575547286.815833 16 1 22 match_stop tr_Get_Book -
1575547287.033114 15 1 22 match_stop tr_Get_Book -
1575547287.365002 23 1 22 match_stop tr_Get_Book -
1575547288.046260 18 1 22 match_stop tr_Get_Book -
1575547288.287510 17 1 22 match_stop tr_Get_Book -
1575547288.962902 30 1 22 match_stop tr_Get_Book -
1575547290.981827 21 1 22 match_stop tr_Get_Book -
1575547291.081819 13 1 22 match_stop tr_Get_Book -
1575547291.768143 27 1 22 match_stop tr_Get_Book -
1575547291.870654 31 1 22 match_stop tr_Get_Book -
1575547292.043351 29 1 22 match_stop tr_Get_Book -
1575547293.005035 28 1 22 match_stop tr_Get_Book -
1575547293.300797 10 1 22 match_stop tr_Get_Book -
1575547293.761237 24 1 22 match_stop tr_Get_Book -
1575547294.738905 37 1 22 match_stop tr_Get_Book -
1575547295.230895 39 1 22 match_stop tr_Get_Book -
1575547295.504346 25 1 22 match_stop tr_Get_Book -
1575547297.739264 54 1 22 match_stop tr_Get_Book -
1575547297.851472 33 1 22 match_stop tr_Get_Book -
1575547298.162543 57 1 22 match_stop tr_Get_Book -
1575547298.861247 58 1 22 match_stop tr_Get_Book -
1575547299.281475 49 1 22 match_stop tr_Get_Book -
1575547299.763183 65 1 22 match_stop tr_Get_Book -
1575547299.786654 34 1 22 match_stop tr_Get_Book -
1575547299.790763 40 1 22 match_stop tr_Get_Book -
1575547299.835553 48 1 22 match_stop tr_Get_Book -
1575547299.924284 47 1 22 match_stop tr_Get_Book -
1575547300.435908 59 1 22 match_stop tr_Get_Book -
1575547300.753916 63 1 22 match_stop tr_Get_Book -
1575547300.774644 35 1 22 match_stop tr_Get_Book -
1575547300.824076 70 1 22 match_stop tr_Get_Book -
1575547300.855421 56 1 22 match_stop tr_Get_Book -
1575547300.892079 71 1 22 match_stop tr_Get_Book -
1575547301.309185 79 1 22 match_stop tr_Get_Book -
1575547301.437364 66 1 22 match_stop tr_Get_Book -
1575547301.454993 42 1 22 match_stop tr_Get_Book -
1575547301.622196 55 1 22 match_stop tr_Get_Book -
1575547301.694981 45 1 22 match_stop tr_Get_Book -
1575547301.841914 32 1 22 match_stop tr_Get_Book -
1575547302.306943 36 1 22 match_stop tr_Get_Book -
1575547302.487661 67 1 22 match_stop tr_Get_Book -
1575547303.215439 64 1 22 match_stop tr_Get_Book -
1575547303.325357 46 1 22 match_stop tr_Get_Book -
1575547303.703796 38 1 22 match_stop tr_Get_Book -
1575547304.190954 89 1 22 match_stop tr_Get_Book -
1575547304.223754 43 1 22 match_stop tr_Get_Book -
1575547304.225499 51 1 22 match_stop tr_Get_Book -
1575547304.313180 80 1 22 match_stop tr_Get_Book -
1575547304.789063 84 1 22 match_stop tr_Get_Book -
1575547305.054092 76 1 22 match_stop tr_Get_Book -
1575547305.063523 44 1 22 match_stop tr_Get_Book -
1575547305.239463 88 1 22 match_stop tr_Get_Book -
1575547305.743503 86 1 22 match_stop tr_Get_Book -
1575547305.899505 52 1 22 match_stop tr_Get_Book -
1575547305.902010 61 1 22 match_stop tr_Get_Book -
1575547305.904257 72 1 22 match_stop tr_Get_Book -
1575547306.170931 85 1 22 match_stop tr_Get_Book -
1575547306.541466 60 1 22 match_stop tr_Get_Book -
1575547307.377712 53 1 22 match_stop tr_Get_Book -
1575547307.382881 68 1 22 match_stop tr_Get_Book -
1575547308.064404 87 1 22 match_stop tr_Get_Book -
1575547308.815279 90 1 22 match_stop tr_Get_Book -
1575547309.071392 69 1 22 match_stop tr_Get_Book -
1575547309.763304 41 1 22 match_stop tr_Get_Book -
1575547309.776797 62 1 22 match_stop tr_Get_Book -
1575547310.645644 82 1 22 match_stop tr_Get_Book -
1575547310.806818 50 1 22 match_stop tr_Get_Book -
1575547310.978587 75 1 22 match_stop tr_Get_Book -
1575547311.528246 83 1 22 match_stop tr_Get_Book -
1575547311.737137 81 1 22 match_stop tr_Get_Book -
1575547312.638813 77 1 22 match_stop tr_Get_Book -
1575547313.188006 78 1 22 match_stop tr_Get_Book -
1575547314.795285 74 1 22 match_stop tr_Get_Book -
1575547318.598261 73 1 22 match_stop tr_Get_Book -
