# stats: dump at 1575547221
stats: users 24 24
stats: {cpu,"tsung_controller@ip-172-31-21-78"} 1 1.175936958405546 0 1.175936958405546 1.175936958405546 0 0
stats: {load,"tsung_controller@ip-172-31-21-78"} 1 0.0 0 0.0 0.0 0 0
stats: {freemem,"tsung_controller@ip-172-31-21-78"} 1 737.17578125 0 737.17578125 737.17578125 0 0
stats: users_count 24 24
stats: finish_users_count 0 0
stats: request 54 90.23366666666669 45.25272382593855 167.902 5.811 0 0
stats: connect 22 4.060454545454544 9.115292793019833 33.021 0.618 0 0
stats: page 54 90.23366666666669 45.25272382593855 167.902 5.811 0 0
stats: tr_Get_Root 22 94.5039090909091 26.337340674599577 170.777 58.768 0 0
stats: 302 10 10
stats: tr_Redirect_Root 6 99.13333333333334 23.760294629673453 126.624 57.213 0 0
stats: match 44 44
stats: tr_Get_Register 16 40.73318750000001 21.419520163331015 86.846 5.975 0 0
stats: 200 44 44
stats: tr_Post_Register 10 155.9429 13.760068767633392 168.052 124.755 0 0
stats: size_rcv 456242 456242
stats: size_sent 20351 20351
stats: connected 22 22
# stats: dump at 1575547231
stats: users 44 44
stats: {recvpackets,"tsung_controller@ip-172-31-21-78"} 1 651 0 651 651 0 0
stats: {sentpackets,"tsung_controller@ip-172-31-21-78"} 1 347 0 347 347 0 0
stats: {cpu,"tsung_controller@ip-172-31-21-78"} 1 0.6483790523690772 0.0 1.175936958405546 0.6483790523690772 1.175936958405546 1
stats: {load,"tsung_controller@ip-172-31-21-78"} 1 0.0 0.0 0.0 0.0 0.0 1
stats: {freemem,"tsung_controller@ip-172-31-21-78"} 1 730.0625 0.0 737.17578125 730.0625 737.17578125 1
stats: users_count 20 44
stats: finish_users_count 0 0
stats: request 85 84.23054117647061 43.77820255186176 193.285 5.811 90.23366666666669 54
stats: connect 21 1.1680952380952374 1.1796204758820446 33.021 0.618 4.060454545454544 22
stats: page 85 84.23054117647061 43.77820255186176 193.285 5.811 90.23366666666669 54
stats: tr_Get_Root 21 80.59333333333332 15.31513211028738 170.777 56.906 94.5039090909091 22
stats: 302 21 31
stats: tr_Redirect_Root 23 77.16204347826087 18.883995612752546 126.624 47.2 99.13333333333334 6
stats: match 64 108
stats: tr_Get_Register 20 31.89915 15.448876338669423 86.846 5.975 40.73318750000001 16
stats: 200 64 108
stats: tr_Post_Register 21 146.09414285714283 19.990996917149886 193.425 120.645 155.9429 10
stats: size_rcv 711907 1168149
stats: newphase 1 1
stats: size_sent 46082 66433
stats: connected 21 43
# stats: dump at 1575547241
stats: users 89 89
stats: {recvpackets,"tsung_controller@ip-172-31-21-78"} 1 1792.0 0.0 1792 651 651.0 1
stats: {sentpackets,"tsung_controller@ip-172-31-21-78"} 1 1869.0 0.0 1869 347 347.0 1
stats: {cpu,"tsung_controller@ip-172-31-21-78"} 1 1.1988011988011988 0.0 1.1988011988011988 0.6483790523690772 0.9121580053873115 2
stats: {load,"tsung_controller@ip-172-31-21-78"} 1 0.0 0.0 0.0 0.0 0.0 2
stats: {freemem,"tsung_controller@ip-172-31-21-78"} 1 721.19921875 0.0 737.17578125 721.19921875 733.619140625 2
stats: users_count 45 89
stats: finish_users_count 0 0
stats: request 156 73.43598076923074 46.73824444363211 193.285 5.423 86.56269064748204 139
stats: connect 46 1.9654347826086955 5.430721625730919 33.021 0.592 2.6479069767441845 43
stats: page 156 73.43598076923074 46.73824444363211 193.285 5.423 86.56269064748204 139
stats: tr_Get_Root 46 67.63645652173913 15.980663576180627 170.777 46.821 87.71037209302327 43
stats: 302 39 70
stats: tr_Redirect_Root 31 73.51777419354839 19.84910788717602 126.624 47.2 81.7078275862069 29
stats: match 117 225
stats: tr_Get_Register 40 16.887074999999996 16.028755122259962 86.846 5.518 35.82538888888889 36
stats: 200 117 225
stats: tr_Post_Register 39 138.8226923076924 16.30945470508198 193.425 120.645 149.27116129032254 31
stats: size_rcv 1253638 2421787
stats: newphase 0 1
stats: size_sent 77047 143480
stats: connected 46 89
# stats: dump at 1575547251
stats: users 90 90
stats: {recvpackets,"tsung_controller@ip-172-31-21-78"} 1 2469.0 0.0 2469 651 1221.5 2
stats: {sentpackets,"tsung_controller@ip-172-31-21-78"} 1 2480.0 0.0 2480 347 1108.0 2
stats: {cpu,"tsung_controller@ip-172-31-21-78"} 1 1.6483516483516485 0.0 1.6483516483516485 0.6483790523690772 1.007705736525274 3
stats: {load,"tsung_controller@ip-172-31-21-78"} 1 0.0 0.0 0.0 0.0 0.0 3
stats: {freemem,"tsung_controller@ip-172-31-21-78"} 1 707.2421875 0.0 737.17578125 707.2421875 729.4791666666666 3
stats: users_count 1 90
stats: finish_users_count 0 0
stats: request 61 80.62986885245903 49.903410025235104 193.285 5.423 79.62110847457627 295
stats: connect 1 0.773 0.0 33.021 0.592 2.2951685393258416 89
stats: page 61 80.62986885245903 49.903410025235104 193.285 5.423 79.62110847457627 295
stats: tr_Get_Root 1 81.26 0.0 170.777 46.821 77.33508988764045 89
stats: 302 19 89
stats: tr_Redirect_Root 27 72.88903703703703 17.72140983748917 126.624 47.2 77.4763 60
stats: match 42 267
stats: tr_Get_Register 14 13.177714285714286 13.904165796256743 86.846 5.518 25.85785526315789 76
stats: 200 42 267
stats: tr_Post_Register 19 141.81568421052637 14.906409596484718 193.425 120.645 143.44987142857144 70
stats: size_rcv 462493 2884280
stats: newphase 0 1
stats: size_sent 47753 191233
stats: connected 1 90
# stats: dump at 1575547261
stats: users 90 90
stats: {recvpackets,"tsung_controller@ip-172-31-21-78"} 1 402.0 0.0 2469 402 1637.3333333333333 3
stats: {sentpackets,"tsung_controller@ip-172-31-21-78"} 1 190.0 0.0 2480 190 1565.3333333333333 3
stats: {cpu,"tsung_controller@ip-172-31-21-78"} 1 0.0501002004008016 0.0 1.6483516483516485 0.0501002004008016 1.1678672144818676 4
stats: {load,"tsung_controller@ip-172-31-21-78"} 1 0.0 0.0 0.0 0.0 0.0 4
stats: {freemem,"tsung_controller@ip-172-31-21-78"} 1 706.3515625 0.0 737.17578125 706.3515625 723.919921875 4
stats: users_count 0 90
stats: finish_users_count 0 0
stats: request 4 80.253 27.86306651285892 193.285 5.423 79.79395786516855 356
stats: connect 0 0 0 33.021 0.592 2.278255555555554 90
stats: page 4 80.253 27.86306651285892 193.285 5.423 79.79395786516855 356
stats: tr_Get_Root 0 0 0 170.777 46.821 77.37870000000001 90
stats: 302 1 90
stats: tr_Redirect_Root 3 65.27433333333333 10.93289288746985 126.624 47.2 76.05266666666667 87
stats: match 3 270
stats: tr_Get_Register 0 0 0 86.846 5.518 23.885388888888883 90
stats: 200 3 270
stats: tr_Post_Register 1 125.789 0.0 193.425 120.645 143.10100000000003 89
stats: size_rcv 45940 2930220
stats: newphase 0 1
stats: size_sent 5028 196261
stats: connected 0 90
# stats: dump at 1575547271
stats: users 90 90
stats: {recvpackets,"tsung_controller@ip-172-31-21-78"} 1 19.0 0.0 2469 19 1328.5 4
stats: {sentpackets,"tsung_controller@ip-172-31-21-78"} 1 11.0 0.0 2480 11 1221.5 4
stats: {cpu,"tsung_controller@ip-172-31-21-78"} 1 0.10005002501250625 0.0 1.6483516483516485 0.0501002004008016 0.9443138116656543 5
stats: {load,"tsung_controller@ip-172-31-21-78"} 1 0.0 0.0 0.0 0.0 0.0 5
stats: {freemem,"tsung_controller@ip-172-31-21-78"} 1 706.03515625 0.0 737.17578125 706.03515625 720.40625 5
stats: users_count 0 90
stats: finish_users_count 0 0
stats: request 0 0 0 193.285 5.423 79.79905833333335 360
stats: connect 0 0 0 33.021 0.592 2.278255555555554 90
stats: page 0 0 0 193.285 5.423 79.79905833333335 360
stats: tr_Get_Root 0 0 0 170.777 46.821 77.37870000000001 90
stats: 302 0 90
stats: tr_Redirect_Root 0 0 0 126.624 47.2 75.69338888888889 90
stats: match 0 270
stats: tr_Get_Register 0 0 0 86.846 5.518 23.885388888888883 90
stats: 200 0 270
stats: tr_Post_Register 0 0 0 193.425 120.645 142.9086444444445 90
stats: size_rcv 0 2930220
stats: newphase 0 1
stats: size_sent 0 196261
stats: connected 0 90
# stats: dump at 1575547281
stats: users 86 90
stats: {recvpackets,"tsung_controller@ip-172-31-21-78"} 1 0.0 0.0 2469 0 1066.6 5
stats: {sentpackets,"tsung_controller@ip-172-31-21-78"} 1 0.0 0.0 2480 0 979.4 5
stats: {cpu,"tsung_controller@ip-172-31-21-78"} 1 0.0 0.0 1.6483516483516485 0.0 0.8036031805567964 6
stats: {load,"tsung_controller@ip-172-31-21-78"} 1 0.0 0.0 0.0 0.0 0.0 6
stats: {freemem,"tsung_controller@ip-172-31-21-78"} 1 706.16796875 0.0 737.17578125 706.03515625 718.0110677083334 6
stats: session 4 65653.519 1178.177771467873 66910.994 64206.236 0 0
stats: users_count 0 90
stats: finish_users_count 4 4
stats: request 4 60006.29275 8.835302495530405 60021.309 5.423 79.79905833333335 360
stats: connect 0 0 0 33.021 0.592 2.278255555555554 90
stats: page 4 60006.29275 8.835302495530405 60021.309 5.423 79.79905833333335 360
stats: tr_Get_Root 0 0 0 170.777 46.821 77.37870000000001 90
stats: 302 0 90
stats: tr_Redirect_Root 0 0 0 126.624 47.2 75.69338888888889 90
stats: match_stop 4 4
stats: tr_Get_Register 0 0 0 86.846 5.518 23.885388888888883 90
stats: 504 4 4
stats: tr_Post_Register 0 0 0 193.425 120.645 142.9086444444445 90
stats: match 0 270
stats: tr_Get_Book 4 60006.500499999995 8.804183565215542 60021.478 59999.273 0 0
stats: 200 0 270
stats: size_rcv 1316 2931536
stats: newphase 0 1
stats: nomatch 4 4
stats: size_sent 0 196261
stats: connected -4 86
# stats: dump at 1575547291
stats: users 64 90
stats: {recvpackets,"tsung_controller@ip-172-31-21-78"} 1 97.0 0.0 2469 0 888.8333333333334 6
stats: {sentpackets,"tsung_controller@ip-172-31-21-78"} 1 315.0 0.0 2480 0 816.1666666666666 6
stats: {cpu,"tsung_controller@ip-172-31-21-78"} 1 0.5997001499250375 0.0 1.6483516483516485 0.0 0.6888027261915397 7
stats: {load,"tsung_controller@ip-172-31-21-78"} 1 0.0 0.0 0.0 0.0 0.0 7
stats: {freemem,"tsung_controller@ip-172-31-21-78"} 1 705.5078125 0.0 737.17578125 705.5078125 716.3191964285714 7
stats: session 22 67340.25054545453 2775.288200210856 73022.026 63350.207 65653.519 4
stats: users_count 0 90
stats: finish_users_count 22 26
stats: request 20 60016.005699999994 17.366182093654057 60043.349 5.423 738.331956043956 364
stats: connect 0 0 0 33.021 0.592 2.278255555555554 90
stats: page 20 60016.005699999994 17.366182093654057 60043.349 5.423 738.331956043956 364
stats: tr_Get_Root 0 0 0 170.777 46.821 77.37870000000001 90
stats: 302 0 90
stats: tr_Redirect_Root 0 0 0 126.624 47.2 75.69338888888889 90
stats: match_stop 20 24
stats: tr_Get_Register 0 0 0 86.846 5.518 23.885388888888883 90
stats: 504 20 24
stats: tr_Post_Register 0 0 0 193.425 120.645 142.9086444444445 90
stats: match 0 270
stats: tr_Get_Book 20 60016.177299999996 17.36073089792027 60043.505 59999.273 60006.500499999995 4
stats: 200 0 270
stats: size_rcv 6580 2938116
stats: newphase 0 1
stats: nomatch 20 24
stats: size_sent 0 196261
stats: connected -20 66
# stats: dump at 1575547301
stats: users 35 90
stats: {recvpackets,"tsung_controller@ip-172-31-21-78"} 1 362.0 0.0 2469 0 775.7142857142857 7
stats: {sentpackets,"tsung_controller@ip-172-31-21-78"} 1 969.0 0.0 2480 0 744.5714285714286 7
stats: {cpu,"tsung_controller@ip-172-31-21-78"} 1 1.4962593516209477 0.0 1.6483516483516485 0.0 0.6776649041582269 8
stats: {load,"tsung_controller@ip-172-31-21-78"} 1 0.0 0.0 0.0 0.0 0.0 8
stats: {freemem,"tsung_controller@ip-172-31-21-78"} 1 705.08203125 0.0 737.17578125 705.08203125 714.9677734375 8
stats: session 29 67565.38824137932 3398.5773562200693 75576.354 62165.788 67080.75338461537 26
stats: users_count 0 90
stats: finish_users_count 29 55
stats: request 28 60009.586285714286 16.32063461182265 60061.827 5.423 3825.7107968749992 384
stats: connect 0 0 0 33.021 0.592 2.278255555555554 90
stats: page 28 60009.586285714286 16.32063461182265 60061.827 5.423 3825.7107968749992 384
stats: tr_Get_Root 0 0 0 170.777 46.821 77.37870000000001 90
stats: 302 0 90
stats: tr_Redirect_Root 0 0 0 126.624 47.2 75.69338888888889 90
stats: match_stop 28 52
stats: tr_Get_Register 0 0 0 86.846 5.518 23.885388888888883 90
stats: 504 28 52
stats: tr_Post_Register 0 0 0 193.425 120.645 142.9086444444445 90
stats: match 0 270
stats: tr_Get_Book 28 60009.74746428571 16.32848410093386 60062.067 59998.065 60014.5645 24
stats: 200 0 270
stats: size_rcv 9212 2947328
stats: newphase 0 1
stats: nomatch 28 52
stats: size_sent 0 196261
stats: connected -28 38
# stats: dump at 1575547311
stats: users 4 90
stats: {recvpackets,"tsung_controller@ip-172-31-21-78"} 1 554.0 0.0 2469 0 724.0 8
stats: {sentpackets,"tsung_controller@ip-172-31-21-78"} 1 1758.0 0.0 2480 0 772.625 8
stats: {cpu,"tsung_controller@ip-172-31-21-78"} 1 1.6450648055832504 0.0 1.6483516483516485 0.0 0.7686198427651959 9
stats: {load,"tsung_controller@ip-172-31-21-78"} 1 0.0 0.0 0.0 0.0 0.0 9
stats: {freemem,"tsung_controller@ip-172-31-21-78"} 1 704.875 0.0 737.17578125 704.875 713.8693576388889 9
stats: session 31 70074.46287096775 4002.4362935765475 79193.743 62165.788 67336.28812727272 55
stats: users_count 0 90
stats: finish_users_count 31 86
stats: request 33 60007.554696969695 13.536382049833907 60061.827 5.423 7644.0324320388345 412
stats: page 33 60007.554696969695 13.536382049833907 60061.827 5.423 7644.0324320388345 412
stats: connect 0 0 0 33.021 0.592 2.278255555555554 90
stats: tr_Get_Root 0 0 0 170.777 46.821 77.37870000000001 90
stats: 302 0 90
stats: tr_Redirect_Root 0 0 0 126.624 47.2 75.69338888888889 90
stats: match_stop 33 85
stats: tr_Get_Register 0 0 0 86.846 5.518 23.885388888888883 90
stats: 504 33 85
stats: tr_Post_Register 0 0 0 193.425 120.645 142.9086444444445 90
stats: match 0 270
stats: tr_Get_Book 33 60007.71954545455 13.540761092908664 60062.067 59998.065 60011.97071153846 52
stats: 200 0 270
stats: size_rcv 10857 2958185
stats: newphase 0 1
stats: nomatch 33 85
stats: size_sent 0 196261
stats: connected -33 5
# stats: dump at 1575547321
stats: users 0 90
stats: {recvpackets,"tsung_controller@ip-172-31-21-78"} 1 60.0 0.0 2469 0 705.1111111111111 9
stats: {sentpackets,"tsung_controller@ip-172-31-21-78"} 1 87.0 0.0 2480 0 882.1111111111111 9
stats: {cpu,"tsung_controller@ip-172-31-21-78"} 1 0.35000000000000003 0.0 1.6483516483516485 0.0 0.8562643390470013 10
stats: {load,"tsung_controller@ip-172-31-21-78"} 1 0.0 0.0 0.0 0.0 0.0 10
stats: {freemem,"tsung_controller@ip-172-31-21-78"} 1 704.84375 0.0 737.17578125 704.84375 712.969921875 10
stats: session 4 76600.36475000001 2849.069299995642 81069.772 62165.788 68323.30460465117 86
stats: users_count 0 90
stats: finish_users_count 4 90
stats: request 5 60003.90619999999 4.53951708444847 60061.827 5.423 11527.170038202246 445
stats: connect 0 0 0 33.021 0.592 2.278255555555554 90
stats: page 5 60003.90619999999 4.53951708444847 60061.827 5.423 11527.170038202246 445
stats: tr_Get_Root 0 0 0 170.777 46.821 77.37870000000001 90
stats: 302 0 90
stats: tr_Redirect_Root 0 0 0 126.624 47.2 75.69338888888889 90
stats: match_stop 5 90
stats: tr_Get_Register 0 0 0 86.846 5.518 23.885388888888883 90
stats: 504 5 90
stats: tr_Post_Register 0 0 0 193.425 120.645 142.9086444444445 90
stats: match 0 270
stats: tr_Get_Book 5 60004.0764 4.530892300641492 60062.067 59998.065 60010.32025882353 85
stats: 200 0 270
stats: size_rcv 1645 2959830
stats: newphase 0 1
stats: nomatch 5 90
stats: size_sent 0 196261
stats: connected -5 0
# stats: dump at 1575547322
stats: users 0 90
stats: {recvpackets,"tsung_controller@ip-172-31-21-78"} 0 0 0 2469 0 640.6 10
stats: {sentpackets,"tsung_controller@ip-172-31-21-78"} 0 0 0 2480 0 802.6 10
stats: {cpu,"tsung_controller@ip-172-31-21-78"} 0 0 0 1.6483516483516485 0.0 0.8102403082245466 11
stats: {load,"tsung_controller@ip-172-31-21-78"} 0 0 0 0.0 0.0 0.0 11
stats: {freemem,"tsung_controller@ip-172-31-21-78"} 0 0 0 737.17578125 704.84375 712.2311789772727 11
stats: session 0 0 0 81069.772 62165.788 68691.17394444445 90
stats: users_count 0 90
stats: finish_users_count 0 90
stats: request 0 0 0 60061.827 5.423 12065.800439999997 450
stats: connect 0 0 0 33.021 0.592 2.278255555555554 90
stats: page 0 0 0 60061.827 5.423 12065.800439999997 450
stats: tr_Get_Root 0 0 0 170.777 46.821 77.37870000000001 90
stats: 302 0 90
stats: tr_Redirect_Root 0 0 0 126.624 47.2 75.69338888888889 90
stats: match_stop 0 90
stats: tr_Get_Register 0 0 0 86.846 5.518 23.885388888888883 90
stats: 504 0 90
stats: tr_Post_Register 0 0 0 193.425 120.645 142.9086444444445 90
stats: match 0 270
stats: tr_Get_Book 0 0 0 60062.067 59998.065 60009.97337777778 90
stats: 200 0 270
stats: size_rcv 0 2959830
stats: newphase 0 1
stats: nomatch 0 90
stats: size_sent 0 196261
stats: connected 0 0
EndMonitor:{1575,547322,611485}
