
=INFO REPORT==== 5-Dec-2019::12:00:11 ===
    ts_config_server:(5:<0.102.0>) Config server started, logdir is "/home/ec2-user/.tsung/log/20191205-1200"
 
=INFO REPORT==== 5-Dec-2019::12:00:11 ===
              ts_mon:(5:<0.83.0>) starting monitor, global 

=INFO REPORT==== 5-Dec-2019::12:00:11 ===
           ts_config:(5:<0.102.0>) Reading config file: simple.xml

=INFO REPORT==== 5-Dec-2019::12:00:11 ===
           ts_config:(5:<0.102.0>) Session name for id 1 is "Make Post"

=INFO REPORT==== 5-Dec-2019::12:00:11 ===
    ts_config_server:(4:<0.102.0>) SYSINFO:Tsung version: 1.7.0

=INFO REPORT==== 5-Dec-2019::12:00:11 ===
    ts_config_server:(4:<0.102.0>) SYSINFO:Erlang version: Erlang/OTP 20 [erts-9.1] [source] [64-bit] [smp:2:2] [ds:2:2:10] [async-threads:8] [hipe] [kernel-poll:true]


=INFO REPORT==== 5-Dec-2019::12:00:11 ===
    ts_config_server:(4:<0.102.0>) SYSINFO:System architecture x86_64-unknown-linux-gnu

=INFO REPORT==== 5-Dec-2019::12:00:11 ===
    ts_config_server:(4:<0.102.0>) SYSINFO:Current path: /usr/local/lib/tsung/tsung-1.7.0/ebin/tsung.beam

=INFO REPORT==== 5-Dec-2019::12:00:11 ===
              ts_mon:(5:<0.103.0>) Activate clients with text backend

=INFO REPORT==== 5-Dec-2019::12:00:11 ===
              ts_mon:(5:<0.103.0>) Starting tsung clients on hosts: [localhost]

=INFO REPORT==== 5-Dec-2019::12:00:11 ===
    ts_config_server:(5:<0.102.0>) Start a launcher on the controller beam localhost

=INFO REPORT==== 5-Dec-2019::12:00:11 ===
  ts_launcher_static:(5:<0.154.0>) Launch msg receive ("localhost")

=INFO REPORT==== 5-Dec-2019::12:00:11 ===
         ts_launcher:(5:<0.155.0>) Launch msg receive ("localhost")

=INFO REPORT==== 5-Dec-2019::12:00:11 ===
    ts_config_server:(5:<0.102.0>) New arrival phase 1 for client "localhost" (last ? true): will start 30 users

=INFO REPORT==== 5-Dec-2019::12:00:11 ===
    ts_config_server:(5:<0.102.0>) New arrival phase 2 for client "localhost" (last ? true): will start 60 users

=INFO REPORT==== 5-Dec-2019::12:00:11 ===
         ts_launcher:(5:<0.155.0>) Expected duration of first phase: 15.0 sec (30 users) 

=INFO REPORT==== 5-Dec-2019::12:00:11 ===
         ts_launcher:(5:<0.155.0>) Activate launcher (30 users) in 1086 msec 

=INFO REPORT==== 5-Dec-2019::12:00:25 ===
         ts_launcher:(4:<0.155.0>) Need to wait 2.831 sec before changing phase, going to sleep

=INFO REPORT==== 5-Dec-2019::12:00:27 ===
         ts_launcher:(5:<0.155.0>) Waking up

=INFO REPORT==== 5-Dec-2019::12:00:27 ===
         ts_launcher:(5:<0.155.0>) Start a new arrival phase (60 users, 0.004); expected duration=15.0 sec

=INFO REPORT==== 5-Dec-2019::12:00:42 ===
         ts_launcher:(5:<0.155.0>) This was the last phase, wait for connected users to finish their session

=INFO REPORT==== 5-Dec-2019::12:01:18 ===
           ts_client:(5:<0.160.0>) Pending transactions: [{tr_Get_Book,
                                                           -576460745171864144}], compute transaction time

=INFO REPORT==== 5-Dec-2019::12:01:18 ===
           ts_client:(5:<0.163.0>) Pending transactions: [{tr_Get_Book,
                                                           -576460745062907532}], compute transaction time

=INFO REPORT==== 5-Dec-2019::12:01:19 ===
           ts_client:(5:<0.157.0>) Pending transactions: [{tr_Get_Book,
                                                           -576460743254888966}], compute transaction time

=INFO REPORT==== 5-Dec-2019::12:01:20 ===
           ts_client:(5:<0.164.0>) Pending transactions: [{tr_Get_Book,
                                                           -576460742436708339}], compute transaction time

=INFO REPORT==== 5-Dec-2019::12:01:22 ===
           ts_client:(5:<0.169.0>) Pending transactions: [{tr_Get_Book,
                                                           -576460741057892663}], compute transaction time

=INFO REPORT==== 5-Dec-2019::12:01:23 ===
           ts_client:(5:<0.162.0>) Pending transactions: [{tr_Get_Book,
                                                           -576460740080869794}], compute transaction time

=INFO REPORT==== 5-Dec-2019::12:01:23 ===
           ts_client:(5:<0.165.0>) Pending transactions: [{tr_Get_Book,
                                                           -576460739644904359}], compute transaction time

=INFO REPORT==== 5-Dec-2019::12:01:23 ===
           ts_client:(5:<0.167.0>) Pending transactions: [{tr_Get_Book,
                                                           -576460739396063631}], compute transaction time

=INFO REPORT==== 5-Dec-2019::12:01:24 ===
           ts_client:(5:<0.177.0>) Pending transactions: [{tr_Get_Book,
                                                           -576460738971841158}], compute transaction time

=INFO REPORT==== 5-Dec-2019::12:01:24 ===
           ts_client:(5:<0.172.0>) Pending transactions: [{tr_Get_Book,
                                                           -576460738377896887}], compute transaction time

=INFO REPORT==== 5-Dec-2019::12:01:24 ===
           ts_client:(5:<0.180.0>) Pending transactions: [{tr_Get_Book,
                                                           -576460738274885437}], compute transaction time

=INFO REPORT==== 5-Dec-2019::12:01:26 ===
           ts_client:(5:<0.166.0>) Pending transactions: [{tr_Get_Book,
                                                           -576460736681882712}], compute transaction time

=INFO REPORT==== 5-Dec-2019::12:01:26 ===
           ts_client:(5:<0.187.0>) Pending transactions: [{tr_Get_Book,
                                                           -576460736654880467}], compute transaction time

=INFO REPORT==== 5-Dec-2019::12:01:26 ===
           ts_client:(5:<0.170.0>) Pending transactions: [{tr_Get_Book,
                                                           -576460736569817120}], compute transaction time

=INFO REPORT==== 5-Dec-2019::12:01:26 ===
           ts_client:(5:<0.178.0>) Pending transactions: [{tr_Get_Book,
                                                           -576460736603880346}], compute transaction time

=INFO REPORT==== 5-Dec-2019::12:01:26 ===
           ts_client:(5:<0.161.0>) Pending transactions: [{tr_Get_Book,
                                                           -576460736519824022}], compute transaction time

=INFO REPORT==== 5-Dec-2019::12:01:26 ===
           ts_client:(5:<0.174.0>) Pending transactions: [{tr_Get_Book,
                                                           -576460736341822730}], compute transaction time

=INFO REPORT==== 5-Dec-2019::12:01:27 ===
           ts_client:(5:<0.173.0>) Pending transactions: [{tr_Get_Book,
                                                           -576460736126817181}], compute transaction time

=INFO REPORT==== 5-Dec-2019::12:01:27 ===
           ts_client:(5:<0.181.0>) Pending transactions: [{tr_Get_Book,
                                                           -576460735793876050}], compute transaction time

=INFO REPORT==== 5-Dec-2019::12:01:28 ===
           ts_client:(5:<0.176.0>) Pending transactions: [{tr_Get_Book,
                                                           -576460735149799198}], compute transaction time

=INFO REPORT==== 5-Dec-2019::12:01:28 ===
           ts_client:(5:<0.175.0>) Pending transactions: [{tr_Get_Book,
                                                           -576460734875848261}], compute transaction time

=INFO REPORT==== 5-Dec-2019::12:01:28 ===
           ts_client:(5:<0.198.0>) Pending transactions: [{tr_Get_Book,
                                                           -576460734198870407}], compute transaction time

=INFO REPORT==== 5-Dec-2019::12:01:30 ===
           ts_client:(5:<0.179.0>) Pending transactions: [{tr_Get_Book,
                                                           -576460732180881616}], compute transaction time

=INFO REPORT==== 5-Dec-2019::12:01:31 ===
           ts_client:(5:<0.171.0>) Pending transactions: [{tr_Get_Book,
                                                           -576460732082819234}], compute transaction time

=INFO REPORT==== 5-Dec-2019::12:01:31 ===
           ts_client:(5:<0.188.0>) Pending transactions: [{tr_Get_Book,
                                                           -576460731433893002}], compute transaction time

=INFO REPORT==== 5-Dec-2019::12:01:31 ===
           ts_client:(5:<0.199.0>) Pending transactions: [{tr_Get_Book,
                                                           -576460731290880340}], compute transaction time

=INFO REPORT==== 5-Dec-2019::12:01:32 ===
           ts_client:(5:<0.193.0>) Pending transactions: [{tr_Get_Book,
                                                           -576460731116940081}], compute transaction time

=INFO REPORT==== 5-Dec-2019::12:01:33 ===
           ts_client:(5:<0.190.0>) Pending transactions: [{tr_Get_Book,
                                                           -576460730154876518}], compute transaction time

=INFO REPORT==== 5-Dec-2019::12:01:33 ===
           ts_client:(5:<0.168.0>) Pending transactions: [{tr_Get_Book,
                                                           -576460729867925768}], compute transaction time

=INFO REPORT==== 5-Dec-2019::12:01:33 ===
           ts_client:(5:<0.182.0>) Pending transactions: [{tr_Get_Book,
                                                           -576460729396838041}], compute transaction time

=INFO REPORT==== 5-Dec-2019::12:01:34 ===
           ts_client:(5:<0.206.0>) Pending transactions: [{tr_Get_Book,
                                                           -576460728420893505}], compute transaction time

=INFO REPORT==== 5-Dec-2019::12:01:35 ===
           ts_client:(5:<0.209.0>) Pending transactions: [{tr_Get_Book,
                                                           -576460727934929011}], compute transaction time

=INFO REPORT==== 5-Dec-2019::12:01:35 ===
           ts_client:(5:<0.186.0>) Pending transactions: [{tr_Get_Book,
                                                           -576460727651878122}], compute transaction time

=INFO REPORT==== 5-Dec-2019::12:01:37 ===
           ts_client:(5:<0.231.0>) Pending transactions: [{tr_Get_Book,
                                                           -576460725430923047}], compute transaction time

=INFO REPORT==== 5-Dec-2019::12:01:37 ===
           ts_client:(5:<0.202.0>) Pending transactions: [{tr_Get_Book,
                                                           -576460725310914878}], compute transaction time

=INFO REPORT==== 5-Dec-2019::12:01:38 ===
           ts_client:(5:<0.236.0>) Pending transactions: [{tr_Get_Book,
                                                           -576460724995869719}], compute transaction time

=INFO REPORT==== 5-Dec-2019::12:01:38 ===
           ts_client:(5:<0.237.0>) Pending transactions: [{tr_Get_Book,
                                                           -576460724295875321}], compute transaction time

=INFO REPORT==== 5-Dec-2019::12:01:39 ===
           ts_client:(5:<0.224.0>) Pending transactions: [{tr_Get_Book,
                                                           -576460723937852951}], compute transaction time

=INFO REPORT==== 5-Dec-2019::12:01:39 ===
           ts_client:(5:<0.245.0>) Pending transactions: [{tr_Get_Book,
                                                           -576460723411890221}], compute transaction time

=INFO REPORT==== 5-Dec-2019::12:01:39 ===
           ts_client:(5:<0.203.0>) Pending transactions: [{tr_Get_Book,
                                                           -576460723386931086}], compute transaction time

=INFO REPORT==== 5-Dec-2019::12:01:39 ===
           ts_client:(5:<0.210.0>) Pending transactions: [{tr_Get_Book,
                                                           -576460723371423466}], compute transaction time

=INFO REPORT==== 5-Dec-2019::12:01:39 ===
           ts_client:(5:<0.223.0>) Pending transactions: [{tr_Get_Book,
                                                           -576460723322280113}], compute transaction time

=INFO REPORT==== 5-Dec-2019::12:01:39 ===
           ts_client:(5:<0.221.0>) Pending transactions: [{tr_Get_Book,
                                                           -576460723232912320}], compute transaction time

=INFO REPORT==== 5-Dec-2019::12:01:40 ===
           ts_client:(5:<0.239.0>) Pending transactions: [{tr_Get_Book,
                                                           -576460722722921508}], compute transaction time

=INFO REPORT==== 5-Dec-2019::12:01:40 ===
           ts_client:(5:<0.243.0>) Pending transactions: [{tr_Get_Book,
                                                           -576460722403884004}], compute transaction time

=INFO REPORT==== 5-Dec-2019::12:01:40 ===
           ts_client:(5:<0.204.0>) Pending transactions: [{tr_Get_Book,
                                                           -576460722386895107}], compute transaction time

=INFO REPORT==== 5-Dec-2019::12:01:40 ===
           ts_client:(5:<0.250.0>) Pending transactions: [{tr_Get_Book,
                                                           -576460722388884472}], compute transaction time

=INFO REPORT==== 5-Dec-2019::12:01:40 ===
           ts_client:(5:<0.234.0>) Pending transactions: [{tr_Get_Book,
                                                           -576460722299902677}], compute transaction time

=INFO REPORT==== 5-Dec-2019::12:01:40 ===
           ts_client:(5:<0.251.0>) Pending transactions: [{tr_Get_Book,
                                                           -576460722266533055}], compute transaction time

=INFO REPORT==== 5-Dec-2019::12:01:41 ===
           ts_client:(5:<0.260.0>) Pending transactions: [{tr_Get_Book,
                                                           -576460721849914100}], compute transaction time

=INFO REPORT==== 5-Dec-2019::12:01:41 ===
           ts_client:(5:<0.246.0>) Pending transactions: [{tr_Get_Book,
                                                           -576460721722962024}], compute transaction time

=INFO REPORT==== 5-Dec-2019::12:01:41 ===
           ts_client:(5:<0.212.0>) Pending transactions: [{tr_Get_Book,
                                                           -576460721710946559}], compute transaction time

=INFO REPORT==== 5-Dec-2019::12:01:41 ===
           ts_client:(5:<0.233.0>) Pending transactions: [{tr_Get_Book,
                                                           -576460721535862459}], compute transaction time

=INFO REPORT==== 5-Dec-2019::12:01:41 ===
           ts_client:(5:<0.219.0>) Pending transactions: [{tr_Get_Book,
                                                           -576460721466910597}], compute transaction time

=INFO REPORT==== 5-Dec-2019::12:01:41 ===
           ts_client:(5:<0.201.0>) Pending transactions: [{tr_Get_Book,
                                                           -576460721315809141}], compute transaction time

=INFO REPORT==== 5-Dec-2019::12:01:42 ===
           ts_client:(5:<0.205.0>) Pending transactions: [{tr_Get_Book,
                                                           -576460720853887485}], compute transaction time

=INFO REPORT==== 5-Dec-2019::12:01:42 ===
           ts_client:(5:<0.247.0>) Pending transactions: [{tr_Get_Book,
                                                           -576460720685615346}], compute transaction time

=INFO REPORT==== 5-Dec-2019::12:01:43 ===
           ts_client:(5:<0.244.0>) Pending transactions: [{tr_Get_Book,
                                                           -576460719999880576}], compute transaction time

=INFO REPORT==== 5-Dec-2019::12:01:43 ===
           ts_client:(5:<0.220.0>) Pending transactions: [{tr_Get_Book,
                                                           -576460719831884584}], compute transaction time

=INFO REPORT==== 5-Dec-2019::12:01:43 ===
           ts_client:(5:<0.208.0>) Pending transactions: [{tr_Get_Book,
                                                           -576460719470906822}], compute transaction time

=INFO REPORT==== 5-Dec-2019::12:01:44 ===
           ts_client:(5:<0.272.0>) Pending transactions: [{tr_Get_Book,
                                                           -576460718967889311}], compute transaction time

=INFO REPORT==== 5-Dec-2019::12:01:44 ===
           ts_client:(5:<0.213.0>) Pending transactions: [{tr_Get_Book,
                                                           -576460718932921209}], compute transaction time

=INFO REPORT==== 5-Dec-2019::12:01:44 ===
           ts_client:(5:<0.228.0>) Pending transactions: [{tr_Get_Book,
                                                           -576460718932938032}], compute transaction time

=INFO REPORT==== 5-Dec-2019::12:01:44 ===
           ts_client:(5:<0.261.0>) Pending transactions: [{tr_Get_Book,
                                                           -576460718844873976}], compute transaction time

=INFO REPORT==== 5-Dec-2019::12:01:44 ===
           ts_client:(5:<0.266.0>) Pending transactions: [{tr_Get_Book,
                                                           -576460718368878990}], compute transaction time

=INFO REPORT==== 5-Dec-2019::12:01:45 ===
           ts_client:(5:<0.257.0>) Pending transactions: [{tr_Get_Book,
                                                           -576460718103823180}], compute transaction time

=INFO REPORT==== 5-Dec-2019::12:01:45 ===
           ts_client:(5:<0.216.0>) Pending transactions: [{tr_Get_Book,
                                                           -576460718151814950}], compute transaction time

=INFO REPORT==== 5-Dec-2019::12:01:45 ===
           ts_client:(5:<0.271.0>) Pending transactions: [{tr_Get_Book,
                                                           -576460717922890649}], compute transaction time

=INFO REPORT==== 5-Dec-2019::12:01:45 ===
           ts_client:(5:<0.269.0>) Pending transactions: [{tr_Get_Book,
                                                           -576460717416939362}], compute transaction time

=INFO REPORT==== 5-Dec-2019::12:01:45 ===
           ts_client:(5:<0.229.0>) Pending transactions: [{tr_Get_Book,
                                                           -576460717260951835}], compute transaction time

=INFO REPORT==== 5-Dec-2019::12:01:45 ===
           ts_client:(5:<0.241.0>) Pending transactions: [{tr_Get_Book,
                                                           -576460717261910485}], compute transaction time

=INFO REPORT==== 5-Dec-2019::12:01:45 ===
           ts_client:(5:<0.252.0>) Pending transactions: [{tr_Get_Book,
                                                           -576460717254938253}], compute transaction time

=INFO REPORT==== 5-Dec-2019::12:01:46 ===
           ts_client:(5:<0.268.0>) Pending transactions: [{tr_Get_Book,
                                                           -576460716993836347}], compute transaction time

=INFO REPORT==== 5-Dec-2019::12:01:46 ===
           ts_client:(5:<0.240.0>) Pending transactions: [{tr_Get_Book,
                                                           -576460716618819846}], compute transaction time

=INFO REPORT==== 5-Dec-2019::12:01:47 ===
           ts_client:(5:<0.230.0>) Pending transactions: [{tr_Get_Book,
                                                           -576460715790878273}], compute transaction time

=INFO REPORT==== 5-Dec-2019::12:01:47 ===
           ts_client:(5:<0.248.0>) Pending transactions: [{tr_Get_Book,
                                                           -576460715777825940}], compute transaction time

=INFO REPORT==== 5-Dec-2019::12:01:48 ===
           ts_client:(5:<0.270.0>) Pending transactions: [{tr_Get_Book,
                                                           -576460715094882346}], compute transaction time

=INFO REPORT==== 5-Dec-2019::12:01:48 ===
           ts_client:(5:<0.275.0>) Pending transactions: [{tr_Get_Book,
                                                           -576460714346800119}], compute transaction time

=INFO REPORT==== 5-Dec-2019::12:01:49 ===
           ts_client:(5:<0.249.0>) Pending transactions: [{tr_Get_Book,
                                                           -576460714092813255}], compute transaction time

=INFO REPORT==== 5-Dec-2019::12:01:49 ===
           ts_client:(5:<0.211.0>) Pending transactions: [{tr_Get_Book,
                                                           -576460713408877611}], compute transaction time

=INFO REPORT==== 5-Dec-2019::12:01:49 ===
           ts_client:(5:<0.242.0>) Pending transactions: [{tr_Get_Book,
                                                           -576460713385859550}], compute transaction time

=INFO REPORT==== 5-Dec-2019::12:01:50 ===
           ts_client:(5:<0.264.0>) Pending transactions: [{tr_Get_Book,
                                                           -576460712514843806}], compute transaction time

=INFO REPORT==== 5-Dec-2019::12:01:50 ===
           ts_client:(5:<0.226.0>) Pending transactions: [{tr_Get_Book,
                                                           -576460712354872297}], compute transaction time

=INFO REPORT==== 5-Dec-2019::12:01:50 ===
           ts_client:(5:<0.256.0>) Pending transactions: [{tr_Get_Book,
                                                           -576460712181891349}], compute transaction time

=INFO REPORT==== 5-Dec-2019::12:01:51 ===
           ts_client:(5:<0.265.0>) Pending transactions: [{tr_Get_Book,
                                                           -576460711629897566}], compute transaction time

=INFO REPORT==== 5-Dec-2019::12:01:51 ===
           ts_client:(5:<0.263.0>) Pending transactions: [{tr_Get_Book,
                                                           -576460711420820954}], compute transaction time

=INFO REPORT==== 5-Dec-2019::12:01:52 ===
           ts_client:(5:<0.258.0>) Pending transactions: [{tr_Get_Book,
                                                           -576460710522878544}], compute transaction time

=INFO REPORT==== 5-Dec-2019::12:01:53 ===
           ts_client:(5:<0.259.0>) Pending transactions: [{tr_Get_Book,
                                                           -576460709967819026}], compute transaction time

=INFO REPORT==== 5-Dec-2019::12:01:54 ===
           ts_client:(5:<0.255.0>) Pending transactions: [{tr_Get_Book,
                                                           -576460708373806048}], compute transaction time

=INFO REPORT==== 5-Dec-2019::12:01:58 ===
           ts_client:(5:<0.254.0>) Pending transactions: [{tr_Get_Book,
                                                           -576460704563857575}], compute transaction time

=INFO REPORT==== 5-Dec-2019::12:02:02 ===
     ts_launcher_mgr:(5:<0.149.0>) No more active users 'tsung_controller@ip-172-31-21-78' "2341"
