
=INFO REPORT==== 6-Dec-2019::12:13:18 ===
    ts_config_server:(5:<0.102.0>) Config server started, logdir is "/home/ec2-user/.tsung/log/20191206-1213"
 
=INFO REPORT==== 6-Dec-2019::12:13:18 ===
              ts_mon:(5:<0.83.0>) starting monitor, global 

=INFO REPORT==== 6-Dec-2019::12:13:18 ===
           ts_config:(5:<0.102.0>) Reading config file: no-abort.xml

=INFO REPORT==== 6-Dec-2019::12:13:18 ===
           ts_config:(5:<0.102.0>) Session name for id 1 is "Register-Logout-Login"

=INFO REPORT==== 6-Dec-2019::12:13:18 ===
           ts_config:(5:<0.102.0>) Session name for id 2 is "Create-Book"

=INFO REPORT==== 6-Dec-2019::12:13:18 ===
           ts_config:(5:<0.102.0>) Session name for id 3 is "Create-Post"

=INFO REPORT==== 6-Dec-2019::12:13:18 ===
           ts_config:(5:<0.102.0>) Session name for id 4 is "Add_Comment"

=INFO REPORT==== 6-Dec-2019::12:13:18 ===
           ts_config:(5:<0.102.0>) Session name for id 5 is "Send-Message"

=INFO REPORT==== 6-Dec-2019::12:13:18 ===
    ts_config_server:(4:<0.102.0>) SYSINFO:Tsung version: 1.7.0

=INFO REPORT==== 6-Dec-2019::12:13:18 ===
    ts_config_server:(4:<0.102.0>) SYSINFO:Erlang version: Erlang/OTP 20 [erts-9.1] [source] [64-bit] [smp:2:2] [ds:2:2:10] [async-threads:8] [hipe] [kernel-poll:true]


=INFO REPORT==== 6-Dec-2019::12:13:18 ===
    ts_config_server:(4:<0.102.0>) SYSINFO:System architecture x86_64-unknown-linux-gnu

=INFO REPORT==== 6-Dec-2019::12:13:18 ===
    ts_config_server:(4:<0.102.0>) SYSINFO:Current path: /usr/local/lib/tsung/tsung-1.7.0/ebin/tsung.beam

=INFO REPORT==== 6-Dec-2019::12:13:18 ===
              ts_mon:(5:<0.103.0>) Activate clients with text backend

=INFO REPORT==== 6-Dec-2019::12:13:18 ===
              ts_mon:(5:<0.103.0>) Starting tsung clients on hosts: [localhost]

=INFO REPORT==== 6-Dec-2019::12:13:18 ===
    ts_config_server:(5:<0.102.0>) Start a launcher on the controller beam localhost

=INFO REPORT==== 6-Dec-2019::12:13:18 ===
  ts_launcher_static:(5:<0.154.0>) Launch msg receive ("localhost")

=INFO REPORT==== 6-Dec-2019::12:13:18 ===
         ts_launcher:(5:<0.155.0>) Launch msg receive ("localhost")

=INFO REPORT==== 6-Dec-2019::12:13:18 ===
    ts_config_server:(5:<0.102.0>) New arrival phase 1 for client "localhost" (last ? true): will start 30 users

=INFO REPORT==== 6-Dec-2019::12:13:18 ===
    ts_config_server:(5:<0.102.0>) New arrival phase 2 for client "localhost" (last ? true): will start 60 users

=INFO REPORT==== 6-Dec-2019::12:13:18 ===
         ts_launcher:(5:<0.155.0>) Expected duration of first phase: 15.0 sec (30 users) 

=INFO REPORT==== 6-Dec-2019::12:13:18 ===
         ts_launcher:(5:<0.155.0>) Activate launcher (30 users) in 1524 msec 

=INFO REPORT==== 6-Dec-2019::12:13:36 ===
         ts_launcher:(5:<0.155.0>) Phase duration exceeded, but not all users were launched (7 users, 23.3% of phase)

=INFO REPORT==== 6-Dec-2019::12:13:36 ===
         ts_launcher:(5:<0.155.0>) Wait for all sessions to finish before starting next phase (still 21 sessions active)
=INFO REPORT==== 6-Dec-2019::12:13:41 ===
         ts_launcher:(5:<0.155.0>) Wait for all sessions to finish before starting next phase (still 21 sessions active)
=INFO REPORT==== 6-Dec-2019::12:13:46 ===
         ts_launcher:(5:<0.155.0>) Wait for all sessions to finish before starting next phase (still 20 sessions active)
=INFO REPORT==== 6-Dec-2019::12:13:51 ===
         ts_launcher:(5:<0.155.0>) Wait for all sessions to finish before starting next phase (still 15 sessions active)
=INFO REPORT==== 6-Dec-2019::12:13:56 ===
         ts_launcher:(5:<0.155.0>) Wait for all sessions to finish before starting next phase (still 13 sessions active)
=INFO REPORT==== 6-Dec-2019::12:14:01 ===
         ts_launcher:(5:<0.155.0>) Wait for all sessions to finish before starting next phase (still 11 sessions active)
=INFO REPORT==== 6-Dec-2019::12:14:06 ===
         ts_launcher:(5:<0.155.0>) Wait for all sessions to finish before starting next phase (still 10 sessions active)
=INFO REPORT==== 6-Dec-2019::12:14:11 ===
         ts_launcher:(5:<0.155.0>) Wait for all sessions to finish before starting next phase (still 10 sessions active)
=INFO REPORT==== 6-Dec-2019::12:14:16 ===
         ts_launcher:(5:<0.155.0>) Wait for all sessions to finish before starting next phase (still 8 sessions active)
=INFO REPORT==== 6-Dec-2019::12:14:21 ===
         ts_launcher:(5:<0.155.0>) Wait for all sessions to finish before starting next phase (still 8 sessions active)
=INFO REPORT==== 6-Dec-2019::12:14:26 ===
         ts_launcher:(5:<0.155.0>) Wait for all sessions to finish before starting next phase (still 6 sessions active)
=INFO REPORT==== 6-Dec-2019::12:14:31 ===
         ts_launcher:(5:<0.155.0>) Wait for all sessions to finish before starting next phase (still 5 sessions active)
=INFO REPORT==== 6-Dec-2019::12:14:36 ===
         ts_launcher:(5:<0.155.0>) Wait for all sessions to finish before starting next phase (still 4 sessions active)
=INFO REPORT==== 6-Dec-2019::12:14:41 ===
         ts_launcher:(5:<0.155.0>) Wait for all sessions to finish before starting next phase (still 4 sessions active)
=INFO REPORT==== 6-Dec-2019::12:14:46 ===
         ts_launcher:(5:<0.155.0>) Wait for all sessions to finish before starting next phase (still 1 sessions active)
=INFO REPORT==== 6-Dec-2019::12:14:51 ===
         ts_launcher:(5:<0.155.0>) Wait for all sessions to finish before starting next phase (still 1 sessions active)
=INFO REPORT==== 6-Dec-2019::12:14:56 ===
         ts_launcher:(5:<0.155.0>) Start a new arrival phase (60 users, 0.004); expected duration=15.0 sec

=INFO REPORT==== 6-Dec-2019::12:15:09 ===
         ts_launcher:(5:<0.155.0>) This was the last phase, wait for connected users to finish their session

=INFO REPORT==== 6-Dec-2019::12:17:39 ===
     ts_launcher_mgr:(5:<0.149.0>) No more active users 'tsung_controller@ip-172-31-25-135' "2341"
