# stats: dump at 1575634408
stats: users 14 14
stats: {freemem,"tsung_controller@ip-172-31-25-135"} 1 731.8671875 0 731.8671875 731.8671875 0 0
stats: {load,"tsung_controller@ip-172-31-25-135"} 1 0.0 0 0.0 0.0 0 0
stats: {cpu,"tsung_controller@ip-172-31-25-135"} 1 1.4396786117984908 0 1.4396786117984908 1.4396786117984908 0 0
stats: users_count 14 14
stats: finish_users_count 0 0
stats: request 40 92.66785 79.41240123763731 279.747 4.258 0 0
stats: connect 14 4.336499999999999 10.401454766041141 40.492 0.663 0 0
stats: page 40 92.66785 79.41240123763731 279.747 4.258 0 0
stats: tr_Initial_Get_Root 8 151.24175 20.3601114544469 181.307 111.911 0 0
stats: 302 13 13
stats: tr_Get_Root 3 158.32 93.56666355420967 279.827 52.189 0 0
stats: 200 27 27
stats: tr_Redirect_Root 3 160.83466666666666 7.906226463293912 171.93 154.09 0 0
stats: size_rcv 240710 240710
stats: tr_Authenticate_User 4 2302.94625 670.4348185436727 2813.023 1164.123 0 0
stats: size_sent 17906 17906
stats: tr_Get_New_Book 1 17.34 0 17.34 17.34 0 0
stats: connected 14 14
# stats: dump at 1575634418
stats: users 21 22
stats: {freemem,"tsung_controller@ip-172-31-25-135"} 1 733.1171875 0.0 733.1171875 731.8671875 731.8671875 1
stats: {load,"tsung_controller@ip-172-31-25-135"} 1 0.0 0.0 0.0 0.0 0.0 1
stats: {recvpackets,"tsung_controller@ip-172-31-25-135"} 1 354 0 354 354 0 0
stats: {sentpackets,"tsung_controller@ip-172-31-25-135"} 1 203 0 203 203 0 0
stats: {cpu,"tsung_controller@ip-172-31-25-135"} 1 0.44932601098352476 0.0 1.4396786117984908 0.44932601098352476 1.4396786117984908 1
stats: session 2 11794.439 1561.5869999999995 13356.026 10232.852 0 0
stats: users_count 9 23
stats: finish_users_count 2 2
stats: request 80 238.9138499999999 643.7177426433714 4736.87 3.975 92.66785 40
stats: connect 9 3.131555555555556 5.983743702011144 40.492 0.663 4.336499999999999 14
stats: page 80 238.9138499999999 643.7177426433714 4736.87 3.975 92.66785 40
stats: tr_Initial_Get_Root 4 250.16875000000002 52.72726995765569 303.061 111.911 151.24175 8
stats: 302 34 47
stats: tr_Get_Root 2 184.53050000000002 4.178500000000007 279.827 52.189 158.32 3
stats: 200 46 73
stats: tr_Redirect_Root 14 231.06192857142858 77.9986032049515 442.933 154.09 160.83466666666666 3
stats: size_rcv 468755 709465
stats: tr_Post_New_Comment_On_Post 2 36.403 9.512999999999998 45.916 26.89 0 0
stats: size_sent 46653 64559
stats: tr_Get_Post 2 4062.6345 679.7505000000001 4742.385 3382.884 0 0
stats: connected 7 21
stats: tr_Get_Conversations 5 33.516999999999996 20.704111601322094 62.786 14.667 0 0
stats: tr_Authenticate_User 16 3433.7880000000005 2110.4849104152577 9437.543 568.863 2302.94625 4
stats: tr_Get_New_Conversation 4 728.1395 61.77406922609196 803.694 632.16 0 0
stats: tr_Post_New_Conversation 1 268.644 0 268.644 268.644 0 0
stats: tr_Get_New_Book 2 12.960999999999999 1.7799999999999998 17.34 11.181 17.34 1
stats: tr_Post_New_Book 2 31.7035 15.9365 47.64 15.767 0 0
stats: tr_Redirect_To_New_Book 2 20.5075 3.4405 23.948 17.067 0 0
# stats: dump at 1575634428
stats: users 17 22
stats: {freemem,"tsung_controller@ip-172-31-25-135"} 1 726.12109375 0.0 733.1171875 726.12109375 732.4921875 2
stats: {load,"tsung_controller@ip-172-31-25-135"} 1 0.0 0.0 0.0 0.0 0.0 2
stats: {recvpackets,"tsung_controller@ip-172-31-25-135"} 1 536.0 0.0 536 354 354.0 1
stats: {sentpackets,"tsung_controller@ip-172-31-25-135"} 1 260.0 0.0 260 203 203.0 1
stats: {cpu,"tsung_controller@ip-172-31-25-135"} 1 0.4995004995004995 0.0 1.4396786117984908 0.44932601098352476 0.9445023113910078 2
stats: session 4 18849.118499999997 4690.4728446410645 24236.318 10232.852 11794.439 2
stats: users_count 0 23
stats: finish_users_count 4 6
stats: request 35 886.658142857143 2523.7466945517917 10405.498 3.975 190.16518333333326 120
stats: connect 0 0 0 40.492 0.663 3.8649999999999993 23
stats: page 33 940.4045151515152 2589.5235076541053 10405.498 3.975 190.16518333333326 120
stats: tr_Initial_Get_Root 0 0 0 303.061 111.911 184.21741666666665 12
stats: 302 15 62
stats: tr_Get_Root 0 0 0 279.827 52.189 168.80419999999998 5
stats: 200 20 93
stats: tr_Redirect_Root 6 279.05383333333333 59.86485312049876 442.933 154.09 218.66888235294118 17
stats: size_rcv 259861 969326
stats: tr_Post_New_Comment_On_Post 1 38.267 0.0 45.916 26.89 36.403 2
stats: size_sent 21896 86455
stats: tr_Get_Post 1 9746.669 0.0 9746.669 3382.884 4062.6345 2
stats: connected -4 17
stats: tr_Redirect_To_Post 2 8598.9115 1812.3645 10411.276 6786.547 0 0
stats: tr_Post_New_Comment_On_Comment 1 38.812 0 38.812 38.812 0 0
stats: tr_Get_Conversations 0 0 0 62.786 14.667 33.516999999999996 5
stats: tr_Authenticate_User 3 7103.947 1221.1358990131553 9437.543 568.863 3207.6196500000005 20
stats: tr_Get_New_Conversation 1 890.186 0.0 890.186 632.16 728.1395 4
stats: tr_Post_New_Conversation 4 76.7095 13.236307765007583 268.644 59.089 268.644 1
stats: tr_Redirect_To_New_Conversation 3 75.86 7.900034725662074 81.929 64.702 0 0
stats: tr_Reply_To_Conversation 2 123.01400000000001 22.540000000000003 145.554 100.474 0 0
stats: tr_Redirect_To_Same_Conversation 2 59.47 6.817999999999998 66.288 52.652 0 0
stats: tr_Get_New_Book 3 50.38166666666666 47.14150303312594 116.952 11.181 14.420666666666667 3
stats: tr_Post_New_Book 3 66.06400000000001 61.48780026964699 153.02 15.767 31.7035 2
stats: tr_Redirect_To_New_Book 2 21.3535 1.8964999999999996 23.948 17.067 20.5075 2
# stats: dump at 1575634438
stats: users 13 22
stats: {freemem,"tsung_controller@ip-172-31-25-135"} 1 726.06640625 0.0 733.1171875 726.06640625 730.3684895833334 3
stats: {load,"tsung_controller@ip-172-31-25-135"} 1 0.0 0.0 0.0 0.0 0.0 3
stats: {recvpackets,"tsung_controller@ip-172-31-25-135"} 1 236.0 0.0 536 236 445.0 2
stats: {sentpackets,"tsung_controller@ip-172-31-25-135"} 1 104.0 0.0 260 104 231.5 2
stats: {cpu,"tsung_controller@ip-172-31-25-135"} 1 0.5976095617529881 0.0 1.4396786117984908 0.44932601098352476 0.7961683740941717 3
stats: session 4 26673.07125 2840.9789896373204 31051.83 10232.852 16497.558666666664 6
stats: users_count 0 23
stats: finish_users_count 4 10
stats: request 15 2466.4052666666666 4798.681118826567 13043.712 3.975 347.43778709677423 155
stats: connect 0 0 0 40.492 0.663 3.8649999999999993 23
stats: page 13 2845.8743846153843 5048.980071729332 13043.712 3.975 351.98150980392154 153
stats: tr_Initial_Get_Root 0 0 0 303.061 111.911 184.21741666666665 12
stats: 302 7 69
stats: tr_Get_Root 0 0 0 279.827 52.189 168.80419999999998 5
stats: 200 8 101
stats: tr_Redirect_Root 0 0 0 442.933 154.09 234.42147826086955 23
stats: size_rcv 142510 1111836
stats: tr_Post_New_Comment_On_Post 3 39.971333333333334 10.138096117560188 53.968 26.89 37.02433333333334 3
stats: size_sent 9980 96435
stats: tr_Get_Post 3 12043.991666666667 772.548878179382 13049.274 3382.884 5957.312666666668 3
stats: connected -4 13
stats: tr_Redirect_To_Post 0 0 0 10411.276 6786.547 8598.9115 2
stats: tr_Post_New_Comment_On_Comment 1 41.284 0.0 41.284 38.812 38.812 1
stats: tr_Get_Conversations 0 0 0 62.786 14.667 33.516999999999996 5
stats: tr_Authenticate_User 0 0 0 9437.543 568.863 3715.8362608695656 23
stats: tr_Get_New_Conversation 0 0 0 890.186 632.16 760.5488 5
stats: tr_Post_New_Conversation 0 0 0 268.644 59.089 115.09639999999999 5
stats: tr_Redirect_To_New_Conversation 1 94.394 0.0 94.394 64.702 75.86 3
stats: tr_Reply_To_Conversation 2 111.9195 16.7945 145.554 95.125 123.01400000000001 2
stats: tr_Redirect_To_Same_Conversation 2 62.063500000000005 5.613500000000002 67.677 52.652 59.47 2
stats: tr_Get_New_Book 0 0 0 116.952 11.181 32.40116666666666 6
stats: tr_Post_New_Book 1 22.143 0.0 153.02 15.767 52.3198 5
stats: tr_Redirect_To_New_Book 2 128.746 112.14099999999999 240.887 16.605 20.930500000000002 4
# stats: dump at 1575634448
stats: users 10 22
stats: {freemem,"tsung_controller@ip-172-31-25-135"} 1 724.3828125 0.0 733.1171875 724.3828125 729.29296875 4
stats: {load,"tsung_controller@ip-172-31-25-135"} 1 0.0 0.0 0.0 0.0 0.0 4
stats: {recvpackets,"tsung_controller@ip-172-31-25-135"} 1 172.0 0.0 536 172 375.3333333333333 3
stats: {sentpackets,"tsung_controller@ip-172-31-25-135"} 1 58.0 0.0 260 58 189.0 3
stats: {cpu,"tsung_controller@ip-172-31-25-135"} 1 0.4495504495504496 0.0 1.4396786117984908 0.44932601098352476 0.7465286710088758 4
stats: session 3 36028.71600000001 4566.638233279923 42039.877 10232.852 20567.7637 10
stats: users_count 0 23
stats: finish_users_count 3 13
stats: request 11 6001.256545454546 6514.877402674748 14025.681 3.975 534.4055058823529 170
stats: connect 0 0 0 40.492 0.663 3.8649999999999993 23
stats: page 10 6601.395600000001 6536.622984220861 14025.681 3.975 547.2863734939759 166
stats: tr_Initial_Get_Root 0 0 0 303.061 111.911 184.21741666666665 12
stats: 302 4 73
stats: tr_Get_Root 0 0 0 279.827 52.189 168.80419999999998 5
stats: 200 7 108
stats: tr_Redirect_Root 0 0 0 442.933 154.09 234.42147826086955 23
stats: size_rcv 228624 1340460
stats: tr_Post_New_Comment_On_Post 0 0 0 53.968 26.89 38.49783333333334 6
stats: size_sent 4707 101142
stats: tr_Get_Post 0 0 0 13049.274 3382.884 9000.652166666667 6
stats: connected -3 10
stats: tr_Redirect_To_Post 5 13134.387399999998 483.1487572922453 14025.832 6786.547 8598.9115 2
stats: tr_Post_New_Comment_On_Comment 3 41.34433333333333 3.323841786581037 45.784 37.787 40.048 2
stats: tr_Get_Conversations 0 0 0 62.786 14.667 33.516999999999996 5
stats: tr_Authenticate_User 0 0 0 9437.543 568.863 3715.8362608695656 23
stats: tr_Get_New_Conversation 0 0 0 890.186 632.16 760.5488 5
stats: tr_Post_New_Conversation 0 0 0 268.644 59.089 115.09639999999999 5
stats: tr_Redirect_To_New_Conversation 1 83.374 0.0 94.394 64.702 80.4935 4
stats: tr_Reply_To_Conversation 1 94.552 0.0 145.554 94.552 117.46675 4
stats: tr_Redirect_To_Same_Conversation 1 67.953 0.0 67.953 52.652 60.76675 4
stats: tr_Get_New_Book 0 0 0 116.952 11.181 32.40116666666666 6
stats: tr_Post_New_Book 0 0 0 153.02 15.767 47.29033333333333 6
stats: tr_Redirect_To_New_Book 0 0 0 240.887 16.605 56.86900000000001 6
# stats: dump at 1575634458
stats: users 8 22
stats: {freemem,"tsung_controller@ip-172-31-25-135"} 1 723.55078125 0.0 733.1171875 723.55078125 728.3109375 5
stats: {load,"tsung_controller@ip-172-31-25-135"} 1 0.0 0.0 0.0 0.0 0.0 5
stats: {recvpackets,"tsung_controller@ip-172-31-25-135"} 1 185.0 0.0 536 172 324.5 4
stats: {sentpackets,"tsung_controller@ip-172-31-25-135"} 1 45.0 0.0 260 45 156.25 4
stats: {cpu,"tsung_controller@ip-172-31-25-135"} 1 0.29985007496251875 0.0 1.4396786117984908 0.29985007496251875 0.6871330267171906 5
stats: session 2 44424.2095 189.70650000000023 44613.916 10232.852 24135.675769230773 13
stats: users_count 0 23
stats: finish_users_count 2 15
stats: request 4 8463.677 4887.958344281281 14025.681 3.975 866.6450718232044 181
stats: connect 0 0 0 40.492 0.663 3.8649999999999993 23
stats: page 4 8463.677 4887.958344281281 14025.681 3.975 891.2698522727273 176
stats: tr_Initial_Get_Root 0 0 0 303.061 111.911 184.21741666666665 12
stats: 302 1 74
stats: tr_Get_Root 0 0 0 279.827 52.189 168.80419999999998 5
stats: 200 3 111
stats: tr_Redirect_Root 0 0 0 442.933 154.09 234.42147826086955 23
stats: size_rcv 134972 1475432
stats: tr_Post_New_Comment_On_Post 0 0 0 53.968 26.89 38.49783333333334 6
stats: size_sent 1792 102934
stats: tr_Get_Post 0 0 0 13049.274 3382.884 9000.652166666667 6
stats: connected -2 8
stats: tr_Redirect_To_Post 3 11274.865 542.1786198299102 14025.832 6786.547 11838.537142857142 7
stats: tr_Post_New_Comment_On_Comment 1 36.44 0.0 45.784 36.44 40.8258 5
stats: tr_Get_Conversations 0 0 0 62.786 14.667 33.516999999999996 5
stats: tr_Authenticate_User 0 0 0 9437.543 568.863 3715.8362608695656 23
stats: tr_Get_New_Conversation 0 0 0 890.186 632.16 760.5488 5
stats: tr_Post_New_Conversation 0 0 0 268.644 59.089 115.09639999999999 5
stats: tr_Redirect_To_New_Conversation 0 0 0 94.394 64.702 81.0696 5
stats: tr_Reply_To_Conversation 0 0 0 145.554 94.552 112.8838 5
stats: tr_Redirect_To_Same_Conversation 0 0 0 67.953 52.652 62.20399999999999 5
stats: tr_Get_New_Book 0 0 0 116.952 11.181 32.40116666666666 6
stats: tr_Post_New_Book 0 0 0 153.02 15.767 47.29033333333333 6
stats: tr_Redirect_To_New_Book 0 0 0 240.887 16.605 56.86900000000001 6
# stats: dump at 1575634468
stats: users 6 22
stats: {freemem,"tsung_controller@ip-172-31-25-135"} 1 724.73046875 0.0 733.1171875 723.55078125 727.517578125 6
stats: {load,"tsung_controller@ip-172-31-25-135"} 1 0.0 0.0 0.0 0.0 0.0 6
stats: {recvpackets,"tsung_controller@ip-172-31-25-135"} 1 71.0 0.0 536 71 296.6 5
stats: {sentpackets,"tsung_controller@ip-172-31-25-135"} 1 17.0 0.0 260 17 134.0 5
stats: {cpu,"tsung_controller@ip-172-31-25-135"} 1 0.0999000999000999 0.0 1.4396786117984908 0.0999000999000999 0.6225858680914119 6
stats: session 2 52621.258499999996 4039.2244999999984 56660.483 10232.852 26840.8136 15
stats: users_count 0 23
stats: finish_users_count 2 17
stats: request 5 16284.996799999999 22313.283571909174 60006.024 3.975 1030.9052216216216 185
stats: connect 0 0 0 40.492 0.663 3.8649999999999993 23
stats: page 5 16284.996799999999 22313.283571909174 60006.024 3.975 1059.5455666666667 180
stats: tr_Initial_Get_Root 0 0 0 303.061 111.911 184.21741666666665 12
stats: 302 1 75
stats: tr_Get_Root 0 0 0 279.827 52.189 168.80419999999998 5
stats: 504 1 1
stats: tr_Redirect_Root 0 0 0 442.933 154.09 234.42147826086955 23
stats: 200 3 114
stats: tr_Post_New_Comment_On_Post 0 0 0 53.968 26.89 38.49783333333334 6
stats: size_rcv 95451 1570883
stats: tr_Get_Post 0 0 0 13049.274 3382.884 9000.652166666667 6
stats: size_sent 1162 104096
stats: tr_Redirect_To_Post 2 10338.9115 439.1764999999996 14025.832 6786.547 11669.4355 10
stats: connected -2 6
stats: tr_Post_New_Comment_On_Comment 0 0 0 45.784 36.44 40.094833333333334 6
stats: tr_Get_New_Post 1 14.081 0 14.081 14.081 0 0
stats: tr_Post_New_Post 1 727.747 0 727.747 727.747 0 0
stats: tr_Get_Conversations 0 0 0 62.786 14.667 33.516999999999996 5
stats: tr_Authenticate_User 0 0 0 9437.543 568.863 3715.8362608695656 23
stats: tr_Get_New_Conversation 0 0 0 890.186 632.16 760.5488 5
stats: tr_Post_New_Conversation 0 0 0 268.644 59.089 115.09639999999999 5
stats: tr_Redirect_To_New_Conversation 0 0 0 94.394 64.702 81.0696 5
stats: tr_Reply_To_Conversation 0 0 0 145.554 94.552 112.8838 5
stats: tr_Redirect_To_Same_Conversation 0 0 0 67.953 52.652 62.20399999999999 5
stats: tr_Get_New_Book 0 0 0 116.952 11.181 32.40116666666666 6
stats: tr_Post_New_Book 0 0 0 153.02 15.767 47.29033333333333 6
stats: tr_Redirect_To_New_Book 0 0 0 240.887 16.605 56.86900000000001 6
stats: tr_Get_Book 1 60006.21 0 60006.21 60006.21 0 0
# stats: dump at 1575634478
stats: users 4 22
stats: {freemem,"tsung_controller@ip-172-31-25-135"} 1 724.6640625 0.0 733.1171875 723.55078125 727.1194196428571 7
stats: {load,"tsung_controller@ip-172-31-25-135"} 1 0.0 0.0 0.0 0.0 0.0 7
stats: {recvpackets,"tsung_controller@ip-172-31-25-135"} 1 77.0 0.0 536 71 259.0 6
stats: {sentpackets,"tsung_controller@ip-172-31-25-135"} 1 21.0 0.0 260 17 114.5 6
stats: {cpu,"tsung_controller@ip-172-31-25-135"} 1 0.0 0.0 1.4396786117984908 0.0 0.5479164726355102 7
stats: session 2 71913.51550000001 1586.283499999994 73499.799 10232.852 29873.80711764706 17
stats: users_count 0 23
stats: finish_users_count 2 19
stats: request 8 15075.320249999997 25942.79159120506 60011.169 3.975 1432.3286842105265 190
stats: connect 0 0 0 40.492 0.663 3.8649999999999993 23
stats: page 8 15075.320249999997 25942.79159120506 60011.169 3.975 1471.0442486486486 185
stats: tr_Initial_Get_Root 0 0 0 303.061 111.911 184.21741666666665 12
stats: 302 2 77
stats: tr_Get_Root 0 0 0 279.827 52.189 168.80419999999998 5
stats: 504 2 3
stats: tr_Redirect_Root 0 0 0 442.933 154.09 234.42147826086955 23
stats: 200 4 118
stats: tr_Post_New_Comment_On_Post 0 0 0 53.968 26.89 38.49783333333334 6
stats: size_rcv 16379 1587262
stats: tr_Get_Post 0 0 0 13049.274 3382.884 9000.652166666667 6
stats: size_sent 3412 107508
stats: tr_Redirect_To_Post 0 0 0 14025.832 6786.547 11447.681499999999 12
stats: connected -2 4
stats: tr_Post_New_Comment_On_Comment 0 0 0 45.784 36.44 40.094833333333334 6
stats: tr_Get_New_Post 2 13.241 2.109 15.35 11.132 14.081 1
stats: tr_Post_New_Post 2 23.262500000000003 10.5165 727.747 12.746 727.747 1
stats: tr_Redirect_To_New_Post 2 256.0565 61.28250000000001 317.339 194.774 0 0
stats: tr_Get_Conversations 0 0 0 62.786 14.667 33.516999999999996 5
stats: tr_Authenticate_User 0 0 0 9437.543 568.863 3715.8362608695656 23
stats: tr_Get_New_Conversation 0 0 0 890.186 632.16 760.5488 5
stats: tr_Post_New_Conversation 0 0 0 268.644 59.089 115.09639999999999 5
stats: tr_Redirect_To_New_Conversation 0 0 0 94.394 64.702 81.0696 5
stats: tr_Reply_To_Conversation 0 0 0 145.554 94.552 112.8838 5
stats: tr_Redirect_To_Same_Conversation 0 0 0 67.953 52.652 62.20399999999999 5
stats: tr_Get_New_Book 0 0 0 116.952 11.181 32.40116666666666 6
stats: tr_Post_New_Book 0 0 0 153.02 15.767 47.29033333333333 6
stats: tr_Redirect_To_New_Book 0 0 0 240.887 16.605 56.86900000000001 6
stats: tr_Get_Book 2 60009.34 1.9770000000007713 60011.317 60006.21 60006.21 1
# stats: dump at 1575634488
stats: users 1 22
stats: {freemem,"tsung_controller@ip-172-31-25-135"} 1 725.3671875 0.0 733.1171875 723.55078125 726.8125 8
stats: {load,"tsung_controller@ip-172-31-25-135"} 1 0.0 0.0 0.0 0.0 0.0 8
stats: {recvpackets,"tsung_controller@ip-172-31-25-135"} 1 26.0 0.0 536 26 233.0 7
stats: {sentpackets,"tsung_controller@ip-172-31-25-135"} 1 22.0 0.0 260 17 101.14285714285714 7
stats: {cpu,"tsung_controller@ip-172-31-25-135"} 1 0.15 0.0 1.4396786117984908 0.0 0.4794269135560715 8
stats: session 3 76057.24266666667 2679.83568069901 79203.97 10232.852 34299.03957894738 19
stats: users_count 0 23
stats: finish_users_count 3 22
stats: request 12 15083.86733333334 25936.805377370467 60011.169 3.975 1983.5606666666665 198
stats: connect 0 0 0 40.492 0.663 3.8649999999999993 23
stats: page 12 15083.86733333334 25936.805377370467 60011.169 3.975 2034.9520621761656 193
stats: tr_Initial_Get_Root 0 0 0 303.061 111.911 184.21741666666665 12
stats: 302 3 80
stats: tr_Get_Root 0 0 0 279.827 52.189 168.80419999999998 5
stats: 504 3 6
stats: tr_Redirect_Root 0 0 0 442.933 154.09 234.42147826086955 23
stats: 200 6 124
stats: tr_Post_New_Comment_On_Post 0 0 0 53.968 26.89 38.49783333333334 6
stats: size_rcv 24569 1611831
stats: tr_Get_Post 0 0 0 13049.274 3382.884 9000.652166666667 6
stats: size_sent 5146 112654
stats: tr_Redirect_To_Post 0 0 0 14025.832 6786.547 11447.681499999999 12
stats: connected -3 1
stats: tr_Post_New_Comment_On_Comment 0 0 0 45.784 36.44 40.094833333333334 6
stats: tr_Get_New_Post 3 19.293666666666667 1.6358851494595275 21.49 11.132 13.521 3
stats: tr_Post_New_Post 3 29.48333333333333 3.043075673649204 727.747 12.746 258.09066666666666 3
stats: tr_Redirect_To_New_Post 3 279.771 24.033698716593747 317.339 194.774 256.0565 2
stats: tr_Get_Conversations 0 0 0 62.786 14.667 33.516999999999996 5
stats: tr_Authenticate_User 0 0 0 9437.543 568.863 3715.8362608695656 23
stats: tr_Get_New_Conversation 0 0 0 890.186 632.16 760.5488 5
stats: tr_Post_New_Conversation 0 0 0 268.644 59.089 115.09639999999999 5
stats: tr_Redirect_To_New_Conversation 0 0 0 94.394 64.702 81.0696 5
stats: tr_Reply_To_Conversation 0 0 0 145.554 94.552 112.8838 5
stats: tr_Redirect_To_Same_Conversation 0 0 0 67.953 52.652 62.20399999999999 5
stats: tr_Get_New_Book 0 0 0 116.952 11.181 32.40116666666666 6
stats: tr_Post_New_Book 0 0 0 153.02 15.767 47.29033333333333 6
stats: tr_Redirect_To_New_Book 0 0 0 240.887 16.605 56.86900000000001 6
stats: tr_Get_Book 3 60007.498666666674 1.786320302249428 60011.317 60005.084 60008.29666666666 3
# stats: dump at 1575634498
stats: users 5 22
stats: {freemem,"tsung_controller@ip-172-31-25-135"} 1 725.38671875 0.0 733.1171875 723.55078125 726.6519097222222 9
stats: {load,"tsung_controller@ip-172-31-25-135"} 1 0.0 0.0 0.0 0.0 0.0 9
stats: {recvpackets,"tsung_controller@ip-172-31-25-135"} 1 40.0 0.0 536 26 207.125 8
stats: {sentpackets,"tsung_controller@ip-172-31-25-135"} 1 34.0 0.0 260 17 91.25 8
stats: {cpu,"tsung_controller@ip-172-31-25-135"} 1 0.19960079840319359 0.0 1.4396786117984908 0.0 0.4428239231609524 9
stats: session 1 85101.079 0.0 85101.079 10232.852 39993.34000000001 22
stats: users_count 5 28
stats: finish_users_count 1 23
stats: request 5 147.36520000000002 120.83245207708069 60011.169 3.975 2732.149619047619 210
stats: connect 4 3.5755000000000003 4.471853614554036 40.492 0.663 3.8649999999999993 23
stats: page 5 147.36520000000002 120.83245207708069 60011.169 3.975 2798.791004878049 205
stats: tr_Initial_Get_Root 2 272.4895 13.161500000000004 303.061 111.911 184.21741666666665 12
stats: 302 0 80
stats: tr_Get_Root 0 0 0 279.827 52.189 168.80419999999998 5
stats: 504 0 6
stats: tr_Redirect_Root 0 0 0 442.933 154.09 234.42147826086955 23
stats: 200 5 129
stats: tr_Post_New_Comment_On_Post 0 0 0 53.968 26.89 38.49783333333334 6
stats: size_rcv 41034 1652865
stats: tr_Get_Post 0 0 0 13049.274 3382.884 9000.652166666667 6
stats: newphase 1 1
stats: tr_Redirect_To_Post 0 0 0 14025.832 6786.547 11447.681499999999 12
stats: size_sent 1010 113664
stats: tr_Post_New_Comment_On_Comment 0 0 0 45.784 36.44 40.094833333333334 6
stats: connected 3 4
stats: tr_Get_New_Post 0 0 0 21.49 11.132 16.407333333333334 6
stats: tr_Post_New_Post 0 0 0 727.747 12.746 143.787 6
stats: tr_Redirect_To_New_Post 1 181.122 0.0 317.339 181.122 270.28520000000003 5
stats: tr_Get_Conversations 0 0 0 62.786 14.667 33.516999999999996 5
stats: tr_Authenticate_User 0 0 0 9437.543 568.863 3715.8362608695656 23
stats: tr_Get_New_Conversation 0 0 0 890.186 632.16 760.5488 5
stats: tr_Post_New_Conversation 0 0 0 268.644 59.089 115.09639999999999 5
stats: tr_Redirect_To_New_Conversation 0 0 0 94.394 64.702 81.0696 5
stats: tr_Reply_To_Conversation 0 0 0 145.554 94.552 112.8838 5
stats: tr_Redirect_To_Same_Conversation 0 0 0 67.953 52.652 62.20399999999999 5
stats: tr_Get_New_Book 0 0 0 116.952 11.181 32.40116666666666 6
stats: tr_Post_New_Book 0 0 0 153.02 15.767 47.29033333333333 6
stats: tr_Redirect_To_New_Book 0 0 0 240.887 16.605 56.86900000000001 6
stats: tr_Get_Book 0 0 0 60011.317 60005.084 60007.897666666664 6
# stats: dump at 1575634508
stats: users 57 57
stats: {freemem,"tsung_controller@ip-172-31-25-135"} 1 723.55859375 0.0 733.1171875 723.55078125 726.525390625 10
stats: {load,"tsung_controller@ip-172-31-25-135"} 1 0.0 0.0 0.0 0.0 0.0 10
stats: {recvpackets,"tsung_controller@ip-172-31-25-135"} 1 151.0 0.0 536 26 188.55555555555554 9
stats: {sentpackets,"tsung_controller@ip-172-31-25-135"} 1 90.0 0.0 260 17 84.88888888888889 9
stats: {cpu,"tsung_controller@ip-172-31-25-135"} 1 0.24975024975024976 0.0 1.4396786117984908 0.0 0.41850161068517655 10
stats: session 0 0 0 85101.079 10232.852 41954.54604347827 23
stats: users_count 52 80
stats: finish_users_count 0 23
stats: request 168 183.04431547619052 209.90154420066352 60011.169 3.975 2672.038353488372 215
stats: connect 51 29.438745098039217 63.81769542076381 254.394 0.544 3.8221111111111106 27
stats: page 168 183.04431547619052 209.90154420066352 60011.169 3.975 2735.6618190476192 210
stats: tr_Initial_Get_Root 23 427.4904782608695 184.13019951107606 778.408 111.911 196.82771428571428 14
stats: 302 67 147
stats: tr_Get_Root 10 373.9094 106.56499500136056 586.406 52.189 168.80419999999998 5
stats: 504 0 6
stats: tr_Redirect_Root 19 383.6951578947369 137.68128871696598 802.957 154.09 234.42147826086955 23
stats: 200 101 230
stats: tr_Post_New_Comment_On_Post 0 0 0 53.968 26.89 38.49783333333334 6
stats: size_rcv 1001626 2654491
stats: tr_Get_Post 0 0 0 13049.274 3382.884 9000.652166666667 6
stats: newphase 0 1
stats: tr_Redirect_To_Post 0 0 0 14025.832 6786.547 11447.681499999999 12
stats: size_sent 85892 199556
stats: tr_Post_New_Comment_On_Comment 0 0 0 45.784 36.44 40.094833333333334 6
stats: connected 51 55
stats: tr_Get_New_Post 0 0 0 21.49 11.132 16.407333333333334 6
stats: tr_Post_New_Post 0 0 0 727.747 12.746 143.787 6
stats: tr_Redirect_To_New_Post 0 0 0 317.339 181.122 255.4246666666667 6
stats: tr_Get_Conversations 1 211.233 0.0 211.233 14.667 33.516999999999996 5
stats: tr_Authenticate_User 29 2971.909034482759 1263.338123227957 9437.543 568.863 3715.8362608695656 23
stats: tr_Get_New_Conversation 1 1230.468 0.0 1230.468 632.16 760.5488 5
stats: tr_Post_New_Conversation 1 95.764 0.0 268.644 59.089 115.09639999999999 5
stats: tr_Redirect_To_New_Conversation 0 0 0 94.394 64.702 81.0696 5
stats: tr_Reply_To_Conversation 0 0 0 145.554 94.552 112.8838 5
stats: tr_Redirect_To_Same_Conversation 0 0 0 67.953 52.652 62.20399999999999 5
stats: tr_Get_New_Book 1 11.601 0.0 116.952 11.181 32.40116666666666 6
stats: tr_Post_New_Book 1 24.131 0.0 153.02 15.767 47.29033333333333 6
stats: tr_Redirect_To_New_Book 0 0 0 240.887 16.605 56.86900000000001 6
stats: tr_Get_Book 0 0 0 60011.317 60005.084 60007.897666666664 6
# stats: dump at 1575634518
stats: users 50 60
stats: {freemem,"tsung_controller@ip-172-31-25-135"} 1 706.4375 0.0 733.1171875 706.4375 726.2556818181819 11
stats: {load,"tsung_controller@ip-172-31-25-135"} 1 0.0 0.0 0.0 0.0 0.0 11
stats: {recvpackets,"tsung_controller@ip-172-31-25-135"} 1 1288.0 0.0 1288 26 184.8 10
stats: {sentpackets,"tsung_controller@ip-172-31-25-135"} 1 707.0 0.0 707 17 85.4 10
stats: {cpu,"tsung_controller@ip-172-31-25-135"} 1 1.5308641975308643 0.0 1.5308641975308643 0.0 0.4031605778729105 11
stats: session 10 13905.861799999999 2941.1268047017556 85101.079 7473.157 41954.54604347827 23
stats: users_count 3 83
stats: finish_users_count 10 33
stats: request 148 274.0757094594595 483.15104826694653 60011.169 3.975 1580.2602898172327 383
stats: connect 5 8.1498 14.932104076787038 254.394 0.544 20.571448717948716 78
stats: page 145 279.7493172413793 488.51727871706544 60011.169 3.975 1601.1651507936513 378
stats: tr_Initial_Get_Root 3 490.6043333333334 154.2365378076443 778.408 111.911 340.21267567567565 37
stats: 302 66 213
stats: tr_Get_Root 2 559.781 139.43900000000005 699.22 52.189 305.541 15
stats: 504 0 6
stats: tr_Redirect_Root 37 496.47659459459453 145.83533139283247 858.658 154.09 301.9500476190476 42
stats: 200 82 312
stats: tr_Post_New_Comment_On_Post 0 0 0 53.968 26.89 38.49783333333334 6
stats: size_rcv 846898 3501389
stats: tr_Get_Post 0 0 0 13049.274 3382.884 9000.652166666667 6
stats: newphase 0 1
stats: tr_Redirect_To_Post 0 0 0 14025.832 6786.547 11447.681499999999 12
stats: size_sent 96204 295760
stats: tr_Post_New_Comment_On_Comment 0 0 0 45.784 36.44 40.094833333333334 6
stats: connected -4 51
stats: tr_Get_New_Post 0 0 0 21.49 11.132 16.407333333333334 6
stats: tr_Post_New_Post 0 0 0 727.747 12.746 143.787 6
stats: tr_Redirect_To_New_Post 0 0 0 317.339 181.122 255.4246666666667 6
stats: tr_Get_Logout 4 65.76374999999999 85.91232045630882 214.396 11.948 0 0
stats: tr_Get_Conversations 7 59.08228571428572 87.81605915404619 270.538 14.092 63.13633333333333 6
stats: tr_Authenticate_User 28 4118.3172857142845 2161.40211986966 9437.543 568.863 3300.9537692307695 52
stats: tr_Get_New_Conversation 3 3254.0416666666665 207.85079416147448 3545.367 632.16 838.8686666666667 6
stats: tr_Post_New_Conversation 3 125.609 20.905076464820688 268.644 59.089 111.87433333333333 6
stats: tr_Redirect_To_New_Conversation 3 105.46833333333332 15.186307260892034 126.945 64.702 81.0696 5
stats: tr_Reply_To_Conversation 3 408.575 177.23759706300092 616.118 94.552 112.8838 5
stats: tr_Redirect_To_Same_Conversation 3 107.92233333333336 24.858254247276136 143.056 52.652 62.20399999999999 5
stats: tr_Get_Login 4 8.28075 1.5773955393305759 10.825 6.92 0 0
stats: tr_Post_Login 2 145.1145 1.2245000000000061 146.339 143.89 0 0
stats: tr_Get_New_Book 4 18.831750000000003 16.16607341587623 116.952 7.581 29.429714285714283 7
stats: tr_Post_New_Book 3 23.067333333333334 4.538874040503388 153.02 15.767 43.98185714285713 7
stats: tr_Redirect_To_New_Book 4 147.9095 128.91987756839518 294.374 16.605 56.86900000000001 6
stats: tr_Get_Book 0 0 0 60011.317 60005.084 60007.897666666664 6
# stats: dump at 1575634528
stats: users 44 60
stats: {freemem,"tsung_controller@ip-172-31-25-135"} 1 694.390625 0.0 733.1171875 694.390625 724.6041666666666 12
stats: {load,"tsung_controller@ip-172-31-25-135"} 1 0.0 0.0 0.0 0.0 0.0 12
stats: {recvpackets,"tsung_controller@ip-172-31-25-135"} 1 872.0 0.0 1288 26 285.09090909090907 11
stats: {sentpackets,"tsung_controller@ip-172-31-25-135"} 1 432.0 0.0 707 17 141.9090909090909 11
stats: {cpu,"tsung_controller@ip-172-31-25-135"} 1 1.0432190760059614 0.0 1.5308641975308643 0.0 0.49713587951107324 12
stats: session 6 17387.348833333333 3326.4807559019187 85101.079 7473.157 33454.94475757576 33
stats: users_count 0 83
stats: finish_users_count 6 39
stats: request 37 696.7538648648649 1409.8214764849765 60011.169 3.975 1216.2013107344635 531
stats: connect 0 0 0 254.394 0.544 19.823156626506023 83
stats: page 35 736.5761714285715 1439.8991771248725 60011.169 3.975 1234.8070325047804 523
stats: tr_Initial_Get_Root 0 0 0 778.408 111.911 351.49204999999995 40
stats: 302 17 230
stats: tr_Get_Root 0 0 0 699.22 52.189 335.4515882352941 17
stats: 504 0 6
stats: tr_Redirect_Root 4 513.64375 45.22924911699841 858.658 154.09 393.057417721519 79
stats: 200 20 332
stats: tr_Post_New_Comment_On_Post 0 0 0 53.968 26.89 38.49783333333334 6
stats: size_rcv 144060 3645449
stats: tr_Get_Post 0 0 0 13049.274 3382.884 9000.652166666667 6
stats: newphase 0 1
stats: tr_Redirect_To_Post 0 0 0 14025.832 6786.547 11447.681499999999 12
stats: size_sent 22563 318323
stats: tr_Post_New_Comment_On_Comment 0 0 0 45.784 36.44 40.094833333333334 6
stats: connected -7 44
stats: tr_Get_New_Post 0 0 0 21.49 11.132 16.407333333333334 6
stats: tr_Post_New_Post 0 0 0 727.747 12.746 143.787 6
stats: tr_Redirect_To_New_Post 0 0 0 317.339 181.122 255.4246666666667 6
stats: tr_Get_Logout 1 142.675 0.0 214.396 11.948 65.76374999999999 4
stats: tr_Get_Conversations 3 17.131333333333334 2.824840447805072 270.538 14.092 60.953384615384614 13
stats: tr_Authenticate_User 3 8980.349 2157.866971815146 10667.779 568.863 3587.031 80
stats: tr_Get_New_Conversation 5 4237.385400000001 233.93496541269758 4530.618 632.16 1643.9263333333333 9
stats: tr_Post_New_Conversation 5 123.4582 35.26464152887422 268.644 59.089 116.45255555555553 9
stats: tr_Redirect_To_New_Conversation 2 77.8515 0.9975000000000023 126.945 64.702 90.21912499999999 8
stats: tr_Reply_To_Conversation 2 151.885 18.723999999999997 616.118 94.552 223.76799999999997 8
stats: tr_Redirect_To_Same_Conversation 2 84.023 7.042999999999996 143.056 52.652 79.348375 8
stats: tr_Get_Login 1 24.429 0.0 24.429 6.92 8.28075 4
stats: tr_Post_Login 3 143.229 8.88238451468224 155.751 136.105 145.1145 2
stats: tr_Get_New_Book 1 19.444 0.0 116.952 7.581 25.57590909090909 11
stats: tr_Post_New_Book 2 25.9895 0.023500000000001187 153.02 15.767 37.707499999999996 10
stats: tr_Redirect_To_New_Book 2 22.7455 9.426499999999997 294.374 13.319 93.2852 10
stats: tr_Get_Book 0 0 0 60011.317 60005.084 60007.897666666664 6
# stats: dump at 1575634538
stats: users 39 60
stats: {freemem,"tsung_controller@ip-172-31-25-135"} 1 695.00390625 0.0 733.1171875 694.390625 722.2800480769231 13
stats: {load,"tsung_controller@ip-172-31-25-135"} 1 0.0 0.0 0.0 0.0 0.0 13
stats: {recvpackets,"tsung_controller@ip-172-31-25-135"} 1 158.0 0.0 1288 26 333.99999999999994 12
stats: {sentpackets,"tsung_controller@ip-172-31-25-135"} 1 94.0 0.0 707 17 166.08333333333334 12
stats: {cpu,"tsung_controller@ip-172-31-25-135"} 1 0.1 0.0 1.5308641975308643 0.0 0.5391422792414493 13
stats: session 5 30112.1212 3790.606140136501 85101.079 7473.157 30983.006923076922 39
stats: users_count 0 83
stats: finish_users_count 5 44
stats: request 22 1985.4989999999998 6618.806605981673 60011.169 3.975 1182.3640651408452 568
stats: connect 0 0 0 254.394 0.544 19.823156626506023 83
stats: page 17 2569.5124705882354 7429.832094798003 60011.169 3.975 1203.5559928315413 558
stats: tr_Initial_Get_Root 0 0 0 778.408 111.911 351.49204999999995 40
stats: 302 8 238
stats: tr_Get_Root 0 0 0 699.22 52.189 335.4515882352941 17
stats: 504 0 6
stats: tr_Redirect_Root 0 0 0 858.658 154.09 398.8688072289157 83
stats: 200 14 346
stats: tr_Post_New_Comment_On_Post 1 137.967 0.0 137.967 26.89 38.49783333333334 6
stats: size_rcv 86671 3732120
stats: tr_Get_Post 1 31702.321 0.0 31702.321 3382.884 9000.652166666667 6
stats: newphase 0 1
stats: tr_Redirect_To_Post 0 0 0 14025.832 6786.547 11447.681499999999 12
stats: size_sent 10655 328978
stats: tr_Post_New_Comment_On_Comment 0 0 0 45.784 36.44 40.094833333333334 6
stats: connected -5 39
stats: tr_Get_New_Post 0 0 0 21.49 11.132 16.407333333333334 6
stats: tr_Post_New_Post 0 0 0 727.747 12.746 143.787 6
stats: tr_Redirect_To_New_Post 0 0 0 317.339 181.122 255.4246666666667 6
stats: tr_Get_Logout 0 0 0 214.396 11.948 81.14599999999999 5
stats: tr_Get_Conversations 1 13.376 0.0 270.538 13.376 52.73675 16
stats: tr_Authenticate_User 0 0 0 10667.779 568.863 3781.970204819277 83
stats: tr_Get_New_Conversation 2 4756.300499999999 231.81850000000009 4988.119 632.16 2570.1617142857144 14
stats: tr_Post_New_Conversation 2 303.0285 184.3145 487.343 59.089 118.95457142857143 14
stats: tr_Redirect_To_New_Conversation 5 85.035 13.455330007101272 126.945 63.744 87.7456 10
stats: tr_Reply_To_Conversation 5 151.2712 11.801472474229646 616.118 94.552 209.39139999999998 10
stats: tr_Redirect_To_Same_Conversation 5 107.24159999999999 16.750524655663774 143.056 52.652 80.28330000000001 10
stats: tr_Get_Login 0 0 0 24.429 6.92 11.510399999999999 5
stats: tr_Post_Login 0 0 0 155.751 136.105 143.98319999999998 5
stats: tr_Get_New_Book 0 0 0 116.952 7.581 25.064916666666665 12
stats: tr_Post_New_Book 0 0 0 153.02 15.767 35.75449999999999 12
stats: tr_Redirect_To_New_Book 0 0 0 294.374 13.319 81.52858333333334 12
stats: tr_Get_Book 0 0 0 60011.317 60005.084 60007.897666666664 6
# stats: dump at 1575634548
stats: users 37 60
stats: {freemem,"tsung_controller@ip-172-31-25-135"} 1 694.77734375 0.0 733.1171875 694.390625 720.3317522321429 14
stats: {load,"tsung_controller@ip-172-31-25-135"} 1 0.0 0.0 0.0 0.0 0.0 14
stats: {recvpackets,"tsung_controller@ip-172-31-25-135"} 1 121.0 0.0 1288 26 320.4615384615384 13
stats: {sentpackets,"tsung_controller@ip-172-31-25-135"} 1 63.0 0.0 707 17 160.53846153846155 13
stats: {cpu,"tsung_controller@ip-172-31-25-135"} 1 0.1500750375187594 0.0 1.5308641975308643 0.0 0.5077749735813458 14
stats: session 2 38674.671 2163.995999999999 85101.079 7473.157 30884.042636363636 44
stats: users_count 0 83
stats: finish_users_count 2 46
stats: request 20 11472.47245 16924.922632029156 60011.169 3.975 1212.3114694915257 590
stats: connect 0 0 0 254.394 0.544 19.823156626506023 83
stats: page 18 12747.210333333334 17379.13548786494 60011.169 3.975 1243.9407930434784 575
stats: tr_Initial_Get_Root 0 0 0 778.408 111.911 351.49204999999995 40
stats: 302 9 247
stats: tr_Get_Root 0 0 0 699.22 52.189 335.4515882352941 17
stats: 504 0 6
stats: tr_Redirect_Root 0 0 0 858.658 154.09 398.8688072289157 83
stats: 200 11 357
stats: tr_Post_New_Comment_On_Post 6 50.11666666666667 17.943406771166828 137.967 26.89 52.707714285714296 7
stats: size_rcv 280382 4012502
stats: tr_Get_Post 6 37226.566666666666 1996.933486752431 40827.261 3382.884 12243.747714285713 7
stats: newphase 0 1
stats: tr_Redirect_To_Post 0 0 0 14025.832 6786.547 11447.681499999999 12
stats: size_sent 11186 340164
stats: tr_Post_New_Comment_On_Comment 0 0 0 45.784 36.44 40.094833333333334 6
stats: connected -2 37
stats: tr_Get_New_Post 0 0 0 21.49 11.132 16.407333333333334 6
stats: tr_Post_New_Post 0 0 0 727.747 12.746 143.787 6
stats: tr_Redirect_To_New_Post 0 0 0 317.339 181.122 255.4246666666667 6
stats: tr_Get_Logout 0 0 0 214.396 11.948 81.14599999999999 5
stats: tr_Get_Conversations 0 0 0 270.538 13.376 50.42141176470588 17
stats: tr_Authenticate_User 0 0 0 10667.779 568.863 3781.970204819277 83
stats: tr_Get_New_Conversation 1 5007.562 0.0 5007.562 632.16 2843.4290625000003 16
stats: tr_Post_New_Conversation 1 165.389 0.0 487.343 59.089 141.96381250000002 16
stats: tr_Redirect_To_New_Conversation 2 91.2575 17.9445 126.945 63.744 86.84206666666665 15
stats: tr_Reply_To_Conversation 2 151.725 10.311000000000007 616.118 94.552 190.01799999999997 15
stats: tr_Redirect_To_Same_Conversation 2 83.8885 13.29150000000001 143.056 52.652 89.2694 15
stats: tr_Get_Login 0 0 0 24.429 6.92 11.510399999999999 5
stats: tr_Post_Login 0 0 0 155.751 136.105 143.98319999999998 5
stats: tr_Get_New_Book 0 0 0 116.952 7.581 25.064916666666665 12
stats: tr_Post_New_Book 0 0 0 153.02 15.767 35.75449999999999 12
stats: tr_Redirect_To_New_Book 0 0 0 294.374 13.319 81.52858333333334 12
stats: tr_Get_Book 0 0 0 60011.317 60005.084 60007.897666666664 6
# stats: dump at 1575634558
stats: users 37 60
stats: {freemem,"tsung_controller@ip-172-31-25-135"} 1 691.87890625 0.0 733.1171875 691.87890625 718.628125 15
stats: {load,"tsung_controller@ip-172-31-25-135"} 1 0.0 0.0 0.0 0.0 0.0 15
stats: {recvpackets,"tsung_controller@ip-172-31-25-135"} 1 242.0 0.0 1288 26 306.21428571428567 14
stats: {sentpackets,"tsung_controller@ip-172-31-25-135"} 1 69.0 0.0 707 17 153.57142857142858 14
stats: {cpu,"tsung_controller@ip-172-31-25-135"} 1 0.399002493765586 0.0 1.5308641975308643 0.0 0.4839283111771734 15
stats: session 0 0 0 85101.079 7473.157 31222.76560869565 46
stats: users_count 0 83
stats: finish_users_count 0 46
stats: request 16 21231.387375 21215.14272399203 60011.169 3.975 1548.7101901639348 610
stats: connect 0 0 0 254.394 0.544 19.823156626506023 83
stats: page 16 21231.387375 21215.14272399203 60011.169 3.975 1593.1125497470491 593
stats: tr_Initial_Get_Root 0 0 0 778.408 111.911 351.49204999999995 40
stats: 302 8 255
stats: tr_Get_Root 0 0 0 699.22 52.189 335.4515882352941 17
stats: 504 0 6
stats: tr_Redirect_Root 0 0 0 858.658 154.09 398.8688072289157 83
stats: 200 8 365
stats: tr_Post_New_Comment_On_Post 8 55.524874999999994 17.11182075669842 137.967 26.89 51.51184615384615 13
stats: size_rcv 349333 4361835
stats: tr_Get_Post 8 42414.0555 1822.6700263815594 45677.596 3382.884 23774.279538461535 13
stats: newphase 0 1
stats: tr_Redirect_To_Post 0 0 0 14025.832 6786.547 11447.681499999999 12
stats: size_sent 8763 348927
stats: tr_Post_New_Comment_On_Comment 0 0 0 45.784 36.44 40.094833333333334 6
stats: connected 0 37
stats: tr_Get_New_Post 0 0 0 21.49 11.132 16.407333333333334 6
stats: tr_Post_New_Post 0 0 0 727.747 12.746 143.787 6
stats: tr_Redirect_To_New_Post 0 0 0 317.339 181.122 255.4246666666667 6
stats: tr_Get_Logout 0 0 0 214.396 11.948 81.14599999999999 5
stats: tr_Get_Conversations 0 0 0 270.538 13.376 50.42141176470588 17
stats: tr_Authenticate_User 0 0 0 10667.779 568.863 3781.970204819277 83
stats: tr_Get_New_Conversation 0 0 0 5007.562 632.16 2970.731 17
stats: tr_Post_New_Conversation 0 0 0 487.343 59.089 143.34176470588238 17
stats: tr_Redirect_To_New_Conversation 0 0 0 126.945 63.744 87.36152941176469 17
stats: tr_Reply_To_Conversation 0 0 0 616.118 94.552 185.51294117647055 17
stats: tr_Redirect_To_Same_Conversation 0 0 0 143.056 52.652 88.63635294117648 17
stats: tr_Get_Login 0 0 0 24.429 6.92 11.510399999999999 5
stats: tr_Post_Login 0 0 0 155.751 136.105 143.98319999999998 5
stats: tr_Get_New_Book 0 0 0 116.952 7.581 25.064916666666665 12
stats: tr_Post_New_Book 0 0 0 153.02 15.767 35.75449999999999 12
stats: tr_Redirect_To_New_Book 0 0 0 294.374 13.319 81.52858333333334 12
stats: tr_Get_Book 0 0 0 60011.317 60005.084 60007.897666666664 6
# stats: dump at 1575634568
stats: users 37 60
stats: {freemem,"tsung_controller@ip-172-31-25-135"} 1 686.41015625 0.0 733.1171875 686.41015625 716.956298828125 16
stats: {load,"tsung_controller@ip-172-31-25-135"} 1 0.0 0.0 0.0 0.0 0.0 16
stats: {recvpackets,"tsung_controller@ip-172-31-25-135"} 1 270.0 0.0 1288 26 301.9333333333333 15
stats: {sentpackets,"tsung_controller@ip-172-31-25-135"} 1 59.0 0.0 707 17 147.93333333333334 15
stats: {cpu,"tsung_controller@ip-172-31-25-135"} 1 0.3996003996003996 0.0 1.5308641975308643 0.0 0.47862044758894917 16
stats: session 0 0 0 85101.079 7473.157 31222.76560869565 46
stats: users_count 0 83
stats: finish_users_count 0 46
stats: request 19 27823.75489473685 26851.052355373125 60011.169 3.975 2051.781811501598 626
stats: connect 0 0 0 254.394 0.544 19.823156626506023 83
stats: page 19 27823.75489473685 26851.052355373125 60011.169 3.975 2109.06065681445 609
stats: tr_Initial_Get_Root 0 0 0 778.408 111.911 351.49204999999995 40
stats: 302 7 262
stats: tr_Get_Root 0 0 0 699.22 52.189 335.4515882352941 17
stats: 504 5 11
stats: tr_Redirect_Root 0 0 0 858.658 154.09 398.8688072289157 83
stats: 200 7 372
stats: tr_Post_New_Comment_On_Post 5 60.6752 11.28599591352044 137.967 26.89 53.04061904761905 21
stats: size_rcv 230053 4591888
stats: tr_Get_Post 5 45579.4788 2077.2780386872046 48093.876 3382.884 30875.14657142857 21
stats: newphase 0 1
stats: tr_Redirect_To_Post 0 0 0 14025.832 6786.547 11447.681499999999 12
stats: size_sent 9643 358570
stats: tr_Post_New_Comment_On_Comment 0 0 0 45.784 36.44 40.094833333333334 6
stats: connected 0 37
stats: tr_Get_New_Post 2 184.953 167.30800000000002 352.261 11.132 16.407333333333334 6
stats: tr_Post_New_Post 2 51.1315 11.133500000000003 727.747 12.746 143.787 6
stats: tr_Redirect_To_New_Post 0 0 0 317.339 181.122 255.4246666666667 6
stats: tr_Get_Logout 0 0 0 214.396 11.948 81.14599999999999 5
stats: tr_Get_Conversations 0 0 0 270.538 13.376 50.42141176470588 17
stats: tr_Authenticate_User 0 0 0 10667.779 568.863 3781.970204819277 83
stats: tr_Get_New_Conversation 0 0 0 5007.562 632.16 2970.731 17
stats: tr_Post_New_Conversation 0 0 0 487.343 59.089 143.34176470588238 17
stats: tr_Redirect_To_New_Conversation 0 0 0 126.945 63.744 87.36152941176469 17
stats: tr_Reply_To_Conversation 0 0 0 616.118 94.552 185.51294117647055 17
stats: tr_Redirect_To_Same_Conversation 0 0 0 143.056 52.652 88.63635294117648 17
stats: tr_Get_Login 0 0 0 24.429 6.92 11.510399999999999 5
stats: tr_Post_Login 0 0 0 155.751 136.105 143.98319999999998 5
stats: tr_Get_New_Book 0 0 0 116.952 7.581 25.064916666666665 12
stats: tr_Post_New_Book 0 0 0 153.02 15.767 35.75449999999999 12
stats: tr_Redirect_To_New_Book 0 0 0 294.374 13.319 81.52858333333334 12
stats: tr_Get_Book 5 60002.4628 1.4695171179698892 60011.317 59999.882 60007.897666666664 6
# stats: dump at 1575634578
stats: users 31 60
stats: {freemem,"tsung_controller@ip-172-31-25-135"} 1 685.12109375 0.0 733.1171875 685.12109375 715.1594669117648 17
stats: {load,"tsung_controller@ip-172-31-25-135"} 1 0.0 0.0 0.0 0.0 0.0 17
stats: {recvpackets,"tsung_controller@ip-172-31-25-135"} 1 221.0 0.0 1288 26 299.93749999999994 16
stats: {sentpackets,"tsung_controller@ip-172-31-25-135"} 1 76.0 0.0 707 17 142.375 16
stats: {cpu,"tsung_controller@ip-172-31-25-135"} 1 0.3 0.0 1.5308641975308643 0.0 0.4739722094719757 17
stats: session 6 72598.42066666667 2911.264646891603 85101.079 7473.157 31222.76560869565 46
stats: users_count 0 83
stats: finish_users_count 6 52
stats: request 33 16542.218424242423 26615.147445009847 60011.169 3.975 2810.9562124031013 645
stats: connect 0 0 0 254.394 0.544 19.823156626506023 83
stats: page 33 16542.218424242423 26615.147445009847 60011.169 3.975 2887.0529984076434 628
stats: tr_Initial_Get_Root 0 0 0 778.408 111.911 351.49204999999995 40
stats: 302 9 271
stats: tr_Get_Root 0 0 0 699.22 52.189 335.4515882352941 17
stats: 504 9 20
stats: tr_Redirect_Root 0 0 0 858.658 154.09 398.8688072289157 83
stats: 200 15 387
stats: tr_Post_New_Comment_On_Post 0 0 0 137.967 26.89 54.50880769230769 26
stats: size_rcv 67349 4659237
stats: tr_Get_Post 0 0 0 48093.876 3382.884 33702.902769230765 26
stats: newphase 0 1
stats: tr_Redirect_To_Post 0 0 0 14025.832 6786.547 11447.681499999999 12
stats: size_sent 15397 373967
stats: tr_Post_New_Comment_On_Comment 0 0 0 45.784 36.44 40.094833333333334 6
stats: connected -6 31
stats: tr_Get_New_Post 9 21.302000000000003 10.125832794283035 352.261 11.132 58.54375 8
stats: tr_Post_New_Post 9 46.96566666666667 12.638372873471049 727.747 12.746 120.623125 8
stats: tr_Redirect_To_New_Post 6 878.3171666666667 189.3586216613129 1021.022 181.122 255.4246666666667 6
stats: tr_Get_Logout 0 0 0 214.396 11.948 81.14599999999999 5
stats: tr_Get_Conversations 0 0 0 270.538 13.376 50.42141176470588 17
stats: tr_Authenticate_User 0 0 0 10667.779 568.863 3781.970204819277 83
stats: tr_Get_New_Conversation 0 0 0 5007.562 632.16 2970.731 17
stats: tr_Post_New_Conversation 0 0 0 487.343 59.089 143.34176470588238 17
stats: tr_Redirect_To_New_Conversation 0 0 0 126.945 63.744 87.36152941176469 17
stats: tr_Reply_To_Conversation 0 0 0 616.118 94.552 185.51294117647055 17
stats: tr_Redirect_To_Same_Conversation 0 0 0 143.056 52.652 88.63635294117648 17
stats: tr_Get_Login 0 0 0 24.429 6.92 11.510399999999999 5
stats: tr_Post_Login 0 0 0 155.751 136.105 143.98319999999998 5
stats: tr_Get_New_Book 0 0 0 116.952 7.581 25.064916666666665 12
stats: tr_Post_New_Book 0 0 0 153.02 15.767 35.75449999999999 12
stats: tr_Redirect_To_New_Book 0 0 0 294.374 13.319 81.52858333333334 12
stats: tr_Get_Book 9 60001.524000000005 2.0204427457581198 60011.317 59997.978 60005.42727272727 11
# stats: dump at 1575634588
stats: users 20 60
stats: {freemem,"tsung_controller@ip-172-31-25-135"} 1 691.546875 0.0 733.1171875 685.12109375 713.4906684027778 18
stats: {load,"tsung_controller@ip-172-31-25-135"} 1 0.0 0.0 0.0 0.0 0.0 18
stats: {recvpackets,"tsung_controller@ip-172-31-25-135"} 1 138.0 0.0 1288 26 295.2941176470588 17
stats: {sentpackets,"tsung_controller@ip-172-31-25-135"} 1 105.0 0.0 707 17 138.47058823529412 17
stats: {cpu,"tsung_controller@ip-172-31-25-135"} 1 0.3988035892323031 0.0 1.5308641975308643 0.0 0.46430708672353266 18
stats: session 11 81715.16081818182 2419.069583843336 86242.542 7473.157 35996.879653846154 52
stats: users_count 0 83
stats: finish_users_count 11 63
stats: request 32 10070.114031249997 20351.28301392885 60011.169 3.975 3479.291983775812 678
stats: connect 0 0 0 254.394 0.544 19.823156626506023 83
stats: page 32 10070.114031249997 20351.28301392885 60011.169 3.975 3568.778352496218 661
stats: tr_Initial_Get_Root 0 0 0 778.408 111.911 351.49204999999995 40
stats: 302 9 280
stats: tr_Get_Root 0 0 0 699.22 52.189 335.4515882352941 17
stats: 504 3 23
stats: tr_Redirect_Root 0 0 0 858.658 154.09 398.8688072289157 83
stats: 200 20 407
stats: tr_Post_New_Comment_On_Post 0 0 0 137.967 26.89 54.50880769230769 26
stats: size_rcv 199775 4859012
stats: tr_Get_Post 0 0 0 48093.876 3382.884 33702.902769230765 26
stats: newphase 0 1
stats: tr_Redirect_To_Post 3 43467.06966666667 2543.470226877355 45999.215 6786.547 11447.681499999999 12
stats: size_sent 15125 389092
stats: tr_Post_New_Comment_On_Comment 3 49.38999999999999 1.555689771987552 51.13 36.44 40.094833333333334 6
stats: connected -11 20
stats: tr_Get_New_Post 6 16.5765 3.499665210178444 352.261 11.121 38.82752941176471 17
stats: tr_Post_New_Post 6 45.44283333333334 8.098755345044621 727.747 12.746 81.628 17
stats: tr_Redirect_To_New_Post 11 1030.7799090909093 164.3981293177436 1528.336 181.122 566.8709166666667 12
stats: tr_Get_Logout 0 0 0 214.396 11.948 81.14599999999999 5
stats: tr_Get_Conversations 0 0 0 270.538 13.376 50.42141176470588 17
stats: tr_Authenticate_User 0 0 0 10667.779 568.863 3781.970204819277 83
stats: tr_Get_New_Conversation 0 0 0 5007.562 632.16 2970.731 17
stats: tr_Post_New_Conversation 0 0 0 487.343 59.089 143.34176470588238 17
stats: tr_Redirect_To_New_Conversation 0 0 0 126.945 63.744 87.36152941176469 17
stats: tr_Reply_To_Conversation 0 0 0 616.118 94.552 185.51294117647055 17
stats: tr_Redirect_To_Same_Conversation 0 0 0 143.056 52.652 88.63635294117648 17
stats: tr_Get_Login 0 0 0 24.429 6.92 11.510399999999999 5
stats: tr_Post_Login 0 0 0 155.751 136.105 143.98319999999998 5
stats: tr_Get_New_Book 0 0 0 116.952 7.581 25.064916666666665 12
stats: tr_Post_New_Book 0 0 0 153.02 15.767 35.75449999999999 12
stats: tr_Redirect_To_New_Book 0 0 0 294.374 13.319 81.52858333333334 12
stats: tr_Get_Book 3 60001.80466666666 2.641370898268757 60011.317 59997.978 60003.6708 20
# stats: dump at 1575634598
stats: users 20 60
stats: {freemem,"tsung_controller@ip-172-31-25-135"} 1 698.1875 0.0 733.1171875 685.12109375 712.3357319078947 19
stats: {load,"tsung_controller@ip-172-31-25-135"} 1 0.0 0.0 0.0 0.0 0.0 19
stats: {recvpackets,"tsung_controller@ip-172-31-25-135"} 1 188.0 0.0 1288 26 286.5555555555555 18
stats: {sentpackets,"tsung_controller@ip-172-31-25-135"} 1 89.0 0.0 707 17 136.61111111111111 18
stats: {cpu,"tsung_controller@ip-172-31-25-135"} 1 0.24987506246876562 0.0 1.5308641975308643 0.0 0.4608595342239942 19
stats: session 0 0 0 86242.542 7473.157 43979.43668253968 63
stats: users_count 0 83
stats: finish_users_count 0 63
stats: request 9 25047.277888888886 22373.125305706442 60011.169 3.975 3776.343118309859 710
stats: connect 0 0 0 254.394 0.544 19.823156626506023 83
stats: page 9 25047.277888888886 22373.125305706442 60011.169 3.975 3868.9843290043286 693
stats: tr_Initial_Get_Root 0 0 0 778.408 111.911 351.49204999999995 40
stats: 302 4 284
stats: tr_Get_Root 0 0 0 699.22 52.189 335.4515882352941 17
stats: 504 0 23
stats: tr_Redirect_Root 0 0 0 858.658 154.09 398.8688072289157 83
stats: 200 5 412
stats: tr_Post_New_Comment_On_Post 0 0 0 137.967 26.89 54.50880769230769 26
stats: size_rcv 222523 5081535
stats: tr_Get_Post 0 0 0 48093.876 3382.884 33702.902769230765 26
stats: newphase 0 1
stats: tr_Redirect_To_Post 5 45055.087 916.2574383940373 46517.106 6786.547 17851.559133333332 15
stats: size_sent 5522 394614
stats: tr_Post_New_Comment_On_Comment 4 45.1975 7.572826833488272 55.275 35.235 43.193222222222225 9
stats: connected 0 20
stats: tr_Get_New_Post 0 0 0 352.261 11.121 33.02291304347826 23
stats: tr_Post_New_Post 0 0 0 727.747 12.746 72.18839130434783 23
stats: tr_Redirect_To_New_Post 0 0 0 1528.336 181.122 788.7404347826088 23
stats: tr_Get_Logout 0 0 0 214.396 11.948 81.14599999999999 5
stats: tr_Get_Conversations 0 0 0 270.538 13.376 50.42141176470588 17
stats: tr_Authenticate_User 0 0 0 10667.779 568.863 3781.970204819277 83
stats: tr_Get_New_Conversation 0 0 0 5007.562 632.16 2970.731 17
stats: tr_Post_New_Conversation 0 0 0 487.343 59.089 143.34176470588238 17
stats: tr_Redirect_To_New_Conversation 0 0 0 126.945 63.744 87.36152941176469 17
stats: tr_Reply_To_Conversation 0 0 0 616.118 94.552 185.51294117647055 17
stats: tr_Redirect_To_Same_Conversation 0 0 0 143.056 52.652 88.63635294117648 17
stats: tr_Get_Login 0 0 0 24.429 6.92 11.510399999999999 5
stats: tr_Post_Login 0 0 0 155.751 136.105 143.98319999999998 5
stats: tr_Get_New_Book 0 0 0 116.952 7.581 25.064916666666665 12
stats: tr_Post_New_Book 0 0 0 153.02 15.767 35.75449999999999 12
stats: tr_Redirect_To_New_Book 0 0 0 294.374 13.319 81.52858333333334 12
stats: tr_Get_Book 0 0 0 60011.317 59997.978 60003.42739130435 23
# stats: dump at 1575634608
stats: users 20 60
stats: {freemem,"tsung_controller@ip-172-31-25-135"} 1 701.859375 0.0 733.1171875 685.12109375 711.6283203124999 20
stats: {load,"tsung_controller@ip-172-31-25-135"} 1 0.0 0.0 0.0 0.0 0.0 20
stats: {recvpackets,"tsung_controller@ip-172-31-25-135"} 1 172.0 0.0 1288 26 281.3684210526315 19
stats: {sentpackets,"tsung_controller@ip-172-31-25-135"} 1 33.0 0.0 707 17 134.10526315789474 19
stats: {cpu,"tsung_controller@ip-172-31-25-135"} 1 0.3498250874562719 0.0 1.5308641975308643 0.0 0.45031031063623284 20
stats: session 0 0 0 86242.542 7473.157 43979.43668253968 63
stats: users_count 0 83
stats: finish_users_count 0 63
stats: request 13 23723.331923076923 21963.974751017748 60011.169 3.975 4042.5996036161337 719
stats: connect 0 0 0 254.394 0.544 19.823156626506023 83
stats: page 13 23723.331923076923 21963.974751017748 60011.169 3.975 4140.500913105413 702
stats: tr_Initial_Get_Root 0 0 0 778.408 111.911 351.49204999999995 40
stats: 302 6 290
stats: tr_Get_Root 0 0 0 699.22 52.189 335.4515882352941 17
stats: 504 0 23
stats: tr_Redirect_Root 0 0 0 858.658 154.09 398.8688072289157 83
stats: 200 7 419
stats: tr_Post_New_Comment_On_Post 0 0 0 137.967 26.89 54.50880769230769 26
stats: size_rcv 311587 5393122
stats: tr_Get_Post 0 0 0 48093.876 3382.884 33702.902769230765 26
stats: newphase 0 1
stats: tr_Redirect_To_Post 7 44023.08528571429 1898.6267260378877 46517.106 6786.547 24652.4411 20
stats: size_sent 7566 402180
stats: tr_Post_New_Comment_On_Comment 6 47.484500000000004 10.463044278953106 61.515 33.461 43.80992307692308 13
stats: connected 0 20
stats: tr_Get_New_Post 0 0 0 352.261 11.121 33.02291304347826 23
stats: tr_Post_New_Post 0 0 0 727.747 12.746 72.18839130434783 23
stats: tr_Redirect_To_New_Post 0 0 0 1528.336 181.122 788.7404347826088 23
stats: tr_Get_Logout 0 0 0 214.396 11.948 81.14599999999999 5
stats: tr_Get_Conversations 0 0 0 270.538 13.376 50.42141176470588 17
stats: tr_Authenticate_User 0 0 0 10667.779 568.863 3781.970204819277 83
stats: tr_Get_New_Conversation 0 0 0 5007.562 632.16 2970.731 17
stats: tr_Post_New_Conversation 0 0 0 487.343 59.089 143.34176470588238 17
stats: tr_Redirect_To_New_Conversation 0 0 0 126.945 63.744 87.36152941176469 17
stats: tr_Reply_To_Conversation 0 0 0 616.118 94.552 185.51294117647055 17
stats: tr_Redirect_To_Same_Conversation 0 0 0 143.056 52.652 88.63635294117648 17
stats: tr_Get_Login 0 0 0 24.429 6.92 11.510399999999999 5
stats: tr_Post_Login 0 0 0 155.751 136.105 143.98319999999998 5
stats: tr_Get_New_Book 0 0 0 116.952 7.581 25.064916666666665 12
stats: tr_Post_New_Book 0 0 0 153.02 15.767 35.75449999999999 12
stats: tr_Redirect_To_New_Book 0 0 0 294.374 13.319 81.52858333333334 12
stats: tr_Get_Book 0 0 0 60011.317 59997.978 60003.42739130435 23
# stats: dump at 1575634618
stats: users 20 60
stats: {freemem,"tsung_controller@ip-172-31-25-135"} 1 702.48046875 0.0 733.1171875 685.12109375 711.1631324404761 21
stats: {load,"tsung_controller@ip-172-31-25-135"} 1 0.0 0.0 0.0 0.0 0.0 21
stats: {recvpackets,"tsung_controller@ip-172-31-25-135"} 1 341.0 0.0 1288 26 275.8999999999999 20
stats: {sentpackets,"tsung_controller@ip-172-31-25-135"} 1 65.0 0.0 707 17 129.05 20
stats: {cpu,"tsung_controller@ip-172-31-25-135"} 1 0.5491762356465303 0.0 1.5308641975308643 0.0 0.4455253000086157 21
stats: session 0 0 0 86242.542 7473.157 43979.43668253968 63
stats: users_count 0 83
stats: finish_users_count 0 63
stats: request 10 22661.8372 22630.007250261042 60011.169 3.975 4392.120806010929 732
stats: connect 0 0 0 254.394 0.544 19.823156626506023 83
stats: page 10 22661.8372 22630.007250261042 60011.169 3.975 4496.552386013986 715
stats: tr_Initial_Get_Root 0 0 0 778.408 111.911 351.49204999999995 40
stats: 302 5 295
stats: tr_Get_Root 0 0 0 699.22 52.189 335.4515882352941 17
stats: 504 0 23
stats: tr_Redirect_Root 0 0 0 858.658 154.09 398.8688072289157 83
stats: 200 5 424
stats: tr_Post_New_Comment_On_Post 0 0 0 137.967 26.89 54.50880769230769 26
stats: size_rcv 224340 5617462
stats: tr_Get_Post 0 0 0 48093.876 3382.884 33702.902769230765 26
stats: newphase 0 1
stats: tr_Redirect_To_Post 5 45282.50919999999 1169.95366612108 46517.106 6786.547 29674.459962962963 27
stats: size_sent 6060 408240
stats: tr_Post_New_Comment_On_Comment 5 47.1328 8.979574898624097 61.515 33.461 44.97031578947369 19
stats: connected 0 20
stats: tr_Get_New_Post 0 0 0 352.261 11.121 33.02291304347826 23
stats: tr_Post_New_Post 0 0 0 727.747 12.746 72.18839130434783 23
stats: tr_Redirect_To_New_Post 0 0 0 1528.336 181.122 788.7404347826088 23
stats: tr_Get_Logout 0 0 0 214.396 11.948 81.14599999999999 5
stats: tr_Get_Conversations 0 0 0 270.538 13.376 50.42141176470588 17
stats: tr_Authenticate_User 0 0 0 10667.779 568.863 3781.970204819277 83
stats: tr_Get_New_Conversation 0 0 0 5007.562 632.16 2970.731 17
stats: tr_Post_New_Conversation 0 0 0 487.343 59.089 143.34176470588238 17
stats: tr_Redirect_To_New_Conversation 0 0 0 126.945 63.744 87.36152941176469 17
stats: tr_Reply_To_Conversation 0 0 0 616.118 94.552 185.51294117647055 17
stats: tr_Redirect_To_Same_Conversation 0 0 0 143.056 52.652 88.63635294117648 17
stats: tr_Get_Login 0 0 0 24.429 6.92 11.510399999999999 5
stats: tr_Post_Login 0 0 0 155.751 136.105 143.98319999999998 5
stats: tr_Get_New_Book 0 0 0 116.952 7.581 25.064916666666665 12
stats: tr_Post_New_Book 0 0 0 153.02 15.767 35.75449999999999 12
stats: tr_Redirect_To_New_Book 0 0 0 294.374 13.319 81.52858333333334 12
stats: tr_Get_Book 0 0 0 60011.317 59997.978 60003.42739130435 23
# stats: dump at 1575634628
stats: users 19 60
stats: {freemem,"tsung_controller@ip-172-31-25-135"} 1 706.0 0.0 733.1171875 685.12109375 710.7684659090909 22
stats: {load,"tsung_controller@ip-172-31-25-135"} 1 0.0 0.0 0.0 0.0 0.0 22
stats: {recvpackets,"tsung_controller@ip-172-31-25-135"} 1 83.0 0.0 1288 26 278.9999999999999 21
stats: {sentpackets,"tsung_controller@ip-172-31-25-135"} 1 32.0 0.0 707 17 126.0 21
stats: {cpu,"tsung_controller@ip-172-31-25-135"} 1 0.14992503748125938 0.0 1.5308641975308643 0.0 0.45023670617397543 22
stats: session 1 129852.613 0.0 129852.613 7473.157 43979.43668253968 63
stats: users_count 0 83
stats: finish_users_count 1 64
stats: request 3 13847.038333333332 19487.562644276586 60011.169 3.975 4638.343398921833 742
stats: connect 0 0 0 254.394 0.544 19.823156626506023 83
stats: page 3 13847.038333333332 19487.562644276586 60011.169 3.975 4747.1080386206895 725
stats: tr_Initial_Get_Root 0 0 0 778.408 111.911 351.49204999999995 40
stats: 302 2 297
stats: tr_Get_Root 0 0 0 699.22 52.189 335.4515882352941 17
stats: 504 0 23
stats: tr_Redirect_Root 0 0 0 858.658 154.09 398.8688072289157 83
stats: 200 1 425
stats: tr_Post_New_Comment_On_Post 0 0 0 137.967 26.89 54.50880769230769 26
stats: size_rcv 45511 5662973
stats: tr_Get_Post 0 0 0 48093.876 3382.884 33702.902769230765 26
stats: newphase 0 1
stats: tr_Redirect_To_Post 1 41406.747 0.0 46517.106 6786.547 32113.21765625 32
stats: size_sent 2476 410716
stats: tr_Post_New_Comment_On_Comment 2 67.417 5.466999999999999 72.884 33.461 45.42083333333334 24
stats: connected -1 19
stats: tr_Get_New_Post 0 0 0 352.261 11.121 33.02291304347826 23
stats: tr_Post_New_Post 0 0 0 727.747 12.746 72.18839130434783 23
stats: tr_Redirect_To_New_Post 0 0 0 1528.336 181.122 788.7404347826088 23
stats: tr_Get_Logout 0 0 0 214.396 11.948 81.14599999999999 5
stats: tr_Get_Conversations 0 0 0 270.538 13.376 50.42141176470588 17
stats: tr_Authenticate_User 0 0 0 10667.779 568.863 3781.970204819277 83
stats: tr_Get_New_Conversation 0 0 0 5007.562 632.16 2970.731 17
stats: tr_Post_New_Conversation 0 0 0 487.343 59.089 143.34176470588238 17
stats: tr_Redirect_To_New_Conversation 0 0 0 126.945 63.744 87.36152941176469 17
stats: tr_Reply_To_Conversation 0 0 0 616.118 94.552 185.51294117647055 17
stats: tr_Redirect_To_Same_Conversation 0 0 0 143.056 52.652 88.63635294117648 17
stats: tr_Get_Login 0 0 0 24.429 6.92 11.510399999999999 5
stats: tr_Post_Login 0 0 0 155.751 136.105 143.98319999999998 5
stats: tr_Get_New_Book 0 0 0 116.952 7.581 25.064916666666665 12
stats: tr_Post_New_Book 0 0 0 153.02 15.767 35.75449999999999 12
stats: tr_Redirect_To_New_Book 0 0 0 294.374 13.319 81.52858333333334 12
stats: tr_Get_Book 0 0 0 60011.317 59997.978 60003.42739130435 23
# stats: dump at 1575634638
stats: users 16 60
stats: {freemem,"tsung_controller@ip-172-31-25-135"} 1 706.6171875 0.0 733.1171875 685.12109375 710.5611413043479 23
stats: {load,"tsung_controller@ip-172-31-25-135"} 1 0.0 0.0 0.0 0.0 0.0 23
stats: {recvpackets,"tsung_controller@ip-172-31-25-135"} 1 37.0 0.0 1288 26 270.09090909090895 22
stats: {sentpackets,"tsung_controller@ip-172-31-25-135"} 1 10.0 0.0 707 10 121.72727272727273 22
stats: {cpu,"tsung_controller@ip-172-31-25-135"} 1 0.14985014985014986 0.0 1.5308641975308643 0.0 0.437179677100379 23
stats: session 3 132887.12900000002 2035.9921896118944 135757.465 7473.157 45321.2050625 64
stats: users_count 0 83
stats: finish_users_count 3 67
stats: request 3 45706.761 1407.9116925321218 60011.169 3.975 4675.425391946309 745
stats: connect 0 0 0 254.394 0.544 19.823156626506023 83
stats: page 3 45706.761 1407.9116925321218 60011.169 3.975 4784.607751373626 728
stats: tr_Initial_Get_Root 0 0 0 778.408 111.911 351.49204999999995 40
stats: 302 0 297
stats: tr_Get_Root 0 0 0 699.22 52.189 335.4515882352941 17
stats: 504 0 23
stats: tr_Redirect_Root 0 0 0 858.658 154.09 398.8688072289157 83
stats: 200 3 428
stats: tr_Post_New_Comment_On_Post 0 0 0 137.967 26.89 54.50880769230769 26
stats: size_rcv 135663 5798636
stats: tr_Get_Post 0 0 0 48093.876 3382.884 33702.902769230765 26
stats: newphase 0 1
stats: tr_Redirect_To_Post 3 45706.90266666666 1407.9026459179945 47592.311 6786.547 32394.83975757576 33
stats: size_sent 0 410716
stats: tr_Post_New_Comment_On_Comment 0 0 0 72.884 33.461 47.112846153846164 26
stats: connected -3 16
stats: tr_Get_New_Post 0 0 0 352.261 11.121 33.02291304347826 23
stats: tr_Post_New_Post 0 0 0 727.747 12.746 72.18839130434783 23
stats: tr_Redirect_To_New_Post 0 0 0 1528.336 181.122 788.7404347826088 23
stats: tr_Get_Logout 0 0 0 214.396 11.948 81.14599999999999 5
stats: tr_Get_Conversations 0 0 0 270.538 13.376 50.42141176470588 17
stats: tr_Authenticate_User 0 0 0 10667.779 568.863 3781.970204819277 83
stats: tr_Get_New_Conversation 0 0 0 5007.562 632.16 2970.731 17
stats: tr_Post_New_Conversation 0 0 0 487.343 59.089 143.34176470588238 17
stats: tr_Redirect_To_New_Conversation 0 0 0 126.945 63.744 87.36152941176469 17
stats: tr_Reply_To_Conversation 0 0 0 616.118 94.552 185.51294117647055 17
stats: tr_Redirect_To_Same_Conversation 0 0 0 143.056 52.652 88.63635294117648 17
stats: tr_Get_Login 0 0 0 24.429 6.92 11.510399999999999 5
stats: tr_Post_Login 0 0 0 155.751 136.105 143.98319999999998 5
stats: tr_Get_New_Book 0 0 0 116.952 7.581 25.064916666666665 12
stats: tr_Post_New_Book 0 0 0 153.02 15.767 35.75449999999999 12
stats: tr_Redirect_To_New_Book 0 0 0 294.374 13.319 81.52858333333334 12
stats: tr_Get_Book 0 0 0 60011.317 59997.978 60003.42739130435 23
# stats: dump at 1575634648
stats: users 11 60
stats: {freemem,"tsung_controller@ip-172-31-25-135"} 1 706.6953125 0.0 733.1171875 685.12109375 710.3968098958334 24
stats: {load,"tsung_controller@ip-172-31-25-135"} 1 0.0 0.0 0.0 0.0 0.0 24
stats: {recvpackets,"tsung_controller@ip-172-31-25-135"} 1 104.0 0.0 1288 26 259.9565217391303 23
stats: {sentpackets,"tsung_controller@ip-172-31-25-135"} 1 23.0 0.0 707 10 116.8695652173913 23
stats: {cpu,"tsung_controller@ip-172-31-25-135"} 1 0.05 0.0 1.5308641975308643 0.0 0.4252076134649528 24
stats: session 5 138994.5194 2787.011801868844 142248.389 7473.157 49242.06732835821 67
stats: users_count 0 83
stats: finish_users_count 5 72
stats: request 5 43317.980599999995 2673.7293822419356 60011.169 3.975 4839.989572192514 748
stats: connect 0 0 0 254.394 0.544 19.823156626506023 83
stats: page 5 43317.980599999995 2673.7293822419356 60011.169 3.975 4952.550924760601 731
stats: tr_Initial_Get_Root 0 0 0 778.408 111.911 351.49204999999995 40
stats: 302 0 297
stats: tr_Get_Root 0 0 0 699.22 52.189 335.4515882352941 17
stats: 504 0 23
stats: tr_Redirect_Root 0 0 0 858.658 154.09 398.8688072289157 83
stats: 200 5 433
stats: tr_Post_New_Comment_On_Post 0 0 0 137.967 26.89 54.50880769230769 26
stats: size_rcv 226101 6024737
stats: tr_Get_Post 0 0 0 48093.876 3382.884 33702.902769230765 26
stats: newphase 0 1
stats: tr_Redirect_To_Post 5 43318.132000000005 2673.7286940975146 47865.885 6786.547 33504.17833333333 36
stats: size_sent 0 410716
stats: tr_Post_New_Comment_On_Comment 0 0 0 72.884 33.461 47.112846153846164 26
stats: connected -5 11
stats: tr_Get_New_Post 0 0 0 352.261 11.121 33.02291304347826 23
stats: tr_Post_New_Post 0 0 0 727.747 12.746 72.18839130434783 23
stats: tr_Redirect_To_New_Post 0 0 0 1528.336 181.122 788.7404347826088 23
stats: tr_Get_Logout 0 0 0 214.396 11.948 81.14599999999999 5
stats: tr_Get_Conversations 0 0 0 270.538 13.376 50.42141176470588 17
stats: tr_Authenticate_User 0 0 0 10667.779 568.863 3781.970204819277 83
stats: tr_Get_New_Conversation 0 0 0 5007.562 632.16 2970.731 17
stats: tr_Post_New_Conversation 0 0 0 487.343 59.089 143.34176470588238 17
stats: tr_Redirect_To_New_Conversation 0 0 0 126.945 63.744 87.36152941176469 17
stats: tr_Reply_To_Conversation 0 0 0 616.118 94.552 185.51294117647055 17
stats: tr_Redirect_To_Same_Conversation 0 0 0 143.056 52.652 88.63635294117648 17
stats: tr_Get_Login 0 0 0 24.429 6.92 11.510399999999999 5
stats: tr_Post_Login 0 0 0 155.751 136.105 143.98319999999998 5
stats: tr_Get_New_Book 0 0 0 116.952 7.581 25.064916666666665 12
stats: tr_Post_New_Book 0 0 0 153.02 15.767 35.75449999999999 12
stats: tr_Redirect_To_New_Book 0 0 0 294.374 13.319 81.52858333333334 12
stats: tr_Get_Book 0 0 0 60011.317 59997.978 60003.42739130435 23
# stats: dump at 1575634658
stats: users 2 60
stats: {freemem,"tsung_controller@ip-172-31-25-135"} 1 706.63671875 0.0 733.1171875 685.12109375 710.24875 25
stats: {load,"tsung_controller@ip-172-31-25-135"} 1 0.0 0.0 0.0 0.0 0.0 25
stats: {recvpackets,"tsung_controller@ip-172-31-25-135"} 1 238.0 0.0 1288 26 253.45833333333323 24
stats: {sentpackets,"tsung_controller@ip-172-31-25-135"} 1 48.0 0.0 707 10 112.95833333333333 24
stats: {cpu,"tsung_controller@ip-172-31-25-135"} 1 0.14985014985014986 0.0 1.5308641975308643 0.0 0.4101993089263547 25
stats: session 9 149181.47177777777 3311.4167308066835 153745.839 7473.157 55474.8765 72
stats: users_count 0 83
stats: finish_users_count 9 81
stats: request 8 41581.462 3689.061932308571 60011.169 3.975 5095.48752058433 753
stats: connect 0 0 0 254.394 0.544 19.823156626506023 83
stats: page 8 41581.462 3689.061932308571 60011.169 3.975 5213.185637228261 736
stats: tr_Initial_Get_Root 0 0 0 778.408 111.911 351.49204999999995 40
stats: 302 0 297
stats: tr_Get_Root 0 0 0 699.22 52.189 335.4515882352941 17
stats: 504 0 23
stats: tr_Redirect_Root 0 0 0 858.658 154.09 398.8688072289157 83
stats: 200 8 441
stats: tr_Post_New_Comment_On_Post 0 0 0 137.967 26.89 54.50880769230769 26
stats: size_rcv 363428 6388165
stats: tr_Get_Post 0 0 0 48093.876 3382.884 33702.902769230765 26
stats: newphase 0 1
stats: tr_Redirect_To_Post 8 41581.59875 3689.059136936368 47865.885 6786.547 34701.001951219514 41
stats: size_sent 0 410716
stats: tr_Post_New_Comment_On_Comment 0 0 0 72.884 33.461 47.112846153846164 26
stats: connected -8 3
stats: tr_Get_New_Post 0 0 0 352.261 11.121 33.02291304347826 23
stats: tr_Post_New_Post 0 0 0 727.747 12.746 72.18839130434783 23
stats: tr_Redirect_To_New_Post 0 0 0 1528.336 181.122 788.7404347826088 23
stats: tr_Get_Logout 0 0 0 214.396 11.948 81.14599999999999 5
stats: tr_Get_Conversations 0 0 0 270.538 13.376 50.42141176470588 17
stats: tr_Authenticate_User 0 0 0 10667.779 568.863 3781.970204819277 83
stats: tr_Get_New_Conversation 0 0 0 5007.562 632.16 2970.731 17
stats: tr_Post_New_Conversation 0 0 0 487.343 59.089 143.34176470588238 17
stats: tr_Redirect_To_New_Conversation 0 0 0 126.945 63.744 87.36152941176469 17
stats: tr_Reply_To_Conversation 0 0 0 616.118 94.552 185.51294117647055 17
stats: tr_Redirect_To_Same_Conversation 0 0 0 143.056 52.652 88.63635294117648 17
stats: tr_Get_Login 0 0 0 24.429 6.92 11.510399999999999 5
stats: tr_Post_Login 0 0 0 155.751 136.105 143.98319999999998 5
stats: tr_Get_New_Book 0 0 0 116.952 7.581 25.064916666666665 12
stats: tr_Post_New_Book 0 0 0 153.02 15.767 35.75449999999999 12
stats: tr_Redirect_To_New_Book 0 0 0 294.374 13.319 81.52858333333334 12
stats: tr_Get_Book 0 0 0 60011.317 59997.978 60003.42739130435 23
# stats: dump at 1575634659
stats: users 0 60
stats: {freemem,"tsung_controller@ip-172-31-25-135"} 1 708.94921875 0.0 733.1171875 685.12109375 710.1098257211538 26
stats: {load,"tsung_controller@ip-172-31-25-135"} 1 0.0 0.0 0.0 0.0 0.0 26
stats: {recvpackets,"tsung_controller@ip-172-31-25-135"} 1 308.0 0.0 1288 26 252.8399999999999 25
stats: {sentpackets,"tsung_controller@ip-172-31-25-135"} 1 62.0 0.0 707 10 110.36 25
stats: {cpu,"tsung_controller@ip-172-31-25-135"} 1 0.0 0.0 1.5308641975308643 0.0 0.400185879731116 26
stats: session 2 154710.6305 3526.623499999987 158237.254 7473.157 65886.7204197531 81
stats: users_count 0 83
stats: finish_users_count 2 83
stats: request 3 43005.939000000006 1137.224091798971 60011.169 3.975 5479.045727989488 761
stats: page 3 43005.939000000006 1137.224091798971 60011.169 3.975 5604.242372311828 744
stats: connect 0 0 0 254.394 0.544 19.823156626506023 83
stats: tr_Initial_Get_Root 0 0 0 778.408 111.911 351.49204999999995 40
stats: 302 0 297
stats: tr_Get_Root 0 0 0 699.22 52.189 335.4515882352941 17
stats: 504 0 23
stats: tr_Redirect_Root 0 0 0 858.658 154.09 398.8688072289157 83
stats: 200 3 444
stats: tr_Post_New_Comment_On_Post 0 0 0 137.967 26.89 54.50880769230769 26
stats: size_rcv 136497 6524662
stats: tr_Get_Post 0 0 0 48093.876 3382.884 33702.902769230765 26
stats: newphase 0 1
stats: tr_Redirect_To_Post 3 43006.07666666666 1137.2215931512903 47865.885 6786.547 35824.36469387756 49
stats: size_sent 0 410716
stats: tr_Post_New_Comment_On_Comment 0 0 0 72.884 33.461 47.112846153846164 26
stats: connected -3 0
stats: tr_Get_New_Post 0 0 0 352.261 11.121 33.02291304347826 23
stats: tr_Post_New_Post 0 0 0 727.747 12.746 72.18839130434783 23
stats: tr_Redirect_To_New_Post 0 0 0 1528.336 181.122 788.7404347826088 23
stats: tr_Get_Logout 0 0 0 214.396 11.948 81.14599999999999 5
stats: tr_Get_Conversations 0 0 0 270.538 13.376 50.42141176470588 17
stats: tr_Authenticate_User 0 0 0 10667.779 568.863 3781.970204819277 83
stats: tr_Get_New_Conversation 0 0 0 5007.562 632.16 2970.731 17
stats: tr_Post_New_Conversation 0 0 0 487.343 59.089 143.34176470588238 17
stats: tr_Redirect_To_New_Conversation 0 0 0 126.945 63.744 87.36152941176469 17
stats: tr_Reply_To_Conversation 0 0 0 616.118 94.552 185.51294117647055 17
stats: tr_Redirect_To_Same_Conversation 0 0 0 143.056 52.652 88.63635294117648 17
stats: tr_Get_Login 0 0 0 24.429 6.92 11.510399999999999 5
stats: tr_Post_Login 0 0 0 155.751 136.105 143.98319999999998 5
stats: tr_Get_New_Book 0 0 0 116.952 7.581 25.064916666666665 12
stats: tr_Post_New_Book 0 0 0 153.02 15.767 35.75449999999999 12
stats: tr_Redirect_To_New_Book 0 0 0 294.374 13.319 81.52858333333334 12
stats: tr_Get_Book 0 0 0 60011.317 59997.978 60003.42739130435 23
EndMonitor:{1575,634659,956688}
