
=INFO REPORT==== 26-Nov-2019::11:22:48 ===
    ts_config_server:(5:<0.102.0>) Config server started, logdir is "/home/ec2-user/.tsung/log/20191126-1122"
 
=INFO REPORT==== 26-Nov-2019::11:22:48 ===
              ts_mon:(5:<0.83.0>) starting monitor, global 

=INFO REPORT==== 26-Nov-2019::11:22:48 ===
           ts_config:(5:<0.102.0>) Reading config file: simple2.xml

=INFO REPORT==== 26-Nov-2019::11:22:48 ===
           ts_config:(5:<0.102.0>) Session name for id 1 is "Make Post"

=INFO REPORT==== 26-Nov-2019::11:22:48 ===
    ts_config_server:(4:<0.102.0>) SYSINFO:Tsung version: 1.7.0

=INFO REPORT==== 26-Nov-2019::11:22:48 ===
    ts_config_server:(4:<0.102.0>) SYSINFO:Erlang version: Erlang/OTP 20 [erts-9.1] [source] [64-bit] [smp:2:2] [ds:2:2:10] [async-threads:8] [hipe] [kernel-poll:true]


=INFO REPORT==== 26-Nov-2019::11:22:48 ===
    ts_config_server:(4:<0.102.0>) SYSINFO:System architecture x86_64-unknown-linux-gnu

=INFO REPORT==== 26-Nov-2019::11:22:48 ===
    ts_config_server:(4:<0.102.0>) SYSINFO:Current path: /usr/local/lib/tsung/tsung-1.7.0/ebin/tsung.beam

=INFO REPORT==== 26-Nov-2019::11:22:48 ===
    ts_config_server:(7:<0.102.0>) sort static users: [] 

=INFO REPORT==== 26-Nov-2019::11:22:48 ===
    ts_config_server:(7:<0.102.0>) Static users with session id []

=INFO REPORT==== 26-Nov-2019::11:22:48 ===
    ts_config_server:(7:<0.102.0>) Static users with session id []

=INFO REPORT==== 26-Nov-2019::11:22:48 ===
    ts_config_server:(7:<0.102.0>) sorted phases: [{arrivalphase,1,10000,
                                                    undefined,0.001,infinity,
                                                    0,[],false,1},
                                                   {arrivalphase,2,10000,
                                                    undefined,0.002,infinity,
                                                    0,[],false,2},
                                                   {arrivalphase,3,10000,
                                                    undefined,0.004,infinity,
                                                    0,[],false,3}] 

=INFO REPORT==== 26-Nov-2019::11:22:48 ===
    ts_config_server:(7:<0.102.0>) Compute popularities per phases [{arrivalphase,
                                                                     1,10000,
                                                                     undefined,
                                                                     0.001,
                                                                     infinity,
                                                                     0,[],
                                                                     false,1},
                                                                    {arrivalphase,
                                                                     2,10000,
                                                                     undefined,
                                                                     0.002,
                                                                     infinity,
                                                                     0,[],
                                                                     false,2},
                                                                    {arrivalphase,
                                                                     3,10000,
                                                                     undefined,
                                                                     0.004,
                                                                     infinity,
                                                                     0,[],
                                                                     false,3}]
=INFO REPORT==== 26-Nov-2019::11:22:48 ===
    ts_config_server:(7:<0.102.0>) Old sessions:[{session,1,100,ts_http,
                                                  "Make Post",true,false,
                                                  10000,
                                                  {proto_opts,negotiate,
                                                   negotiate,"/http-bind/",
                                                   false,false,false,"/chat",
                                                   "binary",[],10,3,600000,
                                                   infinity,2000,32768,32768,
                                                   32768,32768,[],true,true},
                                                  undefined,3,undefined,
                                                  undefined,undefined,
                                                  undefined,undefined}]
=INFO REPORT==== 26-Nov-2019::11:22:48 ===
    ts_config_server:(7:<0.102.0>) New sessions:[{session,1,100,ts_http,
                                                  "Make Post",true,false,
                                                  10000,
                                                  {proto_opts,negotiate,
                                                   negotiate,"/http-bind/",
                                                   false,false,false,"/chat",
                                                   "binary",[],10,3,600000,
                                                   infinity,2000,32768,32768,
                                                   32768,32768,[],true,true},
                                                  undefined,3,undefined,
                                                  undefined,undefined,
                                                  undefined,undefined}]
=INFO REPORT==== 26-Nov-2019::11:22:48 ===
    ts_config_server:(7:<0.102.0>) New Total popularities:[100,100,100]
=INFO REPORT==== 26-Nov-2019::11:22:48 ===
    ts_config_server:(7:<0.122.0>) No File server defined, skip

=INFO REPORT==== 26-Nov-2019::11:22:48 ===
       ts_job_notify:(6:<0.114.0>) No listen port defined, can't open listening socket (don't worry: it's normal if you don't use job notifications) 

=INFO REPORT==== 26-Nov-2019::11:22:48 ===
           ts_os_mon:(7:<0.81.0>) Add monitoring of controller node
=INFO REPORT==== 26-Nov-2019::11:22:48 ===
       ts_os_mon_sup:(7:<0.81.0>) Starting child for plugin erlang with args {"ip-172-31-20-100",
                                                                              [],
                                                                              10000,
                                                                              {global,
                                                                               ts_mon}}

=INFO REPORT==== 26-Nov-2019::11:22:48 ===
    ts_os_mon_erlang:(6:<0.123.0>) Running os_mon on the same host as the controller, use the same beam

=INFO REPORT==== 26-Nov-2019::11:22:48 ===
              ts_mon:(5:<0.103.0>) Activate clients with text backend

=INFO REPORT==== 26-Nov-2019::11:22:48 ===
              ts_mon:(7:<0.103.0>) Tsung clients setup: [{client,"localhost",
                                                          1.0,1000000,[],
                                                          undefined}]

=INFO REPORT==== 26-Nov-2019::11:22:48 ===
              ts_mon:(5:<0.103.0>) Starting tsung clients on hosts: [localhost]

=INFO REPORT==== 26-Nov-2019::11:22:48 ===
    ts_config_server:(5:<0.102.0>) Start a launcher on the controller beam localhost

=INFO REPORT==== 26-Nov-2019::11:22:48 ===
               tsung:(7:<0.146.0>) open logfile  

=INFO REPORT==== 26-Nov-2019::11:22:48 ===
               tsung:(7:<0.146.0>) ok

=INFO REPORT==== 26-Nov-2019::11:22:48 ===
              ts_sup:(6:<0.146.0>) starting supervisor ...

=INFO REPORT==== 26-Nov-2019::11:22:48 ===
              ts_sup:(6:<0.147.0>) starting
=INFO REPORT==== 26-Nov-2019::11:22:48 ===
          ts_ip_scan:(6:<0.148.0>) Starting 

=INFO REPORT==== 26-Nov-2019::11:22:48 ===
     ts_launcher_mgr:(6:<0.149.0>) starting
=INFO REPORT==== 26-Nov-2019::11:22:48 ===
    ts_session_cache:(6:<0.147.0>) Starting

=INFO REPORT==== 26-Nov-2019::11:22:48 ===
        ts_mon_cache:(6:<0.147.0>) Starting

=INFO REPORT==== 26-Nov-2019::11:22:48 ===
        ts_local_mon:(6:<0.147.0>) Starting

=INFO REPORT==== 26-Nov-2019::11:22:48 ===
       ts_client_sup:(6:<0.153.0>) Starting 

=INFO REPORT==== 26-Nov-2019::11:22:48 ===
  ts_launcher_static:(6:<0.147.0>) starting 

=INFO REPORT==== 26-Nov-2019::11:22:48 ===
     ts_launcher_mgr:(7:<0.149.0>) static launcher is starting on node 'tsung_controller@ip-172-31-20-100' 

=INFO REPORT==== 26-Nov-2019::11:22:48 ===
         ts_launcher:(6:<0.147.0>) starting 

=INFO REPORT==== 26-Nov-2019::11:22:48 ===
     ts_launcher_mgr:(7:<0.149.0>) dynamic launcher is starting on node 'tsung_controller@ip-172-31-20-100' 

=INFO REPORT==== 26-Nov-2019::11:22:48 ===
    ts_config_server:(6:<0.102.0>) Application started, activate launcher, 

=INFO REPORT==== 26-Nov-2019::11:22:48 ===
  ts_launcher_static:(6:<0.102.0>) starting on node ['tsung_controller@ip-172-31-20-100']

=INFO REPORT==== 26-Nov-2019::11:22:48 ===
         ts_launcher:(6:<0.102.0>) starting on node ['tsung_controller@ip-172-31-20-100']

=INFO REPORT==== 26-Nov-2019::11:22:48 ===
  ts_launcher_static:(5:<0.154.0>) Launch msg receive ("localhost")

=INFO REPORT==== 26-Nov-2019::11:22:48 ===
         ts_launcher:(5:<0.155.0>) Launch msg receive ("localhost")

=INFO REPORT==== 26-Nov-2019::11:22:48 ===
     ts_launcher_mgr:(6:<0.149.0>) syncing already done, skip

=INFO REPORT==== 26-Nov-2019::11:22:48 ===
              ts_mon:(6:<0.103.0>) A launcher has started

=INFO REPORT==== 26-Nov-2019::11:22:48 ===
    ts_config_server:(5:<0.102.0>) New arrival phase 1 for client "localhost" (last ? true): will start 10 users

=INFO REPORT==== 26-Nov-2019::11:22:48 ===
    ts_config_server:(5:<0.102.0>) New arrival phase 2 for client "localhost" (last ? true): will start 20 users

=INFO REPORT==== 26-Nov-2019::11:22:48 ===
    ts_config_server:(5:<0.102.0>) New arrival phase 3 for client "localhost" (last ? true): will start 40 users

=INFO REPORT==== 26-Nov-2019::11:22:48 ===
         ts_launcher:(5:<0.155.0>) Expected duration of first phase: 10.0 sec (10 users) 

=INFO REPORT==== 26-Nov-2019::11:22:48 ===
  ts_launcher_static:(6:<0.154.0>) No static users, stop
=INFO REPORT==== 26-Nov-2019::11:22:48 ===
         ts_launcher:(7:<0.154.0>) Substract static users number to max: 0

=INFO REPORT==== 26-Nov-2019::11:22:48 ===
  ts_launcher_static:(6:<0.154.0>) launcher terminating for reason normal

=INFO REPORT==== 26-Nov-2019::11:22:48 ===
     ts_launcher_mgr:(7:<0.149.0>) static launcher is stopping on node 'tsung_controller@ip-172-31-20-100' 

=INFO REPORT==== 26-Nov-2019::11:22:48 ===
         ts_launcher:(7:<0.155.0>) maxusers is below file descriptors limit (1024000)
=INFO REPORT==== 26-Nov-2019::11:22:48 ===
         ts_launcher:(5:<0.155.0>) Activate launcher (10 users) in 1673 msec 

=INFO REPORT==== 26-Nov-2019::11:22:48 ===
         ts_launcher:(7:<0.155.0>) Set maximum users per beam to 1000000

=INFO REPORT==== 26-Nov-2019::11:22:49 ===
    ts_os_mon_erlang:(6:<0.123.0>) Spawn monitoring process on localhost (<0.156.0>)

=INFO REPORT==== 26-Nov-2019::11:22:50 ===
    ts_config_server:(6:<0.102.0>) Session 1 chosen

=INFO REPORT==== 26-Nov-2019::11:22:50 ===
           ts_client:(6:<0.157.0>) Starting new transaction tr_Get_Root (now-576460749960466126)

=INFO REPORT==== 26-Nov-2019::11:22:50 ===
           ts_client:(7:<0.157.0>) connect to port 80
=INFO REPORT==== 26-Nov-2019::11:22:50 ===
           ts_client:(6:<0.157.0>) Stopping transaction tr_Get_Root (-576460749941838740)

=INFO REPORT==== 26-Nov-2019::11:22:50 ===
           ts_client:(6:<0.157.0>) Session ending 

=INFO REPORT==== 26-Nov-2019::11:22:51 ===
    ts_config_server:(6:<0.102.0>) Session 1 chosen

=INFO REPORT==== 26-Nov-2019::11:22:51 ===
           ts_client:(6:<0.160.0>) Starting new transaction tr_Get_Root (now-576460749017897204)

=INFO REPORT==== 26-Nov-2019::11:22:51 ===
           ts_client:(7:<0.160.0>) connect to port 80
=INFO REPORT==== 26-Nov-2019::11:22:51 ===
           ts_client:(6:<0.160.0>) Stopping transaction tr_Get_Root (-576460749010145744)

=INFO REPORT==== 26-Nov-2019::11:22:51 ===
           ts_client:(6:<0.160.0>) Session ending 

=INFO REPORT==== 26-Nov-2019::11:22:51 ===
    ts_config_server:(6:<0.102.0>) Session 1 chosen

=INFO REPORT==== 26-Nov-2019::11:22:51 ===
           ts_client:(6:<0.161.0>) Starting new transaction tr_Get_Root (now-576460748715919989)

=INFO REPORT==== 26-Nov-2019::11:22:51 ===
           ts_client:(7:<0.161.0>) connect to port 80
=INFO REPORT==== 26-Nov-2019::11:22:51 ===
           ts_client:(6:<0.161.0>) Stopping transaction tr_Get_Root (-576460748702383492)

=INFO REPORT==== 26-Nov-2019::11:22:51 ===
           ts_client:(6:<0.161.0>) Session ending 

=INFO REPORT==== 26-Nov-2019::11:22:52 ===
    ts_config_server:(6:<0.102.0>) Session 1 chosen

=INFO REPORT==== 26-Nov-2019::11:22:52 ===
           ts_client:(6:<0.162.0>) Starting new transaction tr_Get_Root (now-576460748314967527)

=INFO REPORT==== 26-Nov-2019::11:22:52 ===
           ts_client:(7:<0.162.0>) connect to port 80
=INFO REPORT==== 26-Nov-2019::11:22:52 ===
           ts_client:(6:<0.162.0>) Stopping transaction tr_Get_Root (-576460748306568920)

=INFO REPORT==== 26-Nov-2019::11:22:52 ===
           ts_client:(6:<0.162.0>) Session ending 

=INFO REPORT==== 26-Nov-2019::11:22:52 ===
    ts_config_server:(6:<0.102.0>) Session 1 chosen

=INFO REPORT==== 26-Nov-2019::11:22:52 ===
           ts_client:(6:<0.163.0>) Starting new transaction tr_Get_Root (now-576460747961895041)

=INFO REPORT==== 26-Nov-2019::11:22:52 ===
           ts_client:(7:<0.163.0>) connect to port 80
=INFO REPORT==== 26-Nov-2019::11:22:52 ===
           ts_client:(6:<0.163.0>) Stopping transaction tr_Get_Root (-576460747953143219)

=INFO REPORT==== 26-Nov-2019::11:22:52 ===
           ts_client:(6:<0.163.0>) Session ending 

=INFO REPORT==== 26-Nov-2019::11:22:52 ===
    ts_config_server:(6:<0.102.0>) Session 1 chosen

=INFO REPORT==== 26-Nov-2019::11:22:52 ===
           ts_client:(6:<0.164.0>) Starting new transaction tr_Get_Root (now-576460747941972293)

=INFO REPORT==== 26-Nov-2019::11:22:52 ===
           ts_client:(7:<0.164.0>) connect to port 80
=INFO REPORT==== 26-Nov-2019::11:22:52 ===
           ts_client:(6:<0.164.0>) Stopping transaction tr_Get_Root (-576460747933900700)

=INFO REPORT==== 26-Nov-2019::11:22:52 ===
           ts_client:(6:<0.164.0>) Session ending 

=INFO REPORT==== 26-Nov-2019::11:22:55 ===
    ts_config_server:(6:<0.102.0>) Session 1 chosen

=INFO REPORT==== 26-Nov-2019::11:22:55 ===
           ts_client:(6:<0.165.0>) Starting new transaction tr_Get_Root (now-576460745440959439)

=INFO REPORT==== 26-Nov-2019::11:22:55 ===
           ts_client:(7:<0.165.0>) connect to port 80
=INFO REPORT==== 26-Nov-2019::11:22:55 ===
           ts_client:(6:<0.165.0>) Stopping transaction tr_Get_Root (-576460745432700747)

=INFO REPORT==== 26-Nov-2019::11:22:55 ===
           ts_client:(6:<0.165.0>) Session ending 

=INFO REPORT==== 26-Nov-2019::11:22:55 ===
    ts_config_server:(6:<0.102.0>) Session 1 chosen

=INFO REPORT==== 26-Nov-2019::11:22:55 ===
           ts_client:(6:<0.166.0>) Starting new transaction tr_Get_Root (now-576460745400960309)

=INFO REPORT==== 26-Nov-2019::11:22:55 ===
           ts_client:(7:<0.166.0>) connect to port 80
=INFO REPORT==== 26-Nov-2019::11:22:55 ===
           ts_client:(6:<0.166.0>) Stopping transaction tr_Get_Root (-576460745392853192)

=INFO REPORT==== 26-Nov-2019::11:22:55 ===
           ts_client:(6:<0.166.0>) Session ending 

=INFO REPORT==== 26-Nov-2019::11:22:56 ===
    ts_config_server:(6:<0.102.0>) Session 1 chosen

=INFO REPORT==== 26-Nov-2019::11:22:56 ===
           ts_client:(6:<0.167.0>) Starting new transaction tr_Get_Root (now-576460743783948126)

=INFO REPORT==== 26-Nov-2019::11:22:56 ===
           ts_client:(7:<0.167.0>) connect to port 80
=INFO REPORT==== 26-Nov-2019::11:22:56 ===
           ts_client:(6:<0.167.0>) Stopping transaction tr_Get_Root (-576460743776377698)

=INFO REPORT==== 26-Nov-2019::11:22:56 ===
           ts_client:(6:<0.167.0>) Session ending 

=INFO REPORT==== 26-Nov-2019::11:23:00 ===
    ts_config_server:(6:<0.102.0>) Session 1 chosen

=INFO REPORT==== 26-Nov-2019::11:23:00 ===
         ts_launcher:(5:<0.155.0>) Start a new arrival phase (20 users, 0.002); expected duration=10.0 sec

=INFO REPORT==== 26-Nov-2019::11:23:00 ===
           ts_client:(6:<0.169.0>) Starting new transaction tr_Get_Root (now-576460739672949620)

=INFO REPORT==== 26-Nov-2019::11:23:00 ===
           ts_client:(7:<0.169.0>) connect to port 80
=INFO REPORT==== 26-Nov-2019::11:23:00 ===
           ts_client:(6:<0.169.0>) Stopping transaction tr_Get_Root (-576460739654404112)

=INFO REPORT==== 26-Nov-2019::11:23:00 ===
           ts_client:(6:<0.169.0>) Session ending 

=INFO REPORT==== 26-Nov-2019::11:23:01 ===
    ts_config_server:(6:<0.102.0>) Session 1 chosen

=INFO REPORT==== 26-Nov-2019::11:23:01 ===
           ts_client:(6:<0.170.0>) Starting new transaction tr_Get_Root (now-576460739241668220)

=INFO REPORT==== 26-Nov-2019::11:23:01 ===
           ts_client:(7:<0.170.0>) connect to port 80
=INFO REPORT==== 26-Nov-2019::11:23:01 ===
           ts_client:(6:<0.170.0>) Stopping transaction tr_Get_Root (-576460739234097921)

=INFO REPORT==== 26-Nov-2019::11:23:01 ===
           ts_client:(6:<0.170.0>) Session ending 

=INFO REPORT==== 26-Nov-2019::11:23:01 ===
    ts_config_server:(6:<0.102.0>) Session 1 chosen

=INFO REPORT==== 26-Nov-2019::11:23:01 ===
           ts_client:(6:<0.171.0>) Starting new transaction tr_Get_Root (now-576460739017891696)

=INFO REPORT==== 26-Nov-2019::11:23:01 ===
           ts_client:(7:<0.171.0>) connect to port 80
=INFO REPORT==== 26-Nov-2019::11:23:01 ===
    ts_config_server:(6:<0.102.0>) Session 1 chosen

=INFO REPORT==== 26-Nov-2019::11:23:01 ===
           ts_client:(6:<0.172.0>) Starting new transaction tr_Get_Root (now-576460738971847512)

=INFO REPORT==== 26-Nov-2019::11:23:01 ===
           ts_client:(7:<0.172.0>) connect to port 80
=INFO REPORT==== 26-Nov-2019::11:23:01 ===
           ts_client:(6:<0.171.0>) Stopping transaction tr_Get_Root (-576460738946965665)

=INFO REPORT==== 26-Nov-2019::11:23:01 ===
           ts_client:(6:<0.171.0>) Session ending 

=INFO REPORT==== 26-Nov-2019::11:23:01 ===
           ts_client:(6:<0.172.0>) Stopping transaction tr_Get_Root (-576460738944454106)

=INFO REPORT==== 26-Nov-2019::11:23:01 ===
           ts_client:(6:<0.172.0>) Session ending 

=INFO REPORT==== 26-Nov-2019::11:23:01 ===
    ts_config_server:(6:<0.102.0>) Session 1 chosen

=INFO REPORT==== 26-Nov-2019::11:23:01 ===
           ts_client:(6:<0.173.0>) Starting new transaction tr_Get_Root (now-576460738596878403)

=INFO REPORT==== 26-Nov-2019::11:23:01 ===
           ts_client:(7:<0.173.0>) connect to port 80
=INFO REPORT==== 26-Nov-2019::11:23:01 ===
           ts_client:(6:<0.173.0>) Stopping transaction tr_Get_Root (-576460738588852648)

=INFO REPORT==== 26-Nov-2019::11:23:01 ===
           ts_client:(6:<0.173.0>) Session ending 

=INFO REPORT==== 26-Nov-2019::11:23:02 ===
    ts_config_server:(6:<0.102.0>) Session 1 chosen

=INFO REPORT==== 26-Nov-2019::11:23:02 ===
           ts_client:(6:<0.174.0>) Starting new transaction tr_Get_Root (now-576460738310970230)

=INFO REPORT==== 26-Nov-2019::11:23:02 ===
           ts_client:(7:<0.174.0>) connect to port 80
=INFO REPORT==== 26-Nov-2019::11:23:02 ===
           ts_client:(6:<0.174.0>) Stopping transaction tr_Get_Root (-576460738303478127)

=INFO REPORT==== 26-Nov-2019::11:23:02 ===
           ts_client:(6:<0.174.0>) Session ending 

=INFO REPORT==== 26-Nov-2019::11:23:02 ===
    ts_config_server:(6:<0.102.0>) Session 1 chosen

=INFO REPORT==== 26-Nov-2019::11:23:02 ===
           ts_client:(6:<0.175.0>) Starting new transaction tr_Get_Root (now-576460737857969076)

=INFO REPORT==== 26-Nov-2019::11:23:02 ===
           ts_client:(7:<0.175.0>) connect to port 80
=INFO REPORT==== 26-Nov-2019::11:23:02 ===
           ts_client:(6:<0.175.0>) Stopping transaction tr_Get_Root (-576460737849915873)

=INFO REPORT==== 26-Nov-2019::11:23:02 ===
           ts_client:(6:<0.175.0>) Session ending 

=INFO REPORT==== 26-Nov-2019::11:23:03 ===
    ts_config_server:(6:<0.102.0>) Session 1 chosen

=INFO REPORT==== 26-Nov-2019::11:23:03 ===
           ts_client:(6:<0.176.0>) Starting new transaction tr_Get_Root (now-576460737394939831)

=INFO REPORT==== 26-Nov-2019::11:23:03 ===
           ts_client:(7:<0.176.0>) connect to port 80
=INFO REPORT==== 26-Nov-2019::11:23:03 ===
           ts_client:(6:<0.176.0>) Stopping transaction tr_Get_Root (-576460737384650808)

=INFO REPORT==== 26-Nov-2019::11:23:03 ===
           ts_client:(6:<0.176.0>) Session ending 

=INFO REPORT==== 26-Nov-2019::11:23:03 ===
    ts_config_server:(6:<0.102.0>) Session 1 chosen

=INFO REPORT==== 26-Nov-2019::11:23:03 ===
           ts_client:(6:<0.177.0>) Starting new transaction tr_Get_Root (now-576460736812962936)

=INFO REPORT==== 26-Nov-2019::11:23:03 ===
           ts_client:(7:<0.177.0>) connect to port 80
=INFO REPORT==== 26-Nov-2019::11:23:03 ===
           ts_client:(6:<0.177.0>) Stopping transaction tr_Get_Root (-576460736805458826)

=INFO REPORT==== 26-Nov-2019::11:23:03 ===
           ts_client:(6:<0.177.0>) Session ending 

=INFO REPORT==== 26-Nov-2019::11:23:03 ===
    ts_config_server:(6:<0.102.0>) Session 1 chosen

=INFO REPORT==== 26-Nov-2019::11:23:03 ===
           ts_client:(6:<0.178.0>) Starting new transaction tr_Get_Root (now-576460736747971845)

=INFO REPORT==== 26-Nov-2019::11:23:03 ===
           ts_client:(7:<0.178.0>) connect to port 80
=INFO REPORT==== 26-Nov-2019::11:23:03 ===
           ts_client:(6:<0.178.0>) Stopping transaction tr_Get_Root (-576460736739839440)

=INFO REPORT==== 26-Nov-2019::11:23:03 ===
           ts_client:(6:<0.178.0>) Session ending 

=INFO REPORT==== 26-Nov-2019::11:23:03 ===
    ts_config_server:(6:<0.102.0>) Session 1 chosen

=INFO REPORT==== 26-Nov-2019::11:23:03 ===
           ts_client:(6:<0.179.0>) Starting new transaction tr_Get_Root (now-576460736591970547)

=INFO REPORT==== 26-Nov-2019::11:23:03 ===
           ts_client:(7:<0.179.0>) connect to port 80
=INFO REPORT==== 26-Nov-2019::11:23:03 ===
           ts_client:(6:<0.179.0>) Stopping transaction tr_Get_Root (-576460736584010062)

=INFO REPORT==== 26-Nov-2019::11:23:03 ===
           ts_client:(6:<0.179.0>) Session ending 

=INFO REPORT==== 26-Nov-2019::11:23:04 ===
    ts_config_server:(6:<0.102.0>) Session 1 chosen

=INFO REPORT==== 26-Nov-2019::11:23:04 ===
           ts_client:(6:<0.180.0>) Starting new transaction tr_Get_Root (now-576460736427971801)

=INFO REPORT==== 26-Nov-2019::11:23:04 ===
           ts_client:(7:<0.180.0>) connect to port 80
=INFO REPORT==== 26-Nov-2019::11:23:04 ===
           ts_client:(6:<0.180.0>) Stopping transaction tr_Get_Root (-576460736420249392)

=INFO REPORT==== 26-Nov-2019::11:23:04 ===
           ts_client:(6:<0.180.0>) Session ending 

=INFO REPORT==== 26-Nov-2019::11:23:04 ===
    ts_config_server:(6:<0.102.0>) Session 1 chosen

=INFO REPORT==== 26-Nov-2019::11:23:04 ===
           ts_client:(6:<0.181.0>) Starting new transaction tr_Get_Root (now-576460736401275252)

=INFO REPORT==== 26-Nov-2019::11:23:04 ===
           ts_client:(7:<0.181.0>) connect to port 80
=INFO REPORT==== 26-Nov-2019::11:23:04 ===
           ts_client:(6:<0.181.0>) Stopping transaction tr_Get_Root (-576460736393740312)

=INFO REPORT==== 26-Nov-2019::11:23:04 ===
           ts_client:(6:<0.181.0>) Session ending 

=INFO REPORT==== 26-Nov-2019::11:23:04 ===
    ts_config_server:(6:<0.102.0>) Session 1 chosen

=INFO REPORT==== 26-Nov-2019::11:23:04 ===
           ts_client:(6:<0.182.0>) Starting new transaction tr_Get_Root (now-576460736023946796)

=INFO REPORT==== 26-Nov-2019::11:23:04 ===
           ts_client:(7:<0.182.0>) connect to port 80
=INFO REPORT==== 26-Nov-2019::11:23:04 ===
           ts_client:(6:<0.182.0>) Stopping transaction tr_Get_Root (-576460736015800000)

=INFO REPORT==== 26-Nov-2019::11:23:04 ===
           ts_client:(6:<0.182.0>) Session ending 

=INFO REPORT==== 26-Nov-2019::11:23:04 ===
    ts_config_server:(6:<0.102.0>) Session 1 chosen

=INFO REPORT==== 26-Nov-2019::11:23:04 ===
           ts_client:(6:<0.183.0>) Starting new transaction tr_Get_Root (now-576460735953953094)

=INFO REPORT==== 26-Nov-2019::11:23:04 ===
           ts_client:(7:<0.183.0>) connect to port 80
=INFO REPORT==== 26-Nov-2019::11:23:04 ===
           ts_client:(6:<0.183.0>) Stopping transaction tr_Get_Root (-576460735942863622)

=INFO REPORT==== 26-Nov-2019::11:23:04 ===
           ts_client:(6:<0.183.0>) Session ending 

=INFO REPORT==== 26-Nov-2019::11:23:05 ===
    ts_config_server:(6:<0.102.0>) Session 1 chosen

=INFO REPORT==== 26-Nov-2019::11:23:05 ===
           ts_client:(6:<0.184.0>) Starting new transaction tr_Get_Root (now-576460734774971338)

=INFO REPORT==== 26-Nov-2019::11:23:05 ===
           ts_client:(7:<0.184.0>) connect to port 80
=INFO REPORT==== 26-Nov-2019::11:23:05 ===
           ts_client:(6:<0.184.0>) Stopping transaction tr_Get_Root (-576460734767398779)

=INFO REPORT==== 26-Nov-2019::11:23:05 ===
           ts_client:(6:<0.184.0>) Session ending 

=INFO REPORT==== 26-Nov-2019::11:23:06 ===
    ts_config_server:(6:<0.102.0>) Session 1 chosen

=INFO REPORT==== 26-Nov-2019::11:23:06 ===
           ts_client:(6:<0.185.0>) Starting new transaction tr_Get_Root (now-576460733909895041)

=INFO REPORT==== 26-Nov-2019::11:23:06 ===
           ts_client:(7:<0.185.0>) connect to port 80
=INFO REPORT==== 26-Nov-2019::11:23:06 ===
           ts_client:(6:<0.185.0>) Stopping transaction tr_Get_Root (-576460733902385514)

=INFO REPORT==== 26-Nov-2019::11:23:06 ===
           ts_client:(6:<0.185.0>) Session ending 

=INFO REPORT==== 26-Nov-2019::11:23:06 ===
    ts_config_server:(6:<0.102.0>) Session 1 chosen

=INFO REPORT==== 26-Nov-2019::11:23:06 ===
           ts_client:(6:<0.186.0>) Starting new transaction tr_Get_Root (now-576460733895976247)

=INFO REPORT==== 26-Nov-2019::11:23:06 ===
           ts_client:(7:<0.186.0>) connect to port 80
=INFO REPORT==== 26-Nov-2019::11:23:06 ===
           ts_client:(6:<0.186.0>) Stopping transaction tr_Get_Root (-576460733888787747)

=INFO REPORT==== 26-Nov-2019::11:23:06 ===
           ts_client:(6:<0.186.0>) Session ending 

=INFO REPORT==== 26-Nov-2019::11:23:06 ===
    ts_config_server:(6:<0.102.0>) Session 1 chosen

=INFO REPORT==== 26-Nov-2019::11:23:06 ===
           ts_client:(6:<0.187.0>) Starting new transaction tr_Get_Root (now-576460733705949587)

=INFO REPORT==== 26-Nov-2019::11:23:06 ===
           ts_client:(7:<0.187.0>) connect to port 80
=INFO REPORT==== 26-Nov-2019::11:23:06 ===
           ts_client:(6:<0.187.0>) Stopping transaction tr_Get_Root (-576460733697117616)

=INFO REPORT==== 26-Nov-2019::11:23:06 ===
           ts_client:(6:<0.187.0>) Session ending 

=INFO REPORT==== 26-Nov-2019::11:23:07 ===
    ts_config_server:(6:<0.102.0>) Session 1 chosen

=INFO REPORT==== 26-Nov-2019::11:23:07 ===
           ts_client:(6:<0.188.0>) Starting new transaction tr_Get_Root (now-576460733403927845)

=INFO REPORT==== 26-Nov-2019::11:23:07 ===
           ts_client:(7:<0.188.0>) connect to port 80
=INFO REPORT==== 26-Nov-2019::11:23:07 ===
           ts_client:(6:<0.188.0>) Stopping transaction tr_Get_Root (-576460733396018312)

=INFO REPORT==== 26-Nov-2019::11:23:07 ===
           ts_client:(6:<0.188.0>) Session ending 

=INFO REPORT==== 26-Nov-2019::11:23:07 ===
    ts_config_server:(6:<0.102.0>) Session 1 chosen

=INFO REPORT==== 26-Nov-2019::11:23:07 ===
         ts_launcher:(4:<0.155.0>) Need to wait 3.615 sec before changing phase, going to sleep

=INFO REPORT==== 26-Nov-2019::11:23:07 ===
           ts_client:(6:<0.189.0>) Starting new transaction tr_Get_Root (now-576460733287886320)

=INFO REPORT==== 26-Nov-2019::11:23:07 ===
           ts_client:(7:<0.189.0>) connect to port 80
=INFO REPORT==== 26-Nov-2019::11:23:07 ===
           ts_client:(6:<0.189.0>) Stopping transaction tr_Get_Root (-576460733280044168)

=INFO REPORT==== 26-Nov-2019::11:23:07 ===
           ts_client:(6:<0.189.0>) Session ending 

=INFO REPORT==== 26-Nov-2019::11:23:10 ===
         ts_launcher:(5:<0.155.0>) Waking up

=INFO REPORT==== 26-Nov-2019::11:23:10 ===
         ts_launcher:(5:<0.155.0>) Start a new arrival phase (40 users, 0.004); expected duration=10.0 sec

=INFO REPORT==== 26-Nov-2019::11:23:11 ===
    ts_config_server:(6:<0.102.0>) Session 1 chosen

=INFO REPORT==== 26-Nov-2019::11:23:11 ===
           ts_client:(6:<0.191.0>) Starting new transaction tr_Get_Root (now-576460729229921099)

=INFO REPORT==== 26-Nov-2019::11:23:11 ===
           ts_client:(7:<0.191.0>) connect to port 80
=INFO REPORT==== 26-Nov-2019::11:23:11 ===
           ts_client:(6:<0.191.0>) Stopping transaction tr_Get_Root (-576460729222220580)

=INFO REPORT==== 26-Nov-2019::11:23:11 ===
           ts_client:(6:<0.191.0>) Session ending 

=INFO REPORT==== 26-Nov-2019::11:23:11 ===
    ts_config_server:(6:<0.102.0>) Session 1 chosen

=INFO REPORT==== 26-Nov-2019::11:23:11 ===
           ts_client:(6:<0.192.0>) Starting new transaction tr_Get_Root (now-576460729064963339)

=INFO REPORT==== 26-Nov-2019::11:23:11 ===
           ts_client:(7:<0.192.0>) connect to port 80
=INFO REPORT==== 26-Nov-2019::11:23:11 ===
           ts_client:(6:<0.192.0>) Stopping transaction tr_Get_Root (-576460729057204168)

=INFO REPORT==== 26-Nov-2019::11:23:11 ===
           ts_client:(6:<0.192.0>) Session ending 

=INFO REPORT==== 26-Nov-2019::11:23:11 ===
    ts_config_server:(6:<0.102.0>) Session 1 chosen

=INFO REPORT==== 26-Nov-2019::11:23:11 ===
           ts_client:(6:<0.193.0>) Starting new transaction tr_Get_Root (now-576460728990970499)

=INFO REPORT==== 26-Nov-2019::11:23:11 ===
           ts_client:(7:<0.193.0>) connect to port 80
=INFO REPORT==== 26-Nov-2019::11:23:11 ===
           ts_client:(6:<0.193.0>) Stopping transaction tr_Get_Root (-576460728983379601)

=INFO REPORT==== 26-Nov-2019::11:23:11 ===
           ts_client:(6:<0.193.0>) Session ending 

=INFO REPORT==== 26-Nov-2019::11:23:12 ===
    ts_config_server:(6:<0.102.0>) Session 1 chosen

=INFO REPORT==== 26-Nov-2019::11:23:12 ===
           ts_client:(6:<0.194.0>) Starting new transaction tr_Get_Root (now-576460728440968472)

=INFO REPORT==== 26-Nov-2019::11:23:12 ===
           ts_client:(7:<0.194.0>) connect to port 80
=INFO REPORT==== 26-Nov-2019::11:23:12 ===
           ts_client:(6:<0.194.0>) Stopping transaction tr_Get_Root (-576460728433058995)

=INFO REPORT==== 26-Nov-2019::11:23:12 ===
           ts_client:(6:<0.194.0>) Session ending 

=INFO REPORT==== 26-Nov-2019::11:23:12 ===
    ts_config_server:(6:<0.102.0>) Session 1 chosen

=INFO REPORT==== 26-Nov-2019::11:23:12 ===
           ts_client:(6:<0.195.0>) Starting new transaction tr_Get_Root (now-576460727764909729)

=INFO REPORT==== 26-Nov-2019::11:23:12 ===
           ts_client:(7:<0.195.0>) connect to port 80
=INFO REPORT==== 26-Nov-2019::11:23:12 ===
           ts_client:(6:<0.195.0>) Stopping transaction tr_Get_Root (-576460727757030557)

=INFO REPORT==== 26-Nov-2019::11:23:12 ===
           ts_client:(6:<0.195.0>) Session ending 

=INFO REPORT==== 26-Nov-2019::11:23:12 ===
    ts_config_server:(6:<0.102.0>) Session 1 chosen

=INFO REPORT==== 26-Nov-2019::11:23:12 ===
           ts_client:(6:<0.196.0>) Starting new transaction tr_Get_Root (now-576460727703954592)

=INFO REPORT==== 26-Nov-2019::11:23:12 ===
           ts_client:(7:<0.196.0>) connect to port 80
=INFO REPORT==== 26-Nov-2019::11:23:12 ===
           ts_client:(6:<0.196.0>) Stopping transaction tr_Get_Root (-576460727696531586)

=INFO REPORT==== 26-Nov-2019::11:23:12 ===
           ts_client:(6:<0.196.0>) Session ending 

=INFO REPORT==== 26-Nov-2019::11:23:12 ===
    ts_config_server:(6:<0.102.0>) Session 1 chosen

=INFO REPORT==== 26-Nov-2019::11:23:12 ===
           ts_client:(6:<0.197.0>) Starting new transaction tr_Get_Root (now-576460727672974323)

=INFO REPORT==== 26-Nov-2019::11:23:12 ===
           ts_client:(7:<0.197.0>) connect to port 80
=INFO REPORT==== 26-Nov-2019::11:23:12 ===
           ts_client:(6:<0.197.0>) Stopping transaction tr_Get_Root (-576460727665354892)

=INFO REPORT==== 26-Nov-2019::11:23:12 ===
           ts_client:(6:<0.197.0>) Session ending 

=INFO REPORT==== 26-Nov-2019::11:23:13 ===
    ts_config_server:(6:<0.102.0>) Session 1 chosen

=INFO REPORT==== 26-Nov-2019::11:23:13 ===
           ts_client:(6:<0.198.0>) Starting new transaction tr_Get_Root (now-576460727509955509)

=INFO REPORT==== 26-Nov-2019::11:23:13 ===
           ts_client:(7:<0.198.0>) connect to port 80
=INFO REPORT==== 26-Nov-2019::11:23:13 ===
           ts_client:(6:<0.198.0>) Stopping transaction tr_Get_Root (-576460727502453654)

=INFO REPORT==== 26-Nov-2019::11:23:13 ===
           ts_client:(6:<0.198.0>) Session ending 

=INFO REPORT==== 26-Nov-2019::11:23:13 ===
    ts_config_server:(6:<0.102.0>) Session 1 chosen

=INFO REPORT==== 26-Nov-2019::11:23:13 ===
           ts_client:(6:<0.199.0>) Starting new transaction tr_Get_Root (now-576460727426968530)

=INFO REPORT==== 26-Nov-2019::11:23:13 ===
           ts_client:(7:<0.199.0>) connect to port 80
=INFO REPORT==== 26-Nov-2019::11:23:13 ===
           ts_client:(6:<0.199.0>) Stopping transaction tr_Get_Root (-576460727419621928)

=INFO REPORT==== 26-Nov-2019::11:23:13 ===
           ts_client:(6:<0.199.0>) Session ending 

=INFO REPORT==== 26-Nov-2019::11:23:13 ===
    ts_config_server:(6:<0.102.0>) Session 1 chosen

=INFO REPORT==== 26-Nov-2019::11:23:13 ===
           ts_client:(6:<0.200.0>) Starting new transaction tr_Get_Root (now-576460727193951435)

=INFO REPORT==== 26-Nov-2019::11:23:13 ===
           ts_client:(7:<0.200.0>) connect to port 80
=INFO REPORT==== 26-Nov-2019::11:23:13 ===
           ts_client:(6:<0.200.0>) Stopping transaction tr_Get_Root (-576460727175723093)

=INFO REPORT==== 26-Nov-2019::11:23:13 ===
           ts_client:(6:<0.200.0>) Session ending 

=INFO REPORT==== 26-Nov-2019::11:23:13 ===
    ts_config_server:(6:<0.102.0>) Session 1 chosen

=INFO REPORT==== 26-Nov-2019::11:23:13 ===
           ts_client:(6:<0.201.0>) Starting new transaction tr_Get_Root (now-576460727153957481)

=INFO REPORT==== 26-Nov-2019::11:23:13 ===
           ts_client:(7:<0.201.0>) connect to port 80
=INFO REPORT==== 26-Nov-2019::11:23:13 ===
           ts_client:(6:<0.201.0>) Stopping transaction tr_Get_Root (-576460727145977348)

=INFO REPORT==== 26-Nov-2019::11:23:13 ===
           ts_client:(6:<0.201.0>) Session ending 

=INFO REPORT==== 26-Nov-2019::11:23:13 ===
    ts_config_server:(6:<0.102.0>) Session 1 chosen

=INFO REPORT==== 26-Nov-2019::11:23:13 ===
           ts_client:(6:<0.202.0>) Starting new transaction tr_Get_Root (now-576460726923909877)

=INFO REPORT==== 26-Nov-2019::11:23:13 ===
           ts_client:(7:<0.202.0>) connect to port 80
=INFO REPORT==== 26-Nov-2019::11:23:13 ===
           ts_client:(6:<0.202.0>) Stopping transaction tr_Get_Root (-576460726913762243)

=INFO REPORT==== 26-Nov-2019::11:23:13 ===
           ts_client:(6:<0.202.0>) Session ending 

=INFO REPORT==== 26-Nov-2019::11:23:13 ===
    ts_config_server:(6:<0.102.0>) Session 1 chosen

=INFO REPORT==== 26-Nov-2019::11:23:13 ===
           ts_client:(6:<0.203.0>) Starting new transaction tr_Get_Root (now-576460726595922620)

=INFO REPORT==== 26-Nov-2019::11:23:13 ===
           ts_client:(7:<0.203.0>) connect to port 80
=INFO REPORT==== 26-Nov-2019::11:23:13 ===
           ts_client:(6:<0.203.0>) Stopping transaction tr_Get_Root (-576460726588102108)

=INFO REPORT==== 26-Nov-2019::11:23:13 ===
           ts_client:(6:<0.203.0>) Session ending 

=INFO REPORT==== 26-Nov-2019::11:23:13 ===
    ts_config_server:(6:<0.102.0>) Session 1 chosen

=INFO REPORT==== 26-Nov-2019::11:23:13 ===
           ts_client:(6:<0.204.0>) Starting new transaction tr_Get_Root (now-576460726535971846)

=INFO REPORT==== 26-Nov-2019::11:23:13 ===
           ts_client:(7:<0.204.0>) connect to port 80
=INFO REPORT==== 26-Nov-2019::11:23:14 ===
           ts_client:(6:<0.204.0>) Stopping transaction tr_Get_Root (-576460726525544391)

=INFO REPORT==== 26-Nov-2019::11:23:14 ===
           ts_client:(6:<0.204.0>) Session ending 

=INFO REPORT==== 26-Nov-2019::11:23:14 ===
    ts_config_server:(6:<0.102.0>) Session 1 chosen

=INFO REPORT==== 26-Nov-2019::11:23:14 ===
           ts_client:(6:<0.205.0>) Starting new transaction tr_Get_Root (now-576460726220969299)

=INFO REPORT==== 26-Nov-2019::11:23:14 ===
           ts_client:(7:<0.205.0>) connect to port 80
=INFO REPORT==== 26-Nov-2019::11:23:14 ===
           ts_client:(6:<0.205.0>) Stopping transaction tr_Get_Root (-576460726213815116)

=INFO REPORT==== 26-Nov-2019::11:23:14 ===
           ts_client:(6:<0.205.0>) Session ending 

=INFO REPORT==== 26-Nov-2019::11:23:14 ===
    ts_config_server:(6:<0.102.0>) Session 1 chosen

=INFO REPORT==== 26-Nov-2019::11:23:14 ===
           ts_client:(6:<0.206.0>) Starting new transaction tr_Get_Root (now-576460725962903707)

=INFO REPORT==== 26-Nov-2019::11:23:14 ===
           ts_client:(7:<0.206.0>) connect to port 80
=INFO REPORT==== 26-Nov-2019::11:23:14 ===
           ts_client:(6:<0.206.0>) Stopping transaction tr_Get_Root (-576460725955053733)

=INFO REPORT==== 26-Nov-2019::11:23:14 ===
           ts_client:(6:<0.206.0>) Session ending 

=INFO REPORT==== 26-Nov-2019::11:23:14 ===
    ts_config_server:(6:<0.102.0>) Session 1 chosen

=INFO REPORT==== 26-Nov-2019::11:23:14 ===
           ts_client:(6:<0.207.0>) Starting new transaction tr_Get_Root (now-576460725549871400)

=INFO REPORT==== 26-Nov-2019::11:23:14 ===
           ts_client:(7:<0.207.0>) connect to port 80
=INFO REPORT==== 26-Nov-2019::11:23:14 ===
           ts_client:(6:<0.207.0>) Stopping transaction tr_Get_Root (-576460725541706372)

=INFO REPORT==== 26-Nov-2019::11:23:14 ===
           ts_client:(6:<0.207.0>) Session ending 

=INFO REPORT==== 26-Nov-2019::11:23:15 ===
    ts_config_server:(6:<0.102.0>) Session 1 chosen

=INFO REPORT==== 26-Nov-2019::11:23:15 ===
           ts_client:(6:<0.208.0>) Starting new transaction tr_Get_Root (now-576460725456891198)

=INFO REPORT==== 26-Nov-2019::11:23:15 ===
           ts_client:(7:<0.208.0>) connect to port 80
=INFO REPORT==== 26-Nov-2019::11:23:15 ===
           ts_client:(6:<0.208.0>) Stopping transaction tr_Get_Root (-576460725448452966)

=INFO REPORT==== 26-Nov-2019::11:23:15 ===
           ts_client:(6:<0.208.0>) Session ending 

=INFO REPORT==== 26-Nov-2019::11:23:15 ===
    ts_config_server:(6:<0.102.0>) Session 1 chosen

=INFO REPORT==== 26-Nov-2019::11:23:15 ===
           ts_client:(6:<0.209.0>) Starting new transaction tr_Get_Root (now-576460725316888672)

=INFO REPORT==== 26-Nov-2019::11:23:15 ===
           ts_client:(7:<0.209.0>) connect to port 80
=INFO REPORT==== 26-Nov-2019::11:23:15 ===
           ts_client:(6:<0.209.0>) Stopping transaction tr_Get_Root (-576460725309277735)

=INFO REPORT==== 26-Nov-2019::11:23:15 ===
           ts_client:(6:<0.209.0>) Session ending 

=INFO REPORT==== 26-Nov-2019::11:23:15 ===
    ts_config_server:(6:<0.102.0>) Session 1 chosen

=INFO REPORT==== 26-Nov-2019::11:23:15 ===
           ts_client:(6:<0.210.0>) Starting new transaction tr_Get_Root (now-576460725063951140)

=INFO REPORT==== 26-Nov-2019::11:23:15 ===
           ts_client:(7:<0.210.0>) connect to port 80
=INFO REPORT==== 26-Nov-2019::11:23:15 ===
           ts_client:(6:<0.210.0>) Stopping transaction tr_Get_Root (-576460725056307861)

=INFO REPORT==== 26-Nov-2019::11:23:15 ===
           ts_client:(6:<0.210.0>) Session ending 

=INFO REPORT==== 26-Nov-2019::11:23:15 ===
    ts_config_server:(6:<0.102.0>) Session 1 chosen

=INFO REPORT==== 26-Nov-2019::11:23:15 ===
           ts_client:(6:<0.211.0>) Starting new transaction tr_Get_Root (now-576460724909941591)

=INFO REPORT==== 26-Nov-2019::11:23:15 ===
           ts_client:(7:<0.211.0>) connect to port 80
=INFO REPORT==== 26-Nov-2019::11:23:15 ===
           ts_client:(6:<0.211.0>) Stopping transaction tr_Get_Root (-576460724902278453)

=INFO REPORT==== 26-Nov-2019::11:23:15 ===
           ts_client:(6:<0.211.0>) Session ending 

=INFO REPORT==== 26-Nov-2019::11:23:16 ===
    ts_config_server:(6:<0.102.0>) Session 1 chosen

=INFO REPORT==== 26-Nov-2019::11:23:16 ===
           ts_client:(6:<0.212.0>) Starting new transaction tr_Get_Root (now-576460724415970290)

=INFO REPORT==== 26-Nov-2019::11:23:16 ===
           ts_client:(7:<0.212.0>) connect to port 80
=INFO REPORT==== 26-Nov-2019::11:23:16 ===
           ts_client:(6:<0.212.0>) Stopping transaction tr_Get_Root (-576460724407586466)

=INFO REPORT==== 26-Nov-2019::11:23:16 ===
           ts_client:(6:<0.212.0>) Session ending 

=INFO REPORT==== 26-Nov-2019::11:23:16 ===
    ts_config_server:(6:<0.102.0>) Session 1 chosen

=INFO REPORT==== 26-Nov-2019::11:23:16 ===
           ts_client:(6:<0.213.0>) Starting new transaction tr_Get_Root (now-576460724138969371)

=INFO REPORT==== 26-Nov-2019::11:23:16 ===
           ts_client:(7:<0.213.0>) connect to port 80
=INFO REPORT==== 26-Nov-2019::11:23:16 ===
           ts_client:(6:<0.213.0>) Stopping transaction tr_Get_Root (-576460724131311755)

=INFO REPORT==== 26-Nov-2019::11:23:16 ===
           ts_client:(6:<0.213.0>) Session ending 

=INFO REPORT==== 26-Nov-2019::11:23:16 ===
    ts_config_server:(6:<0.102.0>) Session 1 chosen

=INFO REPORT==== 26-Nov-2019::11:23:16 ===
           ts_client:(6:<0.214.0>) Starting new transaction tr_Get_Root (now-576460724088971876)

=INFO REPORT==== 26-Nov-2019::11:23:16 ===
           ts_client:(7:<0.214.0>) connect to port 80
=INFO REPORT==== 26-Nov-2019::11:23:16 ===
           ts_client:(6:<0.214.0>) Stopping transaction tr_Get_Root (-576460724081515988)

=INFO REPORT==== 26-Nov-2019::11:23:16 ===
           ts_client:(6:<0.214.0>) Session ending 

=INFO REPORT==== 26-Nov-2019::11:23:16 ===
    ts_config_server:(6:<0.102.0>) Session 1 chosen

=INFO REPORT==== 26-Nov-2019::11:23:16 ===
           ts_client:(6:<0.215.0>) Starting new transaction tr_Get_Root (now-576460723856955597)

=INFO REPORT==== 26-Nov-2019::11:23:16 ===
           ts_client:(7:<0.215.0>) connect to port 80
=INFO REPORT==== 26-Nov-2019::11:23:16 ===
           ts_client:(6:<0.215.0>) Stopping transaction tr_Get_Root (-576460723847185480)

=INFO REPORT==== 26-Nov-2019::11:23:16 ===
           ts_client:(6:<0.215.0>) Session ending 

=INFO REPORT==== 26-Nov-2019::11:23:16 ===
    ts_config_server:(6:<0.102.0>) Session 1 chosen

=INFO REPORT==== 26-Nov-2019::11:23:16 ===
           ts_client:(6:<0.216.0>) Starting new transaction tr_Get_Root (now-576460723671965637)

=INFO REPORT==== 26-Nov-2019::11:23:16 ===
           ts_client:(7:<0.216.0>) connect to port 80
=INFO REPORT==== 26-Nov-2019::11:23:16 ===
           ts_client:(6:<0.216.0>) Stopping transaction tr_Get_Root (-576460723664125811)

=INFO REPORT==== 26-Nov-2019::11:23:16 ===
           ts_client:(6:<0.216.0>) Session ending 

=INFO REPORT==== 26-Nov-2019::11:23:17 ===
    ts_config_server:(6:<0.102.0>) Session 1 chosen

=INFO REPORT==== 26-Nov-2019::11:23:17 ===
           ts_client:(6:<0.217.0>) Starting new transaction tr_Get_Root (now-576460723360919090)

=INFO REPORT==== 26-Nov-2019::11:23:17 ===
           ts_client:(7:<0.217.0>) connect to port 80
=INFO REPORT==== 26-Nov-2019::11:23:17 ===
           ts_client:(6:<0.217.0>) Stopping transaction tr_Get_Root (-576460723351859741)

=INFO REPORT==== 26-Nov-2019::11:23:17 ===
           ts_client:(6:<0.217.0>) Session ending 

=INFO REPORT==== 26-Nov-2019::11:23:17 ===
    ts_config_server:(6:<0.102.0>) Session 1 chosen

=INFO REPORT==== 26-Nov-2019::11:23:17 ===
           ts_client:(6:<0.218.0>) Starting new transaction tr_Get_Root (now-576460722620963178)

=INFO REPORT==== 26-Nov-2019::11:23:17 ===
           ts_client:(7:<0.218.0>) connect to port 80
=INFO REPORT==== 26-Nov-2019::11:23:17 ===
           ts_client:(6:<0.218.0>) Stopping transaction tr_Get_Root (-576460722613479506)

=INFO REPORT==== 26-Nov-2019::11:23:17 ===
           ts_client:(6:<0.218.0>) Session ending 

=INFO REPORT==== 26-Nov-2019::11:23:18 ===
    ts_config_server:(6:<0.102.0>) Session 1 chosen

=INFO REPORT==== 26-Nov-2019::11:23:18 ===
           ts_client:(6:<0.219.0>) Starting new transaction tr_Get_Root (now-576460722280954564)

=INFO REPORT==== 26-Nov-2019::11:23:18 ===
           ts_client:(7:<0.219.0>) connect to port 80
=INFO REPORT==== 26-Nov-2019::11:23:18 ===
           ts_client:(6:<0.219.0>) Stopping transaction tr_Get_Root (-576460722273341710)

=INFO REPORT==== 26-Nov-2019::11:23:18 ===
           ts_client:(6:<0.219.0>) Session ending 

=INFO REPORT==== 26-Nov-2019::11:23:18 ===
    ts_config_server:(6:<0.102.0>) Session 1 chosen

=INFO REPORT==== 26-Nov-2019::11:23:18 ===
           ts_client:(6:<0.220.0>) Starting new transaction tr_Get_Root (now-576460722038970679)

=INFO REPORT==== 26-Nov-2019::11:23:18 ===
           ts_client:(7:<0.220.0>) connect to port 80
=INFO REPORT==== 26-Nov-2019::11:23:18 ===
           ts_client:(6:<0.220.0>) Stopping transaction tr_Get_Root (-576460722029524665)

=INFO REPORT==== 26-Nov-2019::11:23:18 ===
           ts_client:(6:<0.220.0>) Session ending 

=INFO REPORT==== 26-Nov-2019::11:23:18 ===
    ts_config_server:(6:<0.102.0>) Session 1 chosen

=INFO REPORT==== 26-Nov-2019::11:23:18 ===
           ts_client:(6:<0.222.0>) Starting new transaction tr_Get_Root (now-576460721652960436)

=INFO REPORT==== 26-Nov-2019::11:23:18 ===
           ts_client:(7:<0.222.0>) connect to port 80
=INFO REPORT==== 26-Nov-2019::11:23:18 ===
           ts_client:(6:<0.222.0>) Stopping transaction tr_Get_Root (-576460721645595149)

=INFO REPORT==== 26-Nov-2019::11:23:18 ===
           ts_client:(6:<0.222.0>) Session ending 

=INFO REPORT==== 26-Nov-2019::11:23:19 ===
    ts_config_server:(6:<0.102.0>) Session 1 chosen

=INFO REPORT==== 26-Nov-2019::11:23:19 ===
           ts_client:(6:<0.223.0>) Starting new transaction tr_Get_Root (now-576460721519969861)

=INFO REPORT==== 26-Nov-2019::11:23:19 ===
           ts_client:(7:<0.223.0>) connect to port 80
=INFO REPORT==== 26-Nov-2019::11:23:19 ===
           ts_client:(6:<0.223.0>) Stopping transaction tr_Get_Root (-576460721512053031)

=INFO REPORT==== 26-Nov-2019::11:23:19 ===
           ts_client:(6:<0.223.0>) Session ending 

=INFO REPORT==== 26-Nov-2019::11:23:19 ===
    ts_config_server:(6:<0.102.0>) Session 1 chosen

=INFO REPORT==== 26-Nov-2019::11:23:19 ===
           ts_client:(6:<0.224.0>) Starting new transaction tr_Get_Root (now-576460721444962117)

=INFO REPORT==== 26-Nov-2019::11:23:19 ===
           ts_client:(7:<0.224.0>) connect to port 80
=INFO REPORT==== 26-Nov-2019::11:23:19 ===
           ts_client:(6:<0.224.0>) Stopping transaction tr_Get_Root (-576460721435317218)

=INFO REPORT==== 26-Nov-2019::11:23:19 ===
           ts_client:(6:<0.224.0>) Session ending 

=INFO REPORT==== 26-Nov-2019::11:23:19 ===
    ts_config_server:(6:<0.102.0>) Session 1 chosen

=INFO REPORT==== 26-Nov-2019::11:23:19 ===
           ts_client:(6:<0.225.0>) Starting new transaction tr_Get_Root (now-576460721320969892)

=INFO REPORT==== 26-Nov-2019::11:23:19 ===
           ts_client:(7:<0.225.0>) connect to port 80
=INFO REPORT==== 26-Nov-2019::11:23:19 ===
           ts_client:(6:<0.225.0>) Stopping transaction tr_Get_Root (-576460721313228334)

=INFO REPORT==== 26-Nov-2019::11:23:19 ===
           ts_client:(6:<0.225.0>) Session ending 

=INFO REPORT==== 26-Nov-2019::11:23:19 ===
    ts_config_server:(6:<0.102.0>) Session 1 chosen

=INFO REPORT==== 26-Nov-2019::11:23:19 ===
           ts_client:(6:<0.226.0>) Starting new transaction tr_Get_Root (now-576460721113951450)

=INFO REPORT==== 26-Nov-2019::11:23:19 ===
           ts_client:(7:<0.226.0>) connect to port 80
=INFO REPORT==== 26-Nov-2019::11:23:19 ===
           ts_client:(6:<0.226.0>) Stopping transaction tr_Get_Root (-576460721106224895)

=INFO REPORT==== 26-Nov-2019::11:23:19 ===
           ts_client:(6:<0.226.0>) Session ending 

=INFO REPORT==== 26-Nov-2019::11:23:19 ===
    ts_config_server:(6:<0.102.0>) Session 1 chosen

=INFO REPORT==== 26-Nov-2019::11:23:19 ===
           ts_client:(6:<0.227.0>) Starting new transaction tr_Get_Root (now-576460720925970060)

=INFO REPORT==== 26-Nov-2019::11:23:19 ===
           ts_client:(7:<0.227.0>) connect to port 80
=INFO REPORT==== 26-Nov-2019::11:23:19 ===
    ts_config_server:(6:<0.102.0>) Session 1 chosen

=INFO REPORT==== 26-Nov-2019::11:23:19 ===
           ts_client:(6:<0.228.0>) Starting new transaction tr_Get_Root (now-576460720922973804)

=INFO REPORT==== 26-Nov-2019::11:23:19 ===
           ts_client:(7:<0.228.0>) connect to port 80
=INFO REPORT==== 26-Nov-2019::11:23:19 ===
           ts_client:(6:<0.227.0>) Stopping transaction tr_Get_Root (-576460720916833868)

=INFO REPORT==== 26-Nov-2019::11:23:19 ===
           ts_client:(6:<0.227.0>) Session ending 

=INFO REPORT==== 26-Nov-2019::11:23:19 ===
           ts_client:(6:<0.228.0>) Stopping transaction tr_Get_Root (-576460720874878387)

=INFO REPORT==== 26-Nov-2019::11:23:19 ===
           ts_client:(6:<0.228.0>) Session ending 

=INFO REPORT==== 26-Nov-2019::11:23:19 ===
    ts_config_server:(6:<0.102.0>) Session 1 chosen

=INFO REPORT==== 26-Nov-2019::11:23:19 ===
           ts_client:(6:<0.229.0>) Starting new transaction tr_Get_Root (now-576460720855962057)

=INFO REPORT==== 26-Nov-2019::11:23:19 ===
           ts_client:(7:<0.229.0>) connect to port 80
=INFO REPORT==== 26-Nov-2019::11:23:19 ===
           ts_client:(6:<0.229.0>) Stopping transaction tr_Get_Root (-576460720848468978)

=INFO REPORT==== 26-Nov-2019::11:23:19 ===
           ts_client:(6:<0.229.0>) Session ending 

=INFO REPORT==== 26-Nov-2019::11:23:20 ===
    ts_config_server:(6:<0.102.0>) Session 1 chosen

=INFO REPORT==== 26-Nov-2019::11:23:20 ===
           ts_client:(6:<0.230.0>) Starting new transaction tr_Get_Root (now-576460720253947380)

=INFO REPORT==== 26-Nov-2019::11:23:20 ===
           ts_client:(7:<0.230.0>) connect to port 80
=INFO REPORT==== 26-Nov-2019::11:23:20 ===
           ts_client:(6:<0.230.0>) Stopping transaction tr_Get_Root (-576460720246538511)

=INFO REPORT==== 26-Nov-2019::11:23:20 ===
           ts_client:(6:<0.230.0>) Session ending 

=INFO REPORT==== 26-Nov-2019::11:23:20 ===
    ts_config_server:(6:<0.102.0>) Session 1 chosen

=INFO REPORT==== 26-Nov-2019::11:23:20 ===
         ts_launcher:(5:<0.155.0>) This was the last phase, wait for connected users to finish their session

=INFO REPORT==== 26-Nov-2019::11:23:20 ===
         ts_launcher:(6:<0.155.0>) launcher terminating for reason normal

=INFO REPORT==== 26-Nov-2019::11:23:20 ===
     ts_launcher_mgr:(6:<0.149.0>) All launchers are done on node 'tsung_controller@ip-172-31-20-100', wait for active clients to finish

=INFO REPORT==== 26-Nov-2019::11:23:20 ===
     ts_launcher_mgr:(7:<0.149.0>) Still 1 active client(s)

=INFO REPORT==== 26-Nov-2019::11:23:20 ===
           ts_client:(6:<0.231.0>) Starting new transaction tr_Get_Root (now-576460720043920039)

=INFO REPORT==== 26-Nov-2019::11:23:20 ===
           ts_client:(7:<0.231.0>) connect to port 80
=INFO REPORT==== 26-Nov-2019::11:23:20 ===
           ts_client:(6:<0.231.0>) Stopping transaction tr_Get_Root (-576460720035661771)

=INFO REPORT==== 26-Nov-2019::11:23:20 ===
           ts_client:(6:<0.231.0>) Session ending 

=INFO REPORT==== 26-Nov-2019::11:23:25 ===
     ts_launcher_mgr:(5:<0.149.0>) No more active users 'tsung_controller@ip-172-31-20-100' "9010"

=INFO REPORT==== 26-Nov-2019::11:23:25 ===
              ts_mon:(6:<0.103.0>) Stop asked, no more users, last launcher stopped, OK to stop
