# stats: dump at 1574767378
stats: users 0 1
stats: {freemem,"tsung_controller@ip-172-31-20-100"} 1 731.68359375 0 731.68359375 731.68359375 0 0
stats: {load,"tsung_controller@ip-172-31-20-100"} 1 0.0 0 0.0 0.0 0 0
stats: {cpu,"tsung_controller@ip-172-31-20-100"} 1 0.2407428286740844 0 0.2407428286740844 0.2407428286740844 0 0
stats: session 9 11.767444444444445 3.6638022178275436 20.943 9.376 0 0
stats: users_count 9 9
stats: finish_users_count 9 9
stats: request 9 9.397888888888886 2.600526632325094 14.959 7.472 0 0
stats: 200 9 9
stats: connect 9 1.6641111111111113 2.2068263509415234 7.9 0.768 0 0
stats: page 9 9.397888888888886 2.600526632325094 14.959 7.472 0 0
stats: tr_Get_Root 9 9.896555555555555 3.531768178849766 18.627 7.57 0 0
stats: size_rcv 12330 12330
stats: size_sent 846 846
stats: connected 0 0
# stats: dump at 1574767388
stats: users 0 2
stats: {freemem,"tsung_controller@ip-172-31-20-100"} 1 733.0234375 0.0 733.0234375 731.68359375 731.68359375 1
stats: {load,"tsung_controller@ip-172-31-20-100"} 1 0.0 0.0 0.0 0.0 0.0 1
stats: {recvpackets,"tsung_controller@ip-172-31-20-100"} 1 79 0 79 79 0 0
stats: {sentpackets,"tsung_controller@ip-172-31-20-100"} 1 88 0 88 88 0 0
stats: {cpu,"tsung_controller@ip-172-31-20-100"} 1 0.35000000000000003 0.0 0.35000000000000003 0.2407428286740844 0.2407428286740844 1
stats: session 21 14.888000000000002 13.787732428641394 72.773 9.049 11.767444444444445 9
stats: users_count 21 30
stats: finish_users_count 21 30
stats: request 21 12.393857142857147 13.866866069831334 70.817 7.076 9.397888888888886 9
stats: connect 21 5.217285714285713 13.223797754851836 61.833 0.651 1.6641111111111113 9
stats: page 21 12.393857142857147 13.866866069831334 70.817 7.076 9.397888888888886 9
stats: tr_Get_Root 21 12.534809523809521 13.857658283655862 70.926 7.188 9.896555555555555 9
stats: 200 21 30
stats: size_rcv 28770 41100
stats: newphase 1 1
stats: size_sent 1974 2820
stats: connected 0 0
# stats: dump at 1574767398
stats: users 0 2
stats: {freemem,"tsung_controller@ip-172-31-20-100"} 1 733.18359375 0.0 733.18359375 731.68359375 732.353515625 2
stats: {load,"tsung_controller@ip-172-31-20-100"} 1 0.0 0.0 0.0 0.0 0.0 2
stats: {recvpackets,"tsung_controller@ip-172-31-20-100"} 1 146.0 0.0 146 79 79.0 1
stats: {sentpackets,"tsung_controller@ip-172-31-20-100"} 1 167.0 0.0 167 88 88.0 1
stats: {cpu,"tsung_controller@ip-172-31-20-100"} 1 0.5480817140009965 0.0 0.5480817140009965 0.2407428286740844 0.2953714143370422 2
stats: session 30 10.173633333333337 1.9995498907393023 72.773 8.887 13.951833333333335 30
stats: users_count 30 60
stats: finish_users_count 30 60
stats: request 29 8.238758620689655 2.0256734368526708 70.817 7.015 11.495066666666668 30
stats: connect 29 0.8500344827586207 0.28644774245185967 61.833 0.651 4.151333333333333 30
stats: page 29 8.238758620689655 2.0256734368526708 70.817 7.015 11.495066666666668 30
stats: tr_Get_Root 29 8.383034482758621 2.0256466567793323 70.926 7.154 11.743333333333332 30
stats: 200 29 59
stats: size_rcv 39730 80830
stats: newphase 1 2
stats: size_sent 2726 5546
stats: connected 0 0
# stats: dump at 1574767405
stats: users 0 2
stats: {freemem,"tsung_controller@ip-172-31-20-100"} 1 733.22265625 0.0 733.22265625 731.68359375 732.6302083333334 3
stats: {load,"tsung_controller@ip-172-31-20-100"} 1 0.0 0.0 0.0 0.0 0.0 3
stats: {recvpackets,"tsung_controller@ip-172-31-20-100"} 1 266.0 0.0 266 79 112.5 2
stats: {sentpackets,"tsung_controller@ip-172-31-20-100"} 1 305.0 0.0 305 88 127.5 2
stats: {cpu,"tsung_controller@ip-172-31-20-100"} 1 0.6975585450921774 0.0 0.6975585450921774 0.2407428286740844 0.3796081808916936 3
stats: session 10 13.849700000000002 12.0759016644721 72.773 8.887 12.062733333333336 60
stats: users_count 10 70
stats: finish_users_count 10 70
stats: page 11 11.696181818181822 11.49362374867183 70.817 7.015 9.894508474576272 59
stats: request 11 11.696181818181822 11.49362374867183 70.817 7.015 9.894508474576272 59
stats: connect 11 0.7955454545454544 0.06612847500594256 61.833 0.626 2.528661016949152 59
stats: tr_Get_Root 11 11.838909090909091 11.492330386784406 70.926 7.154 10.091661016949152 59
stats: 200 11 70
stats: size_rcv 15070 95900
stats: newphase 0 2
stats: size_sent 1034 6580
stats: connected 0 0
EndMonitor:{1574,767406,148}
