# stats: dump at 1575458911
stats: users 15 15
stats: {load,"tsung_controller@ip-172-31-26-119"} 1 0.03125 0 0.03125 0.03125 0 0
stats: {cpu,"tsung_controller@ip-172-31-26-119"} 1 0.9892019269489478 0 0.9892019269489478 0.9892019269489478 0 0
stats: {freemem,"tsung_controller@ip-172-31-26-119"} 1 738.23828125 0 738.23828125 738.23828125 0 0
stats: users_count 15 15
stats: finish_users_count 0 0
stats: connect 15 2.9848666666666674 4.31489122097984 15.945 1.039 0 0
stats: page 39 82.56097435897436 60.6059471341302 243.583 6.777 0 0
stats: request 39 82.56097435897436 60.6059471341302 243.583 6.777 0 0
stats: 302 7 7
stats: tr_Get_Root 15 99.59433333333332 53.27506336948106 243.675 48.201 0 0
stats: 200 32 32
stats: tr_Redirect_Root 6 93.8045 19.44688004753804 117.81 55.871 0 0
stats: size_rcv 218409 218409
stats: tr_Get_Register 11 9.602727272727272 2.5922959318617753 16.803 6.935 0 0
stats: size_sent 15671 15671
stats: tr_Post_Register 7 152.43171428571426 11.960571650388697 170.203 134.326 0 0
stats: connected 15 15
# stats: dump at 1575458921
stats: users 37 37
stats: {load,"tsung_controller@ip-172-31-26-119"} 1 0.03125 0.0 0.03125 0.03125 0.03125 1
stats: {recvpackets,"tsung_controller@ip-172-31-26-119"} 1 370 0 370 370 0 0
stats: {sentpackets,"tsung_controller@ip-172-31-26-119"} 1 223 0 223 223 0 0
stats: {cpu,"tsung_controller@ip-172-31-26-119"} 1 0.25037556334501754 0.0 0.9892019269489478 0.25037556334501754 0.9892019269489478 1
stats: {freemem,"tsung_controller@ip-172-31-26-119"} 1 729.9296875 0.0 738.23828125 729.9296875 738.23828125 1
stats: users_count 22 37
stats: finish_users_count 0 0
stats: connect 22 2.5861818181818177 3.7348088503644106 18.228 1.039 2.9848666666666674 15
stats: request 82 165.65795121951223 105.10639805569176 495.12 6.777 82.56097435897436 39
stats: page 82 165.65795121951223 105.10639805569176 495.12 6.777 82.56097435897436 39
stats: 302 21 28
stats: tr_Get_Root 21 198.01980952380953 63.667226069558666 338.269 48.201 99.59433333333332 15
stats: 200 61 93
stats: tr_Redirect_Root 19 218.21336842105265 98.91446557357712 495.211 55.871 93.8045 6
stats: size_rcv 420611 639020
stats: tr_Get_Register 21 31.50419047619048 47.04667496536872 159.933 6.935 9.602727272727272 11
stats: newphase 1 1
stats: tr_Post_Register 21 220.47233333333332 58.8117276580699 327.708 134.326 152.43171428571426 7
stats: size_sent 41669 57340
stats: connected 22 37
# stats: dump at 1575458931
stats: users 74 74
stats: {load,"tsung_controller@ip-172-31-26-119"} 1 0.01953125 0.0 0.03125 0.01953125 0.03125 2
stats: {recvpackets,"tsung_controller@ip-172-31-26-119"} 1 632.0 0.0 632 370 370.0 1
stats: {sentpackets,"tsung_controller@ip-172-31-26-119"} 1 372.0 0.0 372 223 223.0 1
stats: {cpu,"tsung_controller@ip-172-31-26-119"} 1 0.4995004995004995 0.0 0.9892019269489478 0.25037556334501754 0.6197887451469827 2
stats: {freemem,"tsung_controller@ip-172-31-26-119"} 1 719.32421875 0.0 738.23828125 719.32421875 734.083984375 2
stats: users_count 37 74
stats: finish_users_count 0 0
stats: tr_Get_Root 35 387.5255428571428 167.47208791460366 773.6 48.201 157.00919444444446 36
stats: request 115 269.92666956521714 210.48209375988017 837.253 6.777 138.87462809917358 121
stats: 302 25 53
stats: connect 34 3.1037647058823525 5.682090377870079 28.31 1.039 2.747810810810811 37
stats: page 115 269.92666956521714 210.48209375988017 837.253 6.777 138.87462809917358 121
stats: tr_Redirect_Root 23 420.48247826086947 186.04967380593013 837.341 55.871 188.35524 25
stats: 200 90 183
stats: tr_Get_Register 32 25.127500000000005 45.99264534479943 272.534 6.935 23.975562500000002 32
stats: size_rcv 610670 1249690
stats: tr_Post_Register 25 280.7610400000001 113.52735382364202 574.714 134.326 203.46217857142855 28
stats: newphase 0 1
stats: size_sent 52088 109428
stats: connected 34 71
# stats: dump at 1575458941
stats: users 78 79
stats: {load,"tsung_controller@ip-172-31-26-119"} 1 0.01953125 0.0 0.03125 0.01953125 0.02734375 3
stats: {recvpackets,"tsung_controller@ip-172-31-26-119"} 1 857.0 0.0 857 370 501.0 2
stats: {sentpackets,"tsung_controller@ip-172-31-26-119"} 1 503.0 0.0 503 223 297.5 2
stats: {cpu,"tsung_controller@ip-172-31-26-119"} 1 0.501002004008016 0.0 0.9892019269489478 0.25037556334501754 0.5796926632648216 3
stats: {freemem,"tsung_controller@ip-172-31-26-119"} 1 704.37109375 0.0 738.23828125 704.37109375 729.1640625 3
stats: session 1 34983.24 0 34983.24 34983.24 0 0
stats: users_count 5 79
stats: finish_users_count 1 1
stats: request 77 1116.6492207792207 4697.824639331758 30766.682 6.777 202.73473305084732 236
stats: page 77 1116.6492207792207 4697.824639331758 30766.682 6.777 202.73473305084732 236
stats: connect 8 4.994750000000001 6.648533367405176 28.31 0.998 2.918267605633803 71
stats: tr_Get_Root 8 589.03225 295.500456436513 1063.049 48.201 270.64401408450703 71
stats: 302 26 79
stats: tr_Redirect_Root 25 528.5700799999998 200.12008249686886 916.594 55.871 299.582875 48
stats: 200 51 234
stats: tr_Post_New_Post 1 45.225 0 45.225 45.225 0 0
stats: size_rcv 587901 1837591
stats: tr_Get_New_Post 1 64.264 0 64.264 64.264 0 0
stats: newphase 0 1
stats: tr_Redirect_To_New_Post 1 104.714 0 104.714 104.714 0 0
stats: size_sent 54103 163531
stats: tr_Get_Register 14 16.058357142857144 7.583237365655749 272.534 6.935 24.551531250000004 64
stats: connected 7 78
stats: tr_Post_Register 25 319.35504 184.26565731431998 765.118 134.326 239.92390566037741 53
stats: tr_Get_Book 2 29822.208 944.6180000000013 30766.826 28877.59 0 0
# stats: dump at 1575458951
stats: users 78 79
stats: {load,"tsung_controller@ip-172-31-26-119"} 1 0.01953125 0.0 0.03125 0.01953125 0.025390625 4
stats: {recvpackets,"tsung_controller@ip-172-31-26-119"} 1 582.0 0.0 857 370 619.6666666666666 3
stats: {sentpackets,"tsung_controller@ip-172-31-26-119"} 1 252.0 0.0 503 223 366.0 3
stats: {cpu,"tsung_controller@ip-172-31-26-119"} 1 0.25012506253126565 0.0 0.9892019269489478 0.25012506253126565 0.5600199984506202 4
stats: {freemem,"tsung_controller@ip-172-31-26-119"} 1 697.77734375 0.0 738.23828125 697.77734375 722.9658203125 4
stats: session 0 0 0 34983.24 34983.24 34983.24 1
stats: users_count 0 79
stats: finish_users_count 0 1
stats: request 4 11526.25475 13884.988164039685 35574.022 6.777 427.5635367412139 313
stats: page 4 11526.25475 13884.988164039685 35574.022 6.777 427.5635367412139 313
stats: connect 0 0 0 28.31 0.998 3.1285443037974683 79
stats: tr_Get_Root 0 0 0 1063.049 48.201 302.88586075949365 79
stats: 302 0 79
stats: tr_Redirect_Root 1 3655.354 0.0 3655.354 55.871 378.0031506849314 73
stats: 200 4 238
stats: tr_Post_New_Post 0 0 0 45.225 45.225 45.225 1
stats: size_rcv 133456 1971047
stats: tr_Get_New_Post 1 3637.949 0.0 3637.949 64.264 64.264 1
stats: newphase 0 1
stats: tr_Redirect_To_New_Post 0 0 0 104.714 104.714 104.714 1
stats: size_sent 4982 168513
stats: tr_Get_Register 1 3238.102 0.0 3238.102 6.935 23.02711538461539 78
stats: connected 0 78
stats: tr_Post_Register 0 0 0 765.118 134.326 265.38260256410257 78
stats: tr_Get_Book 1 35574.151 0.0 35574.151 28877.59 29822.208 2
# stats: dump at 1575458961
stats: users 78 79
stats: {load,"tsung_controller@ip-172-31-26-119"} 1 0.01171875 0.0 0.03125 0.01171875 0.02421875 5
stats: {recvpackets,"tsung_controller@ip-172-31-26-119"} 1 105.0 0.0 857 105 610.25 4
stats: {sentpackets,"tsung_controller@ip-172-31-26-119"} 1 24.0 0.0 503 24 337.5 4
stats: {cpu,"tsung_controller@ip-172-31-26-119"} 1 0.05 0.0 0.9892019269489478 0.05 0.4980410112667493 5
stats: {freemem,"tsung_controller@ip-172-31-26-119"} 1 695.97265625 0.0 738.23828125 695.97265625 717.928125 5
stats: session 0 0 0 34983.24 34983.24 34983.24 1
stats: users_count 0 79
stats: finish_users_count 0 1
stats: request 0 0 0 35574.022 6.777 567.6101135646686 317
stats: page 0 0 0 35574.022 6.777 567.6101135646686 317
stats: tr_Get_Root 0 0 0 1063.049 48.201 302.88586075949365 79
stats: 302 0 79
stats: connect 0 0 0 28.31 0.998 3.1285443037974683 79
stats: tr_Redirect_Root 0 0 0 3655.354 55.871 422.2916756756756 74
stats: 200 0 238
stats: tr_Post_New_Post 0 0 0 45.225 45.225 45.225 1
stats: size_rcv 0 1971047
stats: tr_Get_New_Post 0 0 0 3637.949 64.264 1851.1065 2
stats: newphase 0 1
stats: tr_Redirect_To_New_Post 0 0 0 104.714 104.714 104.714 1
stats: size_sent 0 168513
stats: tr_Get_Register 0 0 0 3238.102 6.935 63.724265822784815 79
stats: connected 0 78
stats: tr_Post_Register 0 0 0 765.118 134.326 265.38260256410257 78
stats: tr_Get_Book 0 0 0 35574.151 28877.59 31739.52233333333 3
# stats: dump at 1575458971
stats: users 78 79
stats: {load,"tsung_controller@ip-172-31-26-119"} 1 0.01171875 0.0 0.03125 0.01171875 0.022135416666666668 6
stats: {recvpackets,"tsung_controller@ip-172-31-26-119"} 1 1.0 0.0 857 1 509.2 5
stats: {sentpackets,"tsung_controller@ip-172-31-26-119"} 1 1.0 0.0 503 1 274.8 5
stats: {cpu,"tsung_controller@ip-172-31-26-119"} 1 0.1 0.0 0.9892019269489478 0.05 0.42336750938895773 6
stats: {freemem,"tsung_controller@ip-172-31-26-119"} 1 696.10546875 0.0 738.23828125 695.97265625 714.2688802083334 6
stats: session 0 0 0 34983.24 34983.24 34983.24 1
stats: users_count 0 79
stats: finish_users_count 0 1
stats: request 2 60010.023 11.836999999999534 60021.86 6.777 567.6101135646686 317
stats: page 2 60010.023 11.836999999999534 60021.86 6.777 567.6101135646686 317
stats: connect 0 0 0 28.31 0.998 3.1285443037974683 79
stats: tr_Get_Root 0 0 0 1063.049 48.201 302.88586075949365 79
stats: 302 0 79
stats: tr_Redirect_Root 0 0 0 3655.354 55.871 422.2916756756756 74
stats: 504 2 2
stats: tr_Post_New_Post 0 0 0 45.225 45.225 45.225 1
stats: 200 0 238
stats: tr_Get_New_Post 0 0 0 3637.949 64.264 1851.1065 2
stats: size_rcv 658 1971705
stats: tr_Redirect_To_New_Post 0 0 0 104.714 104.714 104.714 1
stats: newphase 0 1
stats: tr_Get_Register 0 0 0 3238.102 6.935 63.724265822784815 79
stats: size_sent 862 169375
stats: tr_Post_Register 0 0 0 765.118 134.326 265.38260256410257 78
stats: connected 0 78
stats: tr_Get_Book 2 60010.167 11.853000000000975 60022.02 28877.59 31739.52233333333 3
# stats: dump at 1575458981
stats: users 78 79
stats: {load,"tsung_controller@ip-172-31-26-119"} 1 0.01171875 0.0 0.03125 0.01171875 0.020647321428571428 7
stats: {recvpackets,"tsung_controller@ip-172-31-26-119"} 1 7.0 0.0 857 1 424.5 6
stats: {sentpackets,"tsung_controller@ip-172-31-26-119"} 1 7.0 0.0 503 1 229.16666666666666 6
stats: {cpu,"tsung_controller@ip-172-31-26-119"} 1 0.05 0.0 0.9892019269489478 0.05 0.3771721509048209 7
stats: {freemem,"tsung_controller@ip-172-31-26-119"} 1 696.11328125 0.0 738.23828125 695.97265625 711.6741071428571 7
stats: session 0 0 0 34983.24 34983.24 34983.24 1
stats: users_count 0 79
stats: finish_users_count 0 1
stats: request 14 60003.739142857135 6.8378916848538775 60025.852 6.777 940.289818181818 319
stats: connect 0 0 0 28.31 0.998 3.1285443037974683 79
stats: page 14 60003.739142857135 6.8378916848538775 60025.852 6.777 940.289818181818 319
stats: tr_Get_Root 0 0 0 1063.049 48.201 302.88586075949365 79
stats: 302 0 79
stats: tr_Redirect_Root 0 0 0 3655.354 55.871 422.2916756756756 74
stats: 504 14 16
stats: tr_Post_New_Post 0 0 0 45.225 45.225 45.225 1
stats: 200 0 238
stats: tr_Get_New_Post 0 0 0 3637.949 64.264 1851.1065 2
stats: size_rcv 4606 1976311
stats: tr_Redirect_To_New_Post 0 0 0 104.714 104.714 104.714 1
stats: newphase 0 1
stats: tr_Get_Register 0 0 0 3238.102 6.935 63.724265822784815 79
stats: size_sent 4767 174142
stats: tr_Post_Register 0 0 0 765.118 134.326 265.38260256410257 78
stats: connected 0 78
stats: tr_Get_Book 14 60003.88121428572 6.859442773900169 60026.074 28877.59 43047.7802 5
# stats: dump at 1575458991
stats: users 78 79
stats: {load,"tsung_controller@ip-172-31-26-119"} 1 0.01171875 0.0 0.03125 0.01171875 0.01953125 8
stats: {recvpackets,"tsung_controller@ip-172-31-26-119"} 1 27.0 0.0 857 1 364.85714285714283 7
stats: {sentpackets,"tsung_controller@ip-172-31-26-119"} 1 27.0 0.0 503 1 197.42857142857142 7
stats: {cpu,"tsung_controller@ip-172-31-26-119"} 1 0.10005002501250625 0.0 0.9892019269489478 0.05 0.3362756320417183 8
stats: {freemem,"tsung_controller@ip-172-31-26-119"} 1 696.0 0.0 738.23828125 695.97265625 709.72900390625 8
stats: session 0 0 0 34983.24 34983.24 34983.24 1
stats: users_count 0 79
stats: finish_users_count 0 1
stats: page 24 58699.26870833334 3443.5796216402287 60025.852 6.777 3423.4378378378374 333
stats: request 24 58699.26870833334 3443.5796216402287 60025.852 6.777 3423.4378378378374 333
stats: connect 0 0 0 28.31 0.998 3.1285443037974683 79
stats: tr_Get_Root 0 0 0 1063.049 48.201 302.88586075949365 79
stats: 302 0 79
stats: tr_Redirect_Root 3 49589.014 101.37386326859506 49732.103 55.871 422.2916756756756 74
stats: 504 21 37
stats: tr_Post_New_Post 0 0 0 45.225 45.225 45.225 1
stats: 200 3 241
stats: tr_Get_New_Post 0 0 0 3637.949 64.264 1851.1065 2
stats: size_rcv 35277 2011588
stats: tr_Redirect_To_New_Post 0 0 0 104.714 104.714 104.714 1
stats: newphase 0 1
stats: tr_Get_Register 0 0 0 3238.102 6.935 63.724265822784815 79
stats: size_sent 8666 182808
stats: tr_Post_Register 0 0 0 765.118 134.326 265.38260256410257 78
stats: connected 0 78
stats: tr_Get_Book 21 60000.89323809525 2.1033634720805234 60026.074 28877.59 55541.74936842106 19
# stats: dump at 1575459001
stats: users 78 79
stats: {load,"tsung_controller@ip-172-31-26-119"} 1 0.0 0.0 0.03125 0.0 0.018663194444444444 9
stats: {recvpackets,"tsung_controller@ip-172-31-26-119"} 1 74.0 0.0 857 1 322.625 8
stats: {sentpackets,"tsung_controller@ip-172-31-26-119"} 1 56.0 0.0 503 1 176.125 8
stats: {cpu,"tsung_controller@ip-172-31-26-119"} 1 0.15 0.0 0.9892019269489478 0.05 0.3100283423718058 9
stats: {freemem,"tsung_controller@ip-172-31-26-119"} 1 695.1640625 0.0 738.23828125 695.1640625 708.2035590277778 9
stats: session 0 0 0 34983.24 34983.24 34983.24 1
stats: users_count 0 79
stats: finish_users_count 0 1
stats: request 28 60000.961285714286 1.402346652097219 60025.852 6.777 7139.4600812324925 357
stats: connect 0 0 0 28.31 0.998 3.1285443037974683 79
stats: page 28 60000.961285714286 1.402346652097219 60025.852 6.777 7139.4600812324925 357
stats: 302 0 79
stats: tr_Get_Root 0 0 0 1063.049 48.201 302.88586075949365 79
stats: 504 28 65
stats: tr_Redirect_Root 0 0 0 49732.103 55.871 2337.87825974026 77
stats: 200 0 241
stats: tr_Post_New_Post 0 0 0 45.225 45.225 45.225 1
stats: size_rcv 9212 2020800
stats: tr_Get_New_Post 0 0 0 3637.949 64.264 1851.1065 2
stats: newphase 0 1
stats: tr_Redirect_To_New_Post 0 0 0 104.714 104.714 104.714 1
stats: size_sent 14332 197140
stats: tr_Get_Register 0 0 0 3238.102 6.935 63.724265822784815 79
stats: connected 0 78
stats: tr_Post_Register 0 0 0 765.118 134.326 265.38260256410257 78
stats: tr_Get_Book 28 60001.1115 1.3961890349904396 60026.074 28877.59 57882.799900000005 40
# stats: dump at 1575459011
stats: users 78 79
stats: {load,"tsung_controller@ip-172-31-26-119"} 1 0.0 0.0 0.03125 0.0 0.016796875 10
stats: {recvpackets,"tsung_controller@ip-172-31-26-119"} 1 63.0 0.0 857 1 295.0 9
stats: {sentpackets,"tsung_controller@ip-172-31-26-119"} 1 63.0 0.0 503 1 162.77777777777777 9
stats: {cpu,"tsung_controller@ip-172-31-26-119"} 1 0.24975024975024976 0.0 0.9892019269489478 0.05 0.29402550813462525 10
stats: {freemem,"tsung_controller@ip-172-31-26-119"} 1 695.05078125 0.0 738.23828125 695.05078125 706.899609375 10
stats: session 0 0 0 34983.24 34983.24 34983.24 1
stats: users_count 0 79
stats: finish_users_count 0 1
stats: request 10 60002.32420000001 3.794560865238863 60025.852 6.777 10983.932896103895 385
stats: connect 0 0 0 28.31 0.998 3.1285443037974683 79
stats: page 10 60002.32420000001 3.794560865238863 60025.852 6.777 10983.932896103895 385
stats: tr_Get_Root 0 0 0 1063.049 48.201 302.88586075949365 79
stats: 302 0 79
stats: tr_Redirect_Root 1 59998.848 0.0 59998.848 55.871 2337.87825974026 77
stats: 504 10 75
stats: tr_Post_New_Post 1 60001.916 0.0 60001.916 45.225 45.225 1
stats: 200 0 241
stats: tr_Get_New_Post 1 60001.663 0.0 60001.663 64.264 1851.1065 2
stats: size_rcv 3290 2024090
stats: tr_Redirect_To_New_Post 0 0 0 104.714 104.714 104.714 1
stats: newphase 0 1
stats: tr_Get_Register 0 0 0 3238.102 6.935 63.724265822784815 79
stats: size_sent 5414 202554
stats: tr_Post_Register 1 59999.074 0.0 59999.074 134.326 265.38260256410257 78
stats: connected 0 78
stats: tr_Get_Book 6 60003.9155 4.185133918607302 60026.074 28877.59 58755.04585294118 68
# stats: dump at 1575459021
stats: users 78 79
stats: {load,"tsung_controller@ip-172-31-26-119"} 1 0.0 0.0 0.03125 0.0 0.015269886363636364 11
stats: {recvpackets,"tsung_controller@ip-172-31-26-119"} 1 13.0 0.0 857 1 271.8 10
stats: {sentpackets,"tsung_controller@ip-172-31-26-119"} 1 13.0 0.0 503 1 152.8 10
stats: {cpu,"tsung_controller@ip-172-31-26-119"} 1 0.14992503748125938 0.0 0.9892019269489478 0.05 0.29000048464513656 11
stats: {freemem,"tsung_controller@ip-172-31-26-119"} 1 694.94140625 0.0 738.23828125 694.94140625 705.8224431818181 11
stats: session 0 0 0 34983.24 34983.24 34983.24 1
stats: users_count 0 79
stats: finish_users_count 0 1
stats: request 0 0 0 60025.852 6.777 12224.9048278481 395
stats: connect 0 0 0 28.31 0.998 3.1285443037974683 79
stats: page 0 0 0 60025.852 6.777 12224.9048278481 395
stats: tr_Get_Root 0 0 0 1063.049 48.201 302.88586075949365 79
stats: 302 0 79
stats: tr_Redirect_Root 0 0 0 59998.848 55.871 3077.121461538462 78
stats: 504 0 75
stats: tr_Post_New_Post 0 0 0 60001.916 45.225 30023.570499999998 2
stats: 200 0 241
stats: tr_Get_New_Post 0 0 0 60001.663 64.264 21234.625333333333 3
stats: size_rcv 0 2024090
stats: tr_Redirect_To_New_Post 0 0 0 104.714 104.714 104.714 1
stats: newphase 0 1
stats: tr_Get_Register 0 0 0 3238.102 6.935 63.724265822784815 79
stats: size_sent 0 202554
stats: tr_Post_Register 0 0 0 59999.074 134.326 1021.5052784810126 79
stats: connected 0 78
stats: tr_Get_Book 0 0 0 60026.074 28877.59 58856.30555405406 74
# stats: dump at 1575459031
stats: users 78 79
stats: {load,"tsung_controller@ip-172-31-26-119"} 1 0.0 0.0 0.03125 0.0 0.013997395833333334 12
stats: {recvpackets,"tsung_controller@ip-172-31-26-119"} 1 1.0 0.0 857 1 248.27272727272728 11
stats: {sentpackets,"tsung_controller@ip-172-31-26-119"} 1 2.0 0.0 503 1 140.0909090909091 11
stats: {cpu,"tsung_controller@ip-172-31-26-119"} 1 0.05 0.0 0.9892019269489478 0.05 0.2783275307148135 12
stats: {freemem,"tsung_controller@ip-172-31-26-119"} 1 694.828125 0.0 738.23828125 694.828125 704.9156901041666 12
stats: session 0 0 0 34983.24 34983.24 34983.24 1
stats: users_count 0 79
stats: finish_users_count 0 1
stats: connect 0 0 0 28.31 0.998 3.1285443037974683 79
stats: request 2 60010.3955 11.732499999998254 60025.852 6.777 12224.9048278481 395
stats: tr_Get_Root 0 0 0 1063.049 48.201 302.88586075949365 79
stats: page 2 60010.3955 11.732499999998254 60025.852 6.777 12224.9048278481 395
stats: 302 0 79
stats: tr_Redirect_Root 0 0 0 59998.848 55.871 3077.121461538462 78
stats: 504 2 77
stats: tr_Post_New_Post 0 0 0 60001.916 45.225 30023.570499999998 2
stats: 200 0 241
stats: tr_Get_New_Post 2 60010.661 11.737999999997555 60022.399 64.264 21234.625333333333 3
stats: size_rcv 658 2024748
stats: tr_Redirect_To_New_Post 0 0 0 104.714 104.714 104.714 1
stats: newphase 0 1
stats: tr_Get_Register 0 0 0 3238.102 6.935 63.724265822784815 79
stats: size_sent 1218 203772
stats: tr_Post_Register 0 0 0 59999.074 134.326 1021.5052784810126 79
stats: connected 0 78
stats: tr_Get_Book 0 0 0 60026.074 28877.59 58856.30555405406 74
# stats: dump at 1575459041
stats: users 78 79
stats: {load,"tsung_controller@ip-172-31-26-119"} 1 0.0 0.0 0.03125 0.0 0.012920673076923076 13
stats: {recvpackets,"tsung_controller@ip-172-31-26-119"} 1 6.0 0.0 857 1 227.66666666666666 12
stats: {sentpackets,"tsung_controller@ip-172-31-26-119"} 1 6.0 0.0 503 1 128.58333333333334 12
stats: {cpu,"tsung_controller@ip-172-31-26-119"} 1 0.1998001998001998 0.0 0.9892019269489478 0.05 0.26076387450598165 13
stats: {freemem,"tsung_controller@ip-172-31-26-119"} 1 694.84375 0.0 738.23828125 694.828125 704.1397235576923 13
stats: session 0 0 0 34983.24 34983.24 34983.24 1
stats: users_count 0 79
stats: finish_users_count 0 1
stats: request 11 60003.76363636364 5.894443042124768 60025.852 6.777 12465.637778337532 397
stats: connect 0 0 0 28.31 0.998 3.1285443037974683 79
stats: page 11 60003.76363636364 5.894443042124768 60025.852 6.777 12465.637778337532 397
stats: tr_Get_Root 0 0 0 1063.049 48.201 302.88586075949365 79
stats: 302 0 79
stats: tr_Redirect_Root 0 0 0 59998.848 55.871 3077.121461538462 78
stats: 504 11 88
stats: tr_Post_New_Post 0 0 0 60001.916 45.225 30023.570499999998 2
stats: 200 0 241
stats: tr_Get_New_Post 11 60004.033 5.905496838460961 60022.399 64.264 36745.039600000004 5
stats: size_rcv 3619 2028367
stats: tr_Redirect_To_New_Post 0 0 0 104.714 104.714 104.714 1
stats: newphase 0 1
stats: tr_Get_Register 0 0 0 3238.102 6.935 63.724265822784815 79
stats: size_sent 6724 210496
stats: tr_Post_Register 0 0 0 59999.074 134.326 1021.5052784810126 79
stats: connected 0 78
stats: tr_Get_Book 0 0 0 60026.074 28877.59 58856.30555405406 74
# stats: dump at 1575459051
stats: users 78 79
stats: {load,"tsung_controller@ip-172-31-26-119"} 1 0.0 0.0 0.03125 0.0 0.011997767857142858 14
stats: {recvpackets,"tsung_controller@ip-172-31-26-119"} 1 23.0 0.0 857 1 210.6153846153846 13
stats: {sentpackets,"tsung_controller@ip-172-31-26-119"} 1 23.0 0.0 503 1 119.15384615384616 13
stats: {cpu,"tsung_controller@ip-172-31-26-119"} 1 0.14970059880239522 0.0 0.9892019269489478 0.05 0.2564093263127115 14
stats: {freemem,"tsung_controller@ip-172-31-26-119"} 1 694.85546875 0.0 738.23828125 694.828125 703.4757254464286 14
stats: session 0 0 0 34983.24 34983.24 34983.24 1
stats: users_count 0 79
stats: finish_users_count 0 1
stats: connect 0 0 0 28.31 0.998 3.1285443037974683 79
stats: request 20 60001.291700000016 1.3842427207684935 60025.852 6.777 13747.302936274511 408
stats: page 20 60001.291700000016 1.3842427207684935 60025.852 6.777 13747.302936274511 408
stats: tr_Get_Root 0 0 0 1063.049 48.201 302.88586075949365 79
stats: 302 0 79
stats: tr_Redirect_Root 0 0 0 59998.848 55.871 3077.121461538462 78
stats: 504 20 108
stats: tr_Post_New_Post 0 0 0 60001.916 45.225 30023.570499999998 2
stats: 200 0 241
stats: tr_Get_New_Post 20 60001.55829999999 1.3868591889587045 60022.399 64.264 52735.5975625 16
stats: size_rcv 6580 2034947
stats: tr_Redirect_To_New_Post 0 0 0 104.714 104.714 104.714 1
stats: newphase 0 1
stats: tr_Get_Register 0 0 0 3238.102 6.935 63.724265822784815 79
stats: size_sent 12221 222717
stats: tr_Post_Register 0 0 0 59999.074 134.326 1021.5052784810126 79
stats: connected 0 78
stats: tr_Get_Book 0 0 0 60026.074 28877.59 58856.30555405406 74
# stats: dump at 1575459061
stats: users 66 79
stats: {load,"tsung_controller@ip-172-31-26-119"} 1 0.0 0.0 0.03125 0.0 0.011197916666666667 15
stats: {recvpackets,"tsung_controller@ip-172-31-26-119"} 1 47.0 0.0 857 1 197.21428571428572 14
stats: {sentpackets,"tsung_controller@ip-172-31-26-119"} 1 47.0 0.0 503 1 112.28571428571429 14
stats: {cpu,"tsung_controller@ip-172-31-26-119"} 1 0.15015015015015015 0.0 0.9892019269489478 0.05 0.24929541114535708 15
stats: {freemem,"tsung_controller@ip-172-31-26-119"} 1 694.875 0.0 738.23828125 694.828125 702.9010416666666 15
stats: session 12 132733.99241666662 3606.9205995614575 137408.071 34983.24 34983.24 1
stats: users_count 0 79
stats: finish_users_count 12 13
stats: request 65 30461.97555384615 29996.00724365712 60025.852 0.742 15908.704280373831 428
stats: connect 0 0 0 28.31 0.998 3.1285443037974683 79
stats: page 65 30461.97555384615 29996.00724365712 60025.852 0.742 15908.704280373831 428
stats: 302 0 79
stats: tr_Get_Root 0 0 0 1063.049 48.201 302.88586075949365 79
stats: 504 33 141
stats: tr_Redirect_Root 0 0 0 59998.848 55.871 3077.121461538462 78
stats: 200 0 241
stats: tr_Post_New_Post 19 1.0471052631578945 0.134831237492942 60001.916 0.911 30023.570499999998 2
stats: size_rcv 20905 2055852
stats: tr_Get_New_Post 31 58064.842064516124 10600.943099282957 60022.399 1.086 56772.24241666666 36
stats: newphase 0 1
stats: tr_Redirect_To_New_Post 12 1.0991666666666668 0.21537248096160183 104.714 0.901 104.714 1
stats: 502 32 32
stats: tr_Get_Register 0 0 0 3238.102 6.935 63.724265822784815 79
stats: size_sent 25450 248167
stats: tr_Post_Register 0 0 0 59999.074 134.326 1021.5052784810126 79
stats: connected -12 66
stats: tr_Get_Book 3 59999.70966666667 0.48207214766594586 60026.074 28877.59 58856.30555405406 74
# stats: dump at 1575459071
stats: users 63 79
stats: {load,"tsung_controller@ip-172-31-26-119"} 1 0.0 0.0 0.03125 0.0 0.010498046875 16
stats: {recvpackets,"tsung_controller@ip-172-31-26-119"} 1 119.0 0.0 857 1 187.2 15
stats: {sentpackets,"tsung_controller@ip-172-31-26-119"} 1 145.0 0.0 503 1 107.93333333333334 15
stats: {cpu,"tsung_controller@ip-172-31-26-119"} 1 0.3494757863205192 0.0 0.9892019269489478 0.05 0.24309883233315666 16
stats: {freemem,"tsung_controller@ip-172-31-26-119"} 1 694.53515625 0.0 738.23828125 694.53515625 702.3994140625 16
stats: session 3 143805.26566666664 14201.80803725663 163099.447 34983.24 125214.70376923073 13
stats: users_count 0 79
stats: finish_users_count 3 16
stats: page 17 42354.440352941194 27339.109597069957 60025.852 0.742 17827.492582150102 493
stats: request 17 42354.440352941194 27339.109597069957 60025.852 0.742 17827.492582150102 493
stats: connect 0 0 0 28.31 0.998 3.1285443037974683 79
stats: tr_Get_Root 0 0 0 1063.049 48.201 302.88586075949365 79
stats: 302 0 79
stats: tr_Redirect_Root 1 59999.296 0.0 59999.296 55.871 3077.121461538462 78
stats: 504 12 153
stats: tr_Post_New_Post 4 15000.5245 25979.928708440766 60001.916 0.911 2860.335047619047 21
stats: 200 0 241
stats: tr_Get_New_Post 8 60003.253625 6.895869215289188 60022.399 1.086 57370.31091044775 67
stats: size_rcv 5518 2061370
stats: tr_Redirect_To_New_Post 3 19999.93 28282.531764781357 59997.47 0.901 9.06953846153846 13
stats: newphase 0 1
stats: tr_Get_Register 0 0 0 3238.102 6.935 63.724265822784815 79
stats: 502 5 37
stats: tr_Post_Register 0 0 0 59999.074 134.326 1021.5052784810126 79
stats: size_sent 10200 258367
stats: tr_Get_Book 1 60001.481 0.0 60026.074 28877.59 58900.85376623377 77
stats: connected -3 63
# stats: dump at 1575459081
stats: users 13 79
stats: {load,"tsung_controller@ip-172-31-26-119"} 1 0.0 0.0 0.03125 0.0 0.009880514705882353 17
stats: {recvpackets,"tsung_controller@ip-172-31-26-119"} 1 85.0 0.0 857 1 182.9375 16
stats: {sentpackets,"tsung_controller@ip-172-31-26-119"} 1 58.0 0.0 503 1 110.25 16
stats: {cpu,"tsung_controller@ip-172-31-26-119"} 1 0.3 0.0 0.9892019269489478 0.05 0.2493563002147662 17
stats: {freemem,"tsung_controller@ip-172-31-26-119"} 1 694.6796875 0.0 738.23828125 694.53515625 701.9368106617648 17
stats: session 50 158413.0491 8348.565633260785 173581.743 34983.24 128700.43412499997 16
stats: users_count 0 79
stats: finish_users_count 50 66
stats: request 104 14661.589557692294 11542.85458215417 60025.852 0.742 18645.057507843136 510
stats: connect 0 0 0 28.31 0.998 3.1285443037974683 79
stats: page 104 14661.589557692294 11542.85458215417 60025.852 0.742 18645.057507843136 510
stats: tr_Get_Root 0 0 0 1063.049 48.201 302.88586075949365 79
stats: 302 3 82
stats: tr_Redirect_Root 0 0 0 59999.296 55.871 3797.6553164556963 79
stats: 504 0 153
stats: tr_Post_New_Post 53 23510.25473584906 9527.408004542936 60001.916 0.911 4802.765359999999 25
stats: 200 51 292
stats: tr_Get_New_Post 3 15205.131666666668 5297.614876821728 60022.399 1.086 57651.15813333332 75
stats: size_rcv 357782 2419152
stats: tr_Redirect_To_New_Post 48 4857.640437500003 2027.6877884584453 59997.47 0.901 3757.355875 16
stats: newphase 0 1
stats: tr_Get_Register 0 0 0 3238.102 6.935 63.724265822784815 79
stats: 502 0 37
stats: tr_Post_Register 0 0 0 59999.074 134.326 1021.5052784810126 79
stats: 422 50 50
stats: tr_Get_Book 0 0 0 60026.074 28877.59 58914.96437179487 78
stats: size_sent 23175 281542
stats: connected -48 15
# stats: dump at 1575459091
stats: users 1 79
stats: {load,"tsung_controller@ip-172-31-26-119"} 1 0.0 0.0 0.03125 0.0 0.009331597222222222 18
stats: {recvpackets,"tsung_controller@ip-172-31-26-119"} 1 492.0 0.0 857 1 177.1764705882353 17
stats: {sentpackets,"tsung_controller@ip-172-31-26-119"} 1 305.0 0.0 503 1 107.17647058823529 17
stats: {cpu,"tsung_controller@ip-172-31-26-119"} 1 0.4497751124437781 0.0 0.9892019269489478 0.05 0.25216983909172364 18
stats: {freemem,"tsung_controller@ip-172-31-26-119"} 1 702.74609375 0.0 738.23828125 694.53515625 701.5336371527778 18
stats: session 12 168791.7415 9612.843244339028 183495.85 34983.24 151209.99092424242 66
stats: users_count 0 79
stats: finish_users_count 12 78
stats: request 14 2166.870285714286 1365.1077016214526 60025.852 0.742 17970.333294788274 614
stats: connect 0 0 0 28.31 0.998 3.1285443037974683 79
stats: page 14 2166.870285714286 1365.1077016214526 60025.852 0.742 17970.333294788274 614
stats: tr_Get_Root 0 0 0 1063.049 48.201 302.88586075949365 79
stats: 302 0 82
stats: tr_Redirect_Root 0 0 0 59999.296 55.871 3797.6553164556963 79
stats: 504 0 153
stats: tr_Post_New_Post 0 0 0 60001.916 0.911 17514.264551282053 78
stats: 200 14 306
stats: tr_Get_New_Post 0 0 0 60022.399 1.086 56018.61865384614 78
stats: size_rcv 74516 2493668
stats: tr_Redirect_To_New_Post 14 2166.995428571429 1365.11108522492 59997.47 0.901 4582.569296875003 64
stats: newphase 0 1
stats: tr_Get_Register 0 0 0 3238.102 6.935 63.724265822784815 79
stats: 502 0 37
stats: tr_Post_Register 0 0 0 59999.074 134.326 1021.5052784810126 79
stats: 422 0 50
stats: tr_Get_Book 0 0 0 60026.074 28877.59 58914.96437179487 78
stats: size_sent 2570 284112
stats: connected -14 1
# stats: dump at 1575459101
stats: users 1 79
stats: {load,"tsung_controller@ip-172-31-26-119"} 1 0.0 0.0 0.03125 0.0 0.00884046052631579 19
stats: {recvpackets,"tsung_controller@ip-172-31-26-119"} 1 47.0 0.0 857 1 194.66666666666666 18
stats: {sentpackets,"tsung_controller@ip-172-31-26-119"} 1 28.0 0.0 503 1 118.16666666666667 18
stats: {cpu,"tsung_controller@ip-172-31-26-119"} 1 0.05 0.0 0.9892019269489478 0.05 0.2625701166365686 19
stats: {freemem,"tsung_controller@ip-172-31-26-119"} 1 715.01953125 0.0 738.23828125 694.53515625 701.5974506578947 19
stats: session 0 0 0 183495.85 34983.24 153914.87562820513 78
stats: users_count 0 79
stats: finish_users_count 0 78
stats: request 0 0 0 60025.852 0.742 17618.026794585985 628
stats: connect 0 0 0 28.31 0.998 3.1285443037974683 79
stats: page 0 0 0 60025.852 0.742 17618.026794585985 628
stats: tr_Get_Root 0 0 0 1063.049 48.201 302.88586075949365 79
stats: 302 0 82
stats: tr_Redirect_Root 0 0 0 59999.296 55.871 3797.6553164556963 79
stats: 504 0 153
stats: tr_Post_New_Post 0 0 0 60001.916 0.911 17514.264551282053 78
stats: 200 0 306
stats: tr_Get_New_Post 0 0 0 60022.399 1.086 56018.61865384614 78
stats: size_rcv 0 2493668
stats: tr_Redirect_To_New_Post 0 0 0 59997.47 0.901 4149.004756410259 78
stats: newphase 0 1
stats: tr_Get_Register 0 0 0 3238.102 6.935 63.724265822784815 79
stats: 502 0 37
stats: tr_Post_Register 0 0 0 59999.074 134.326 1021.5052784810126 79
stats: 422 0 50
stats: tr_Get_Book 0 0 0 60026.074 28877.59 58914.96437179487 78
stats: size_sent 0 284112
stats: connected 0 1
# stats: dump at 1575459111
stats: users 1 79
stats: {load,"tsung_controller@ip-172-31-26-119"} 1 0.0 0.0 0.03125 0.0 0.0083984375 20
stats: {recvpackets,"tsung_controller@ip-172-31-26-119"} 1 0.0 0.0 857 0 186.89473684210526 19
stats: {sentpackets,"tsung_controller@ip-172-31-26-119"} 1 0.0 0.0 503 0 113.42105263157895 19
stats: {cpu,"tsung_controller@ip-172-31-26-119"} 1 0.04997501249375312 0.0 0.9892019269489478 0.04997501249375312 0.25194161080474015 20
stats: {freemem,"tsung_controller@ip-172-31-26-119"} 1 715.02734375 0.0 738.23828125 694.53515625 702.2685546874999 20
stats: session 0 0 0 183495.85 34983.24 153914.87562820513 78
stats: users_count 0 79
stats: finish_users_count 0 78
stats: request 0 0 0 60025.852 0.742 17618.026794585985 628
stats: connect 0 0 0 28.31 0.998 3.1285443037974683 79
stats: page 0 0 0 60025.852 0.742 17618.026794585985 628
stats: tr_Get_Root 0 0 0 1063.049 48.201 302.88586075949365 79
stats: 302 0 82
stats: tr_Redirect_Root 0 0 0 59999.296 55.871 3797.6553164556963 79
stats: 504 0 153
stats: tr_Post_New_Post 0 0 0 60001.916 0.911 17514.264551282053 78
stats: 200 0 306
stats: tr_Get_New_Post 0 0 0 60022.399 1.086 56018.61865384614 78
stats: size_rcv 0 2493668
stats: tr_Redirect_To_New_Post 0 0 0 59997.47 0.901 4149.004756410259 78
stats: newphase 0 1
stats: tr_Get_Register 0 0 0 3238.102 6.935 63.724265822784815 79
stats: 502 0 37
stats: tr_Post_Register 0 0 0 59999.074 134.326 1021.5052784810126 79
stats: 422 0 50
stats: tr_Get_Book 0 0 0 60026.074 28877.59 58914.96437179487 78
stats: size_sent 0 284112
stats: connected 0 1
# stats: dump at 1575459118
stats: users 0 79
stats: {load,"tsung_controller@ip-172-31-26-119"} 1 0.0 0.0 0.03125 0.0 0.007998511904761904 21
stats: {recvpackets,"tsung_controller@ip-172-31-26-119"} 1 2.0 0.0 857 0 177.55 20
stats: {sentpackets,"tsung_controller@ip-172-31-26-119"} 1 2.0 0.0 503 0 107.75 20
stats: {cpu,"tsung_controller@ip-172-31-26-119"} 1 0.09995002498750624 0.0 0.9892019269489478 0.04997501249375312 0.2423241537423122 21
stats: {freemem,"tsung_controller@ip-172-31-26-119"} 1 715.0390625 0.0 738.23828125 694.53515625 702.8761160714284 21
stats: session 1 185949.969 0.0 185949.969 34983.24 153914.87562820513 78
stats: users_count 0 79
stats: finish_users_count 1 79
stats: request 4 10807.236499999999 18677.98823265868 60025.852 0.742 17618.026794585985 628
stats: connect 0 0 0 28.31 0.998 3.1285443037974683 79
stats: page 4 10807.236499999999 18677.98823265868 60025.852 0.742 17618.026794585985 628
stats: tr_Get_Root 0 0 0 1063.049 48.201 302.88586075949365 79
stats: 302 2 84
stats: tr_Redirect_Root 0 0 0 59999.296 55.871 3797.6553164556963 79
stats: 504 0 153
stats: tr_Post_New_Post 1 9.399 0.0 60001.916 0.911 17514.264551282053 78
stats: 200 2 308
stats: tr_Get_New_Post 1 10.645 0.0 60022.399 1.086 56018.61865384614 78
stats: size_rcv 121925 2615593
stats: tr_Redirect_To_New_Post 1 51.067 0.0 59997.47 0.901 4149.004756410259 78
stats: newphase 0 1
stats: tr_Get_Register 0 0 0 3238.102 6.935 63.724265822784815 79
stats: 502 0 37
stats: tr_Post_Register 0 0 0 59999.074 134.326 1021.5052784810126 79
stats: 422 0 50
stats: tr_Get_Book 1 43158.618 0.0 60026.074 28877.59 58914.96437179487 78
stats: size_sent 1564 285676
stats: connected -1 0
EndMonitor:{1575,459118,661080}
