
=INFO REPORT==== 3-Dec-2019::12:02:59 ===
    ts_config_server:(5:<0.102.0>) Config server started, logdir is "/home/ec2-user/.tsung/log/20191203-1202"
 
=INFO REPORT==== 3-Dec-2019::12:02:59 ===
              ts_mon:(5:<0.83.0>) starting monitor, global 

=INFO REPORT==== 3-Dec-2019::12:02:59 ===
           ts_config:(5:<0.102.0>) Reading config file: simple.xml

=INFO REPORT==== 3-Dec-2019::12:02:59 ===
           ts_config:(5:<0.102.0>) Session name for id 1 is "Make Post"

=INFO REPORT==== 3-Dec-2019::12:02:59 ===
    ts_config_server:(4:<0.102.0>) SYSINFO:Tsung version: 1.7.0

=INFO REPORT==== 3-Dec-2019::12:02:59 ===
    ts_config_server:(4:<0.102.0>) SYSINFO:Erlang version: Erlang/OTP 20 [erts-9.1] [source] [64-bit] [smp:2:2] [ds:2:2:10] [async-threads:8] [hipe] [kernel-poll:true]


=INFO REPORT==== 3-Dec-2019::12:02:59 ===
    ts_config_server:(4:<0.102.0>) SYSINFO:System architecture x86_64-unknown-linux-gnu

=INFO REPORT==== 3-Dec-2019::12:02:59 ===
    ts_config_server:(4:<0.102.0>) SYSINFO:Current path: /usr/local/lib/tsung/tsung-1.7.0/ebin/tsung.beam

=INFO REPORT==== 3-Dec-2019::12:02:59 ===
              ts_mon:(5:<0.103.0>) Activate clients with text backend

=INFO REPORT==== 3-Dec-2019::12:02:59 ===
              ts_mon:(5:<0.103.0>) Starting tsung clients on hosts: [localhost]

=INFO REPORT==== 3-Dec-2019::12:02:59 ===
    ts_config_server:(5:<0.102.0>) Start a launcher on the controller beam localhost

=INFO REPORT==== 3-Dec-2019::12:02:59 ===
  ts_launcher_static:(5:<0.154.0>) Launch msg receive ("localhost")

=INFO REPORT==== 3-Dec-2019::12:02:59 ===
         ts_launcher:(5:<0.155.0>) Launch msg receive ("localhost")

=INFO REPORT==== 3-Dec-2019::12:02:59 ===
    ts_config_server:(5:<0.102.0>) New arrival phase 1 for client "localhost" (last ? true): will start 30 users

=INFO REPORT==== 3-Dec-2019::12:02:59 ===
         ts_launcher:(5:<0.155.0>) Expected duration of first phase: 15.0 sec (30 users) 

=INFO REPORT==== 3-Dec-2019::12:02:59 ===
         ts_launcher:(5:<0.155.0>) Activate launcher (30 users) in 1329 msec 

=INFO REPORT==== 3-Dec-2019::12:03:16 ===
         ts_launcher:(5:<0.155.0>) Phase duration exceeded, but not all users were launched (10 users, 33.3% of phase)

=INFO REPORT==== 3-Dec-2019::12:03:16 ===
         ts_launcher:(5:<0.155.0>) This was the last phase, wait for connected users to finish their session

=INFO REPORT==== 3-Dec-2019::12:03:32 ===
           ts_search:(5:<0.160.0>) Dyn Var (RE): no Match (varname=authenticity_token), 

=INFO REPORT==== 3-Dec-2019::12:03:33 ===
           ts_search:(5:<0.165.0>) Dyn Var (RE): no Match (varname=authenticity_token), 

=INFO REPORT==== 3-Dec-2019::12:03:33 ===
           ts_search:(5:<0.175.0>) Dyn Var (RE): no Match (varname=authenticity_token), 

=INFO REPORT==== 3-Dec-2019::12:03:33 ===
           ts_search:(5:<0.175.0>) Dyn Var (RE): no Match (varname=post_id), 

=INFO REPORT==== 3-Dec-2019::12:03:34 ===
           ts_search:(5:<0.176.0>) Dyn Var (RE): no Match (varname=authenticity_token), 

=INFO REPORT==== 3-Dec-2019::12:03:34 ===
           ts_search:(5:<0.176.0>) Dyn Var (RE): no Match (varname=post_id), 

=INFO REPORT==== 3-Dec-2019::12:03:35 ===
           ts_search:(5:<0.161.0>) Dyn Var (RE): no Match (varname=authenticity_token), 

=INFO REPORT==== 3-Dec-2019::12:03:36 ===
           ts_search:(5:<0.178.0>) Dyn Var (RE): no Match (varname=authenticity_token), 

=INFO REPORT==== 3-Dec-2019::12:03:36 ===
           ts_search:(5:<0.178.0>) Dyn Var (RE): no Match (varname=post_id), 

=INFO REPORT==== 3-Dec-2019::12:03:37 ===
           ts_search:(5:<0.160.0>) Dyn Var (RE): no Match (varname=post_id), 

=INFO REPORT==== 3-Dec-2019::12:03:37 ===
           ts_search:(5:<0.161.0>) Dyn Var (RE): no Match (varname=post_id), 

=INFO REPORT==== 3-Dec-2019::12:03:37 ===
           ts_search:(5:<0.165.0>) Dyn Var (RE): no Match (varname=post_id), 

=INFO REPORT==== 3-Dec-2019::12:03:47 ===
           ts_search:(5:<0.173.0>) Dyn Var (RE): no Match (varname=authenticity_token), 

=INFO REPORT==== 3-Dec-2019::12:03:47 ===
           ts_search:(5:<0.173.0>) Dyn Var (RE): no Match (varname=post_id), 

=INFO REPORT==== 3-Dec-2019::12:03:50 ===
           ts_search:(5:<0.179.0>) Dyn Var (RE): no Match (varname=authenticity_token), 

=INFO REPORT==== 3-Dec-2019::12:03:50 ===
           ts_search:(5:<0.179.0>) Dyn Var (RE): no Match (varname=post_id), 

=INFO REPORT==== 3-Dec-2019::12:03:50 ===
           ts_search:(5:<0.174.0>) Dyn Var (RE): no Match (varname=authenticity_token), 

=INFO REPORT==== 3-Dec-2019::12:03:50 ===
           ts_search:(5:<0.174.0>) Dyn Var (RE): no Match (varname=post_id), 

=INFO REPORT==== 3-Dec-2019::12:03:51 ===
           ts_search:(5:<0.167.0>) Dyn Var (RE): no Match (varname=authenticity_token), 

=INFO REPORT==== 3-Dec-2019::12:03:51 ===
           ts_search:(5:<0.167.0>) Dyn Var (RE): no Match (varname=post_id), 

=INFO REPORT==== 3-Dec-2019::12:03:56 ===
     ts_launcher_mgr:(5:<0.149.0>) No more active users 'tsung_controller@ip-172-31-21-99' "7156"
