# stats: dump at 1575374589
stats: users 9 9
stats: {cpu,"tsung_controller@ip-172-31-21-99"} 1 0.15319695682313217 0 0.15319695682313217 0.15319695682313217 0 0
stats: {load,"tsung_controller@ip-172-31-21-99"} 1 0.0 0 0.0 0.0 0 0
stats: {freemem,"tsung_controller@ip-172-31-21-99"} 1 731.55859375 0 731.55859375 731.55859375 0 0
stats: users_count 9 9
stats: finish_users_count 0 0
stats: request 23 221.52104347826085 783.2923342355194 3886.549 4.933 0 0
stats: tr_Get_Root 8 71.343875 55.71323854219367 202.875 26.466 0 0
stats: connect 8 23.156 56.17139604371606 171.612 0.668 0 0
stats: page 23 221.52104347826085 783.2923342355194 3886.549 4.933 0 0
stats: 302 4 4
stats: tr_Redirect_Root 2 35.475 6.687 42.162 28.788 0 0
stats: 200 19 19
stats: tr_Get_Register 8 6.950375000000001 2.85108273018778 14.375 5.155 0 0
stats: size_rcv 228408 228408
stats: tr_Post_Register 4 129.26375000000002 2.4548336374385915 132.932 126.815 0 0
stats: size_sent 7768 7768
stats: tr_Get_Book 1 3886.688 0 3886.688 3886.688 0 0
stats: connected 8 8
# stats: dump at 1575374599
stats: users 19 19
stats: {cpu,"tsung_controller@ip-172-31-21-99"} 1 0.399400898652022 0.0 0.399400898652022 0.15319695682313217 0.15319695682313217 1
stats: {load,"tsung_controller@ip-172-31-21-99"} 1 0.0 0.0 0.0 0.0 0.0 1
stats: {freemem,"tsung_controller@ip-172-31-21-99"} 1 729.72265625 0.0 731.55859375 729.72265625 731.55859375 1
stats: {recvpackets,"tsung_controller@ip-172-31-21-99"} 1 277 0 277 277 0 0
stats: {sentpackets,"tsung_controller@ip-172-31-21-99"} 1 140 0 140 140 0 0
stats: session 1 13985.546 0 13985.546 13985.546 0 0
stats: users_count 11 20
stats: finish_users_count 1 1
stats: request 42 91.59742857142854 80.91251801178112 3886.549 4.933 221.52104347826085 23
stats: connect 12 0.92075 0.5612501113585635 171.612 0.65 23.156 8
stats: page 42 91.59742857142854 80.91251801178112 3886.549 4.933 221.52104347826085 23
stats: tr_Get_Root 11 127.41672727272724 100.29014448007696 362.034 26.129 71.343875 8
stats: 302 9 13
stats: tr_Redirect_Root 10 106.2116 72.01108088231977 283.741 28.788 35.475 2
stats: 200 33 52
stats: tr_Post_New_Post 1 81.009 0 81.009 81.009 0 0
stats: size_rcv 224563 452971
stats: tr_Redirect_To_New_Post 1 104.618 0 104.618 104.618 0 0
stats: size_sent 25296 33064
stats: tr_Get_Register 10 7.0261 1.3545920013051904 14.375 5.135 6.950375000000001 8
stats: connected 11 19
stats: tr_Post_Register 8 139.30687499999996 9.560481021338584 156.145 126.815 129.26375000000002 4
stats: tr_Get_New_Conversation 1 18.163 0 18.163 18.163 0 0
stats: tr_Get_Book 0 0 0 3886.688 3886.688 3886.688 1
# stats: dump at 1575374609
stats: users 19 19
stats: {cpu,"tsung_controller@ip-172-31-21-99"} 1 0.3494757863205192 0.0 0.399400898652022 0.15319695682313217 0.2762989277375771 2
stats: {load,"tsung_controller@ip-172-31-21-99"} 1 0.0 0.0 0.0 0.0 0.0 2
stats: {freemem,"tsung_controller@ip-172-31-21-99"} 1 725.38671875 0.0 731.55859375 725.38671875 730.640625 2
stats: {recvpackets,"tsung_controller@ip-172-31-21-99"} 1 282.0 0.0 282 277 277.0 1
stats: {sentpackets,"tsung_controller@ip-172-31-21-99"} 1 171.0 0.0 171 140 140.0 1
stats: session 0 0 0 13985.546 13985.546 13985.546 1
stats: users_count 0 20
stats: finish_users_count 0 1
stats: request 22 4728.533045454546 3818.794048203551 16416.863 4.933 137.57039999999995 65
stats: connect 0 0 0 171.612 0.65 9.81485 20
stats: page 22 4728.533045454546 3818.794048203551 16416.863 4.933 137.57039999999995 65
stats: tr_Get_Root 1 5005.309 0.0 5005.309 26.129 103.80710526315788 19
stats: 302 2 15
stats: tr_Redirect_Root 6 3872.6945 1056.897824270437 5005.184 28.788 94.42216666666667 12
stats: 200 9 61
stats: tr_Post_New_Post 1 22.44 0.0 81.009 22.44 81.009 1
stats: size_rcv 301702 754673
stats: tr_Redirect_To_New_Post 0 0 0 104.618 104.618 104.618 1
stats: size_sent 8617 41681
stats: tr_Get_Register 2 6.8785 0.1795 14.375 5.135 6.992444444444445 18
stats: connected 0 19
stats: tr_Post_Register 8 4918.049875 566.7409228956466 5156.209 126.815 135.95916666666665 12
stats: 500 11 11
stats: tr_Get_New_Conversation 1 858.187 0.0 858.187 18.163 18.163 1
stats: tr_Get_Book 3 11850.171000000002 4930.5273623522935 16416.97 3886.688 3886.688 1
# stats: dump at 1575374619
stats: users 13 19
stats: {cpu,"tsung_controller@ip-172-31-21-99"} 1 0.19990004997501248 0.0 0.399400898652022 0.15319695682313217 0.30069121393189113 3
stats: {load,"tsung_controller@ip-172-31-21-99"} 1 0.0 0.0 0.0 0.0 0.0 3
stats: {freemem,"tsung_controller@ip-172-31-21-99"} 1 722.37109375 0.0 731.55859375 722.37109375 728.8893229166666 3
stats: {recvpackets,"tsung_controller@ip-172-31-21-99"} 1 338.0 0.0 338 277 279.5 2
stats: {sentpackets,"tsung_controller@ip-172-31-21-99"} 1 90.0 0.0 171 90 155.5 2
stats: session 6 26574.016166666665 5296.168834175683 36635.867 13985.546 13985.546 1
stats: users_count 0 20
stats: finish_users_count 6 7
stats: request 26 5705.783653846154 7482.514371203712 23939.134 3.309 1298.5034827586207 87
stats: connect 0 0 0 171.612 0.65 9.81485 20
stats: page 26 5705.783653846154 7482.514371203712 23939.134 3.309 1298.5034827586207 87
stats: tr_Get_Root 0 0 0 5005.309 26.129 348.8822 20
stats: 302 6 21
stats: tr_Redirect_Root 2 5005.077499999999 0.770500000000311 5005.848 28.788 1353.8462777777777 18
stats: 200 4 65
stats: tr_Post_New_Post 6 1793.4938333333332 1993.2777133599502 4930.61 3.846 51.7245 2
stats: size_rcv 504443 1259116
stats: tr_Redirect_To_New_Post 5 1580.6861999999999 1795.2375769286248 5004.308 15.516 104.618 1
stats: 422 3 3
stats: tr_Get_Register 0 0 0 14.375 5.135 6.981050000000001 20
stats: size_sent 11399 53080
stats: tr_Post_Register 0 0 0 5156.209 126.815 2048.79545 20
stats: connected -5 14
stats: tr_Get_New_Conversation 6 2504.4 2500.141083028916 5005.2 3.539 438.175 2
stats: 500 13 24
stats: tr_Get_Book 7 14950.611142857146 8787.656140689918 23939.29 3886.688 9859.300250000002 4
# stats: dump at 1575374629
stats: users 6 19
stats: {cpu,"tsung_controller@ip-172-31-21-99"} 1 0.34930139720558884 0.0 0.399400898652022 0.15319695682313217 0.2754934229426715 4
stats: {load,"tsung_controller@ip-172-31-21-99"} 1 0.0 0.0 0.0 0.0 0.0 4
stats: {freemem,"tsung_controller@ip-172-31-21-99"} 1 720.265625 0.0 731.55859375 720.265625 727.259765625 4
stats: {recvpackets,"tsung_controller@ip-172-31-21-99"} 1 681.0 0.0 681 277 299.0 3
stats: {sentpackets,"tsung_controller@ip-172-31-21-99"} 1 170.0 0.0 171 90 133.66666666666666 3
stats: session 7 36354.56671428572 4492.932870525177 44323.31 13985.546 24775.663285714283 7
stats: users_count 0 20
stats: finish_users_count 7 14
stats: request 33 5694.093151515152 9213.171618154001 24246.294 3.309 2312.567946902655 113
stats: tr_Get_Root 0 0 0 5005.309 26.129 348.8822 20
stats: connect 0 0 0 171.612 0.65 9.81485 20
stats: page 33 5694.093151515152 9213.171618154001 24246.294 3.309 2312.567946902655 113
stats: 302 9 30
stats: tr_Redirect_Root 0 0 0 5005.848 28.788 1718.9694 20
stats: 200 22 87
stats: tr_Post_New_Post 8 27.575000000000003 15.378795076338072 4930.61 3.846 1358.0515 8
stats: size_rcv 1111598 2370714
stats: tr_Redirect_To_New_Post 8 204.736625 460.14142292694584 5004.308 15.365 1334.6748333333333 6
stats: 422 0 3
stats: tr_Get_Register 0 0 0 14.375 5.135 6.981050000000001 20
stats: size_sent 11379 64459
stats: tr_Post_Register 0 0 0 5156.209 126.815 2048.79545 20
stats: connected -8 6
stats: tr_Get_New_Conversation 8 362.747 486.42675517003585 5005.2 3.539 1987.8437500000002 8
stats: 500 2 26
stats: tr_Get_Book 9 20350.027777777774 3930.3568309804964 24246.423 3886.688 13099.225363636366 11
# stats: dump at 1575374636
stats: users 0 19
stats: {cpu,"tsung_controller@ip-172-31-21-99"} 1 0.2997002997002997 0.0 0.399400898652022 0.15319695682313217 0.2902550177952549 5
stats: {load,"tsung_controller@ip-172-31-21-99"} 1 0.0 0.0 0.0 0.0 0.0 5
stats: {freemem,"tsung_controller@ip-172-31-21-99"} 1 721.73046875 0.0 731.55859375 720.265625 725.8609375 5
stats: {recvpackets,"tsung_controller@ip-172-31-21-99"} 1 470.0 0.0 681 277 394.5 4
stats: {sentpackets,"tsung_controller@ip-172-31-21-99"} 1 115.0 0.0 171 90 142.75 4
stats: session 6 39656.773499999996 3553.097744800854 45952.616 13985.546 30565.114999999998 14
stats: users_count 0 20
stats: finish_users_count 6 20
stats: request 14 6.294214285714285 2.8214275307412184 24246.294 3.177 3076.885287671233 146
stats: connect 0 0 0 171.612 0.65 9.81485 20
stats: page 14 6.294214285714285 2.8214275307412184 24246.294 3.177 3076.885287671233 146
stats: tr_Get_Root 0 0 0 5005.309 26.129 348.8822 20
stats: 302 7 37
stats: tr_Redirect_Root 0 0 0 5005.848 28.788 1718.9694 20
stats: 200 3 90
stats: tr_Post_New_Post 4 4.6857500000000005 2.020163282385857 4930.61 3.416 692.81325 16
stats: size_rcv 18302 2389016
stats: tr_Redirect_To_New_Post 6 8.810833333333333 1.971612995888279 5004.308 6.547 688.9958571428571 14
stats: 422 0 3
stats: tr_Get_Register 0 0 0 14.375 5.135 6.981050000000001 20
stats: size_sent 7448 71907
stats: tr_Post_Register 0 0 0 5156.209 126.815 2048.79545 20
stats: connected -6 0
stats: tr_Get_New_Conversation 4 4.694750000000001 1.696688594733872 5005.2 3.539 1175.2953750000001 16
stats: 500 4 30
stats: tr_Get_Book 0 0 0 24246.423 3886.688 16362.086449999999 20
EndMonitor:{1575,374636,951319}
