
=INFO REPORT==== 9-Dec-2019::11:44:47 ===
    ts_config_server:(5:<0.102.0>) Config server started, logdir is "/home/ec2-user/.tsung/log/20191209-1144"
 
=INFO REPORT==== 9-Dec-2019::11:44:47 ===
              ts_mon:(5:<0.83.0>) starting monitor, global 

=INFO REPORT==== 9-Dec-2019::11:44:47 ===
           ts_config:(5:<0.102.0>) Reading config file: simple.xml

=INFO REPORT==== 9-Dec-2019::11:44:47 ===
           ts_config:(5:<0.102.0>) Session name for id 1 is "Register-Logout-Login"

=INFO REPORT==== 9-Dec-2019::11:44:47 ===
           ts_config:(5:<0.102.0>) Session name for id 2 is "Create-Book"

=INFO REPORT==== 9-Dec-2019::11:44:47 ===
           ts_config:(5:<0.102.0>) Session name for id 3 is "Create-Post"

=INFO REPORT==== 9-Dec-2019::11:44:47 ===
           ts_config:(5:<0.102.0>) Session name for id 4 is "Add_Comment"

=INFO REPORT==== 9-Dec-2019::11:44:47 ===
           ts_config:(5:<0.102.0>) Session name for id 5 is "Send-Message"

=INFO REPORT==== 9-Dec-2019::11:44:47 ===
    ts_config_server:(4:<0.102.0>) SYSINFO:Tsung version: 1.7.0

=INFO REPORT==== 9-Dec-2019::11:44:47 ===
    ts_config_server:(4:<0.102.0>) SYSINFO:Erlang version: Erlang/OTP 20 [erts-9.1] [source] [64-bit] [smp:96:96] [ds:96:96:10] [async-threads:8] [hipe] [kernel-poll:true]


=INFO REPORT==== 9-Dec-2019::11:44:47 ===
    ts_config_server:(4:<0.102.0>) SYSINFO:System architecture x86_64-unknown-linux-gnu

=INFO REPORT==== 9-Dec-2019::11:44:47 ===
    ts_config_server:(4:<0.102.0>) SYSINFO:Current path: /usr/local/lib/tsung/tsung-1.7.0/ebin/tsung.beam

=INFO REPORT==== 9-Dec-2019::11:44:47 ===
              ts_mon:(5:<0.103.0>) Activate clients with text backend

=INFO REPORT==== 9-Dec-2019::11:44:47 ===
              ts_mon:(5:<0.103.0>) Starting tsung clients on hosts: [localhost]

=INFO REPORT==== 9-Dec-2019::11:44:47 ===
    ts_config_server:(5:<0.102.0>) Start a launcher on the controller beam localhost

=INFO REPORT==== 9-Dec-2019::11:44:47 ===
  ts_launcher_static:(5:<0.154.0>) Launch msg receive ("localhost")

=INFO REPORT==== 9-Dec-2019::11:44:47 ===
         ts_launcher:(5:<0.155.0>) Launch msg receive ("localhost")

=INFO REPORT==== 9-Dec-2019::11:44:47 ===
    ts_config_server:(5:<0.102.0>) New arrival phase 1 for client "localhost" (last ? true): will start 30 users

=INFO REPORT==== 9-Dec-2019::11:44:47 ===
    ts_config_server:(5:<0.102.0>) New arrival phase 2 for client "localhost" (last ? true): will start 60 users

=INFO REPORT==== 9-Dec-2019::11:44:47 ===
    ts_config_server:(5:<0.102.0>) New arrival phase 3 for client "localhost" (last ? true): will start 120 users

=INFO REPORT==== 9-Dec-2019::11:44:47 ===
    ts_config_server:(5:<0.102.0>) New arrival phase 4 for client "localhost" (last ? true): will start 240 users

=INFO REPORT==== 9-Dec-2019::11:44:47 ===
         ts_launcher:(5:<0.155.0>) Expected duration of first phase: 15.0 sec (30 users) 

=INFO REPORT==== 9-Dec-2019::11:44:47 ===
         ts_launcher:(5:<0.155.0>) Activate launcher (30 users) in 1048 msec 

=INFO REPORT==== 9-Dec-2019::11:45:03 ===
         ts_launcher:(4:<0.155.0>) Need to wait 0.26 sec before changing phase, going to sleep

=INFO REPORT==== 9-Dec-2019::11:45:03 ===
         ts_launcher:(5:<0.155.0>) Waking up

=INFO REPORT==== 9-Dec-2019::11:45:03 ===
         ts_launcher:(5:<0.155.0>) Wait for all sessions to finish before starting next phase (still 25 sessions active)
=INFO REPORT==== 9-Dec-2019::11:45:08 ===
         ts_launcher:(5:<0.155.0>) Wait for all sessions to finish before starting next phase (still 16 sessions active)
=INFO REPORT==== 9-Dec-2019::11:45:13 ===
         ts_launcher:(5:<0.155.0>) Wait for all sessions to finish before starting next phase (still 11 sessions active)
=INFO REPORT==== 9-Dec-2019::11:45:18 ===
         ts_launcher:(5:<0.155.0>) Wait for all sessions to finish before starting next phase (still 5 sessions active)
=INFO REPORT==== 9-Dec-2019::11:45:23 ===
         ts_launcher:(5:<0.155.0>) Wait for all sessions to finish before starting next phase (still 1 sessions active)
=INFO REPORT==== 9-Dec-2019::11:45:28 ===
         ts_launcher:(5:<0.155.0>) Wait for all sessions to finish before starting next phase (still 1 sessions active)
=INFO REPORT==== 9-Dec-2019::11:45:33 ===
         ts_launcher:(5:<0.155.0>) Start a new arrival phase (60 users, 0.004); expected duration=15.0 sec

=INFO REPORT==== 9-Dec-2019::11:45:47 ===
         ts_launcher:(4:<0.155.0>) Need to wait 0.673 sec before changing phase, going to sleep

=INFO REPORT==== 9-Dec-2019::11:45:48 ===
         ts_launcher:(5:<0.155.0>) Waking up

=INFO REPORT==== 9-Dec-2019::11:45:48 ===
         ts_launcher:(5:<0.155.0>) Wait for all sessions to finish before starting next phase (still 52 sessions active)
=INFO REPORT==== 9-Dec-2019::11:45:53 ===
         ts_launcher:(5:<0.155.0>) Wait for all sessions to finish before starting next phase (still 36 sessions active)
=INFO REPORT==== 9-Dec-2019::11:45:58 ===
         ts_launcher:(5:<0.155.0>) Wait for all sessions to finish before starting next phase (still 24 sessions active)
=INFO REPORT==== 9-Dec-2019::11:46:03 ===
         ts_launcher:(5:<0.155.0>) Wait for all sessions to finish before starting next phase (still 16 sessions active)
=INFO REPORT==== 9-Dec-2019::11:46:08 ===
         ts_launcher:(5:<0.155.0>) Wait for all sessions to finish before starting next phase (still 8 sessions active)
=INFO REPORT==== 9-Dec-2019::11:46:13 ===
         ts_launcher:(5:<0.155.0>) Start a new arrival phase (120 users, 0.008); expected duration=15.0 sec

=INFO REPORT==== 9-Dec-2019::11:46:28 ===
         ts_launcher:(5:<0.155.0>) Phase duration exceeded, but not all users were launched (1 users, 0.8% of phase)

=INFO REPORT==== 9-Dec-2019::11:46:28 ===
         ts_launcher:(5:<0.155.0>) Wait for all sessions to finish before starting next phase (still 96 sessions active)
=INFO REPORT==== 9-Dec-2019::11:46:33 ===
         ts_launcher:(5:<0.155.0>) Wait for all sessions to finish before starting next phase (still 69 sessions active)
=INFO REPORT==== 9-Dec-2019::11:46:38 ===
         ts_launcher:(5:<0.155.0>) Wait for all sessions to finish before starting next phase (still 35 sessions active)
=INFO REPORT==== 9-Dec-2019::11:46:43 ===
         ts_launcher:(5:<0.155.0>) Wait for all sessions to finish before starting next phase (still 14 sessions active)
=INFO REPORT==== 9-Dec-2019::11:46:48 ===
         ts_launcher:(5:<0.155.0>) Wait for all sessions to finish before starting next phase (still 7 sessions active)
=INFO REPORT==== 9-Dec-2019::11:46:53 ===
         ts_launcher:(5:<0.155.0>) Wait for all sessions to finish before starting next phase (still 1 sessions active)
=INFO REPORT==== 9-Dec-2019::11:46:58 ===
         ts_launcher:(5:<0.155.0>) Start a new arrival phase (240 users, 0.016); expected duration=15.0 sec

=INFO REPORT==== 9-Dec-2019::11:47:13 ===
         ts_launcher:(5:<0.155.0>) Phase duration exceeded, but not all users were launched (1 users, 0.4% of phase)

=INFO REPORT==== 9-Dec-2019::11:47:13 ===
         ts_launcher:(5:<0.155.0>) This was the last phase, wait for connected users to finish their session

=INFO REPORT==== 9-Dec-2019::11:47:53 ===
     ts_launcher_mgr:(5:<0.149.0>) No more active users 'tsung_controller@ip-172-31-46-69' "12695"
