# stats: dump at 1575891897
stats: users 16 16
stats: {cpu,"tsung_controller@ip-172-31-46-69"} 1 0.02642791615112866 0 0.02642791615112866 0.02642791615112866 0 0
stats: {load,"tsung_controller@ip-172-31-46-69"} 1 0.0 0 0.0 0.0 0 0
stats: {freemem,"tsung_controller@ip-172-31-46-69"} 1 375574.15625 0 375574.15625 375574.15625 0 0
stats: users_count 16 16
stats: finish_users_count 0 0
stats: request 54 66.85616666666674 58.56718739816248 216.185 5.038 0 0
stats: connect 15 2.608400000000001 2.912241331574932 13.497 1.687 0 0
stats: page 54 66.85616666666674 58.56718739816248 216.185 5.038 0 0
stats: tr_Initial_Get_Root 12 68.90358333333334 32.629687646524026 138.716 39.118 0 0
stats: 302 21 21
stats: tr_Redirect_Root 6 49.206999999999994 11.662569756847471 73.428 38.121 0 0
stats: 200 33 33
stats: tr_Authenticate_User 10 2552.4011 1368.213630792827 4707.75 875.482 0 0
stats: size_rcv 348050 348050
stats: tr_Get_Book 1 180.116 0 180.116 180.116 0 0
stats: size_sent 27421 27421
stats: connected 15 15
# stats: dump at 1575891907
stats: users 18 26
stats: {recvpackets,"tsung_controller@ip-172-31-46-69"} 1 639 0 639 639 0 0
stats: {sentpackets,"tsung_controller@ip-172-31-46-69"} 1 295 0 295 295 0 0
stats: {cpu,"tsung_controller@ip-172-31-46-69"} 1 0.007288326183832411 0.0 0.02642791615112866 0.007288326183832411 0.02642791615112866 1
stats: {load,"tsung_controller@ip-172-31-46-69"} 1 0.0 0.0 0.0 0.0 0.0 1
stats: {freemem,"tsung_controller@ip-172-31-46-69"} 1 375563.46484375 0.0 375574.15625 375563.46484375 375574.15625 1
stats: session 12 11744.646166666667 2502.9967841012376 16698.182 8449.178 0 0
stats: users_count 14 30
stats: finish_users_count 12 12
stats: request 130 48.00275384615387 52.92832787299931 216.185 4.358 66.85616666666674 54
stats: connect 15 1.7874 0.0995347845395434 13.497 1.641 2.608400000000001 15
stats: page 130 48.00275384615387 52.92832787299931 216.185 4.358 66.85616666666674 54
stats: tr_Initial_Get_Root 6 42.206 3.347802463308332 138.716 39.118 68.90358333333334 12
stats: 302 49 70
stats: tr_Redirect_Root 17 47.749352941176475 15.038742523860229 104.055 38.121 49.206999999999994 6
stats: 200 81 114
stats: tr_Post_New_Post 8 22.716375 27.144333980305632 92.818 8.194 0 0
stats: size_rcv 1245315 1593365
stats: tr_Get_New_Post 8 14.025249999999998 5.832407002044695 23.709 7.408 0 0
stats: size_sent 70369 97790
stats: tr_Redirect_To_New_Post 8 20.991624999999996 9.454348945558072 37.273 9.113 0 0
stats: connected 3 18
stats: tr_Get_Root 3 41.126666666666665 1.2146396813687421 42.001 39.409 0 0
stats: tr_Post_New_Comment_On_Post 4 12.882 3.56264080423497 17.52 8.887 0 0
stats: tr_Get_Post 4 70.35425000000001 8.548809781922865 81.65 60.651 0 0
stats: tr_Redirect_To_Post 5 73.98800000000001 2.28516879026474 77.418 70.927 0 0
stats: tr_Post_New_Comment_On_Comment 2 12.6455 2.2415000000000003 14.887 10.404 0 0
stats: tr_Get_Conversations 1 17.321 0 17.321 17.321 0 0
stats: tr_Authenticate_User 16 3785.0149375 1961.0631338303615 8195.576 875.482 2552.4011 10
stats: tr_Get_New_Conversation 1 190.763 0 190.763 190.763 0 0
stats: tr_Get_Book 7 180.8562857142857 17.21421911190435 204.506 158.424 180.116 1
stats: tr_Get_New_Book 4 8.6105 1.14842185193421 10.226 6.978 0 0
stats: tr_Post_New_Book 3 7.608666666666667 0.8799531553188243 8.753 6.613 0 0
stats: tr_Redirect_To_New_Book 2 9.4945 1.0664999999999996 10.561 8.428 0 0
# stats: dump at 1575891917
stats: users 6 26
stats: {recvpackets,"tsung_controller@ip-172-31-46-69"} 1 1146.0 0.0 1146 639 639.0 1
stats: {sentpackets,"tsung_controller@ip-172-31-46-69"} 1 476.0 0.0 476 295 295.0 1
stats: {cpu,"tsung_controller@ip-172-31-46-69"} 1 0.01873672815089312 0.0 0.02642791615112866 0.007288326183832411 0.016858121167480537 2
stats: {load,"tsung_controller@ip-172-31-46-69"} 1 0.0 0.0 0.0 0.0 0.0 2
stats: {freemem,"tsung_controller@ip-172-31-46-69"} 1 375554.99609375 0.0 375574.15625 375554.99609375 375568.810546875 2
stats: session 12 12896.329749999999 2764.235344780305 17134.409 7966.079 11744.646166666667 12
stats: users_count 0 30
stats: finish_users_count 12 24
stats: request 70 42.81301428571429 44.738076614730666 216.185 4.358 53.53582065217395 184
stats: connect 0 0 0 13.497 1.641 2.1979 30
stats: page 67 44.7384328358209 46.0133137648075 216.185 4.358 53.53582065217395 184
stats: tr_Initial_Get_Root 0 0 0 138.716 39.118 60.0043888888889 18
stats: 302 27 97
stats: tr_Redirect_Root 6 41.133833333333335 1.098206328013497 104.055 38.121 48.12960869565217 23
stats: 200 43 157
stats: tr_Post_New_Post 3 9.496666666666668 0.32276548073726113 92.818 8.194 22.716375 8
stats: size_rcv 1033122 2626487
stats: tr_Get_New_Post 3 11.464999999999998 2.9838377972001093 23.709 7.408 14.025249999999998 8
stats: size_sent 40015 137805
stats: tr_Redirect_To_New_Post 2 10.0115 0.2575000000000003 37.273 9.113 20.991624999999996 8
stats: connected -12 6
stats: tr_Get_Root 0 0 0 42.001 39.409 41.126666666666665 3
stats: tr_Post_New_Comment_On_Post 5 10.795399999999997 3.131375007883917 17.52 8.754 12.882 4
stats: tr_Get_Post 5 70.4616 9.388021913054954 81.79 60.651 70.35425000000001 4
stats: tr_Redirect_To_Post 11 64.77481818181818 6.230446851305459 77.418 56.131 73.98800000000001 5
stats: tr_Post_New_Comment_On_Comment 6 11.516 3.489576956213078 19.159 9.087 12.6455 2
stats: tr_Get_Logout 1 8.676 0 8.676 8.676 0 0
stats: tr_Get_Conversations 2 12.1095 4.8025 17.321 7.307 17.321 1
stats: tr_Authenticate_User 3 9364.341333333334 2648.7990794084194 12737.573 875.482 3310.9326923076924 26
stats: tr_Get_New_Conversation 2 183.935 1.4960000000000093 190.763 182.439 190.763 1
stats: tr_Post_New_Conversation 3 48.54599999999999 5.037925234326787 54.096 41.902 0 0
stats: tr_Redirect_To_New_Conversation 3 27.15133333333333 16.607396551603813 50.626 14.771 0 0
stats: tr_Redirect_To_Same_Conversation 3 26.93466666666667 16.624359823931734 50.438 14.684 0 0
stats: tr_Reply_To_Conversation 3 44.431000000000004 15.351538706809384 59.841 23.482 0 0
stats: tr_Get_Book 3 170.706 11.114203015361314 204.506 158.424 180.76375 8
stats: tr_Get_New_Book 1 7.508 0.0 10.226 6.978 8.6105 4
stats: tr_Post_New_Book 2 13.729000000000001 7.691000000000001 21.42 6.038 7.608666666666667 3
stats: tr_Redirect_To_New_Book 1 7.902 0.0 10.561 7.902 9.4945 2
# stats: dump at 1575891927
stats: users 1 26
stats: {recvpackets,"tsung_controller@ip-172-31-46-69"} 1 724.0 0.0 1146 639 892.5 2
stats: {sentpackets,"tsung_controller@ip-172-31-46-69"} 1 226.0 0.0 476 226 385.5 2
stats: {cpu,"tsung_controller@ip-172-31-46-69"} 1 0.0176939569932763 0.0 0.02642791615112866 0.007288326183832411 0.01748432349528473 3
stats: {load,"tsung_controller@ip-172-31-46-69"} 1 0.0 0.0 0.0 0.0 0.0 3
stats: {freemem,"tsung_controller@ip-172-31-46-69"} 1 375555.2734375 0.0 375574.15625 375554.99609375 375564.2057291667 3
stats: session 5 20492.786199999995 2776.1244110520256 25493.564 7966.079 12320.487958333333 24
stats: users_count 0 30
stats: finish_users_count 5 29
stats: request 13 39.06969230769231 42.37339569621961 216.185 4.358 50.5807165354331 254
stats: connect 0 0 0 13.497 1.641 2.1979 30
stats: page 13 39.06969230769231 42.37339569621961 216.185 4.358 51.18751394422314 251
stats: tr_Initial_Get_Root 0 0 0 138.716 39.118 60.0043888888889 18
stats: 302 5 102
stats: tr_Redirect_Root 1 45.165 0.0 104.055 38.121 46.682206896551726 29
stats: 200 8 165
stats: tr_Post_New_Post 0 0 0 92.818 8.194 19.111 11
stats: size_rcv 122447 2748934
stats: tr_Get_New_Post 0 0 0 23.709 7.408 13.326999999999998 11
stats: size_sent 7889 145694
stats: tr_Redirect_To_New_Post 1 11.054 0.0 37.273 9.113 18.795599999999997 10
stats: connected -5 1
stats: tr_Get_Root 0 0 0 42.001 39.409 41.126666666666665 3
stats: tr_Post_New_Comment_On_Post 0 0 0 17.52 8.754 11.722777777777777 9
stats: tr_Get_Post 0 0 0 81.79 60.651 70.41388888888889 9
stats: tr_Redirect_To_Post 2 66.2275 2.9935000000000027 77.418 56.131 67.6539375 16
stats: tr_Post_New_Comment_On_Comment 1 9.659 0.0 19.159 9.087 11.798375 8
stats: tr_Get_Logout 0 0 0 8.676 8.676 8.676 1
stats: tr_Get_Conversations 0 0 0 17.321 7.307 13.84666666666667 3
stats: tr_Authenticate_User 1 5209.003 0.0 12737.573 875.482 3937.147379310345 29
stats: tr_Get_New_Conversation 0 0 0 190.763 182.439 186.211 3
stats: tr_Post_New_Conversation 0 0 0 54.096 41.902 48.54599999999999 3
stats: tr_Redirect_To_New_Conversation 0 0 0 50.626 14.771 27.15133333333333 3
stats: tr_Redirect_To_Same_Conversation 0 0 0 50.438 14.684 26.93466666666667 3
stats: tr_Reply_To_Conversation 0 0 0 59.841 23.482 44.431000000000004 3
stats: tr_Get_Login 1 21.6 0 21.6 21.6 0 0
stats: tr_Post_Login 1 126.757 0 126.757 126.757 0 0
stats: tr_Get_Book 0 0 0 204.506 158.424 178.02072727272727 11
stats: tr_Get_New_Book 1 9.537 0.0 10.226 6.978 8.39 5
stats: tr_Post_New_Book 1 7.745 0.0 21.42 6.038 10.0568 5
stats: tr_Redirect_To_New_Book 2 9.0355 0.4504999999999999 10.561 7.902 8.963666666666667 3
# stats: dump at 1575891937
stats: users 15 26
stats: {recvpackets,"tsung_controller@ip-172-31-46-69"} 1 71.0 0.0 1146 71 836.3333333333334 3
stats: {sentpackets,"tsung_controller@ip-172-31-46-69"} 1 35.0 0.0 476 35 332.3333333333333 3
stats: {cpu,"tsung_controller@ip-172-31-46-69"} 1 0.0020818153429790777 0.0 0.02642791615112866 0.0020818153429790777 0.01753673186978262 4
stats: {load,"tsung_controller@ip-172-31-46-69"} 1 0.0 0.0 0.0 0.0 0.0 4
stats: {freemem,"tsung_controller@ip-172-31-46-69"} 1 375558.35546875 0.0 375574.15625 375554.99609375 375561.97265625 4
stats: session 1 27182.098 0.0 27182.098 7966.079 13729.504896551724 29
stats: users_count 15 45
stats: finish_users_count 1 30
stats: request 29 40.653862068965516 41.43375228892015 216.185 4.358 50.02025468164797 267
stats: connect 14 1.794142857142857 0.09994559744670886 13.497 1.533 2.1979 30
stats: page 29 40.653862068965516 41.43375228892015 216.185 4.358 50.590803030303064 264
stats: tr_Initial_Get_Root 7 48.102 6.250220613249241 138.716 39.118 60.0043888888889 18
stats: 302 6 108
stats: tr_Redirect_Root 1 41.978 0.0 104.055 38.121 46.63163333333333 30
stats: 200 23 188
stats: tr_Post_New_Post 0 0 0 92.818 8.194 19.111 11
stats: size_rcv 211613 2960547
stats: tr_Get_New_Post 0 0 0 23.709 7.408 13.326999999999998 11
stats: newphase 1 1
stats: tr_Redirect_To_New_Post 0 0 0 37.273 9.113 18.09181818181818 11
stats: size_sent 10228 155922
stats: tr_Get_Root 3 57.76733333333333 7.788466786787303 68.581 39.409 41.126666666666665 3
stats: connected 13 14
stats: tr_Post_New_Comment_On_Post 0 0 0 17.52 8.754 11.722777777777777 9
stats: tr_Get_Post 0 0 0 81.79 60.651 70.41388888888889 9
stats: tr_Redirect_To_Post 0 0 0 77.418 56.131 67.49544444444444 18
stats: tr_Post_New_Comment_On_Comment 0 0 0 19.159 9.087 11.560666666666668 9
stats: tr_Get_Logout 0 0 0 8.676 8.676 8.676 1
stats: tr_Get_Conversations 0 0 0 17.321 7.307 13.84666666666667 3
stats: tr_Authenticate_User 2 1740.589 77.90200000000004 12737.573 875.482 3979.5425666666665 30
stats: tr_Get_New_Conversation 0 0 0 190.763 182.439 186.211 3
stats: tr_Post_New_Conversation 0 0 0 54.096 41.902 48.54599999999999 3
stats: tr_Redirect_To_New_Conversation 0 0 0 50.626 14.771 27.15133333333333 3
stats: tr_Redirect_To_Same_Conversation 0 0 0 50.438 14.684 26.93466666666667 3
stats: tr_Reply_To_Conversation 0 0 0 59.841 23.482 44.431000000000004 3
stats: tr_Get_Login 0 0 0 21.6 21.6 21.6 1
stats: tr_Post_Login 0 0 0 126.757 126.757 126.757 1
stats: tr_Get_Book 0 0 0 204.506 158.424 178.02072727272727 11
stats: tr_Get_New_Book 0 0 0 10.226 6.978 8.581166666666666 6
stats: tr_Post_New_Book 0 0 0 21.42 6.038 9.6715 6
stats: tr_Redirect_To_New_Book 1 9.136 0.0 10.561 7.902 8.9924 5
# stats: dump at 1575891947
stats: users 52 53
stats: {recvpackets,"tsung_controller@ip-172-31-46-69"} 1 408.0 0.0 1146 71 645.0 4
stats: {sentpackets,"tsung_controller@ip-172-31-46-69"} 1 222.0 0.0 476 35 258.0 4
stats: {cpu,"tsung_controller@ip-172-31-46-69"} 1 0.009369924624161911 0.0 0.02642791615112866 0.0020818153429790777 0.014445748564421912 5
stats: {load,"tsung_controller@ip-172-31-46-69"} 1 0.0 0.0 0.0 0.0 0.0 5
stats: {freemem,"tsung_controller@ip-172-31-46-69"} 1 375557.2578125 0.0 375574.15625 375554.99609375 375561.24921875 5
stats: session 6 8709.921499999999 2775.060402582242 27182.098 4244.51 14177.924666666666 30
stats: users_count 43 88
stats: finish_users_count 6 36
stats: request 210 47.537728571428566 50.99580302056278 306.894 4.083 49.10260135135138 296
stats: connect 43 1.7963488372093022 0.219741590703022 13.497 1.453 2.0694318181818185 44
stats: page 210 47.537728571428566 50.99580302056278 306.894 4.083 49.60728327645054 293
stats: tr_Initial_Get_Root 26 47.493307692307695 5.98907959905251 138.716 39.118 56.67172000000001 25
stats: 302 82 190
stats: tr_Redirect_Root 25 47.468520000000005 12.832519915028378 104.055 38.121 46.481516129032265 31
stats: 200 128 316
stats: tr_Post_New_Post 2 8.946 0.05400000000000027 92.818 8.194 19.111 11
stats: size_rcv 1976935 4937482
stats: tr_Get_New_Post 2 8.3275 0.40349999999999997 23.709 7.408 13.326999999999998 11
stats: newphase 0 1
stats: tr_Redirect_To_New_Post 1 13.929 0.0 37.273 9.113 18.09181818181818 11
stats: size_sent 105508 261430
stats: tr_Get_Root 3 54.03133333333333 8.235162833173908 68.581 39.409 49.447 6
stats: connected 38 52
stats: tr_Post_New_Comment_On_Post 7 8.765857142857145 0.4488962427273079 17.52 8.026 11.722777777777777 9
stats: tr_Get_Post 7 66.63885714285713 5.6637763633354705 81.79 60.651 70.41388888888889 9
stats: tr_Redirect_To_Post 7 65.501 3.8414873979451545 77.418 56.131 67.49544444444444 18
stats: tr_Post_New_Comment_On_Comment 4 9.08125 0.7719917017041054 19.159 7.96 11.560666666666668 9
stats: tr_Get_Logout 3 7.03 0.29597747662054735 8.676 6.7 8.676 1
stats: tr_Get_Conversations 2 7.008 0.6219999999999999 17.321 6.386 13.84666666666667 3
stats: tr_Authenticate_User 30 3041.0262333333335 1687.3827236736718 12737.573 135.515 3839.60796875 32
stats: tr_Get_New_Conversation 1 307.051 0.0 307.051 182.439 186.211 3
stats: tr_Post_New_Conversation 1 17.809 0.0 54.096 17.809 48.54599999999999 3
stats: tr_Redirect_To_New_Conversation 0 0 0 50.626 14.771 27.15133333333333 3
stats: tr_Redirect_To_Same_Conversation 0 0 0 50.438 14.684 26.93466666666667 3
stats: tr_Reply_To_Conversation 0 0 0 59.841 23.482 44.431000000000004 3
stats: tr_Get_Login 3 7.458333333333333 0.7756942410225539 21.6 6.38 21.6 1
stats: tr_Post_Login 2 125.132 0.5829999999999984 126.757 124.549 126.757 1
stats: tr_Get_Book 6 165.8285 7.816475159345588 204.506 158.424 178.02072727272727 11
stats: tr_Get_New_Book 3 7.833666666666667 0.21100131647825193 10.226 6.978 8.581166666666666 6
stats: tr_Post_New_Book 2 6.9465 0.01550000000000007 21.42 6.038 9.6715 6
stats: tr_Redirect_To_New_Book 1 7.15 0.0 10.561 7.15 9.016333333333334 6
# stats: dump at 1575891957
stats: users 28 54
stats: {recvpackets,"tsung_controller@ip-172-31-46-69"} 1 2163.0 0.0 2163 71 597.6 5
stats: {sentpackets,"tsung_controller@ip-172-31-46-69"} 1 855.0 0.0 855 35 250.8 5
stats: {cpu,"tsung_controller@ip-172-31-46-69"} 1 0.024986725801917735 0.0 0.02642791615112866 0.0020818153429790777 0.013599777907711913 6
stats: {load,"tsung_controller@ip-172-31-46-69"} 1 0.078125 0.0 0.078125 0.0 0.0 6
stats: {freemem,"tsung_controller@ip-172-31-46-69"} 1 375536.51953125 0.0 375574.15625 375536.51953125 375560.583984375 6
stats: session 26 13147.995576923075 3431.7701450460863 27182.098 4244.51 13266.590805555556 36
stats: users_count 2 90
stats: finish_users_count 26 62
stats: request 208 42.946048076923084 52.26195143657791 306.894 4.046 48.45314822134389 506
stats: connect 3 1.6053333333333333 0.14000079364854412 13.497 1.41 1.9344597701149426 87
stats: page 206 43.364305825242674 52.48839169277193 306.894 4.046 48.743254473161045 503
stats: tr_Initial_Get_Root 2 45.2325 0.6024999999999991 138.716 39.118 51.99252941176471 51
stats: 302 91 281
stats: tr_Redirect_Root 31 48.422322580645144 4.3472245234439 104.055 38.121 46.922142857142866 56
stats: 200 117 433
stats: tr_Post_New_Post 8 8.00925 0.6462328817848871 92.818 7.263 17.547153846153847 13
stats: size_rcv 2150806 7088288
stats: tr_Get_New_Post 8 8.66225 0.6895541584966336 23.709 7.377 12.557846153846153 13
stats: newphase 0 1
stats: tr_Redirect_To_New_Post 8 9.506 0.3418117171777463 37.273 9.013 17.744916666666665 12
stats: size_sent 126121 387551
stats: tr_Get_Root 0 0 0 68.581 39.409 50.97511111111111 9
stats: connected -24 28
stats: tr_Post_New_Comment_On_Post 8 9.827250000000001 2.9639466826344907 17.566 7.956 10.429125 16
stats: tr_Get_Post 8 66.00487499999998 5.732682213360078 81.79 59.948 68.7623125 16
stats: tr_Redirect_To_Post 17 60.276470588235284 5.507419317906762 77.418 54.17 66.93700000000001 25
stats: tr_Post_New_Comment_On_Comment 9 9.342555555555556 0.49217501654754864 19.159 7.96 10.797769230769232 13
stats: tr_Get_Logout 1 6.806 0.0 8.676 6.7 7.4415 4
stats: tr_Get_Conversations 4 12.02925 4.400154393598023 17.321 6.386 11.1112 5
stats: tr_Authenticate_User 27 5366.705000000001 2989.046664467006 12737.573 135.515 3453.1974516129035 62
stats: tr_Get_New_Conversation 4 257.8295 12.265236575378403 307.051 182.439 216.421 4
stats: tr_Post_New_Conversation 4 36.05 19.8617471789367 60.271 15.881 40.861749999999994 4
stats: tr_Redirect_To_New_Conversation 4 24.987750000000002 16.884222685320754 54.203 14.513 27.15133333333333 3
stats: tr_Redirect_To_Same_Conversation 2 35.939499999999995 18.9605 54.9 14.684 26.93466666666667 3
stats: tr_Reply_To_Conversation 2 22.0105 0.1634999999999991 59.841 21.847 44.431000000000004 3
stats: tr_Get_Login 1 7.987 0.0 21.6 6.38 10.99375 4
stats: tr_Post_Login 2 124.73949999999999 0.2105000000000068 126.757 124.529 125.67366666666668 3
stats: tr_Get_Book 4 170.04025 9.223742715812287 204.506 156.065 173.71758823529413 17
stats: tr_Get_New_Book 10 7.179799999999998 0.7036963549713753 10.226 6.21 8.332 9
stats: tr_Post_New_Book 9 6.778111111111111 0.306666465378356 21.42 6.038 8.99025 8
stats: tr_Redirect_To_New_Book 6 6.9985 0.30627316238939384 10.561 6.398 8.749714285714285 7
# stats: dump at 1575891967
stats: users 9 54
stats: {recvpackets,"tsung_controller@ip-172-31-46-69"} 1 1815.0 0.0 2163 71 858.5 6
stats: {sentpackets,"tsung_controller@ip-172-31-46-69"} 1 659.0 0.0 855 35 351.5 6
stats: {cpu,"tsung_controller@ip-172-31-46-69"} 1 0.023947606801120333 0.0 0.02642791615112866 0.0020818153429790777 0.015226484749741318 7
stats: {load,"tsung_controller@ip-172-31-46-69"} 1 0.0703125 0.0 0.078125 0.0 0.011160714285714286 7
stats: {freemem,"tsung_controller@ip-172-31-46-69"} 1 375538.03515625 0.0 375574.15625 375536.51953125 375557.14620535716 7
stats: session 19 18843.47842105263 4483.449503918141 27182.098 4244.51 13216.857322580643 62
stats: users_count 0 90
stats: finish_users_count 19 81
stats: request 69 39.35650724637681 50.516844694350574 306.894 4.046 46.84883893557424 714
stats: connect 0 0 0 13.497 1.41 1.923488888888889 90
stats: page 65 41.791230769230765 51.77569031141612 306.894 4.046 47.18040056417489 709
stats: tr_Initial_Get_Root 0 0 0 138.716 39.118 51.737433962264156 53
stats: 302 24 305
stats: tr_Redirect_Root 3 53.411 3.598216502657948 104.055 38.121 47.45668965517241 87
stats: 200 45 478
stats: tr_Post_New_Post 4 8.77325 0.49848890408914837 92.818 7.263 13.913666666666668 21
stats: size_rcv 1009833 8098121
stats: tr_Get_New_Post 4 8.68025 0.425936248163971 23.709 7.377 11.073809523809523 21
stats: newphase 0 1
stats: tr_Redirect_To_New_Post 3 10.033666666666667 0.2710059449942415 37.273 9.013 14.449349999999999 20
stats: size_sent 39162 426713
stats: tr_Get_Root 0 0 0 68.581 39.409 50.97511111111111 9
stats: connected -18 10
stats: tr_Post_New_Comment_On_Post 4 9.24075 0.17171105817622892 17.566 7.956 10.228500000000002 24
stats: tr_Get_Post 4 62.355999999999995 3.741454463173379 81.79 59.697 67.84316666666666 24
stats: tr_Redirect_To_Post 10 63.83270000000001 4.81082140699486 77.418 54.17 64.24107142857143 42
stats: tr_Post_New_Comment_On_Comment 5 9.463199999999999 0.3061120056449923 19.159 7.96 10.202454545454545 22
stats: tr_Get_Logout 0 0 0 8.676 6.7 7.314399999999999 5
stats: tr_Get_Conversations 0 0 0 17.321 6.386 11.519222222222222 9
stats: tr_Authenticate_User 1 5645.461 0.0 12737.573 135.515 4033.6997415730343 89
stats: tr_Get_New_Conversation 1 267.149 0.0 307.051 182.439 237.12525 8
stats: tr_Post_New_Conversation 1 42.117 0.0 60.271 15.881 38.45587499999999 8
stats: tr_Redirect_To_New_Conversation 2 39.460499999999996 22.229499999999998 61.69 14.513 25.915 7
stats: tr_Redirect_To_Same_Conversation 4 21.80475 11.63494031731577 54.9 14.171 30.5366 5
stats: tr_Reply_To_Conversation 4 31.374000000000002 17.098745407192894 60.944 19.972 35.4628 5
stats: tr_Get_Login 0 0 0 21.6 6.38 10.3924 5
stats: tr_Post_Login 0 0 0 126.757 124.529 125.3 5
stats: tr_Get_Book 5 165.21240000000003 11.51841285247235 204.506 156.065 173.01714285714286 21
stats: tr_Get_New_Book 3 7.669333333333333 0.7898482273337216 10.226 6.21 7.7255789473684215 19
stats: tr_Post_New_Book 5 6.581799999999999 0.43227417225645076 21.42 6.038 7.819117647058825 17
stats: tr_Redirect_To_New_Book 6 9.357833333333334 3.746207478533754 17.721 6.398 7.941461538461539 13
# stats: dump at 1575891977
stats: users 35 54
stats: {recvpackets,"tsung_controller@ip-172-31-46-69"} 1 682.0 0.0 2163 71 995.1428571428571 7
stats: {sentpackets,"tsung_controller@ip-172-31-46-69"} 1 232.0 0.0 855 35 395.42857142857144 7
stats: {cpu,"tsung_controller@ip-172-31-46-69"} 1 0.009369729527140982 0.0 0.02642791615112866 0.0020818153429790777 0.016316625006163696 8
stats: {load,"tsung_controller@ip-172-31-46-69"} 1 0.05859375 0.0 0.078125 0.0 0.0185546875 8
stats: {freemem,"tsung_controller@ip-172-31-46-69"} 1 375545.66015625 0.0 375574.15625 375536.51953125 375554.75732421875 8
stats: session 9 25254.892666666667 3059.565462284544 31660.314 4244.51 14536.682024691358 81
stats: users_count 35 125
stats: finish_users_count 9 90
stats: request 67 36.583388059701484 39.462171169382565 306.894 4.046 46.18859514687102 783
stats: connect 33 1.9446060606060604 1.1068297325844503 13.497 1.384 1.923488888888889 90
stats: page 67 36.583388059701484 39.462171169382565 306.894 4.046 46.72782170542635 774
stats: tr_Initial_Get_Root 13 54.41761538461539 3.5342575009243786 138.716 39.118 51.737433962264156 53
stats: 302 14 319
stats: tr_Redirect_Root 1 51.061 0.0 104.055 38.121 47.655166666666666 90
stats: 200 53 531
stats: tr_Post_New_Post 1 8.732 0.0 92.818 7.263 13.0912 25
stats: size_rcv 631600 8729721
stats: tr_Get_New_Post 1 9.048 0.0 23.709 7.377 10.690839999999998 25
stats: newphase 1 2
stats: tr_Redirect_To_New_Post 3 9.844 0.29324733587877655 37.273 9.013 13.873391304347825 23
stats: size_sent 25800 452513
stats: tr_Get_Root 3 56.471000000000004 0.8809021890463602 68.581 39.409 50.97511111111111 9
stats: connected 23 33
stats: tr_Post_New_Comment_On_Post 0 0 0 17.566 7.956 10.08739285714286 28
stats: tr_Get_Post 0 0 0 81.79 59.697 67.0592857142857 28
stats: tr_Redirect_To_Post 4 56.84375 3.7770475490123228 77.418 54.17 64.16253846153846 52
stats: tr_Post_New_Comment_On_Comment 1 9.26 0.0 19.159 7.96 10.065555555555555 27
stats: tr_Get_Logout 0 0 0 8.676 6.7 7.314399999999999 5
stats: tr_Get_Conversations 0 0 0 17.321 6.386 11.519222222222222 9
stats: tr_Authenticate_User 5 1983.8301999999999 874.2582573423944 12737.573 135.515 4051.6082000000006 90
stats: tr_Get_New_Conversation 0 0 0 307.051 182.439 240.4612222222222 9
stats: tr_Post_New_Conversation 0 0 0 60.271 15.881 38.86266666666666 9
stats: tr_Redirect_To_New_Conversation 0 0 0 61.69 14.513 28.925111111111114 9
stats: tr_Redirect_To_Same_Conversation 0 0 0 54.9 14.171 26.655777777777775 9
stats: tr_Reply_To_Conversation 0 0 0 60.944 19.972 33.64555555555556 9
stats: tr_Get_Login 0 0 0 21.6 6.38 10.3924 5
stats: tr_Post_Login 0 0 0 126.757 124.529 125.3 5
stats: tr_Get_Book 0 0 0 204.506 156.065 171.5162307692308 26
stats: tr_Get_New_Book 0 0 0 10.226 6.21 7.7179090909090915 22
stats: tr_Post_New_Book 0 0 0 21.42 6.038 7.537909090909091 22
stats: tr_Redirect_To_New_Book 3 7.561333333333334 0.39452700231486776 17.721 6.398 8.388736842105265 19
# stats: dump at 1575891987
stats: users 95 97
stats: {recvpackets,"tsung_controller@ip-172-31-46-69"} 1 1026.0 0.0 2163 71 956.0 8
stats: {sentpackets,"tsung_controller@ip-172-31-46-69"} 1 463.0 0.0 855 35 375.0 8
stats: {cpu,"tsung_controller@ip-172-31-46-69"} 1 0.008327954862484645 0.0 0.02642791615112866 0.0020818153429790777 0.015544747730716728 9
stats: {load,"tsung_controller@ip-172-31-46-69"} 1 0.05078125 0.0 0.078125 0.0 0.023003472222222224 9
stats: {freemem,"tsung_controller@ip-172-31-46-69"} 1 375547.80859375 0.0 375574.15625 375536.51953125 375553.74652777775 9
stats: session 13 8772.81423076923 2110.180939763411 31660.314 4244.51 15608.503088888889 90
stats: users_count 73 198
stats: finish_users_count 13 103
stats: request 453 51.6364966887417 51.94137668231332 336.458 3.764 45.431478823529424 850
stats: connect 74 1.7345540540540536 0.18040316275557175 13.497 1.37 1.9291544715447155 123
stats: page 452 51.7510553097345 51.96442218104392 336.458 3.764 45.91964447086801 841
stats: tr_Initial_Get_Root 43 64.70358139534882 28.172822891666986 186.786 39.118 52.26534848484849 66
stats: 302 198 517
stats: tr_Redirect_Root 59 59.36569491525423 10.082341349774072 105.161 38.121 47.6925934065934 91
stats: 200 255 786
stats: tr_Post_New_Post 3 8.211 0.4355647674762806 92.818 7.263 12.923538461538463 26
stats: size_rcv 4784806 13514527
stats: tr_Get_New_Post 3 9.313 0.7986576237662788 23.709 7.377 10.627653846153844 26
stats: newphase 0 2
stats: tr_Redirect_To_New_Post 0 0 0 37.273 9.013 13.408461538461536 26
stats: size_sent 241267 693780
stats: tr_Get_Root 8 57.576625 6.63265619751054 71.786 39.409 52.34908333333334 12
stats: connected 63 96
stats: tr_Post_New_Comment_On_Post 22 10.302136363636361 4.921435731900107 30.681 7.956 10.08739285714286 28
stats: tr_Get_Post 22 66.30745454545455 5.364167415929116 81.79 59.697 67.0592857142857 28
stats: tr_Redirect_To_Post 19 67.6917894736842 8.893537479712288 95.245 54.17 63.63976785714285 56
stats: tr_Post_New_Comment_On_Comment 8 9.127500000000001 0.7443290602952432 19.159 7.96 10.036785714285713 28
stats: tr_Get_Logout 11 11.27681818181818 13.038249839454414 51.601 5.262 7.314399999999999 5
stats: tr_Get_Conversations 4 8.11725 0.837814828885238 17.321 6.386 11.519222222222222 9
stats: tr_Authenticate_User 73 2914.216643835615 2141.957593928094 12737.573 135.515 3942.7777789473694 95
stats: tr_Get_New_Conversation 2 335.0275 1.586500000000001 336.614 182.439 240.4612222222222 9
stats: tr_Post_New_Conversation 2 29.617 13.467000000000002 60.271 15.881 38.86266666666666 9
stats: tr_Redirect_To_New_Conversation 2 18.8985 1.0535000000000023 61.69 14.513 28.925111111111114 9
stats: tr_Redirect_To_Same_Conversation 1 25.854 0.0 54.9 14.171 26.655777777777775 9
stats: tr_Reply_To_Conversation 1 20.858 0.0 60.944 19.972 33.64555555555556 9
stats: tr_Get_Login 8 9.562749999999998 3.869605075133637 21.6 5.656 10.3924 5
stats: tr_Post_Login 4 126.13525 0.9957465478222871 127.529 124.529 125.3 5
stats: tr_Get_Book 4 173.8 5.241261298580718 204.506 156.065 171.5162307692308 26
stats: tr_Get_New_Book 4 20.16575 15.494560035299484 44.175 6.21 7.7179090909090915 22
stats: tr_Post_New_Book 3 7.222 1.0250661767255158 21.42 6.038 7.537909090909091 22
stats: tr_Redirect_To_New_Book 2 6.4015 0.3504999999999996 17.721 6.051 8.275909090909094 22
# stats: dump at 1575891997
stats: users 43 100
stats: {recvpackets,"tsung_controller@ip-172-31-46-69"} 1 5026.0 0.0 5026 71 963.7777777777778 9
stats: {sentpackets,"tsung_controller@ip-172-31-46-69"} 1 1820.0 0.0 1820 35 384.77777777777777 9
stats: {cpu,"tsung_controller@ip-172-31-46-69"} 1 0.10100273852785907 0.0 0.10100273852785907 0.0020818153429790777 0.01482306844389352 10
stats: {load,"tsung_controller@ip-172-31-46-69"} 1 0.0390625 0.0 0.078125 0.0 0.02578125 10
stats: {freemem,"tsung_controller@ip-172-31-46-69"} 1 375501.3125 0.0 375574.15625 375501.3125 375553.152734375 10
stats: session 63 13038.539222222224 3634.007055401147 31660.314 4244.51 14745.746242718446 103
stats: users_count 11 209
stats: finish_users_count 63 166
stats: request 406 52.857593596059175 74.13199580906567 568.866 3.764 47.58871066768995 1303
stats: connect 12 1.6585833333333333 0.15030050916598905 13.497 1.365 1.8560558375634517 197
stats: page 402 53.385388059701555 74.39055205948588 568.866 3.764 47.958157772621796 1293
stats: tr_Initial_Get_Root 9 62.00866666666666 9.036764895568421 186.786 39.118 57.172174311926604 109
stats: 302 160 677
stats: tr_Redirect_Root 51 69.92837254901963 26.15175833923517 195.355 38.121 52.28401333333333 150
stats: 200 246 1032
stats: tr_Post_New_Post 12 9.4175 1.7176761190631953 92.818 7.263 12.436034482758622 29
stats: size_rcv 6007054 19521581
stats: tr_Get_New_Post 12 9.704749999999999 2.1119127635471435 23.709 7.377 10.491655172413793 29
stats: newphase 0 2
stats: tr_Redirect_To_New_Post 11 9.805090909090909 0.5003045353573898 37.273 8.905 13.408461538461536 26
stats: size_sent 233175 926955
stats: tr_Get_Root 0 0 0 71.786 39.409 54.44010000000001 20
stats: connected -51 45
stats: tr_Post_New_Comment_On_Post 20 10.215999999999998 3.4765838261143656 30.681 7.416 10.18188 50
stats: tr_Get_Post 20 74.00045 27.717817891159836 184.586 59.511 66.72848 50
stats: tr_Redirect_To_Post 57 65.44950877192983 13.596277394447538 127.302 53.661 64.66628 75
stats: tr_Post_New_Comment_On_Comment 30 11.711599999999999 11.466764270708632 72.9 7.96 9.83472222222222 36
stats: tr_Get_Logout 3 7.709333333333333 2.3680127158067 51.601 5.262 10.0385625 16
stats: tr_Get_Conversations 5 10.961 4.49866949219433 19.308 6.386 10.472461538461538 13
stats: tr_Authenticate_User 37 4024.0370270270278 2664.2401546136784 12737.573 135.515 3495.8434761904755 168
stats: tr_Get_New_Conversation 7 476.8728571428572 47.38234424770649 569.047 182.439 257.65509090909086 11
stats: tr_Post_New_Conversation 7 18.946 3.7393239266706257 60.271 15.228 37.18163636363636 11
stats: tr_Redirect_To_New_Conversation 6 16.903000000000002 5.150332351735501 61.69 13.884 27.102090909090915 11
stats: tr_Redirect_To_Same_Conversation 4 25.393500000000003 14.360445127153966 54.9 14.165 26.575599999999998 10
stats: tr_Reply_To_Conversation 4 24.94175 7.5257780785444375 60.944 19.68 32.366800000000005 10
stats: tr_Get_Login 6 7.092333333333333 1.2048321690407982 21.6 5.656 9.881846153846153 13
stats: tr_Post_Login 8 126.196375 2.1123918870264053 129.847 123.671 125.67122222222221 9
stats: tr_Get_Book 14 189.00164285714285 33.25665706636179 296.534 156.065 171.82073333333335 30
stats: tr_Get_New_Book 17 8.595882352941175 4.010419193027859 44.175 6.174 9.632961538461538 26
stats: tr_Post_New_Book 16 7.442 2.4779817392386083 21.42 6.038 7.5 25
stats: tr_Redirect_To_New_Book 8 10.164875000000002 6.538781010966416 27.174 6.051 8.119708333333337 24
# stats: dump at 1575892007
stats: users 9 100
stats: {recvpackets,"tsung_controller@ip-172-31-46-69"} 1 4585.0 0.0 5026 71 1370.0 10
stats: {sentpackets,"tsung_controller@ip-172-31-46-69"} 1 1397.0 0.0 1820 35 528.3 10
stats: {cpu,"tsung_controller@ip-172-31-46-69"} 1 0.07392522099476277 0.0 0.10100273852785907 0.0020818153429790777 0.022657583906072205 11
stats: {load,"tsung_controller@ip-172-31-46-69"} 1 0.03125 0.0 0.078125 0.0 0.026988636363636364 11
stats: {freemem,"tsung_controller@ip-172-31-46-69"} 1 375513.9609375 0.0 375574.15625 375501.3125 375548.43998579547 11
stats: session 34 16937.445617647056 4539.66366338673 31660.314 4244.51 14097.830325301204 166
stats: users_count 0 209
stats: finish_users_count 34 200
stats: request 106 42.23853773584902 75.80761399009481 568.866 3.764 48.84041720304274 1709
stats: page 101 44.34070297029701 77.28990860730546 568.866 3.764 49.24532389380531 1695
stats: connect 0 0 0 13.497 1.365 1.8447177033492823 209
stats: tr_Initial_Get_Root 0 0 0 186.786 39.118 57.541059322033895 118
stats: 302 36 713
stats: tr_Redirect_Root 7 64.58714285714287 3.4499785684043043 195.355 38.121 56.760940298507464 201
stats: 200 70 1102
stats: tr_Post_New_Post 9 8.431111111111111 0.5678124581711125 92.818 7.263 11.552560975609756 41
stats: size_rcv 1153117 20674698
stats: tr_Get_New_Post 9 10.167444444444445 3.154629124569201 23.709 7.377 10.261341463414633 41
stats: newphase 0 2
stats: tr_Redirect_To_New_Post 10 9.586700000000002 0.38704962214165745 37.273 8.905 12.337189189189187 37
stats: size_sent 61606 988561
stats: tr_Get_Root 0 0 0 71.786 39.409 54.44010000000001 20
stats: connected -36 9
stats: tr_Post_New_Comment_On_Post 1 9.199 0.0 30.681 7.416 10.191628571428572 70
stats: tr_Get_Post 1 60.596 0.0 184.586 59.511 68.80618571428573 70
stats: tr_Redirect_To_Post 10 63.303999999999995 4.326690143747294 127.302 53.661 65.00449242424243 132
stats: tr_Post_New_Comment_On_Comment 5 9.151 0.20304088258279468 72.9 7.96 10.687848484848484 66
stats: tr_Get_Logout 1 5.482 0.0 51.601 5.262 9.670789473684211 19
stats: tr_Get_Conversations 2 7.4015 0.9215 19.308 6.386 10.608166666666667 18
stats: tr_Authenticate_User 3 14050.932666666666 4449.448062086078 20211.403 135.515 3591.175970731707 205
stats: tr_Get_New_Conversation 2 482.538 29.019999999999996 569.047 182.439 342.9064444444444 18
stats: tr_Post_New_Conversation 2 16.363500000000002 0.21449999999999836 60.271 15.228 30.089999999999993 18
stats: tr_Redirect_To_New_Conversation 2 14.3975 0.09350000000000014 61.69 13.884 23.502411764705887 17
stats: tr_Redirect_To_Same_Conversation 5 14.847999999999999 0.7674568391772919 54.9 13.692 26.23785714285714 14
stats: tr_Reply_To_Conversation 5 24.2822 4.1621741626222235 60.944 19.68 30.24535714285715 14
stats: tr_Get_Login 1 7.532 0.0 21.6 5.656 9.000947368421052 19
stats: tr_Post_Login 3 124.88999999999999 0.8475781183269653 129.847 123.671 125.91835294117648 17
stats: tr_Get_Book 6 169.8225 5.940661740636866 296.534 156.065 177.2873863636364 44
stats: tr_Get_New_Book 3 7.106999999999999 0.31193054782541985 44.175 6.174 9.222953488372093 43
stats: tr_Post_New_Book 5 7.2188 0.18389388244310897 21.42 6.038 7.477365853658537 41
stats: tr_Redirect_To_New_Book 11 7.026181818181818 0.5111969586945062 27.174 6.051 8.631000000000004 32
# stats: dump at 1575892017
stats: users 0 100
stats: {recvpackets,"tsung_controller@ip-172-31-46-69"} 1 868.0 0.0 5026 71 1662.2727272727273 11
stats: {sentpackets,"tsung_controller@ip-172-31-46-69"} 1 345.0 0.0 1820 35 607.2727272727273 11
stats: {cpu,"tsung_controller@ip-172-31-46-69"} 1 0.01353391286242257 0.0 0.10100273852785907 0.0020818153429790777 0.02692988699679642 12
stats: {load,"tsung_controller@ip-172-31-46-69"} 1 0.03125 0.0 0.078125 0.0 0.02734375 12
stats: {freemem,"tsung_controller@ip-172-31-46-69"} 1 375527.04296875 0.0 375574.15625 375501.3125 375545.5667317708 12
stats: session 9 27486.691888888887 4161.361874894282 38409.672 4244.51 14580.564924999997 200
stats: users_count 0 209
stats: finish_users_count 9 209
stats: request 18 36.05838888888889 50.15709398938375 568.866 3.764 48.45485289256201 1815
stats: page 17 38.19229411764706 51.429831679294395 568.866 3.764 48.96950723830735 1796
stats: tr_Initial_Get_Root 0 0 0 186.786 39.118 57.541059322033895 118
stats: connect 0 0 0 13.497 1.365 1.8447177033492823 209
stats: 302 5 718
stats: tr_Redirect_Root 1 64.609 0.0 195.355 38.121 57.02432211538462 208
stats: 200 13 1115
stats: tr_Post_New_Post 1 8.724 0.0 92.818 7.263 10.990700000000002 50
stats: size_rcv 107364 20782062
stats: tr_Get_New_Post 1 8.519 0.0 23.709 7.377 10.244439999999999 50
stats: newphase 0 2
stats: tr_Redirect_To_New_Post 4 10.043 0.6215629493462425 37.273 8.905 11.751978723404255 47
stats: size_sent 9490 998051
stats: tr_Get_Root 0 0 0 71.786 39.409 54.44010000000001 20
stats: connected -9 0
stats: tr_Post_New_Comment_On_Post 0 0 0 30.681 7.416 10.177647887323943 71
stats: tr_Get_Post 0 0 0 184.586 59.511 68.69054929577466 71
stats: tr_Redirect_To_Post 0 0 0 127.302 53.661 64.88473943661972 142
stats: tr_Post_New_Comment_On_Comment 0 0 0 72.9 7.96 10.579619718309857 71
stats: tr_Get_Logout 1 7.332 0.0 51.601 5.262 9.46135 20
stats: tr_Get_Conversations 0 0 0 19.308 6.386 10.2875 20
stats: tr_Authenticate_User 1 5364.968 0.0 20211.403 135.515 3742.0378461538453 208
stats: tr_Get_New_Conversation 0 0 0 569.047 182.439 356.86959999999993 20
stats: tr_Post_New_Conversation 0 0 0 60.271 15.228 28.717349999999993 20
stats: tr_Redirect_To_New_Conversation 1 15.952 0.0 61.69 13.884 22.544000000000004 19
stats: tr_Redirect_To_Same_Conversation 1 24.659 0.0 54.9 13.692 23.240526315789474 19
stats: tr_Reply_To_Conversation 1 21.757 0.0 60.944 19.68 28.676105263157893 19
stats: tr_Get_Login 1 7.342 0.0 21.6 5.656 8.927499999999998 20
stats: tr_Post_Login 1 126.033 0.0 129.847 123.671 125.76410000000001 20
stats: tr_Get_Book 1 174.79 0.0 296.534 156.065 176.39160000000004 50
stats: tr_Get_New_Book 0 0 0 44.175 6.174 9.08495652173913 46
stats: tr_Post_New_Book 0 0 0 21.42 6.038 7.449260869565217 46
stats: tr_Redirect_To_New_Book 3 8.549999999999999 1.1495294689567557 27.174 6.051 8.220465116279073 43
# stats: dump at 1575892027
stats: users 124 124
stats: {recvpackets,"tsung_controller@ip-172-31-46-69"} 1 49.0 0.0 5026 49 1596.0833333333333 12
stats: {sentpackets,"tsung_controller@ip-172-31-46-69"} 1 46.0 0.0 1820 35 585.4166666666666 12
stats: {cpu,"tsung_controller@ip-172-31-46-69"} 1 0.00832838835274889 0.0 0.10100273852785907 0.0020818153429790777 0.02589942744799843 13
stats: {load,"tsung_controller@ip-172-31-46-69"} 1 0.01953125 0.0 0.078125 0.0 0.027644230769230768 13
stats: {freemem,"tsung_controller@ip-172-31-46-69"} 1 375534.890625 0.0 375574.15625 375501.3125 375544.14182692306 13
stats: session 3 6342.264666666667 1087.9640813698256 38409.672 4244.51 15136.331157894734 209
stats: users_count 127 336
stats: finish_users_count 3 212
stats: request 368 55.722644021739164 48.95689820294144 568.866 3.764 48.33312002182218 1833
stats: connect 121 1.7996942148760329 0.3994828856371016 13.497 1.307 1.8447177033492823 209
stats: page 368 55.722644021739164 48.95689820294144 568.866 3.764 48.868452289023715 1813
stats: tr_Initial_Get_Root 81 75.08538271604937 13.801073908445238 186.786 39.118 57.541059322033895 118
stats: 302 125 843
stats: tr_Redirect_Root 29 76.59744827586205 14.666237779067687 195.355 38.121 57.06061244019139 209
stats: 200 243 1358
stats: tr_Post_New_Post 2 8.2865 0.9834999999999996 92.818 7.263 10.946254901960787 51
stats: size_rcv 4555490 25337552
stats: tr_Get_New_Post 2 10.023499999999999 0.8685000000000005 23.709 7.377 10.210607843137254 51
stats: newphase 1 3
stats: tr_Redirect_To_New_Post 1 8.655 0.0 37.273 8.655 11.617941176470588 51
stats: size_sent 162774 1160825
stats: tr_Get_Root 11 74.73645454545454 13.268549947242894 102.961 39.409 54.44010000000001 20
stats: connected 118 118
stats: tr_Post_New_Comment_On_Post 9 9.407111111111112 1.0625798212573068 30.681 7.416 10.177647887323943 71
stats: tr_Get_Post 9 68.98988888888888 12.154564871268594 184.586 59.511 68.69054929577466 71
stats: tr_Redirect_To_Post 6 74.25683333333335 24.92116532465705 127.302 53.005 64.88473943661972 142
stats: tr_Post_New_Comment_On_Comment 2 8.985 0.7130000000000005 72.9 7.96 10.579619718309857 71
stats: tr_Get_Logout 2 6.189500000000001 0.14049999999999963 51.601 5.262 9.359952380952379 21
stats: tr_Get_Conversations 1 8.121 0.0 19.308 6.386 10.2875 20
stats: tr_Authenticate_User 46 2473.3891304347812 1399.1463366025016 20211.403 135.515 3749.8030622009564 209
stats: tr_Get_New_Conversation 0 0 0 569.047 182.439 356.86959999999993 20
stats: tr_Post_New_Conversation 0 0 0 60.271 15.228 28.717349999999993 20
stats: tr_Redirect_To_New_Conversation 0 0 0 61.69 13.884 22.214400000000005 20
stats: tr_Redirect_To_Same_Conversation 0 0 0 54.9 13.692 23.31145 20
stats: tr_Reply_To_Conversation 0 0 0 60.944 19.68 28.330149999999996 20
stats: tr_Get_Login 2 9.609 1.9960000000000002 21.6 5.656 8.851999999999999 21
stats: tr_Post_Login 1 127.198 0.0 129.847 123.671 125.77690476190476 21
stats: tr_Get_Book 3 193.92066666666665 28.534109533834915 296.534 156.065 176.36019607843141 51
stats: tr_Get_New_Book 1 6.773 0.0 44.175 6.174 9.08495652173913 46
stats: tr_Post_New_Book 0 0 0 21.42 6.038 7.449260869565217 46
stats: tr_Redirect_To_New_Book 0 0 0 27.174 6.051 8.241956521739132 46
# stats: dump at 1575892037
stats: users 187 214
stats: {recvpackets,"tsung_controller@ip-172-31-46-69"} 1 5309.0 0.0 5309 49 1477.076923076923 13
stats: {sentpackets,"tsung_controller@ip-172-31-46-69"} 1 1952.0 0.0 1952 35 543.9230769230769 13
stats: {cpu,"tsung_controller@ip-172-31-46-69"} 1 0.05622598681812975 0.0 0.10100273852785907 0.0020818153429790777 0.024644353226909176 14
stats: {load,"tsung_controller@ip-172-31-46-69"} 1 0.01953125 0.0 0.078125 0.0 0.027064732142857144 14
stats: {freemem,"tsung_controller@ip-172-31-46-69"} 1 375504.69921875 0.0 375574.15625 375501.3125 375543.48102678574 14
stats: session 49 10951.224285714288 3259.0566745687775 38409.672 2988.415 15011.886820754715 212
stats: users_count 112 448
stats: finish_users_count 49 261
stats: request 1003 86.70827218344958 166.78549595715944 2282.303 3.764 49.56862426169926 2201
stats: connect 118 1.946703389830508 2.051699391985399 23.603 1.287 1.828209090909091 330
stats: page 1003 86.70827218344958 166.78549595715944 2282.303 3.764 50.024959651535994 2181
stats: tr_Initial_Get_Root 74 126.80302702702701 63.86502655071549 329.97 39.118 64.682216080402 199
stats: 302 426 1269
stats: tr_Redirect_Root 137 146.39537956204373 84.80492275978968 626.488 38.121 59.441151260504206 238
stats: 200 577 1935
stats: tr_Post_New_Post 28 17.23364285714286 23.969679138764167 137.179 7.22 10.845886792452832 53
stats: size_rcv 13122377 38459929
stats: tr_Get_New_Post 28 11.43092857142857 4.084843885184173 31.052 7.377 10.203547169811321 53
stats: newphase 0 3
stats: tr_Redirect_To_New_Post 13 13.934384615384614 3.9193727625821717 37.273 8.655 11.560961538461537 52
stats: size_sent 553268 1714093
stats: tr_Get_Root 9 143.27955555555556 58.17041602454925 226.146 39.409 61.64203225806452 31
stats: tr_Post_New_Comment_On_Post 39 11.568333333333335 3.6377368939220593 30.681 7.416 10.0909625 80
stats: connected 72 190
stats: tr_Get_Post 39 79.68441025641027 23.998315668159147 210.955 59.511 68.724225 80
stats: tr_Redirect_To_Post 44 81.96704545454544 32.19741240093862 214.178 53.005 65.2646891891892 148
stats: tr_Post_New_Comment_On_Comment 20 14.547399999999996 5.185774497603998 72.9 7.96 10.535931506849312 73
stats: tr_Get_Logout 14 7.571857142857142 1.0894771916017372 51.601 5.262 9.084260869565215 23
stats: tr_Get_Conversations 7 10.579857142857145 5.364581422323152 23.393 6.386 10.184333333333333 21
stats: tr_Authenticate_User 152 3493.320006578948 2371.6405840221037 20211.403 135.515 3519.547999999999 255
stats: tr_Get_New_Conversation 7 1712.9978571428571 394.1929836062639 2282.396 182.439 356.86959999999993 20
stats: tr_Post_New_Conversation 3 20.650333333333332 2.024027393314844 60.271 15.228 28.717349999999993 20
stats: tr_Redirect_To_New_Conversation 1 17.943 0.0 61.69 13.884 22.214400000000005 20
stats: tr_Redirect_To_Same_Conversation 0 0 0 54.9 13.692 23.31145 20
stats: tr_Reply_To_Conversation 0 0 0 60.944 19.68 28.330149999999996 20
stats: tr_Get_Login 12 7.426916666666667 1.319167253632213 21.6 5.656 8.91782608695652 23
stats: tr_Post_Login 10 128.19570000000002 2.02159961664025 131.507 123.671 125.8415 22
stats: tr_Get_Book 35 329.97171428571426 147.4035870051184 749.078 156.065 177.33577777777785 54
stats: tr_Get_New_Book 25 17.286599999999996 26.67328322647964 131.657 6.174 9.03576595744681 47
stats: tr_Post_New_Book 24 10.21129166666667 4.1909115106299435 23.921 5.824 7.449260869565217 46
stats: tr_Redirect_To_New_Book 9 8.081333333333335 1.2583732002514647 27.174 6.051 8.241956521739132 46
# stats: dump at 1575892047
stats: users 66 214
stats: {recvpackets,"tsung_controller@ip-172-31-46-69"} 1 12434.0 0.0 12434 49 1750.7857142857142 14
stats: {sentpackets,"tsung_controller@ip-172-31-46-69"} 1 4238.0 0.0 4238 35 644.5 14
stats: {cpu,"tsung_controller@ip-172-31-46-69"} 1 0.16663715800327025 0.0 0.16663715800327025 0.0020818153429790777 0.026749795466323882 15
stats: {load,"tsung_controller@ip-172-31-46-69"} 1 0.01953125 0.0 0.078125 0.0 0.0265625 15
stats: {freemem,"tsung_controller@ip-172-31-46-69"} 1 375432.71875 0.0 375574.15625 375432.71875 375540.89557291666 15
stats: session 121 14839.412785123966 4110.157320514437 38409.672 2988.415 14249.540214559387 261
stats: users_count 0 448
stats: finish_users_count 121 382
stats: connect 0 0 0 23.603 1.287 1.8594196428571426 448
stats: request 558 95.38690501792114 262.31119267308634 2377.881 3.764 61.19504962546817 3204
stats: page 551 96.60180762250447 263.81199716693015 2377.881 3.764 61.58066394472359 3184
stats: tr_Initial_Get_Root 0 0 0 329.97 39.118 81.52082417582417 273
stats: 302 199 1468
stats: tr_Redirect_Root 69 134.76213043478262 61.61407891080142 626.488 38.121 91.20842933333331 375
stats: 200 359 2294
stats: tr_Post_New_Post 37 13.441297297297297 11.190864765911147 137.179 7.22 13.054000000000004 81
stats: size_rcv 8663899 47123828
stats: tr_Get_New_Post 37 15.09091891891892 12.111056260714117 81.556 7.377 10.627827160493828 81
stats: newphase 0 3
stats: tr_Redirect_To_New_Post 38 16.752657894736846 8.218815320817278 56.775 8.563 12.035646153846153 65
stats: size_sent 326980 2041073
stats: tr_Get_Root 0 0 0 226.146 39.409 80.010475 40
stats: connected -122 68
stats: tr_Post_New_Comment_On_Post 12 10.700750000000001 2.4523642716434546 30.681 7.416 10.575142857142858 119
stats: tr_Get_Post 13 70.89515384615385 9.442332378473138 210.955 59.511 72.31621848739496 119
stats: tr_Redirect_To_Post 63 73.67017460317459 15.377799021553495 214.178 53.005 69.0923125 192
stats: tr_Post_New_Comment_On_Comment 37 17.48467567567568 29.905472997297853 190.781 7.769 11.398612903225803 93
stats: tr_Get_Logout 6 8.732166666666666 3.210879236630089 51.601 5.262 8.511999999999997 37
stats: tr_Get_Conversations 11 16.392272727272726 14.498410270790565 56.889 6.386 10.283214285714285 28
stats: tr_Authenticate_User 41 6667.210170731707 3262.1049381613966 20211.403 135.515 3509.7527788697785 407
stats: tr_Get_New_Conversation 10 1873.7190000000003 372.7882138654601 2378.133 182.439 708.4584074074074 27
stats: tr_Post_New_Conversation 11 39.47727272727273 44.84917783393767 177.591 15.228 27.665130434782604 23
stats: tr_Redirect_To_New_Conversation 7 34.12657142857143 32.47210188039284 111.702 13.884 22.011000000000006 21
stats: tr_Redirect_To_Same_Conversation 7 25.548142857142857 7.11767673629879 54.9 13.692 23.31145 20
stats: tr_Reply_To_Conversation 7 52.20685714285714 20.731030960709056 93.365 19.68 28.330149999999996 20
stats: tr_Get_Login 7 7.205714285714285 2.0827065299258845 21.6 5.656 8.406657142857142 35
stats: tr_Post_Login 8 125.399625 1.0597498451875367 131.507 123.671 126.57718750000001 32
stats: tr_Get_Book 36 309.03383333333346 164.59146711875908 750.285 156.065 237.36114606741572 89
stats: tr_Get_New_Book 25 8.3662 1.7700525641912446 131.657 6.119 11.900638888888889 72
stats: tr_Post_New_Book 22 10.679772727272729 4.331930925032877 23.921 5.824 8.396242857142859 70
stats: tr_Redirect_To_New_Book 31 10.828419354838715 5.380812744547376 35.5 6.051 8.215672727272729 55
# stats: dump at 1575892057
stats: users 10 214
stats: {recvpackets,"tsung_controller@ip-172-31-46-69"} 1 6230.0 0.0 12434 49 2463.0 15
stats: {sentpackets,"tsung_controller@ip-172-31-46-69"} 1 2119.0 0.0 4238 35 884.0666666666667 15
stats: {cpu,"tsung_controller@ip-172-31-46-69"} 1 0.1041221978113514 0.0 0.16663715800327025 0.0020818153429790777 0.03549275562488303 16
stats: {load,"tsung_controller@ip-172-31-46-69"} 1 0.08984375 0.0 0.08984375 0.0 0.026123046875 16
stats: {freemem,"tsung_controller@ip-172-31-46-69"} 1 375471.78125 0.0 375574.15625 375432.71875 375534.1345214844 16
stats: session 56 21647.88498214286 4779.929815496664 38409.672 2988.415 14436.384667539267 382
stats: users_count 0 448
stats: finish_users_count 56 438
stats: request 145 50.973082758620684 152.47347626714046 2377.881 3.764 66.26656884635833 3762
stats: connect 0 0 0 23.603 1.287 1.8594196428571426 448
stats: page 135 54.761733333333304 157.52576086578247 2377.881 3.764 66.74710307898256 3735
stats: tr_Initial_Get_Root 0 0 0 329.97 39.118 81.52082417582417 273
stats: 302 45 1513
stats: tr_Redirect_Root 4 120.4045 11.916995961650736 626.488 38.121 97.97690990990989 444
stats: 200 100 2394
stats: tr_Post_New_Post 11 8.469545454545456 0.8400428954021942 137.179 7.22 13.175440677966103 118
stats: size_rcv 1534852 48658680
stats: tr_Get_New_Post 11 12.886545454545454 4.556072678078554 81.556 7.377 12.027271186440679 118
stats: newphase 0 3
stats: tr_Redirect_To_New_Post 23 10.281652173913047 1.7594480015963423 56.775 8.317 13.77590291262136 103
stats: size_sent 80346 2121419
stats: tr_Get_Root 0 0 0 226.146 39.409 80.010475 40
stats: connected -58 10
stats: tr_Post_New_Comment_On_Post 4 9.02475 0.860379676363871 30.681 7.416 10.586648854961833 131
stats: tr_Get_Post 3 63.085 3.789366789671682 210.955 59.511 72.17626515151517 132
stats: tr_Redirect_To_Post 14 68.14185714285715 20.56107644436498 214.178 52.211 70.2233137254902 255
stats: tr_Post_New_Comment_On_Comment 4 8.75575 0.30426253055543906 190.781 7.769 13.130799999999999 130
stats: tr_Get_Logout 0 0 0 51.601 5.262 8.542720930232555 43
stats: tr_Get_Conversations 1 8.113 0.0 56.889 6.386 12.006282051282051 39
stats: tr_Authenticate_User 0 0 0 20211.403 135.515 3798.7165133928565 448
stats: tr_Get_New_Conversation 3 1042.5266666666666 180.57159366178152 2378.133 182.439 1023.3937027027027 37
stats: tr_Post_New_Conversation 5 18.676 4.94750818089268 177.591 15.228 31.486705882352936 34
stats: tr_Redirect_To_New_Conversation 10 15.732600000000001 2.979880406996228 111.702 13.651 25.039892857142863 28
stats: tr_Redirect_To_Same_Conversation 10 15.0521 0.8336147131619019 54.9 13.274 23.891333333333336 27
stats: tr_Reply_To_Conversation 10 23.361200000000004 4.154296758778797 93.365 19.673 34.520407407407404 27
stats: tr_Get_Login 1 6.957 0.0 21.6 5.656 8.206499999999998 42
stats: tr_Post_Login 3 127.55166666666666 4.170794195620561 133.444 123.671 126.34167500000001 40
stats: tr_Get_Book 5 192.1598 24.091181144975028 750.285 156.065 258.00288000000006 125
stats: tr_Get_New_Book 3 7.713333333333334 1.7071866395395143 131.657 6.119 10.989701030927835 97
stats: tr_Post_New_Book 8 7.187125000000001 0.6132738861022871 23.921 5.824 8.942304347826088 92
stats: tr_Redirect_To_New_Book 12 7.292999999999999 0.5661818023685795 35.5 5.966 9.157476744186049 86
# stats: dump at 1575892067
stats: users 1 214
stats: {recvpackets,"tsung_controller@ip-172-31-46-69"} 1 962.0 0.0 12434 49 2698.4375 16
stats: {sentpackets,"tsung_controller@ip-172-31-46-69"} 1 725.0 0.0 4238 35 961.25 16
stats: {cpu,"tsung_controller@ip-172-31-46-69"} 1 0.03331216622770948 0.0 0.16663715800327025 0.0020818153429790777 0.03952978163585176 17
stats: {load,"tsung_controller@ip-172-31-46-69"} 1 0.078125 0.0 0.08984375 0.0 0.029871323529411766 17
stats: {freemem,"tsung_controller@ip-172-31-46-69"} 1 375498.8984375 0.0 375574.15625 375432.71875 375530.4666819853 17
stats: session 9 30040.987111111106 2846.7857894393214 38409.672 2988.415 15358.40297260274 438
stats: users_count 0 448
stats: finish_users_count 9 447
stats: request 16 15.792625 11.503734382120227 2377.881 3.764 65.69898361914514 3907
stats: connect 0 0 0 23.603 1.287 1.8594196428571426 448
stats: page 14 18.079714285714285 15.263955223375902 2377.881 3.764 66.32900878552968 3870
stats: tr_Initial_Get_Root 0 0 0 329.97 39.118 81.52082417582417 273
stats: 302 5 1518
stats: tr_Redirect_Root 0 0 0 626.488 38.121 98.17715624999998 448
stats: 200 11 2405
stats: tr_Post_New_Post 1 8.449 0.0 137.179 7.22 12.774162790697677 129
stats: size_rcv 81571 48740251
stats: tr_Get_New_Post 1 10.215 0.0 81.556 7.377 12.100542635658915 129
stats: newphase 0 3
stats: tr_Redirect_To_New_Post 4 10.975 1.417823508057333 56.775 8.317 13.138063492063493 126
stats: size_sent 9175 2130594
stats: tr_Get_Root 0 0 0 226.146 39.409 80.010475 40
stats: connected -9 1
stats: tr_Post_New_Comment_On_Post 0 0 0 30.681 7.416 10.54037037037037 135
stats: tr_Get_Post 0 0 0 210.955 59.511 71.97423703703704 135
stats: tr_Redirect_To_Post 1 55.484 0.0 214.178 52.211 70.11498513011152 269
stats: tr_Post_New_Comment_On_Comment 1 9.012 0.0 190.781 7.769 13.000201492537313 134
stats: tr_Get_Logout 0 0 0 51.601 5.262 8.542720930232555 43
stats: tr_Get_Conversations 0 0 0 56.889 6.386 11.90895 40
stats: tr_Authenticate_User 0 0 0 20211.403 135.515 3798.7165133928565 448
stats: tr_Get_New_Conversation 0 0 0 2378.133 182.439 1024.8286750000002 40
stats: tr_Post_New_Conversation 1 16.696 0.0 177.591 15.228 29.84430769230769 39
stats: tr_Redirect_To_New_Conversation 1 15.01 0.0 111.702 13.651 22.5906052631579 38
stats: tr_Redirect_To_Same_Conversation 2 20.0675 5.0395 54.9 13.274 21.50235135135135 37
stats: tr_Reply_To_Conversation 2 21.4455 0.027499999999999858 93.365 19.673 31.504405405405407 37
stats: tr_Get_Login 0 0 0 21.6 5.656 8.177441860465114 43
stats: tr_Post_Login 0 0 0 133.444 123.671 126.42609302325582 43
stats: tr_Get_Book 0 0 0 750.285 156.065 255.4704538461539 130
stats: tr_Get_New_Book 0 0 0 131.657 6.119 10.89141 100
stats: tr_Post_New_Book 0 0 0 23.921 5.824 8.80189 100
stats: tr_Redirect_To_New_Book 2 6.781499999999999 0.14549999999999952 35.5 5.966 8.929173469387758 98
# stats: dump at 1575892074
stats: users 0 214
stats: {recvpackets,"tsung_controller@ip-172-31-46-69"} 1 221.0 0.0 12434 49 2596.294117647059 17
stats: {sentpackets,"tsung_controller@ip-172-31-46-69"} 1 694.0 0.0 4238 35 947.3529411764706 17
stats: {cpu,"tsung_controller@ip-172-31-46-69"} 1 0.01873770338215546 0.0 0.16663715800327025 0.0020818153429790777 0.03918435855762163 18
stats: {load,"tsung_controller@ip-172-31-46-69"} 1 0.0703125 0.0 0.08984375 0.0 0.032552083333333336 18
stats: {freemem,"tsung_controller@ip-172-31-46-69"} 1 375504.96484375 0.0 375574.15625 375432.71875 375528.712890625 18
stats: session 1 41936.99 0.0 41936.99 2988.415 15654.025472035793 447
stats: users_count 0 448
stats: finish_users_count 1 448
stats: request 3 18.479 3.5092198563213453 2377.881 3.764 65.49543996941118 3923
stats: connect 0 0 0 23.603 1.287 1.8594196428571426 448
stats: page 2 27.823999999999998 11.969000000000001 2377.881 3.764 66.15509268795053 3884
stats: tr_Initial_Get_Root 0 0 0 329.97 39.118 81.52082417582417 273
stats: 302 1 1519
stats: tr_Redirect_Root 0 0 0 626.488 38.121 98.17715624999998 448
stats: 200 2 2407
stats: tr_Post_New_Post 0 0 0 137.179 7.22 12.74089230769231 130
stats: size_rcv 4595 48744846
stats: tr_Get_New_Post 0 0 0 81.556 7.377 12.086038461538461 130
stats: newphase 0 3
stats: tr_Redirect_To_New_Post 0 0 0 56.775 8.317 13.071507692307694 130
stats: size_sent 1586 2132180
stats: tr_Get_Root 0 0 0 226.146 39.409 80.010475 40
stats: connected -1 0
stats: tr_Post_New_Comment_On_Post 0 0 0 30.681 7.416 10.54037037037037 135
stats: tr_Get_Post 0 0 0 210.955 59.511 71.97423703703704 135
stats: tr_Redirect_To_Post 0 0 0 214.178 52.211 70.0607962962963 270
stats: tr_Post_New_Comment_On_Comment 0 0 0 190.781 7.769 12.970659259259257 135
stats: tr_Get_Logout 0 0 0 51.601 5.262 8.542720930232555 43
stats: tr_Get_Conversations 0 0 0 56.889 6.386 11.90895 40
stats: tr_Authenticate_User 0 0 0 20211.403 135.515 3798.7165133928565 448
stats: tr_Get_New_Conversation 0 0 0 2378.133 182.439 1024.8286750000002 40
stats: tr_Post_New_Conversation 0 0 0 177.591 15.228 29.515599999999996 40
stats: tr_Redirect_To_New_Conversation 1 16.073 0.0 111.702 13.651 22.396230769230776 39
stats: tr_Redirect_To_Same_Conversation 1 16.269 0.0 54.9 13.274 21.42876923076923 39
stats: tr_Reply_To_Conversation 1 23.647 0.0 93.365 19.673 30.988564102564105 39
stats: tr_Get_Login 0 0 0 21.6 5.656 8.177441860465114 43
stats: tr_Post_Login 0 0 0 133.444 123.671 126.42609302325582 43
stats: tr_Get_Book 0 0 0 750.285 156.065 255.4704538461539 130
stats: tr_Get_New_Book 0 0 0 131.657 6.119 10.89141 100
stats: tr_Post_New_Book 0 0 0 23.921 5.824 8.80189 100
stats: tr_Redirect_To_New_Book 0 0 0 35.5 5.966 8.886220000000002 100
EndMonitor:{1575,892074,516294}
