
=INFO REPORT==== 9-Dec-2019::08:56:35 ===
    ts_config_server:(5:<0.102.0>) Config server started, logdir is "/home/ec2-user/.tsung/log/20191209-0856"
 
=INFO REPORT==== 9-Dec-2019::08:56:35 ===
              ts_mon:(5:<0.83.0>) starting monitor, global 

=INFO REPORT==== 9-Dec-2019::08:56:35 ===
           ts_config:(5:<0.102.0>) Reading config file: simple.xml

=INFO REPORT==== 9-Dec-2019::08:56:35 ===
           ts_config:(5:<0.102.0>) Session name for id 1 is "Register-Logout-Login"

=INFO REPORT==== 9-Dec-2019::08:56:35 ===
           ts_config:(5:<0.102.0>) Session name for id 2 is "Create-Book"

=INFO REPORT==== 9-Dec-2019::08:56:35 ===
           ts_config:(5:<0.102.0>) Session name for id 3 is "Create-Post"

=INFO REPORT==== 9-Dec-2019::08:56:35 ===
           ts_config:(5:<0.102.0>) Session name for id 4 is "Add_Comment"

=INFO REPORT==== 9-Dec-2019::08:56:35 ===
           ts_config:(5:<0.102.0>) Session name for id 5 is "Send-Message"

=INFO REPORT==== 9-Dec-2019::08:56:35 ===
    ts_config_server:(4:<0.102.0>) SYSINFO:Tsung version: 1.7.0

=INFO REPORT==== 9-Dec-2019::08:56:35 ===
    ts_config_server:(4:<0.102.0>) SYSINFO:Erlang version: Erlang/OTP 20 [erts-9.1] [source] [64-bit] [smp:96:96] [ds:96:96:10] [async-threads:8] [hipe] [kernel-poll:true]


=INFO REPORT==== 9-Dec-2019::08:56:35 ===
    ts_config_server:(4:<0.102.0>) SYSINFO:System architecture x86_64-unknown-linux-gnu

=INFO REPORT==== 9-Dec-2019::08:56:35 ===
    ts_config_server:(4:<0.102.0>) SYSINFO:Current path: /usr/local/lib/tsung/tsung-1.7.0/ebin/tsung.beam

=INFO REPORT==== 9-Dec-2019::08:56:35 ===
              ts_mon:(5:<0.103.0>) Activate clients with text backend

=INFO REPORT==== 9-Dec-2019::08:56:35 ===
              ts_mon:(5:<0.103.0>) Starting tsung clients on hosts: [localhost]

=INFO REPORT==== 9-Dec-2019::08:56:35 ===
    ts_config_server:(5:<0.102.0>) Start a launcher on the controller beam localhost

=INFO REPORT==== 9-Dec-2019::08:56:35 ===
  ts_launcher_static:(5:<0.154.0>) Launch msg receive ("localhost")

=INFO REPORT==== 9-Dec-2019::08:56:35 ===
         ts_launcher:(5:<0.155.0>) Launch msg receive ("localhost")

=INFO REPORT==== 9-Dec-2019::08:56:35 ===
    ts_config_server:(5:<0.102.0>) New arrival phase 1 for client "localhost" (last ? true): will start 30 users

=INFO REPORT==== 9-Dec-2019::08:56:35 ===
    ts_config_server:(5:<0.102.0>) New arrival phase 2 for client "localhost" (last ? true): will start 60 users

=INFO REPORT==== 9-Dec-2019::08:56:35 ===
    ts_config_server:(5:<0.102.0>) New arrival phase 3 for client "localhost" (last ? true): will start 120 users

=INFO REPORT==== 9-Dec-2019::08:56:35 ===
         ts_launcher:(5:<0.155.0>) Expected duration of first phase: 15.0 sec (30 users) 

=INFO REPORT==== 9-Dec-2019::08:56:35 ===
         ts_launcher:(5:<0.155.0>) Activate launcher (30 users) in 1120 msec 

=INFO REPORT==== 9-Dec-2019::08:56:52 ===
         ts_launcher:(5:<0.155.0>) Phase duration exceeded, but not all users were launched (7 users, 23.3% of phase)

=INFO REPORT==== 9-Dec-2019::08:56:52 ===
         ts_launcher:(5:<0.155.0>) Wait for all sessions to finish before starting next phase (still 20 sessions active)
=INFO REPORT==== 9-Dec-2019::08:56:57 ===
         ts_launcher:(5:<0.155.0>) Wait for all sessions to finish before starting next phase (still 15 sessions active)
=INFO REPORT==== 9-Dec-2019::08:57:02 ===
         ts_launcher:(5:<0.155.0>) Wait for all sessions to finish before starting next phase (still 9 sessions active)
=INFO REPORT==== 9-Dec-2019::08:57:07 ===
         ts_launcher:(5:<0.155.0>) Wait for all sessions to finish before starting next phase (still 5 sessions active)
=INFO REPORT==== 9-Dec-2019::08:57:12 ===
         ts_launcher:(5:<0.155.0>) Wait for all sessions to finish before starting next phase (still 4 sessions active)
=INFO REPORT==== 9-Dec-2019::08:57:17 ===
         ts_launcher:(5:<0.155.0>) Wait for all sessions to finish before starting next phase (still 1 sessions active)
=INFO REPORT==== 9-Dec-2019::08:57:22 ===
         ts_launcher:(5:<0.155.0>) Start a new arrival phase (60 users, 0.004); expected duration=15.0 sec

=INFO REPORT==== 9-Dec-2019::08:57:37 ===
         ts_launcher:(4:<0.155.0>) Phase duration exceeded, more than 20% (21.7%) of users were not launched in time (13 users), tsung may be overloaded !

=INFO REPORT==== 9-Dec-2019::08:57:37 ===
         ts_launcher:(5:<0.155.0>) Wait for all sessions to finish before starting next phase (still 44 sessions active)
=INFO REPORT==== 9-Dec-2019::08:57:42 ===
         ts_launcher:(5:<0.155.0>) Wait for all sessions to finish before starting next phase (still 31 sessions active)
=INFO REPORT==== 9-Dec-2019::08:57:47 ===
         ts_launcher:(5:<0.155.0>) Wait for all sessions to finish before starting next phase (still 16 sessions active)
=INFO REPORT==== 9-Dec-2019::08:57:52 ===
         ts_launcher:(5:<0.155.0>) Wait for all sessions to finish before starting next phase (still 4 sessions active)
=INFO REPORT==== 9-Dec-2019::08:57:57 ===
         ts_launcher:(5:<0.155.0>) Wait for all sessions to finish before starting next phase (still 1 sessions active)
=INFO REPORT==== 9-Dec-2019::08:58:02 ===
         ts_launcher:(5:<0.155.0>) Wait for all sessions to finish before starting next phase (still 1 sessions active)
=INFO REPORT==== 9-Dec-2019::08:58:07 ===
         ts_launcher:(5:<0.155.0>) Start a new arrival phase (120 users, 0.008); expected duration=15.0 sec

=INFO REPORT==== 9-Dec-2019::08:58:20 ===
         ts_launcher:(5:<0.155.0>) This was the last phase, wait for connected users to finish their session

=INFO REPORT==== 9-Dec-2019::08:59:00 ===
     ts_launcher_mgr:(5:<0.149.0>) No more active users 'tsung_controller@ip-172-31-46-69' "5317"
