# stats: dump at 1575881805
stats: users 10 10
stats: {cpu,"tsung_controller@ip-172-31-46-69"} 1 0.07523633642326907 0 0.07523633642326907 0.07523633642326907 0 0
stats: {load,"tsung_controller@ip-172-31-46-69"} 1 0.0 0 0.0 0.0 0 0
stats: {freemem,"tsung_controller@ip-172-31-46-69"} 1 375594.33984375 0 375594.33984375 375594.33984375 0 0
stats: session 1 7220.385 0 7220.385 7220.385 0 0
stats: users_count 11 11
stats: finish_users_count 1 1
stats: request 34 56.66882352941177 49.58849265616 169.936 5.427 0 0
stats: connect 11 3.2986363636363634 3.602444908990844 13.954 1.694 0 0
stats: page 34 56.66882352941177 49.58849265616 169.936 5.427 0 0
stats: tr_Initial_Get_Root 9 64.82788888888888 17.191575995523987 89.801 47.741 0 0
stats: 302 11 11
stats: tr_Redirect_Root 3 55.16166666666667 5.552805917331845 59.972 47.381 0 0
stats: 200 23 23
stats: tr_Get_Logout 1 6.636 0 6.636 6.636 0 0
stats: size_rcv 286021 286021
stats: tr_Authenticate_User 4 1641.2540000000001 490.17726245869466 2293.137 949.525 0 0
stats: size_sent 14236 14236
stats: tr_Post_Login 1 128.964 0 128.964 128.964 0 0
stats: connected 10 10
stats: tr_Get_Login 1 12.465 0 12.465 12.465 0 0
stats: tr_Get_Book 1 170.146 0 170.146 170.146 0 0
# stats: dump at 1575881815
stats: users 17 20
stats: {recvpackets,"tsung_controller@ip-172-31-46-69"} 1 398 0 398 398 0 0
stats: {sentpackets,"tsung_controller@ip-172-31-46-69"} 1 357 0 357 357 0 0
stats: {cpu,"tsung_controller@ip-172-31-46-69"} 1 0.012491802254770305 0.0 0.07523633642326907 0.012491802254770305 0.07523633642326907 1
stats: {load,"tsung_controller@ip-172-31-46-69"} 1 0.0 0.0 0.0 0.0 0.0 1
stats: {freemem,"tsung_controller@ip-172-31-46-69"} 1 375586.47265625 0.0 375594.33984375 375586.47265625 375594.33984375 1
stats: session 5 11431.444599999999 3188.889612713906 17131.685 7220.385 7220.385 1
stats: users_count 12 23
stats: finish_users_count 5 6
stats: request 97 55.33044329896907 66.81984239883799 310.564 4.586 56.66882352941177 34
stats: connect 12 1.7894166666666667 0.10597284112241 13.954 1.535 3.2986363636363634 11
stats: page 97 55.33044329896907 66.81984239883799 310.564 4.586 56.66882352941177 34
stats: tr_Initial_Get_Root 7 75.64957142857142 44.09055401867241 181.79 47.672 64.82788888888888 9
stats: 302 40 51
stats: tr_Redirect_Root 15 58.77373333333333 13.296216877827401 95.686 46.835 55.16166666666667 3
stats: 200 57 80
stats: tr_Get_Logout 0 0 0 6.636 6.636 6.636 1
stats: size_rcv 932819 1218840
stats: tr_Post_New_Post 6 10.163666666666666 3.2196689098242524 16.786 7.676 0 0
stats: size_sent 54306 68542
stats: tr_Get_New_Post 6 10.117833333333332 1.7593246257836812 13.965 8.851 0 0
stats: connected 8 18
stats: tr_Post_New_Comment_On_Post 2 9.027 0.641 9.668 8.386 0 0
stats: tr_Get_Post 2 64.5575 3.121500000000003 67.679 61.436 0 0
stats: tr_Redirect_To_New_Post 2 10.1105 0.12349999999999994 10.234 9.987 0 0
stats: tr_Redirect_To_Post 2 72.5635 1.9344999999999999 74.498 70.629 0 0
stats: tr_Post_New_Comment_On_Comment 1 14.742 0 14.742 14.742 0 0
stats: tr_Authenticate_User 15 4691.722866666665 1901.600952396791 8029.564 949.525 1641.2540000000001 4
stats: tr_Post_Login 0 0 0 128.964 128.964 128.964 1
stats: tr_Get_Login 0 0 0 12.465 12.465 12.465 1
stats: tr_Get_Book 6 236.75900000000001 51.097992762273314 310.738 170.146 170.146 1
stats: tr_Redirect_To_New_Book 1 7.193 0 7.193 7.193 0 0
stats: tr_Post_New_Book 2 7.0265 0.13650000000000007 7.163 6.89 0 0
stats: tr_Get_New_Book 2 7.616 0.11699999999999999 7.733 7.499 0 0
# stats: dump at 1575881825
stats: users 7 20
stats: {recvpackets,"tsung_controller@ip-172-31-46-69"} 1 1159.0 0.0 1159 398 398.0 1
stats: {sentpackets,"tsung_controller@ip-172-31-46-69"} 1 863.0 0.0 863 357 357.0 1
stats: {cpu,"tsung_controller@ip-172-31-46-69"} 1 0.03122983073431742 0.0 0.07523633642326907 0.012491802254770305 0.04386406933901969 2
stats: {load,"tsung_controller@ip-172-31-46-69"} 1 0.0 0.0 0.0 0.0 0.0 2
stats: {freemem,"tsung_controller@ip-172-31-46-69"} 1 375573.703125 0.0 375594.33984375 375573.703125 375590.40625 2
stats: session 10 15640.8135 5462.512737854096 28093.513 7220.385 10729.601333333334 6
stats: users_count 0 23
stats: finish_users_count 10 16
stats: request 53 46.744490566037726 50.52899950416019 310.564 4.586 55.677809160305344 131
stats: connect 0 0 0 13.954 1.535 2.511217391304348 23
stats: page 53 46.744490566037726 50.52899950416019 310.564 4.586 55.677809160305344 131
stats: tr_Initial_Get_Root 0 0 0 181.79 47.672 69.56237499999999 16
stats: 302 20 71
stats: tr_Redirect_Root 5 59.930600000000005 11.286037685565297 95.686 46.835 58.171722222222215 18
stats: 200 33 113
stats: tr_Get_Logout 0 0 0 6.636 6.636 6.636 1
stats: size_rcv 916269 2135109
stats: tr_Post_New_Post 2 8.975 0.7780000000000005 16.786 7.676 10.163666666666666 6
stats: size_sent 31061 99603
stats: tr_Get_New_Post 2 11.2165 0.6865000000000006 13.965 8.851 10.117833333333332 6
stats: connected -11 7
stats: tr_Post_New_Comment_On_Post 5 11.523799999999998 3.6358571699119326 18.562 8.386 9.027 2
stats: tr_Get_Post 5 71.09100000000001 9.55741607339557 87.254 61.436 64.5575 2
stats: tr_Redirect_To_New_Post 6 11.736833333333335 2.8491206489410423 18.079 9.987 10.1105 2
stats: tr_Redirect_To_Post 9 68.45933333333332 6.436988339968377 78.661 56.408 72.5635 2
stats: tr_Post_New_Comment_On_Comment 4 10.416 1.124380051406107 14.742 9.162 14.742 1
stats: tr_Authenticate_User 4 5801.4185 2678.8715026393575 10434.311 949.525 4049.518894736841 19
stats: tr_Post_Login 0 0 0 128.964 128.964 128.964 1
stats: tr_Get_Login 0 0 0 12.465 12.465 12.465 1
stats: tr_Get_Book 3 193.91466666666668 19.708757517633856 310.738 166.203 227.24285714285716 7
stats: tr_Redirect_To_New_Book 1 7.416 0.0 7.416 7.193 7.193 1
stats: tr_Post_New_Book 2 6.952500000000001 0.10949999999999993 7.163 6.843 7.0265 2
stats: tr_Get_New_Book 2 14.223500000000001 7.361500000000001 21.585 6.862 7.616 2
# stats: dump at 1575881835
stats: users 2 20
stats: {recvpackets,"tsung_controller@ip-172-31-46-69"} 1 583.0 0.0 1159 398 778.5 2
stats: {sentpackets,"tsung_controller@ip-172-31-46-69"} 1 158.0 0.0 863 158 610.0 2
stats: {cpu,"tsung_controller@ip-172-31-46-69"} 1 0.010411569335845992 0.0 0.07523633642326907 0.010411569335845992 0.039652656470785606 3
stats: {load,"tsung_controller@ip-172-31-46-69"} 1 0.0 0.0 0.0 0.0 0.0 3
stats: {freemem,"tsung_controller@ip-172-31-46-69"} 1 375573.40625 0.0 375594.33984375 375573.40625 375584.8385416667 3
stats: session 5 21429.3872 2730.6620265393085 28093.513 7220.385 13799.108937500001 16
stats: users_count 0 23
stats: finish_users_count 5 21
stats: request 14 27.47871428571429 42.3896512917086 310.564 4.586 53.104625 184
stats: connect 0 0 0 13.954 1.535 2.511217391304348 23
stats: page 14 27.47871428571429 42.3896512917086 310.564 4.586 53.104625 184
stats: tr_Initial_Get_Root 0 0 0 181.79 47.672 69.56237499999999 16
stats: 302 5 76
stats: tr_Redirect_Root 0 0 0 95.686 46.835 58.554086956521736 23
stats: 200 9 122
stats: tr_Get_Logout 0 0 0 6.636 6.636 6.636 1
stats: size_rcv 159942 2295051
stats: tr_Post_New_Post 3 8.025333333333334 0.3071257433401219 16.786 7.676 9.8665 8
stats: size_sent 8701 108304
stats: tr_Get_New_Post 3 11.93 4.119574492590224 17.755 8.851 10.392499999999998 8
stats: connected -4 3
stats: tr_Post_New_Comment_On_Post 0 0 0 18.562 8.386 10.81042857142857 7
stats: tr_Get_Post 0 0 0 87.254 61.436 69.22428571428573 7
stats: tr_Redirect_To_New_Post 1 10.209 0.0 18.079 9.987 11.330250000000001 8
stats: tr_Redirect_To_Post 2 59.473 2.7939999999999987 78.661 56.408 69.20554545454546 11
stats: tr_Post_New_Comment_On_Comment 2 9.733 0.3340000000000001 14.742 9.162 11.281200000000002 5
stats: tr_Authenticate_User 0 0 0 10434.311 949.525 4354.197086956521 23
stats: tr_Post_Login 0 0 0 128.964 128.964 128.964 1
stats: tr_Get_Login 0 0 0 12.465 12.465 12.465 1
stats: tr_Get_Book 1 168.373 0.0 310.738 166.203 217.24439999999998 10
stats: tr_Redirect_To_New_Book 2 7.964 0.09099999999999953 8.055 7.193 7.3045 2
stats: tr_Post_New_Book 0 0 0 7.163 6.843 6.9895000000000005 4
stats: tr_Get_New_Book 0 0 0 21.585 6.862 10.91975 4
# stats: dump at 1575881845
stats: users 9 20
stats: {recvpackets,"tsung_controller@ip-172-31-46-69"} 1 150.0 0.0 1159 150 713.3333333333334 3
stats: {sentpackets,"tsung_controller@ip-172-31-46-69"} 1 62.0 0.0 863 62 459.3333333333333 3
stats: {cpu,"tsung_controller@ip-172-31-46-69"} 1 0.0031235683644996043 0.0 0.07523633642326907 0.0031235683644996043 0.0323423846870507 4
stats: {load,"tsung_controller@ip-172-31-46-69"} 1 0.0 0.0 0.0 0.0 0.0 4
stats: {freemem,"tsung_controller@ip-172-31-46-69"} 1 375575.96484375 0.0 375594.33984375 375573.40625 375581.98046875 4
stats: session 2 28495.259 1770.0790000000006 30265.338 7220.385 15615.841857142857 21
stats: users_count 9 32
stats: finish_users_count 2 23
stats: request 17 38.298294117647075 39.06356118334911 310.564 4.586 51.29269191919192 198
stats: connect 8 1.7793750000000002 0.14794588326479385 13.954 1.535 2.511217391304348 23
stats: page 17 38.298294117647075 39.06356118334911 310.564 4.586 51.29269191919192 198
stats: tr_Initial_Get_Root 5 53.74059999999999 4.289618565793466 181.79 47.672 69.56237499999999 16
stats: 302 3 79
stats: tr_Redirect_Root 0 0 0 95.686 46.835 58.554086956521736 23
stats: 200 14 136
stats: tr_Get_Logout 0 0 0 6.636 6.636 6.636 1
stats: size_rcv 163907 2458958
stats: tr_Post_New_Post 0 0 0 16.786 7.676 9.364363636363636 11
stats: newphase 1 1
stats: tr_Get_New_Post 0 0 0 17.755 8.851 10.81181818181818 11
stats: size_sent 5815 114119
stats: tr_Post_New_Comment_On_Post 0 0 0 18.562 8.386 10.81042857142857 7
stats: connected 5 8
stats: tr_Get_Post 0 0 0 87.254 61.436 69.22428571428573 7
stats: tr_Redirect_To_New_Post 2 10.285 0.009999999999999787 18.079 9.987 11.205666666666668 9
stats: tr_Redirect_To_Post 1 57.39 0.0 78.661 56.408 67.70823076923078 13
stats: tr_Post_New_Comment_On_Comment 0 0 0 14.742 9.162 10.838857142857146 7
stats: tr_Authenticate_User 2 1402.7245 296.6595 10434.311 949.525 4354.197086956521 23
stats: tr_Post_Login 0 0 0 128.964 128.964 128.964 1
stats: tr_Get_Login 0 0 0 12.465 12.465 12.465 1
stats: tr_Get_Book 0 0 0 310.738 166.203 212.80154545454545 11
stats: tr_Redirect_To_New_Book 0 0 0 8.055 7.193 7.63425 4
stats: tr_Post_New_Book 0 0 0 7.163 6.843 6.9895000000000005 4
stats: tr_Get_New_Book 0 0 0 21.585 6.862 10.91975 4
# stats: dump at 1575881855
stats: users 41 41
stats: {recvpackets,"tsung_controller@ip-172-31-46-69"} 1 260.0 0.0 1159 150 572.5 4
stats: {sentpackets,"tsung_controller@ip-172-31-46-69"} 1 141.0 0.0 863 62 360.0 4
stats: {cpu,"tsung_controller@ip-172-31-46-69"} 1 0.004163934084923436 0.0 0.07523633642326907 0.0031235683644996043 0.026498621422540482 5
stats: {load,"tsung_controller@ip-172-31-46-69"} 1 0.0 0.0 0.0 0.0 0.0 5
stats: {freemem,"tsung_controller@ip-172-31-46-69"} 1 375578.82421875 0.0 375594.33984375 375573.40625 375580.77734375 5
stats: session 3 8119.396666666667 1603.1218376572492 30265.338 6541.767 16735.791173913043 23
stats: users_count 35 67
stats: finish_users_count 3 26
stats: request 159 64.85228930817608 62.29962858408581 310.564 4.237 50.26522790697674 215
stats: connect 35 1.8215142857142854 0.2455945987573332 13.954 1.535 2.3223548387096775 31
stats: page 159 64.85228930817608 62.29962858408581 310.564 4.237 50.26522790697674 215
stats: tr_Initial_Get_Root 21 91.4627619047619 45.514742347324244 200.847 47.672 65.79528571428571 21
stats: 302 68 147
stats: tr_Redirect_Root 19 88.95610526315791 53.49045430029621 207.277 46.835 58.554086956521736 23
stats: 200 91 227
stats: tr_Get_Logout 3 11.848666666666666 6.8292509268749395 21.497 6.636 6.636 1
stats: size_rcv 1385204 3844162
stats: tr_Post_New_Post 1 8.36 0.0 16.786 7.676 9.364363636363636 11
stats: newphase 0 1
stats: tr_Get_New_Post 1 9.17 0.0 17.755 8.851 10.81181818181818 11
stats: size_sent 80947 195066
stats: tr_Post_New_Comment_On_Post 7 10.17357142857143 1.0860740381422116 18.562 8.386 10.81042857142857 7
stats: connected 33 41
stats: tr_Get_Post 7 110.75714285714287 76.7621706467982 295.439 61.436 69.22428571428573 7
stats: tr_Redirect_To_New_Post 0 0 0 18.079 9.987 11.038272727272728 11
stats: tr_Redirect_To_Post 2 96.1365 30.4435 126.58 56.408 66.9712142857143 14
stats: tr_Post_New_Comment_On_Comment 1 10.306 0.0 14.742 9.162 10.838857142857146 7
stats: tr_Get_Root 2 58.361 8.241999999999997 66.603 50.119 0 0
stats: tr_Authenticate_User 25 3562.66288 2007.1789847221562 10434.311 949.525 4118.079279999999 25
stats: tr_Post_Login 2 135.2635 6.924499999999995 142.188 128.339 128.964 1
stats: tr_Get_Login 2 6.4225 0.022499999999999964 12.465 6.4 12.465 1
stats: tr_Get_Book 1 205.618 0.0 310.738 166.203 212.80154545454545 11
stats: tr_Redirect_To_New_Book 0 0 0 8.055 7.193 7.63425 4
stats: tr_Post_New_Book 1 7.279 0.0 7.279 6.843 6.9895000000000005 4
stats: tr_Get_New_Book 2 44.1225 37.0085 81.131 6.862 10.91975 4
# stats: dump at 1575881865
stats: users 22 44
stats: {recvpackets,"tsung_controller@ip-172-31-46-69"} 1 1718.0 0.0 1718 150 510.0 5
stats: {sentpackets,"tsung_controller@ip-172-31-46-69"} 1 1137.0 0.0 1137 62 316.2 5
stats: {cpu,"tsung_controller@ip-172-31-46-69"} 1 0.043728135932033986 0.0 0.07523633642326907 0.0031235683644996043 0.02277617353293764 6
stats: {load,"tsung_controller@ip-172-31-46-69"} 1 0.0 0.0 0.0 0.0 0.0 6
stats: {freemem,"tsung_controller@ip-172-31-46-69"} 1 375564.046875 0.0 375594.33984375 375564.046875 375580.4518229167 6
stats: session 22 14207.861499999999 3652.7499672509357 30265.338 6541.767 15741.591807692308 26
stats: users_count 3 70
stats: finish_users_count 22 48
stats: request 175 72.95304571428575 85.82240214727935 584.141 4.237 56.46667914438502 374
stats: connect 4 7.30675 9.603830599687814 23.939 1.521 2.056757575757576 66
stats: page 175 72.95304571428575 85.82240214727935 584.141 4.237 56.46667914438502 374
stats: tr_Initial_Get_Root 4 67.5635 16.699284198731398 200.847 47.672 78.6290238095238 42
stats: 302 67 214
stats: tr_Redirect_Root 26 80.94930769230766 34.829586258026744 209.231 46.835 72.30738095238095 42
stats: 200 108 335
stats: tr_Get_Logout 4 6.87175 1.16503956477881 21.497 5.966 10.5455 4
stats: size_rcv 2581220 6425382
stats: tr_Post_New_Post 10 16.2408 13.989667950312473 56.588 7.465 9.280666666666667 12
stats: newphase 0 1
stats: tr_Get_New_Post 10 14.5036 6.375032991287182 28.171 8.248 10.674999999999999 12
stats: size_sent 99656 294722
stats: tr_Post_New_Comment_On_Post 8 16.744749999999996 10.754020582437992 38.089 8.386 10.491999999999999 14
stats: connected -18 23
stats: tr_Get_Post 8 110.49125000000001 61.608989154891184 295.439 61.436 89.99071428571429 14
stats: tr_Redirect_To_New_Post 7 18.832857142857144 14.628573609095818 52.986 9.396 11.038272727272728 11
stats: tr_Redirect_To_Post 21 103.91276190476191 51.68875462935615 244.117 56.408 70.61687500000001 16
stats: tr_Post_New_Comment_On_Comment 11 13.737454545454547 6.245485764114115 31.854 8.15 10.772250000000001 8
stats: tr_Get_Root 0 0 0 66.603 50.119 58.361 2
stats: tr_Get_Conversations 2 7.829000000000001 0.6069999999999995 8.436 7.222 0 0
stats: tr_Authenticate_User 18 4608.8817222222215 2777.0670482707874 10434.311 595.01 3840.3710799999994 50
stats: tr_Post_Login 3 126.36000000000001 2.336929752189106 142.188 124.284 133.16366666666667 3
stats: tr_Get_Login 3 10.339666666666666 2.4196162689337517 13.744 6.4 8.436666666666667 3
stats: tr_Get_New_Conversation 2 450.7175 133.75449999999998 584.472 316.963 0 0
stats: tr_Get_Book 11 249.76954545454544 59.225642257331316 365.089 166.203 212.20291666666665 12
stats: tr_Redirect_To_New_Book 3 8.67 1.0560959552363918 9.658 7.193 7.63425 4
stats: tr_Post_New_Book 4 10.834 4.8754495690141235 18.905 6.61 7.0474000000000006 5
stats: tr_Get_New_Book 5 13.9108 7.189222055271348 81.131 6.862 21.987333333333336 6
# stats: dump at 1575881875
stats: users 2 44
stats: {recvpackets,"tsung_controller@ip-172-31-46-69"} 1 1999.0 0.0 1999 150 711.3333333333334 6
stats: {sentpackets,"tsung_controller@ip-172-31-46-69"} 1 919.0 0.0 1137 62 453.0 6
stats: {cpu,"tsung_controller@ip-172-31-46-69"} 1 0.030194179811546668 0.0 0.07523633642326907 0.0031235683644996043 0.025769311018522832 7
stats: {load,"tsung_controller@ip-172-31-46-69"} 1 0.0 0.0 0.0 0.0 0.0 7
stats: {freemem,"tsung_controller@ip-172-31-46-69"} 1 375561.98046875 0.0 375594.33984375 375561.98046875 375578.1082589286 7
stats: session 20 18614.266950000005 4530.360179962012 30265.338 6541.767 15038.632083333332 48
stats: users_count 0 70
stats: finish_users_count 20 68
stats: request 54 40.91948148148149 55.19475909323971 584.141 4.237 61.721896174863396 549
stats: connect 0 0 0 23.939 1.521 2.356757142857143 70
stats: page 52 42.50284615384615 56.04370057662579 584.141 4.237 61.721896174863396 549
stats: tr_Initial_Get_Root 0 0 0 200.847 47.672 77.66680434782609 46
stats: 302 19 233
stats: tr_Redirect_Root 2 61.032 6.786 209.231 46.835 75.61164705882351 68
stats: 200 35 370
stats: tr_Get_Logout 1 6.816 0.0 21.497 5.966 8.708625 8
stats: size_rcv 574413 6999795
stats: tr_Post_New_Post 4 8.345749999999999 0.6717739109998243 56.588 7.465 12.444363636363637 22
stats: newphase 0 1
stats: tr_Get_New_Post 4 9.79025 0.8497771399019858 28.171 8.248 12.415272727272725 22
stats: size_sent 30814 325536
stats: tr_Post_New_Comment_On_Post 0 0 0 38.089 8.386 12.76572727272727 22
stats: connected -21 2
stats: tr_Get_Post 0 0 0 295.439 61.436 97.44545454545455 22
stats: tr_Redirect_To_New_Post 7 11.46285714285714 1.2387296982417602 52.986 9.396 14.069500000000001 18
stats: tr_Redirect_To_Post 7 76.85685714285714 20.133040764081397 244.117 55.805 89.51454054054055 37
stats: tr_Post_New_Comment_On_Comment 3 8.767333333333335 0.6043257032061069 31.854 8.01 12.488947368421053 19
stats: tr_Get_Root 0 0 0 66.603 50.119 58.361 2
stats: tr_Get_Conversations 0 0 0 8.436 7.222 7.829000000000001 2
stats: tr_Authenticate_User 2 6093.684499999999 5535.8405 11629.525 557.844 4043.800367647058 68
stats: tr_Post_Login 2 125.525 0.48499999999999943 142.188 124.284 129.76183333333333 6
stats: tr_Get_Login 3 6.588666666666668 0.0300037034751083 13.744 6.4 9.388166666666667 6
stats: tr_Get_New_Conversation 0 0 0 584.472 316.963 450.7175 2
stats: tr_Post_New_Conversation 2 16.6635 0.293499999999999 16.957 16.37 0 0
stats: tr_Redirect_To_New_Conversation 2 15.056000000000001 0.12999999999999945 15.186 14.926 0 0
stats: tr_Redirect_To_Same_Conversation 2 16.864 2.7260000000000004 19.59 14.138 0 0
stats: tr_Reply_To_Conversation 2 32.8675 10.435500000000001 43.303 22.432 0 0
stats: tr_Get_Book 3 210.6786666666667 9.661277773784503 365.089 166.203 230.1695652173913 23
stats: tr_Redirect_To_New_Book 4 7.58225 0.970945512116926 9.658 6.356 8.078142857142856 7
stats: tr_Post_New_Book 2 6.975 0.1919999999999995 18.905 6.61 8.730333333333334 9
stats: tr_Get_New_Book 0 0 0 81.131 6.862 18.316181818181818 11
# stats: dump at 1575881885
stats: users 0 44
stats: {recvpackets,"tsung_controller@ip-172-31-46-69"} 1 517.0 0.0 1999 150 895.2857142857143 7
stats: {sentpackets,"tsung_controller@ip-172-31-46-69"} 1 200.0 0.0 1137 62 519.5714285714286 7
stats: {cpu,"tsung_controller@ip-172-31-46-69"} 1 0.008327694789985947 0.0 0.07523633642326907 0.0031235683644996043 0.026322419617650812 8
stats: {load,"tsung_controller@ip-172-31-46-69"} 1 0.0 0.0 0.0 0.0 0.0 8
stats: {freemem,"tsung_controller@ip-172-31-46-69"} 1 375568.015625 0.0 375594.33984375 375561.98046875 375576.09228515625 8
stats: session 2 30264.4185 11041.910499999998 41306.329 6541.767 16090.289397058823 68
stats: users_count 0 70
stats: finish_users_count 2 70
stats: request 2 67.3495 57.142500000000005 584.141 4.237 59.85899336650084 603
stats: connect 0 0 0 23.939 1.521 2.356757142857143 70
stats: page 2 67.3495 57.142500000000005 584.141 4.237 60.05901663893511 601
stats: tr_Initial_Get_Root 0 0 0 200.847 47.672 77.66680434782609 46
stats: 302 1 234
stats: tr_Redirect_Root 0 0 0 209.231 46.835 75.1950857142857 70
stats: 200 1 371
stats: tr_Get_Logout 0 0 0 21.497 5.966 8.498333333333333 9
stats: size_rcv 3441 7003236
stats: tr_Post_New_Post 0 0 0 56.588 7.465 11.813807692307693 26
stats: newphase 0 1
stats: tr_Get_New_Post 0 0 0 28.171 8.248 12.011423076923077 26
stats: size_sent 1297 326833
stats: tr_Post_New_Comment_On_Post 0 0 0 38.089 8.386 12.76572727272727 22
stats: connected -2 0
stats: tr_Get_Post 0 0 0 295.439 61.436 97.44545454545455 22
stats: tr_Redirect_To_New_Post 1 10.35 0.0 52.986 9.396 13.33964 25
stats: tr_Redirect_To_Post 0 0 0 244.117 55.805 87.50081818181819 44
stats: tr_Post_New_Comment_On_Comment 0 0 0 31.854 8.01 11.981454545454547 22
stats: tr_Get_Root 0 0 0 66.603 50.119 58.361 2
stats: tr_Get_Conversations 0 0 0 8.436 7.222 7.829000000000001 2
stats: tr_Authenticate_User 0 0 0 11629.525 557.844 4102.368485714284 70
stats: tr_Post_Login 1 124.628 0.0 142.188 124.284 128.70262499999998 8
stats: tr_Get_Login 0 0 0 13.744 6.4 8.455 9
stats: tr_Get_New_Conversation 0 0 0 584.472 316.963 450.7175 2
stats: tr_Post_New_Conversation 0 0 0 16.957 16.37 16.6635 2
stats: tr_Redirect_To_New_Conversation 0 0 0 15.186 14.926 15.056000000000001 2
stats: tr_Redirect_To_Same_Conversation 0 0 0 19.59 14.138 16.864 2
stats: tr_Reply_To_Conversation 0 0 0 43.303 22.432 32.8675 2
stats: tr_Get_Book 0 0 0 365.089 166.203 227.92061538461536 26
stats: tr_Redirect_To_New_Book 0 0 0 9.658 6.356 7.897818181818181 11
stats: tr_Post_New_Book 0 0 0 18.905 6.61 8.411181818181818 11
stats: tr_Get_New_Book 0 0 0 81.131 6.862 18.316181818181818 11
# stats: dump at 1575881895
stats: users 73 73
stats: {recvpackets,"tsung_controller@ip-172-31-46-69"} 1 88.0 0.0 1999 88 848.0 8
stats: {sentpackets,"tsung_controller@ip-172-31-46-69"} 1 372.0 0.0 1137 62 479.625 8
stats: {cpu,"tsung_controller@ip-172-31-46-69"} 1 0.00520583886887533 0.0 0.07523633642326907 0.0031235683644996043 0.02432300574791027 9
stats: {load,"tsung_controller@ip-172-31-46-69"} 1 0.0 0.0 0.0 0.0 0.0 9
stats: {freemem,"tsung_controller@ip-172-31-46-69"} 1 375570.46875 0.0 375594.33984375 375561.98046875 375575.19487847225 9
stats: session 0 0 0 41306.329 6541.767 16495.264514285715 70
stats: users_count 73 143
stats: finish_users_count 0 70
stats: request 154 128.72398701298704 190.30473572984891 1235.89 4.237 59.88375537190084 605
stats: tr_Initial_Get_Root 44 162.5332727272727 152.38681238506223 582.324 47.672 77.66680434782609 46
stats: 302 41 275
stats: connect 68 1.7797352941176476 0.17833837778117034 23.939 1.419 2.356757142857143 70
stats: page 154 128.72398701298704 190.30473572984891 1235.89 4.237 60.08319734660034 603
stats: tr_Redirect_Root 7 181.94314285714287 146.84668399527501 506.245 46.835 75.1950857142857 70
stats: 200 113 484
stats: tr_Get_Logout 0 0 0 21.497 5.966 8.498333333333333 9
stats: size_rcv 1484327 8487563
stats: tr_Post_New_Post 0 0 0 56.588 7.465 11.813807692307693 26
stats: newphase 1 2
stats: tr_Get_New_Post 0 0 0 28.171 8.248 12.011423076923077 26
stats: size_sent 63462 390295
stats: tr_Post_New_Comment_On_Post 0 0 0 38.089 8.386 12.76572727272727 22
stats: connected 68 68
stats: tr_Get_Post 0 0 0 295.439 61.436 97.44545454545455 22
stats: tr_Redirect_To_New_Post 0 0 0 52.986 9.396 13.224653846153846 26
stats: tr_Redirect_To_Post 0 0 0 244.117 55.805 87.50081818181819 44
stats: tr_Post_New_Comment_On_Comment 0 0 0 31.854 8.01 11.981454545454547 22
stats: tr_Get_Root 8 161.994375 119.89833949010459 435.074 50.119 58.361 2
stats: tr_Get_Conversations 1 160.674 0.0 160.674 7.222 7.829000000000001 2
stats: tr_Authenticate_User 18 2265.878055555556 1368.0372614978353 11629.525 344.714 4102.368485714284 70
stats: tr_Post_Login 0 0 0 142.188 124.284 128.24988888888888 9
stats: tr_Get_Login 0 0 0 13.744 6.4 8.455 9
stats: tr_Get_New_Conversation 1 1236.045 0.0 1236.045 316.963 450.7175 2
stats: tr_Post_New_Conversation 0 0 0 16.957 16.37 16.6635 2
stats: tr_Redirect_To_New_Conversation 0 0 0 15.186 14.926 15.056000000000001 2
stats: tr_Redirect_To_Same_Conversation 0 0 0 19.59 14.138 16.864 2
stats: tr_Reply_To_Conversation 0 0 0 43.303 22.432 32.8675 2
stats: tr_Get_Book 2 1075.71 28.069999999999936 1103.78 166.203 227.92061538461536 26
stats: tr_Redirect_To_New_Book 0 0 0 9.658 6.356 7.897818181818181 11
stats: tr_Post_New_Book 0 0 0 18.905 6.61 8.411181818181818 11
stats: tr_Get_New_Book 1 12.251 0.0 81.131 6.862 18.316181818181818 11
# stats: dump at 1575881905
stats: users 111 118
stats: {recvpackets,"tsung_controller@ip-172-31-46-69"} 1 2012.0 0.0 2012 88 763.5555555555555 9
stats: {sentpackets,"tsung_controller@ip-172-31-46-69"} 1 1737.0 0.0 1737 62 467.6666666666667 9
stats: {cpu,"tsung_controller@ip-172-31-46-69"} 1 0.06038458735463452 0.0 0.07523633642326907 0.0031235683644996043 0.022411289060006775 10
stats: {load,"tsung_controller@ip-172-31-46-69"} 1 0.0 0.0 0.0 0.0 0.0 10
stats: {freemem,"tsung_controller@ip-172-31-46-69"} 1 375563.8515625 0.0 375594.33984375 375561.98046875 375574.722265625 10
stats: session 9 12531.525000000001 1578.8483432293303 41306.329 6541.767 16495.264514285715 70
stats: users_count 47 190
stats: finish_users_count 9 79
stats: connect 52 1.8068461538461542 0.36893570341515863 23.939 1.377 2.0724275362318845 138
stats: request 345 980.0492231884061 1189.3537313125223 4340.66 4.237 73.85133860342557 759
stats: page 344 982.8989418604656 1190.5033295302142 4340.66 4.237 74.04710964332895 757
stats: tr_Initial_Get_Root 43 2630.1768837209293 1001.305240270086 4340.82 47.672 119.15707777777776 90
stats: 302 158 433
stats: tr_Redirect_Root 45 2772.9528888888885 887.3387264293463 4149.485 46.835 84.89945454545453 77
stats: 200 187 671
stats: tr_Get_Logout 3 193.18233333333333 120.050588226612 361.566 5.966 8.498333333333333 9
stats: size_rcv 2735103 11222666
stats: tr_Post_New_Post 2 640.934 381.34000000000003 1022.274 7.465 11.813807692307693 26
stats: newphase 0 2
stats: tr_Get_New_Post 2 389.178 122.32499999999999 511.503 8.248 12.011423076923077 26
stats: size_sent 207447 597742
stats: tr_Post_New_Comment_On_Post 7 351.0232857142857 221.37169153627718 737.9 8.386 12.76572727272727 22
stats: connected 43 111
stats: tr_Get_Post 8 1220.075875 414.46277950391317 1983.293 61.436 97.44545454545455 22
stats: tr_Redirect_To_New_Post 1 141.979 0.0 141.979 9.396 13.224653846153846 26
stats: tr_Redirect_To_Post 3 1406.08 312.22089412465647 1715.964 55.805 87.50081818181819 44
stats: tr_Post_New_Comment_On_Comment 1 56.765 0.0 56.765 8.01 11.981454545454547 22
stats: tr_Get_Root 3 3230.8736666666664 683.746853982931 3939.819 50.119 141.2677 10
stats: tr_Get_Conversations 4 189.52875 136.6882475349929 392.247 7.222 58.77733333333333 3
stats: tr_Authenticate_User 73 4711.434931506851 2656.7764026688246 11629.525 344.714 3726.7227159090894 88
stats: tr_Post_Login 3 352.193 103.50146669492177 488.947 124.284 128.24988888888888 9
stats: tr_Get_Login 3 28.887333333333334 14.224207753763379 43.06 6.4 8.455 9
stats: tr_Get_New_Conversation 0 0 0 1236.045 316.963 712.4933333333333 3
stats: tr_Post_New_Conversation 1 950.265 0.0 950.265 16.37 16.6635 2
stats: tr_Redirect_To_New_Conversation 1 642.344 0.0 642.344 14.926 15.056000000000001 2
stats: tr_Redirect_To_Same_Conversation 1 243.694 0.0 243.694 14.138 16.864 2
stats: tr_Reply_To_Conversation 1 1005.733 0.0 1005.733 22.432 32.8675 2
stats: tr_Get_Book 0 0 0 1103.78 166.203 288.477 28
stats: tr_Redirect_To_New_Book 3 464.3993333333333 324.8969494412378 849.662 6.356 7.897818181818181 11
stats: tr_Post_New_Book 4 216.09125000000003 131.93987803612487 399.04 6.61 8.411181818181818 11
stats: tr_Get_New_Book 4 335.47125 152.9837772091783 494.027 6.862 17.810750000000002 12
# stats: dump at 1575881915
stats: users 76 118
stats: {recvpackets,"tsung_controller@ip-172-31-46-69"} 1 3110.0 0.0 3110 88 888.4 10
stats: {sentpackets,"tsung_controller@ip-172-31-46-69"} 1 1637.0 0.0 1737 62 594.6 10
stats: {cpu,"tsung_controller@ip-172-31-46-69"} 1 0.10098276005663363 0.0 0.10098276005663363 0.0031235683644996043 0.025863407086791114 11
stats: {load,"tsung_controller@ip-172-31-46-69"} 1 0.0 0.0 0.0 0.0 0.0 11
stats: {freemem,"tsung_controller@ip-172-31-46-69"} 1 375526.5234375 0.0 375594.33984375 375526.5234375 375573.73401988635 11
stats: session 35 19700.311971428575 3097.647551103665 41306.329 6541.767 16043.69925316456 79
stats: users_count 0 190
stats: finish_users_count 35 114
stats: request 296 1435.0653006756766 2246.510962601903 12038.614 4.237 357.038177536232 1104
stats: page 296 1435.0653006756766 2246.510962601903 12038.614 4.237 358.0117148047231 1101
stats: tr_Initial_Get_Root 0 0 0 4340.82 47.672 930.9905488721802 133
stats: 302 118 551
stats: connect 0 0 0 23.939 1.377 1.9997421052631583 190
stats: tr_Redirect_Root 59 2968.3689491525433 561.2050869702347 4496.122 46.835 1076.3945737704917 122
stats: 200 178 849
stats: tr_Get_Logout 11 162.1879090909091 98.78397508287239 361.566 5.966 54.669333333333334 12
stats: size_rcv 4368266 15590932
stats: tr_Post_New_Post 13 246.438 119.95125958873078 1022.274 7.465 56.75096428571429 28
stats: newphase 0 2
stats: tr_Get_New_Post 13 245.42953846153847 127.57907860111729 552.988 8.248 38.95189285714286 28
stats: size_sent 169099 766841
stats: tr_Post_New_Comment_On_Post 15 298.99553333333336 237.99908863491243 920.876 8.386 94.41410344827587 29
stats: connected -32 79
stats: tr_Get_Post 14 1099.4157857142854 335.5213453399647 1983.293 61.436 396.81356666666665 30
stats: tr_Redirect_To_New_Post 6 353.09116666666665 195.0896199916137 771.513 9.396 17.993333333333336 27
stats: tr_Redirect_To_Post 30 1140.628666666667 351.9169430045803 1839.631 55.805 171.66544680851064 47
stats: tr_Post_New_Comment_On_Comment 16 328.90524999999997 138.06238872675462 606.839 8.01 13.928565217391306 23
stats: tr_Get_Root 0 0 0 3939.819 50.119 854.2536923076922 13
stats: tr_Get_Conversations 4 143.50400000000002 65.03772626330043 392.247 7.222 133.49242857142858 7
stats: tr_Authenticate_User 29 5492.282620689655 2861.1999986096553 11629.525 344.714 4173.207136645962 161
stats: tr_Post_Login 4 311.18975 79.26496848979062 488.947 124.284 184.23566666666662 12
stats: tr_Get_Login 10 56.17279999999998 46.46678148053726 155.132 6.4 13.563083333333333 12
stats: tr_Get_New_Conversation 0 0 0 1236.045 316.963 712.4933333333333 3
stats: tr_Post_New_Conversation 0 0 0 950.265 16.37 327.864 3
stats: tr_Redirect_To_New_Conversation 0 0 0 642.344 14.926 224.15200000000002 3
stats: tr_Redirect_To_Same_Conversation 0 0 0 243.694 14.138 92.47399999999999 3
stats: tr_Reply_To_Conversation 0 0 0 1005.733 22.432 357.15599999999995 3
stats: tr_Get_Book 17 9295.395411764704 1061.5578347072571 12038.788 166.203 288.477 28
stats: tr_Redirect_To_New_Book 9 155.80155555555555 99.12732897542669 849.662 6.356 105.71957142857141 14
stats: tr_Post_New_Book 12 229.9461666666667 160.1881925750841 552.688 6.61 63.792533333333346 15
stats: tr_Get_New_Book 11 161.26127272727274 118.46283706415804 494.027 6.862 97.225875 16
# stats: dump at 1575881925
stats: users 20 118
stats: {recvpackets,"tsung_controller@ip-172-31-46-69"} 1 3903.0 0.0 3903 88 1090.3636363636363 11
stats: {sentpackets,"tsung_controller@ip-172-31-46-69"} 1 1099.0 0.0 1737 62 689.3636363636364 11
stats: {cpu,"tsung_controller@ip-172-31-46-69"} 1 0.09057499505481348 0.0 0.10098276005663363 0.0031235683644996043 0.03212335316761133 12
stats: {load,"tsung_controller@ip-172-31-46-69"} 1 0.0 0.0 0.0 0.0 0.0 12
stats: {freemem,"tsung_controller@ip-172-31-46-69"} 1 375515.2109375 0.0 375594.33984375 375515.2109375 375569.7998046875 12
stats: session 56 25918.72737499999 3723.1405787786384 41306.329 6541.767 17166.34350877193 114
stats: users_count 0 190
stats: finish_users_count 56 170
stats: request 220 1178.8712136363647 2602.544641525744 12693.513 4.237 584.9639121428575 1400
stats: connect 0 0 0 23.939 1.377 1.9997421052631583 190
stats: page 215 1206.291855813954 2626.3462908765227 12693.513 4.237 586.2206349319974 1397
stats: tr_Initial_Get_Root 0 0 0 4340.82 47.672 930.9905488721802 133
stats: 302 69 620
stats: tr_Redirect_Root 9 1942.5693333333338 852.937891584011 4496.122 46.835 1693.1155027624313 181
stats: 200 151 1000
stats: tr_Get_Logout 2 82.80749999999999 72.3925 361.566 5.966 106.09126086956522 23
stats: size_rcv 2508579 18099511
stats: tr_Post_New_Post 32 46.48793750000001 60.05665473374782 1022.274 7.282 116.89563414634145 41
stats: newphase 0 2
stats: tr_Get_New_Post 32 38.634781250000024 47.56180348355599 552.988 8.248 104.42041463414634 41
stats: size_sent 100687 867528
stats: tr_Post_New_Comment_On_Post 0 0 0 920.876 8.386 164.15777272727271 44
stats: connected -57 22
stats: tr_Get_Post 0 0 0 1983.293 61.436 620.368818181818 44
stats: tr_Redirect_To_New_Post 29 54.98434482758621 102.67795810983598 771.513 9.03 78.92021212121213 33
stats: tr_Redirect_To_Post 11 358.44136363636363 332.2556711806225 1839.631 55.805 549.1835844155845 77
stats: tr_Post_New_Comment_On_Comment 5 92.5936 74.98495276147074 606.839 8.01 143.1497692307692 39
stats: tr_Get_Root 0 0 0 3939.819 50.119 854.2536923076922 13
stats: tr_Get_Conversations 2 75.813 22.456000000000003 392.247 7.222 137.133 11
stats: tr_Authenticate_User 0 0 0 11629.525 344.714 4374.5397105263155 190
stats: tr_Post_Login 8 194.94350000000003 91.04207068026301 488.947 124.284 215.97418749999997 16
stats: tr_Get_Login 3 55.345 62.20790410122066 155.132 6.4 32.93113636363636 22
stats: tr_Get_New_Conversation 10 8038.784600000001 4050.2741890511124 12693.678 316.963 712.4933333333333 3
stats: tr_Post_New_Conversation 10 75.79020000000001 88.16485391900791 950.265 15.718 327.864 3
stats: tr_Redirect_To_New_Conversation 8 22.85575 15.214293671988193 642.344 14.589 224.15200000000002 3
stats: tr_Redirect_To_Same_Conversation 5 19.029400000000003 6.100793345131436 243.694 14.118 92.47399999999999 3
stats: tr_Reply_To_Conversation 5 24.957 2.200392964904224 1005.733 21.415 357.15599999999995 3
stats: tr_Get_Book 28 5330.992464285714 2279.221297840331 12038.788 166.203 3691.0906222222216 45
stats: tr_Redirect_To_New_Book 7 9.037428571428572 1.43575056102005 849.662 6.356 125.31686956521737 23
stats: tr_Post_New_Book 7 9.905142857142854 4.051622335684855 552.688 6.32 137.6385925925926 27
stats: tr_Get_New_Book 7 29.84314285714286 24.08236490183857 494.027 6.862 123.31437037037038 27
# stats: dump at 1575881935
stats: users 1 118
stats: {recvpackets,"tsung_controller@ip-172-31-46-69"} 1 1776.0 0.0 3903 88 1324.7499999999998 12
stats: {sentpackets,"tsung_controller@ip-172-31-46-69"} 1 761.0 0.0 1737 62 723.5 12
stats: {cpu,"tsung_controller@ip-172-31-46-69"} 1 0.04268165729752238 0.0 0.10098276005663363 0.0031235683644996043 0.036619633312780724 13
stats: {load,"tsung_controller@ip-172-31-46-69"} 1 0.0 0.0 0.0 0.0 0.0 13
stats: {freemem,"tsung_controller@ip-172-31-46-69"} 1 375541.85546875 0.0 375594.33984375 375515.2109375 375565.6006610577 13
stats: session 19 33568.662052631575 5214.881812287743 44156.374 6541.767 20049.481723529407 170
stats: users_count 0 190
stats: finish_users_count 19 189
stats: connect 0 0 0 23.939 1.377 1.9997421052631583 190
stats: 302 6 626
stats: request 29 16.09824137931035 21.29136820024227 12693.513 4.237 665.6179901234573 1620
stats: tr_Initial_Get_Root 0 0 0 4340.82 47.672 930.9905488721802 133
stats: page 25 18.716359999999998 24.1541994806369 12693.513 4.237 668.9224416873452 1612
stats: 200 23 1023
stats: tr_Redirect_Root 0 0 0 4496.122 46.835 1704.9317368421057 190
stats: size_rcv 63171 18162682
stats: tr_Get_Logout 0 0 0 361.566 5.966 104.22856 25
stats: newphase 0 2
stats: tr_Post_New_Post 0 0 0 1022.274 7.282 86.03198630136987 73
stats: size_sent 16256 883784
stats: tr_Get_New_Post 0 0 0 552.988 8.248 75.58287671232878 73
stats: connected -21 1
stats: tr_Post_New_Comment_On_Post 0 0 0 920.876 8.386 164.15777272727271 44
stats: tr_Get_Post 0 0 0 1983.293 61.436 620.368818181818 44
stats: tr_Redirect_To_New_Post 11 10.288727272727273 0.6878490969429918 771.513 9.03 67.72440322580645 62
stats: tr_Redirect_To_Post 0 0 0 1839.631 55.805 525.3408068181819 88
stats: tr_Post_New_Comment_On_Comment 0 0 0 606.839 8.01 137.40474999999998 44
stats: tr_Get_Root 0 0 0 3939.819 50.119 854.2536923076922 13
stats: tr_Get_Conversations 0 0 0 392.247 7.222 127.69915384615386 13
stats: tr_Authenticate_User 0 0 0 11629.525 344.714 4374.5397105263155 190
stats: tr_Post_Login 1 126.36 0.0 488.947 124.284 208.96395833333335 24
stats: tr_Get_Login 0 0 0 155.132 6.4 35.6208 25
stats: tr_Get_New_Conversation 0 0 0 12693.678 316.963 6348.102 13
stats: tr_Post_New_Conversation 0 0 0 950.265 15.718 133.96107692307694 13
stats: tr_Redirect_To_New_Conversation 2 14.7345 0.019499999999999407 642.344 14.589 77.75472727272728 11
stats: tr_Redirect_To_Same_Conversation 4 15.23725 1.4379206123774708 243.694 14.044 46.571124999999995 8
stats: tr_Reply_To_Conversation 4 21.884999999999998 0.5145818690937326 1005.733 21.238 149.531625 8
stats: tr_Get_Book 0 0 0 12038.788 166.203 4320.09406849315 73
stats: tr_Redirect_To_New_Book 5 7.952 0.40933946792362946 849.662 6.356 98.18499999999999 30
stats: tr_Post_New_Book 1 7.441 0.0 552.688 6.32 111.3405294117647 34
stats: tr_Get_New_Book 1 7.705 0.0 494.027 6.862 104.07029411764707 34
# stats: dump at 1575881941
stats: users 0 118
stats: {recvpackets,"tsung_controller@ip-172-31-46-69"} 1 86.0 0.0 3903 86 1359.461538461538 13
stats: {sentpackets,"tsung_controller@ip-172-31-46-69"} 1 81.0 0.0 1737 62 726.3846153846154 13
stats: {cpu,"tsung_controller@ip-172-31-46-69"} 1 0.014572859090861777 0.0 0.10098276005663363 0.0031235683644996043 0.037052635025976555 14
stats: {load,"tsung_controller@ip-172-31-46-69"} 1 0.0 0.0 0.0 0.0 0.0 14
stats: {freemem,"tsung_controller@ip-172-31-46-69"} 1 375546.63671875 0.0 375594.33984375 375515.2109375 375563.90457589284 14
stats: session 1 42537.849 0.0 44156.374 6541.767 21408.552761904757 189
stats: users_count 0 190
stats: finish_users_count 1 190
stats: request 2 17.2165 3.5934999999999993 12693.513 4.237 654.195265615525 1649
stats: 302 1 627
stats: connect 0 0 0 23.939 1.377 1.9997421052631583 190
stats: page 1 34.643 0.0 12693.513 4.237 658.9925992669521 1637
stats: tr_Initial_Get_Root 0 0 0 4340.82 47.672 930.9905488721802 133
stats: 200 1 1024
stats: tr_Redirect_Root 0 0 0 4496.122 46.835 1704.9317368421057 190
stats: size_rcv 2454 18165136
stats: tr_Get_Logout 0 0 0 361.566 5.966 104.22856 25
stats: newphase 0 2
stats: tr_Post_New_Post 0 0 0 1022.274 7.282 86.03198630136987 73
stats: size_sent 1112 884896
stats: tr_Get_New_Post 0 0 0 552.988 8.248 75.58287671232878 73
stats: connected -1 0
stats: tr_Post_New_Comment_On_Post 0 0 0 920.876 8.386 164.15777272727271 44
stats: tr_Get_Post 0 0 0 1983.293 61.436 620.368818181818 44
stats: tr_Redirect_To_New_Post 0 0 0 771.513 9.03 59.06971232876713 73
stats: tr_Redirect_To_Post 0 0 0 1839.631 55.805 525.3408068181819 88
stats: tr_Post_New_Comment_On_Comment 0 0 0 606.839 8.01 137.40474999999998 44
stats: tr_Get_Root 0 0 0 3939.819 50.119 854.2536923076922 13
stats: tr_Get_Conversations 0 0 0 392.247 7.222 127.69915384615386 13
stats: tr_Authenticate_User 0 0 0 11629.525 344.714 4374.5397105263155 190
stats: tr_Post_Login 0 0 0 488.947 124.284 205.6598 25
stats: tr_Get_Login 0 0 0 155.132 6.4 35.6208 25
stats: tr_Get_New_Conversation 0 0 0 12693.678 316.963 6348.102 13
stats: tr_Post_New_Conversation 0 0 0 950.265 15.718 133.96107692307694 13
stats: tr_Redirect_To_New_Conversation 0 0 0 642.344 14.589 68.05930769230771 13
stats: tr_Redirect_To_Same_Conversation 1 13.748 0.0 243.694 13.748 36.1265 12
stats: tr_Reply_To_Conversation 1 21.018 0.0 1005.733 21.018 106.98275 12
stats: tr_Get_Book 0 0 0 12038.788 166.203 4320.09406849315 73
stats: tr_Redirect_To_New_Book 0 0 0 849.662 6.356 85.29457142857143 35
stats: tr_Post_New_Book 0 0 0 552.688 6.32 108.37197142857143 35
stats: tr_Get_New_Book 0 0 0 494.027 6.862 101.31700000000001 35
EndMonitor:{1575,881941,493479}
