# timestamp userid sessionid requestid event transaction name
1575622671.260892 14 3 22 match_stop tr_Get_Book -
1575622673.865868 11 3 22 match_stop tr_Get_Book -
1575622675.480071 19 3 22 match_stop tr_Get_Book -
1575622676.884605 13 3 22 match_stop tr_Get_Book -
1575622677.845371 17 3 22 match_stop tr_Get_Book -
1575622683.682766 10 3 22 match_stop tr_Get_Book -
1575622686.765412 23 3 22 match_stop tr_Get_Book -
1575622687.295131 22 3 22 match_stop tr_Get_Book -
1575622699.986937 28 3 22 match_stop tr_Get_Book -
1575622771.867210 30 3 22 match_stop tr_Get_Book -
1575622773.461709 44 3 22 match_stop tr_Get_Book -
1575622773.998392 46 3 22 match_stop tr_Get_Book -
1575622774.526447 49 3 22 match_stop tr_Get_Book -
1575622777.077880 54 3 22 match_stop tr_Get_Book -
1575622777.435620 60 3 22 match_stop tr_Get_Book -
1575622778.769803 65 3 22 match_stop tr_Get_Book -
1575622779.858450 80 3 22 match_stop tr_Get_Book -
1575622780.150268 59 3 22 match_stop tr_Get_Book -
1575622780.698433 68 3 22 match_stop tr_Get_Book -
1575622781.182547 72 3 22 match_stop tr_Get_Book -
1575622782.519089 76 3 22 match_stop tr_Get_Book -
1575622783.715867 70 3 22 match_stop tr_Get_Book -
1575622783.909151 71 3 22 match_stop tr_Get_Book -
1575622784.322068 85 3 22 match_stop tr_Get_Book -
1575622790.636026 81 3 22 match_stop tr_Get_Book -
1575622791.123261 89 3 22 match_stop tr_Get_Book -
