
=INFO REPORT==== 6-Dec-2019::08:56:42 ===
    ts_config_server:(5:<0.102.0>) Config server started, logdir is "/home/ec2-user/.tsung/log/20191206-0856"
 
=INFO REPORT==== 6-Dec-2019::08:56:42 ===
              ts_mon:(5:<0.83.0>) starting monitor, global 

=INFO REPORT==== 6-Dec-2019::08:56:42 ===
           ts_config:(5:<0.102.0>) Reading config file: abort.xml

=INFO REPORT==== 6-Dec-2019::08:56:42 ===
           ts_config:(5:<0.102.0>) Session name for id 1 is "Register-Logout-Login"

=INFO REPORT==== 6-Dec-2019::08:56:42 ===
           ts_config:(5:<0.102.0>) Session name for id 2 is "Create-Book"

=INFO REPORT==== 6-Dec-2019::08:56:42 ===
           ts_config:(5:<0.102.0>) Session name for id 3 is "Create-Post"

=INFO REPORT==== 6-Dec-2019::08:56:42 ===
           ts_config:(5:<0.102.0>) Session name for id 4 is "Add_Comment"

=INFO REPORT==== 6-Dec-2019::08:56:42 ===
           ts_config:(5:<0.102.0>) Session name for id 5 is "Send-Message"

=INFO REPORT==== 6-Dec-2019::08:56:42 ===
    ts_config_server:(4:<0.102.0>) SYSINFO:Tsung version: 1.7.0

=INFO REPORT==== 6-Dec-2019::08:56:42 ===
    ts_config_server:(4:<0.102.0>) SYSINFO:Erlang version: Erlang/OTP 20 [erts-9.1] [source] [64-bit] [smp:2:2] [ds:2:2:10] [async-threads:8] [hipe] [kernel-poll:true]


=INFO REPORT==== 6-Dec-2019::08:56:42 ===
    ts_config_server:(4:<0.102.0>) SYSINFO:System architecture x86_64-unknown-linux-gnu

=INFO REPORT==== 6-Dec-2019::08:56:42 ===
    ts_config_server:(4:<0.102.0>) SYSINFO:Current path: /usr/local/lib/tsung/tsung-1.7.0/ebin/tsung.beam

=INFO REPORT==== 6-Dec-2019::08:56:42 ===
              ts_mon:(5:<0.103.0>) Activate clients with text backend

=INFO REPORT==== 6-Dec-2019::08:56:42 ===
              ts_mon:(5:<0.103.0>) Starting tsung clients on hosts: [localhost]

=INFO REPORT==== 6-Dec-2019::08:56:42 ===
    ts_config_server:(5:<0.102.0>) Start a launcher on the controller beam localhost

=INFO REPORT==== 6-Dec-2019::08:56:42 ===
  ts_launcher_static:(5:<0.154.0>) Launch msg receive ("localhost")

=INFO REPORT==== 6-Dec-2019::08:56:42 ===
         ts_launcher:(5:<0.155.0>) Launch msg receive ("localhost")

=INFO REPORT==== 6-Dec-2019::08:56:42 ===
    ts_config_server:(5:<0.102.0>) New arrival phase 1 for client "localhost" (last ? true): will start 30 users

=INFO REPORT==== 6-Dec-2019::08:56:42 ===
    ts_config_server:(5:<0.102.0>) New arrival phase 2 for client "localhost" (last ? true): will start 60 users

=INFO REPORT==== 6-Dec-2019::08:56:42 ===
         ts_launcher:(5:<0.155.0>) Expected duration of first phase: 15.0 sec (30 users) 

=INFO REPORT==== 6-Dec-2019::08:56:42 ===
         ts_launcher:(5:<0.155.0>) Activate launcher (30 users) in 1498 msec 

=INFO REPORT==== 6-Dec-2019::08:56:58 ===
         ts_launcher:(5:<0.155.0>) Phase duration exceeded, but not all users were launched (1 users, 3.3% of phase)

=INFO REPORT==== 6-Dec-2019::08:56:58 ===
         ts_launcher:(5:<0.155.0>) Wait for all sessions to finish before starting next phase (still 28 sessions active)
=INFO REPORT==== 6-Dec-2019::08:57:03 ===
         ts_launcher:(5:<0.155.0>) Wait for all sessions to finish before starting next phase (still 27 sessions active)
=INFO REPORT==== 6-Dec-2019::08:57:08 ===
         ts_launcher:(5:<0.155.0>) Wait for all sessions to finish before starting next phase (still 21 sessions active)
=INFO REPORT==== 6-Dec-2019::08:57:13 ===
         ts_launcher:(5:<0.155.0>) Wait for all sessions to finish before starting next phase (still 17 sessions active)
=INFO REPORT==== 6-Dec-2019::08:57:18 ===
         ts_launcher:(5:<0.155.0>) Wait for all sessions to finish before starting next phase (still 16 sessions active)
=INFO REPORT==== 6-Dec-2019::08:57:23 ===
         ts_launcher:(5:<0.155.0>) Wait for all sessions to finish before starting next phase (still 16 sessions active)
=INFO REPORT==== 6-Dec-2019::08:57:28 ===
         ts_launcher:(5:<0.155.0>) Wait for all sessions to finish before starting next phase (still 15 sessions active)
=INFO REPORT==== 6-Dec-2019::08:57:33 ===
         ts_launcher:(5:<0.155.0>) Wait for all sessions to finish before starting next phase (still 15 sessions active)
=INFO REPORT==== 6-Dec-2019::08:57:38 ===
         ts_launcher:(5:<0.155.0>) Wait for all sessions to finish before starting next phase (still 15 sessions active)
=INFO REPORT==== 6-Dec-2019::08:57:43 ===
         ts_launcher:(5:<0.155.0>) Wait for all sessions to finish before starting next phase (still 15 sessions active)
=INFO REPORT==== 6-Dec-2019::08:57:48 ===
         ts_launcher:(5:<0.155.0>) Wait for all sessions to finish before starting next phase (still 13 sessions active)
=INFO REPORT==== 6-Dec-2019::08:57:51 ===
           ts_client:(5:<0.172.0>) Pending transactions: [{tr_Get_Book,
                                                           -576460742583906547}], compute transaction time

=INFO REPORT==== 6-Dec-2019::08:57:53 ===
         ts_launcher:(5:<0.155.0>) Wait for all sessions to finish before starting next phase (still 10 sessions active)
=INFO REPORT==== 6-Dec-2019::08:57:53 ===
           ts_client:(5:<0.169.0>) Pending transactions: [{tr_Get_Book,
                                                           -576460739977888538}], compute transaction time

=INFO REPORT==== 6-Dec-2019::08:57:55 ===
           ts_client:(5:<0.177.0>) Pending transactions: [{tr_Get_Book,
                                                           -576460738368846617}], compute transaction time

=INFO REPORT==== 6-Dec-2019::08:57:56 ===
           ts_client:(5:<0.171.0>) Pending transactions: [{tr_Get_Book,
                                                           -576460736959897420}], compute transaction time

=INFO REPORT==== 6-Dec-2019::08:57:57 ===
           ts_client:(5:<0.175.0>) Pending transactions: [{tr_Get_Book,
                                                           -576460736001878451}], compute transaction time

=INFO REPORT==== 6-Dec-2019::08:57:58 ===
         ts_launcher:(5:<0.155.0>) Wait for all sessions to finish before starting next phase (still 5 sessions active)
=INFO REPORT==== 6-Dec-2019::08:58:03 ===
         ts_launcher:(5:<0.155.0>) Wait for all sessions to finish before starting next phase (still 4 sessions active)
=INFO REPORT==== 6-Dec-2019::08:58:03 ===
           ts_client:(5:<0.168.0>) Pending transactions: [{tr_Get_Book,
                                                           -576460730166816336}], compute transaction time

=INFO REPORT==== 6-Dec-2019::08:58:06 ===
           ts_client:(5:<0.188.0>) Pending transactions: [{tr_Get_Book,
                                                           -576460727079912690}], compute transaction time

=INFO REPORT==== 6-Dec-2019::08:58:07 ===
           ts_client:(5:<0.181.0>) Pending transactions: [{tr_Get_Book,
                                                           -576460726555897276}], compute transaction time

=INFO REPORT==== 6-Dec-2019::08:58:08 ===
         ts_launcher:(5:<0.155.0>) Wait for all sessions to finish before starting next phase (still 1 sessions active)
=INFO REPORT==== 6-Dec-2019::08:58:13 ===
         ts_launcher:(5:<0.155.0>) Wait for all sessions to finish before starting next phase (still 1 sessions active)
=INFO REPORT==== 6-Dec-2019::08:58:18 ===
         ts_launcher:(5:<0.155.0>) Wait for all sessions to finish before starting next phase (still 1 sessions active)
=INFO REPORT==== 6-Dec-2019::08:58:19 ===
           ts_client:(5:<0.195.0>) Pending transactions: [{tr_Get_Book,
                                                           -576460713859882032}], compute transaction time

=INFO REPORT==== 6-Dec-2019::08:58:23 ===
         ts_launcher:(5:<0.155.0>) Start a new arrival phase (60 users, 0.004); expected duration=15.0 sec

=INFO REPORT==== 6-Dec-2019::08:58:37 ===
         ts_launcher:(5:<0.155.0>) This was the last phase, wait for connected users to finish their session

=INFO REPORT==== 6-Dec-2019::08:59:31 ===
           ts_client:(5:<0.212.0>) Pending transactions: [{tr_Get_Book,
                                                           -576460641976930533}], compute transaction time

=INFO REPORT==== 6-Dec-2019::08:59:33 ===
           ts_client:(5:<0.226.0>) Pending transactions: [{tr_Get_Book,
                                                           -576460640383924521}], compute transaction time

=INFO REPORT==== 6-Dec-2019::08:59:33 ===
           ts_client:(5:<0.228.0>) Pending transactions: [{tr_Get_Book,
                                                           -576460639847897281}], compute transaction time

=INFO REPORT==== 6-Dec-2019::08:59:34 ===
           ts_client:(5:<0.231.0>) Pending transactions: [{tr_Get_Book,
                                                           -576460639318950353}], compute transaction time

=INFO REPORT==== 6-Dec-2019::08:59:37 ===
           ts_client:(5:<0.236.0>) Pending transactions: [{tr_Get_Book,
                                                           -576460636768945622}], compute transaction time

=INFO REPORT==== 6-Dec-2019::08:59:37 ===
           ts_client:(5:<0.242.0>) Pending transactions: [{tr_Get_Book,
                                                           -576460636409883661}], compute transaction time

=INFO REPORT==== 6-Dec-2019::08:59:38 ===
           ts_client:(5:<0.248.0>) Pending transactions: [{tr_Get_Book,
                                                           -576460635075887668}], compute transaction time

=INFO REPORT==== 6-Dec-2019::08:59:39 ===
           ts_client:(5:<0.263.0>) Pending transactions: [{tr_Get_Book,
                                                           -576460633988942895}], compute transaction time

=INFO REPORT==== 6-Dec-2019::08:59:40 ===
           ts_client:(5:<0.241.0>) Pending transactions: [{tr_Get_Book,
                                                           -576460633694884023}], compute transaction time

=INFO REPORT==== 6-Dec-2019::08:59:40 ===
           ts_client:(5:<0.251.0>) Pending transactions: [{tr_Get_Book,
                                                           -576460633148947905}], compute transaction time

=INFO REPORT==== 6-Dec-2019::08:59:41 ===
           ts_client:(5:<0.255.0>) Pending transactions: [{tr_Get_Book,
                                                           -576460632661863233}], compute transaction time

=INFO REPORT==== 6-Dec-2019::08:59:42 ===
           ts_client:(5:<0.259.0>) Pending transactions: [{tr_Get_Book,
                                                           -576460631327884346}], compute transaction time

=INFO REPORT==== 6-Dec-2019::08:59:43 ===
           ts_client:(5:<0.253.0>) Pending transactions: [{tr_Get_Book,
                                                           -576460630127873046}], compute transaction time

=INFO REPORT==== 6-Dec-2019::08:59:43 ===
           ts_client:(5:<0.254.0>) Pending transactions: [{tr_Get_Book,
                                                           -576460629934903568}], compute transaction time

=INFO REPORT==== 6-Dec-2019::08:59:44 ===
           ts_client:(5:<0.268.0>) Pending transactions: [{tr_Get_Book,
                                                           -576460629525882155}], compute transaction time

=INFO REPORT==== 6-Dec-2019::08:59:50 ===
           ts_client:(5:<0.264.0>) Pending transactions: [{tr_Get_Book,
                                                           -576460623214880378}], compute transaction time

=INFO REPORT==== 6-Dec-2019::08:59:51 ===
           ts_client:(5:<0.272.0>) Pending transactions: [{tr_Get_Book,
                                                           -576460622723881309}], compute transaction time

=INFO REPORT==== 6-Dec-2019::09:01:17 ===
     ts_launcher_mgr:(5:<0.149.0>) No more active users 'tsung_controller@ip-172-31-26-68' "8160"
