# stats: dump at 1575314688
stats: users 6 6
stats: {load,"tsung_controller@ip-172-31-25-179"} 1 0.109375 0 0.109375 0.109375 0 0
stats: {cpu,"tsung_controller@ip-172-31-25-179"} 1 0.8221012256279384 0 0.8221012256279384 0.8221012256279384 0 0
stats: {freemem,"tsung_controller@ip-172-31-25-179"} 1 725.859375 0 725.859375 725.859375 0 0
stats: users_count 6 6
stats: finish_users_count 0 0
stats: request 13 41.478846153846156 57.95092990937201 155.579 5.52 0 0
stats: connect 6 5.1855 9.636881268508674 26.734 0.814 0 0
stats: page 13 41.478846153846156 57.95092990937201 155.579 5.52 0 0
stats: tr_Get_Root 6 13.256833333333335 10.35577755678228 34.229 6.313 0 0
stats: 302 3 3
stats: tr_Get_Register 4 6.236000000000001 0.8213053634306792 7.647 5.658 0 0
stats: 200 10 10
stats: tr_Post_Register 3 146.144 11.417580216490704 155.706 130.095 0 0
stats: size_rcv 17984 17984
stats: size_sent 3960 3960
stats: connected 6 6
# stats: dump at 1575314698
stats: users 9 10
stats: {load,"tsung_controller@ip-172-31-25-179"} 1 0.08984375 0.0 0.109375 0.08984375 0.109375 1
stats: {recvpackets,"tsung_controller@ip-172-31-25-179"} 1 95 0 95 95 0 0
stats: {sentpackets,"tsung_controller@ip-172-31-25-179"} 1 86 0 86 86 0 0
stats: {cpu,"tsung_controller@ip-172-31-25-179"} 1 0.15015015015015015 0.0 0.8221012256279384 0.15015015015015015 0.8221012256279384 1
stats: {freemem,"tsung_controller@ip-172-31-25-179"} 1 725.87890625 0.0 725.87890625 725.859375 725.859375 1
stats: session 1 11927.651 0 11927.651 11927.651 0 0
stats: users_count 4 10
stats: finish_users_count 1 1
stats: request 58 39.33574137931034 59.77268357027092 218.474 4.791 41.478846153846156 13
stats: connect 4 0.8377500000000001 0.06580416020283218 26.734 0.748 5.1855 6
stats: page 58 39.33574137931034 59.77268357027092 218.474 4.791 41.478846153846156 13
stats: tr_Get_Root 4 6.906499999999999 0.6722862113713179 34.229 6.09 13.256833333333335 6
stats: 302 22 25
stats: tr_Redirect_Root 15 8.822866666666666 6.399275405509248 32.574 6.201 0 0
stats: 200 36 46
stats: tr_Get_Logout 9 7.5762222222222215 0.736625757201606 8.959 6.593 0 0
stats: size_rcv 72520 90504
stats: tr_Get_New_Friend 1 7.345 0 7.345 7.345 0 0
stats: size_sent 27330 31290
stats: tr_Request_Friend 1 6.741 0 6.741 6.741 0 0
stats: connected 3 9
stats: tr_Get_Friends 2 19.844 8.606000000000002 28.45 11.238 0 0
stats: tr_Get_Register 6 6.2595 0.4429370722800248 7.647 5.658 6.236000000000001 4
stats: tr_Post_Register 7 153.79257142857142 29.755821331330118 218.629 126.681 146.144 3
stats: tr_Get_Login 7 6.202857142857143 0.63282663583355 7.166 4.888 0 0
stats: tr_Post_Login 6 141.49216666666666 16.87382251118249 178.131 127.983 0 0
# stats: dump at 1575314708
stats: users 4 10
stats: {load,"tsung_controller@ip-172-31-25-179"} 1 0.078125 0.0 0.109375 0.078125 0.099609375 2
stats: {recvpackets,"tsung_controller@ip-172-31-25-179"} 1 171.0 0.0 171 95 95.0 1
stats: {sentpackets,"tsung_controller@ip-172-31-25-179"} 1 158.0 0.0 158 86 86.0 1
stats: {cpu,"tsung_controller@ip-172-31-25-179"} 1 0.1 0.0 0.8221012256279384 0.1 0.4861256878890443 2
stats: {freemem,"tsung_controller@ip-172-31-25-179"} 1 723.8359375 0.0 725.87890625 723.8359375 725.869140625 2
stats: session 5 16665.003 4492.768979524542 24876.585 11181.389 11927.651 1
stats: users_count 0 10
stats: finish_users_count 5 6
stats: request 29 36.33327586206896 66.53917073418383 235.898 4.791 39.72814084507042 71
stats: connect 0 0 0 26.734 0.748 3.4463999999999997 10
stats: page 29 36.33327586206896 66.53917073418383 235.898 4.791 39.72814084507042 71
stats: tr_Get_Root 0 0 0 34.229 6.09 10.7167 10
stats: 302 4 29
stats: tr_Redirect_Root 4 8.98425 1.918252117814548 32.574 6.201 8.822866666666666 15
stats: 200 25 71
stats: tr_Get_Logout 1 38.334 0.0 38.334 6.593 7.5762222222222215 9
stats: size_rcv 49189 139693
stats: tr_Get_New_Friend 7 6.624 0.26448008296602304 7.345 6.202 7.345 1
stats: size_sent 14199 45489
stats: tr_Request_Friend 5 38.3694 59.66121645625406 157.54 6.288 6.741 1
stats: connected -5 4
stats: tr_Get_Friends 6 13.220500000000001 5.471826348060886 28.45 9.044 19.844 2
stats: tr_Get_Register 0 0 0 7.647 5.658 6.250100000000001 10
stats: tr_Post_Register 0 0 0 218.629 126.681 151.498 10
stats: tr_Get_Login 3 8.353 3.177029220304193 12.845 4.888 6.202857142857143 7
stats: tr_Post_Login 3 213.477 22.62127239274278 236.055 127.983 141.49216666666666 6
# stats: dump at 1575314715
stats: users 0 10
stats: {load,"tsung_controller@ip-172-31-25-179"} 1 0.0703125 0.0 0.109375 0.0703125 0.09244791666666667 3
stats: {recvpackets,"tsung_controller@ip-172-31-25-179"} 1 88.0 0.0 171 88 133.0 2
stats: {sentpackets,"tsung_controller@ip-172-31-25-179"} 1 81.0 0.0 158 81 122.0 2
stats: {cpu,"tsung_controller@ip-172-31-25-179"} 1 0.0 0.0 0.8221012256279384 0.0 0.3574171252593629 3
stats: {freemem,"tsung_controller@ip-172-31-25-179"} 1 723.484375 0.0 725.87890625 723.484375 725.19140625 3
stats: session 4 24819.8005 2417.1335220546353 27435.558 11181.389 15875.444333333333 6
stats: users_count 0 10
stats: finish_users_count 4 10
stats: request 10 21.3979 39.08317936261072 235.898 4.791 38.743629999999996 100
stats: connect 0 0 0 26.734 0.748 3.4463999999999997 10
stats: page 10 21.3979 39.08317936261072 235.898 4.791 38.743629999999996 100
stats: tr_Get_Root 0 0 0 34.229 6.09 10.7167 10
stats: 302 1 30
stats: tr_Redirect_Root 1 8.503 0.0 32.574 6.201 8.856842105263157 19
stats: 200 9 80
stats: tr_Get_Logout 0 0 0 38.334 6.593 10.652 10
stats: size_rcv 17557 157250
stats: tr_Get_New_Friend 2 6.254 0.4029999999999998 7.345 5.851 6.714124999999999 8
stats: size_sent 5451 50940
stats: tr_Request_Friend 4 7.106 0.3564351273373601 157.54 6.288 33.09799999999999 6
stats: connected -4 0
stats: tr_Get_Friends 2 13.682500000000001 2.5645000000000002 28.45 9.044 14.876375000000001 8
stats: tr_Get_Register 0 0 0 7.647 5.658 6.250100000000001 10
stats: tr_Post_Register 0 0 0 218.629 126.681 151.498 10
stats: tr_Get_Login 0 0 0 12.845 4.888 6.8479 10
stats: tr_Post_Login 1 138.477 0.0 236.055 127.983 165.48711111111112 9
EndMonitor:{1575,314715,747105}
