
=INFO REPORT==== 10-Dec-2019::11:41:22 ===
    ts_config_server:(5:<0.102.0>) Config server started, logdir is "/home/ec2-user/.tsung/log/20191210-1141"
 
=INFO REPORT==== 10-Dec-2019::11:41:22 ===
              ts_mon:(5:<0.83.0>) starting monitor, global 

=INFO REPORT==== 10-Dec-2019::11:41:22 ===
           ts_config:(5:<0.102.0>) Reading config file: no-abort.xml

=INFO REPORT==== 10-Dec-2019::11:41:22 ===
           ts_config:(5:<0.102.0>) Session name for id 1 is "Register-Logout-Login"

=INFO REPORT==== 10-Dec-2019::11:41:22 ===
           ts_config:(5:<0.102.0>) Session name for id 2 is "Create-Book"

=INFO REPORT==== 10-Dec-2019::11:41:22 ===
           ts_config:(5:<0.102.0>) Session name for id 3 is "Create-Post"

=INFO REPORT==== 10-Dec-2019::11:41:22 ===
           ts_config:(5:<0.102.0>) Session name for id 4 is "Add_Comment"

=INFO REPORT==== 10-Dec-2019::11:41:22 ===
           ts_config:(5:<0.102.0>) Session name for id 5 is "Send-Message"

=INFO REPORT==== 10-Dec-2019::11:41:22 ===
    ts_config_server:(4:<0.102.0>) SYSINFO:Tsung version: 1.7.0

=INFO REPORT==== 10-Dec-2019::11:41:22 ===
    ts_config_server:(4:<0.102.0>) SYSINFO:Erlang version: Erlang/OTP 20 [erts-9.1] [source] [64-bit] [smp:96:96] [ds:96:96:10] [async-threads:8] [hipe] [kernel-poll:true]


=INFO REPORT==== 10-Dec-2019::11:41:22 ===
    ts_config_server:(4:<0.102.0>) SYSINFO:System architecture x86_64-unknown-linux-gnu

=INFO REPORT==== 10-Dec-2019::11:41:22 ===
    ts_config_server:(4:<0.102.0>) SYSINFO:Current path: /usr/local/lib/tsung/tsung-1.7.0/ebin/tsung.beam

=INFO REPORT==== 10-Dec-2019::11:41:22 ===
              ts_mon:(5:<0.103.0>) Activate clients with text backend

=INFO REPORT==== 10-Dec-2019::11:41:22 ===
              ts_mon:(5:<0.103.0>) Starting tsung clients on hosts: [localhost]

=INFO REPORT==== 10-Dec-2019::11:41:22 ===
    ts_config_server:(5:<0.102.0>) Start a launcher on the controller beam localhost

=INFO REPORT==== 10-Dec-2019::11:41:22 ===
  ts_launcher_static:(5:<0.154.0>) Launch msg receive ("localhost")

=INFO REPORT==== 10-Dec-2019::11:41:22 ===
         ts_launcher:(5:<0.155.0>) Launch msg receive ("localhost")

=INFO REPORT==== 10-Dec-2019::11:41:22 ===
    ts_config_server:(5:<0.102.0>) New arrival phase 1 for client "localhost" (last ? true): will start 30 users

=INFO REPORT==== 10-Dec-2019::11:41:22 ===
    ts_config_server:(5:<0.102.0>) New arrival phase 2 for client "localhost" (last ? true): will start 60 users

=INFO REPORT==== 10-Dec-2019::11:41:22 ===
    ts_config_server:(5:<0.102.0>) New arrival phase 3 for client "localhost" (last ? true): will start 120 users

=INFO REPORT==== 10-Dec-2019::11:41:22 ===
    ts_config_server:(5:<0.102.0>) New arrival phase 4 for client "localhost" (last ? true): will start 240 users

=INFO REPORT==== 10-Dec-2019::11:41:22 ===
    ts_config_server:(5:<0.102.0>) New arrival phase 5 for client "localhost" (last ? true): will start 480 users

=INFO REPORT==== 10-Dec-2019::11:41:22 ===
    ts_config_server:(5:<0.102.0>) New arrival phase 6 for client "localhost" (last ? true): will start 960 users

=INFO REPORT==== 10-Dec-2019::11:41:22 ===
    ts_config_server:(5:<0.102.0>) New arrival phase 7 for client "localhost" (last ? true): will start 1920 users

=INFO REPORT==== 10-Dec-2019::11:41:22 ===
    ts_config_server:(5:<0.102.0>) New arrival phase 8 for client "localhost" (last ? true): will start 3840 users

=INFO REPORT==== 10-Dec-2019::11:41:22 ===
    ts_config_server:(5:<0.102.0>) New arrival phase 9 for client "localhost" (last ? true): will start 7680 users

=INFO REPORT==== 10-Dec-2019::11:41:22 ===
         ts_launcher:(5:<0.155.0>) Expected duration of first phase: 15.0 sec (30 users) 

=INFO REPORT==== 10-Dec-2019::11:41:22 ===
         ts_launcher:(5:<0.155.0>) Activate launcher (30 users) in 1252 msec 

=INFO REPORT==== 10-Dec-2019::11:41:37 ===
         ts_launcher:(4:<0.155.0>) Need to wait 0.618 sec before changing phase, going to sleep

=INFO REPORT==== 10-Dec-2019::11:41:38 ===
         ts_launcher:(5:<0.155.0>) Waking up

=INFO REPORT==== 10-Dec-2019::11:41:38 ===
         ts_launcher:(5:<0.155.0>) Wait for all sessions to finish before starting next phase (still 28 sessions active)
=INFO REPORT==== 10-Dec-2019::11:41:43 ===
         ts_launcher:(5:<0.155.0>) Wait for all sessions to finish before starting next phase (still 21 sessions active)
=INFO REPORT==== 10-Dec-2019::11:41:48 ===
         ts_launcher:(5:<0.155.0>) Wait for all sessions to finish before starting next phase (still 12 sessions active)
=INFO REPORT==== 10-Dec-2019::11:41:53 ===
         ts_launcher:(5:<0.155.0>) Wait for all sessions to finish before starting next phase (still 6 sessions active)
=INFO REPORT==== 10-Dec-2019::11:41:58 ===
         ts_launcher:(5:<0.155.0>) Wait for all sessions to finish before starting next phase (still 2 sessions active)
=INFO REPORT==== 10-Dec-2019::11:42:03 ===
         ts_launcher:(5:<0.155.0>) Wait for all sessions to finish before starting next phase (still 1 sessions active)
=INFO REPORT==== 10-Dec-2019::11:42:08 ===
         ts_launcher:(5:<0.155.0>) Wait for all sessions to finish before starting next phase (still 1 sessions active)
=INFO REPORT==== 10-Dec-2019::11:42:13 ===
         ts_launcher:(5:<0.155.0>) Wait for all sessions to finish before starting next phase (still 1 sessions active)
=INFO REPORT==== 10-Dec-2019::11:42:18 ===
         ts_launcher:(5:<0.155.0>) Wait for all sessions to finish before starting next phase (still 1 sessions active)
=INFO REPORT==== 10-Dec-2019::11:42:23 ===
         ts_launcher:(5:<0.155.0>) Start a new arrival phase (60 users, 0.004); expected duration=15.0 sec

=INFO REPORT==== 10-Dec-2019::11:42:38 ===
         ts_launcher:(5:<0.155.0>) Phase duration exceeded, but not all users were launched (5 users, 8.3% of phase)

=INFO REPORT==== 10-Dec-2019::11:42:38 ===
         ts_launcher:(5:<0.155.0>) Wait for all sessions to finish before starting next phase (still 48 sessions active)
=INFO REPORT==== 10-Dec-2019::11:42:43 ===
         ts_launcher:(5:<0.155.0>) Wait for all sessions to finish before starting next phase (still 41 sessions active)
=INFO REPORT==== 10-Dec-2019::11:42:48 ===
         ts_launcher:(5:<0.155.0>) Wait for all sessions to finish before starting next phase (still 25 sessions active)
=INFO REPORT==== 10-Dec-2019::11:42:53 ===
         ts_launcher:(5:<0.155.0>) Wait for all sessions to finish before starting next phase (still 7 sessions active)
=INFO REPORT==== 10-Dec-2019::11:42:58 ===
         ts_launcher:(5:<0.155.0>) Wait for all sessions to finish before starting next phase (still 3 sessions active)
=INFO REPORT==== 10-Dec-2019::11:43:03 ===
         ts_launcher:(5:<0.155.0>) Wait for all sessions to finish before starting next phase (still 1 sessions active)
=INFO REPORT==== 10-Dec-2019::11:43:08 ===
         ts_launcher:(5:<0.155.0>) Start a new arrival phase (120 users, 0.008); expected duration=15.0 sec

=INFO REPORT==== 10-Dec-2019::11:43:22 ===
         ts_launcher:(4:<0.155.0>) Need to wait 0.586 sec before changing phase, going to sleep

=INFO REPORT==== 10-Dec-2019::11:43:23 ===
         ts_launcher:(5:<0.155.0>) Waking up

=INFO REPORT==== 10-Dec-2019::11:43:23 ===
         ts_launcher:(5:<0.155.0>) Wait for all sessions to finish before starting next phase (still 105 sessions active)
=INFO REPORT==== 10-Dec-2019::11:43:28 ===
         ts_launcher:(5:<0.155.0>) Wait for all sessions to finish before starting next phase (still 73 sessions active)
=INFO REPORT==== 10-Dec-2019::11:43:33 ===
         ts_launcher:(5:<0.155.0>) Wait for all sessions to finish before starting next phase (still 41 sessions active)
=INFO REPORT==== 10-Dec-2019::11:43:38 ===
         ts_launcher:(5:<0.155.0>) Wait for all sessions to finish before starting next phase (still 17 sessions active)
=INFO REPORT==== 10-Dec-2019::11:43:43 ===
         ts_launcher:(5:<0.155.0>) Wait for all sessions to finish before starting next phase (still 10 sessions active)
=INFO REPORT==== 10-Dec-2019::11:43:48 ===
         ts_launcher:(5:<0.155.0>) Wait for all sessions to finish before starting next phase (still 1 sessions active)
=INFO REPORT==== 10-Dec-2019::11:43:53 ===
         ts_launcher:(5:<0.155.0>) Start a new arrival phase (240 users, 0.016); expected duration=15.0 sec

=INFO REPORT==== 10-Dec-2019::11:44:08 ===
         ts_launcher:(5:<0.155.0>) Phase duration exceeded, but not all users were launched (35 users, 14.6% of phase)

=INFO REPORT==== 10-Dec-2019::11:44:08 ===
         ts_launcher:(5:<0.155.0>) Wait for all sessions to finish before starting next phase (still 171 sessions active)
=INFO REPORT==== 10-Dec-2019::11:44:13 ===
         ts_launcher:(5:<0.155.0>) Wait for all sessions to finish before starting next phase (still 123 sessions active)
=INFO REPORT==== 10-Dec-2019::11:44:18 ===
         ts_launcher:(5:<0.155.0>) Wait for all sessions to finish before starting next phase (still 72 sessions active)
=INFO REPORT==== 10-Dec-2019::11:44:23 ===
         ts_launcher:(5:<0.155.0>) Wait for all sessions to finish before starting next phase (still 36 sessions active)
=INFO REPORT==== 10-Dec-2019::11:44:28 ===
         ts_launcher:(5:<0.155.0>) Wait for all sessions to finish before starting next phase (still 11 sessions active)
=INFO REPORT==== 10-Dec-2019::11:44:33 ===
         ts_launcher:(5:<0.155.0>) Wait for all sessions to finish before starting next phase (still 2 sessions active)
=INFO REPORT==== 10-Dec-2019::11:44:38 ===
         ts_launcher:(5:<0.155.0>) Wait for all sessions to finish before starting next phase (still 1 sessions active)
=INFO REPORT==== 10-Dec-2019::11:44:43 ===
         ts_launcher:(5:<0.155.0>) Start a new arrival phase (480 users, 0.032); expected duration=15.0 sec

=INFO REPORT==== 10-Dec-2019::11:44:57 ===
         ts_launcher:(4:<0.155.0>) Need to wait 0.396 sec before changing phase, going to sleep

=INFO REPORT==== 10-Dec-2019::11:44:58 ===
         ts_launcher:(5:<0.155.0>) Waking up

=INFO REPORT==== 10-Dec-2019::11:44:58 ===
         ts_launcher:(5:<0.155.0>) Wait for all sessions to finish before starting next phase (still 410 sessions active)
=INFO REPORT==== 10-Dec-2019::11:45:03 ===
         ts_launcher:(5:<0.155.0>) Wait for all sessions to finish before starting next phase (still 309 sessions active)
=INFO REPORT==== 10-Dec-2019::11:45:08 ===
         ts_launcher:(5:<0.155.0>) Wait for all sessions to finish before starting next phase (still 167 sessions active)
=INFO REPORT==== 10-Dec-2019::11:45:13 ===
         ts_launcher:(5:<0.155.0>) Wait for all sessions to finish before starting next phase (still 71 sessions active)
=INFO REPORT==== 10-Dec-2019::11:45:18 ===
         ts_launcher:(5:<0.155.0>) Wait for all sessions to finish before starting next phase (still 34 sessions active)
=INFO REPORT==== 10-Dec-2019::11:45:23 ===
         ts_launcher:(5:<0.155.0>) Wait for all sessions to finish before starting next phase (still 19 sessions active)
=INFO REPORT==== 10-Dec-2019::11:45:28 ===
         ts_launcher:(5:<0.155.0>) Wait for all sessions to finish before starting next phase (still 7 sessions active)
=INFO REPORT==== 10-Dec-2019::11:45:33 ===
         ts_launcher:(5:<0.155.0>) Wait for all sessions to finish before starting next phase (still 1 sessions active)
=INFO REPORT==== 10-Dec-2019::11:45:38 ===
         ts_launcher:(5:<0.155.0>) Start a new arrival phase (960 users, 0.064); expected duration=15.0 sec

=INFO REPORT==== 10-Dec-2019::11:45:53 ===
         ts_launcher:(5:<0.155.0>) Phase duration exceeded, but not all users were launched (23 users, 2.4% of phase)

=INFO REPORT==== 10-Dec-2019::11:45:53 ===
         ts_launcher:(5:<0.155.0>) Wait for all sessions to finish before starting next phase (still 811 sessions active)
=INFO REPORT==== 10-Dec-2019::11:45:58 ===
         ts_launcher:(5:<0.155.0>) Wait for all sessions to finish before starting next phase (still 597 sessions active)
=INFO REPORT==== 10-Dec-2019::11:46:03 ===
         ts_launcher:(5:<0.155.0>) Wait for all sessions to finish before starting next phase (still 350 sessions active)
=INFO REPORT==== 10-Dec-2019::11:46:08 ===
         ts_launcher:(5:<0.155.0>) Wait for all sessions to finish before starting next phase (still 187 sessions active)
=INFO REPORT==== 10-Dec-2019::11:46:13 ===
         ts_launcher:(5:<0.155.0>) Wait for all sessions to finish before starting next phase (still 77 sessions active)
=INFO REPORT==== 10-Dec-2019::11:46:18 ===
         ts_launcher:(5:<0.155.0>) Wait for all sessions to finish before starting next phase (still 23 sessions active)
=INFO REPORT==== 10-Dec-2019::11:46:23 ===
         ts_launcher:(5:<0.155.0>) Wait for all sessions to finish before starting next phase (still 8 sessions active)
=INFO REPORT==== 10-Dec-2019::11:46:28 ===
         ts_launcher:(5:<0.155.0>) Wait for all sessions to finish before starting next phase (still 1 sessions active)
=INFO REPORT==== 10-Dec-2019::11:46:33 ===
         ts_launcher:(5:<0.155.0>) Start a new arrival phase (1920 users, 0.128); expected duration=15.0 sec

=INFO REPORT==== 10-Dec-2019::11:46:48 ===
         ts_launcher:(5:<0.155.0>) Phase duration exceeded, but not all users were launched (135 users, 7.0% of phase)

=INFO REPORT==== 10-Dec-2019::11:46:48 ===
         ts_launcher:(5:<0.155.0>) Wait for all sessions to finish before starting next phase (still 1558 sessions active)
=INFO REPORT==== 10-Dec-2019::11:47:48 ===
         ts_launcher:(5:<0.155.0>) Start a new arrival phase (3840 users, 0.256); expected duration=15.0 sec

=INFO REPORT==== 10-Dec-2019::11:48:01 ===
           ts_client:(3:<0.5842.0>) Error: Unknown msg {#Ref<0.3469923221.3686531077.165510>,
                                                        badarg} receive in state think, stop

=INFO REPORT==== 10-Dec-2019::11:48:01 ===
           ts_client:(5:<0.5842.0>) Pending transactions: [{tr_Authenticate_User,
                                                            -576460357621954763}], compute transaction time

=INFO REPORT==== 10-Dec-2019::11:48:02 ===
           ts_client:(3:<0.5795.0>) Error: Unknown msg {#Ref<0.3469923221.3686531077.166206>,
                                                        badarg} receive in state think, stop

=INFO REPORT==== 10-Dec-2019::11:48:02 ===
           ts_client:(5:<0.5795.0>) Pending transactions: [{tr_Authenticate_User,
                                                            -576460356699746091}], compute transaction time

=INFO REPORT==== 10-Dec-2019::11:48:03 ===
           ts_client:(3:<0.5064.0>) Error: Unknown msg {#Ref<0.3469923221.3686531075.176096>,
                                                        badarg} receive in state think, stop

=INFO REPORT==== 10-Dec-2019::11:48:03 ===
           ts_client:(5:<0.5064.0>) Pending transactions: [{tr_Authenticate_User,
                                                            -576460354455833556}], compute transaction time

=INFO REPORT==== 10-Dec-2019::11:48:03 ===
         ts_launcher:(5:<0.155.0>) Phase duration exceeded, but not all users were launched (203 users, 5.3% of phase)

=INFO REPORT==== 10-Dec-2019::11:48:03 ===
         ts_launcher:(5:<0.155.0>) Wait for all sessions to finish before starting next phase (still 3161 sessions active)
=INFO REPORT==== 10-Dec-2019::11:49:03 ===
         ts_launcher:(5:<0.155.0>) Start a new arrival phase (7680 users, 0.512); expected duration=15.0 sec

=INFO REPORT==== 10-Dec-2019::11:49:10 ===
           ts_client:(3:<0.9424.0>) Error: Unknown msg {#Ref<0.3469923221.3686531075.216875>,
                                                        badarg} receive in state think, stop

=INFO REPORT==== 10-Dec-2019::11:49:10 ===
           ts_client:(5:<0.9424.0>) Pending transactions: [{tr_Authenticate_User,
                                                            -576460286119967195}], compute transaction time

=INFO REPORT==== 10-Dec-2019::11:49:11 ===
           ts_client:(3:<0.9904.0>) Error: Unknown msg {#Ref<0.3469923221.3686531077.197721>,
                                                        badarg} receive in state think, stop

=INFO REPORT==== 10-Dec-2019::11:49:11 ===
           ts_client:(5:<0.9904.0>) Pending transactions: [{tr_Authenticate_User,
                                                            -576460285505930679}], compute transaction time

=INFO REPORT==== 10-Dec-2019::11:49:11 ===
           ts_client:(3:<0.9668.0>) Error: Unknown msg {#Ref<0.3469923221.3686793217.142742>,
                                                        badarg} receive in state think, stop

=INFO REPORT==== 10-Dec-2019::11:49:11 ===
           ts_client:(5:<0.9668.0>) Pending transactions: [{tr_Authenticate_User,
                                                            -576460285718975349}], compute transaction time

=INFO REPORT==== 10-Dec-2019::11:49:11 ===
           ts_client:(3:<0.8896.0>) Error: Unknown msg {#Ref<0.3469923221.3686793217.143180>,
                                                        badarg} receive in state think, stop

=INFO REPORT==== 10-Dec-2019::11:49:11 ===
           ts_client:(3:<0.10288.0>) Error: Unknown msg {#Ref<0.3469923221.3686531077.198540>,
                                                         badarg} receive in state think, stop

=INFO REPORT==== 10-Dec-2019::11:49:11 ===
           ts_client:(5:<0.10288.0>) Pending transactions: [{tr_Authenticate_User,
                                                             -576460284619928699}], compute transaction time

=INFO REPORT==== 10-Dec-2019::11:49:11 ===
           ts_client:(3:<0.10238.0>) Error: Unknown msg {#Ref<0.3469923221.3686531075.219920>,
                                                         badarg} receive in state think, stop

=INFO REPORT==== 10-Dec-2019::11:49:11 ===
           ts_client:(3:<0.10492.0>) Error: Unknown msg {#Ref<0.3469923221.3686793218.46394>,
                                                         badarg} receive in state think, stop

=INFO REPORT==== 10-Dec-2019::11:49:12 ===
           ts_client:(3:<0.10534.0>) Error: Unknown msg {#Ref<0.3469923221.3686531076.179095>,
                                                         badarg} receive in state think, stop

=INFO REPORT==== 10-Dec-2019::11:49:12 ===
           ts_client:(3:<0.7971.0>) Error: Unknown msg {#Ref<0.3469923221.3686531077.200103>,
                                                        badarg} receive in state think, stop

=INFO REPORT==== 10-Dec-2019::11:49:12 ===
           ts_client:(3:<0.8183.0>) Error: Unknown msg {#Ref<0.3469923221.3686531075.223020>,
                                                        badarg} receive in state think, stop

=INFO REPORT==== 10-Dec-2019::11:49:12 ===
           ts_client:(3:<0.10275.0>) Error: Unknown msg {#Ref<0.3469923221.3686793218.50581>,
                                                         badarg} receive in state think, stop

=INFO REPORT==== 10-Dec-2019::11:49:12 ===
           ts_client:(5:<0.10275.0>) Pending transactions: [{tr_Authenticate_User,
                                                             -576460284657878503}], compute transaction time

=INFO REPORT==== 10-Dec-2019::11:49:13 ===
           ts_client:(3:<0.9998.0>) Error: Unknown msg {#Ref<0.3469923221.3686793218.52873>,
                                                        badarg} receive in state think, stop

=INFO REPORT==== 10-Dec-2019::11:49:13 ===
           ts_client:(5:<0.9998.0>) Pending transactions: [{tr_Authenticate_User,
                                                            -576460285305966205}], compute transaction time

=INFO REPORT==== 10-Dec-2019::11:49:13 ===
           ts_client:(3:<0.9659.0>) Error: Unknown msg {#Ref<0.3469923221.3686531075.227792>,
                                                        badarg} receive in state think, stop

=INFO REPORT==== 10-Dec-2019::11:49:13 ===
           ts_client:(5:<0.9659.0>) Pending transactions: [{tr_Authenticate_User,
                                                            -576460282667837573}], compute transaction time

=INFO REPORT==== 10-Dec-2019::11:49:14 ===
           ts_client:(3:<0.11449.0>) Error: Unknown msg {#Ref<0.3469923221.3686531084.149134>,
                                                         badarg} receive in state think, stop

=INFO REPORT==== 10-Dec-2019::11:49:14 ===
           ts_client:(3:<0.11003.0>) Error: Unknown msg {#Ref<0.3469923221.3686793217.156263>,
                                                         badarg} receive in state think, stop

=INFO REPORT==== 10-Dec-2019::11:49:14 ===
           ts_client:(3:<0.7940.0>) Error: Unknown msg {#Ref<0.3469923221.3686793217.156524>,
                                                        badarg} receive in state think, stop

=INFO REPORT==== 10-Dec-2019::11:49:14 ===
           ts_client:(3:<0.7765.0>) Error: Unknown msg {#Ref<0.3469923221.3686793218.57387>,
                                                        badarg} receive in state think, stop

=INFO REPORT==== 10-Dec-2019::11:49:14 ===
           ts_client:(3:<0.11371.0>) Error: Unknown msg {#Ref<0.3469923221.3686793217.157648>,
                                                         badarg} receive in state think, stop

=INFO REPORT==== 10-Dec-2019::11:49:14 ===
           ts_client:(5:<0.11371.0>) Pending transactions: [{tr_Authenticate_User,
                                                             -576460280633447992}], compute transaction time

=INFO REPORT==== 10-Dec-2019::11:49:14 ===
           ts_client:(3:<0.12119.0>) Error: Unknown msg {#Ref<0.3469923221.3686793218.58298>,
                                                         badarg} receive in state think, stop

=INFO REPORT==== 10-Dec-2019::11:49:15 ===
           ts_client:(3:<0.10506.0>) Error: Unknown msg {#Ref<0.3469923221.3686793217.160145>,
                                                         badarg} receive in state think, stop

=INFO REPORT==== 10-Dec-2019::11:49:15 ===
           ts_client:(5:<0.10506.0>) Pending transactions: [{tr_Authenticate_User,
                                                             -576460279881987748}], compute transaction time

=INFO REPORT==== 10-Dec-2019::11:49:15 ===
           ts_search:(3:<0.10643.0>) Page couldn't be parsed:(error:{badmatch,
                                                                     []}) 
 Page:<<>>

=INFO REPORT==== 10-Dec-2019::11:49:15 ===
           ts_search:(3:<0.10643.0>) Couldn't execute XPath: page not parsed (varname=authenticity_token)

=INFO REPORT==== 10-Dec-2019::11:49:15 ===
           ts_client:(3:<0.12506.0>) Error: Unknown msg {#Ref<0.3469923221.3686793218.60343>,
                                                         badarg} receive in state think, stop

=INFO REPORT==== 10-Dec-2019::11:49:15 ===
           ts_search:(5:<0.10643.0>) Dyn Var (RE): no Match (varname=redirect_post), 

=INFO REPORT==== 10-Dec-2019::11:49:15 ===
           ts_client:(3:<0.12249.0>) Error: Unknown msg {#Ref<0.3469923221.3686531076.190818>,
                                                         badarg} receive in state think, stop

=INFO REPORT==== 10-Dec-2019::11:49:15 ===
           ts_client:(5:<0.12249.0>) Pending transactions: [{tr_Authenticate_User,
                                                             -576460279078904196}], compute transaction time

=INFO REPORT==== 10-Dec-2019::11:49:15 ===
           ts_client:(3:<0.10738.0>) Error: Unknown msg {#Ref<0.3469923221.3686793217.161954>,
                                                         badarg} receive in state think, stop

=INFO REPORT==== 10-Dec-2019::11:49:16 ===
           ts_client:(3:<0.8243.0>) Error: Unknown msg {#Ref<0.3469923221.3686531076.191593>,
                                                        badarg} receive in state think, stop

=INFO REPORT==== 10-Dec-2019::11:49:16 ===
           ts_client:(3:<0.12896.0>) Error: Unknown msg {#Ref<0.3469923221.3686531075.237052>,
                                                         badarg} receive in state think, stop

=INFO REPORT==== 10-Dec-2019::11:49:16 ===
           ts_client:(5:<0.12896.0>) Pending transactions: [{tr_Authenticate_User,
                                                             -576460278553932028}], compute transaction time

=INFO REPORT==== 10-Dec-2019::11:49:16 ===
           ts_client:(3:<0.12550.0>) Error: Unknown msg {#Ref<0.3469923221.3686531076.192248>,
                                                         badarg} receive in state think, stop

=INFO REPORT==== 10-Dec-2019::11:49:16 ===
           ts_client:(3:<0.10807.0>) Error: Unknown msg {#Ref<0.3469923221.3686793217.163945>,
                                                         badarg} receive in state think, stop

=INFO REPORT==== 10-Dec-2019::11:49:16 ===
           ts_client:(3:<0.7808.0>) Error: Unknown msg {#Ref<0.3469923221.3686531084.150303>,
                                                        badarg} receive in state think, stop

=INFO REPORT==== 10-Dec-2019::11:49:16 ===
           ts_client:(5:<0.7808.0>) Pending transactions: [{tr_Authenticate_User,
                                                            -576460281748920072}], compute transaction time

=INFO REPORT==== 10-Dec-2019::11:49:16 ===
           ts_client:(3:<0.12496.0>) Error: Unknown msg {#Ref<0.3469923221.3686531075.238470>,
                                                         badarg} receive in state think, stop

=INFO REPORT==== 10-Dec-2019::11:49:16 ===
           ts_client:(5:<0.12496.0>) Pending transactions: [{tr_Authenticate_User,
                                                             -576460278173934159}], compute transaction time

=INFO REPORT==== 10-Dec-2019::11:49:16 ===
           ts_client:(3:<0.8731.0>) Error: Unknown msg {#Ref<0.3469923221.3686531077.215756>,
                                                        badarg} receive in state think, stop

=INFO REPORT==== 10-Dec-2019::11:49:16 ===
           ts_client:(3:<0.11056.0>) Error: Unknown msg {#Ref<0.3469923221.3686531088.148082>,
                                                         badarg} receive in state think, stop

=INFO REPORT==== 10-Dec-2019::11:49:17 ===
           ts_client:(3:<0.10833.0>) Error: Unknown msg {#Ref<0.3469923221.3686531079.150714>,
                                                         badarg} receive in state think, stop

=INFO REPORT==== 10-Dec-2019::11:49:17 ===
           ts_client:(5:<0.10833.0>) Pending transactions: [{tr_Authenticate_User,
                                                             -576460277793954892}], compute transaction time

=INFO REPORT==== 10-Dec-2019::11:49:17 ===
           ts_client:(3:<0.8333.0>) Error: Unknown msg {#Ref<0.3469923221.3686793218.65300>,
                                                        badarg} receive in state think, stop

=INFO REPORT==== 10-Dec-2019::11:49:17 ===
           ts_search:(3:<0.9216.0>) Page couldn't be parsed:(error:{badmatch,
                                                                    []}) 
 Page:<<>>

=INFO REPORT==== 10-Dec-2019::11:49:17 ===
           ts_search:(3:<0.9216.0>) Couldn't execute XPath: page not parsed (varname=first_comment_path)

=INFO REPORT==== 10-Dec-2019::11:49:17 ===
           ts_search:(3:<0.9216.0>) Couldn't execute XPath: page not parsed (varname=authenticity_token)

=INFO REPORT==== 10-Dec-2019::11:49:17 ===
           ts_client:(5:<0.9216.0>) Stop in state wait_ack, reason= {{badmatch,
                                                                      false},
                                                                     [{erl_eval,
                                                                       expr,3,
                                                                       []}]}

=INFO REPORT==== 10-Dec-2019::11:49:17 ===
           ts_client:(5:<0.9216.0>) Pending transactions: [{tr_Redirect_To_Post,
                                                            -576460276813916604}], compute transaction time

=ERROR REPORT==== 10-Dec-2019::11:49:17 ===
** State machine <0.9216.0> terminating 
** Last message in was {tcp_closed,#Port<0.11832>}
** When State == wait_ack
**      Data  == {state_rcv,#Port<0.11832>,
                  {{0,0,0,0},0},
                  undefined,0,10000,
                  "jnlai-optConvos-m524xlarge-m524xlarge.3hfpeaqsam.us-west-2.elasticbeanstalk.com",
                  80,ts_tcp,
                  {proto_opts,negotiate,negotiate,"/http-bind/",false,false,
                   false,"/chat","binary",[],10,3,600000,infinity,2000,32768,
                   32768,32768,32768,[],true,false},
                  false,4,
                  {ts_request,parse,true,[],
                   [{xpath,first_comment_path,
                     {path,abs,
                      {refine,
                       {refine,
                        {refine,
                         {refine,
                          {refine,
                           {refine,
                            {refine,
                             {step,{child,{name,{<<"html">>,[],"html"}},[]}},
                             {step,{child,{name,{<<"body">>,[],"body"}},[]}}},
                            {step,
                             {child,
                              {name,{<<"div">>,[],"div"}},
                              [{pred,{number,2}}]}}},
                           {step,
                            {child,
                             {name,{<<"div">>,[],"div"}},
                             [{pred,{number,2}}]}}},
                          {step,
                           {child,
                            {name,{<<"div">>,[],"div"}},
                            [{pred,{number,1}}]}}},
                         {step,
                          {child,
                           {name,{<<"div">>,[],"div"}},
                           [{pred,{number,2}}]}}},
                        {step,{child,{name,{<<"form">>,[],"form"}},[]}}},
                       {step,
                        {attribute,{name,{<<"action">>,[],"action"}},[]}}}}},
                    {xpath,authenticity_token,
                     {path,abs,
                      {refine,
                       {refine,
                        {refine,
                         {step,{child,{name,{<<"html">>,[],"html"}},[]}},
                         {step,{child,{name,{<<"head">>,[],"head"}},[]}}},
                        {step,
                         {child,
                          {name,{<<"meta">>,[],"meta"}},
                          [{pred,
                            {comp,'=',
                             {path,rel,
                              {step,
                               {attribute,{name,{<<"name">>,[],"name"}},[]}}},
                             {literal,<<"csrf-token">>}}}]}}},
                       {step,
                        {attribute,
                         {name,{<<"content">>,[],"content"}},
                         []}}}}}],
                   {http_request,"/posts/%%_random_post_id%%","1.1",
                    "jnlai-optConvos-m524xlarge-m524xlarge.3hfpeaqsam.us-west-2.elasticbeanstalk.com",
                    undefined,[],get,"application/x-www-form-urlencoded",[],
                    <<>>,0,undefined,undefined,undefined,undefined,undefined,
                    undefined,undefined,undefined,undefined,undefined,
                    undefined,undefined,undefined,undefined,undefined,[],
                    false},
                   true,undefined,undefined,undefined},
                  true,-576460276813843543,-576460286977881798,11,37,false,
                  -576460276813843543,-576460276813843543,[],<<>>,
                  {http,0,0,-2,
                   {none,302},
                   false,false,
                   {false,false},
                   [],"tsung",
                   [{cookie,"_myapp_session",
                     "pryKvonxuIG0aUpbVb5%2FwXyqGueXx9xeeuvbHRCiF885T9pHMd7QLe2wCPDu9qWkBsduNzAcluR1S4RpyPcz8JhDzG2kGVSupICO%2F9QQFh25PopM3xiYi5gmKXHsFKH47xqtOYDnf%2FAn2bXnSYVtqlc79H%2BddU4gr1D3svcPHBnn%2BRtys3chSmxnJbTLvUIhZU5Kj4BcwzXuDdTd21ASimbWa%2FUqbLZLfA%2FNjsRSDEeMF2%2FYqmq9LUe0HayLp42RDukpYg0xEW8NeBSMQv%2BCN6f5zodYwJx5%2BHQ%2F7ZHy28dHkwDbfgoJzbvawKk7rtA0wpu3K2JRXUzSu%2BsLD6Y%3D--VgzcGW0FcVeJTxan--DlDKxqqJwsjPFHOQNoglow%3D%3D",
                     undefined,undefined,undefined,undefined,
                     ".jnlai-optConvos-m524xlarge-m524xlarge.3hfpeaqsam.us-west-2.elasticbeanstalk.com",
                     undefined,undefined,"/",undefined,undefined,undefined}]},
                  0,8991,524288,524288,
                  [{redirect_post,
                    <<"http://jnlai-optconvos-m524xlarge-m524xlarge.3hfpeaqsam.us-west-2.elasticbeanstalk.com/">>},
                   {authenticity_token,
                    "F6VY9Yi9zRupKs1Kaj2S6A0dlBIzo/JVoQAqtFFreoTzigJgyFamcH/XrcUufTSePP4E04j%2B3L/jcyqqlfYGWw=="},
                   {random_post_id,31},
                   {rnd_user,<<"ilypgxwxbxnyd">>},
                   {rnd_email,<<"sntxlsmyuppmi">>},
                   {tsung_userid,8991}],
                  ts_http,
                  [{tr_Redirect_To_Post,-576460276813916604}],
                  undefined,none}
** Reason for termination = 
** {{badmatch,false},[{erl_eval,expr,3,[]}]}

=INFO REPORT==== 10-Dec-2019::11:49:17 ===
           ts_client:(3:<0.8895.0>) Error: Unknown msg {#Ref<0.3469923221.3686531077.216816>,
                                                        badarg} receive in state think, stop

=INFO REPORT==== 10-Dec-2019::11:49:17 ===
           ts_client:(3:<0.7772.0>) Error: Unknown msg {#Ref<0.3469923221.3686793217.166371>,
                                                        badarg} receive in state think, stop

=INFO REPORT==== 10-Dec-2019::11:49:17 ===
           ts_search:(5:<0.11832.0>) Dyn Var: no Match (varname=authenticity_token), 

=INFO REPORT==== 10-Dec-2019::11:49:17 ===
           ts_search:(5:<0.9287.0>) Dyn Var: no Match (varname=authenticity_token), 

=INFO REPORT==== 10-Dec-2019::11:49:17 ===
           ts_search:(5:<0.9287.0>) Dyn Var (RE): no Match (varname=redirect_post), 

=INFO REPORT==== 10-Dec-2019::11:49:17 ===
           ts_search:(5:<0.12973.0>) Dyn Var (RE): no Match (varname=authenticity_token), 

=INFO REPORT==== 10-Dec-2019::11:49:17 ===
           ts_search:(5:<0.9340.0>) Dyn Var (RE): no Match (varname=redirect_post), 

=INFO REPORT==== 10-Dec-2019::11:49:17 ===
           ts_search:(5:<0.13504.0>) Dyn Var (RE): no Match (varname=authenticity_token), 

=INFO REPORT==== 10-Dec-2019::11:49:17 ===
           ts_search:(5:<0.9024.0>) Dyn Var: no Match (varname=authenticity_token), 

=INFO REPORT==== 10-Dec-2019::11:49:17 ===
           ts_search:(5:<0.14288.0>) Dyn Var (RE): no Match (varname=authenticity_token), 

=INFO REPORT==== 10-Dec-2019::11:49:17 ===
           ts_search:(5:<0.13809.0>) Dyn Var (RE): no Match (varname=authenticity_token), 

=INFO REPORT==== 10-Dec-2019::11:49:17 ===
           ts_search:(5:<0.13990.0>) Dyn Var (RE): no Match (varname=authenticity_token), 

=INFO REPORT==== 10-Dec-2019::11:49:17 ===
           ts_search:(5:<0.14307.0>) Dyn Var (RE): no Match (varname=authenticity_token), 

=INFO REPORT==== 10-Dec-2019::11:49:17 ===
           ts_search:(5:<0.13242.0>) Dyn Var (RE): no Match (varname=authenticity_token), 

=INFO REPORT==== 10-Dec-2019::11:49:17 ===
           ts_search:(5:<0.12883.0>) Dyn Var (RE): no Match (varname=authenticity_token), 

=INFO REPORT==== 10-Dec-2019::11:49:17 ===
           ts_search:(5:<0.12492.0>) Dyn Var (RE): no Match (varname=authenticity_token), 

=INFO REPORT==== 10-Dec-2019::11:49:17 ===
           ts_search:(5:<0.8366.0>) Dyn Var (RE): no Match (varname=post_id), 

=INFO REPORT==== 10-Dec-2019::11:49:17 ===
           ts_search:(5:<0.14312.0>) Dyn Var (RE): no Match (varname=authenticity_token), 

=INFO REPORT==== 10-Dec-2019::11:49:17 ===
           ts_search:(5:<0.13700.0>) Dyn Var (RE): no Match (varname=authenticity_token), 

=INFO REPORT==== 10-Dec-2019::11:49:17 ===
           ts_search:(5:<0.14317.0>) Dyn Var (RE): no Match (varname=authenticity_token), 

=INFO REPORT==== 10-Dec-2019::11:49:17 ===
           ts_search:(5:<0.13585.0>) Dyn Var (RE): no Match (varname=authenticity_token), 

=INFO REPORT==== 10-Dec-2019::11:49:17 ===
           ts_search:(5:<0.9455.0>) Dyn Var (RE): no Match (varname=book_id), 

=INFO REPORT==== 10-Dec-2019::11:49:17 ===
           ts_search:(5:<0.9443.0>) Dyn Var: no Match (varname=authenticity_token), 

=INFO REPORT==== 10-Dec-2019::11:49:17 ===
           ts_search:(5:<0.9443.0>) Dyn Var (RE): no Match (varname=redirect_post), 

=INFO REPORT==== 10-Dec-2019::11:49:17 ===
           ts_client:(3:<0.13360.0>) Error: Unknown msg {#Ref<0.3469923221.3686531075.240596>,
                                                         badarg} receive in state think, stop

=INFO REPORT==== 10-Dec-2019::11:49:17 ===
           ts_client:(5:<0.13360.0>) Pending transactions: [{tr_Authenticate_User,
                                                             -576460277180926995}], compute transaction time

=INFO REPORT==== 10-Dec-2019::11:49:17 ===
           ts_client:(3:<0.13664.0>) Error: Unknown msg {#Ref<0.3469923221.3686531076.196051>,
                                                         badarg} receive in state think, stop

=INFO REPORT==== 10-Dec-2019::11:49:17 ===
           ts_client:(5:<0.13664.0>) Pending transactions: [{tr_Authenticate_User,
                                                             -576460277891936627}], compute transaction time

=INFO REPORT==== 10-Dec-2019::11:49:17 ===
           ts_search:(5:<0.11293.0>) Dyn Var: no Match (varname=authenticity_token), 

=INFO REPORT==== 10-Dec-2019::11:49:17 ===
           ts_client:(3:<0.13068.0>) Error: Unknown msg {#Ref<0.3469923221.3686793217.167244>,
                                                         badarg} receive in state think, stop

=INFO REPORT==== 10-Dec-2019::11:49:17 ===
           ts_client:(5:<0.13068.0>) Pending transactions: [{tr_Authenticate_User,
                                                             -576460276989821936}], compute transaction time

=INFO REPORT==== 10-Dec-2019::11:49:17 ===
           ts_search:(5:<0.13660.0>) Dyn Var (RE): no Match (varname=authenticity_token), 

=INFO REPORT==== 10-Dec-2019::11:49:17 ===
           ts_search:(5:<0.9361.0>) Dyn Var: no Match (varname=authenticity_token), 

=INFO REPORT==== 10-Dec-2019::11:49:17 ===
           ts_search:(5:<0.14399.0>) Dyn Var (RE): no Match (varname=authenticity_token), 

=INFO REPORT==== 10-Dec-2019::11:49:17 ===
           ts_search:(5:<0.14422.0>) Dyn Var (RE): no Match (varname=authenticity_token), 

=INFO REPORT==== 10-Dec-2019::11:49:17 ===
           ts_search:(5:<0.9594.0>) Dyn Var (RE): no Match (varname=redirect_post), 

=INFO REPORT==== 10-Dec-2019::11:49:17 ===
           ts_search:(5:<0.13023.0>) Dyn Var (RE): no Match (varname=authenticity_token), 

=INFO REPORT==== 10-Dec-2019::11:49:17 ===
           ts_client:(3:<0.13813.0>) Error: Unknown msg {#Ref<0.3469923221.3686793218.67656>,
                                                         badarg} receive in state think, stop

=INFO REPORT==== 10-Dec-2019::11:49:17 ===
           ts_search:(5:<0.10464.0>) Dyn Var (RE): no Match (varname=authenticity_token), 

=INFO REPORT==== 10-Dec-2019::11:49:17 ===
           ts_search:(5:<0.12233.0>) Dyn Var (RE): no Match (varname=authenticity_token), 

=INFO REPORT==== 10-Dec-2019::11:49:17 ===
           ts_search:(5:<0.12633.0>) Dyn Var (RE): no Match (varname=authenticity_token), 

=INFO REPORT==== 10-Dec-2019::11:49:17 ===
           ts_search:(5:<0.12199.0>) Dyn Var (RE): no Match (varname=authenticity_token), 

=INFO REPORT==== 10-Dec-2019::11:49:17 ===
           ts_search:(5:<0.13701.0>) Dyn Var (RE): no Match (varname=authenticity_token), 

=INFO REPORT==== 10-Dec-2019::11:49:17 ===
           ts_search:(5:<0.14537.0>) Dyn Var (RE): no Match (varname=authenticity_token), 

=INFO REPORT==== 10-Dec-2019::11:49:17 ===
           ts_search:(5:<0.8493.0>) Dyn Var (RE): no Match (varname=redirect_post), 

=INFO REPORT==== 10-Dec-2019::11:49:17 ===
           ts_search:(5:<0.12353.0>) Dyn Var (RE): no Match (varname=authenticity_token), 

=INFO REPORT==== 10-Dec-2019::11:49:17 ===
           ts_search:(5:<0.7646.0>) Dyn Var: no Match (varname=first_comment_path), 

=INFO REPORT==== 10-Dec-2019::11:49:17 ===
           ts_search:(5:<0.7646.0>) Dyn Var: no Match (varname=authenticity_token), 

=INFO REPORT==== 10-Dec-2019::11:49:17 ===
           ts_search:(5:<0.14557.0>) Dyn Var (RE): no Match (varname=authenticity_token), 

=INFO REPORT==== 10-Dec-2019::11:49:17 ===
           ts_search:(5:<0.14562.0>) Dyn Var (RE): no Match (varname=authenticity_token), 

=INFO REPORT==== 10-Dec-2019::11:49:17 ===
           ts_search:(5:<0.14564.0>) Dyn Var (RE): no Match (varname=authenticity_token), 

=INFO REPORT==== 10-Dec-2019::11:49:17 ===
           ts_search:(5:<0.12158.0>) Dyn Var (RE): no Match (varname=authenticity_token), 

=INFO REPORT==== 10-Dec-2019::11:49:17 ===
           ts_search:(5:<0.14558.0>) Dyn Var (RE): no Match (varname=authenticity_token), 

=INFO REPORT==== 10-Dec-2019::11:49:17 ===
           ts_search:(5:<0.13900.0>) Dyn Var (RE): no Match (varname=authenticity_token), 

=INFO REPORT==== 10-Dec-2019::11:49:17 ===
           ts_search:(5:<0.14591.0>) Dyn Var (RE): no Match (varname=authenticity_token), 

=INFO REPORT==== 10-Dec-2019::11:49:17 ===
           ts_search:(5:<0.7507.0>) Dyn Var (RE): no Match (varname=post_id), 

=INFO REPORT==== 10-Dec-2019::11:49:17 ===
           ts_search:(5:<0.14597.0>) Dyn Var (RE): no Match (varname=authenticity_token), 

=INFO REPORT==== 10-Dec-2019::11:49:17 ===
           ts_client:(3:<0.7722.0>) Error: Unknown msg {#Ref<0.3469923221.3686531092.150230>,
                                                        badarg} receive in state think, stop

=INFO REPORT==== 10-Dec-2019::11:49:17 ===
           ts_search:(5:<0.14599.0>) Dyn Var (RE): no Match (varname=authenticity_token), 

=INFO REPORT==== 10-Dec-2019::11:49:17 ===
           ts_client:(3:<0.9913.0>) Error: Unknown msg {#Ref<0.3469923221.3686793218.68664>,
                                                        badarg} receive in state think, stop

=INFO REPORT==== 10-Dec-2019::11:49:17 ===
           ts_search:(5:<0.13853.0>) Dyn Var (RE): no Match (varname=authenticity_token), 

=INFO REPORT==== 10-Dec-2019::11:49:17 ===
           ts_search:(5:<0.14600.0>) Dyn Var (RE): no Match (varname=authenticity_token), 

=INFO REPORT==== 10-Dec-2019::11:49:17 ===
           ts_search:(5:<0.13109.0>) Dyn Var (RE): no Match (varname=authenticity_token), 

=INFO REPORT==== 10-Dec-2019::11:49:17 ===
           ts_search:(5:<0.11519.0>) Dyn Var (RE): no Match (varname=authenticity_token), 

=INFO REPORT==== 10-Dec-2019::11:49:17 ===
           ts_search:(5:<0.13816.0>) Dyn Var (RE): no Match (varname=authenticity_token), 

=INFO REPORT==== 10-Dec-2019::11:49:17 ===
           ts_search:(5:<0.7542.0>) Dyn Var (RE): no Match (varname=authenticity_token), 

=INFO REPORT==== 10-Dec-2019::11:49:17 ===
           ts_search:(5:<0.12574.0>) Dyn Var (RE): no Match (varname=authenticity_token), 

=INFO REPORT==== 10-Dec-2019::11:49:17 ===
           ts_search:(5:<0.14614.0>) Dyn Var (RE): no Match (varname=authenticity_token), 

=INFO REPORT==== 10-Dec-2019::11:49:18 ===
           ts_client:(3:<0.8253.0>) Error: Unknown msg {#Ref<0.3469923221.3686531075.242738>,
                                                        badarg} receive in state think, stop

=INFO REPORT==== 10-Dec-2019::11:49:18 ===
           ts_search:(5:<0.8356.0>) Dyn Var (RE): no Match (varname=authenticity_token), 

=INFO REPORT==== 10-Dec-2019::11:49:18 ===
           ts_search:(5:<0.11293.0>) Dyn Var (RE): no Match (varname=redirect_post), 

=INFO REPORT==== 10-Dec-2019::11:49:18 ===
           ts_client:(3:<0.10000.0>) Error: Unknown msg {#Ref<0.3469923221.3686793217.169677>,
                                                         badarg} receive in state think, stop

=INFO REPORT==== 10-Dec-2019::11:49:18 ===
           ts_client:(3:<0.9285.0>) Error: Unknown msg {#Ref<0.3469923221.3686531075.243214>,
                                                        badarg} receive in state think, stop

=INFO REPORT==== 10-Dec-2019::11:49:18 ===
           ts_client:(3:<0.10037.0>) Error: Unknown msg {#Ref<0.3469923221.3686793218.69570>,
                                                         badarg} receive in state think, stop

=INFO REPORT==== 10-Dec-2019::11:49:18 ===
           ts_client:(5:<0.10037.0>) Pending transactions: [{tr_Authenticate_User,
                                                             -576460279064965867}], compute transaction time

=INFO REPORT==== 10-Dec-2019::11:49:18 ===
         ts_launcher:(5:<0.155.0>) Phase duration exceeded, but not all users were launched (419 users, 5.5% of phase)

=INFO REPORT==== 10-Dec-2019::11:49:18 ===
         ts_launcher:(5:<0.155.0>) This was the last phase, wait for connected users to finish their session

=INFO REPORT==== 10-Dec-2019::11:49:18 ===
     ts_launcher_mgr:(5:<0.149.0>) Still 6964 active client(s)

=INFO REPORT==== 10-Dec-2019::11:49:18 ===
           ts_search:(5:<0.8826.0>) Dyn Var (RE): no Match (varname=authenticity_token), 

=INFO REPORT==== 10-Dec-2019::11:49:18 ===
           ts_search:(5:<0.14468.0>) Dyn Var (RE): no Match (varname=authenticity_token), 

=INFO REPORT==== 10-Dec-2019::11:49:18 ===
           ts_client:(3:<0.13740.0>) Error: Unknown msg {#Ref<0.3469923221.3686531077.220375>,
                                                         badarg} receive in state think, stop

=INFO REPORT==== 10-Dec-2019::11:49:18 ===
           ts_client:(3:<0.9875.0>) Error: Unknown msg {#Ref<0.3469923221.3686793217.169824>,
                                                        badarg} receive in state think, stop

=INFO REPORT==== 10-Dec-2019::11:49:18 ===
           ts_search:(5:<0.11832.0>) Dyn Var (RE): no Match (varname=redirect_post), 

=INFO REPORT==== 10-Dec-2019::11:49:18 ===
           ts_search:(5:<0.8500.0>) Dyn Var: no Match (varname=first_comment_path), 

=INFO REPORT==== 10-Dec-2019::11:49:18 ===
           ts_search:(5:<0.8500.0>) Dyn Var: no Match (varname=authenticity_token), 

=INFO REPORT==== 10-Dec-2019::11:49:18 ===
           ts_search:(5:<0.8493.0>) Dyn Var: no Match (varname=first_comment_path), 

=INFO REPORT==== 10-Dec-2019::11:49:18 ===
           ts_search:(5:<0.8493.0>) Dyn Var: no Match (varname=authenticity_token), 

=INFO REPORT==== 10-Dec-2019::11:49:18 ===
           ts_search:(5:<0.14303.0>) Dyn Var (RE): no Match (varname=authenticity_token), 

=INFO REPORT==== 10-Dec-2019::11:49:18 ===
           ts_search:(5:<0.14393.0>) Dyn Var (RE): no Match (varname=authenticity_token), 

=INFO REPORT==== 10-Dec-2019::11:49:18 ===
           ts_search:(5:<0.11386.0>) Dyn Var (RE): no Match (varname=book_id), 

=INFO REPORT==== 10-Dec-2019::11:49:18 ===
           ts_search:(5:<0.11917.0>) Dyn Var: no Match (varname=authenticity_token), 

=INFO REPORT==== 10-Dec-2019::11:49:18 ===
           ts_search:(5:<0.14306.0>) Dyn Var (RE): no Match (varname=authenticity_token), 

=INFO REPORT==== 10-Dec-2019::11:49:18 ===
           ts_search:(5:<0.10955.0>) Dyn Var (RE): no Match (varname=redirect_post), 

=INFO REPORT==== 10-Dec-2019::11:49:18 ===
           ts_search:(5:<0.7997.0>) Dyn Var (RE): no Match (varname=authenticity_token), 

=INFO REPORT==== 10-Dec-2019::11:49:18 ===
           ts_search:(5:<0.11473.0>) Dyn Var (RE): no Match (varname=authenticity_token), 

=INFO REPORT==== 10-Dec-2019::11:49:18 ===
           ts_search:(5:<0.8581.0>) Dyn Var (RE): no Match (varname=book_id), 

=INFO REPORT==== 10-Dec-2019::11:49:18 ===
           ts_search:(5:<0.10472.0>) Dyn Var (RE): no Match (varname=authenticity_token), 

=INFO REPORT==== 10-Dec-2019::11:49:18 ===
           ts_search:(5:<0.9024.0>) Dyn Var (RE): no Match (varname=redirect_post), 

=INFO REPORT==== 10-Dec-2019::11:49:18 ===
           ts_search:(5:<0.14383.0>) Dyn Var (RE): no Match (varname=authenticity_token), 

=INFO REPORT==== 10-Dec-2019::11:49:18 ===
           ts_search:(5:<0.11462.0>) Dyn Var: no Match (varname=authenticity_token), 

=INFO REPORT==== 10-Dec-2019::11:49:18 ===
           ts_search:(5:<0.11462.0>) Dyn Var (RE): no Match (varname=redirect_post), 

=INFO REPORT==== 10-Dec-2019::11:49:18 ===
           ts_search:(5:<0.13873.0>) Dyn Var (RE): no Match (varname=authenticity_token), 

=INFO REPORT==== 10-Dec-2019::11:49:18 ===
           ts_search:(5:<0.13831.0>) Dyn Var (RE): no Match (varname=authenticity_token), 

=INFO REPORT==== 10-Dec-2019::11:49:18 ===
           ts_search:(5:<0.13438.0>) Dyn Var (RE): no Match (varname=authenticity_token), 

=INFO REPORT==== 10-Dec-2019::11:49:18 ===
           ts_search:(5:<0.7634.0>) Dyn Var: no Match (varname=first_comment_path), 

=INFO REPORT==== 10-Dec-2019::11:49:18 ===
           ts_search:(5:<0.7634.0>) Dyn Var: no Match (varname=authenticity_token), 

=INFO REPORT==== 10-Dec-2019::11:49:18 ===
           ts_search:(5:<0.11516.0>) Dyn Var: no Match (varname=authenticity_token), 

=INFO REPORT==== 10-Dec-2019::11:49:18 ===
           ts_search:(5:<0.13928.0>) Dyn Var (RE): no Match (varname=authenticity_token), 

=INFO REPORT==== 10-Dec-2019::11:49:18 ===
           ts_search:(5:<0.8801.0>) Dyn Var (RE): no Match (varname=authenticity_token), 

=INFO REPORT==== 10-Dec-2019::11:49:18 ===
           ts_search:(5:<0.11279.0>) Dyn Var (RE): no Match (varname=authenticity_token), 

=INFO REPORT==== 10-Dec-2019::11:49:18 ===
           ts_search:(5:<0.14464.0>) Dyn Var (RE): no Match (varname=authenticity_token), 

=INFO REPORT==== 10-Dec-2019::11:49:18 ===
           ts_search:(5:<0.9947.0>) Dyn Var: no Match (varname=authenticity_token), 

=INFO REPORT==== 10-Dec-2019::11:49:18 ===
           ts_search:(5:<0.9947.0>) Dyn Var (RE): no Match (varname=redirect_post), 

=INFO REPORT==== 10-Dec-2019::11:49:18 ===
           ts_search:(5:<0.8974.0>) Dyn Var (RE): no Match (varname=authenticity_token), 

=INFO REPORT==== 10-Dec-2019::11:49:18 ===
           ts_search:(5:<0.11307.0>) Dyn Var (RE): no Match (varname=authenticity_token), 

=INFO REPORT==== 10-Dec-2019::11:49:19 ===
           ts_client:(3:<0.8507.0>) Error: Unknown msg {#Ref<0.3469923221.3686531075.245156>,
                                                        badarg} receive in state think, stop

=INFO REPORT==== 10-Dec-2019::11:49:19 ===
           ts_client:(3:<0.11400.0>) Error: Unknown msg {#Ref<0.3469923221.3686531082.148561>,
                                                         badarg} receive in state think, stop

=INFO REPORT==== 10-Dec-2019::11:49:19 ===
           ts_search:(5:<0.11917.0>) Dyn Var (RE): no Match (varname=redirect_post), 

=INFO REPORT==== 10-Dec-2019::11:49:19 ===
           ts_search:(5:<0.9361.0>) Dyn Var (RE): no Match (varname=redirect_post), 

=INFO REPORT==== 10-Dec-2019::11:49:19 ===
           ts_search:(5:<0.12199.0>) Dyn Var (RE): no Match (varname=book_id), 

=INFO REPORT==== 10-Dec-2019::11:49:19 ===
           ts_client:(3:<0.13168.0>) Error: Unknown msg {#Ref<0.3469923221.3686531079.152506>,
                                                         badarg} receive in state think, stop

=INFO REPORT==== 10-Dec-2019::11:49:19 ===
           ts_client:(3:<0.10659.0>) Error: Unknown msg {#Ref<0.3469923221.3686531075.245924>,
                                                         badarg} receive in state think, stop

=INFO REPORT==== 10-Dec-2019::11:49:19 ===
           ts_client:(5:<0.10659.0>) Pending transactions: [{tr_Authenticate_User,
                                                             -576460279781917462}], compute transaction time

=INFO REPORT==== 10-Dec-2019::11:49:19 ===
           ts_client:(3:<0.8437.0>) Error: Unknown msg {#Ref<0.3469923221.3686531076.201186>,
                                                        badarg} receive in state think, stop

=INFO REPORT==== 10-Dec-2019::11:49:19 ===
           ts_client:(3:<0.12989.0>) Error: Unknown msg {#Ref<0.3469923221.3686531094.147864>,
                                                         badarg} receive in state think, stop

=INFO REPORT==== 10-Dec-2019::11:49:19 ===
           ts_client:(5:<0.12989.0>) Pending transactions: [{tr_Authenticate_User,
                                                             -576460276981963625}], compute transaction time

=INFO REPORT==== 10-Dec-2019::11:49:19 ===
           ts_client:(3:<0.14562.0>) Error: Unknown msg {#Ref<0.3469923221.3686531089.154796>,
                                                         badarg} receive in state think, stop

=INFO REPORT==== 10-Dec-2019::11:49:19 ===
           ts_client:(5:<0.14562.0>) Pending transactions: [{tr_Authenticate_User,
                                                             -576460275981898996}], compute transaction time

=INFO REPORT==== 10-Dec-2019::11:49:19 ===
           ts_search:(5:<0.11516.0>) Dyn Var (RE): no Match (varname=redirect_post), 

=INFO REPORT==== 10-Dec-2019::11:49:19 ===
           ts_client:(3:<0.12737.0>) Error: Unknown msg {#Ref<0.3469923221.3686793218.73770>,
                                                         badarg} receive in state think, stop

=INFO REPORT==== 10-Dec-2019::11:49:19 ===
           ts_client:(5:<0.12737.0>) Pending transactions: [{tr_Authenticate_User,
                                                             -576460279313984841}], compute transaction time

=INFO REPORT==== 10-Dec-2019::11:49:20 ===
           ts_client:(3:<0.13912.0>) Error: Unknown msg {#Ref<0.3469923221.3686793217.174192>,
                                                         badarg} receive in state think, stop

=INFO REPORT==== 10-Dec-2019::11:49:20 ===
           ts_client:(3:<0.14141.0>) Error: Unknown msg {#Ref<0.3469923221.3686531089.155653>,
                                                         badarg} receive in state think, stop

=INFO REPORT==== 10-Dec-2019::11:49:20 ===
           ts_client:(3:<0.9044.0>) Error: Unknown msg {#Ref<0.3469923221.3686531077.224556>,
                                                        badarg} receive in state think, stop

=INFO REPORT==== 10-Dec-2019::11:49:20 ===
           ts_client:(3:<0.13644.0>) Error: Unknown msg {#Ref<0.3469923221.3686531077.224930>,
                                                         badarg} receive in state think, stop

=INFO REPORT==== 10-Dec-2019::11:49:20 ===
           ts_search:(5:<0.9956.0>) Dyn Var (RE): no Match (varname=authenticity_token), 

=INFO REPORT==== 10-Dec-2019::11:49:20 ===
           ts_search:(5:<0.8265.0>) Dyn Var (RE): no Match (varname=authenticity_token), 

=INFO REPORT==== 10-Dec-2019::11:49:20 ===
           ts_search:(5:<0.12510.0>) Dyn Var: no Match (varname=authenticity_token), 

=INFO REPORT==== 10-Dec-2019::11:49:20 ===
           ts_search:(5:<0.13998.0>) Dyn Var (RE): no Match (varname=authenticity_token), 

=INFO REPORT==== 10-Dec-2019::11:49:20 ===
           ts_search:(5:<0.10666.0>) Dyn Var (RE): no Match (varname=authenticity_token), 

=INFO REPORT==== 10-Dec-2019::11:49:20 ===
           ts_search:(5:<0.9289.0>) Dyn Var (RE): no Match (varname=authenticity_token), 

=INFO REPORT==== 10-Dec-2019::11:49:20 ===
           ts_search:(5:<0.11237.0>) Dyn Var (RE): no Match (varname=authenticity_token), 

=INFO REPORT==== 10-Dec-2019::11:49:20 ===
           ts_search:(5:<0.12510.0>) Dyn Var (RE): no Match (varname=redirect_post), 

=INFO REPORT==== 10-Dec-2019::11:49:20 ===
           ts_search:(5:<0.11587.0>) Dyn Var: no Match (varname=authenticity_token), 

=INFO REPORT==== 10-Dec-2019::11:49:20 ===
           ts_search:(5:<0.11191.0>) Dyn Var (RE): no Match (varname=redirect_post), 

=INFO REPORT==== 10-Dec-2019::11:49:20 ===
           ts_search:(5:<0.11237.0>) Dyn Var (RE): no Match (varname=post_id), 

=INFO REPORT==== 10-Dec-2019::11:49:20 ===
           ts_search:(5:<0.11096.0>) Dyn Var (RE): no Match (varname=book_id), 

=INFO REPORT==== 10-Dec-2019::11:49:20 ===
           ts_search:(5:<0.13143.0>) Dyn Var (RE): no Match (varname=authenticity_token), 

=INFO REPORT==== 10-Dec-2019::11:49:20 ===
           ts_search:(5:<0.14267.0>) Dyn Var (RE): no Match (varname=authenticity_token), 

=INFO REPORT==== 10-Dec-2019::11:49:20 ===
           ts_search:(5:<0.9687.0>) Dyn Var (RE): no Match (varname=authenticity_token), 

=INFO REPORT==== 10-Dec-2019::11:49:20 ===
           ts_search:(5:<0.9262.0>) Dyn Var (RE): no Match (varname=post_id), 

=INFO REPORT==== 10-Dec-2019::11:49:20 ===
           ts_search:(5:<0.9687.0>) Dyn Var (RE): no Match (varname=post_id), 

=INFO REPORT==== 10-Dec-2019::11:49:20 ===
           ts_search:(5:<0.8951.0>) Dyn Var: no Match (varname=first_comment_path), 

=INFO REPORT==== 10-Dec-2019::11:49:20 ===
           ts_search:(5:<0.8951.0>) Dyn Var: no Match (varname=authenticity_token), 

=INFO REPORT==== 10-Dec-2019::11:49:20 ===
           ts_search:(5:<0.10737.0>) Dyn Var (RE): no Match (varname=authenticity_token), 

=INFO REPORT==== 10-Dec-2019::11:49:20 ===
           ts_search:(5:<0.9813.0>) Dyn Var: no Match (varname=authenticity_token), 

=INFO REPORT==== 10-Dec-2019::11:49:20 ===
           ts_search:(5:<0.12870.0>) Dyn Var (RE): no Match (varname=authenticity_token), 

=INFO REPORT==== 10-Dec-2019::11:49:20 ===
           ts_search:(5:<0.8334.0>) Dyn Var (RE): no Match (varname=redirect_post), 

=INFO REPORT==== 10-Dec-2019::11:49:20 ===
           ts_search:(5:<0.8160.0>) Dyn Var (RE): no Match (varname=authenticity_token), 

=INFO REPORT==== 10-Dec-2019::11:49:20 ===
           ts_search:(5:<0.8160.0>) Dyn Var (RE): no Match (varname=post_id), 

=INFO REPORT==== 10-Dec-2019::11:49:20 ===
           ts_search:(5:<0.13903.0>) Dyn Var (RE): no Match (varname=authenticity_token), 

=INFO REPORT==== 10-Dec-2019::11:49:20 ===
           ts_search:(5:<0.8557.0>) Dyn Var (RE): no Match (varname=post_id), 

=INFO REPORT==== 10-Dec-2019::11:49:20 ===
           ts_search:(5:<0.9319.0>) Dyn Var (RE): no Match (varname=book_id), 

=INFO REPORT==== 10-Dec-2019::11:49:20 ===
           ts_search:(5:<0.9314.0>) Dyn Var (RE): no Match (varname=post_id), 

=INFO REPORT==== 10-Dec-2019::11:49:20 ===
           ts_search:(5:<0.14359.0>) Dyn Var (RE): no Match (varname=authenticity_token), 

=INFO REPORT==== 10-Dec-2019::11:49:20 ===
           ts_search:(5:<0.8707.0>) Dyn Var (RE): no Match (varname=authenticity_token), 

=INFO REPORT==== 10-Dec-2019::11:49:20 ===
           ts_search:(5:<0.7952.0>) Dyn Var: no Match (varname=authenticity_token), 

=INFO REPORT==== 10-Dec-2019::11:49:20 ===
           ts_search:(5:<0.9245.0>) Dyn Var: no Match (varname=first_comment_path), 

=INFO REPORT==== 10-Dec-2019::11:49:20 ===
           ts_search:(5:<0.9245.0>) Dyn Var: no Match (varname=authenticity_token), 

=INFO REPORT==== 10-Dec-2019::11:49:20 ===
           ts_search:(5:<0.7952.0>) Dyn Var (RE): no Match (varname=redirect_post), 

=INFO REPORT==== 10-Dec-2019::11:49:20 ===
           ts_search:(5:<0.10483.0>) Dyn Var (RE): no Match (varname=book_id), 

=INFO REPORT==== 10-Dec-2019::11:49:20 ===
           ts_search:(5:<0.9161.0>) Dyn Var (RE): no Match (varname=authenticity_token), 

=INFO REPORT==== 10-Dec-2019::11:49:20 ===
           ts_search:(5:<0.7542.0>) Dyn Var (RE): no Match (varname=convo_id), 

=INFO REPORT==== 10-Dec-2019::11:49:20 ===
           ts_search:(5:<0.8265.0>) Dyn Var (RE): no Match (varname=post_id), 

=INFO REPORT==== 10-Dec-2019::11:49:20 ===
           ts_search:(5:<0.13700.0>) Dyn Var (RE): no Match (varname=authenticity_token), 

=INFO REPORT==== 10-Dec-2019::11:49:20 ===
           ts_search:(5:<0.13660.0>) Dyn Var (RE): no Match (varname=authenticity_token), 

=INFO REPORT==== 10-Dec-2019::11:49:20 ===
           ts_search:(5:<0.10464.0>) Dyn Var (RE): no Match (varname=book_id), 

=INFO REPORT==== 10-Dec-2019::11:49:21 ===
           ts_client:(3:<0.10346.0>) Error: Unknown msg {#Ref<0.3469923221.3686531079.154002>,
                                                         badarg} receive in state think, stop

=INFO REPORT==== 10-Dec-2019::11:49:21 ===
           ts_search:(5:<0.9813.0>) Dyn Var (RE): no Match (varname=redirect_post), 

=INFO REPORT==== 10-Dec-2019::11:49:21 ===
           ts_search:(5:<0.11587.0>) Dyn Var (RE): no Match (varname=redirect_post), 

=INFO REPORT==== 10-Dec-2019::11:49:21 ===
           ts_search:(5:<0.8826.0>) Dyn Var (RE): no Match (varname=convo_id), 

=INFO REPORT==== 10-Dec-2019::11:49:21 ===
           ts_search:(5:<0.9161.0>) Dyn Var (RE): no Match (varname=book_id), 

=INFO REPORT==== 10-Dec-2019::11:49:21 ===
           ts_search:(5:<0.9289.0>) Dyn Var (RE): no Match (varname=post_id), 

=INFO REPORT==== 10-Dec-2019::11:49:21 ===
           ts_search:(5:<0.10148.0>) Dyn Var (RE): no Match (varname=authenticity_token), 

=INFO REPORT==== 10-Dec-2019::11:49:22 ===
           ts_search:(5:<0.8707.0>) Dyn Var (RE): no Match (varname=book_id), 

=INFO REPORT==== 10-Dec-2019::11:49:22 ===
           ts_search:(5:<0.11519.0>) Dyn Var (RE): no Match (varname=book_id), 

=INFO REPORT==== 10-Dec-2019::11:49:22 ===
           ts_search:(5:<0.13660.0>) Dyn Var (RE): no Match (varname=book_id), 

=INFO REPORT==== 10-Dec-2019::11:49:23 ===
           ts_search:(5:<0.13242.0>) Dyn Var (RE): no Match (varname=authenticity_token), 

=INFO REPORT==== 10-Dec-2019::11:49:23 ===
           ts_search:(5:<0.8690.0>) Dyn Var (RE): no Match (varname=authenticity_token), 

=INFO REPORT==== 10-Dec-2019::11:49:23 ===
           ts_search:(5:<0.13853.0>) Dyn Var (RE): no Match (varname=authenticity_token), 

=INFO REPORT==== 10-Dec-2019::11:49:23 ===
           ts_search:(5:<0.13853.0>) Dyn Var (RE): no Match (varname=post_id), 

=INFO REPORT==== 10-Dec-2019::11:49:23 ===
           ts_search:(5:<0.13700.0>) Dyn Var (RE): no Match (varname=book_id), 

=INFO REPORT==== 10-Dec-2019::11:49:25 ===
           ts_search:(5:<0.14383.0>) Dyn Var (RE): no Match (varname=authenticity_token), 

=INFO REPORT==== 10-Dec-2019::11:49:25 ===
           ts_search:(5:<0.14383.0>) Dyn Var (RE): no Match (varname=book_id), 

=INFO REPORT==== 10-Dec-2019::11:49:25 ===
           ts_client:(3:<0.7911.0>) Error: Unknown msg {#Ref<0.3469923221.3686531076.214770>,
                                                        badarg} receive in state think, stop

=INFO REPORT==== 10-Dec-2019::11:49:26 ===
           ts_search:(5:<0.14303.0>) Dyn Var (RE): no Match (varname=authenticity_token), 

=INFO REPORT==== 10-Dec-2019::11:49:26 ===
           ts_search:(5:<0.14464.0>) Dyn Var (RE): no Match (varname=authenticity_token), 

=INFO REPORT==== 10-Dec-2019::11:49:26 ===
           ts_search:(5:<0.14303.0>) Dyn Var (RE): no Match (varname=book_id), 

=INFO REPORT==== 10-Dec-2019::11:49:27 ===
           ts_search:(5:<0.13831.0>) Dyn Var (RE): no Match (varname=authenticity_token), 

=INFO REPORT==== 10-Dec-2019::11:49:27 ===
           ts_search:(5:<0.13831.0>) Dyn Var (RE): no Match (varname=post_id), 

=INFO REPORT==== 10-Dec-2019::11:49:27 ===
           ts_search:(5:<0.12158.0>) Dyn Var (RE): no Match (varname=authenticity_token), 

=INFO REPORT==== 10-Dec-2019::11:49:27 ===
           ts_search:(5:<0.8826.0>) Dyn Var (RE): no Match (varname=authenticity_token), 

=INFO REPORT==== 10-Dec-2019::11:49:27 ===
           ts_search:(5:<0.12158.0>) Dyn Var (RE): no Match (varname=post_id), 

=INFO REPORT==== 10-Dec-2019::11:49:28 ===
           ts_search:(5:<0.7542.0>) Dyn Var (RE): no Match (varname=authenticity_token), 

=INFO REPORT==== 10-Dec-2019::11:49:28 ===
           ts_search:(5:<0.13903.0>) Dyn Var (RE): no Match (varname=authenticity_token), 

=INFO REPORT==== 10-Dec-2019::11:49:28 ===
           ts_search:(5:<0.13242.0>) Dyn Var (RE): no Match (varname=book_id), 

=INFO REPORT==== 10-Dec-2019::11:49:28 ===
           ts_search:(5:<0.14464.0>) Dyn Var (RE): no Match (varname=book_id), 

=INFO REPORT==== 10-Dec-2019::11:49:28 ===
           ts_search:(5:<0.13585.0>) Dyn Var (RE): no Match (varname=authenticity_token), 

=INFO REPORT==== 10-Dec-2019::11:49:28 ===
           ts_search:(5:<0.14558.0>) Dyn Var (RE): no Match (varname=authenticity_token), 

=INFO REPORT==== 10-Dec-2019::11:49:28 ===
           ts_search:(5:<0.12353.0>) Dyn Var (RE): no Match (varname=authenticity_token), 

=INFO REPORT==== 10-Dec-2019::11:49:28 ===
           ts_search:(5:<0.13504.0>) Dyn Var (RE): no Match (varname=authenticity_token), 

=INFO REPORT==== 10-Dec-2019::11:49:28 ===
           ts_search:(5:<0.13903.0>) Dyn Var (RE): no Match (varname=book_id), 

=INFO REPORT==== 10-Dec-2019::11:49:29 ===
           ts_search:(5:<0.14558.0>) Dyn Var (RE): no Match (varname=book_id), 

=INFO REPORT==== 10-Dec-2019::11:49:29 ===
           ts_search:(5:<0.11473.0>) Dyn Var (RE): no Match (varname=authenticity_token), 

=INFO REPORT==== 10-Dec-2019::11:49:29 ===
           ts_search:(5:<0.13585.0>) Dyn Var (RE): no Match (varname=book_id), 

=INFO REPORT==== 10-Dec-2019::11:49:29 ===
           ts_search:(5:<0.14307.0>) Dyn Var: no Match (varname=first_comment_path), 

=INFO REPORT==== 10-Dec-2019::11:49:29 ===
           ts_search:(5:<0.11473.0>) Dyn Var (RE): no Match (varname=post_id), 

=INFO REPORT==== 10-Dec-2019::11:49:30 ===
           ts_search:(5:<0.12125.0>) Dyn Var (RE): no Match (varname=authenticity_token), 

=INFO REPORT==== 10-Dec-2019::11:49:30 ===
           ts_search:(5:<0.13816.0>) Dyn Var (RE): no Match (varname=authenticity_token), 

=INFO REPORT==== 10-Dec-2019::11:49:30 ===
           ts_search:(5:<0.13816.0>) Dyn Var (RE): no Match (varname=post_id), 

=INFO REPORT==== 10-Dec-2019::11:49:30 ===
           ts_search:(5:<0.13504.0>) Dyn Var (RE): no Match (varname=book_id), 

=INFO REPORT==== 10-Dec-2019::11:49:30 ===
           ts_search:(5:<0.12125.0>) Dyn Var (RE): no Match (varname=post_id), 

=INFO REPORT==== 10-Dec-2019::11:49:30 ===
           ts_search:(5:<0.13143.0>) Dyn Var (RE): no Match (varname=authenticity_token), 

=INFO REPORT==== 10-Dec-2019::11:49:30 ===
           ts_search:(5:<0.14306.0>) Dyn Var (RE): no Match (varname=authenticity_token), 

=INFO REPORT==== 10-Dec-2019::11:49:30 ===
           ts_search:(5:<0.12574.0>) Dyn Var (RE): no Match (varname=authenticity_token), 

=INFO REPORT==== 10-Dec-2019::11:49:30 ===
           ts_search:(5:<0.13873.0>) Dyn Var (RE): no Match (varname=authenticity_token), 

=INFO REPORT==== 10-Dec-2019::11:49:30 ===
           ts_search:(5:<0.12574.0>) Dyn Var (RE): no Match (varname=post_id), 

=INFO REPORT==== 10-Dec-2019::11:49:31 ===
           ts_search:(5:<0.14306.0>) Dyn Var (RE): no Match (varname=convo_id), 

=INFO REPORT==== 10-Dec-2019::11:49:31 ===
           ts_search:(5:<0.13109.0>) Dyn Var (RE): no Match (varname=authenticity_token), 

=INFO REPORT==== 10-Dec-2019::11:49:31 ===
           ts_search:(5:<0.12492.0>) Dyn Var (RE): no Match (varname=authenticity_token), 

=INFO REPORT==== 10-Dec-2019::11:49:31 ===
           ts_search:(5:<0.14288.0>) Dyn Var: no Match (varname=first_comment_path), 

=INFO REPORT==== 10-Dec-2019::11:49:31 ===
           ts_search:(5:<0.13873.0>) Dyn Var (RE): no Match (varname=post_id), 

=INFO REPORT==== 10-Dec-2019::11:49:32 ===
           ts_search:(5:<0.13998.0>) Dyn Var (RE): no Match (varname=authenticity_token), 

=INFO REPORT==== 10-Dec-2019::11:49:32 ===
           ts_search:(5:<0.13143.0>) Dyn Var (RE): no Match (varname=book_id), 

=INFO REPORT==== 10-Dec-2019::11:49:32 ===
           ts_search:(5:<0.14359.0>) Dyn Var (RE): no Match (varname=authenticity_token), 

=INFO REPORT==== 10-Dec-2019::11:49:32 ===
           ts_search:(5:<0.14359.0>) Dyn Var (RE): no Match (varname=post_id), 

=INFO REPORT==== 10-Dec-2019::11:49:32 ===
           ts_search:(5:<0.13900.0>) Dyn Var (RE): no Match (varname=authenticity_token), 

=INFO REPORT==== 10-Dec-2019::11:49:32 ===
           ts_search:(5:<0.13023.0>) Dyn Var (RE): no Match (varname=authenticity_token), 

=INFO REPORT==== 10-Dec-2019::11:49:32 ===
           ts_search:(5:<0.13023.0>) Dyn Var (RE): no Match (varname=post_id), 

=INFO REPORT==== 10-Dec-2019::11:49:32 ===
           ts_search:(5:<0.12353.0>) Dyn Var (RE): no Match (varname=book_id), 

=INFO REPORT==== 10-Dec-2019::11:49:32 ===
           ts_search:(5:<0.13809.0>) Dyn Var (RE): no Match (varname=authenticity_token), 

=INFO REPORT==== 10-Dec-2019::11:49:33 ===
           ts_search:(5:<0.13809.0>) Dyn Var (RE): no Match (varname=post_id), 

=INFO REPORT==== 10-Dec-2019::11:49:33 ===
           ts_search:(5:<0.14591.0>) Dyn Var: no Match (varname=first_comment_path), 

=INFO REPORT==== 10-Dec-2019::11:49:33 ===
           ts_search:(5:<0.14600.0>) Dyn Var: no Match (varname=first_comment_path), 

=INFO REPORT==== 10-Dec-2019::11:49:33 ===
           ts_search:(5:<0.12492.0>) Dyn Var (RE): no Match (varname=convo_id), 

=INFO REPORT==== 10-Dec-2019::11:49:33 ===
           ts_search:(5:<0.13998.0>) Dyn Var (RE): no Match (varname=book_id), 

=INFO REPORT==== 10-Dec-2019::11:49:33 ===
           ts_search:(5:<0.14537.0>) Dyn Var: no Match (varname=first_comment_path), 

=INFO REPORT==== 10-Dec-2019::11:49:34 ===
           ts_search:(5:<0.13109.0>) Dyn Var (RE): no Match (varname=book_id), 

=INFO REPORT==== 10-Dec-2019::11:49:34 ===
           ts_search:(5:<0.11279.0>) Dyn Var (RE): no Match (varname=authenticity_token), 

=INFO REPORT==== 10-Dec-2019::11:49:34 ===
           ts_search:(5:<0.12870.0>) Dyn Var (RE): no Match (varname=authenticity_token), 

=INFO REPORT==== 10-Dec-2019::11:49:34 ===
           ts_search:(5:<0.12870.0>) Dyn Var (RE): no Match (varname=post_id), 

=INFO REPORT==== 10-Dec-2019::11:49:35 ===
           ts_search:(5:<0.14599.0>) Dyn Var: no Match (varname=first_comment_path), 

=INFO REPORT==== 10-Dec-2019::11:49:35 ===
           ts_search:(5:<0.11279.0>) Dyn Var (RE): no Match (varname=convo_id), 

=INFO REPORT==== 10-Dec-2019::11:49:35 ===
           ts_search:(5:<0.11279.0>) Dyn Var (RE): no Match (varname=authenticity_token), 

=INFO REPORT==== 10-Dec-2019::11:49:35 ===
           ts_search:(5:<0.14564.0>) Dyn Var: no Match (varname=first_comment_path), 

=INFO REPORT==== 10-Dec-2019::11:49:35 ===
           ts_search:(5:<0.13990.0>) Dyn Var (RE): no Match (varname=authenticity_token), 

=INFO REPORT==== 10-Dec-2019::11:49:35 ===
           ts_search:(5:<0.14468.0>) Dyn Var (RE): no Match (varname=authenticity_token), 

=INFO REPORT==== 10-Dec-2019::11:49:35 ===
           ts_search:(5:<0.13990.0>) Dyn Var (RE): no Match (varname=post_id), 

=INFO REPORT==== 10-Dec-2019::11:49:35 ===
           ts_search:(5:<0.13438.0>) Dyn Var (RE): no Match (varname=authenticity_token), 

=INFO REPORT==== 10-Dec-2019::11:49:35 ===
           ts_search:(5:<0.13438.0>) Dyn Var (RE): no Match (varname=post_id), 

=INFO REPORT==== 10-Dec-2019::11:49:36 ===
           ts_search:(5:<0.14597.0>) Dyn Var: no Match (varname=first_comment_path), 

=INFO REPORT==== 10-Dec-2019::11:49:36 ===
           ts_search:(5:<0.14267.0>) Dyn Var (RE): no Match (varname=authenticity_token), 

=INFO REPORT==== 10-Dec-2019::11:49:36 ===
           ts_search:(5:<0.12633.0>) Dyn Var (RE): no Match (varname=authenticity_token), 

=INFO REPORT==== 10-Dec-2019::11:49:36 ===
           ts_search:(5:<0.12633.0>) Dyn Var (RE): no Match (varname=post_id), 

=INFO REPORT==== 10-Dec-2019::11:49:37 ===
           ts_search:(5:<0.14614.0>) Dyn Var: no Match (varname=first_comment_path), 

=INFO REPORT==== 10-Dec-2019::11:49:37 ===
           ts_search:(5:<0.14557.0>) Dyn Var: no Match (varname=first_comment_path), 

=INFO REPORT==== 10-Dec-2019::11:49:37 ===
           ts_search:(5:<0.14422.0>) Dyn Var: no Match (varname=first_comment_path), 

=INFO REPORT==== 10-Dec-2019::11:49:38 ===
           ts_search:(5:<0.14468.0>) Dyn Var (RE): no Match (varname=book_id), 

=INFO REPORT==== 10-Dec-2019::11:49:38 ===
           ts_search:(5:<0.14393.0>) Dyn Var (RE): no Match (varname=authenticity_token), 

=INFO REPORT==== 10-Dec-2019::11:49:38 ===
           ts_search:(5:<0.14393.0>) Dyn Var (RE): no Match (varname=post_id), 

=INFO REPORT==== 10-Dec-2019::11:49:38 ===
           ts_search:(5:<0.14317.0>) Dyn Var: no Match (varname=first_comment_path), 

=INFO REPORT==== 10-Dec-2019::11:49:39 ===
           ts_search:(5:<0.13900.0>) Dyn Var (RE): no Match (varname=book_id), 

=INFO REPORT==== 10-Dec-2019::11:49:39 ===
           ts_search:(5:<0.14312.0>) Dyn Var: no Match (varname=first_comment_path), 

=INFO REPORT==== 10-Dec-2019::11:49:39 ===
           ts_search:(5:<0.12492.0>) Dyn Var (RE): no Match (varname=authenticity_token), 

=INFO REPORT==== 10-Dec-2019::11:49:39 ===
           ts_search:(5:<0.14306.0>) Dyn Var (RE): no Match (varname=authenticity_token), 

=INFO REPORT==== 10-Dec-2019::11:49:40 ===
           ts_search:(5:<0.12883.0>) Dyn Var (RE): no Match (varname=authenticity_token), 

=INFO REPORT==== 10-Dec-2019::11:49:40 ===
           ts_search:(5:<0.12883.0>) Dyn Var (RE): no Match (varname=post_id), 

=INFO REPORT==== 10-Dec-2019::11:49:42 ===
           ts_search:(5:<0.14399.0>) Dyn Var: no Match (varname=first_comment_path), 

=INFO REPORT==== 10-Dec-2019::11:49:44 ===
           ts_search:(5:<0.14267.0>) Dyn Var (RE): no Match (varname=book_id), 

=INFO REPORT==== 10-Dec-2019::11:50:18 ===
     ts_launcher_mgr:(5:<0.149.0>) No more active users 'tsung_controller@ip-172-31-31-91' "12170"
