# stats: dump at 1575886543
stats: users 18 18
stats: {cpu,"tsung_controller@ip-172-31-46-69"} 1 0.013772428705347237 0 0.013772428705347237 0.013772428705347237 0 0
stats: {load,"tsung_controller@ip-172-31-46-69"} 1 0.0 0 0.0 0.0 0 0
stats: {freemem,"tsung_controller@ip-172-31-46-69"} 1 375589.82421875 0 375589.82421875 375589.82421875 0 0
stats: session 1 5068.518 0 5068.518 5068.518 0 0
stats: users_count 19 19
stats: finish_users_count 1 1
stats: request 46 67.1083043478261 49.76174805221094 200.386 5.139 0 0
stats: connect 19 2.123789473684211 2.780852947132122 13.91 1.295 0 0
stats: page 46 67.1083043478261 49.76174805221094 200.386 5.139 0 0
stats: tr_Initial_Get_Root 10 83.37160000000002 27.491836909162693 118.845 44.834 0 0
stats: 302 14 14
stats: tr_Post_New_Comment_On_Post 1 11.103 0 11.103 11.103 0 0
stats: 200 32 32
stats: tr_Get_Post 1 89.876 0 89.876 89.876 0 0
stats: size_rcv 398421 398421
stats: tr_Redirect_Root 4 53.86025 10.014611983871367 69.92 45.339 0 0
stats: size_sent 19065 19065
stats: tr_Redirect_To_Post 2 102.59899999999999 45.946999999999996 148.546 56.652 0 0
stats: connected 18 18
stats: tr_Get_Root 1 45.138 0 45.138 45.138 0 0
stats: tr_Post_New_Comment_On_Comment 1 80.244 0 80.244 80.244 0 0
stats: tr_Authenticate_User 5 2722.1053999999995 2254.262773808111 6357.088 426.363 0 0
# stats: dump at 1575886553
stats: users 18 23
stats: {recvpackets,"tsung_controller@ip-172-31-46-69"} 1 586 0 586 586 0 0
stats: {sentpackets,"tsung_controller@ip-172-31-46-69"} 1 266 0 266 266 0 0
stats: {cpu,"tsung_controller@ip-172-31-46-69"} 1 0.01665434938743221 0.0 0.01665434938743221 0.013772428705347237 0.013772428705347237 1
stats: {load,"tsung_controller@ip-172-31-46-69"} 1 0.0 0.0 0.0 0.0 0.0 1
stats: {freemem,"tsung_controller@ip-172-31-46-69"} 1 375583.34765625 0.0 375589.82421875 375583.34765625 375589.82421875 1
stats: session 8 10476.872875 2920.0504783532183 15429.587 5068.518 5068.518 1
stats: users_count 8 27
stats: finish_users_count 8 9
stats: request 119 51.255823529411764 51.465148657908514 210.294 3.954 67.1083043478261 46
stats: connect 8 1.4704999999999997 0.13163301257663304 13.91 1.295 2.123789473684211 19
stats: page 119 51.255823529411764 51.465148657908514 210.294 3.954 67.1083043478261 46
stats: tr_Initial_Get_Root 3 57.798 9.54890782585457 118.845 44.834 83.37160000000002 10
stats: 302 57 71
stats: tr_Post_New_Comment_On_Post 7 18.220714285714287 7.450724331313332 29.901 9.847 11.103 1
stats: 200 62 94
stats: tr_Get_Post 7 82.07828571428571 15.969377720359368 106.702 61.148 89.876 1
stats: size_rcv 1291060 1689481
stats: tr_Redirect_Root 16 47.59406250000001 3.107848441220025 69.92 45.267 53.86025 4
stats: size_sent 70699 89764
stats: tr_Redirect_To_Post 10 73.2545 13.678369816977458 148.546 54.778 102.59899999999999 2
stats: connected 1 19
stats: tr_Get_Root 1 55.096 0.0 55.096 45.138 45.138 1
stats: tr_Post_New_Comment_On_Comment 5 13.372399999999999 3.6886422759600848 80.244 9.81 80.244 1
stats: tr_Get_Logout 2 7.344 0.6619999999999999 8.006 6.682 0 0
stats: tr_Post_New_Post 2 13.215 2.4510000000000005 15.666 10.764 0 0
stats: tr_Get_New_Post 2 10.1295 0.13250000000000028 10.262 9.997 0 0
stats: tr_Get_Conversations 1 18.319 0 18.319 18.319 0 0
stats: tr_Authenticate_User 20 3750.8386500000006 2487.2489998343804 11659.563 426.363 2722.1053999999995 5
stats: tr_Get_Login 1 8.182 0 8.182 8.182 0 0
stats: tr_Post_Login 1 126.225 0 126.225 126.225 0 0
stats: tr_Get_New_Book 3 8.616333333333335 0.07630785601030178 8.704 8.518 0 0
stats: tr_Post_New_Book 3 8.043666666666667 0.8455398012841006 9.236 7.369 0 0
stats: tr_Redirect_To_New_Book 2 8.3215 0.04449999999999976 8.366 8.277 0 0
stats: tr_Get_Book 3 206.12866666666665 4.686158791827502 210.503 199.63 0 0
# stats: dump at 1575886563
stats: users 6 23
stats: {recvpackets,"tsung_controller@ip-172-31-46-69"} 1 1204.0 0.0 1204 586 586.0 1
stats: {sentpackets,"tsung_controller@ip-172-31-46-69"} 1 433.0 0.0 433 266 266.0 1
stats: {cpu,"tsung_controller@ip-172-31-46-69"} 1 0.02810158201498751 0.0 0.02810158201498751 0.013772428705347237 0.015213389046389723 2
stats: {load,"tsung_controller@ip-172-31-46-69"} 1 0.0 0.0 0.0 0.0 0.0 2
stats: {freemem,"tsung_controller@ip-172-31-46-69"} 1 375574.7578125 0.0 375589.82421875 375574.7578125 375586.5859375 2
stats: session 12 14672.48525 3564.452217106558 22386.166 5068.518 9875.944555555554 9
stats: users_count 0 27
stats: finish_users_count 12 21
stats: request 58 41.63618965517243 46.75292447443589 210.294 3.954 55.675303030303034 165
stats: connect 0 0 0 13.91 1.295 1.9302222222222223 27
stats: page 58 41.63618965517243 46.75292447443589 210.294 3.954 55.675303030303034 165
stats: tr_Initial_Get_Root 0 0 0 118.845 44.834 77.47000000000001 13
stats: 302 19 90
stats: tr_Post_New_Comment_On_Post 4 10.38325 0.7776738953443146 29.901 9.56 17.331000000000003 8
stats: 200 39 133
stats: tr_Get_Post 4 63.58800000000001 4.318454411013268 106.702 60.655 83.053 8
stats: size_rcv 863966 2553447
stats: tr_Redirect_Root 7 48.70957142857143 3.610803782980139 69.92 45.267 48.847300000000004 20
stats: size_sent 32941 122705
stats: tr_Redirect_To_Post 10 65.12059999999998 7.636703545378713 148.546 54.778 78.14524999999999 12
stats: connected -13 6
stats: tr_Get_Root 0 0 0 55.096 45.138 50.117 2
stats: tr_Post_New_Comment_On_Comment 5 10.4834 0.5426485418758629 80.244 9.78 24.517666666666667 6
stats: tr_Get_Logout 1 7.221 0.0 8.006 6.682 7.344 2
stats: tr_Post_New_Post 2 10.2965 0.21550000000000047 15.666 10.081 13.215 2
stats: tr_Get_New_Post 2 9.2695 0.460500000000001 10.262 8.809 10.1295 2
stats: tr_Redirect_To_New_Post 3 10.19 0.4077376607575025 10.74 9.765 0 0
stats: tr_Get_Conversations 1 17.203 0.0 18.319 17.203 18.319 1
stats: tr_Authenticate_User 2 7393.097 3454.9500000000003 11659.563 426.363 3545.0920000000006 25
stats: tr_Get_Login 2 6.6545000000000005 1.0325 8.182 5.622 8.182 1
stats: tr_Post_Login 2 125.263 0.37899999999999423 126.225 124.884 126.225 1
stats: tr_Get_New_Conversation 2 199.208 3.1260000000000048 202.334 196.082 0 0
stats: tr_Post_New_Conversation 1 53.336 0 53.336 53.336 0 0
stats: tr_Redirect_To_New_Conversation 1 52.554 0 52.554 52.554 0 0
stats: tr_Get_New_Book 3 7.770333333333333 0.6618077935137625 8.706 7.283 8.616333333333335 3
stats: tr_Post_New_Book 2 7.0015 0.5955000000000004 9.236 6.406 8.043666666666667 3
stats: tr_Redirect_To_New_Book 3 8.482333333333335 0.525180180721077 9.023 7.771 8.3215 2
stats: tr_Get_Book 1 198.323 0.0 210.503 198.323 206.12866666666665 3
# stats: dump at 1575886573
stats: users 1 23
stats: {recvpackets,"tsung_controller@ip-172-31-46-69"} 1 608.0 0.0 1204 586 895.0 2
stats: {sentpackets,"tsung_controller@ip-172-31-46-69"} 1 212.0 0.0 433 212 349.5 2
stats: {cpu,"tsung_controller@ip-172-31-46-69"} 1 0.013533631073216944 0.0 0.02810158201498751 0.013533631073216944 0.019509453369255653 3
stats: {load,"tsung_controller@ip-172-31-46-69"} 1 0.0 0.0 0.0 0.0 0.0 3
stats: {freemem,"tsung_controller@ip-172-31-46-69"} 1 375578.3359375 0.0 375589.82421875 375574.7578125 375582.6432291667 3
stats: session 5 21717.148999999998 3686.6727352555176 25540.289 5068.518 12616.824952380954 21
stats: users_count 0 27
stats: finish_users_count 5 26
stats: request 10 34.9862 22.79388320493022 210.294 3.954 52.02387443946189 223
stats: connect 0 0 0 13.91 1.295 1.9302222222222223 27
stats: page 9 38.903555555555556 26.089753046448934 210.294 3.954 52.02387443946189 223
stats: tr_Initial_Get_Root 0 0 0 118.845 44.834 77.47000000000001 13
stats: 302 4 94
stats: tr_Post_New_Comment_On_Post 0 0 0 29.901 9.56 15.015083333333337 12
stats: 200 6 139
stats: tr_Get_Post 0 0 0 106.702 60.655 76.56466666666667 12
stats: size_rcv 103619 2657066
stats: tr_Redirect_Root 0 0 0 69.92 45.267 48.811592592592596 27
stats: size_sent 5940 128645
stats: tr_Redirect_To_Post 2 56.422 0.4019999999999957 148.546 54.778 72.22495454545452 22
stats: connected -5 1
stats: tr_Get_Root 0 0 0 55.096 45.138 50.117 2
stats: tr_Post_New_Comment_On_Comment 1 10.561 0.0 80.244 9.78 18.138454545454547 11
stats: tr_Get_Logout 0 0 0 8.006 6.682 7.303 3
stats: tr_Post_New_Post 0 0 0 15.666 10.081 11.755749999999999 4
stats: tr_Get_New_Post 0 0 0 10.262 8.809 9.6995 4
stats: tr_Redirect_To_New_Post 1 11.346 0.0 11.346 9.765 10.19 3
stats: tr_Get_Conversations 0 0 0 18.319 17.203 17.761 2
stats: tr_Authenticate_User 0 0 0 11659.563 426.363 3830.129407407408 27
stats: tr_Get_Login 0 0 0 8.182 5.622 7.163666666666667 3
stats: tr_Post_Login 0 0 0 126.225 124.884 125.58366666666666 3
stats: tr_Get_New_Conversation 0 0 0 202.334 196.082 199.208 2
stats: tr_Post_New_Conversation 1 56.41 0.0 56.41 53.336 53.336 1
stats: tr_Redirect_To_New_Conversation 1 44.548 0.0 52.554 44.548 52.554 1
stats: tr_Redirect_To_Same_Conversation 1 16.208 0 16.208 16.208 0 0
stats: tr_Reply_To_Conversation 1 71.057 0 71.057 71.057 0 0
stats: tr_Get_New_Book 0 0 0 8.706 7.283 8.193333333333333 6
stats: tr_Post_New_Book 1 7.661 0.0 9.236 6.406 7.6268 5
stats: tr_Redirect_To_New_Book 1 21.383 0.0 21.383 7.771 8.418000000000001 5
stats: tr_Get_Book 0 0 0 210.503 198.323 204.17725 4
# stats: dump at 1575886583
stats: users 27 27
stats: {recvpackets,"tsung_controller@ip-172-31-46-69"} 1 96.0 0.0 1204 96 799.3333333333334 3
stats: {sentpackets,"tsung_controller@ip-172-31-46-69"} 1 39.0 0.0 433 39 303.6666666666667 3
stats: {cpu,"tsung_controller@ip-172-31-46-69"} 1 0.004163717366865137 0.0 0.02810158201498751 0.004163717366865137 0.01801549779524598 4
stats: {load,"tsung_controller@ip-172-31-46-69"} 1 0.0 0.0 0.0 0.0 0.0 4
stats: {freemem,"tsung_controller@ip-172-31-46-69"} 1 375582.515625 0.0 375589.82421875 375574.7578125 375581.56640625 4
stats: session 1 27790.906 0.0 27790.906 5068.518 14366.88726923077 26
stats: users_count 27 54
stats: finish_users_count 1 27
stats: request 72 46.77874999999997 47.48543449860002 210.294 3.954 51.29264377682404 233
stats: connect 23 1.450217391304348 0.1505130231319707 13.91 1.138 1.9302222222222223 27
stats: page 71 47.44045070422532 48.453864391240806 210.294 3.954 51.51489655172415 232
stats: tr_Initial_Get_Root 15 50.787399999999984 3.0447319706886073 118.845 44.834 77.47000000000001 13
stats: 302 25 119
stats: tr_Post_New_Comment_On_Post 1 9.245 0.0 29.901 9.245 15.015083333333337 12
stats: 200 47 186
stats: tr_Get_Post 1 76.555 0.0 106.702 60.655 76.56466666666667 12
stats: size_rcv 515916 3172982
stats: tr_Redirect_Root 6 53.449999999999996 4.946722686115863 69.92 45.267 48.811592592592596 27
stats: newphase 1 1
stats: tr_Redirect_To_Post 0 0 0 148.546 54.778 70.90804166666665 24
stats: size_sent 32130 160775
stats: tr_Get_Root 1 50.153 0.0 55.096 45.138 50.117 2
stats: connected 22 23
stats: tr_Post_New_Comment_On_Comment 0 0 0 80.244 9.78 17.507 12
stats: tr_Get_Logout 0 0 0 8.006 6.682 7.303 3
stats: tr_Post_New_Post 0 0 0 15.666 10.081 11.755749999999999 4
stats: tr_Get_New_Post 0 0 0 10.262 8.809 9.6995 4
stats: tr_Redirect_To_New_Post 0 0 0 11.346 9.765 10.479 4
stats: tr_Get_Conversations 0 0 0 18.319 17.203 17.761 2
stats: tr_Authenticate_User 11 2351.1420000000003 1393.136588548106 11659.563 426.363 3830.129407407408 27
stats: tr_Get_Login 0 0 0 8.182 5.622 7.163666666666667 3
stats: tr_Post_Login 0 0 0 126.225 124.884 125.58366666666666 3
stats: tr_Get_New_Conversation 0 0 0 202.334 196.082 199.208 2
stats: tr_Post_New_Conversation 0 0 0 56.41 53.336 54.873 2
stats: tr_Redirect_To_New_Conversation 0 0 0 52.554 44.548 48.551 2
stats: tr_Redirect_To_Same_Conversation 1 53.418 0.0 53.418 16.208 16.208 1
stats: tr_Reply_To_Conversation 1 61.514 0.0 71.057 61.514 71.057 1
stats: tr_Get_New_Book 1 8.89 0.0 8.89 7.283 8.193333333333333 6
stats: tr_Post_New_Book 1 6.708 0.0 9.236 6.406 7.6325 6
stats: tr_Redirect_To_New_Book 0 0 0 21.383 7.771 10.578833333333334 6
stats: tr_Get_Book 1 195.996 0.0 210.503 195.996 204.17725 4
# stats: dump at 1575886593
stats: users 44 52
stats: {recvpackets,"tsung_controller@ip-172-31-46-69"} 1 887.0 0.0 1204 96 623.5 4
stats: {sentpackets,"tsung_controller@ip-172-31-46-69"} 1 413.0 0.0 433 39 237.5 4
stats: {cpu,"tsung_controller@ip-172-31-46-69"} 1 0.018741410186997626 0.0 0.02810158201498751 0.004163717366865137 0.01524514170956981 5
stats: {load,"tsung_controller@ip-172-31-46-69"} 1 0.0 0.0 0.0 0.0 0.0 5
stats: {freemem,"tsung_controller@ip-172-31-46-69"} 1 375579.19921875 0.0 375589.82421875 375574.7578125 375581.75625 5
stats: session 15 9887.597666666668 3552.3854664404435 27790.906 4411.069 14864.073148148149 27
stats: users_count 32 86
stats: finish_users_count 15 42
stats: request 268 54.09528731343284 58.650027711591356 319.571 3.745 50.22706885245901 305
stats: connect 36 1.4449166666666666 0.11505563267876594 13.91 1.138 1.7094200000000002 50
stats: page 268 54.09528731343284 58.650027711591356 319.571 3.745 50.560158415841585 303
stats: tr_Initial_Get_Root 20 59.224800000000016 25.96433602386165 170.207 44.834 63.175749999999994 28
stats: 302 109 228
stats: tr_Post_New_Comment_On_Post 10 11.667000000000002 6.49946328553366 31.073 8.45 14.571230769230773 13
stats: 200 159 345
stats: tr_Get_Post 10 64.9141 6.485349403848648 106.702 60.595 76.56392307692309 13
stats: size_rcv 2817309 5990291
stats: tr_Redirect_Root 37 53.04608108108107 8.907261869982989 94.284 45.267 49.654939393939394 33
stats: newphase 0 1
stats: tr_Redirect_To_Post 13 63.25784615384615 6.409287610073295 148.546 54.778 70.90804166666665 24
stats: size_sent 144224 304999
stats: tr_Get_Root 3 53.86366666666667 4.755500487739318 60.529 45.138 50.129 3
stats: connected 22 45
stats: tr_Post_New_Comment_On_Comment 5 10.8396 1.8730797740619591 80.244 8.355 17.507 12
stats: tr_Get_Logout 6 9.117333333333333 5.145315755347014 20.59 6.195 7.303 3
stats: tr_Post_New_Post 9 9.354333333333335 0.837534211573209 15.666 8.008 11.755749999999999 4
stats: tr_Get_New_Post 9 9.180555555555555 1.2775249604964118 11.657 7.603 9.6995 4
stats: tr_Redirect_To_New_Post 3 17.278666666666666 10.92601099314028 32.713 8.927 10.479 4
stats: tr_Get_Conversations 2 11.5025 5.110499999999999 18.319 6.392 17.761 2
stats: tr_Authenticate_User 35 3858.433142857143 2303.388944015915 11659.563 144.264 3402.0014736842113 38
stats: tr_Get_Login 6 9.073500000000001 3.438180659883945 16.726 5.622 7.163666666666667 3
stats: tr_Post_Login 4 124.52525 0.974004716364352 126.225 123.135 125.58366666666666 3
stats: tr_Get_New_Conversation 1 288.537 0.0 288.537 196.082 199.208 2
stats: tr_Post_New_Conversation 0 0 0 56.41 53.336 54.873 2
stats: tr_Redirect_To_New_Conversation 0 0 0 52.554 44.548 48.551 2
stats: tr_Redirect_To_Same_Conversation 0 0 0 53.418 16.208 34.813 2
stats: tr_Reply_To_Conversation 0 0 0 71.057 61.514 66.2855 2
stats: tr_Get_New_Book 3 7.388999999999999 1.4734492412929145 9.456 6.127 8.292857142857143 7
stats: tr_Post_New_Book 1 7.339 0.0 9.236 6.406 7.5004285714285714 7
stats: tr_Redirect_To_New_Book 2 16.123 8.834 24.957 7.289 10.578833333333334 6
stats: tr_Get_Book 12 213.9418333333333 33.079361891349855 319.683 192.644 202.541 5
# stats: dump at 1575886603
stats: users 13 52
stats: {recvpackets,"tsung_controller@ip-172-31-46-69"} 1 2829.0 0.0 2829 96 676.2 5
stats: {sentpackets,"tsung_controller@ip-172-31-46-69"} 1 1007.0 0.0 1007 39 272.6 5
stats: {cpu,"tsung_controller@ip-172-31-46-69"} 1 0.05725588174057881 0.0 0.05725588174057881 0.004163717366865137 0.015827853122474447 6
stats: {load,"tsung_controller@ip-172-31-46-69"} 1 0.0 0.0 0.0 0.0 0.0 6
stats: {freemem,"tsung_controller@ip-172-31-46-69"} 1 375555.68359375 0.0 375589.82421875 375555.68359375 375581.330078125 6
stats: session 31 14494.23729032258 4636.839655611443 27790.906 4411.069 13086.760476190477 42
stats: users_count 0 86
stats: finish_users_count 31 73
stats: request 150 43.62821999999999 61.5459414432146 401.07 3.745 52.03628795811519 573
stats: connect 0 0 0 13.91 1.138 1.5986976744186046 86
stats: page 147 44.52271428571428 62.67382349999755 401.07 3.745 52.21937828371279 571
stats: tr_Initial_Get_Root 0 0 0 170.207 44.834 61.52952083333334 48
stats: 302 61 289
stats: tr_Post_New_Comment_On_Post 7 9.802142857142856 0.9874630450331406 31.073 8.195 13.308521739130438 23
stats: 200 89 434
stats: tr_Get_Post 7 63.54814285714285 3.8409437987695316 106.702 60.053 71.49878260869566 23
stats: size_rcv 1879216 7869507
stats: tr_Redirect_Root 16 57.90393749999999 14.729117151363612 112.49 45.267 51.44739999999999 70
stats: newphase 0 1
stats: tr_Redirect_To_Post 18 61.89183333333334 6.024432211604859 148.546 53.171 68.22013513513512 37
stats: size_sent 90518 395517
stats: tr_Get_Root 0 0 0 60.529 45.138 51.99633333333333 6
stats: connected -31 14
stats: tr_Post_New_Comment_On_Comment 11 9.206272727272728 0.6728430981371094 80.244 8.301 15.546000000000003 17
stats: tr_Get_Logout 1 6.049 0.0 20.59 6.049 8.512555555555556 9
stats: tr_Post_New_Post 10 9.0545 0.5405301564205276 15.666 8.008 10.093230769230768 13
stats: tr_Get_New_Post 10 9.3896 3.222429555475186 18.696 7.433 9.34023076923077 13
stats: tr_Redirect_To_New_Post 11 11.05418181818182 2.5652594346268653 32.713 8.927 13.393142857142857 7
stats: tr_Get_Conversations 2 12.5225 4.789500000000001 18.319 6.392 14.63175 4
stats: tr_Authenticate_User 13 6527.967307692308 3341.8283335026554 13272.591 144.264 3620.838575342466 73
stats: tr_Get_Login 1 6.712 0.0 16.726 5.622 8.43688888888889 9
stats: tr_Post_Login 3 124.87299999999999 0.4714452955186422 126.225 123.135 124.97885714285714 7
stats: tr_Get_New_Conversation 3 324.73966666666666 54.56984280921305 401.294 196.082 228.98433333333332 3
stats: tr_Post_New_Conversation 4 26.237249999999996 14.354385799730336 56.41 17.314 54.873 2
stats: tr_Redirect_To_New_Conversation 3 27.599333333333334 17.10572602635997 52.554 15.15 48.551 2
stats: tr_Redirect_To_Same_Conversation 3 45.312333333333335 20.60886981105196 63.829 16.208 34.813 2
stats: tr_Reply_To_Conversation 3 48.35300000000001 19.222446271655098 71.057 23.669 66.2855 2
stats: tr_Get_New_Book 5 7.9932 0.6582089030087637 9.456 6.127 8.0217 10
stats: tr_Post_New_Book 7 7.226857142857143 0.29628722964208154 9.236 6.406 7.48025 8
stats: tr_Redirect_To_New_Book 4 7.5085 0.41813484667030554 24.957 7.005 11.964875 8
stats: tr_Get_Book 6 200.9955 8.39497259773173 319.683 191.869 210.5886470588235 17
# stats: dump at 1575886613
stats: users 1 52
stats: {recvpackets,"tsung_controller@ip-172-31-46-69"} 1 1305.0 0.0 2829 96 1035.0 6
stats: {sentpackets,"tsung_controller@ip-172-31-46-69"} 1 469.0 0.0 1007 39 395.0 6
stats: {cpu,"tsung_controller@ip-172-31-46-69"} 1 0.02290020714278279 0.0 0.05725588174057881 0.004163717366865137 0.02174614292506078 7
stats: {load,"tsung_controller@ip-172-31-46-69"} 1 0.0 0.0 0.0 0.0 0.0 7
stats: {freemem,"tsung_controller@ip-172-31-46-69"} 1 375570.3046875 0.0 375589.82421875 375555.68359375 375577.66629464284 7
stats: session 12 18569.268416666666 2892.169351731714 27790.906 4411.069 13684.456109589042 73
stats: users_count 0 86
stats: finish_users_count 12 85
stats: request 27 31.656185185185176 24.03112682125081 401.07 3.745 50.2918755186722 723
stats: connect 0 0 0 13.91 1.138 1.5986976744186046 86
stats: page 26 32.881192307692295 25.237113976198486 401.07 3.745 50.64359888579387 718
stats: tr_Initial_Get_Root 0 0 0 170.207 44.834 61.52952083333334 48
stats: 302 7 296
stats: tr_Post_New_Comment_On_Post 2 9.795 0.6059999999999999 31.073 8.195 12.490366666666668 30
stats: 200 20 454
stats: tr_Get_Post 2 61.8985 0.5195000000000007 106.702 60.053 69.64363333333334 30
stats: size_rcv 537234 8406741
stats: tr_Redirect_Root 0 0 0 112.49 45.267 52.648616279069756 86
stats: newphase 0 1
stats: tr_Redirect_To_Post 9 62.446 6.527260970558616 148.546 53.171 66.14905454545453 55
stats: size_sent 15117 410634
stats: tr_Get_Root 0 0 0 60.529 45.138 51.99633333333333 6
stats: connected -13 1
stats: tr_Post_New_Comment_On_Comment 4 9.41575 0.2074251370977008 80.244 8.301 13.05539285714286 28
stats: tr_Get_Logout 0 0 0 20.59 6.049 8.266200000000001 10
stats: tr_Post_New_Post 0 0 0 15.666 8.008 9.641608695652174 23
stats: tr_Get_New_Post 0 0 0 18.696 7.433 9.361695652173914 23
stats: tr_Redirect_To_New_Post 4 10.183 0.3730730491472147 32.713 8.927 11.963777777777779 18
stats: tr_Get_Conversations 0 0 0 18.319 6.392 13.928666666666667 6
stats: tr_Authenticate_User 0 0 0 13272.591 144.264 4060.2882674418606 86
stats: tr_Get_Login 0 0 0 16.726 5.622 8.2644 10
stats: tr_Post_Login 0 0 0 126.225 123.135 124.9471 10
stats: tr_Get_New_Conversation 0 0 0 401.294 196.082 276.862 6
stats: tr_Post_New_Conversation 0 0 0 56.41 17.314 35.7825 6
stats: tr_Redirect_To_New_Conversation 1 18.253 0.0 52.554 15.15 35.980000000000004 5
stats: tr_Redirect_To_Same_Conversation 1 42.746 0.0 63.829 16.208 41.1126 5
stats: tr_Reply_To_Conversation 1 23.666 0.0 71.057 23.666 55.525999999999996 5
stats: tr_Get_New_Book 0 0 0 9.456 6.127 8.0122 15
stats: tr_Post_New_Book 0 0 0 9.236 6.406 7.362 15
stats: tr_Redirect_To_New_Book 3 7.853000000000001 0.5168907041145155 24.957 7.005 10.479416666666665 12
stats: tr_Get_Book 0 0 0 319.683 191.869 208.0860869565217 23
# stats: dump at 1575886623
stats: users 65 65
stats: {recvpackets,"tsung_controller@ip-172-31-46-69"} 1 325.0 0.0 2829 96 1073.5714285714287 7
stats: {sentpackets,"tsung_controller@ip-172-31-46-69"} 1 91.0 0.0 1007 39 405.57142857142856 7
stats: {cpu,"tsung_controller@ip-172-31-46-69"} 1 0.0052059472741660074 0.0 0.05725588174057881 0.004163717366865137 0.021890400952276033 8
stats: {load,"tsung_controller@ip-172-31-46-69"} 1 0.0 0.0 0.0 0.0 0.0 8
stats: {freemem,"tsung_controller@ip-172-31-46-69"} 1 375573.34765625 0.0 375589.82421875 375555.68359375 375576.74609375 8
stats: session 2 17031.6925 11285.159500000002 28316.852 4411.069 14374.076670588236 85
stats: users_count 66 152
stats: finish_users_count 2 87
stats: request 192 51.02676562499999 50.34765134089202 401.07 3.745 49.62099066666666 750
stats: connect 65 1.6090153846153847 1.252824408990866 13.91 1.08 1.5986976744186046 86
stats: page 192 51.02676562499999 50.34765134089202 401.07 3.745 50.022869623655914 744
stats: tr_Initial_Get_Root 33 61.01693939393941 20.58266428838716 175.244 44.834 61.52952083333334 48
stats: 302 69 365
stats: tr_Post_New_Comment_On_Post 3 10.085999999999999 1.4864523761852124 31.073 8.195 12.321906250000001 32
stats: 200 123 577
stats: tr_Get_Post 3 60.962999999999994 0.9511932856505374 106.702 59.736 69.1595625 32
stats: size_rcv 1644243 10050984
stats: tr_Redirect_Root 18 68.36516666666665 28.622622028835085 179.805 45.267 52.648616279069756 86
stats: newphase 1 2
stats: tr_Redirect_To_Post 3 68.85733333333333 3.339855319554359 148.546 53.171 65.62831249999999 64
stats: size_sent 87145 497779
stats: tr_Get_Root 10 59.3423 4.335489177705324 65.522 45.138 51.99633333333333 6
stats: connected 63 64
stats: tr_Post_New_Comment_On_Comment 1 9.735 0.0 80.244 8.301 12.600437500000002 32
stats: tr_Get_Logout 2 6.3725000000000005 0.13249999999999962 20.59 6.049 8.266200000000001 10
stats: tr_Post_New_Post 0 0 0 15.666 8.008 9.641608695652174 23
stats: tr_Get_New_Post 0 0 0 18.696 7.433 9.361695652173914 23
stats: tr_Redirect_To_New_Post 1 11.801 0.0 32.713 8.927 11.640000000000002 22
stats: tr_Get_Conversations 0 0 0 18.319 6.392 13.928666666666667 6
stats: tr_Authenticate_User 30 2279.6715666666664 1257.1047145380446 13272.591 144.264 4060.2882674418606 86
stats: tr_Get_Login 1 5.326 0.0 16.726 5.326 8.2644 10
stats: tr_Post_Login 0 0 0 126.225 123.135 124.9471 10
stats: tr_Get_New_Conversation 0 0 0 401.294 196.082 276.862 6
stats: tr_Post_New_Conversation 0 0 0 56.41 17.314 35.7825 6
stats: tr_Redirect_To_New_Conversation 0 0 0 52.554 15.15 33.0255 6
stats: tr_Redirect_To_Same_Conversation 0 0 0 63.829 16.208 41.38483333333333 6
stats: tr_Reply_To_Conversation 0 0 0 71.057 23.666 50.216 6
stats: tr_Get_New_Book 1 6.649 0.0 9.456 6.127 8.0122 15
stats: tr_Post_New_Book 1 6.597 0.0 9.236 6.406 7.362 15
stats: tr_Redirect_To_New_Book 0 0 0 24.957 7.005 9.954133333333333 15
stats: tr_Get_Book 1 263.566 0.0 319.683 191.869 208.0860869565217 23
# stats: dump at 1575886633
stats: users 92 105
stats: {recvpackets,"tsung_controller@ip-172-31-46-69"} 1 2305.0 0.0 2829 96 980.0000000000001 8
stats: {sentpackets,"tsung_controller@ip-172-31-46-69"} 1 1014.0 0.0 1014 39 366.25 8
stats: {cpu,"tsung_controller@ip-172-31-46-69"} 1 0.0437172120909318 0.0 0.05725588174057881 0.004163717366865137 0.020036572765819365 9
stats: {load,"tsung_controller@ip-172-31-46-69"} 1 0.0 0.0 0.0 0.0 0.0 9
stats: {freemem,"tsung_controller@ip-172-31-46-69"} 1 375554.54296875 0.0 375589.82421875 375554.54296875 375576.3684895833 9
stats: session 27 9949.21066666667 2467.4567932331397 28316.852 4411.069 14435.171287356321 87
stats: users_count 54 206
stats: finish_users_count 27 114
stats: request 499 54.648731462925845 66.50909545787916 620.929 3.745 49.90751804670912 942
stats: connect 55 1.4712181818181824 0.3889518638555345 13.91 1.08 1.6031390728476822 151
stats: page 499 54.648731462925845 66.50909545787916 620.929 3.745 50.228797008547005 936
stats: tr_Initial_Get_Root 37 68.02021621621623 22.97364344862612 188.652 44.834 61.320691358024696 81
stats: 302 210 575
stats: tr_Post_New_Comment_On_Post 22 10.582363636363638 3.8351450315761393 31.073 8.109 12.130257142857143 35
stats: 200 289 866
stats: tr_Get_Post 22 72.35745454545454 31.853909638346344 215.113 59.736 68.45700000000001 35
stats: size_rcv 5435482 15486466
stats: tr_Redirect_Root 69 65.05678260869566 12.979365121327815 179.805 45.267 55.36878846153846 104
stats: newphase 0 2
stats: tr_Redirect_To_Post 25 68.63259999999998 12.955198928615493 148.546 53.171 65.77289552238805 67
stats: size_sent 276749 774528
stats: tr_Get_Root 5 60.251 6.188181736180672 69.033 45.138 56.587562500000004 16
stats: connected 31 95
stats: tr_Post_New_Comment_On_Comment 15 19.100466666666662 30.117079019202517 131.182 8.301 12.513606060606064 33
stats: tr_Get_Logout 4 7.201499999999999 0.3614654201994986 20.59 6.049 7.950583333333334 12
stats: tr_Post_New_Post 13 11.941076923076924 7.345197294952339 35.629 8.008 9.641608695652174 23
stats: tr_Get_New_Post 13 8.644076923076922 0.5952653527937658 18.696 7.427 9.361695652173914 23
stats: tr_Redirect_To_New_Post 6 11.0755 0.515112851713098 32.713 8.927 11.647000000000002 23
stats: tr_Get_Conversations 7 9.530000000000001 3.1101983859554676 18.319 6.392 13.928666666666667 6
stats: tr_Authenticate_User 67 4005.5029552238802 2499.272622226389 13272.591 144.264 3599.7839482758623 116
stats: tr_Get_Login 5 7.1952 0.799340578226828 16.726 5.326 7.997272727272727 11
stats: tr_Post_Login 4 126.78649999999999 1.9356743656927415 130.093 123.135 124.9471 10
stats: tr_Get_New_Conversation 4 484.42175 88.92644960689424 621.081 196.082 276.862 6
stats: tr_Post_New_Conversation 3 33.46033333333333 22.317394118091435 65.02 17.314 35.7825 6
stats: tr_Redirect_To_New_Conversation 0 0 0 52.554 15.15 33.0255 6
stats: tr_Redirect_To_Same_Conversation 0 0 0 63.829 16.208 41.38483333333333 6
stats: tr_Reply_To_Conversation 0 0 0 71.057 23.666 50.216 6
stats: tr_Get_New_Book 13 7.949923076923076 1.8556689634132346 13.308 6.123 7.927 16
stats: tr_Post_New_Book 11 6.947272727272727 0.7645258888427151 9.236 6.005 7.3141875 16
stats: tr_Redirect_To_New_Book 5 7.2856000000000005 0.1571287370279544 24.957 6.997 9.954133333333333 15
stats: tr_Get_Book 13 220.3778461538461 36.37395730431777 341.083 191.869 210.39774999999997 24
# stats: dump at 1575886643
stats: users 29 105
stats: {recvpackets,"tsung_controller@ip-172-31-46-69"} 1 5124.0 0.0 5124 96 1127.2222222222222 9
stats: {sentpackets,"tsung_controller@ip-172-31-46-69"} 1 1825.0 0.0 1825 39 438.22222222222223 9
stats: {cpu,"tsung_controller@ip-172-31-46-69"} 1 0.09888725811656206 0.0 0.09888725811656206 0.004163717366865137 0.022404636698330607 10
stats: {load,"tsung_controller@ip-172-31-46-69"} 1 0.0 0.0 0.0 0.0 0.0 10
stats: {freemem,"tsung_controller@ip-172-31-46-69"} 1 375533.5703125 0.0 375589.82421875 375533.5703125 375574.1859375 10
stats: session 63 15766.24468253968 3467.256592926822 28316.852 4411.069 13372.706929824562 114
stats: users_count 0 206
stats: finish_users_count 63 177
stats: request 300 60.37372000000004 103.10433196894105 620.929 3.745 51.54934004163774 1441
stats: connect 0 0 0 13.91 1.08 1.5679174757281555 206
stats: page 292 62.033835616438374 104.14734114731479 620.929 3.745 51.76576376306619 1435
stats: tr_Initial_Get_Root 0 0 0 188.652 44.834 63.42138983050848 118
stats: 302 109 684
stats: tr_Post_New_Comment_On_Post 10 10.4505 2.7268062362404852 31.073 8.109 11.53282456140351 57
stats: 200 191 1057
stats: tr_Get_Post 10 68.446 15.30348917730855 215.113 59.616 69.96243859649124 57
stats: size_rcv 3982207 19468673
stats: tr_Redirect_Root 32 83.78353125 35.937180870743376 245.503 45.267 59.232786127167635 173
stats: newphase 0 2
stats: tr_Redirect_To_Post 34 68.84158823529411 24.684072995637873 197.926 53.171 66.54998913043478 92
stats: size_sent 174924 949452
stats: tr_Get_Root 0 0 0 69.033 45.138 57.45980952380952 21
stats: connected -63 32
stats: tr_Post_New_Comment_On_Comment 15 11.468933333333332 3.8640299768793485 131.182 8.301 14.572000000000001 48
stats: tr_Get_Logout 3 6.906 0.7727837127338197 20.59 6.049 7.7633125000000005 16
stats: tr_Post_New_Post 14 9.516428571428573 2.4831034934500154 35.629 7.84 10.471972222222222 36
stats: tr_Get_New_Post 14 8.833428571428572 0.7828752604785693 18.696 7.427 9.102555555555556 36
stats: tr_Redirect_To_New_Post 17 10.631529411764705 2.8341906224580353 32.713 8.927 11.528758620689658 29
stats: tr_Get_Conversations 8 7.620875 0.559194384248447 18.319 6.392 11.560153846153847 13
stats: tr_Authenticate_User 22 6394.733227272727 3104.04858049271 14951.306 144.264 3748.3258797814206 183
stats: tr_Get_Login 2 6.609500000000001 1.2464999999999995 16.726 5.326 7.746625 16
stats: tr_Post_Login 4 128.81675 4.740449734729814 136.787 123.135 125.47264285714286 14
stats: tr_Get_New_Conversation 11 507.62772727272727 51.160323751713754 621.081 196.082 359.8859 10
stats: tr_Post_New_Conversation 12 18.726666666666667 2.6139501504215574 65.02 16.201 35.00844444444445 9
stats: tr_Redirect_To_New_Conversation 9 18.415555555555557 4.135766947848196 52.554 14.649 33.0255 6
stats: tr_Redirect_To_Same_Conversation 8 17.7805 1.8141196900976522 63.829 16.154 41.38483333333333 6
stats: tr_Reply_To_Conversation 8 29.069875 11.374237067134437 71.057 22.786 50.216 6
stats: tr_Get_New_Book 11 6.681909090909088 0.6077124700719836 13.308 5.961 7.937275862068965 29
stats: tr_Post_New_Book 13 7.484769230769231 0.9556540373237872 9.819 6.005 7.164703703703704 27
stats: tr_Redirect_To_New_Book 16 7.708562499999999 1.1377330513322315 24.957 6.322 9.286999999999999 20
stats: tr_Get_Book 16 208.0770625 15.768737502843837 341.083 191.869 213.90427027027025 37
# stats: dump at 1575886653
stats: users 4 105
stats: {recvpackets,"tsung_controller@ip-172-31-46-69"} 1 3063.0 0.0 5124 96 1526.9 10
stats: {sentpackets,"tsung_controller@ip-172-31-46-69"} 1 1062.0 0.0 1825 39 576.9 10
stats: {cpu,"tsung_controller@ip-172-31-46-69"} 1 0.057247538355850704 0.0 0.09888725811656206 0.004163717366865137 0.029357602281806193 11
stats: {load,"tsung_controller@ip-172-31-46-69"} 1 0.0 0.0 0.0 0.0 0.0 11
stats: {freemem,"tsung_controller@ip-172-31-46-69"} 1 375550.23046875 0.0 375589.82421875 375533.5703125 375570.49360795453 11
stats: session 25 21421.399040000004 4263.146010879705 31094.939 4411.069 14224.644096045196 177
stats: users_count 0 206
stats: finish_users_count 25 202
stats: request 69 32.20998550724637 48.49607573410952 620.929 3.745 53.06991097070649 1741
stats: connect 0 0 0 13.91 1.08 1.5679174757281555 206
stats: page 63 35.29085714285713 50.36362606524583 620.929 3.745 53.50188245512449 1727
stats: tr_Initial_Get_Root 0 0 0 188.652 44.834 63.42138983050848 118
stats: 302 21 705
stats: tr_Post_New_Comment_On_Post 0 0 0 31.073 8.109 11.371283582089553 67
stats: 200 48 1105
stats: tr_Get_Post 0 0 0 215.113 59.616 69.73610447761196 67
stats: size_rcv 696227 20164900
stats: tr_Redirect_Root 1 71.48 0.0 245.503 45.267 63.065097560975616 205
stats: newphase 0 2
stats: tr_Redirect_To_Post 8 65.5145 17.559353191390624 197.926 53.171 67.16835714285715 126
stats: size_sent 39194 988646
stats: tr_Get_Root 0 0 0 69.033 45.138 57.45980952380952 21
stats: connected -28 4
stats: tr_Post_New_Comment_On_Comment 4 21.085250000000002 19.98285919700932 131.182 8.301 13.833174603174603 63
stats: tr_Get_Logout 0 0 0 20.59 6.049 7.6279473684210535 19
stats: tr_Post_New_Post 7 8.993857142857143 0.30509362898785525 35.629 7.84 10.20442 50
stats: tr_Get_New_Post 7 9.097714285714286 0.4979132782453805 18.696 7.427 9.0272 50
stats: tr_Redirect_To_New_Post 9 10.13411111111111 0.5023224826177007 32.713 8.927 11.19717391304348 46
stats: tr_Get_Conversations 0 0 0 18.319 6.392 10.059476190476191 21
stats: tr_Authenticate_User 1 8843.031 0.0 14951.306 144.264 4032.330570731707 205
stats: tr_Get_Login 1 5.987 0.0 16.726 5.326 7.620277777777777 18
stats: tr_Post_Login 1 123.84 0.0 136.787 123.135 126.21577777777777 18
stats: tr_Get_New_Conversation 0 0 0 621.081 196.082 437.27447619047615 21
stats: tr_Post_New_Conversation 0 0 0 65.02 16.201 25.70457142857143 21
stats: tr_Redirect_To_New_Conversation 5 17.5128 2.1846463695527474 52.554 14.649 24.259533333333334 15
stats: tr_Redirect_To_Same_Conversation 6 16.0015 0.49677451289963226 63.829 15.482 27.896642857142858 14
stats: tr_Reply_To_Conversation 6 22.93433333333334 0.5843505416747353 71.057 21.935 38.1325 14
stats: tr_Get_New_Book 2 10.6225 4.5685 15.191 5.961 7.592049999999999 40
stats: tr_Post_New_Book 2 6.728 0.3470000000000002 9.819 6.005 7.268725000000001 40
stats: tr_Redirect_To_New_Book 5 7.509399999999999 0.19712087662142772 24.957 6.322 8.585472222222222 36
stats: tr_Get_Book 4 203.43575 4.685081556120436 341.083 191.869 212.14511320754715 53
# stats: dump at 1575886663
stats: users 33 105
stats: {recvpackets,"tsung_controller@ip-172-31-46-69"} 1 472.0 0.0 5124 96 1666.5454545454545 11
stats: {sentpackets,"tsung_controller@ip-172-31-46-69"} 1 215.0 0.0 1825 39 621.0 11
stats: {cpu,"tsung_controller@ip-172-31-46-69"} 1 0.008327868169846871 0.0 0.09888725811656206 0.004163717366865137 0.0316817636213099 12
stats: {load,"tsung_controller@ip-172-31-46-69"} 1 0.0 0.0 0.0 0.0 0.0 12
stats: {freemem,"tsung_controller@ip-172-31-46-69"} 1 375559.52734375 0.0 375589.82421875 375533.5703125 375568.8050130208 12
stats: session 4 29332.225 3046.4552502627544 33350.676 4411.069 15115.331589108911 202
stats: users_count 33 239
stats: finish_users_count 4 206
stats: request 57 59.699736842105274 64.58929056482654 620.929 3.745 52.274698342541434 1810
stats: connect 30 1.3941666666666663 0.10556485631538978 13.91 1.08 1.5679174757281555 206
stats: page 56 60.76944642857145 64.7733628030733 620.929 3.745 52.86093575418993 1790
stats: tr_Initial_Get_Root 18 88.45266666666666 28.703709318948075 203.667 44.834 63.42138983050848 118
stats: 302 13 718
stats: tr_Post_New_Comment_On_Post 0 0 0 31.073 8.109 11.371283582089553 67
stats: 200 44 1149
stats: tr_Get_Post 0 0 0 215.113 59.616 69.73610447761196 67
stats: size_rcv 605023 20769923
stats: tr_Redirect_Root 1 72.911 0.0 245.503 45.267 63.10594660194175 206
stats: newphase 1 3
stats: tr_Redirect_To_Post 0 0 0 197.926 53.171 67.06961940298507 134
stats: size_sent 20577 1009223
stats: tr_Get_Root 1 74.826 0.0 74.826 45.138 57.45980952380952 21
stats: connected 26 30
stats: tr_Post_New_Comment_On_Comment 0 0 0 131.182 8.301 14.26613432835821 67
stats: tr_Get_Logout 0 0 0 20.59 6.049 7.6279473684210535 19
stats: tr_Post_New_Post 0 0 0 35.629 7.84 10.055754385964914 57
stats: tr_Get_New_Post 0 0 0 18.696 7.427 9.035859649122807 57
stats: tr_Redirect_To_New_Post 2 10.291 0.06199999999999983 32.713 8.927 11.023218181818182 55
stats: tr_Get_Conversations 0 0 0 18.319 6.392 10.059476190476191 21
stats: tr_Authenticate_User 6 1335.5718333333334 914.3835885832992 14951.306 144.264 4055.683485436893 206
stats: tr_Get_Login 0 0 0 16.726 5.326 7.534315789473683 19
stats: tr_Post_Login 0 0 0 136.787 123.135 126.09073684210527 19
stats: tr_Get_New_Conversation 0 0 0 621.081 196.082 437.27447619047615 21
stats: tr_Post_New_Conversation 0 0 0 65.02 16.201 25.70457142857143 21
stats: tr_Redirect_To_New_Conversation 1 14.305 0.0 52.554 14.305 22.57285 20
stats: tr_Redirect_To_Same_Conversation 1 17.035 0.0 63.829 15.482 24.3281 20
stats: tr_Reply_To_Conversation 1 23.751 0.0 71.057 21.935 33.57305 20
stats: tr_Get_New_Book 0 0 0 15.191 5.961 7.736357142857142 42
stats: tr_Post_New_Book 0 0 0 9.819 6.005 7.242976190476192 42
stats: tr_Redirect_To_New_Book 1 7.933 0.0 24.957 6.322 8.454243902439025 41
stats: tr_Get_Book 0 0 0 341.083 191.869 211.5339298245614 57
# stats: dump at 1575886673
stats: users 186 186
stats: {recvpackets,"tsung_controller@ip-172-31-46-69"} 1 1327.0 0.0 5124 96 1567.0 12
stats: {sentpackets,"tsung_controller@ip-172-31-46-69"} 1 562.0 0.0 1825 39 587.1666666666666 12
stats: {cpu,"tsung_controller@ip-172-31-46-69"} 1 0.017699667870938185 0.0 0.09888725811656206 0.004163717366865137 0.029885310125043515 13
stats: {load,"tsung_controller@ip-172-31-46-69"} 1 0.0 0.0 0.0 0.0 0.0 13
stats: {freemem,"tsung_controller@ip-172-31-46-69"} 1 375563.76171875 0.0 375589.82421875 375533.5703125 375568.0913461539 13
stats: session 14 7523.285499999999 1806.755598407099 33350.676 4411.069 15391.38777184466 206
stats: users_count 167 406
stats: finish_users_count 14 220
stats: request 705 66.56101276595734 79.53556138861833 1012.025 3.745 52.501386716657734 1867
stats: connect 168 1.407517857142857 0.44944755736790876 13.91 1.02 1.5458305084745765 236
stats: page 705 66.56101276595734 79.53556138861833 1012.025 3.745 53.10084723726977 1846
stats: tr_Initial_Get_Root 102 98.35860784313725 38.282753029181066 225.501 44.834 66.73435294117648 136
stats: 302 275 993
stats: tr_Post_New_Comment_On_Post 24 12.114833333333332 4.731273398591782 31.073 8.109 11.371283582089553 67
stats: 200 430 1579
stats: tr_Get_Post 24 70.41758333333333 9.623680116933208 215.113 59.616 69.73610447761196 67
stats: size_rcv 8428741 29198664
stats: tr_Redirect_Root 73 96.55154794520547 35.4089225563821 245.503 45.267 63.15331400966184 207
stats: newphase 0 3
stats: tr_Redirect_To_Post 22 78.44613636363637 32.35889204235333 197.926 53.171 67.06961940298507 134
stats: size_sent 348493 1357716
stats: tr_Get_Root 13 91.9493076923077 24.07138308123958 169.478 45.138 58.24918181818182 22
stats: connected 154 184
stats: tr_Post_New_Comment_On_Comment 10 10.503400000000003 1.443512951102275 131.182 8.301 14.26613432835821 67
stats: tr_Get_Logout 10 7.2241 1.1056300873257747 20.59 5.63 7.6279473684210535 19
stats: tr_Post_New_Post 6 9.425500000000001 1.2992818208533512 35.629 7.84 10.055754385964914 57
stats: tr_Get_New_Post 6 9.639333333333333 1.13833909222555 18.696 7.427 9.035859649122807 57
stats: tr_Redirect_To_New_Post 2 9.957 1.068000000000001 32.713 8.889 10.997526315789475 57
stats: tr_Get_Conversations 3 8.307 0.9570527676152447 18.319 6.392 10.059476190476191 21
stats: tr_Authenticate_User 98 3388.5698163265306 2223.6159682104408 14951.306 144.264 3978.6991933962263 212
stats: tr_Get_Login 7 7.747571428571429 1.8367547357183196 16.726 5.326 7.534315789473683 19
stats: tr_Post_Login 5 128.5094 3.4542669613103127 136.787 123.135 126.09073684210527 19
stats: tr_Get_New_Conversation 2 959.7170000000001 52.44500000000002 1012.162 196.082 437.27447619047615 21
stats: tr_Post_New_Conversation 0 0 0 65.02 16.201 25.70457142857143 21
stats: tr_Redirect_To_New_Conversation 0 0 0 52.554 14.305 22.179142857142857 21
stats: tr_Redirect_To_Same_Conversation 0 0 0 63.829 15.482 23.980809523809526 21
stats: tr_Reply_To_Conversation 0 0 0 71.057 21.935 33.105333333333334 21
stats: tr_Get_New_Book 5 8.4724 2.6313186504108543 15.191 5.961 7.736357142857142 42
stats: tr_Post_New_Book 4 7.0755 0.507120054819369 9.819 6.005 7.242976190476192 42
stats: tr_Redirect_To_New_Book 1 21.937 0.0 24.957 6.322 8.441833333333333 42
stats: tr_Get_Book 12 293.7628333333333 96.11118240422856 512.738 191.869 211.5339298245614 57
# stats: dump at 1575886683
stats: users 113 201
stats: {recvpackets,"tsung_controller@ip-172-31-46-69"} 1 9072.0 0.0 9072 96 1548.5384615384614 13
stats: {sentpackets,"tsung_controller@ip-172-31-46-69"} 1 3170.0 0.0 3170 39 585.2307692307693 13
stats: {cpu,"tsung_controller@ip-172-31-46-69"} 1 0.16339869281045752 0.0 0.16339869281045752 0.004163717366865137 0.029014907106893136 14
stats: {load,"tsung_controller@ip-172-31-46-69"} 1 0.0 0.0 0.0 0.0 0.0 14
stats: {freemem,"tsung_controller@ip-172-31-46-69"} 1 375481.62109375 0.0 375589.82421875 375481.62109375 375567.7820870536 14
stats: session 102 12522.502882352943 3457.25004044469 33350.676 4411.069 14890.690354545455 220
stats: users_count 29 435
stats: finish_users_count 102 322
stats: tr_Initial_Get_Root 18 118.30844444444443 39.948921767151916 225.501 44.834 80.2876050420168 238
stats: 302 378 1371
stats: request 900 73.71298777777774 126.28301387966661 1372.802 3.716 56.35521111975113 2572
stats: page 895 74.1257251396647 126.54706836794405 1372.802 3.716 56.82072834182671 2551
stats: connect 31 2.156193548387096 5.394359643418209 31.698 1.02 1.4883143564356436 404
stats: tr_Post_New_Comment_On_Post 42 11.732785714285715 6.8923250985139575 44.826 8.02 11.567384615384617 91
stats: 200 522 2101
stats: tr_Get_Post 42 76.82764285714285 24.562787416296292 215.113 59.616 69.91583516483517 91
stats: size_rcv 13366496 42565160
stats: tr_Redirect_Root 133 115.11690977443611 40.32387458846739 245.503 45.267 71.86071071428572 280
stats: newphase 0 3
stats: tr_Redirect_To_Post 82 73.91918292682925 21.4263972234889 197.926 53.171 68.674 156
stats: size_sent 527687 1885403
stats: tr_Get_Root 3 180.42066666666665 58.104536680786715 260.879 45.138 70.76637142857143 35
stats: connected -67 117
stats: tr_Post_New_Comment_On_Comment 39 10.979435897435895 4.151537378473813 131.182 8.301 13.777467532467533 77
stats: tr_Get_Logout 12 6.560749999999999 0.9643286200772019 20.59 5.468 7.488689655172415 29
stats: tr_Post_New_Post 40 12.022225000000004 6.710393656438869 41.072 7.84 9.99573015873016 63
stats: tr_Get_New_Post 40 13.476849999999999 6.633578319994421 28.723 7.427 9.093333333333334 63
stats: tr_Redirect_To_New_Post 28 11.398357142857146 3.0578730728386745 32.713 8.889 10.962254237288136 59
stats: tr_Get_Conversations 8 8.567250000000001 2.0198515261028467 18.319 6.392 9.840416666666668 24
stats: tr_Authenticate_User 117 4963.817470085471 2843.5591978707075 14951.306 144.264 3792.142164516129 310
stats: tr_Get_Login 14 7.619642857142857 2.705009363784766 16.726 5.326 7.591730769230769 26
stats: tr_Post_Login 13 127.47653846153842 3.1691467333891925 136.787 123.135 126.59462500000001 24
stats: tr_Get_New_Conversation 8 1144.08075 123.51210456646555 1373.019 196.082 482.70426086956525 23
stats: tr_Post_New_Conversation 9 25.904555555555557 18.69739974263273 78.138 16.201 25.70457142857143 21
stats: tr_Redirect_To_New_Conversation 8 20.9515 9.550621092368809 52.554 13.653 22.179142857142857 21
stats: tr_Redirect_To_Same_Conversation 5 20.610200000000003 6.6469950925211325 63.829 15.482 23.980809523809526 21
stats: tr_Reply_To_Conversation 5 35.8226 16.029770211702974 71.057 21.935 33.105333333333334 21
stats: tr_Get_New_Book 24 8.751958333333336 4.3920366050308095 22.708 5.609 7.8146595744680845 47
stats: tr_Post_New_Book 21 7.756952380952383 1.75223034678909 14.304 5.738 7.2284130434782625 46
stats: tr_Redirect_To_New_Book 13 8.175538461538462 2.3063001210858727 24.957 6.322 8.755674418604652 43
stats: tr_Get_Book 44 282.2024545454546 69.92995470061275 512.738 191.869 225.83460869565218 69
# stats: dump at 1575886693
stats: users 16 201
stats: {recvpackets,"tsung_controller@ip-172-31-46-69"} 1 10808.0 0.0 10808 96 2085.9285714285716 14
stats: {sentpackets,"tsung_controller@ip-172-31-46-69"} 1 3539.0 0.0 3539 39 769.8571428571429 14
stats: {cpu,"tsung_controller@ip-172-31-46-69"} 1 0.22065864523918566 0.0 0.22065864523918566 0.004163717366865137 0.03797382615379743 15
stats: {load,"tsung_controller@ip-172-31-46-69"} 1 0.0 0.0 0.0 0.0 0.0 15
stats: {freemem,"tsung_controller@ip-172-31-46-69"} 1 375476.18359375 0.0 375589.82421875 375476.18359375 375562.03802083334 15
stats: session 97 18120.03920618556 3865.661031084007 33350.676 4411.069 14140.519167701865 322
stats: users_count 0 435
stats: finish_users_count 97 419
stats: request 311 55.168987138263645 127.82450394016665 1372.802 3.716 60.8546347926267 3472
stats: page 305 56.25727213114753 128.8926512638494 1372.802 3.716 61.31520661636675 3446
stats: tr_Initial_Get_Root 0 0 0 225.501 44.834 82.9609453125 256
stats: 302 100 1471
stats: connect 0 0 0 31.698 1.02 1.5359103448275861 435
stats: tr_Post_New_Comment_On_Post 8 10.003625000000001 1.5441508133517914 44.826 8.02 11.619616541353384 133
stats: 200 211 2312
stats: tr_Get_Post 8 70.599625 18.263187022926065 215.113 59.616 72.09851127819547 133
stats: size_rcv 4556026 47121186
stats: tr_Redirect_Root 21 107.44780952380954 18.577278881213623 245.503 45.267 85.79067312348668 413
stats: newphase 0 3
stats: tr_Redirect_To_Post 43 64.1565581395349 12.657243419908056 197.926 53.09 70.48116386554622 238
stats: size_sent 179502 2064905
stats: tr_Get_Root 0 0 0 260.879 45.138 79.4232894736842 38
stats: connected -99 18
stats: tr_Post_New_Comment_On_Comment 25 9.349600000000002 0.6673682641540571 131.182 8.138 12.836749999999999 116
stats: tr_Get_Logout 1 6.177 0.0 20.59 5.468 7.21709756097561 41
stats: tr_Post_New_Post 28 9.200714285714286 1.2822009497384583 41.072 7.541 10.782718446601946 103
stats: tr_Get_New_Post 28 11.528571428571427 4.568036772967537 28.723 7.427 10.795669902912621 103
stats: tr_Redirect_To_New_Post 40 10.866175 2.2081425552656238 32.713 8.633 11.1026091954023 87
stats: tr_Get_Conversations 4 7.232 0.21679022118167615 18.319 6.392 9.522125 32
stats: tr_Authenticate_User 8 11865.559250000002 2824.194367126745 16803.362 144.264 4113.18668618267 427
stats: tr_Get_Login 2 5.9350000000000005 0.1759999999999995 16.726 5.326 7.6015 40
stats: tr_Post_Login 4 125.06875000000001 1.6096438076481432 136.787 123.135 126.90448648648648 37
stats: tr_Get_New_Conversation 5 948.7479999999999 104.37833822398214 1373.019 196.082 653.382064516129 31
stats: tr_Post_New_Conversation 6 28.679833333333335 23.59921388109264 81.43 16.201 25.76456666666667 30
stats: tr_Redirect_To_New_Conversation 5 16.9496 3.876674791622326 52.554 13.653 21.84048275862069 29
stats: tr_Redirect_To_Same_Conversation 6 15.446166666666665 0.5080700137666944 63.829 14.716 23.332615384615387 26
stats: tr_Reply_To_Conversation 6 23.319500000000005 0.663456542158814 71.057 21.935 33.627884615384616 26
stats: tr_Get_New_Book 10 7.402800000000001 1.5138072400408187 22.708 5.609 8.13149295774648 71
stats: tr_Post_New_Book 13 8.141846153846153 1.3435659696467825 14.304 5.738 7.394074626865674 67
stats: tr_Redirect_To_New_Book 21 8.448380952380953 2.818841732346487 24.957 6.221 8.621 56
stats: tr_Get_Book 18 221.90633333333332 14.003010247800296 512.738 191.869 247.7831504424779 113
# stats: dump at 1575886703
stats: users 4 201
stats: {recvpackets,"tsung_controller@ip-172-31-46-69"} 1 2819.0 0.0 10808 96 2667.4 15
stats: {sentpackets,"tsung_controller@ip-172-31-46-69"} 1 1119.0 0.0 3539 39 954.4666666666667 15
stats: {cpu,"tsung_controller@ip-172-31-46-69"} 1 0.07703117680737001 0.0 0.22065864523918566 0.004163717366865137 0.049391627346634194 16
stats: {load,"tsung_controller@ip-172-31-46-69"} 1 0.0 0.0 0.0 0.0 0.0 16
stats: {freemem,"tsung_controller@ip-172-31-46-69"} 1 375520.140625 0.0 375589.82421875 375476.18359375 375556.6721191406 16
stats: session 12 23724.773333333334 4099.290206770523 33350.676 4411.069 15061.792303102624 419
stats: users_count 0 435
stats: finish_users_count 12 431
stats: tr_Initial_Get_Root 0 0 0 225.501 44.834 82.9609453125 256
stats: 302 9 1480
stats: request 30 61.18883333333333 155.9003998102813 1372.802 3.716 60.387218345228625 3783
stats: connect 0 0 0 31.698 1.02 1.5359103448275861 435
stats: page 26 70.63165384615387 165.8139810728466 1372.802 3.716 60.90393761663551 3751
stats: tr_Post_New_Comment_On_Post 0 0 0 44.826 8.02 11.527929078014186 141
stats: 200 21 2333
stats: tr_Get_Post 0 0 0 215.113 59.616 72.01346808510638 141
stats: size_rcv 196794 47317980
stats: tr_Redirect_Root 1 110.564 0.0 245.503 45.267 86.83859907834102 434
stats: newphase 0 3
stats: tr_Redirect_To_Post 1 55.379 0.0 197.926 53.09 69.51334163701067 281
stats: size_sent 16424 2081329
stats: tr_Get_Root 0 0 0 260.879 45.138 79.4232894736842 38
stats: connected -14 4
stats: tr_Post_New_Comment_On_Comment 0 0 0 131.182 8.138 12.2184609929078 141
stats: tr_Get_Logout 1 7.195 0.0 20.59 5.468 7.192333333333334 42
stats: tr_Post_New_Post 0 0 0 41.072 7.541 10.444580152671758 131
stats: tr_Get_New_Post 0 0 0 28.723 7.427 10.952320610687023 131
stats: tr_Redirect_To_New_Post 4 16.80475 10.639894251706638 35.227 8.633 11.028141732283466 127
stats: tr_Get_Conversations 2 8.253 0.16600000000000037 18.319 6.392 9.267666666666667 36
stats: tr_Authenticate_User 0 0 0 16803.362 144.264 4255.759055172414 435
stats: tr_Get_Login 1 5.932 0.0 16.726 5.326 7.522142857142858 42
stats: tr_Post_Login 2 123.643 0.3089999999999975 136.787 123.135 126.72539024390241 41
stats: tr_Get_New_Conversation 1 862.715 0.0 1373.019 196.082 694.4051111111112 36
stats: tr_Post_New_Conversation 1 17.8 0.0 81.43 16.201 26.250444444444447 36
stats: tr_Redirect_To_New_Conversation 3 15.637666666666668 0.05342492135906485 52.554 13.653 21.12123529411765 34
stats: tr_Redirect_To_Same_Conversation 4 16.29625 0.6980477687809038 63.829 14.716 21.85390625 32
stats: tr_Reply_To_Conversation 4 23.6385 0.6258935612386507 71.057 21.935 31.695062500000002 32
stats: tr_Get_New_Book 0 0 0 22.708 5.609 8.041530864197531 81
stats: tr_Post_New_Book 1 7.264 0.0 14.304 5.738 7.5155875000000005 80
stats: tr_Redirect_To_New_Book 3 7.765000000000001 0.4159190626391948 24.957 6.221 8.573922077922077 77
stats: tr_Get_Book 1 213.518 0.0 512.738 191.869 244.2275572519084 131
# stats: dump at 1575886713
stats: users 97 201
stats: {recvpackets,"tsung_controller@ip-172-31-46-69"} 1 174.0 0.0 10808 96 2676.875 16
stats: {sentpackets,"tsung_controller@ip-172-31-46-69"} 1 82.0 0.0 3539 39 964.75 16
stats: {cpu,"tsung_controller@ip-172-31-46-69"} 1 0.009369729527140982 0.0 0.22065864523918566 0.004163717366865137 0.05101748319726571 17
stats: {load,"tsung_controller@ip-172-31-46-69"} 1 0.0 0.0 0.0 0.0 0.0 17
stats: {freemem,"tsung_controller@ip-172-31-46-69"} 1 375526.41796875 0.0 375589.82421875 375476.18359375 375554.5232077206 17
stats: session 4 32849.86925 2506.6360501379513 36471.196 4411.069 15302.988990719257 431
stats: users_count 97 532
stats: finish_users_count 4 435
stats: request 148 75.88356756756761 91.33064655061595 1372.802 3.716 60.393525308156285 3813
stats: connect 92 1.4339891304347834 0.3405450712226305 31.698 1.02 1.5359103448275861 435
stats: page 146 76.92512328767125 91.5742900569633 1372.802 3.716 60.970900979613404 3777
stats: tr_Initial_Get_Root 55 121.68687272727269 25.979305827421776 244.008 44.834 82.9609453125 256
stats: 302 21 1501
stats: tr_Post_New_Comment_On_Post 0 0 0 44.826 8.02 11.527929078014186 141
stats: 200 127 2460
stats: tr_Get_Post 0 0 0 215.113 59.616 72.01346808510638 141
stats: size_rcv 2702115 50020095
stats: tr_Redirect_Root 0 0 0 245.503 45.267 86.89314022988506 435
stats: newphase 1 4
stats: tr_Redirect_To_Post 0 0 0 197.926 53.09 69.46321985815602 282
stats: size_sent 44145 2125474
stats: tr_Get_Root 10 153.46409999999997 45.62293268401319 260.879 45.138 79.4232894736842 38
stats: connected 88 92
stats: tr_Post_New_Comment_On_Comment 0 0 0 131.182 8.138 12.2184609929078 141
stats: tr_Get_Logout 0 0 0 20.59 5.468 7.19239534883721 43
stats: tr_Post_New_Post 1 8.938 0.0 41.072 7.541 10.444580152671758 131
stats: tr_Get_New_Post 1 10.756 0.0 28.723 7.427 10.952320610687023 131
stats: tr_Redirect_To_New_Post 1 11.187 0.0 35.227 8.633 11.204526717557252 131
stats: tr_Get_Conversations 0 0 0 18.319 6.392 9.214263157894738 38
stats: tr_Authenticate_User 5 1456.8758000000003 272.396451613012 16803.362 144.264 4255.759055172414 435
stats: tr_Get_Login 0 0 0 16.726 5.326 7.485162790697675 43
stats: tr_Post_Login 0 0 0 136.787 123.135 126.58202325581394 43
stats: tr_Get_New_Conversation 1 877.731 0.0 1373.019 196.082 698.9540270270271 37
stats: tr_Post_New_Conversation 1 20.298 0.0 81.43 16.201 26.022054054054056 37
stats: tr_Redirect_To_New_Conversation 1 15.793 0.0 52.554 13.653 20.676621621621624 37
stats: tr_Redirect_To_Same_Conversation 2 15.8845 0.7724999999999995 63.829 14.716 21.23638888888889 36
stats: tr_Reply_To_Conversation 2 24.403 1.5250000000000012 71.057 21.935 30.79988888888889 36
stats: tr_Get_New_Book 0 0 0 22.708 5.609 8.041530864197531 81
stats: tr_Post_New_Book 0 0 0 14.304 5.738 7.512481481481482 81
stats: tr_Redirect_To_New_Book 1 12.319 0.0 24.957 6.221 8.5435875 80
stats: tr_Get_Book 0 0 0 512.738 191.869 243.9949090909091 132
# stats: dump at 1575886723
stats: users 386 386
stats: {recvpackets,"tsung_controller@ip-172-31-46-69"} 1 3911.0 0.0 10808 96 2529.6470588235293 17
stats: {sentpackets,"tsung_controller@ip-172-31-46-69"} 1 1457.0 0.0 3539 39 912.8235294117648 17
stats: {cpu,"tsung_controller@ip-172-31-46-69"} 1 0.05516523549310434 0.0 0.22065864523918566 0.004163717366865137 0.04870371910448101 18
stats: {load,"tsung_controller@ip-172-31-46-69"} 1 0.0 0.0 0.0 0.0 0.0 18
stats: {freemem,"tsung_controller@ip-172-31-46-69"} 1 375537.546875 0.0 375589.82421875 375476.18359375 375552.96180555556 18
stats: session 25 8973.63848 1671.3108772560327 36471.196 4411.069 15464.339613793103 435
stats: users_count 314 846
stats: finish_users_count 25 460
stats: request 1402 132.89020114122695 199.71097113689493 2884.78 3.716 60.97229992426153 3961
stats: connect 314 1.4044267515923556 0.9288819606731367 31.698 0.914 1.5181176470588236 527
stats: tr_Initial_Get_Root 162 268.3167592592592 235.29384498654693 1247.177 44.834 89.80958199356913 311
stats: page 1402 132.89020114122695 199.71097113689493 2884.78 3.716 61.5646599541167 3923
stats: 302 595 2096
stats: tr_Post_New_Comment_On_Post 38 33.02386842105263 51.14506639383759 288.686 8.02 11.527929078014186 141
stats: 200 807 3267
stats: tr_Get_Post 38 145.53231578947367 119.7996469066287 542.332 59.616 72.01346808510638 141
stats: size_rcv 19794263 69814358
stats: tr_Redirect_Root 157 339.64698726114636 258.20783461249533 1470.37 45.267 86.89314022988506 435
stats: newphase 0 4
stats: tr_Redirect_To_Post 36 175.33525 158.78520842939145 802.242 53.09 69.46321985815602 282
stats: size_sent 751827 2877301
stats: tr_Get_Root 42 255.4330714285714 165.51864528611887 859.511 45.138 94.84845833333333 48
stats: connected 290 382
stats: tr_Post_New_Comment_On_Comment 21 41.77957142857143 51.549745276329176 186.541 8.138 12.2184609929078 141
stats: tr_Get_Logout 13 10.522153846153847 6.84038967452939 32.267 5.468 7.19239534883721 43
stats: tr_Post_New_Post 16 30.182625 36.431604994624855 157.188 7.541 10.433166666666668 132
stats: tr_Get_New_Post 16 17.905749999999998 8.544016301628877 38.164 7.427 10.950833333333334 132
stats: tr_Redirect_To_New_Post 5 64.9292 70.99287874540657 203.736 8.633 11.20439393939394 132
stats: tr_Get_Conversations 13 19.785307692307693 20.440816355760862 86.703 6.392 9.214263157894738 38
stats: tr_Authenticate_User 235 3205.1334978723394 2101.6123620255103 16803.362 144.264 4223.953563636364 440
stats: tr_Get_Login 11 8.29709090909091 1.2550361425107504 16.726 5.326 7.485162790697675 43
stats: tr_Post_Login 6 131.47033333333334 2.9651831684100425 137.271 123.135 126.58202325581394 43
stats: tr_Get_New_Conversation 1 2884.896 0.0 2884.896 196.082 703.6586842105264 38
stats: tr_Post_New_Conversation 0 0 0 81.43 16.201 25.87142105263158 38
stats: tr_Redirect_To_New_Conversation 0 0 0 52.554 13.653 20.548105263157897 38
stats: tr_Redirect_To_Same_Conversation 0 0 0 63.829 14.716 20.95471052631579 38
stats: tr_Reply_To_Conversation 0 0 0 71.057 21.935 30.46321052631579 38
stats: tr_Get_New_Book 18 15.267166666666668 11.709269216451268 51.88 5.609 8.041530864197531 81
stats: tr_Post_New_Book 8 38.400375 74.89848171181026 236.442 5.738 7.512481481481482 81
stats: tr_Redirect_To_New_Book 3 35.89333333333334 3.3874381995182667 40.627 6.221 8.590197530864197 81
stats: tr_Get_Book 20 591.6293000000001 284.0837604804435 1167.213 191.869 243.9949090909091 132
# stats: dump at 1575886733
stats: users 312 436
stats: {recvpackets,"tsung_controller@ip-172-31-46-69"} 1 19660.0 0.0 19660 96 2606.3888888888887 18
stats: {sentpackets,"tsung_controller@ip-172-31-46-69"} 1 6883.0 0.0 6883 39 943.0555555555555 18
stats: {cpu,"tsung_controller@ip-172-31-46-69"} 1 0.33628668700350867 0.0 0.33628668700350867 0.004163717366865137 0.049043798914408555 19
stats: {load,"tsung_controller@ip-172-31-46-69"} 1 0.0 0.0 0.0 0.0 0.0 19
stats: {freemem,"tsung_controller@ip-172-31-46-69"} 1 375393.8359375 0.0 375589.82421875 375393.8359375 375552.15049342107 19
stats: session 143 13676.3673986014 3532.1293342171994 36471.196 4411.069 15111.584117391305 460
stats: users_count 69 915
stats: finish_users_count 143 603
stats: connect 74 1.2101351351351357 0.14800212967097437 31.698 0.914 1.4756694411414977 841
stats: tr_Initial_Get_Root 70 1297.9559142857142 526.8213278433683 2427.796 44.834 150.94734672304438 473
stats: request 1657 424.8353832226914 800.2918245926982 8093.671 3.716 79.77313854186092 5363
stats: page 1654 425.6062206771461 800.8341022075475 8093.671 3.716 80.34370384976526 5325
stats: 302 668 2764
stats: tr_Post_New_Comment_On_Post 79 60.91720253164558 64.05760955960368 291.646 8.02 16.091312849162012 179
stats: 200 989 4256
stats: tr_Get_Post 79 281.9729746835444 140.09112030560814 719.938 59.616 87.62082122905026 179
stats: size_rcv 29560301 99374659
stats: tr_Redirect_Root 250 1042.9205999999988 528.8331649938001 2702.838 45.267 153.92414358108104 592
stats: newphase 0 4
stats: tr_Redirect_To_Post 122 263.5432622950819 123.68604195617084 802.242 53.09 81.4487327044025 318
stats: size_sent 940083 3817384
stats: tr_Get_Root 9 1293.177 292.15879381862794 1930.099 45.138 169.7879444444444 90
stats: connected -70 312
stats: tr_Post_New_Comment_On_Comment 60 52.24906666666667 40.90283182367153 221.989 8.138 16.050456790123455 162
stats: tr_Get_Logout 23 47.49821739130435 35.02591617515897 136.029 5.468 7.965375000000001 56
stats: tr_Post_New_Post 66 52.33830303030307 54.10907492726087 276.322 7.541 12.568243243243245 148
stats: tr_Get_New_Post 66 40.843515151515156 42.144340790237905 283.886 7.427 11.702716216216215 148
stats: tr_Redirect_To_New_Post 47 60.74170212765956 63.61192396549661 281.024 8.633 13.165153284671533 137
stats: tr_Get_Conversations 32 27.054624999999998 20.028259877841982 104.188 6.392 11.908843137254904 51
stats: tr_Authenticate_User 214 4685.6673224299075 2963.5775414823156 16863.522 144.264 3869.253244444445 675
stats: tr_Get_Login 20 20.843049999999995 18.798353482353182 85.03 5.326 7.650555555555557 54
stats: tr_Post_Login 21 160.7015714285714 29.47630232765916 237.278 123.135 127.18059183673468 49
stats: tr_Get_New_Conversation 14 6015.862928571428 1257.3579616560196 8093.793 196.082 759.5878461538463 39
stats: tr_Post_New_Conversation 10 136.7707 80.78810628310333 272.885 16.201 25.87142105263158 38
stats: tr_Redirect_To_New_Conversation 4 41.1655 11.841206389131134 52.554 13.653 20.548105263157897 38
stats: tr_Redirect_To_Same_Conversation 3 44.827666666666666 17.298090112944713 63.829 14.716 20.95471052631579 38
stats: tr_Reply_To_Conversation 3 171.03666666666666 147.06961880763214 376.125 21.935 30.46321052631579 38
stats: tr_Get_New_Book 41 30.184585365853646 39.06980428511076 250.883 5.609 9.355282828282828 99
stats: tr_Post_New_Book 37 35.31297297297298 42.707425349372706 236.442 5.738 10.288921348314608 89
stats: tr_Redirect_To_New_Book 22 38.294363636363634 35.85592969287641 173.459 6.221 9.565309523809523 84
stats: tr_Get_Book 73 1802.9520821917806 983.1447818571822 4370.901 191.869 289.7362763157895 152
# stats: dump at 1575886743
stats: users 77 436
stats: {recvpackets,"tsung_controller@ip-172-31-46-69"} 1 23824.0 0.0 23824 96 3503.9473684210525 19
stats: {sentpackets,"tsung_controller@ip-172-31-46-69"} 1 7448.0 0.0 7448 39 1255.6842105263158 19
stats: {cpu,"tsung_controller@ip-172-31-46-69"} 1 0.448673238879462 0.0 0.448673238879462 0.004163717366865137 0.06340594331886355 20
stats: {load,"tsung_controller@ip-172-31-46-69"} 1 0.0 0.0 0.0 0.0 0.0 20
stats: {freemem,"tsung_controller@ip-172-31-46-69"} 1 375347.37109375 0.0 375589.82421875 375347.37109375 375544.234765625 20
stats: session 235 18861.116893617036 4526.504761683298 36471.196 4411.069 14771.225923714761 603
stats: users_count 0 915
stats: finish_users_count 235 838
stats: connect 0 0 0 31.698 0.914 1.4541945355191253 915
stats: tr_Initial_Get_Root 0 0 0 2427.796 44.834 298.8121712707182 543
stats: 302 296 3060
stats: request 903 373.2833211517167 1107.2199230857996 10503.224 3.716 161.22159145299142 7020
stats: page 875 385.23401371428616 1122.8064386191081 10503.224 3.716 162.16978249032806 6979
stats: tr_Post_New_Comment_On_Post 15 33.09133333333333 20.50627608535711 291.646 8.02 29.817069767441865 258
stats: 200 607 4863
stats: tr_Get_Post 15 178.63366666666664 97.95787514890718 719.938 59.616 147.13175193798452 258
stats: size_rcv 15612748 114987407
stats: tr_Redirect_Root 71 716.7491126760565 424.28062039076264 2702.838 45.267 417.8779608076006 842
stats: newphase 0 4
stats: tr_Redirect_To_Post 98 145.4746938775511 94.96917330090488 802.242 53.09 131.93857954545453 440
stats: size_sent 493713 4311097
stats: tr_Get_Root 0 0 0 1930.099 45.138 271.9142222222222 99
stats: connected -235 77
stats: tr_Post_New_Comment_On_Comment 46 28.590152173913058 27.47905057372552 221.989 8.138 25.833864864864868 222
stats: tr_Get_Logout 11 15.091090909090905 11.549514704126162 136.029 5.468 19.47493670886076 79
stats: tr_Post_New_Post 70 18.43531428571429 12.983098306801871 276.322 7.541 24.83377570093459 214
stats: tr_Get_New_Post 70 24.10590000000001 22.373947239175937 283.886 7.427 20.690065420560753 214
stats: tr_Redirect_To_New_Post 80 25.362262499999993 24.35977208624074 281.024 8.633 25.31785869565217 184
stats: tr_Get_Conversations 16 12.180687500000001 8.125907608682477 104.188 6.392 17.74818072289157 83
stats: tr_Authenticate_User 26 7220.684 3403.129309627594 16863.522 144.264 4065.780367829022 889
stats: tr_Get_Login 16 8.8805625 3.1254441678093925 85.03 5.326 11.216094594594594 74
stats: tr_Post_Login 18 137.10027777777773 10.55957765256817 237.278 123.135 137.2368857142857 70
stats: tr_Get_New_Conversation 44 4453.844704545455 2281.9971956118093 10503.487 196.082 2148.037867924528 53
stats: tr_Post_New_Conversation 42 37.51307142857143 41.07517456554672 272.885 16.201 48.9754375 48
stats: tr_Redirect_To_New_Conversation 36 28.343583333333342 21.10519711847587 111.013 13.653 22.51166666666667 42
stats: tr_Redirect_To_Same_Conversation 28 27.66589285714286 20.668688930255435 95.433 14.49 22.70151219512195 41
stats: tr_Reply_To_Conversation 28 51.540857142857114 54.022916108889966 376.125 21.603 40.749073170731705 41
stats: tr_Get_New_Book 22 12.304272727272728 5.075503147309349 250.883 5.609 15.455292857142855 140
stats: tr_Post_New_Book 33 15.433575757575756 9.100116522831412 236.442 5.738 17.637253968253972 126
stats: tr_Redirect_To_New_Book 45 12.714822222222221 8.861727810682138 173.459 6.221 15.527943396226416 106
stats: tr_Get_Book 63 887.1900634920634 659.0127818574447 4370.901 191.869 780.6907377777776 225
# stats: dump at 1575886753
stats: users 9 436
stats: {recvpackets,"tsung_controller@ip-172-31-46-69"} 1 10882.0 0.0 23824 96 4519.95 20
stats: {sentpackets,"tsung_controller@ip-172-31-46-69"} 1 3973.0 0.0 7448 39 1565.3 20
stats: {cpu,"tsung_controller@ip-172-31-46-69"} 1 0.2581182348043297 0.0 0.448673238879462 0.004163717366865137 0.08175200501222538 21
stats: {load,"tsung_controller@ip-172-31-46-69"} 1 0.1484375 0.0 0.1484375 0.0 0.0 21
stats: {freemem,"tsung_controller@ip-172-31-46-69"} 1 375460.390625 0.0 375589.82421875 375347.37109375 375534.8603050595 21
stats: session 68 25689.31448529413 4540.41388723676 36471.196 4411.069 15918.152389021483 838
stats: users_count 0 915
stats: finish_users_count 68 906
stats: request 151 45.95921854304633 200.85650994453218 10503.224 3.716 185.39068673482265 7923
stats: connect 0 0 0 31.698 0.914 1.4541945355191253 915
stats: page 125 55.555016 219.9253639664505 10503.224 3.716 187.02096689584923 7854
stats: tr_Initial_Get_Root 0 0 0 2427.796 44.834 298.8121712707182 543
stats: 302 53 3113
stats: tr_Post_New_Comment_On_Post 0 0 0 291.646 8.02 29.996974358974363 273
stats: 200 98 4961
stats: tr_Get_Post 0 0 0 719.938 59.616 148.8626263736264 273
stats: size_rcv 912857 115900264
stats: tr_Redirect_Root 2 161.0645 3.8674999999999855 2702.838 45.267 441.1198576122669 913
stats: newphase 0 4
stats: tr_Redirect_To_Post 8 64.058875 19.05221472321197 802.242 53.09 134.4042657992565 538
stats: size_sent 83769 4394866
stats: tr_Get_Root 0 0 0 1930.099 45.138 271.9142222222222 99
stats: connected -68 9
stats: tr_Post_New_Comment_On_Comment 5 9.084799999999998 1.0074810965968541 221.989 8.128 26.306958955223884 268
stats: tr_Get_Logout 1 6.31 0.0 136.029 5.468 18.939133333333334 90
stats: tr_Post_New_Post 5 10.8508 4.59750425339662 276.322 7.541 23.25669014084508 284
stats: tr_Get_New_Post 5 11.606000000000002 0.3262967974099649 283.886 7.427 21.531996478873243 284
stats: tr_Redirect_To_New_Post 22 10.924727272727273 2.818151847347965 281.024 8.633 25.33131439393939 264
stats: tr_Get_Conversations 0 0 0 104.188 6.392 16.848383838383842 99
stats: tr_Authenticate_User 0 0 0 16863.522 144.264 4155.427902732241 915
stats: tr_Get_Login 1 5.671 0.0 85.03 5.326 10.800888888888888 90
stats: tr_Post_Login 3 124.15266666666666 0.3273777973873947 237.278 123.135 137.20894318181817 88
stats: tr_Get_New_Conversation 2 1758.1165 86.69749999999999 10503.487 196.082 3193.9708659793814 97
stats: tr_Post_New_Conversation 9 17.168777777777777 1.2336540824160267 272.885 15.789 43.626333333333335 90
stats: tr_Redirect_To_New_Conversation 20 14.693200000000001 0.7333065934518792 111.013 13.621 25.203320512820518 78
stats: tr_Redirect_To_Same_Conversation 26 16.29561538461538 2.295074208234185 95.433 14.169 24.716043478260872 69
stats: tr_Reply_To_Conversation 26 24.608961538461543 5.978022875376165 376.125 21.186 45.12834782608694 69
stats: tr_Get_New_Book 1 7.281 0.0 250.883 5.609 15.027376543209874 162
stats: tr_Post_New_Book 4 7.305999999999999 0.3629628080120604 236.442 5.738 17.179886792452834 159
stats: tr_Redirect_To_New_Book 10 7.4018 0.3632687159665692 173.459 6.221 14.689596026490065 151
stats: tr_Get_Book 1 217.035 0.0 4370.901 191.869 803.9874652777776 288
# stats: dump at 1575886763
stats: users 1 436
stats: {recvpackets,"tsung_controller@ip-172-31-46-69"} 1 812.0 0.0 23824 96 4822.9047619047615 21
stats: {sentpackets,"tsung_controller@ip-172-31-46-69"} 1 981.0 0.0 7448 39 1679.952380952381 21
stats: {cpu,"tsung_controller@ip-172-31-46-69"} 1 0.05413677865345174 0.0 0.448673238879462 0.004163717366865137 0.0897686518209574 22
stats: {load,"tsung_controller@ip-172-31-46-69"} 1 0.12109375 0.0 0.1484375 0.0 0.006747159090909091 22
stats: {freemem,"tsung_controller@ip-172-31-46-69"} 1 375485.05078125 0.0 375589.82421875 375347.37109375 375531.4753196023 22
stats: session 8 35078.583875000004 3364.620573253596 42733.776 4411.069 16651.528793598238 906
stats: users_count 0 915
stats: finish_users_count 8 914
stats: request 13 16.640538461538465 5.799617953138539 10503.224 3.716 182.78303851870197 8074
stats: connect 0 0 0 31.698 0.914 1.4541945355191253 915
stats: page 9 24.092666666666666 14.679517506451711 10503.224 3.716 184.96140506329112 7979
stats: tr_Initial_Get_Root 0 0 0 2427.796 44.834 298.8121712707182 543
stats: 302 4 3117
stats: tr_Post_New_Comment_On_Post 0 0 0 291.646 8.02 29.996974358974363 273
stats: 200 9 4970
stats: tr_Get_Post 0 0 0 719.938 59.616 148.8626263736264 273
stats: size_rcv 22729 115922993
stats: tr_Redirect_Root 0 0 0 2702.838 45.267 440.50771475409806 915
stats: newphase 0 4
stats: tr_Redirect_To_Post 0 0 0 802.242 53.09 133.3735641025641 546
stats: size_sent 7198 4402064
stats: tr_Get_Root 0 0 0 1930.099 45.138 271.9142222222222 99
stats: connected -8 1
stats: tr_Post_New_Comment_On_Comment 0 0 0 221.989 8.128 25.991534798534804 273
stats: tr_Get_Logout 0 0 0 136.029 5.468 18.80035164835165 91
stats: tr_Post_New_Post 0 0 0 276.322 7.541 23.04205536332181 289
stats: tr_Get_New_Post 0 0 0 283.886 7.427 21.360266435986162 289
stats: tr_Redirect_To_New_Post 2 13.4695 3.1565 281.024 8.633 24.22311538461538 286
stats: tr_Get_Conversations 0 0 0 104.188 6.392 16.848383838383842 99
stats: tr_Authenticate_User 0 0 0 16863.522 144.264 4155.427902732241 915
stats: tr_Get_Login 0 0 0 85.03 5.326 10.744516483516483 91
stats: tr_Post_Login 0 0 0 237.278 123.135 136.77851648351648 91
stats: tr_Get_New_Conversation 0 0 0 10503.487 196.082 3164.963707070707 99
stats: tr_Post_New_Conversation 0 0 0 272.885 15.789 41.22110101010101 99
stats: tr_Redirect_To_New_Conversation 1 15.293 0.0 111.013 13.621 23.05839795918368 98
stats: tr_Redirect_To_Same_Conversation 4 16.248 0.924133377819458 95.433 14.169 22.411505263157892 95
stats: tr_Reply_To_Conversation 4 24.0845 0.4033271005028052 376.125 21.186 39.512515789473674 95
stats: tr_Get_New_Book 0 0 0 250.883 5.609 14.979852760736193 163
stats: tr_Post_New_Book 0 0 0 236.442 5.738 16.937582822085897 163
stats: tr_Redirect_To_New_Book 2 7.385 0.10400000000000009 173.459 6.221 14.236937888198756 161
stats: tr_Get_Book 0 0 0 4370.901 191.869 801.9564878892733 289
# stats: dump at 1575886770
stats: users 0 436
stats: {recvpackets,"tsung_controller@ip-172-31-46-69"} 1 42.0 0.0 23824 42 4640.590909090908 22
stats: {sentpackets,"tsung_controller@ip-172-31-46-69"} 1 41.0 0.0 7448 39 1648.1818181818182 22
stats: {cpu,"tsung_controller@ip-172-31-46-69"} 1 0.0041635440086601715 0.0 0.448673238879462 0.0041635440086601715 0.08821943994410933 23
stats: {load,"tsung_controller@ip-172-31-46-69"} 1 0.1015625 0.0 0.1484375 0.0 0.01171875 23
stats: {freemem,"tsung_controller@ip-172-31-46-69"} 1 375496.578125 0.0 375589.82421875 375347.37109375 375529.456861413 23
stats: session 1 44429.896 0.0 44429.896 4411.069 16812.81592778994 914
stats: users_count 0 915
stats: finish_users_count 1 915
stats: request 1 24.796 0.0 10503.224 3.716 182.51596141956225 8087
stats: connect 0 0 0 31.698 0.914 1.4541945355191253 915
stats: page 1 24.796 0.0 10503.224 3.716 184.7801558587882 7988
stats: tr_Initial_Get_Root 0 0 0 2427.796 44.834 298.8121712707182 543
stats: 302 0 3117
stats: tr_Post_New_Comment_On_Post 0 0 0 291.646 8.02 29.996974358974363 273
stats: 200 1 4971
stats: tr_Get_Post 0 0 0 719.938 59.616 148.8626263736264 273
stats: size_rcv 3290 115926283
stats: tr_Redirect_Root 0 0 0 2702.838 45.267 440.50771475409806 915
stats: newphase 0 4
stats: tr_Redirect_To_Post 0 0 0 802.242 53.09 133.3735641025641 546
stats: size_sent 572 4402636
stats: tr_Get_Root 0 0 0 1930.099 45.138 271.9142222222222 99
stats: connected -1 0
stats: tr_Post_New_Comment_On_Comment 0 0 0 221.989 8.128 25.991534798534804 273
stats: tr_Get_Logout 0 0 0 136.029 5.468 18.80035164835165 91
stats: tr_Post_New_Post 0 0 0 276.322 7.541 23.04205536332181 289
stats: tr_Get_New_Post 0 0 0 283.886 7.427 21.360266435986162 289
stats: tr_Redirect_To_New_Post 1 24.903 0.0 281.024 8.633 24.148437499999996 288
stats: tr_Get_Conversations 0 0 0 104.188 6.392 16.848383838383842 99
stats: tr_Authenticate_User 0 0 0 16863.522 144.264 4155.427902732241 915
stats: tr_Get_Login 0 0 0 85.03 5.326 10.744516483516483 91
stats: tr_Post_Login 0 0 0 237.278 123.135 136.77851648351648 91
stats: tr_Get_New_Conversation 0 0 0 10503.487 196.082 3164.963707070707 99
stats: tr_Post_New_Conversation 0 0 0 272.885 15.789 41.22110101010101 99
stats: tr_Redirect_To_New_Conversation 0 0 0 111.013 13.621 22.979959595959603 99
stats: tr_Redirect_To_Same_Conversation 0 0 0 95.433 14.169 22.162474747474747 99
stats: tr_Reply_To_Conversation 0 0 0 376.125 21.186 38.88916161616161 99
stats: tr_Get_New_Book 0 0 0 250.883 5.609 14.979852760736193 163
stats: tr_Post_New_Book 0 0 0 236.442 5.738 16.937582822085897 163
stats: tr_Redirect_To_New_Book 0 0 0 173.459 6.221 14.152865030674846 163
stats: tr_Get_Book 0 0 0 4370.901 191.869 801.9564878892733 289
EndMonitor:{1575,886770,760710}
