# stats: dump at 1574806527
stats: users 1 3
stats: {load,"tsung_controller@ip-172-31-24-135"} 1 0.0703125 0 0.0703125 0.0703125 0 0
stats: {cpu,"tsung_controller@ip-172-31-24-135"} 1 8.039285396853613 0 8.039285396853613 8.039285396853613 0 0
stats: {freemem,"tsung_controller@ip-172-31-24-135"} 1 740.2265625 0 740.2265625 740.2265625 0 0
stats: session 3 3817.084666666667 1299.4668845087544 5394.823 2212.141 0 0
stats: users_count 4 4
stats: finish_users_count 3 3
stats: request 13 62.51115384615385 88.95752632650134 321.149 6.745 0 0
stats: connect 4 7.422000000000001 10.191656759330154 25.013 0.864 0 0
stats: page 13 62.51115384615385 88.95752632650134 321.149 6.745 0 0
stats: tr_Get_Root 4 37.963249999999995 31.342336035903575 90.783 9.844 0 0
stats: 302 3 3
stats: tr_Redirect_Root 3 11.329333333333333 1.815412594670668 13.346 8.945 0 0
stats: 200 10 10
stats: tr_Get_Register 3 8.366666666666667 1.3215622909605471 10.099 6.893 0 0
stats: size_rcv 19774 19774
stats: tr_Post_Register 3 202.94933333333333 83.74355733361755 321.354 141.573 0 0
stats: size_sent 5014 5014
stats: connected 1 1
# stats: dump at 1574806537
stats: users 2 3
stats: {load,"tsung_controller@ip-172-31-24-135"} 1 0.05859375 0.0 0.0703125 0.05859375 0.0703125 1
stats: {recvpackets,"tsung_controller@ip-172-31-24-135"} 1 130 0 130 130 0 0
stats: {sentpackets,"tsung_controller@ip-172-31-24-135"} 1 261 0 261 261 0 0
stats: {cpu,"tsung_controller@ip-172-31-24-135"} 1 0.35000000000000003 0.0 8.039285396853613 0.35000000000000003 8.039285396853613 1
stats: {freemem,"tsung_controller@ip-172-31-24-135"} 1 739.98828125 0.0 740.2265625 739.98828125 740.2265625 1
stats: session 1 7071.025 0.0 7071.025 2212.141 3817.084666666667 3
stats: users_count 2 6
stats: finish_users_count 1 4
stats: request 7 47.794857142857154 63.90110810000218 321.149 6.107 62.51115384615385 13
stats: connect 2 0.8225 0.04049999999999998 25.013 0.782 7.422000000000001 4
stats: page 7 47.794857142857154 63.90110810000218 321.149 6.107 62.51115384615385 13
stats: tr_Get_Root 2 8.13 0.1120000000000001 90.783 8.018 37.963249999999995 4
stats: 302 2 5
stats: tr_Redirect_Root 1 9.057 0.0 13.346 8.945 11.329333333333333 3
stats: 200 5 15
stats: tr_Get_Register 2 6.311 0.07800000000000029 10.099 6.233 8.366666666666667 3
stats: size_rcv 10113 29887
stats: tr_Post_Register 2 148.7575 8.126499999999993 321.354 140.631 202.94933333333333 3
stats: size_sent 2739 7753
stats: connected 1 2
# stats: dump at 1574806547
stats: users 1 3
stats: {load,"tsung_controller@ip-172-31-24-135"} 1 0.12109375 0.0 0.12109375 0.05859375 0.064453125 2
stats: {recvpackets,"tsung_controller@ip-172-31-24-135"} 1 170.0 0.0 170 130 130.0 1
stats: {sentpackets,"tsung_controller@ip-172-31-24-135"} 1 782.0 0.0 782 261 261.0 1
stats: {cpu,"tsung_controller@ip-172-31-24-135"} 1 1.1970074812967582 0.0 8.039285396853613 0.35000000000000003 4.194642698426806 2
stats: {freemem,"tsung_controller@ip-172-31-24-135"} 1 738.46484375 0.0 740.2265625 738.46484375 740.107421875 2
stats: session 1 6586.272 0.0 7071.025 2212.141 4630.569750000001 4
stats: users_count 0 6
stats: finish_users_count 1 5
stats: request 2 7.7 1.4880000000000004 321.149 6.107 57.360450000000014 20
stats: connect 0 0 0 25.013 0.782 5.222166666666667 6
stats: page 2 7.7 1.4880000000000004 321.149 6.107 57.360450000000014 20
stats: tr_Get_Root 0 0 0 90.783 8.018 28.01883333333333 6
stats: 302 0 5
stats: tr_Redirect_Root 1 9.298 0.0 13.346 8.945 10.76125 4
stats: 200 2 17
stats: tr_Get_Register 1 6.353 0.0 10.099 6.233 7.5444 5
stats: size_rcv 4356 34243
stats: tr_Post_Register 0 0 0 321.354 140.631 181.27259999999998 5
stats: size_sent 1534 9287
stats: connected -1 1
# stats: dump at 1574806557
stats: users 0 3
stats: {load,"tsung_controller@ip-172-31-24-135"} 1 0.1015625 0.0 0.12109375 0.05859375 0.08333333333333333 3
stats: {recvpackets,"tsung_controller@ip-172-31-24-135"} 1 15.0 0.0 170 15 150.0 2
stats: {sentpackets,"tsung_controller@ip-172-31-24-135"} 1 16.0 0.0 782 16 521.5 2
stats: {cpu,"tsung_controller@ip-172-31-24-135"} 1 0.05 0.0 8.039285396853613 0.05 3.1954309593834567 3
stats: {freemem,"tsung_controller@ip-172-31-24-135"} 1 738.234375 0.0 740.2265625 738.234375 739.5598958333334 3
stats: session 1 23341.397 0.0 23341.397 2212.141 5021.7102 5
stats: users_count 0 6
stats: finish_users_count 1 6
stats: request 2 72.4085 63.1435 321.149 6.107 52.84586363636365 22
stats: connect 0 0 0 25.013 0.782 5.222166666666667 6
stats: page 2 72.4085 63.1435 321.149 6.107 52.84586363636365 22
stats: tr_Get_Root 0 0 0 90.783 8.018 28.01883333333333 6
stats: 302 1 6
stats: tr_Redirect_Root 1 9.372 0.0 13.346 8.945 10.4686 5
stats: 200 1 18
stats: tr_Get_Register 0 0 0 10.099 6.233 7.345833333333334 6
stats: size_rcv 2147 36390
stats: tr_Post_Register 1 135.751 0.0 321.354 135.751 181.27259999999998 5
stats: size_sent 555 9842
stats: connected -1 0
# stats: dump at 1574806558
stats: users 0 3
stats: {load,"tsung_controller@ip-172-31-24-135"} 1 0.08984375 0.0 0.12109375 0.05859375 0.087890625 4
stats: {recvpackets,"tsung_controller@ip-172-31-24-135"} 1 6.0 0.0 170 6 105.0 3
stats: {sentpackets,"tsung_controller@ip-172-31-24-135"} 1 5.0 0.0 782 5 353.0 3
stats: {cpu,"tsung_controller@ip-172-31-24-135"} 1 0.0 0.0 8.039285396853613 0.0 2.409073219537593 4
stats: {freemem,"tsung_controller@ip-172-31-24-135"} 1 738.3125 0.0 740.2265625 738.234375 739.228515625 4
stats: session 0 0 0 23341.397 2212.141 8074.991333333334 6
stats: users_count 0 6
stats: finish_users_count 0 6
stats: request 0 0 0 321.149 6.107 54.47608333333335 24
stats: connect 0 0 0 25.013 0.782 5.222166666666667 6
stats: page 0 0 0 321.149 6.107 54.47608333333335 24
stats: tr_Get_Root 0 0 0 90.783 8.018 28.01883333333333 6
stats: 302 0 6
stats: tr_Redirect_Root 0 0 0 13.346 8.945 10.285833333333334 6
stats: 200 0 18
stats: tr_Get_Register 0 0 0 10.099 6.233 7.345833333333334 6
stats: size_rcv 0 36390
stats: tr_Post_Register 0 0 0 321.354 135.751 173.68566666666666 6
stats: size_sent 0 9842
stats: connected 0 0
EndMonitor:{1574,806558,649759}
