# timestamp userid sessionid requestid event transaction name
1575455947.960038 1 1 22 match_stop tr_Get_Book -
1575455949.345881 2 1 22 match_stop tr_Get_Book -
1575455949.639171 5 1 22 match_stop tr_Get_Book -
1575455949.663998 8 1 22 match_stop tr_Get_Book -
1575455950.409181 3 1 22 match_stop tr_Get_Book -
1575455951.491012 12 1 22 match_stop tr_Get_Book -
1575455951.811916 10 1 22 match_stop tr_Get_Book -
1575455954.900127 6 1 22 match_stop tr_Get_Book -
1575455954.911314 23 1 22 match_stop tr_Get_Book -
1575455954.973183 15 1 22 match_stop tr_Get_Book -
1575455955.188613 4 1 22 match_stop tr_Get_Book -
1575455955.354714 16 1 22 match_stop tr_Get_Book -
1575455955.947895 11 1 22 match_stop tr_Get_Book -
1575455955.976856 7 1 22 match_stop tr_Get_Book -
1575455956.982926 27 1 22 match_stop tr_Get_Book -
1575455958.103967 22 1 22 match_stop tr_Get_Book -
1575455958.257735 14 1 22 match_stop tr_Get_Book -
1575455958.403030 20 1 22 match_stop tr_Get_Book -
1575455958.706172 26 1 22 match_stop tr_Get_Book -
1575455959.361163 18 1 22 match_stop tr_Get_Book -
1575455959.599938 13 1 22 match_stop tr_Get_Book -
1575455961.803435 19 1 22 match_stop tr_Get_Book -
1575455962.267922 25 1 22 match_stop tr_Get_Book -
1575455962.477312 17 1 22 match_stop tr_Get_Book -
1575455963.225961 24 1 22 match_stop tr_Get_Book -
1575455963.731619 9 1 22 match_stop tr_Get_Book -
1575455963.931729 33 1 22 match_stop tr_Get_Book -
1575455964.201255 31 1 22 match_stop tr_Get_Book -
1575455964.469504 29 1 22 match_stop tr_Get_Book -
1575455965.571645 30 1 22 match_stop tr_Get_Book -
1575455966.400041 36 1 22 match_stop tr_Get_Book -
1575455966.533196 21 1 22 match_stop tr_Get_Book -
1575455966.646353 46 1 22 match_stop tr_Get_Book -
1575455968.549450 28 1 22 match_stop tr_Get_Book -
1575455968.780129 42 1 22 match_stop tr_Get_Book -
1575455969.299534 32 1 22 match_stop tr_Get_Book -
1575455969.516813 40 1 22 match_stop tr_Get_Book -
1575455969.850380 49 1 22 match_stop tr_Get_Book -
1575455970.182568 56 1 22 match_stop tr_Get_Book -
1575455970.523999 47 1 22 match_stop tr_Get_Book -
1575455970.709274 41 1 22 match_stop tr_Get_Book -
1575455971.525004 43 1 22 match_stop tr_Get_Book -
1575455971.525004 54 1 22 match_stop tr_Get_Book -
1575455972.360055 66 1 22 match_stop tr_Get_Book -
1575455972.891581 38 1 22 match_stop tr_Get_Book -
1575455972.989765 60 1 22 match_stop tr_Get_Book -
1575455973.646961 48 1 22 match_stop tr_Get_Book -
1575455974.112498 64 1 22 match_stop tr_Get_Book -
1575455974.907928 70 1 22 match_stop tr_Get_Book -
1575455974.935068 34 1 22 match_stop tr_Get_Book -
1575455975.004268 67 1 22 match_stop tr_Get_Book -
1575455975.173985 63 1 22 match_stop tr_Get_Book -
1575455975.603698 50 1 22 match_stop tr_Get_Book -
1575455975.873043 74 1 22 match_stop tr_Get_Book -
1575455975.910269 65 1 22 match_stop tr_Get_Book -
1575455975.983449 72 1 22 match_stop tr_Get_Book -
1575455976.069544 51 1 22 match_stop tr_Get_Book -
1575455976.362753 53 1 22 match_stop tr_Get_Book -
1575455976.427912 39 1 22 match_stop tr_Get_Book -
1575455976.465775 62 1 22 match_stop tr_Get_Book -
1575455976.655591 59 1 22 match_stop tr_Get_Book -
1575455977.066031 37 1 22 match_stop tr_Get_Book -
1575455977.312145 35 1 22 match_stop tr_Get_Book -
1575455977.645520 68 1 22 match_stop tr_Get_Book -
1575455978.211209 52 1 22 match_stop tr_Get_Book -
1575455979.502162 55 1 22 match_stop tr_Get_Book -
1575455980.618152 75 1 22 match_stop tr_Get_Book -
1575455980.880895 77 1 22 match_stop tr_Get_Book -
1575455981.111911 71 1 17 match_stop tr_Redirect_Root -
1575455981.353450 73 1 13 match_stop tr_Post_Register -
1575455981.863083 44 1 22 match_stop tr_Get_Book -
1575455982.301981 45 1 22 match_stop tr_Get_Book -
1575455982.667532 69 1 17 match_stop tr_Redirect_Root -
1575455984.636111 57 1 17 match_stop tr_Redirect_Root -
1575455988.472063 79 1 22 match_stop tr_Get_Book -
1575456041.268170 58 1 22 match_stop tr_Get_Book -
