# stats: dump at 1575449153
stats: users 15 15
stats: {freemem,"tsung_controller@ip-172-31-31-187"} 1 732.71875 0 732.71875 732.71875 0 0
stats: {load,"tsung_controller@ip-172-31-31-187"} 1 0.0 0 0.0 0.0 0 0
stats: {cpu,"tsung_controller@ip-172-31-31-187"} 1 0.1507825423081817 0 0.1507825423081817 0.1507825423081817 0 0
stats: users_count 15 15
stats: finish_users_count 0 0
stats: request 44 72.54709090909091 68.63474264401314 335.042 5.654 0 0
stats: tr_Get_Root 15 56.0238 22.205623135293155 99.764 33.188 0 0
stats: connect 15 1.750733333333333 3.2935910789828706 14.059 0.615 0 0
stats: page 44 72.54709090909091 68.63474264401314 335.042 5.654 0 0
stats: 302 10 10
stats: tr_Redirect_Root 7 97.92271428571429 66.60590245340615 201.574 34.321 0 0
stats: 200 34 34
stats: tr_Get_Register 12 7.614833333333334 3.348016747104007 18.571 5.822 0 0
stats: size_rcv 230588 230588
stats: tr_Post_Register 10 158.29500000000002 59.97199340358799 335.213 125.707 0 0
stats: size_sent 19141 19141
stats: connected 15 15
# stats: dump at 1575449163
stats: users 51 51
stats: {freemem,"tsung_controller@ip-172-31-31-187"} 1 725.71484375 0.0 732.71875 725.71484375 732.71875 1
stats: {load,"tsung_controller@ip-172-31-31-187"} 1 0.0 0.0 0.0 0.0 0.0 1
stats: {recvpackets,"tsung_controller@ip-172-31-31-187"} 1 413 0 413 413 0 0
stats: {sentpackets,"tsung_controller@ip-172-31-31-187"} 1 261 0 261 261 0 0
stats: {cpu,"tsung_controller@ip-172-31-31-187"} 1 0.35052578868302453 0.0 0.35052578868302453 0.1507825423081817 0.1507825423081817 1
stats: users_count 36 51
stats: finish_users_count 0 0
stats: request 109 165.56831192660536 138.63467396211382 772.399 5.654 72.54709090909091 44
stats: connect 35 2.1310285714285713 4.531946699256067 24.091 0.615 1.750733333333333 15
stats: page 109 165.56831192660536 138.63467396211382 772.399 5.654 72.54709090909091 44
stats: tr_Get_Root 34 240.4625294117647 148.3183043053481 772.456 33.188 56.0238 15
stats: 302 24 34
stats: tr_Redirect_Root 22 221.2836818181818 106.08657688561665 621.192 34.321 97.92271428571429 7
stats: 200 85 119
stats: tr_Get_Register 29 15.286413793103447 25.28722158490228 147.155 5.822 7.614833333333334 12
stats: size_rcv 585019 815607
stats: tr_Post_Register 24 190.54725000000005 79.43901323617695 521.896 125.707 158.29500000000002 10
stats: newphase 1 1
stats: size_sent 49438 68579
stats: connected 35 50
# stats: dump at 1575449173
stats: users 89 89
stats: {freemem,"tsung_controller@ip-172-31-31-187"} 1 709.66015625 0.0 732.71875 709.66015625 729.216796875 2
stats: {load,"tsung_controller@ip-172-31-31-187"} 1 0.0 0.0 0.0 0.0 0.0 2
stats: {recvpackets,"tsung_controller@ip-172-31-31-187"} 1 925.0 0.0 925 413 413.0 1
stats: {sentpackets,"tsung_controller@ip-172-31-31-187"} 1 504.0 0.0 504 261 261.0 1
stats: {cpu,"tsung_controller@ip-172-31-31-187"} 1 0.5 0.0 0.5 0.1507825423081817 0.2506541654956031 2
stats: session 1 25435.752 0 25435.752 25435.752 0 0
stats: users_count 39 90
stats: finish_users_count 1 1
stats: request 166 395.9039156626507 1110.6676578636304 14310.245 5.654 138.81711111111102 153
stats: connect 40 0.8493 0.3609400365711733 24.091 0.615 2.01694 50
stats: page 166 395.9039156626507 1110.6676578636304 14310.245 5.654 138.81711111111102 153
stats: tr_Get_Root 41 467.07568292682936 214.25918658990503 1024.254 33.188 184.001693877551 49
stats: 302 45 79
stats: tr_Redirect_Root 36 453.1755555555556 197.2785981235173 1043.484 34.321 191.50689655172414 29
stats: 200 121 240
stats: tr_Post_New_Post 1 44.03 0 44.03 44.03 0 0
stats: size_rcv 936152 1751759
stats: tr_Get_New_Post 1 19.558 0 19.558 19.558 0 0
stats: newphase 0 1
stats: tr_Redirect_To_New_Post 1 598.774 0 598.774 598.774 0 0
stats: size_sent 84949 153528
stats: tr_Get_Register 41 31.611756097560967 47.082866146557585 192.65 5.822 13.041073170731707 41
stats: connected 39 89
stats: tr_Post_Register 44 318.34972727272725 181.46717522190215 1016.922 125.707 181.0612941176471 34
stats: tr_Get_Book 1 14310.387 0 14310.387 14310.387 0 0
# stats: dump at 1575449183
stats: users 89 89
stats: {freemem,"tsung_controller@ip-172-31-31-187"} 1 693.29296875 0.0 732.71875 693.29296875 722.6979166666666 3
stats: {load,"tsung_controller@ip-172-31-31-187"} 1 0.0 0.0 0.0 0.0 0.0 3
stats: {recvpackets,"tsung_controller@ip-172-31-31-187"} 1 1144.0 0.0 1144 413 669.0 2
stats: {sentpackets,"tsung_controller@ip-172-31-31-187"} 1 649.0 0.0 649 261 382.5 2
stats: {cpu,"tsung_controller@ip-172-31-31-187"} 1 0.9009009009009009 0.0 0.9009009009009009 0.1507825423081817 0.33376944366373545 3
stats: session 0 0 0 25435.752 25435.752 25435.752 1
stats: users_count 0 90
stats: finish_users_count 0 1
stats: request 14 288.34528571428575 167.4530970534003 14310.245 5.654 272.5989592476489 319
stats: connect 0 0 0 24.091 0.615 1.4979888888888888 90
stats: page 14 288.34528571428575 167.4530970534003 14310.245 5.654 272.5989592476489 319
stats: tr_Get_Root 0 0 0 1024.254 33.188 312.95762222222226 90
stats: 302 4 83
stats: tr_Redirect_Root 7 391.719 33.92028979829035 1043.484 34.321 336.43107692307694 65
stats: 200 10 250
stats: tr_Post_New_Post 0 0 0 44.03 44.03 44.03 1
stats: size_rcv 73742 1825501
stats: tr_Get_New_Post 0 0 0 19.558 19.558 19.558 1
stats: newphase 0 1
stats: tr_Redirect_To_New_Post 0 0 0 598.774 598.774 598.774 1
stats: size_sent 22953 176481
stats: tr_Get_Register 3 8.869333333333334 0.36737749280844945 192.65 5.822 22.326414634146335 82
stats: connected 0 89
stats: tr_Post_Register 4 317.49399999999997 134.18384775933353 1016.922 125.707 258.5060512820513 78
stats: tr_Get_Book 0 0 0 14310.387 14310.387 14310.387 1
# stats: dump at 1575449193
stats: users 89 89
stats: {freemem,"tsung_controller@ip-172-31-31-187"} 1 693.19140625 0.0 732.71875 693.19140625 715.3466796875 4
stats: {load,"tsung_controller@ip-172-31-31-187"} 1 0.0 0.0 0.0 0.0 0.0 4
stats: {recvpackets,"tsung_controller@ip-172-31-31-187"} 1 31.0 0.0 1144 31 827.3333333333334 3
stats: {sentpackets,"tsung_controller@ip-172-31-31-187"} 1 31.0 0.0 649 31 471.3333333333333 3
stats: {cpu,"tsung_controller@ip-172-31-31-187"} 1 0.14992503748125938 0.0 0.9009009009009009 0.14992503748125938 0.47555230797302683 4
stats: session 0 0 0 25435.752 25435.752 25435.752 1
stats: users_count 0 90
stats: finish_users_count 0 1
stats: request 0 0 0 14310.245 5.654 273.260966966967 333
stats: connect 0 0 0 24.091 0.615 1.4979888888888888 90
stats: page 0 0 0 14310.245 5.654 273.260966966967 333
stats: tr_Get_Root 0 0 0 1024.254 33.188 312.95762222222226 90
stats: 302 0 83
stats: tr_Redirect_Root 0 0 0 1043.484 34.321 341.80629166666665 72
stats: 200 0 250
stats: tr_Post_New_Post 0 0 0 44.03 44.03 44.03 1
stats: size_rcv 0 1825501
stats: tr_Get_New_Post 0 0 0 19.558 19.558 19.558 1
stats: newphase 0 1
stats: tr_Redirect_To_New_Post 0 0 0 598.774 598.774 598.774 1
stats: size_sent 0 176481
stats: tr_Get_Register 0 0 0 192.65 5.822 21.851458823529406 85
stats: connected 0 89
stats: tr_Post_Register 0 0 0 1016.922 125.707 261.38351219512197 82
stats: tr_Get_Book 0 0 0 14310.387 14310.387 14310.387 1
# stats: dump at 1575449203
stats: users 89 89
stats: {freemem,"tsung_controller@ip-172-31-31-187"} 1 693.20703125 0.0 732.71875 693.19140625 710.915625 5
stats: {load,"tsung_controller@ip-172-31-31-187"} 1 0.0 0.0 0.0 0.0 0.0 5
stats: {recvpackets,"tsung_controller@ip-172-31-31-187"} 1 0.0 0.0 1144 0 628.25 4
stats: {sentpackets,"tsung_controller@ip-172-31-31-187"} 1 0.0 0.0 649 0 361.25 4
stats: {cpu,"tsung_controller@ip-172-31-31-187"} 1 0.04997501249375312 0.0 0.9009009009009009 0.04997501249375312 0.41042685387467337 5
stats: session 0 0 0 25435.752 25435.752 25435.752 1
stats: users_count 0 90
stats: finish_users_count 0 1
stats: request 9 26285.74033333333 7496.8289741861745 47474.239 5.654 273.260966966967 333
stats: connect 0 0 0 24.091 0.615 1.4979888888888888 90
stats: page 9 26285.74033333333 7496.8289741861745 47474.239 5.654 273.260966966967 333
stats: tr_Get_Root 0 0 0 1024.254 33.188 312.95762222222226 90
stats: 302 2 85
stats: tr_Redirect_Root 4 23588.941 310.3846961344898 24029.839 34.321 341.80629166666665 72
stats: 200 7 257
stats: tr_Post_New_Post 0 0 0 44.03 44.03 44.03 1
stats: size_rcv 161069 1986570
stats: tr_Get_New_Post 0 0 0 19.558 19.558 19.558 1
stats: newphase 0 1
stats: tr_Redirect_To_New_Post 0 0 0 598.774 598.774 598.774 1
stats: size_sent 4211 180692
stats: tr_Get_Register 2 23477.4525 81.8804999999993 23559.333 5.822 21.851458823529406 85
stats: connected 0 89
stats: tr_Post_Register 2 23894.0075 282.39350000000104 24176.401 125.707 261.38351219512197 82
stats: tr_Get_Book 1 47474.37 0.0 47474.37 14310.387 14310.387 1
# stats: dump at 1575449213
stats: users 89 89
stats: {freemem,"tsung_controller@ip-172-31-31-187"} 1 691.9453125 0.0 732.71875 691.9453125 707.9641927083334 6
stats: {load,"tsung_controller@ip-172-31-31-187"} 1 0.0 0.0 0.0 0.0 0.0 6
stats: {recvpackets,"tsung_controller@ip-172-31-31-187"} 1 139.0 0.0 1144 0 502.6 5
stats: {sentpackets,"tsung_controller@ip-172-31-31-187"} 1 41.0 0.0 649 0 289.0 5
stats: {cpu,"tsung_controller@ip-172-31-31-187"} 1 0.05002501250625312 0.0 0.9009009009009009 0.04997501249375312 0.3503515469778533 6
stats: session 0 0 0 25435.752 25435.752 25435.752 1
stats: users_count 0 90
stats: finish_users_count 0 1
stats: request 3 60004.72933333333 5.624294286595539 60010.336 5.654 957.7998976608186 342
stats: connect 0 0 0 24.091 0.615 1.4979888888888888 90
stats: page 3 60004.72933333333 5.624294286595539 60010.336 5.654 957.7998976608186 342
stats: tr_Get_Root 0 0 0 1024.254 33.188 312.95762222222226 90
stats: 302 0 85
stats: tr_Redirect_Root 0 0 0 24029.839 34.321 1565.339697368421 76
stats: 504 3 3
stats: tr_Post_New_Post 0 0 0 44.03 44.03 44.03 1
stats: 200 0 257
stats: tr_Get_New_Post 0 0 0 19.558 19.558 19.558 1
stats: size_rcv 987 1987557
stats: tr_Redirect_To_New_Post 0 0 0 598.774 598.774 598.774 1
stats: newphase 0 1
stats: tr_Get_Register 0 0 0 23559.333 5.822 561.0606781609195 87
stats: size_sent 857 181549
stats: tr_Post_Register 0 0 0 24176.401 125.707 824.0650357142857 84
stats: connected 0 89
stats: tr_Get_Book 3 60004.88533333334 5.649912939348129 60010.481 14310.387 30892.378500000003 2
# stats: dump at 1575449223
stats: users 89 89
stats: {freemem,"tsung_controller@ip-172-31-31-187"} 1 691.88671875 0.0 732.71875 691.88671875 705.67578125 7
stats: {load,"tsung_controller@ip-172-31-31-187"} 1 0.0 0.0 0.0 0.0 0.0 7
stats: {recvpackets,"tsung_controller@ip-172-31-31-187"} 1 10.0 0.0 1144 0 442.0 6
stats: {sentpackets,"tsung_controller@ip-172-31-31-187"} 1 10.0 0.0 649 0 247.66666666666666 6
stats: {cpu,"tsung_controller@ip-172-31-31-187"} 1 0.05 0.0 0.9009009009009009 0.04997501249375312 0.3074477563390533 7
stats: session 0 0 0 25435.752 25435.752 25435.752 1
stats: users_count 0 90
stats: finish_users_count 0 1
stats: request 19 60001.084894736836 2.567607014009851 60010.336 5.654 1471.2514579710141 345
stats: connect 0 0 0 24.091 0.615 1.4979888888888888 90
stats: page 19 60001.084894736836 2.567607014009851 60010.336 5.654 1471.2514579710141 345
stats: tr_Get_Root 0 0 0 1024.254 33.188 312.95762222222226 90
stats: 302 0 85
stats: tr_Redirect_Root 0 0 0 24029.839 34.321 1565.339697368421 76
stats: 504 19 22
stats: tr_Post_New_Post 0 0 0 44.03 44.03 44.03 1
stats: 200 0 257
stats: tr_Get_New_Post 0 0 0 19.558 19.558 19.558 1
stats: size_rcv 6251 1993808
stats: tr_Redirect_To_New_Post 0 0 0 598.774 598.774 598.774 1
stats: newphase 0 1
stats: tr_Get_Register 0 0 0 23559.333 5.822 561.0606781609195 87
stats: size_sent 6519 188068
stats: tr_Post_Register 0 0 0 24176.401 125.707 824.0650357142857 84
stats: connected 0 89
stats: tr_Get_Book 19 60001.22357894738 2.5613770621075296 60010.481 14310.387 48359.882600000004 5
# stats: dump at 1575449233
stats: users 89 89
stats: {freemem,"tsung_controller@ip-172-31-31-187"} 1 691.7734375 0.0 732.71875 691.7734375 703.9521484375 8
stats: {load,"tsung_controller@ip-172-31-31-187"} 1 0.0 0.0 0.0 0.0 0.0 8
stats: {recvpackets,"tsung_controller@ip-172-31-31-187"} 1 35.0 0.0 1144 0 380.2857142857143 7
stats: {sentpackets,"tsung_controller@ip-172-31-31-187"} 1 35.0 0.0 649 0 213.71428571428572 7
stats: {cpu,"tsung_controller@ip-172-31-31-187"} 1 0.10005002501250625 0.0 0.9009009009009009 0.04997501249375312 0.2752667867966716 8
stats: session 0 0 0 25435.752 25435.752 25435.752 1
stats: users_count 0 90
stats: finish_users_count 0 1
stats: request 31 60001.129096774195 1.5367999923334537 60010.336 5.654 4526.380126373626 364
stats: connect 0 0 0 24.091 0.615 1.4979888888888888 90
stats: page 31 60001.129096774195 1.5367999923334537 60010.336 5.654 4526.380126373626 364
stats: tr_Get_Root 0 0 0 1024.254 33.188 312.95762222222226 90
stats: 302 0 85
stats: tr_Redirect_Root 0 0 0 24029.839 34.321 1565.339697368421 76
stats: 504 31 53
stats: tr_Post_New_Post 0 0 0 44.03 44.03 44.03 1
stats: 200 0 257
stats: tr_Get_New_Post 0 0 0 19.558 19.558 19.558 1
stats: size_rcv 10199 2004007
stats: tr_Redirect_To_New_Post 0 0 0 598.774 598.774 598.774 1
stats: newphase 0 1
stats: tr_Get_Register 0 0 0 23559.333 5.822 561.0606781609195 87
stats: size_sent 12545 200613
stats: tr_Post_Register 0 0 0 24176.401 125.707 824.0650357142857 84
stats: connected 0 89
stats: tr_Get_Book 31 60001.27025806452 1.5368066171652686 60010.481 14310.387 57575.944208333334 24
# stats: dump at 1575449243
stats: users 89 89
stats: {freemem,"tsung_controller@ip-172-31-31-187"} 1 691.1796875 0.0 732.71875 691.1796875 702.5989583333334 9
stats: {load,"tsung_controller@ip-172-31-31-187"} 1 0.0 0.0 0.0 0.0 0.0 9
stats: {recvpackets,"tsung_controller@ip-172-31-31-187"} 1 74.0 0.0 1144 0 337.125 8
stats: {sentpackets,"tsung_controller@ip-172-31-31-187"} 1 74.0 0.0 649 0 191.375 8
stats: {cpu,"tsung_controller@ip-172-31-31-187"} 1 0.15 0.0 0.9009009009009009 0.04997501249375312 0.2557982577095421 9
stats: session 0 0 0 25435.752 25435.752 25435.752 1
stats: users_count 0 90
stats: finish_users_count 0 1
stats: request 27 60000.560703703704 1.7149470527373178 60010.336 5.654 8880.094602531644 395
stats: connect 0 0 0 24.091 0.615 1.4979888888888888 90
stats: page 27 60000.560703703704 1.7149470527373178 60010.336 5.654 8880.094602531644 395
stats: tr_Get_Root 0 0 0 1024.254 33.188 312.95762222222226 90
stats: 302 0 85
stats: tr_Redirect_Root 6 60000.45250000001 1.7381863872053689 60003.135 34.321 1565.339697368421 76
stats: 504 27 80
stats: tr_Post_New_Post 0 0 0 44.03 44.03 44.03 1
stats: 200 0 257
stats: tr_Get_New_Post 0 0 0 19.558 19.558 19.558 1
stats: size_rcv 8883 2012890
stats: tr_Redirect_To_New_Post 0 0 0 598.774 598.774 598.774 1
stats: newphase 0 1
stats: tr_Get_Register 3 60001.72233333334 0.16447357099028892 60001.931 5.822 561.0606781609195 87
stats: size_sent 15805 216418
stats: tr_Post_Register 1 59999.988 0.0 59999.988 125.707 824.0650357142857 84
stats: connected 0 89
stats: tr_Get_Book 17 60000.679470588235 1.8362222766131102 60010.481 14310.387 58942.94616363636 55
# stats: dump at 1575449253
stats: users 89 89
stats: {freemem,"tsung_controller@ip-172-31-31-187"} 1 690.6484375 0.0 732.71875 690.6484375 701.45703125 10
stats: {load,"tsung_controller@ip-172-31-31-187"} 1 0.0 0.0 0.0 0.0 0.0 10
stats: {recvpackets,"tsung_controller@ip-172-31-31-187"} 1 43.0 0.0 1144 0 307.8888888888889 9
stats: {sentpackets,"tsung_controller@ip-172-31-31-187"} 1 43.0 0.0 649 0 178.33333333333334 9
stats: {cpu,"tsung_controller@ip-172-31-31-187"} 1 0.14992503748125938 0.0 0.9009009009009009 0.04997501249375312 0.2452184319385879 10
stats: session 0 0 0 25435.752 25435.752 25435.752 1
stats: users_count 0 90
stats: finish_users_count 0 1
stats: request 0 0 0 60010.336 5.654 12150.835324644548 422
stats: connect 0 0 0 24.091 0.615 1.4979888888888888 90
stats: page 0 0 0 60010.336 5.654 12150.835324644548 422
stats: tr_Get_Root 0 0 0 1024.254 33.188 312.95762222222226 90
stats: 302 0 85
stats: tr_Redirect_Root 0 0 0 60003.135 34.321 5841.079658536585 82
stats: 504 0 80
stats: tr_Post_New_Post 0 0 0 44.03 44.03 44.03 1
stats: 200 0 257
stats: tr_Get_New_Post 0 0 0 19.558 19.558 19.558 1
stats: size_rcv 0 2012890
stats: tr_Redirect_To_New_Post 0 0 0 598.774 598.774 598.774 1
stats: newphase 0 1
stats: tr_Get_Register 0 0 0 60001.931 5.822 2542.4160666666667 90
stats: size_sent 437 216855
stats: tr_Post_Register 0 0 0 59999.988 125.707 1520.2523647058824 85
stats: connected 0 89
stats: tr_Get_Book 0 0 0 60010.481 14310.387 59192.68875 72
# stats: dump at 1575449263
stats: users 89 89
stats: {freemem,"tsung_controller@ip-172-31-31-187"} 1 690.71484375 0.0 732.71875 690.6484375 700.4744318181819 11
stats: {load,"tsung_controller@ip-172-31-31-187"} 1 0.0 0.0 0.0 0.0 0.0 11
stats: {recvpackets,"tsung_controller@ip-172-31-31-187"} 1 2.0 0.0 1144 0 281.4 10
stats: {sentpackets,"tsung_controller@ip-172-31-31-187"} 1 3.0 0.0 649 0 164.8 10
stats: {cpu,"tsung_controller@ip-172-31-31-187"} 1 0.0 0.0 0.9009009009009009 0.0 0.23655539607883078 11
stats: session 0 0 0 25435.752 25435.752 25435.752 1
stats: users_count 0 90
stats: finish_users_count 0 1
stats: request 8 60005.66 4.766126912912502 60016.149 5.654 12150.835324644548 422
stats: connect 0 0 0 24.091 0.615 1.4979888888888888 90
stats: page 8 60005.66 4.766126912912502 60016.149 5.654 12150.835324644548 422
stats: tr_Get_Root 0 0 0 1024.254 33.188 312.95762222222226 90
stats: 302 0 85
stats: tr_Redirect_Root 2 60003.187000000005 0.0709999999980937 60003.258 34.321 5841.079658536585 82
stats: 504 8 88
stats: tr_Post_New_Post 0 0 0 44.03 44.03 44.03 1
stats: 200 0 257
stats: tr_Get_New_Post 1 60016.422 0.0 60016.422 19.558 19.558 1
stats: size_rcv 2632 2015522
stats: tr_Redirect_To_New_Post 0 0 0 598.774 598.774 598.774 1
stats: newphase 0 1
stats: tr_Get_Register 0 0 0 60001.931 5.822 2542.4160666666667 90
stats: size_sent 2899 219754
stats: tr_Post_Register 2 60007.2385 4.030500000000757 60011.269 125.707 1520.2523647058824 85
stats: connected 0 89
stats: tr_Get_Book 3 60003.15266666667 0.3609702973284916 60010.481 14310.387 59192.68875 72
# stats: dump at 1575449273
stats: users 89 89
stats: {freemem,"tsung_controller@ip-172-31-31-187"} 1 690.66015625 0.0 732.71875 690.6484375 699.6611328125 12
stats: {load,"tsung_controller@ip-172-31-31-187"} 1 0.0 0.0 0.0 0.0 0.0 12
stats: {recvpackets,"tsung_controller@ip-172-31-31-187"} 1 15.0 0.0 1144 0 256.0 11
stats: {sentpackets,"tsung_controller@ip-172-31-31-187"} 1 15.0 0.0 649 0 150.0909090909091 11
stats: {cpu,"tsung_controller@ip-172-31-31-187"} 1 0.14985014985014986 0.0 0.9009009009009009 0.0 0.21684244640559489 12
stats: session 0 0 0 25435.752 25435.752 25435.752 1
stats: users_count 0 90
stats: finish_users_count 0 1
stats: request 2 60004.5175 2.5904999999984284 60016.149 5.654 13041.157644186045 430
stats: connect 0 0 0 24.091 0.615 1.4979888888888888 90
stats: page 2 60004.5175 2.5904999999984284 60016.149 5.654 13041.157644186045 430
stats: tr_Get_Root 0 0 0 1024.254 33.188 312.95762222222226 90
stats: 302 0 85
stats: tr_Redirect_Root 0 0 0 60003.258 34.321 7130.653642857143 84
stats: 504 2 90
stats: tr_Post_New_Post 0 0 0 44.03 44.03 44.03 1
stats: 200 0 257
stats: tr_Get_New_Post 1 60007.356 0.0 60016.422 19.558 30017.989999999998 2
stats: size_rcv 658 2016180
stats: tr_Redirect_To_New_Post 0 0 0 598.774 598.774 598.774 1
stats: newphase 0 1
stats: tr_Get_Register 0 0 0 60001.931 5.822 2542.4160666666667 90
stats: size_sent 1806 221560
stats: tr_Post_Register 0 0 0 60011.269 125.707 2864.7807816091954 87
stats: connected 0 89
stats: tr_Get_Book 1 60002.047 0.0 60010.481 14310.387 59225.10730666666 75
# stats: dump at 1575449283
stats: users 89 89
stats: {freemem,"tsung_controller@ip-172-31-31-187"} 1 690.609375 0.0 732.71875 690.609375 698.96875 13
stats: {load,"tsung_controller@ip-172-31-31-187"} 1 0.0 0.0 0.0 0.0 0.0 13
stats: {recvpackets,"tsung_controller@ip-172-31-31-187"} 1 9.0 0.0 1144 0 235.91666666666666 12
stats: {sentpackets,"tsung_controller@ip-172-31-31-187"} 1 9.0 0.0 649 0 138.83333333333334 12
stats: {cpu,"tsung_controller@ip-172-31-31-187"} 1 0.05 0.0 0.9009009009009009 0.0 0.2116891928244068 13
stats: session 0 0 0 25435.752 25435.752 25435.752 1
stats: users_count 0 90
stats: finish_users_count 0 1
stats: request 15 60003.50373333333 1.990614661076372 60016.149 5.654 13258.58060648148 432
stats: connect 0 0 0 24.091 0.615 1.4979888888888888 90
stats: page 15 60003.50373333333 1.990614661076372 60016.149 5.654 13258.58060648148 432
stats: tr_Get_Root 0 0 0 1024.254 33.188 312.95762222222226 90
stats: 302 0 85
stats: tr_Redirect_Root 0 0 0 60003.258 34.321 7130.653642857143 84
stats: 504 15 105
stats: tr_Post_New_Post 0 0 0 44.03 44.03 44.03 1
stats: 200 0 257
stats: tr_Get_New_Post 15 60003.77366666666 1.9699967738275628 60016.422 19.558 40014.44533333333 3
stats: size_rcv 4935 2021115
stats: tr_Redirect_To_New_Post 0 0 0 598.774 598.774 598.774 1
stats: newphase 0 1
stats: tr_Get_Register 0 0 0 60001.931 5.822 2542.4160666666667 90
stats: size_sent 9174 230734
stats: tr_Post_Register 0 0 0 60011.269 125.707 2864.7807816091954 87
stats: connected 0 89
stats: tr_Get_Book 0 0 0 60010.481 14310.387 59235.33019736842 76
# stats: dump at 1575449293
stats: users 85 89
stats: {freemem,"tsung_controller@ip-172-31-31-187"} 1 690.0234375 0.0 732.71875 690.0234375 698.3716517857143 14
stats: {load,"tsung_controller@ip-172-31-31-187"} 1 0.0 0.0 0.0 0.0 0.0 14
stats: {recvpackets,"tsung_controller@ip-172-31-31-187"} 1 30.0 0.0 1144 0 218.46153846153845 13
stats: {sentpackets,"tsung_controller@ip-172-31-31-187"} 1 30.0 0.0 649 0 128.84615384615384 13
stats: {cpu,"tsung_controller@ip-172-31-31-187"} 1 0.1998001998001998 0.0 0.9009009009009009 0.0 0.2001399647655206 14
stats: session 4 130368.25875000001 4942.350488657067 136992.624 25435.752 25435.752 1
stats: users_count 0 90
stats: finish_users_count 4 5
stats: request 47 38300.01844680851 28830.843132600305 60016.149 0.39 14827.202187919462 447
stats: connect 0 0 0 24.091 0.615 1.4979888888888888 90
stats: page 47 38300.01844680851 28830.843132600305 60016.149 0.39 14827.202187919462 447
stats: tr_Get_Root 0 0 0 1024.254 33.188 312.95762222222226 90
stats: 302 0 85
stats: tr_Redirect_Root 0 0 0 60003.258 34.321 7130.653642857143 84
stats: 504 30 135
stats: tr_Post_New_Post 13 0.6695384615384614 0.1218117181331756 44.03 0.567 44.03 1
stats: 200 0 257
stats: tr_Get_New_Post 30 60003.36103333334 1.17404538479451 60016.422 19.558 56672.21894444444 18
stats: size_rcv 15208 2036323
stats: tr_Redirect_To_New_Post 4 0.631 0.015556349186104051 598.774 0.607 598.774 1
stats: newphase 0 1
stats: tr_Get_Register 0 0 0 60001.931 5.822 2542.4160666666667 90
stats: 502 17 17
stats: tr_Post_Register 0 0 0 60011.269 125.707 2864.7807816091954 87
stats: size_sent 20860 251594
stats: tr_Get_Book 0 0 0 60010.481 14310.387 59235.33019736842 76
stats: connected -4 85
# stats: dump at 1575449303
stats: users 55 89
stats: {freemem,"tsung_controller@ip-172-31-31-187"} 1 689.1484375 0.0 732.71875 689.1484375 697.8151041666666 15
stats: {load,"tsung_controller@ip-172-31-31-187"} 1 0.0 0.0 0.0 0.0 0.0 15
stats: {recvpackets,"tsung_controller@ip-172-31-31-187"} 1 111.0 0.0 1144 0 205.0 14
stats: {sentpackets,"tsung_controller@ip-172-31-31-187"} 1 125.0 0.0 649 0 121.78571428571429 14
stats: {cpu,"tsung_controller@ip-172-31-31-187"} 1 0.4491017964071856 0.0 0.9009009009009009 0.0 0.20011731376783254 15
stats: session 30 132113.90850000005 4229.877110680757 143239.747 25435.752 109381.7574 5
stats: users_count 0 90
stats: finish_users_count 30 35
stats: request 101 19605.372079207915 28142.420989169626 60016.149 0.366 17060.44584008097 494
stats: connect 0 0 0 24.091 0.615 1.4979888888888888 90
stats: page 101 19605.372079207915 28142.420989169626 60016.149 0.366 17060.44584008097 494
stats: tr_Get_Root 0 0 0 1024.254 33.188 312.95762222222226 90
stats: 302 0 85
stats: tr_Redirect_Root 3 20001.626 28284.906939145207 60003.258 0.699 7130.653642857143 84
stats: 504 33 168
stats: tr_Post_New_Post 29 0.631241379310345 0.21747067264384518 44.03 0.512 3.766714285714286 14
stats: 200 0 257
stats: tr_Get_New_Post 30 46002.90963333334 25378.35054580511 60016.422 0.642 58754.18275 48
stats: size_rcv 32209 2068532
stats: tr_Redirect_To_New_Post 29 0.6463448275862066 0.07110132442729251 598.774 0.481 120.2596 5
stats: newphase 0 1
stats: tr_Get_Register 0 0 0 60001.931 5.822 2542.4160666666667 90
stats: 502 68 85
stats: tr_Post_Register 3 60003.47166666667 0.9097491717849998 60011.269 125.707 2864.7807816091954 87
stats: size_sent 38073 289667
stats: tr_Get_Book 7 51431.67185714286 20996.66146829834 60010.481 0.565 59235.33019736842 76
stats: connected -29 56
# stats: dump at 1575449313
stats: users 52 89
stats: {freemem,"tsung_controller@ip-172-31-31-187"} 1 688.74609375 0.0 732.71875 688.74609375 697.2734375 16
stats: {load,"tsung_controller@ip-172-31-31-187"} 1 0.0 0.0 0.0 0.0 0.0 16
stats: {recvpackets,"tsung_controller@ip-172-31-31-187"} 1 138.0 0.0 1144 0 198.73333333333332 15
stats: {sentpackets,"tsung_controller@ip-172-31-31-187"} 1 200.0 0.0 649 0 122.0 15
stats: {cpu,"tsung_controller@ip-172-31-31-187"} 1 0.2997002997002997 0.0 0.9009009009009009 0.0 0.2156788439327921 16
stats: session 3 146447.13933333333 2472.282823442105 149925.158 25435.752 128866.45834285718 35
stats: users_count 0 90
stats: finish_users_count 3 38
stats: request 7 8572.600857142856 20997.21515251515 60016.149 0.366 17492.441722689073 595
stats: connect 0 0 0 24.091 0.615 1.4979888888888888 90
stats: page 7 8572.600857142856 20997.21515251515 60016.149 0.366 17492.441722689073 595
stats: tr_Get_Root 0 0 0 1024.254 33.188 312.95762222222226 90
stats: 302 0 85
stats: tr_Redirect_Root 0 0 0 60003.258 0.699 7574.480275862069 87
stats: 504 1 169
stats: tr_Post_New_Post 1 0.549 0.0 44.03 0.512 1.6520930232558142 43
stats: 200 0 257
stats: tr_Get_New_Post 1 60005.314 0.0 60016.422 0.642 53849.84693589743 78
stats: size_rcv 2213 2070745
stats: tr_Redirect_To_New_Post 4 0.69675 0.031195953263203863 598.774 0.481 18.236529411764707 34
stats: newphase 0 1
stats: tr_Get_Register 0 0 0 60001.931 5.822 2542.4160666666667 90
stats: 502 6 91
stats: tr_Post_Register 0 0 0 60011.269 125.707 4769.403811111111 90
stats: size_sent 3869 293536
stats: tr_Get_Book 1 0.637 0.0 60010.481 0.565 58577.19033734939 83
stats: connected -4 52
# stats: dump at 1575449323
stats: users 43 89
stats: {freemem,"tsung_controller@ip-172-31-31-187"} 1 688.76171875 0.0 732.71875 688.74609375 696.7718290441177 17
stats: {load,"tsung_controller@ip-172-31-31-187"} 1 0.0 0.0 0.0 0.0 0.0 17
stats: {recvpackets,"tsung_controller@ip-172-31-31-187"} 1 11.0 0.0 1144 0 194.9375 16
stats: {sentpackets,"tsung_controller@ip-172-31-31-187"} 1 15.0 0.0 649 0 126.875 16
stats: {cpu,"tsung_controller@ip-172-31-31-187"} 1 0.05002501250625312 0.0 0.9009009009009009 0.0 0.22062128250735139 17
stats: session 9 160720.939 8891.46587941457 177116.356 25435.752 130254.40684210528 38
stats: users_count 0 90
stats: finish_users_count 9 47
stats: request 56 33873.9373392857 14648.296926538811 60016.149 0.366 17388.722642857138 602
stats: connect 0 0 0 24.091 0.615 1.4979888888888888 90
stats: page 56 33873.9373392857 14648.296926538811 60016.149 0.366 17388.722642857138 602
stats: tr_Get_Root 0 0 0 1024.254 33.188 312.95762222222226 90
stats: 302 5 90
stats: tr_Redirect_Root 3 44415.185333333335 15560.262479392228 60003.258 0.699 7574.480275862069 87
stats: 504 2 171
stats: tr_Post_New_Post 39 32850.42738461538 11704.411358350277 59080.116 0.512 1.6270227272727276 44
stats: 200 14 271
stats: tr_Get_New_Post 5 46826.269400000005 15767.361149429398 60016.422 0.642 53927.76424050633 79
stats: size_rcv 147847 2218592
stats: tr_Redirect_To_New_Post 7 18343.595285714287 7904.20380492693 28208.365 0.481 16.390236842105264 38
stats: newphase 0 1
stats: tr_Get_Register 0 0 0 60001.931 5.822 2542.4160666666667 90
stats: 502 0 91
stats: tr_Post_Register 0 0 0 60011.269 125.707 4769.403811111111 90
stats: 422 35 35
stats: tr_Get_Book 2 60000.9415 0.7874999999985448 60010.481 0.565 57879.85041666666 84
stats: size_sent 15526 309062
stats: connected -7 45
# stats: dump at 1575449333
stats: users 26 89
stats: {freemem,"tsung_controller@ip-172-31-31-187"} 1 688.66015625 0.0 732.71875 688.66015625 696.3268229166666 18
stats: {load,"tsung_controller@ip-172-31-31-187"} 1 0.0 0.0 0.0 0.0 0.0 18
stats: {recvpackets,"tsung_controller@ip-172-31-31-187"} 1 234.0 0.0 1144 0 184.11764705882354 17
stats: {sentpackets,"tsung_controller@ip-172-31-31-187"} 1 145.0 0.0 649 0 120.29411764705883 17
stats: {cpu,"tsung_controller@ip-172-31-31-187"} 1 0.2997002997002997 0.0 0.9009009009009009 0.0 0.2111437119517348 18
stats: session 17 170216.95841176473 7297.213780240364 179805.084 25435.752 136088.42363829789 47
stats: users_count 0 90
stats: finish_users_count 17 64
stats: request 22 4532.940272727273 657.166004730172 60016.149 0.366 18791.719638297865 658
stats: connect 0 0 0 24.091 0.615 1.4979888888888888 90
stats: page 22 4532.940272727273 657.166004730172 60016.149 0.366 18791.719638297865 658
stats: tr_Get_Root 0 0 0 1024.254 33.188 312.95762222222226 90
stats: 302 1 91
stats: tr_Redirect_Root 0 0 0 60003.258 0.699 8802.503777777778 90
stats: 504 0 171
stats: tr_Post_New_Post 1 4064.346 0.0 59080.116 0.512 15436.605506024094 83
stats: 200 22 293
stats: tr_Get_New_Post 2 3279.549 119.12300000000005 60016.422 0.642 53505.056214285716 84
stats: size_rcv 103816 2322408
stats: tr_Redirect_To_New_Post 19 4689.692315789474 545.0401668303233 28208.365 0.481 2867.2888000000003 45
stats: newphase 0 1
stats: tr_Get_Register 0 0 0 60001.931 5.822 2542.4160666666667 90
stats: 502 0 91
stats: tr_Post_Register 0 0 0 60011.269 125.707 4769.403811111111 90
stats: 422 0 35
stats: tr_Get_Book 0 0 0 60010.481 0.565 57929.17811627907 86
stats: size_sent 9010 318072
stats: connected -19 26
# stats: dump at 1575449343
stats: users 25 89
stats: {freemem,"tsung_controller@ip-172-31-31-187"} 1 688.1875 0.0 732.71875 688.1875 695.9233141447369 19
stats: {load,"tsung_controller@ip-172-31-31-187"} 1 0.0 0.0 0.0 0.0 0.0 19
stats: {recvpackets,"tsung_controller@ip-172-31-31-187"} 1 131.0 0.0 1144 0 186.88888888888889 18
stats: {sentpackets,"tsung_controller@ip-172-31-31-187"} 1 80.0 0.0 649 0 121.66666666666667 18
stats: {cpu,"tsung_controller@ip-172-31-31-187"} 1 0.14985014985014986 0.0 0.9009009009009009 0.0 0.21580458499113297 19
stats: session 1 173017.084 0.0 179805.084 25435.752 145153.8156875 64
stats: users_count 0 90
stats: finish_users_count 1 65
stats: request 1 12361.853 0.0 60016.149 0.366 18330.40618823529 680
stats: connect 0 0 0 24.091 0.615 1.4979888888888888 90
stats: page 1 12361.853 0.0 60016.149 0.366 18330.40618823529 680
stats: tr_Get_Root 0 0 0 1024.254 33.188 312.95762222222226 90
stats: 302 0 91
stats: tr_Redirect_Root 0 0 0 60003.258 0.699 8802.503777777778 90
stats: 504 0 171
stats: tr_Post_New_Post 0 0 0 59080.116 0.512 15301.22146428571 84
stats: 200 0 293
stats: tr_Get_New_Post 0 0 0 60016.422 0.642 52337.021162790705 86
stats: size_rcv 5321 2327729
stats: tr_Redirect_To_New_Post 1 12362.074 0.0 28208.365 0.481 3408.3148437500004 64
stats: newphase 0 1
stats: tr_Get_Register 0 0 0 60001.931 5.822 2542.4160666666667 90
stats: 502 0 91
stats: tr_Post_Register 0 0 0 60011.269 125.707 4769.403811111111 90
stats: 422 0 35
stats: tr_Get_Book 0 0 0 60010.481 0.565 57929.17811627907 86
stats: size_sent 512 318584
stats: connected -1 25
# stats: dump at 1575449353
stats: users 25 89
stats: {freemem,"tsung_controller@ip-172-31-31-187"} 1 688.26171875 0.0 732.71875 688.1875 695.5365234375 20
stats: {load,"tsung_controller@ip-172-31-31-187"} 1 0.0 0.0 0.0 0.0 0.0 20
stats: {recvpackets,"tsung_controller@ip-172-31-31-187"} 1 1.0 0.0 1144 0 183.94736842105263 19
stats: {sentpackets,"tsung_controller@ip-172-31-31-187"} 1 1.0 0.0 649 0 119.47368421052632 19
stats: {cpu,"tsung_controller@ip-172-31-31-187"} 1 0.1 0.0 0.9009009009009009 0.0 0.2125068632340838 20
stats: session 0 0 0 179805.084 25435.752 145582.48135384617 65
stats: users_count 0 90
stats: finish_users_count 0 65
stats: request 0 0 0 60016.149 0.366 18321.641792951537 681
stats: connect 0 0 0 24.091 0.615 1.4979888888888888 90
stats: page 0 0 0 60016.149 0.366 18321.641792951537 681
stats: tr_Get_Root 0 0 0 1024.254 33.188 312.95762222222226 90
stats: 302 0 91
stats: tr_Redirect_Root 0 0 0 60003.258 0.699 8802.503777777778 90
stats: 504 0 171
stats: tr_Post_New_Post 0 0 0 59080.116 0.512 15301.22146428571 84
stats: 200 0 293
stats: tr_Get_New_Post 0 0 0 60016.422 0.642 52337.021162790705 86
stats: size_rcv 0 2327729
stats: tr_Redirect_To_New_Post 0 0 0 28208.365 0.481 3546.0649846153847 65
stats: newphase 0 1
stats: tr_Get_Register 0 0 0 60001.931 5.822 2542.4160666666667 90
stats: 502 0 91
stats: tr_Post_Register 0 0 0 60011.269 125.707 4769.403811111111 90
stats: 422 0 35
stats: tr_Get_Book 0 0 0 60010.481 0.565 57929.17811627907 86
stats: size_sent 0 318584
stats: connected 0 25
# stats: dump at 1575449363
stats: users 25 89
stats: {freemem,"tsung_controller@ip-172-31-31-187"} 1 688.328125 0.0 732.71875 688.1875 695.1901041666666 21
stats: {load,"tsung_controller@ip-172-31-31-187"} 1 0.0 0.0 0.0 0.0 0.0 21
stats: {recvpackets,"tsung_controller@ip-172-31-31-187"} 1 0.0 0.0 1144 0 174.8 20
stats: {sentpackets,"tsung_controller@ip-172-31-31-187"} 1 0.0 0.0 649 0 113.55 20
stats: {cpu,"tsung_controller@ip-172-31-31-187"} 1 0.0 0.0 0.9009009009009009 0.0 0.20714939355627027 21
stats: session 0 0 0 179805.084 25435.752 145582.48135384617 65
stats: users_count 0 90
stats: finish_users_count 0 65
stats: request 1 60386.839 0.0 60386.839 0.366 18321.641792951537 681
stats: connect 0 0 0 24.091 0.615 1.4979888888888888 90
stats: page 1 60386.839 0.0 60386.839 0.366 18321.641792951537 681
stats: tr_Get_Root 0 0 0 1024.254 33.188 312.95762222222226 90
stats: 302 0 91
stats: tr_Redirect_Root 0 0 0 60003.258 0.699 8802.503777777778 90
stats: 504 1 172
stats: tr_Post_New_Post 0 0 0 59080.116 0.512 15301.22146428571 84
stats: 200 0 293
stats: tr_Get_New_Post 0 0 0 60016.422 0.642 52337.021162790705 86
stats: size_rcv 329 2328058
stats: tr_Redirect_To_New_Post 0 0 0 28208.365 0.481 3546.0649846153847 65
stats: newphase 0 1
stats: tr_Get_Register 0 0 0 60001.931 5.822 2542.4160666666667 90
stats: 502 0 91
stats: tr_Post_Register 0 0 0 60011.269 125.707 4769.403811111111 90
stats: 422 0 35
stats: tr_Get_Book 1 60387.017 0.0 60387.017 0.565 57929.17811627907 86
stats: size_sent 341 318925
stats: connected 0 25
# stats: dump at 1575449373
stats: users 25 89
stats: {freemem,"tsung_controller@ip-172-31-31-187"} 1 688.39453125 0.0 732.71875 688.1875 694.8781960227273 22
stats: {load,"tsung_controller@ip-172-31-31-187"} 1 0.0 0.0 0.0 0.0 0.0 22
stats: {recvpackets,"tsung_controller@ip-172-31-31-187"} 1 2.0 0.0 1144 0 166.47619047619048 21
stats: {sentpackets,"tsung_controller@ip-172-31-31-187"} 1 2.0 0.0 649 0 108.14285714285714 21
stats: {cpu,"tsung_controller@ip-172-31-31-187"} 1 0.05002501250625312 0.0 0.9009009009009009 0.0 0.19773351203098527 22
stats: session 0 0 0 179805.084 25435.752 145582.48135384617 65
stats: users_count 0 90
stats: finish_users_count 0 65
stats: request 0 0 0 60386.839 0.366 18383.32096774193 682
stats: connect 0 0 0 24.091 0.615 1.4979888888888888 90
stats: page 0 0 0 60386.839 0.366 18383.32096774193 682
stats: tr_Get_Root 0 0 0 1024.254 33.188 312.95762222222226 90
stats: 302 0 91
stats: tr_Redirect_Root 0 0 0 60003.258 0.699 8802.503777777778 90
stats: 504 0 172
stats: tr_Post_New_Post 0 0 0 59080.116 0.512 15301.22146428571 84
stats: 200 0 293
stats: tr_Get_New_Post 0 0 0 60016.422 0.642 52337.021162790705 86
stats: size_rcv 0 2328058
stats: tr_Redirect_To_New_Post 0 0 0 28208.365 0.481 3546.0649846153847 65
stats: newphase 0 1
stats: tr_Get_Register 0 0 0 60001.931 5.822 2542.4160666666667 90
stats: 502 0 91
stats: tr_Post_Register 0 0 0 60011.269 125.707 4769.403811111111 90
stats: 422 0 35
stats: tr_Get_Book 0 0 0 60387.017 0.565 57957.42913793103 87
stats: size_sent 0 318925
stats: connected 0 25
# stats: dump at 1575449383
stats: users 21 89
stats: {freemem,"tsung_controller@ip-172-31-31-187"} 1 688.46484375 0.0 732.71875 688.1875 694.5962975543479 23
stats: {load,"tsung_controller@ip-172-31-31-187"} 1 0.0 0.0 0.0 0.0 0.0 23
stats: {recvpackets,"tsung_controller@ip-172-31-31-187"} 1 1.0 0.0 1144 0 159.0 22
stats: {sentpackets,"tsung_controller@ip-172-31-31-187"} 1 2.0 0.0 649 0 103.31818181818181 22
stats: {cpu,"tsung_controller@ip-172-31-31-187"} 1 0.04997501249375312 0.0 0.9009009009009009 0.0 0.1913114033559969 23
stats: session 4 227646.69725 3102.532671569181 231770.019 25435.752 145582.48135384617 65
stats: users_count 0 90
stats: finish_users_count 4 69
stats: request 5 60446.848600000005 293.10313501195935 60793.727 0.366 18383.32096774193 682
stats: connect 0 0 0 24.091 0.615 1.4979888888888888 90
stats: page 5 60446.848600000005 293.10313501195935 60793.727 0.366 18383.32096774193 682
stats: tr_Get_Root 0 0 0 1024.254 33.188 312.95762222222226 90
stats: 302 0 91
stats: tr_Redirect_Root 0 0 0 60003.258 0.699 8802.503777777778 90
stats: 504 5 177
stats: tr_Post_New_Post 0 0 0 59080.116 0.512 15301.22146428571 84
stats: 200 0 293
stats: tr_Get_New_Post 0 0 0 60016.422 0.642 52337.021162790705 86
stats: size_rcv 1645 2329703
stats: tr_Redirect_To_New_Post 4 60360.2615 264.20140678514593 60707.23 0.481 3546.0649846153847 65
stats: newphase 0 1
stats: tr_Get_Register 0 0 0 60001.931 5.822 2542.4160666666667 90
stats: 502 0 91
stats: tr_Post_Register 0 0 0 60011.269 125.707 4769.403811111111 90
stats: 422 0 35
stats: tr_Get_Book 1 60793.882 0.0 60793.882 0.565 57957.42913793103 87
stats: size_sent 345 319270
stats: connected -4 21
# stats: dump at 1575449393
stats: users 7 89
stats: {freemem,"tsung_controller@ip-172-31-31-187"} 1 688.4765625 0.0 732.71875 688.1875 694.3408203125 24
stats: {load,"tsung_controller@ip-172-31-31-187"} 1 0.0 0.0 0.0 0.0 0.0 24
stats: {recvpackets,"tsung_controller@ip-172-31-31-187"} 1 23.0 0.0 1144 0 152.1304347826087 23
stats: {sentpackets,"tsung_controller@ip-172-31-31-187"} 1 22.0 0.0 649 0 98.91304347826087 23
stats: {cpu,"tsung_controller@ip-172-31-31-187"} 1 0.05 0.0 0.9009009009009009 0.0 0.18542238707007008 24
stats: session 14 228867.22457142855 6760.406894432166 237657.144 25435.752 150339.82720289857 69
stats: users_count 0 90
stats: finish_users_count 14 83
stats: request 18 60373.12022222221 293.18205370318435 60898.672 0.366 18689.460179039295 687
stats: connect 0 0 0 24.091 0.615 1.4979888888888888 90
stats: page 18 60373.12022222221 293.18205370318435 60898.672 0.366 18689.460179039295 687
stats: tr_Get_Root 0 0 0 1024.254 33.188 312.95762222222226 90
stats: 302 0 91
stats: tr_Redirect_Root 0 0 0 60003.258 0.699 8802.503777777778 90
stats: 504 18 195
stats: tr_Post_New_Post 2 60219.7825 135.47149999999965 60355.254 0.512 15301.22146428571 84
stats: 200 0 293
stats: tr_Get_New_Post 0 0 0 60016.422 0.642 52337.021162790705 86
stats: size_rcv 5922 2335625
stats: tr_Redirect_To_New_Post 14 60324.85914285715 259.5526248858261 60854.338 0.481 6839.641594202899 69
stats: newphase 0 1
stats: tr_Get_Register 0 0 0 60001.931 5.822 2542.4160666666667 90
stats: 502 0 91
stats: tr_Post_Register 0 0 0 60011.269 125.707 4769.403811111111 90
stats: 422 0 35
stats: tr_Get_Book 2 60865.8155 33.02850000000035 60898.844 0.565 57989.66155681818 88
stats: size_sent 1786 321056
stats: connected -14 7
# stats: dump at 1575449403
stats: users 6 89
stats: {freemem,"tsung_controller@ip-172-31-31-187"} 1 699.8671875 0.0 732.71875 688.1875 694.10625 25
stats: {load,"tsung_controller@ip-172-31-31-187"} 1 0.0 0.0 0.0 0.0 0.0 25
stats: {recvpackets,"tsung_controller@ip-172-31-31-187"} 1 32.0 0.0 1144 0 146.75 24
stats: {sentpackets,"tsung_controller@ip-172-31-31-187"} 1 26.0 0.0 649 0 95.70833333333333 24
stats: {cpu,"tsung_controller@ip-172-31-31-187"} 1 0.05 0.0 0.9009009009009009 0.0 0.18000549158726728 25
stats: session 1 232145.306 0.0 237657.144 25435.752 163585.41230120484 83
stats: users_count 0 90
stats: finish_users_count 1 84
stats: request 1 60199.027 0.0 60898.672 0.366 19753.723839716306 705
stats: connect 0 0 0 24.091 0.615 1.4979888888888888 90
stats: page 1 60199.027 0.0 60898.672 0.366 19753.723839716306 705
stats: tr_Get_Root 0 0 0 1024.254 33.188 312.95762222222226 90
stats: 302 0 91
stats: tr_Redirect_Root 0 0 0 60003.258 0.699 8802.503777777778 90
stats: 504 1 196
stats: tr_Post_New_Post 0 0 0 60355.254 0.512 16345.839162790693 86
stats: 200 0 293
stats: tr_Get_New_Post 0 0 0 60016.422 0.642 52337.021162790705 86
stats: size_rcv 329 2335954
stats: tr_Redirect_To_New_Post 1 60199.221 0.0 60854.338 0.481 15861.24455421687 83
stats: newphase 0 1
stats: tr_Get_Register 0 0 0 60001.931 5.822 2542.4160666666667 90
stats: 502 0 91
stats: tr_Post_Register 0 0 0 60011.269 125.707 4769.403811111111 90
stats: 422 0 35
stats: tr_Get_Book 0 0 0 60898.844 0.565 58053.57608888889 90
stats: size_sent 0 321056
stats: connected -1 6
# stats: dump at 1575449413
stats: users 6 89
stats: {freemem,"tsung_controller@ip-172-31-31-187"} 1 699.9453125 0.0 732.71875 688.1875 694.3278245192307 26
stats: {load,"tsung_controller@ip-172-31-31-187"} 1 0.0 0.0 0.0 0.0 0.0 26
stats: {recvpackets,"tsung_controller@ip-172-31-31-187"} 1 15.0 0.0 1144 0 142.16 25
stats: {sentpackets,"tsung_controller@ip-172-31-31-187"} 1 15.0 0.0 649 0 92.92 25
stats: {cpu,"tsung_controller@ip-172-31-31-187"} 1 0.1 0.0 0.9009009009009009 0.0 0.17500528037237237 26
stats: session 0 0 0 237657.144 25435.752 164401.60151190477 84
stats: users_count 0 90
stats: finish_users_count 0 84
stats: request 0 0 0 60898.672 0.366 19811.011804532573 706
stats: connect 0 0 0 24.091 0.615 1.4979888888888888 90
stats: page 0 0 0 60898.672 0.366 19811.011804532573 706
stats: tr_Get_Root 0 0 0 1024.254 33.188 312.95762222222226 90
stats: 302 0 91
stats: tr_Redirect_Root 0 0 0 60003.258 0.699 8802.503777777778 90
stats: 504 0 196
stats: tr_Post_New_Post 0 0 0 60355.254 0.512 16345.839162790693 86
stats: 200 0 293
stats: tr_Get_New_Post 0 0 0 60016.422 0.642 52337.021162790705 86
stats: size_rcv 0 2335954
stats: tr_Redirect_To_New_Post 0 0 0 60854.338 0.481 16389.07760714286 84
stats: newphase 0 1
stats: tr_Get_Register 0 0 0 60001.931 5.822 2542.4160666666667 90
stats: 502 0 91
stats: tr_Post_Register 0 0 0 60011.269 125.707 4769.403811111111 90
stats: 422 0 35
stats: tr_Get_Book 0 0 0 60898.844 0.565 58053.57608888889 90
stats: size_sent 0 321056
stats: connected 0 6
# stats: dump at 1575449423
stats: users 6 89
stats: {freemem,"tsung_controller@ip-172-31-31-187"} 1 700.0078125 0.0 732.71875 688.1875 694.5358796296297 27
stats: {load,"tsung_controller@ip-172-31-31-187"} 1 0.0 0.0 0.0 0.0 0.0 27
stats: {recvpackets,"tsung_controller@ip-172-31-31-187"} 1 0.0 0.0 1144 0 137.26923076923077 26
stats: {sentpackets,"tsung_controller@ip-172-31-31-187"} 1 0.0 0.0 649 0 89.92307692307692 26
stats: {cpu,"tsung_controller@ip-172-31-31-187"} 1 0.04995004995004995 0.0 0.9009009009009009 0.0 0.17222730702524747 27
stats: session 0 0 0 237657.144 25435.752 164401.60151190477 84
stats: users_count 0 90
stats: finish_users_count 0 84
stats: request 1 60670.271 0.0 60898.672 0.366 19811.011804532573 706
stats: connect 0 0 0 24.091 0.615 1.4979888888888888 90
stats: page 1 60670.271 0.0 60898.672 0.366 19811.011804532573 706
stats: tr_Get_Root 0 0 0 1024.254 33.188 312.95762222222226 90
stats: 302 0 91
stats: tr_Redirect_Root 0 0 0 60003.258 0.699 8802.503777777778 90
stats: 504 1 197
stats: tr_Post_New_Post 0 0 0 60355.254 0.512 16345.839162790693 86
stats: 200 0 293
stats: tr_Get_New_Post 1 60670.512 0.0 60670.512 0.642 52337.021162790705 86
stats: size_rcv 329 2336283
stats: tr_Redirect_To_New_Post 0 0 0 60854.338 0.481 16389.07760714286 84
stats: newphase 0 1
stats: tr_Get_Register 0 0 0 60001.931 5.822 2542.4160666666667 90
stats: 502 0 91
stats: tr_Post_Register 0 0 0 60011.269 125.707 4769.403811111111 90
stats: 422 0 35
stats: tr_Get_Book 0 0 0 60898.844 0.565 58053.57608888889 90
stats: size_sent 518 321574
stats: connected 0 6
# stats: dump at 1575449433
stats: users 6 89
stats: {freemem,"tsung_controller@ip-172-31-31-187"} 1 700.015625 0.0 732.71875 688.1875 694.7313058035714 28
stats: {load,"tsung_controller@ip-172-31-31-187"} 1 0.0 0.0 0.0 0.0 0.0 28
stats: {recvpackets,"tsung_controller@ip-172-31-31-187"} 1 3.0 0.0 1144 0 132.1851851851852 27
stats: {sentpackets,"tsung_controller@ip-172-31-31-187"} 1 3.0 0.0 649 0 86.5925925925926 27
stats: {cpu,"tsung_controller@ip-172-31-31-187"} 1 0.05 0.0 0.9009009009009009 0.0 0.1678602621297047 28
stats: session 0 0 0 237657.144 25435.752 164401.60151190477 84
stats: users_count 0 90
stats: finish_users_count 0 84
stats: request 0 0 0 60898.672 0.366 19868.8042503536 707
stats: connect 0 0 0 24.091 0.615 1.4979888888888888 90
stats: page 0 0 0 60898.672 0.366 19868.8042503536 707
stats: tr_Get_Root 0 0 0 1024.254 33.188 312.95762222222226 90
stats: 302 0 91
stats: tr_Redirect_Root 0 0 0 60003.258 0.699 8802.503777777778 90
stats: 504 0 197
stats: tr_Post_New_Post 0 0 0 60355.254 0.512 16345.839162790693 86
stats: 200 0 293
stats: tr_Get_New_Post 0 0 0 60670.512 0.642 52432.80841379311 87
stats: size_rcv 0 2336283
stats: tr_Redirect_To_New_Post 0 0 0 60854.338 0.481 16389.07760714286 84
stats: newphase 0 1
stats: tr_Get_Register 0 0 0 60001.931 5.822 2542.4160666666667 90
stats: 502 0 91
stats: tr_Post_Register 0 0 0 60011.269 125.707 4769.403811111111 90
stats: 422 0 35
stats: tr_Get_Book 0 0 0 60898.844 0.565 58053.57608888889 90
stats: size_sent 0 321574
stats: connected 0 6
# stats: dump at 1575449443
stats: users 6 89
stats: {freemem,"tsung_controller@ip-172-31-31-187"} 1 700.1484375 0.0 732.71875 688.1875 694.9135237068965 29
stats: {load,"tsung_controller@ip-172-31-31-187"} 1 0.0 0.0 0.0 0.0 0.0 29
stats: {recvpackets,"tsung_controller@ip-172-31-31-187"} 1 0.0 0.0 1144 0 127.57142857142857 28
stats: {sentpackets,"tsung_controller@ip-172-31-31-187"} 1 0.0 0.0 649 0 83.60714285714286 28
stats: {cpu,"tsung_controller@ip-172-31-31-187"} 1 0.0 0.0 0.9009009009009009 0.0 0.16379611515971487 29
stats: session 0 0 0 237657.144 25435.752 164401.60151190477 84
stats: users_count 0 90
stats: finish_users_count 0 84
stats: request 0 0 0 60898.672 0.366 19868.8042503536 707
stats: connect 0 0 0 24.091 0.615 1.4979888888888888 90
stats: page 0 0 0 60898.672 0.366 19868.8042503536 707
stats: tr_Get_Root 0 0 0 1024.254 33.188 312.95762222222226 90
stats: 302 0 91
stats: tr_Redirect_Root 0 0 0 60003.258 0.699 8802.503777777778 90
stats: 504 0 197
stats: tr_Post_New_Post 0 0 0 60355.254 0.512 16345.839162790693 86
stats: 200 0 293
stats: tr_Get_New_Post 0 0 0 60670.512 0.642 52432.80841379311 87
stats: size_rcv 0 2336283
stats: tr_Redirect_To_New_Post 0 0 0 60854.338 0.481 16389.07760714286 84
stats: newphase 0 1
stats: tr_Get_Register 0 0 0 60001.931 5.822 2542.4160666666667 90
stats: 502 0 91
stats: tr_Post_Register 0 0 0 60011.269 125.707 4769.403811111111 90
stats: 422 0 35
stats: tr_Get_Book 0 0 0 60898.844 0.565 58053.57608888889 90
stats: size_sent 0 321574
stats: connected 0 6
# stats: dump at 1575449453
stats: users 4 89
stats: {freemem,"tsung_controller@ip-172-31-31-187"} 1 700.16015625 0.0 732.71875 688.1875 695.0880208333333 30
stats: {load,"tsung_controller@ip-172-31-31-187"} 1 0.0 0.0 0.0 0.0 0.0 30
stats: {recvpackets,"tsung_controller@ip-172-31-31-187"} 1 2.0 0.0 1144 0 123.17241379310344 29
stats: {sentpackets,"tsung_controller@ip-172-31-31-187"} 1 2.0 0.0 649 0 80.72413793103448 29
stats: {cpu,"tsung_controller@ip-172-31-31-187"} 1 0.0999000999000999 0.0 0.9009009009009009 0.0 0.15833624465439106 30
stats: session 2 280857.784 148.09700000000885 281005.881 25435.752 164401.60151190477 84
stats: users_count 0 90
stats: finish_users_count 2 86
stats: request 5 60490.5828 101.63077789213395 60898.672 0.366 19868.8042503536 707
stats: connect 0 0 0 24.091 0.615 1.4979888888888888 90
stats: page 5 60490.5828 101.63077789213395 60898.672 0.366 19868.8042503536 707
stats: tr_Get_Root 0 0 0 1024.254 33.188 312.95762222222226 90
stats: 302 0 91
stats: tr_Redirect_Root 0 0 0 60003.258 0.699 8802.503777777778 90
stats: 504 5 202
stats: tr_Post_New_Post 0 0 0 60355.254 0.512 16345.839162790693 86
stats: 200 0 293
stats: tr_Get_New_Post 3 60543.54066666667 93.45992271319018 60670.512 0.642 52432.80841379311 87
stats: size_rcv 1645 2337928
stats: tr_Redirect_To_New_Post 2 60411.759999999995 48.09400000000278 60854.338 0.481 16389.07760714286 84
stats: newphase 0 1
stats: tr_Get_Register 0 0 0 60001.931 5.822 2542.4160666666667 90
stats: 502 0 91
stats: tr_Post_Register 0 0 0 60011.269 125.707 4769.403811111111 90
stats: 422 0 35
stats: tr_Get_Book 0 0 0 60898.844 0.565 58053.57608888889 90
stats: size_sent 1556 323130
stats: connected -2 4
# stats: dump at 1575449463
stats: users 0 89
stats: {freemem,"tsung_controller@ip-172-31-31-187"} 1 700.16796875 0.0 732.71875 688.1875 695.2516381048387 31
stats: {load,"tsung_controller@ip-172-31-31-187"} 1 0.0 0.0 0.0 0.0 0.0 31
stats: {recvpackets,"tsung_controller@ip-172-31-31-187"} 1 10.0 0.0 1144 0 119.13333333333334 30
stats: {sentpackets,"tsung_controller@ip-172-31-31-187"} 1 10.0 0.0 649 0 78.1 30
stats: {cpu,"tsung_controller@ip-172-31-31-187"} 1 0.0 0.0 0.9009009009009009 0.0 0.15645120772683327 31
stats: session 4 286976.24950000003 1900.3243615479787 290082.586 25435.752 167109.8848255814 86
stats: users_count 0 90
stats: finish_users_count 4 90
stats: request 8 7688.687000000001 10508.975561221072 60898.672 0.366 20154.0695491573 712
stats: connect 0 0 0 24.091 0.615 1.4979888888888888 90
stats: page 8 7688.687000000001 10508.975561221072 60898.672 0.366 20154.0695491573 712
stats: tr_Get_Root 0 0 0 1024.254 33.188 312.95762222222226 90
stats: 302 4 95
stats: tr_Redirect_Root 0 0 0 60003.258 0.699 8802.503777777778 90
stats: 504 0 202
stats: tr_Post_New_Post 4 15059.45575 10593.290921343503 60355.254 0.512 16345.839162790693 86
stats: 200 4 297
stats: tr_Get_New_Post 0 0 0 60670.512 0.642 52703.16615555556 90
stats: size_rcv 15596 2353524
stats: tr_Redirect_To_New_Post 4 318.297 99.97615961568036 60854.338 0.481 17412.860918604652 86
stats: newphase 0 1
stats: tr_Get_Register 0 0 0 60001.931 5.822 2542.4160666666667 90
stats: 502 0 91
stats: tr_Post_Register 0 0 0 60011.269 125.707 4769.403811111111 90
stats: 422 0 35
stats: tr_Get_Book 0 0 0 60898.844 0.565 58053.57608888889 90
stats: size_sent 1910 325040
stats: connected -4 0
# stats: dump at 1575449467
stats: users 0 89
stats: {freemem,"tsung_controller@ip-172-31-31-187"} 1 706.3515625 0.0 732.71875 688.1875 695.4052734375 32
stats: {load,"tsung_controller@ip-172-31-31-187"} 1 0.0 0.0 0.0 0.0 0.0 32
stats: {recvpackets,"tsung_controller@ip-172-31-31-187"} 1 28.0 0.0 1144 0 115.61290322580645 31
stats: {sentpackets,"tsung_controller@ip-172-31-31-187"} 1 24.0 0.0 649 0 75.90322580645162 31
stats: {cpu,"tsung_controller@ip-172-31-31-187"} 1 0.1 0.0 0.9009009009009009 0.0 0.15156210748536972 32
stats: session 0 0 0 290082.586 25435.752 172437.27881111111 90
stats: users_count 0 90
stats: finish_users_count 0 90
stats: request 0 0 0 60898.672 0.366 20015.565298611105 720
stats: connect 0 0 0 24.091 0.615 1.4979888888888888 90
stats: page 0 0 0 60898.672 0.366 20015.565298611105 720
stats: tr_Get_Root 0 0 0 1024.254 33.188 312.95762222222226 90
stats: 302 0 95
stats: tr_Redirect_Root 0 0 0 60003.258 0.699 8802.503777777778 90
stats: 504 0 202
stats: tr_Post_New_Post 0 0 0 60355.254 0.512 16288.666566666663 90
stats: 200 0 297
stats: tr_Get_New_Post 0 0 0 60670.512 0.642 52703.16615555556 90
stats: size_rcv 0 2353524
stats: tr_Redirect_To_New_Post 0 0 0 60854.338 0.481 16653.102522222223 90
stats: newphase 0 1
stats: tr_Get_Register 0 0 0 60001.931 5.822 2542.4160666666667 90
stats: 502 0 91
stats: tr_Post_Register 0 0 0 60011.269 125.707 4769.403811111111 90
stats: 422 0 35
stats: tr_Get_Book 0 0 0 60898.844 0.565 58053.57608888889 90
stats: size_sent 0 325040
stats: connected 0 0
EndMonitor:{1575,449467,522432}
