
=INFO REPORT==== 4-Dec-2019::08:45:43 ===
    ts_config_server:(5:<0.102.0>) Config server started, logdir is "/home/ec2-user/.tsung/log/20191204-0845"
 
=INFO REPORT==== 4-Dec-2019::08:45:43 ===
              ts_mon:(5:<0.83.0>) starting monitor, global 

=INFO REPORT==== 4-Dec-2019::08:45:43 ===
           ts_config:(5:<0.102.0>) Reading config file: simple.xml

=INFO REPORT==== 4-Dec-2019::08:45:43 ===
           ts_config:(5:<0.102.0>) Session name for id 1 is "Make Post"

=INFO REPORT==== 4-Dec-2019::08:45:43 ===
    ts_config_server:(4:<0.102.0>) SYSINFO:Tsung version: 1.7.0

=INFO REPORT==== 4-Dec-2019::08:45:43 ===
    ts_config_server:(4:<0.102.0>) SYSINFO:Erlang version: Erlang/OTP 20 [erts-9.1] [source] [64-bit] [smp:2:2] [ds:2:2:10] [async-threads:8] [hipe] [kernel-poll:true]


=INFO REPORT==== 4-Dec-2019::08:45:43 ===
    ts_config_server:(4:<0.102.0>) SYSINFO:System architecture x86_64-unknown-linux-gnu

=INFO REPORT==== 4-Dec-2019::08:45:43 ===
    ts_config_server:(4:<0.102.0>) SYSINFO:Current path: /usr/local/lib/tsung/tsung-1.7.0/ebin/tsung.beam

=INFO REPORT==== 4-Dec-2019::08:45:43 ===
              ts_mon:(5:<0.103.0>) Activate clients with text backend

=INFO REPORT==== 4-Dec-2019::08:45:43 ===
              ts_mon:(5:<0.103.0>) Starting tsung clients on hosts: [localhost]

=INFO REPORT==== 4-Dec-2019::08:45:43 ===
    ts_config_server:(5:<0.102.0>) Start a launcher on the controller beam localhost

=INFO REPORT==== 4-Dec-2019::08:45:43 ===
  ts_launcher_static:(5:<0.154.0>) Launch msg receive ("localhost")

=INFO REPORT==== 4-Dec-2019::08:45:43 ===
         ts_launcher:(5:<0.155.0>) Launch msg receive ("localhost")

=INFO REPORT==== 4-Dec-2019::08:45:43 ===
    ts_config_server:(5:<0.102.0>) New arrival phase 1 for client "localhost" (last ? true): will start 30 users

=INFO REPORT==== 4-Dec-2019::08:45:43 ===
    ts_config_server:(5:<0.102.0>) New arrival phase 2 for client "localhost" (last ? true): will start 60 users

=INFO REPORT==== 4-Dec-2019::08:45:43 ===
         ts_launcher:(5:<0.155.0>) Expected duration of first phase: 15.0 sec (30 users) 

=INFO REPORT==== 4-Dec-2019::08:45:43 ===
         ts_launcher:(5:<0.155.0>) Activate launcher (30 users) in 1090 msec 

=INFO REPORT==== 4-Dec-2019::08:45:58 ===
         ts_launcher:(4:<0.155.0>) Need to wait 1.392 sec before changing phase, going to sleep

=INFO REPORT==== 4-Dec-2019::08:45:59 ===
         ts_launcher:(5:<0.155.0>) Waking up

=INFO REPORT==== 4-Dec-2019::08:45:59 ===
         ts_launcher:(5:<0.155.0>) Start a new arrival phase (60 users, 0.004); expected duration=15.0 sec

=INFO REPORT==== 4-Dec-2019::08:46:11 ===
         ts_launcher:(5:<0.155.0>) This was the last phase, wait for connected users to finish their session

=INFO REPORT==== 4-Dec-2019::08:47:16 ===
           ts_search:(5:<0.245.0>) Dyn Var (RE): no Match (varname=authenticity_token), 

=INFO REPORT==== 4-Dec-2019::08:47:16 ===
           ts_search:(5:<0.246.0>) Dyn Var (RE): no Match (varname=authenticity_token), 

=INFO REPORT==== 4-Dec-2019::08:47:23 ===
           ts_search:(5:<0.216.0>) Dyn Var (RE): no Match (varname=authenticity_token), 

=INFO REPORT==== 4-Dec-2019::08:47:38 ===
           ts_search:(5:<0.157.0>) Dyn Var (RE): no Match (varname=authenticity_token), 

=INFO REPORT==== 4-Dec-2019::08:47:52 ===
           ts_search:(5:<0.166.0>) Dyn Var (RE): no Match (varname=authenticity_token), 

=INFO REPORT==== 4-Dec-2019::08:47:53 ===
           ts_search:(5:<0.165.0>) Dyn Var (RE): no Match (varname=authenticity_token), 

=INFO REPORT==== 4-Dec-2019::08:47:54 ===
           ts_search:(5:<0.163.0>) Dyn Var (RE): no Match (varname=authenticity_token), 

=INFO REPORT==== 4-Dec-2019::08:47:55 ===
           ts_search:(5:<0.168.0>) Dyn Var (RE): no Match (varname=authenticity_token), 

=INFO REPORT==== 4-Dec-2019::08:47:56 ===
           ts_search:(5:<0.169.0>) Dyn Var (RE): no Match (varname=authenticity_token), 

=INFO REPORT==== 4-Dec-2019::08:47:57 ===
           ts_search:(5:<0.161.0>) Dyn Var (RE): no Match (varname=authenticity_token), 

=INFO REPORT==== 4-Dec-2019::08:47:59 ===
           ts_search:(5:<0.171.0>) Dyn Var (RE): no Match (varname=authenticity_token), 

=INFO REPORT==== 4-Dec-2019::08:47:59 ===
           ts_search:(5:<0.164.0>) Dyn Var (RE): no Match (varname=authenticity_token), 

=INFO REPORT==== 4-Dec-2019::08:47:59 ===
           ts_search:(5:<0.183.0>) Dyn Var (RE): no Match (varname=authenticity_token), 

=INFO REPORT==== 4-Dec-2019::08:47:59 ===
           ts_search:(5:<0.167.0>) Dyn Var (RE): no Match (varname=authenticity_token), 

=INFO REPORT==== 4-Dec-2019::08:48:00 ===
           ts_search:(5:<0.173.0>) Dyn Var (RE): no Match (varname=authenticity_token), 

=INFO REPORT==== 4-Dec-2019::08:48:00 ===
           ts_search:(5:<0.177.0>) Dyn Var (RE): no Match (varname=authenticity_token), 

=INFO REPORT==== 4-Dec-2019::08:48:02 ===
           ts_search:(5:<0.178.0>) Dyn Var (RE): no Match (varname=authenticity_token), 

=INFO REPORT==== 4-Dec-2019::08:48:02 ===
           ts_search:(5:<0.182.0>) Dyn Var (RE): no Match (varname=authenticity_token), 

=INFO REPORT==== 4-Dec-2019::08:48:02 ===
           ts_search:(5:<0.179.0>) Dyn Var (RE): no Match (varname=authenticity_token), 

=INFO REPORT==== 4-Dec-2019::08:48:02 ===
           ts_search:(5:<0.172.0>) Dyn Var (RE): no Match (varname=authenticity_token), 

=INFO REPORT==== 4-Dec-2019::08:48:03 ===
           ts_search:(5:<0.195.0>) Dyn Var (RE): no Match (varname=authenticity_token), 

=INFO REPORT==== 4-Dec-2019::08:48:04 ===
           ts_search:(5:<0.160.0>) Dyn Var (RE): no Match (varname=authenticity_token), 

=INFO REPORT==== 4-Dec-2019::08:48:05 ===
           ts_search:(5:<0.188.0>) Dyn Var (RE): no Match (varname=authenticity_token), 

=INFO REPORT==== 4-Dec-2019::08:48:05 ===
           ts_search:(5:<0.176.0>) Dyn Var (RE): no Match (varname=authenticity_token), 

=INFO REPORT==== 4-Dec-2019::08:48:05 ===
           ts_search:(5:<0.187.0>) Dyn Var (RE): no Match (varname=authenticity_token), 

=INFO REPORT==== 4-Dec-2019::08:48:05 ===
           ts_search:(5:<0.170.0>) Dyn Var (RE): no Match (varname=authenticity_token), 

=INFO REPORT==== 4-Dec-2019::08:48:05 ===
           ts_search:(5:<0.192.0>) Dyn Var (RE): no Match (varname=authenticity_token), 

=INFO REPORT==== 4-Dec-2019::08:48:05 ===
           ts_search:(5:<0.186.0>) Dyn Var (RE): no Match (varname=authenticity_token), 

=INFO REPORT==== 4-Dec-2019::08:48:06 ===
           ts_search:(5:<0.180.0>) Dyn Var (RE): no Match (varname=authenticity_token), 

=INFO REPORT==== 4-Dec-2019::08:48:07 ===
           ts_search:(5:<0.181.0>) Dyn Var (RE): no Match (varname=authenticity_token), 

=INFO REPORT==== 4-Dec-2019::08:48:07 ===
           ts_search:(5:<0.196.0>) Dyn Var (RE): no Match (varname=authenticity_token), 

=INFO REPORT==== 4-Dec-2019::08:48:07 ===
           ts_search:(5:<0.199.0>) Dyn Var (RE): no Match (varname=authenticity_token), 

=INFO REPORT==== 4-Dec-2019::08:48:08 ===
           ts_search:(5:<0.194.0>) Dyn Var (RE): no Match (varname=authenticity_token), 

=INFO REPORT==== 4-Dec-2019::08:48:08 ===
           ts_search:(5:<0.198.0>) Dyn Var (RE): no Match (varname=authenticity_token), 

=INFO REPORT==== 4-Dec-2019::08:48:09 ===
           ts_search:(5:<0.212.0>) Dyn Var (RE): no Match (varname=authenticity_token), 

=INFO REPORT==== 4-Dec-2019::08:48:09 ===
           ts_search:(5:<0.185.0>) Dyn Var (RE): no Match (varname=authenticity_token), 

=INFO REPORT==== 4-Dec-2019::08:48:09 ===
           ts_search:(5:<0.185.0>) Dyn Var (RE): no Match (varname=post_id), 

=INFO REPORT==== 4-Dec-2019::08:48:09 ===
           ts_search:(5:<0.214.0>) Dyn Var (RE): no Match (varname=authenticity_token), 

=INFO REPORT==== 4-Dec-2019::08:48:09 ===
           ts_search:(5:<0.214.0>) Dyn Var (RE): no Match (varname=post_id), 

=INFO REPORT==== 4-Dec-2019::08:48:10 ===
           ts_search:(5:<0.203.0>) Dyn Var (RE): no Match (varname=authenticity_token), 

=INFO REPORT==== 4-Dec-2019::08:48:10 ===
           ts_search:(5:<0.203.0>) Dyn Var (RE): no Match (varname=post_id), 

=INFO REPORT==== 4-Dec-2019::08:48:10 ===
           ts_search:(5:<0.200.0>) Dyn Var (RE): no Match (varname=authenticity_token), 

=INFO REPORT==== 4-Dec-2019::08:48:10 ===
           ts_search:(5:<0.200.0>) Dyn Var (RE): no Match (varname=post_id), 

=INFO REPORT==== 4-Dec-2019::08:48:10 ===
           ts_search:(5:<0.205.0>) Dyn Var (RE): no Match (varname=authenticity_token), 

=INFO REPORT==== 4-Dec-2019::08:48:10 ===
           ts_search:(5:<0.205.0>) Dyn Var (RE): no Match (varname=post_id), 

=INFO REPORT==== 4-Dec-2019::08:48:11 ===
           ts_search:(5:<0.189.0>) Dyn Var (RE): no Match (varname=authenticity_token), 

=INFO REPORT==== 4-Dec-2019::08:48:11 ===
           ts_search:(5:<0.189.0>) Dyn Var (RE): no Match (varname=post_id), 

=INFO REPORT==== 4-Dec-2019::08:48:11 ===
           ts_search:(5:<0.223.0>) Dyn Var (RE): no Match (varname=authenticity_token), 

=INFO REPORT==== 4-Dec-2019::08:48:11 ===
           ts_search:(5:<0.223.0>) Dyn Var (RE): no Match (varname=post_id), 

=INFO REPORT==== 4-Dec-2019::08:48:11 ===
           ts_search:(5:<0.202.0>) Dyn Var (RE): no Match (varname=authenticity_token), 

=INFO REPORT==== 4-Dec-2019::08:48:11 ===
           ts_search:(5:<0.202.0>) Dyn Var (RE): no Match (varname=post_id), 

=INFO REPORT==== 4-Dec-2019::08:48:11 ===
           ts_search:(5:<0.184.0>) Dyn Var (RE): no Match (varname=authenticity_token), 

=INFO REPORT==== 4-Dec-2019::08:48:11 ===
           ts_search:(5:<0.184.0>) Dyn Var (RE): no Match (varname=post_id), 

=INFO REPORT==== 4-Dec-2019::08:48:11 ===
           ts_search:(5:<0.228.0>) Dyn Var (RE): no Match (varname=authenticity_token), 

=INFO REPORT==== 4-Dec-2019::08:48:11 ===
           ts_search:(5:<0.228.0>) Dyn Var (RE): no Match (varname=post_id), 

=INFO REPORT==== 4-Dec-2019::08:48:11 ===
           ts_search:(5:<0.219.0>) Dyn Var (RE): no Match (varname=authenticity_token), 

=INFO REPORT==== 4-Dec-2019::08:48:11 ===
           ts_search:(5:<0.217.0>) Dyn Var (RE): no Match (varname=authenticity_token), 

=INFO REPORT==== 4-Dec-2019::08:48:12 ===
           ts_search:(5:<0.201.0>) Dyn Var (RE): no Match (varname=authenticity_token), 

=INFO REPORT==== 4-Dec-2019::08:48:12 ===
           ts_search:(5:<0.201.0>) Dyn Var (RE): no Match (varname=post_id), 

=INFO REPORT==== 4-Dec-2019::08:48:12 ===
           ts_search:(5:<0.227.0>) Dyn Var (RE): no Match (varname=authenticity_token), 

=INFO REPORT==== 4-Dec-2019::08:48:12 ===
           ts_search:(5:<0.227.0>) Dyn Var (RE): no Match (varname=post_id), 

=INFO REPORT==== 4-Dec-2019::08:48:13 ===
           ts_search:(5:<0.204.0>) Dyn Var (RE): no Match (varname=authenticity_token), 

=INFO REPORT==== 4-Dec-2019::08:48:13 ===
           ts_search:(5:<0.204.0>) Dyn Var (RE): no Match (varname=post_id), 

=INFO REPORT==== 4-Dec-2019::08:48:13 ===
           ts_search:(5:<0.220.0>) Dyn Var (RE): no Match (varname=authenticity_token), 

=INFO REPORT==== 4-Dec-2019::08:48:13 ===
           ts_search:(5:<0.220.0>) Dyn Var (RE): no Match (varname=post_id), 

=INFO REPORT==== 4-Dec-2019::08:48:13 ===
           ts_search:(5:<0.190.0>) Dyn Var (RE): no Match (varname=authenticity_token), 

=INFO REPORT==== 4-Dec-2019::08:48:13 ===
           ts_search:(5:<0.190.0>) Dyn Var (RE): no Match (varname=post_id), 

=INFO REPORT==== 4-Dec-2019::08:48:13 ===
           ts_search:(5:<0.206.0>) Dyn Var (RE): no Match (varname=authenticity_token), 

=INFO REPORT==== 4-Dec-2019::08:48:13 ===
           ts_search:(5:<0.206.0>) Dyn Var (RE): no Match (varname=post_id), 

=INFO REPORT==== 4-Dec-2019::08:48:14 ===
           ts_search:(5:<0.247.0>) Dyn Var (RE): no Match (varname=authenticity_token), 

=INFO REPORT==== 4-Dec-2019::08:48:14 ===
           ts_search:(5:<0.247.0>) Dyn Var (RE): no Match (varname=post_id), 

=INFO REPORT==== 4-Dec-2019::08:48:14 ===
           ts_search:(5:<0.238.0>) Dyn Var (RE): no Match (varname=authenticity_token), 

=INFO REPORT==== 4-Dec-2019::08:48:14 ===
           ts_search:(5:<0.238.0>) Dyn Var (RE): no Match (varname=post_id), 

=INFO REPORT==== 4-Dec-2019::08:48:14 ===
           ts_search:(5:<0.240.0>) Dyn Var (RE): no Match (varname=authenticity_token), 

=INFO REPORT==== 4-Dec-2019::08:48:14 ===
           ts_search:(5:<0.240.0>) Dyn Var (RE): no Match (varname=post_id), 

=INFO REPORT==== 4-Dec-2019::08:48:14 ===
           ts_search:(5:<0.215.0>) Dyn Var (RE): no Match (varname=authenticity_token), 

=INFO REPORT==== 4-Dec-2019::08:48:14 ===
           ts_search:(5:<0.215.0>) Dyn Var (RE): no Match (varname=post_id), 

=INFO REPORT==== 4-Dec-2019::08:48:14 ===
           ts_search:(5:<0.218.0>) Dyn Var (RE): no Match (varname=authenticity_token), 

=INFO REPORT==== 4-Dec-2019::08:48:14 ===
           ts_search:(5:<0.218.0>) Dyn Var (RE): no Match (varname=post_id), 

=INFO REPORT==== 4-Dec-2019::08:48:15 ===
           ts_search:(5:<0.209.0>) Dyn Var (RE): no Match (varname=authenticity_token), 

=INFO REPORT==== 4-Dec-2019::08:48:15 ===
           ts_search:(5:<0.209.0>) Dyn Var (RE): no Match (varname=post_id), 

=INFO REPORT==== 4-Dec-2019::08:48:15 ===
           ts_search:(5:<0.207.0>) Dyn Var (RE): no Match (varname=authenticity_token), 

=INFO REPORT==== 4-Dec-2019::08:48:15 ===
           ts_search:(5:<0.207.0>) Dyn Var (RE): no Match (varname=post_id), 

=INFO REPORT==== 4-Dec-2019::08:48:15 ===
           ts_search:(5:<0.208.0>) Dyn Var (RE): no Match (varname=authenticity_token), 

=INFO REPORT==== 4-Dec-2019::08:48:15 ===
           ts_search:(5:<0.208.0>) Dyn Var (RE): no Match (varname=post_id), 

=INFO REPORT==== 4-Dec-2019::08:48:15 ===
           ts_search:(5:<0.232.0>) Dyn Var (RE): no Match (varname=authenticity_token), 

=INFO REPORT==== 4-Dec-2019::08:48:15 ===
           ts_search:(5:<0.232.0>) Dyn Var (RE): no Match (varname=post_id), 

=INFO REPORT==== 4-Dec-2019::08:48:16 ===
           ts_search:(5:<0.213.0>) Dyn Var (RE): no Match (varname=authenticity_token), 

=INFO REPORT==== 4-Dec-2019::08:48:16 ===
           ts_search:(5:<0.213.0>) Dyn Var (RE): no Match (varname=post_id), 

=INFO REPORT==== 4-Dec-2019::08:48:16 ===
           ts_search:(5:<0.233.0>) Dyn Var (RE): no Match (varname=authenticity_token), 

=INFO REPORT==== 4-Dec-2019::08:48:16 ===
           ts_search:(5:<0.233.0>) Dyn Var (RE): no Match (varname=post_id), 

=INFO REPORT==== 4-Dec-2019::08:48:16 ===
           ts_search:(5:<0.236.0>) Dyn Var (RE): no Match (varname=authenticity_token), 

=INFO REPORT==== 4-Dec-2019::08:48:16 ===
           ts_search:(5:<0.236.0>) Dyn Var (RE): no Match (varname=post_id), 

=INFO REPORT==== 4-Dec-2019::08:48:17 ===
           ts_search:(5:<0.224.0>) Dyn Var (RE): no Match (varname=authenticity_token), 

=INFO REPORT==== 4-Dec-2019::08:48:18 ===
           ts_search:(5:<0.248.0>) Dyn Var (RE): no Match (varname=authenticity_token), 

=INFO REPORT==== 4-Dec-2019::08:48:18 ===
           ts_search:(5:<0.248.0>) Dyn Var (RE): no Match (varname=post_id), 

=INFO REPORT==== 4-Dec-2019::08:48:18 ===
           ts_search:(5:<0.249.0>) Dyn Var (RE): no Match (varname=authenticity_token), 

=INFO REPORT==== 4-Dec-2019::08:48:18 ===
           ts_search:(5:<0.249.0>) Dyn Var (RE): no Match (varname=post_id), 

=INFO REPORT==== 4-Dec-2019::08:48:18 ===
           ts_search:(5:<0.197.0>) Dyn Var (RE): no Match (varname=authenticity_token), 

=INFO REPORT==== 4-Dec-2019::08:48:18 ===
           ts_search:(5:<0.197.0>) Dyn Var (RE): no Match (varname=post_id), 

=INFO REPORT==== 4-Dec-2019::08:48:18 ===
           ts_search:(5:<0.245.0>) Dyn Var (RE): no Match (varname=authenticity_token), 

=INFO REPORT==== 4-Dec-2019::08:48:18 ===
           ts_search:(5:<0.245.0>) Dyn Var (RE): no Match (varname=post_id), 

=INFO REPORT==== 4-Dec-2019::08:48:18 ===
           ts_search:(5:<0.191.0>) Dyn Var (RE): no Match (varname=authenticity_token), 

=INFO REPORT==== 4-Dec-2019::08:48:18 ===
           ts_search:(5:<0.191.0>) Dyn Var (RE): no Match (varname=post_id), 

=INFO REPORT==== 4-Dec-2019::08:48:18 ===
           ts_search:(5:<0.242.0>) Dyn Var (RE): no Match (varname=authenticity_token), 

=INFO REPORT==== 4-Dec-2019::08:48:18 ===
           ts_search:(5:<0.242.0>) Dyn Var (RE): no Match (varname=post_id), 

=INFO REPORT==== 4-Dec-2019::08:48:19 ===
           ts_search:(5:<0.221.0>) Dyn Var (RE): no Match (varname=authenticity_token), 

=INFO REPORT==== 4-Dec-2019::08:48:19 ===
           ts_search:(5:<0.221.0>) Dyn Var (RE): no Match (varname=post_id), 

=INFO REPORT==== 4-Dec-2019::08:48:19 ===
           ts_search:(5:<0.222.0>) Dyn Var (RE): no Match (varname=authenticity_token), 

=INFO REPORT==== 4-Dec-2019::08:48:19 ===
           ts_search:(5:<0.222.0>) Dyn Var (RE): no Match (varname=post_id), 

=INFO REPORT==== 4-Dec-2019::08:48:19 ===
           ts_search:(5:<0.234.0>) Dyn Var (RE): no Match (varname=authenticity_token), 

=INFO REPORT==== 4-Dec-2019::08:48:19 ===
           ts_search:(5:<0.234.0>) Dyn Var (RE): no Match (varname=post_id), 

=INFO REPORT==== 4-Dec-2019::08:48:19 ===
           ts_search:(5:<0.193.0>) Dyn Var (RE): no Match (varname=authenticity_token), 

=INFO REPORT==== 4-Dec-2019::08:48:19 ===
           ts_search:(5:<0.193.0>) Dyn Var (RE): no Match (varname=post_id), 

=INFO REPORT==== 4-Dec-2019::08:48:20 ===
           ts_search:(5:<0.210.0>) Dyn Var (RE): no Match (varname=authenticity_token), 

=INFO REPORT==== 4-Dec-2019::08:48:20 ===
           ts_search:(5:<0.210.0>) Dyn Var (RE): no Match (varname=post_id), 

=INFO REPORT==== 4-Dec-2019::08:48:20 ===
           ts_search:(5:<0.175.0>) Dyn Var (RE): no Match (varname=authenticity_token), 

=INFO REPORT==== 4-Dec-2019::08:48:20 ===
           ts_search:(5:<0.175.0>) Dyn Var (RE): no Match (varname=post_id), 

=INFO REPORT==== 4-Dec-2019::08:48:20 ===
           ts_search:(5:<0.241.0>) Dyn Var (RE): no Match (varname=authenticity_token), 

=INFO REPORT==== 4-Dec-2019::08:48:20 ===
           ts_search:(5:<0.241.0>) Dyn Var (RE): no Match (varname=post_id), 

=INFO REPORT==== 4-Dec-2019::08:48:22 ===
           ts_search:(5:<0.229.0>) Dyn Var (RE): no Match (varname=authenticity_token), 

=INFO REPORT==== 4-Dec-2019::08:48:22 ===
           ts_search:(5:<0.229.0>) Dyn Var (RE): no Match (varname=post_id), 

=INFO REPORT==== 4-Dec-2019::08:48:25 ===
           ts_search:(5:<0.235.0>) Dyn Var (RE): no Match (varname=authenticity_token), 

=INFO REPORT==== 4-Dec-2019::08:48:25 ===
           ts_search:(5:<0.235.0>) Dyn Var (RE): no Match (varname=post_id), 

=INFO REPORT==== 4-Dec-2019::08:48:37 ===
           ts_search:(5:<0.157.0>) Dyn Var (RE): no Match (varname=post_id), 

=INFO REPORT==== 4-Dec-2019::08:48:38 ===
           ts_search:(5:<0.166.0>) Dyn Var (RE): no Match (varname=post_id), 

=INFO REPORT==== 4-Dec-2019::08:48:38 ===
           ts_search:(5:<0.165.0>) Dyn Var (RE): no Match (varname=post_id), 

=INFO REPORT==== 4-Dec-2019::08:48:38 ===
           ts_search:(5:<0.168.0>) Dyn Var (RE): no Match (varname=post_id), 

=INFO REPORT==== 4-Dec-2019::08:48:38 ===
           ts_search:(5:<0.163.0>) Dyn Var (RE): no Match (varname=post_id), 

=INFO REPORT==== 4-Dec-2019::08:48:38 ===
           ts_search:(5:<0.169.0>) Dyn Var (RE): no Match (varname=post_id), 

=INFO REPORT==== 4-Dec-2019::08:48:38 ===
           ts_search:(5:<0.161.0>) Dyn Var (RE): no Match (varname=post_id), 

=INFO REPORT==== 4-Dec-2019::08:48:38 ===
           ts_search:(5:<0.171.0>) Dyn Var (RE): no Match (varname=post_id), 

=INFO REPORT==== 4-Dec-2019::08:48:38 ===
           ts_search:(5:<0.164.0>) Dyn Var (RE): no Match (varname=post_id), 

=INFO REPORT==== 4-Dec-2019::08:48:38 ===
           ts_search:(5:<0.183.0>) Dyn Var (RE): no Match (varname=post_id), 

=INFO REPORT==== 4-Dec-2019::08:48:38 ===
           ts_search:(5:<0.167.0>) Dyn Var (RE): no Match (varname=post_id), 

=INFO REPORT==== 4-Dec-2019::08:48:38 ===
           ts_search:(5:<0.173.0>) Dyn Var (RE): no Match (varname=post_id), 

=INFO REPORT==== 4-Dec-2019::08:48:38 ===
           ts_search:(5:<0.178.0>) Dyn Var (RE): no Match (varname=post_id), 

=INFO REPORT==== 4-Dec-2019::08:48:38 ===
           ts_search:(5:<0.177.0>) Dyn Var (RE): no Match (varname=post_id), 

=INFO REPORT==== 4-Dec-2019::08:48:38 ===
           ts_search:(5:<0.182.0>) Dyn Var (RE): no Match (varname=post_id), 

=INFO REPORT==== 4-Dec-2019::08:48:38 ===
           ts_search:(5:<0.172.0>) Dyn Var (RE): no Match (varname=post_id), 

=INFO REPORT==== 4-Dec-2019::08:48:38 ===
           ts_search:(5:<0.179.0>) Dyn Var (RE): no Match (varname=post_id), 

=INFO REPORT==== 4-Dec-2019::08:48:38 ===
           ts_search:(5:<0.195.0>) Dyn Var (RE): no Match (varname=post_id), 

=INFO REPORT==== 4-Dec-2019::08:48:38 ===
           ts_search:(5:<0.160.0>) Dyn Var (RE): no Match (varname=post_id), 

=INFO REPORT==== 4-Dec-2019::08:48:38 ===
           ts_search:(5:<0.188.0>) Dyn Var (RE): no Match (varname=post_id), 

=INFO REPORT==== 4-Dec-2019::08:48:38 ===
           ts_search:(5:<0.176.0>) Dyn Var (RE): no Match (varname=post_id), 

=INFO REPORT==== 4-Dec-2019::08:48:38 ===
           ts_search:(5:<0.187.0>) Dyn Var (RE): no Match (varname=post_id), 

=INFO REPORT==== 4-Dec-2019::08:48:38 ===
           ts_search:(5:<0.170.0>) Dyn Var (RE): no Match (varname=post_id), 

=INFO REPORT==== 4-Dec-2019::08:48:39 ===
           ts_search:(5:<0.192.0>) Dyn Var (RE): no Match (varname=post_id), 

=INFO REPORT==== 4-Dec-2019::08:48:39 ===
           ts_search:(5:<0.186.0>) Dyn Var (RE): no Match (varname=post_id), 

=INFO REPORT==== 4-Dec-2019::08:48:39 ===
           ts_search:(5:<0.180.0>) Dyn Var (RE): no Match (varname=post_id), 

=INFO REPORT==== 4-Dec-2019::08:48:39 ===
           ts_search:(5:<0.181.0>) Dyn Var (RE): no Match (varname=post_id), 

=INFO REPORT==== 4-Dec-2019::08:48:39 ===
           ts_search:(5:<0.196.0>) Dyn Var (RE): no Match (varname=post_id), 

=INFO REPORT==== 4-Dec-2019::08:48:39 ===
           ts_search:(5:<0.199.0>) Dyn Var (RE): no Match (varname=post_id), 

=INFO REPORT==== 4-Dec-2019::08:48:39 ===
           ts_search:(5:<0.194.0>) Dyn Var (RE): no Match (varname=post_id), 

=INFO REPORT==== 4-Dec-2019::08:48:39 ===
           ts_search:(5:<0.198.0>) Dyn Var (RE): no Match (varname=post_id), 

=INFO REPORT==== 4-Dec-2019::08:48:39 ===
           ts_search:(5:<0.219.0>) Dyn Var (RE): no Match (varname=post_id), 

=INFO REPORT==== 4-Dec-2019::08:48:39 ===
           ts_search:(5:<0.212.0>) Dyn Var (RE): no Match (varname=post_id), 

=INFO REPORT==== 4-Dec-2019::08:48:39 ===
           ts_search:(5:<0.217.0>) Dyn Var (RE): no Match (varname=post_id), 

=INFO REPORT==== 4-Dec-2019::08:48:39 ===
           ts_search:(5:<0.224.0>) Dyn Var (RE): no Match (varname=post_id), 

=INFO REPORT==== 4-Dec-2019::08:48:41 ===
           ts_search:(5:<0.216.0>) Dyn Var (RE): no Match (varname=authenticity_token), 

=INFO REPORT==== 4-Dec-2019::08:48:45 ===
           ts_search:(5:<0.216.0>) Dyn Var (RE): no Match (varname=post_id), 

=INFO REPORT==== 4-Dec-2019::08:49:46 ===
           ts_search:(5:<0.244.0>) Dyn Var (RE): no Match (varname=post_id), 

=INFO REPORT==== 4-Dec-2019::08:49:46 ===
           ts_search:(5:<0.230.0>) Dyn Var (RE): no Match (varname=post_id), 

=INFO REPORT==== 4-Dec-2019::08:50:21 ===
           ts_search:(5:<0.237.0>) Dyn Var (RE): no Match (varname=authenticity_token), 

=INFO REPORT==== 4-Dec-2019::08:50:43 ===
           ts_search:(5:<0.250.0>) Dyn Var (RE): no Match (varname=authenticity_token), 

=INFO REPORT==== 4-Dec-2019::08:50:46 ===
           ts_search:(5:<0.243.0>) Dyn Var (RE): no Match (varname=authenticity_token), 

=INFO REPORT==== 4-Dec-2019::08:50:47 ===
           ts_search:(5:<0.246.0>) Dyn Var (RE): no Match (varname=authenticity_token), 

=INFO REPORT==== 4-Dec-2019::08:50:54 ===
           ts_search:(5:<0.237.0>) Dyn Var (RE): no Match (varname=post_id), 

=INFO REPORT==== 4-Dec-2019::08:50:54 ===
           ts_search:(5:<0.250.0>) Dyn Var (RE): no Match (varname=post_id), 

=INFO REPORT==== 4-Dec-2019::08:50:54 ===
           ts_search:(5:<0.243.0>) Dyn Var (RE): no Match (varname=post_id), 

=INFO REPORT==== 4-Dec-2019::08:50:54 ===
           ts_search:(5:<0.246.0>) Dyn Var (RE): no Match (varname=post_id), 

=INFO REPORT==== 4-Dec-2019::08:51:07 ===
     ts_launcher_mgr:(5:<0.149.0>) No more active users 'tsung_controller@ip-172-31-31-187' "8397"
