
=INFO REPORT==== 6-Dec-2019::22:43:57 ===
    ts_config_server:(5:<0.102.0>) Config server started, logdir is "/home/ec2-user/.tsung/log/20191206-2243"
 
=INFO REPORT==== 6-Dec-2019::22:43:57 ===
              ts_mon:(5:<0.83.0>) starting monitor, global 

=INFO REPORT==== 6-Dec-2019::22:43:57 ===
           ts_config:(5:<0.102.0>) Reading config file: no-abort.xml

=INFO REPORT==== 6-Dec-2019::22:43:57 ===
           ts_config:(5:<0.102.0>) Session name for id 1 is "Register-Logout-Login"

=INFO REPORT==== 6-Dec-2019::22:43:57 ===
           ts_config:(5:<0.102.0>) Session name for id 2 is "Create-Book"

=INFO REPORT==== 6-Dec-2019::22:43:57 ===
           ts_config:(5:<0.102.0>) Session name for id 3 is "Create-Post"

=INFO REPORT==== 6-Dec-2019::22:43:57 ===
           ts_config:(5:<0.102.0>) Session name for id 4 is "Add_Comment"

=INFO REPORT==== 6-Dec-2019::22:43:57 ===
           ts_config:(5:<0.102.0>) Session name for id 5 is "Send-Message"

=INFO REPORT==== 6-Dec-2019::22:43:57 ===
    ts_config_server:(4:<0.102.0>) SYSINFO:Tsung version: 1.7.0

=INFO REPORT==== 6-Dec-2019::22:43:57 ===
    ts_config_server:(4:<0.102.0>) SYSINFO:Erlang version: Erlang/OTP 20 [erts-9.1] [source] [64-bit] [smp:2:2] [ds:2:2:10] [async-threads:8] [hipe] [kernel-poll:true]


=INFO REPORT==== 6-Dec-2019::22:43:57 ===
    ts_config_server:(4:<0.102.0>) SYSINFO:System architecture x86_64-unknown-linux-gnu

=INFO REPORT==== 6-Dec-2019::22:43:57 ===
    ts_config_server:(4:<0.102.0>) SYSINFO:Current path: /usr/local/lib/tsung/tsung-1.7.0/ebin/tsung.beam

=INFO REPORT==== 6-Dec-2019::22:43:57 ===
              ts_mon:(5:<0.103.0>) Activate clients with text backend

=INFO REPORT==== 6-Dec-2019::22:43:57 ===
              ts_mon:(5:<0.103.0>) Starting tsung clients on hosts: [localhost]

=INFO REPORT==== 6-Dec-2019::22:43:57 ===
    ts_config_server:(5:<0.102.0>) Start a launcher on the controller beam localhost

=INFO REPORT==== 6-Dec-2019::22:43:57 ===
  ts_launcher_static:(5:<0.154.0>) Launch msg receive ("localhost")

=INFO REPORT==== 6-Dec-2019::22:43:57 ===
         ts_launcher:(5:<0.155.0>) Launch msg receive ("localhost")

=INFO REPORT==== 6-Dec-2019::22:43:57 ===
    ts_config_server:(5:<0.102.0>) New arrival phase 1 for client "localhost" (last ? true): will start 30 users

=INFO REPORT==== 6-Dec-2019::22:43:57 ===
    ts_config_server:(5:<0.102.0>) New arrival phase 2 for client "localhost" (last ? true): will start 60 users

=INFO REPORT==== 6-Dec-2019::22:43:57 ===
    ts_config_server:(5:<0.102.0>) New arrival phase 3 for client "localhost" (last ? true): will start 120 users

=INFO REPORT==== 6-Dec-2019::22:43:57 ===
    ts_config_server:(5:<0.102.0>) New arrival phase 4 for client "localhost" (last ? true): will start 240 users

=INFO REPORT==== 6-Dec-2019::22:43:57 ===
    ts_config_server:(5:<0.102.0>) New arrival phase 5 for client "localhost" (last ? true): will start 480 users

=INFO REPORT==== 6-Dec-2019::22:43:57 ===
    ts_config_server:(5:<0.102.0>) New arrival phase 6 for client "localhost" (last ? true): will start 960 users

=INFO REPORT==== 6-Dec-2019::22:43:57 ===
         ts_launcher:(5:<0.155.0>) Expected duration of first phase: 15.0 sec (30 users) 

=INFO REPORT==== 6-Dec-2019::22:43:57 ===
         ts_launcher:(5:<0.155.0>) Activate launcher (30 users) in 1235 msec 

=INFO REPORT==== 6-Dec-2019::22:44:13 ===
         ts_launcher:(4:<0.155.0>) Need to wait 0.682 sec before changing phase, going to sleep

=INFO REPORT==== 6-Dec-2019::22:44:13 ===
         ts_launcher:(5:<0.155.0>) Waking up

=INFO REPORT==== 6-Dec-2019::22:44:13 ===
         ts_launcher:(5:<0.155.0>) Wait for all sessions to finish before starting next phase (still 27 sessions active)
=INFO REPORT==== 6-Dec-2019::22:44:18 ===
         ts_launcher:(5:<0.155.0>) Wait for all sessions to finish before starting next phase (still 23 sessions active)
=INFO REPORT==== 6-Dec-2019::22:44:23 ===
         ts_launcher:(5:<0.155.0>) Wait for all sessions to finish before starting next phase (still 17 sessions active)
=INFO REPORT==== 6-Dec-2019::22:44:28 ===
         ts_launcher:(5:<0.155.0>) Wait for all sessions to finish before starting next phase (still 9 sessions active)
=INFO REPORT==== 6-Dec-2019::22:44:33 ===
         ts_launcher:(5:<0.155.0>) Wait for all sessions to finish before starting next phase (still 4 sessions active)
=INFO REPORT==== 6-Dec-2019::22:44:38 ===
         ts_launcher:(5:<0.155.0>) Wait for all sessions to finish before starting next phase (still 1 sessions active)
=INFO REPORT==== 6-Dec-2019::22:44:43 ===
         ts_launcher:(5:<0.155.0>) Start a new arrival phase (60 users, 0.004); expected duration=15.0 sec

=INFO REPORT==== 6-Dec-2019::22:44:58 ===
         ts_launcher:(5:<0.155.0>) Phase duration exceeded, but not all users were launched (1 users, 1.7% of phase)

=INFO REPORT==== 6-Dec-2019::22:44:58 ===
         ts_launcher:(5:<0.155.0>) Wait for all sessions to finish before starting next phase (still 51 sessions active)
=INFO REPORT==== 6-Dec-2019::22:45:03 ===
         ts_launcher:(5:<0.155.0>) Wait for all sessions to finish before starting next phase (still 42 sessions active)
=INFO REPORT==== 6-Dec-2019::22:45:08 ===
         ts_launcher:(5:<0.155.0>) Wait for all sessions to finish before starting next phase (still 25 sessions active)
=INFO REPORT==== 6-Dec-2019::22:45:13 ===
         ts_launcher:(5:<0.155.0>) Wait for all sessions to finish before starting next phase (still 12 sessions active)
=INFO REPORT==== 6-Dec-2019::22:45:18 ===
         ts_launcher:(5:<0.155.0>) Wait for all sessions to finish before starting next phase (still 4 sessions active)
=INFO REPORT==== 6-Dec-2019::22:45:23 ===
         ts_launcher:(5:<0.155.0>) Wait for all sessions to finish before starting next phase (still 3 sessions active)
=INFO REPORT==== 6-Dec-2019::22:45:28 ===
         ts_launcher:(5:<0.155.0>) Wait for all sessions to finish before starting next phase (still 1 sessions active)
=INFO REPORT==== 6-Dec-2019::22:45:33 ===
         ts_launcher:(5:<0.155.0>) Start a new arrival phase (120 users, 0.008); expected duration=15.0 sec

=INFO REPORT==== 6-Dec-2019::22:45:48 ===
         ts_launcher:(4:<0.155.0>) Need to wait 0.824 sec before changing phase, going to sleep

=INFO REPORT==== 6-Dec-2019::22:45:48 ===
         ts_launcher:(5:<0.155.0>) Waking up

=INFO REPORT==== 6-Dec-2019::22:45:48 ===
         ts_launcher:(5:<0.155.0>) Wait for all sessions to finish before starting next phase (still 104 sessions active)
=INFO REPORT==== 6-Dec-2019::22:45:53 ===
         ts_launcher:(5:<0.155.0>) Wait for all sessions to finish before starting next phase (still 85 sessions active)
=INFO REPORT==== 6-Dec-2019::22:45:58 ===
         ts_launcher:(5:<0.155.0>) Wait for all sessions to finish before starting next phase (still 54 sessions active)
=INFO REPORT==== 6-Dec-2019::22:46:04 ===
         ts_launcher:(5:<0.155.0>) Wait for all sessions to finish before starting next phase (still 24 sessions active)
=INFO REPORT==== 6-Dec-2019::22:46:09 ===
         ts_launcher:(5:<0.155.0>) Wait for all sessions to finish before starting next phase (still 10 sessions active)
=INFO REPORT==== 6-Dec-2019::22:46:14 ===
         ts_launcher:(5:<0.155.0>) Wait for all sessions to finish before starting next phase (still 2 sessions active)
=INFO REPORT==== 6-Dec-2019::22:46:19 ===
         ts_launcher:(5:<0.155.0>) Start a new arrival phase (240 users, 0.016); expected duration=15.0 sec

=INFO REPORT==== 6-Dec-2019::22:46:33 ===
         ts_launcher:(4:<0.155.0>) Need to wait 0.463 sec before changing phase, going to sleep

=INFO REPORT==== 6-Dec-2019::22:46:34 ===
         ts_launcher:(5:<0.155.0>) Waking up

=INFO REPORT==== 6-Dec-2019::22:46:34 ===
         ts_launcher:(5:<0.155.0>) Wait for all sessions to finish before starting next phase (still 210 sessions active)
=INFO REPORT==== 6-Dec-2019::22:46:39 ===
         ts_launcher:(5:<0.155.0>) Wait for all sessions to finish before starting next phase (still 172 sessions active)
=INFO REPORT==== 6-Dec-2019::22:46:44 ===
         ts_launcher:(5:<0.155.0>) Wait for all sessions to finish before starting next phase (still 112 sessions active)
=INFO REPORT==== 6-Dec-2019::22:46:49 ===
         ts_launcher:(5:<0.155.0>) Wait for all sessions to finish before starting next phase (still 52 sessions active)
=INFO REPORT==== 6-Dec-2019::22:46:54 ===
         ts_launcher:(5:<0.155.0>) Wait for all sessions to finish before starting next phase (still 21 sessions active)
=INFO REPORT==== 6-Dec-2019::22:46:59 ===
         ts_launcher:(5:<0.155.0>) Wait for all sessions to finish before starting next phase (still 8 sessions active)
=INFO REPORT==== 6-Dec-2019::22:47:04 ===
         ts_launcher:(5:<0.155.0>) Wait for all sessions to finish before starting next phase (still 2 sessions active)
=INFO REPORT==== 6-Dec-2019::22:47:09 ===
         ts_launcher:(5:<0.155.0>) Wait for all sessions to finish before starting next phase (still 2 sessions active)
=INFO REPORT==== 6-Dec-2019::22:47:14 ===
         ts_launcher:(5:<0.155.0>) Start a new arrival phase (480 users, 0.032); expected duration=15.0 sec

=INFO REPORT==== 6-Dec-2019::22:47:29 ===
         ts_launcher:(5:<0.155.0>) Phase duration exceeded, but not all users were launched (6 users, 1.3% of phase)

=INFO REPORT==== 6-Dec-2019::22:47:29 ===
         ts_launcher:(5:<0.155.0>) Wait for all sessions to finish before starting next phase (still 426 sessions active)
=INFO REPORT==== 6-Dec-2019::22:47:34 ===
         ts_launcher:(5:<0.155.0>) Wait for all sessions to finish before starting next phase (still 339 sessions active)
=INFO REPORT==== 6-Dec-2019::22:47:39 ===
         ts_launcher:(5:<0.155.0>) Wait for all sessions to finish before starting next phase (still 211 sessions active)
=INFO REPORT==== 6-Dec-2019::22:47:44 ===
         ts_launcher:(5:<0.155.0>) Wait for all sessions to finish before starting next phase (still 104 sessions active)
=INFO REPORT==== 6-Dec-2019::22:47:49 ===
         ts_launcher:(5:<0.155.0>) Wait for all sessions to finish before starting next phase (still 47 sessions active)
=INFO REPORT==== 6-Dec-2019::22:47:54 ===
         ts_launcher:(5:<0.155.0>) Wait for all sessions to finish before starting next phase (still 14 sessions active)
=INFO REPORT==== 6-Dec-2019::22:47:59 ===
         ts_launcher:(5:<0.155.0>) Wait for all sessions to finish before starting next phase (still 7 sessions active)
=INFO REPORT==== 6-Dec-2019::22:48:04 ===
         ts_launcher:(5:<0.155.0>) Wait for all sessions to finish before starting next phase (still 5 sessions active)
=INFO REPORT==== 6-Dec-2019::22:48:09 ===
         ts_launcher:(5:<0.155.0>) Wait for all sessions to finish before starting next phase (still 1 sessions active)
=INFO REPORT==== 6-Dec-2019::22:48:14 ===
         ts_launcher:(5:<0.155.0>) Wait for all sessions to finish before starting next phase (still 1 sessions active)
=INFO REPORT==== 6-Dec-2019::22:48:19 ===
         ts_launcher:(5:<0.155.0>) Wait for all sessions to finish before starting next phase (still 1 sessions active)
=INFO REPORT==== 6-Dec-2019::22:48:24 ===
         ts_launcher:(5:<0.155.0>) Start a new arrival phase (960 users, 0.064); expected duration=15.0 sec

=INFO REPORT==== 6-Dec-2019::22:48:39 ===
         ts_launcher:(5:<0.155.0>) Phase duration exceeded, but not all users were launched (33 users, 3.4% of phase)

=INFO REPORT==== 6-Dec-2019::22:48:39 ===
         ts_launcher:(5:<0.155.0>) This was the last phase, wait for connected users to finish their session

=INFO REPORT==== 6-Dec-2019::22:48:57 ===
    alarm_handler: {set,{system_memory_high_watermark,[]}}

=INFO REPORT==== 6-Dec-2019::22:49:29 ===
     ts_launcher_mgr:(5:<0.149.0>) No more active users 'tsung_controller@ip-172-31-28-177' "2286"

=INFO REPORT==== 6-Dec-2019::22:49:57 ===
    alarm_handler: {clear,system_memory_high_watermark}
