
=INFO REPORT==== 6-Dec-2019::10:21:02 ===
    ts_config_server:(5:<0.102.0>) Config server started, logdir is "/home/ec2-user/.tsung/log/20191206-1021"
 
=INFO REPORT==== 6-Dec-2019::10:21:02 ===
              ts_mon:(5:<0.83.0>) starting monitor, global 

=INFO REPORT==== 6-Dec-2019::10:21:02 ===
           ts_config:(5:<0.102.0>) Reading config file: simple.xml

=INFO REPORT==== 6-Dec-2019::10:21:02 ===
           ts_config:(5:<0.102.0>) Session name for id 1 is "Register-Logout-Login"

=INFO REPORT==== 6-Dec-2019::10:21:02 ===
           ts_config:(5:<0.102.0>) Session name for id 2 is "Create-Book"

=INFO REPORT==== 6-Dec-2019::10:21:02 ===
           ts_config:(5:<0.102.0>) Session name for id 3 is "Create-Post"

=INFO REPORT==== 6-Dec-2019::10:21:02 ===
           ts_config:(5:<0.102.0>) Session name for id 4 is "Add_Comment"

=INFO REPORT==== 6-Dec-2019::10:21:02 ===
           ts_config:(5:<0.102.0>) Session name for id 5 is "Send-Message"

=INFO REPORT==== 6-Dec-2019::10:21:02 ===
    ts_config_server:(4:<0.102.0>) SYSINFO:Tsung version: 1.7.0

=INFO REPORT==== 6-Dec-2019::10:21:02 ===
    ts_config_server:(4:<0.102.0>) SYSINFO:Erlang version: Erlang/OTP 20 [erts-9.1] [source] [64-bit] [smp:2:2] [ds:2:2:10] [async-threads:8] [hipe] [kernel-poll:true]


=INFO REPORT==== 6-Dec-2019::10:21:02 ===
    ts_config_server:(4:<0.102.0>) SYSINFO:System architecture x86_64-unknown-linux-gnu

=INFO REPORT==== 6-Dec-2019::10:21:02 ===
    ts_config_server:(4:<0.102.0>) SYSINFO:Current path: /usr/local/lib/tsung/tsung-1.7.0/ebin/tsung.beam

=INFO REPORT==== 6-Dec-2019::10:21:02 ===
              ts_mon:(5:<0.103.0>) Activate clients with text backend

=INFO REPORT==== 6-Dec-2019::10:21:02 ===
              ts_mon:(5:<0.103.0>) Starting tsung clients on hosts: [localhost]

=INFO REPORT==== 6-Dec-2019::10:21:02 ===
    ts_config_server:(5:<0.102.0>) Start a launcher on the controller beam localhost

=INFO REPORT==== 6-Dec-2019::10:21:02 ===
  ts_launcher_static:(5:<0.154.0>) Launch msg receive ("localhost")

=INFO REPORT==== 6-Dec-2019::10:21:02 ===
         ts_launcher:(5:<0.155.0>) Launch msg receive ("localhost")

=INFO REPORT==== 6-Dec-2019::10:21:02 ===
    ts_config_server:(5:<0.102.0>) New arrival phase 1 for client "localhost" (last ? true): will start 30 users

=INFO REPORT==== 6-Dec-2019::10:21:02 ===
    ts_config_server:(5:<0.102.0>) New arrival phase 2 for client "localhost" (last ? true): will start 60 users

=INFO REPORT==== 6-Dec-2019::10:21:02 ===
         ts_launcher:(5:<0.155.0>) Expected duration of first phase: 15.0 sec (30 users) 

=INFO REPORT==== 6-Dec-2019::10:21:02 ===
         ts_launcher:(5:<0.155.0>) Activate launcher (30 users) in 1369 msec 

=INFO REPORT==== 6-Dec-2019::10:21:16 ===
         ts_launcher:(4:<0.155.0>) Need to wait 2.08 sec before changing phase, going to sleep

=INFO REPORT==== 6-Dec-2019::10:21:18 ===
         ts_launcher:(5:<0.155.0>) Waking up

=INFO REPORT==== 6-Dec-2019::10:21:18 ===
         ts_launcher:(5:<0.155.0>) Wait for all sessions to finish before starting next phase (still 28 sessions active)
=INFO REPORT==== 6-Dec-2019::10:21:23 ===
         ts_launcher:(5:<0.155.0>) Wait for all sessions to finish before starting next phase (still 24 sessions active)
=INFO REPORT==== 6-Dec-2019::10:21:28 ===
         ts_launcher:(5:<0.155.0>) Wait for all sessions to finish before starting next phase (still 20 sessions active)
=INFO REPORT==== 6-Dec-2019::10:21:33 ===
         ts_launcher:(5:<0.155.0>) Wait for all sessions to finish before starting next phase (still 14 sessions active)
=INFO REPORT==== 6-Dec-2019::10:21:38 ===
         ts_launcher:(5:<0.155.0>) Wait for all sessions to finish before starting next phase (still 13 sessions active)
=INFO REPORT==== 6-Dec-2019::10:21:43 ===
         ts_launcher:(5:<0.155.0>) Wait for all sessions to finish before starting next phase (still 9 sessions active)
=INFO REPORT==== 6-Dec-2019::10:21:48 ===
         ts_launcher:(5:<0.155.0>) Wait for all sessions to finish before starting next phase (still 9 sessions active)
=INFO REPORT==== 6-Dec-2019::10:21:53 ===
         ts_launcher:(5:<0.155.0>) Wait for all sessions to finish before starting next phase (still 9 sessions active)
=INFO REPORT==== 6-Dec-2019::10:21:58 ===
         ts_launcher:(5:<0.155.0>) Wait for all sessions to finish before starting next phase (still 9 sessions active)
=INFO REPORT==== 6-Dec-2019::10:22:03 ===
         ts_launcher:(5:<0.155.0>) Wait for all sessions to finish before starting next phase (still 9 sessions active)
=INFO REPORT==== 6-Dec-2019::10:22:08 ===
         ts_launcher:(5:<0.155.0>) Wait for all sessions to finish before starting next phase (still 9 sessions active)
=INFO REPORT==== 6-Dec-2019::10:22:13 ===
         ts_launcher:(5:<0.155.0>) Wait for all sessions to finish before starting next phase (still 8 sessions active)
=INFO REPORT==== 6-Dec-2019::10:22:18 ===
         ts_launcher:(5:<0.155.0>) Wait for all sessions to finish before starting next phase (still 8 sessions active)
=INFO REPORT==== 6-Dec-2019::10:22:23 ===
         ts_launcher:(5:<0.155.0>) Wait for all sessions to finish before starting next phase (still 6 sessions active)
=INFO REPORT==== 6-Dec-2019::10:22:28 ===
         ts_launcher:(5:<0.155.0>) Wait for all sessions to finish before starting next phase (still 4 sessions active)
=INFO REPORT==== 6-Dec-2019::10:22:33 ===
         ts_launcher:(5:<0.155.0>) Wait for all sessions to finish before starting next phase (still 2 sessions active)
=INFO REPORT==== 6-Dec-2019::10:22:38 ===
         ts_launcher:(5:<0.155.0>) Start a new arrival phase (60 users, 0.004); expected duration=15.0 sec

=INFO REPORT==== 6-Dec-2019::10:22:53 ===
         ts_launcher:(5:<0.155.0>) This was the last phase, wait for connected users to finish their session

=INFO REPORT==== 6-Dec-2019::10:24:13 ===
     ts_launcher_mgr:(5:<0.149.0>) No more active users 'tsung_controller@ip-172-31-24-72' "7356"
