# stats: dump at 1575627672
stats: users 13 13
stats: {cpu,"tsung_controller@ip-172-31-24-72"} 1 0.2459005569650486 0 0.2459005569650486 0.2459005569650486 0 0
stats: {load,"tsung_controller@ip-172-31-24-72"} 1 0.0 0 0.0 0.0 0 0
stats: {freemem,"tsung_controller@ip-172-31-24-72"} 1 727.9453125 0 727.9453125 727.9453125 0 0
stats: users_count 13 13
stats: finish_users_count 0 0
stats: request 31 80.68593548387099 61.5979655162228 158.293 6.396 0 0
stats: page 31 80.68593548387099 61.5979655162228 158.293 6.396 0 0
stats: connect 12 2.1221666666666668 2.0762775919632923 8.054 1.1 0 0
stats: tr_Initial_Get_Root 7 123.50142857142858 18.133952369260594 158.398 92.912 0 0
stats: 302 13 13
stats: tr_Redirect_Root 2 123.193 2.355000000000004 125.548 120.838 0 0
stats: 200 18 18
stats: tr_Authenticate_User 5 3264.6153999999997 2646.691570413644 6930.501 268.476 0 0
stats: size_rcv 156947 156947
stats: tr_Get_New_Book 1 12.435 0 12.435 12.435 0 0
stats: size_sent 14727 14727
stats: connected 12 12
# stats: dump at 1575627682
stats: users 24 29
stats: {recvpackets,"tsung_controller@ip-172-31-24-72"} 1 378 0 378 378 0 0
stats: {sentpackets,"tsung_controller@ip-172-31-24-72"} 1 205 0 205 205 0 0
stats: {cpu,"tsung_controller@ip-172-31-24-72"} 1 1.2419274714356683 0.0 1.2419274714356683 0.2459005569650486 0.2459005569650486 1
stats: {load,"tsung_controller@ip-172-31-24-72"} 1 0.0 0.0 0.0 0.0 0.0 1
stats: {freemem,"tsung_controller@ip-172-31-24-72"} 1 722.41015625 0.0 727.9453125 722.41015625 727.9453125 1
stats: session 6 10620.269833333332 2876.2729287552793 13148.09 4893.575 0 0
stats: users_count 17 30
stats: finish_users_count 6 6
stats: request 117 147.26288034188042 238.03037202999502 839.191 5.621 80.68593548387099 31
stats: page 117 147.26288034188042 238.03037202999502 839.191 5.621 80.68593548387099 31
stats: connect 18 2.879944444444444 4.819651168477078 20.892 1.025 2.1221666666666668 12
stats: tr_Initial_Get_Root 14 103.097 13.038038141201634 158.398 78.5 123.50142857142858 7
stats: 302 46 59
stats: tr_Redirect_Root 16 104.3705 11.578307950646327 137.183 85.308 123.193 2
stats: 200 71 89
stats: tr_Get_Root 2 105.3095 16.141499999999994 121.451 89.168 0 0
stats: size_rcv 1132129 1289076
stats: tr_Post_New_Comment_On_Post 6 42.994499999999995 27.884217607516504 95.714 16.518 0 0
stats: size_sent 63510 78237
stats: tr_Get_Post 6 809.2093333333332 9.431331342333836 825.691 794.101 0 0
stats: connected 13 25
stats: tr_Redirect_To_Post 7 820.7071428571427 15.386724207469715 850.045 800.511 0 0
stats: tr_Post_New_Comment_On_Comment 3 28.752 13.992254071449675 48.513 17.976 0 0
stats: tr_Get_Logout 1 9.592 0 9.592 9.592 0 0
stats: tr_Authenticate_User 16 3389.3323125000006 1622.29599498996 6930.501 268.476 3264.6153999999997 5
stats: tr_Get_Login 1 10.986 0 10.986 10.986 0 0
stats: tr_Get_New_Book 2 26.9025 15.3265 42.229 11.576 12.435 1
stats: tr_Post_New_Book 2 31.264000000000003 0.4200000000000008 31.684 30.844 0 0
stats: tr_Redirect_To_New_Book 2 35.172 1.613999999999999 36.786 33.558 0 0
# stats: dump at 1575627692
stats: users 15 29
stats: {recvpackets,"tsung_controller@ip-172-31-24-72"} 1 1125.0 0.0 1125 378 378.0 1
stats: {sentpackets,"tsung_controller@ip-172-31-24-72"} 1 846.0 0.0 846 205 205.0 1
stats: {cpu,"tsung_controller@ip-172-31-24-72"} 1 2.6732673267326734 0.0 2.6732673267326734 0.2459005569650486 0.7439140142003584 2
stats: {load,"tsung_controller@ip-172-31-24-72"} 1 0.0 0.0 0.0 0.0 0.0 2
stats: {freemem,"tsung_controller@ip-172-31-24-72"} 1 707.671875 0.0 727.9453125 707.671875 725.177734375 2
stats: session 9 15866.61966666667 3118.601607631429 21067.993 4893.575 10620.269833333332 6
stats: users_count 0 30
stats: finish_users_count 9 15
stats: request 57 148.52385964912278 270.9419426938494 959.657 5.621 133.3177094594595 148
stats: connect 0 0 0 20.892 1.025 2.576833333333333 30
stats: page 57 148.52385964912278 270.9419426938494 959.657 5.621 133.3177094594595 148
stats: tr_Initial_Get_Root 0 0 0 158.398 78.5 109.89847619047619 21
stats: 302 25 84
stats: tr_Redirect_Root 11 102.30481818181819 11.150844858478267 137.183 85.308 106.4618888888889 18
stats: 200 32 121
stats: tr_Get_Root 0 0 0 121.451 89.168 105.3095 2
stats: size_rcv 526036 1815112
stats: tr_Post_New_Comment_On_Post 1 32.623 0.0 95.714 16.518 42.994499999999995 6
stats: size_sent 36151 114388
stats: tr_Get_Post 1 788.179 0.0 825.691 788.179 809.2093333333332 6
stats: connected -10 15
stats: tr_Redirect_To_Post 6 880.3111666666667 60.867492857892174 964.025 800.511 820.7071428571427 7
stats: tr_Post_New_Comment_On_Comment 3 38.42366666666667 18.507630036164965 63.822 17.976 28.752 3
stats: tr_Get_Logout 0 0 0 9.592 9.592 9.592 1
stats: tr_Get_Conversations 1 30.68 0 30.68 30.68 0 0
stats: tr_Authenticate_User 9 6212.649333333333 3049.9712742298266 13134.808 268.476 3359.6378095238097 21
stats: tr_Get_Login 0 0 0 10.986 10.986 10.986 1
stats: tr_Post_Login 1 141.76 0 141.76 141.76 0 0
stats: tr_Get_New_Book 6 10.756166666666667 1.4571561820508085 42.229 8.922 22.08 3
stats: tr_Post_New_Book 7 14.34742857142857 7.016712597325717 31.684 9.757 31.264000000000003 2
stats: tr_Redirect_To_New_Book 6 27.93283333333333 20.131529975113388 68.798 12.409 35.172 2
# stats: dump at 1575627702
stats: users 9 29
stats: {recvpackets,"tsung_controller@ip-172-31-24-72"} 1 412.0 0.0 1125 378 751.5 2
stats: {sentpackets,"tsung_controller@ip-172-31-24-72"} 1 183.0 0.0 846 183 525.5 2
stats: {cpu,"tsung_controller@ip-172-31-24-72"} 1 0.6493506493506493 0.0 2.6732673267326734 0.2459005569650486 1.3870317850444636 3
stats: {load,"tsung_controller@ip-172-31-24-72"} 1 0.0 0.0 0.0 0.0 0.0 3
stats: {freemem,"tsung_controller@ip-172-31-24-72"} 1 707.078125 0.0 727.9453125 707.078125 719.3424479166666 3
stats: session 6 23740.493333333336 3426.3190181445284 27233.471 4893.575 13768.079733333334 15
stats: users_count 0 30
stats: finish_users_count 6 21
stats: request 21 124.67223809523809 215.16194420192627 1012.239 5.621 137.5457609756098 205
stats: connect 0 0 0 20.892 1.025 2.576833333333333 30
stats: page 19 137.81415789473687 224.4649818993607 1012.239 5.621 137.5457609756098 205
stats: tr_Initial_Get_Root 0 0 0 158.398 78.5 109.89847619047619 21
stats: 302 7 91
stats: tr_Redirect_Root 1 111.946 0.0 137.183 85.308 104.88506896551725 29
stats: 200 14 135
stats: tr_Get_Root 0 0 0 121.451 89.168 105.3095 2
stats: size_rcv 99144 1914256
stats: tr_Post_New_Comment_On_Post 0 0 0 95.714 16.518 41.512857142857136 7
stats: size_sent 12017 126405
stats: tr_Get_Post 0 0 0 825.691 788.179 806.2049999999999 7
stats: connected -6 9
stats: tr_Redirect_To_Post 1 1012.382 0.0 1012.382 800.511 848.2166923076923 13
stats: tr_Post_New_Comment_On_Comment 1 18.318 0.0 63.822 17.976 33.587833333333336 6
stats: tr_Get_Logout 0 0 0 9.592 9.592 9.592 1
stats: tr_Get_Conversations 1 84.195 0.0 84.195 30.68 30.68 1
stats: tr_Authenticate_User 0 0 0 13134.808 268.476 4215.541266666666 30
stats: tr_Get_Login 0 0 0 10.986 10.986 10.986 1
stats: tr_Post_Login 0 0 0 141.76 141.76 141.76 1
stats: tr_Get_New_Conversation 2 314.429 1.0160000000000053 315.445 313.413 0 0
stats: tr_Redirect_To_New_Conversation 2 81.0315 2.7135 83.745 78.318 0 0
stats: tr_Post_New_Conversation 2 87.91900000000001 10.392 98.311 77.527 0 0
stats: tr_Redirect_To_Same_Conversation 2 57.7565 28.1635 85.92 29.593 0 0
stats: tr_Reply_To_Conversation 2 82.87049999999999 3.712500000000002 86.583 79.158 0 0
stats: tr_Get_New_Book 2 11.030999999999999 1.2709999999999995 42.229 8.922 14.530777777777777 9
stats: tr_Post_New_Book 2 11.874 0.29800000000000004 31.684 9.757 18.106666666666666 9
stats: tr_Redirect_To_New_Book 3 33.758 26.716936912752555 71.541 12.409 29.742624999999997 8
# stats: dump at 1575627712
stats: users 9 29
stats: {recvpackets,"tsung_controller@ip-172-31-24-72"} 1 120.0 0.0 1125 120 638.3333333333334 3
stats: {sentpackets,"tsung_controller@ip-172-31-24-72"} 1 64.0 0.0 846 64 411.3333333333333 3
stats: {cpu,"tsung_controller@ip-172-31-24-72"} 1 0.24937655860349126 0.0 2.6732673267326734 0.2459005569650486 1.2026115011210101 4
stats: {load,"tsung_controller@ip-172-31-24-72"} 1 0.0 0.0 0.0 0.0 0.0 4
stats: {freemem,"tsung_controller@ip-172-31-24-72"} 1 711.08984375 0.0 727.9453125 707.078125 716.2763671875 4
stats: session 0 0 0 27233.471 4893.575 16617.34076190476 21
stats: users_count 0 30
stats: finish_users_count 0 21
stats: request 0 0 0 1012.239 5.621 136.3495486725664 226
stats: connect 0 0 0 20.892 1.025 2.576833333333333 30
stats: page 0 0 0 1012.239 5.621 137.56852678571434 224
stats: tr_Initial_Get_Root 0 0 0 158.398 78.5 109.89847619047619 21
stats: 302 0 91
stats: tr_Redirect_Root 0 0 0 137.183 85.308 105.12043333333334 30
stats: 200 0 135
stats: tr_Get_Root 0 0 0 121.451 89.168 105.3095 2
stats: size_rcv 0 1914256
stats: tr_Post_New_Comment_On_Post 0 0 0 95.714 16.518 41.512857142857136 7
stats: size_sent 0 126405
stats: tr_Get_Post 0 0 0 825.691 788.179 806.2049999999999 7
stats: connected 0 9
stats: tr_Redirect_To_Post 0 0 0 1012.382 800.511 859.9427857142856 14
stats: tr_Post_New_Comment_On_Comment 0 0 0 63.822 17.976 31.406428571428574 7
stats: tr_Get_Logout 0 0 0 9.592 9.592 9.592 1
stats: tr_Get_Conversations 0 0 0 84.195 30.68 57.4375 2
stats: tr_Authenticate_User 0 0 0 13134.808 268.476 4215.541266666666 30
stats: tr_Get_Login 0 0 0 10.986 10.986 10.986 1
stats: tr_Post_Login 0 0 0 141.76 141.76 141.76 1
stats: tr_Get_New_Conversation 0 0 0 315.445 313.413 314.429 2
stats: tr_Redirect_To_New_Conversation 0 0 0 83.745 78.318 81.0315 2
stats: tr_Post_New_Conversation 0 0 0 98.311 77.527 87.91900000000001 2
stats: tr_Redirect_To_Same_Conversation 0 0 0 85.92 29.593 57.7565 2
stats: tr_Reply_To_Conversation 0 0 0 86.583 79.158 82.87049999999999 2
stats: tr_Get_New_Book 0 0 0 42.229 8.922 13.894454545454545 11
stats: tr_Post_New_Book 0 0 0 31.684 9.757 16.973454545454544 11
stats: tr_Redirect_To_New_Book 0 0 0 71.541 12.409 30.83772727272727 11
# stats: dump at 1575627722
stats: users 9 29
stats: {recvpackets,"tsung_controller@ip-172-31-24-72"} 1 0.0 0.0 1125 0 508.75 4
stats: {sentpackets,"tsung_controller@ip-172-31-24-72"} 1 0.0 0.0 846 0 324.5 4
stats: {cpu,"tsung_controller@ip-172-31-24-72"} 1 0.1 0.0 2.6732673267326734 0.1 1.0119645126175063 5
stats: {load,"tsung_controller@ip-172-31-24-72"} 1 0.0 0.0 0.0 0.0 0.0 5
stats: {freemem,"tsung_controller@ip-172-31-24-72"} 1 710.984375 0.0 727.9453125 707.078125 715.2390625 5
stats: session 0 0 0 27233.471 4893.575 16617.34076190476 21
stats: users_count 0 30
stats: finish_users_count 0 21
stats: request 0 0 0 1012.239 5.621 136.3495486725664 226
stats: connect 0 0 0 20.892 1.025 2.576833333333333 30
stats: page 0 0 0 1012.239 5.621 137.56852678571434 224
stats: tr_Initial_Get_Root 0 0 0 158.398 78.5 109.89847619047619 21
stats: 302 0 91
stats: tr_Redirect_Root 0 0 0 137.183 85.308 105.12043333333334 30
stats: 200 0 135
stats: tr_Get_Root 0 0 0 121.451 89.168 105.3095 2
stats: size_rcv 0 1914256
stats: tr_Post_New_Comment_On_Post 0 0 0 95.714 16.518 41.512857142857136 7
stats: size_sent 0 126405
stats: tr_Get_Post 0 0 0 825.691 788.179 806.2049999999999 7
stats: connected 0 9
stats: tr_Redirect_To_Post 0 0 0 1012.382 800.511 859.9427857142856 14
stats: tr_Post_New_Comment_On_Comment 0 0 0 63.822 17.976 31.406428571428574 7
stats: tr_Get_Logout 0 0 0 9.592 9.592 9.592 1
stats: tr_Get_Conversations 0 0 0 84.195 30.68 57.4375 2
stats: tr_Authenticate_User 0 0 0 13134.808 268.476 4215.541266666666 30
stats: tr_Get_Login 0 0 0 10.986 10.986 10.986 1
stats: tr_Post_Login 0 0 0 141.76 141.76 141.76 1
stats: tr_Get_New_Conversation 0 0 0 315.445 313.413 314.429 2
stats: tr_Redirect_To_New_Conversation 0 0 0 83.745 78.318 81.0315 2
stats: tr_Post_New_Conversation 0 0 0 98.311 77.527 87.91900000000001 2
stats: tr_Redirect_To_Same_Conversation 0 0 0 85.92 29.593 57.7565 2
stats: tr_Reply_To_Conversation 0 0 0 86.583 79.158 82.87049999999999 2
stats: tr_Get_New_Book 0 0 0 42.229 8.922 13.894454545454545 11
stats: tr_Post_New_Book 0 0 0 31.684 9.757 16.973454545454544 11
stats: tr_Redirect_To_New_Book 0 0 0 71.541 12.409 30.83772727272727 11
# stats: dump at 1575627732
stats: users 8 29
stats: {recvpackets,"tsung_controller@ip-172-31-24-72"} 1 1.0 0.0 1125 0 407.0 5
stats: {sentpackets,"tsung_controller@ip-172-31-24-72"} 1 1.0 0.0 846 0 259.6 5
stats: {cpu,"tsung_controller@ip-172-31-24-72"} 1 0.14985014985014986 0.0 2.6732673267326734 0.1 0.8599704271812553 6
stats: {load,"tsung_controller@ip-172-31-24-72"} 1 0.0 0.0 0.0 0.0 0.0 6
stats: {freemem,"tsung_controller@ip-172-31-24-72"} 1 711.12109375 0.0 727.9453125 707.078125 714.5299479166666 6
stats: session 1 63906.111 0.0 63906.111 4893.575 16617.34076190476 21
stats: users_count 0 30
stats: finish_users_count 1 22
stats: request 4 15033.0945 25979.69532793599 60031.232 5.621 136.3495486725664 226
stats: connect 0 0 0 20.892 1.025 2.576833333333333 30
stats: page 4 15033.0945 25979.69532793599 60031.232 5.621 137.56852678571434 224
stats: tr_Initial_Get_Root 0 0 0 158.398 78.5 109.89847619047619 21
stats: 302 1 92
stats: tr_Redirect_Root 0 0 0 137.183 85.308 105.12043333333334 30
stats: 504 1 1
stats: tr_Get_Root 0 0 0 121.451 89.168 105.3095 2
stats: 200 2 137
stats: tr_Post_New_Comment_On_Post 0 0 0 95.714 16.518 41.512857142857136 7
stats: size_rcv 8488 1922744
stats: tr_Get_Post 0 0 0 825.691 788.179 806.2049999999999 7
stats: size_sent 1731 128136
stats: tr_Redirect_To_Post 0 0 0 1012.382 800.511 859.9427857142856 14
stats: connected -1 8
stats: tr_Post_New_Comment_On_Comment 0 0 0 63.822 17.976 31.406428571428574 7
stats: tr_Get_Logout 0 0 0 9.592 9.592 9.592 1
stats: tr_Redirect_To_New_Post 1 68.232 0 68.232 68.232 0 0
stats: tr_Post_New_Post 1 17.888 0 17.888 17.888 0 0
stats: tr_Get_New_Post 1 15.533 0 15.533 15.533 0 0
stats: tr_Get_Conversations 0 0 0 84.195 30.68 57.4375 2
stats: tr_Authenticate_User 0 0 0 13134.808 268.476 4215.541266666666 30
stats: tr_Get_Login 0 0 0 10.986 10.986 10.986 1
stats: tr_Post_Login 0 0 0 141.76 141.76 141.76 1
stats: tr_Get_New_Conversation 0 0 0 315.445 313.413 314.429 2
stats: tr_Redirect_To_New_Conversation 0 0 0 83.745 78.318 81.0315 2
stats: tr_Post_New_Conversation 0 0 0 98.311 77.527 87.91900000000001 2
stats: tr_Redirect_To_Same_Conversation 0 0 0 85.92 29.593 57.7565 2
stats: tr_Reply_To_Conversation 0 0 0 86.583 79.158 82.87049999999999 2
stats: tr_Get_New_Book 0 0 0 42.229 8.922 13.894454545454545 11
stats: tr_Post_New_Book 0 0 0 31.684 9.757 16.973454545454544 11
stats: tr_Redirect_To_New_Book 0 0 0 71.541 12.409 30.83772727272727 11
stats: tr_Get_Book 1 60031.463 0 60031.463 60031.463 0 0
# stats: dump at 1575627742
stats: users 7 29
stats: {recvpackets,"tsung_controller@ip-172-31-24-72"} 1 20.0 0.0 1125 0 339.3333333333333 6
stats: {sentpackets,"tsung_controller@ip-172-31-24-72"} 1 15.0 0.0 846 0 216.5 6
stats: {cpu,"tsung_controller@ip-172-31-24-72"} 1 0.1 0.0 2.6732673267326734 0.1 0.7585246732768116 7
stats: {load,"tsung_controller@ip-172-31-24-72"} 1 0.0 0.0 0.0 0.0 0.0 7
stats: {freemem,"tsung_controller@ip-172-31-24-72"} 1 713.2734375 0.0 727.9453125 707.078125 714.04296875 7
stats: session 1 76468.621 0.0 76468.621 4893.575 18766.830318181816 22
stats: users_count 0 30
stats: finish_users_count 1 23
stats: request 12 25026.951666666664 29577.924529077864 60061.595 5.621 395.4233739130435 230
stats: connect 0 0 0 20.892 1.025 2.576833333333333 30
stats: page 12 25026.951666666664 29577.924529077864 60061.595 5.621 398.8935438596491 228
stats: tr_Initial_Get_Root 0 0 0 158.398 78.5 109.89847619047619 21
stats: 302 3 95
stats: tr_Redirect_Root 0 0 0 137.183 85.308 105.12043333333334 30
stats: 504 5 6
stats: tr_Get_Root 0 0 0 121.451 89.168 105.3095 2
stats: 200 4 141
stats: tr_Post_New_Comment_On_Post 0 0 0 95.714 16.518 41.512857142857136 7
stats: size_rcv 19763 1942507
stats: tr_Get_Post 0 0 0 825.691 788.179 806.2049999999999 7
stats: size_sent 4045 132181
stats: tr_Redirect_To_Post 0 0 0 1012.382 800.511 859.9427857142856 14
stats: connected -1 7
stats: tr_Post_New_Comment_On_Comment 0 0 0 63.822 17.976 31.406428571428574 7
stats: tr_Get_Logout 0 0 0 9.592 9.592 9.592 1
stats: tr_Redirect_To_New_Post 1 51.783 0.0 68.232 51.783 68.232 1
stats: tr_Post_New_Post 3 19.688 3.638317193428851 24.586 15.874 17.888 1
stats: tr_Get_New_Post 3 31.182 21.993373956717054 62.271 14.82 15.533 1
stats: tr_Get_Conversations 0 0 0 84.195 30.68 57.4375 2
stats: tr_Authenticate_User 0 0 0 13134.808 268.476 4215.541266666666 30
stats: tr_Get_Login 0 0 0 10.986 10.986 10.986 1
stats: tr_Post_Login 0 0 0 141.76 141.76 141.76 1
stats: tr_Get_New_Conversation 0 0 0 315.445 313.413 314.429 2
stats: tr_Redirect_To_New_Conversation 0 0 0 83.745 78.318 81.0315 2
stats: tr_Post_New_Conversation 0 0 0 98.311 77.527 87.91900000000001 2
stats: tr_Redirect_To_Same_Conversation 0 0 0 85.92 29.593 57.7565 2
stats: tr_Reply_To_Conversation 0 0 0 86.583 79.158 82.87049999999999 2
stats: tr_Get_New_Book 0 0 0 42.229 8.922 13.894454545454545 11
stats: tr_Post_New_Book 0 0 0 31.684 9.757 16.973454545454544 11
stats: tr_Redirect_To_New_Book 0 0 0 71.541 12.409 30.83772727272727 11
stats: tr_Get_Book 5 60024.1862 24.327264987252434 60061.76 60000.781 60031.463 1
# stats: dump at 1575627752
stats: users 2 29
stats: {recvpackets,"tsung_controller@ip-172-31-24-72"} 1 57.0 0.0 1125 0 293.7142857142857 7
stats: {sentpackets,"tsung_controller@ip-172-31-24-72"} 1 44.0 0.0 846 0 187.71428571428572 7
stats: {cpu,"tsung_controller@ip-172-31-24-72"} 1 0.10005002501250625 0.0 2.6732673267326734 0.1 0.6762090891172101 8
stats: {load,"tsung_controller@ip-172-31-24-72"} 1 0.0 0.0 0.0 0.0 0.0 8
stats: {freemem,"tsung_controller@ip-172-31-24-72"} 1 715.328125 0.0 727.9453125 707.078125 713.94677734375 8
stats: session 5 72237.60259999998 2662.477296850485 77243.563 4893.575 21275.603826086954 23
stats: users_count 0 30
stats: finish_users_count 5 28
stats: request 15 8032.772733333331 20383.895391651462 60061.595 5.621 1616.82147107438 242
stats: connect 0 0 0 20.892 1.025 2.576833333333333 30
stats: page 15 8032.772733333331 20383.895391651462 60061.595 5.621 1630.29645 240
stats: tr_Initial_Get_Root 0 0 0 158.398 78.5 109.89847619047619 21
stats: 302 4 99
stats: tr_Redirect_Root 0 0 0 137.183 85.308 105.12043333333334 30
stats: 504 2 8
stats: tr_Get_Root 0 0 0 121.451 89.168 105.3095 2
stats: 200 9 150
stats: tr_Post_New_Comment_On_Post 0 0 0 95.714 16.518 41.512857142857136 7
stats: size_rcv 36478 1978985
stats: tr_Get_Post 0 0 0 825.691 788.179 806.2049999999999 7
stats: size_sent 7459 139640
stats: tr_Redirect_To_Post 0 0 0 1012.382 800.511 859.9427857142856 14
stats: connected -5 2
stats: tr_Post_New_Comment_On_Comment 0 0 0 63.822 17.976 31.406428571428574 7
stats: tr_Get_Logout 0 0 0 9.592 9.592 9.592 1
stats: tr_Redirect_To_New_Post 5 57.05 11.805439729209581 69.722 35.351 60.0075 2
stats: tr_Post_New_Post 4 20.611 4.244028451836767 27.839 15.874 19.238 4
stats: tr_Get_New_Post 4 30.651500000000002 20.04464497690094 65.287 14.82 27.26975 4
stats: tr_Get_Conversations 0 0 0 84.195 30.68 57.4375 2
stats: tr_Authenticate_User 0 0 0 13134.808 268.476 4215.541266666666 30
stats: tr_Get_Login 0 0 0 10.986 10.986 10.986 1
stats: tr_Post_Login 0 0 0 141.76 141.76 141.76 1
stats: tr_Get_New_Conversation 0 0 0 315.445 313.413 314.429 2
stats: tr_Redirect_To_New_Conversation 0 0 0 83.745 78.318 81.0315 2
stats: tr_Post_New_Conversation 0 0 0 98.311 77.527 87.91900000000001 2
stats: tr_Redirect_To_Same_Conversation 0 0 0 85.92 29.593 57.7565 2
stats: tr_Reply_To_Conversation 0 0 0 86.583 79.158 82.87049999999999 2
stats: tr_Get_New_Book 0 0 0 42.229 8.922 13.894454545454545 11
stats: tr_Post_New_Book 0 0 0 31.684 9.757 16.973454545454544 11
stats: tr_Redirect_To_New_Book 0 0 0 71.541 12.409 30.83772727272727 11
stats: tr_Get_Book 2 60001.843 1.2479999999995925 60061.76 60000.595 60025.399 6
# stats: dump at 1575627762
stats: users 10 29
stats: {recvpackets,"tsung_controller@ip-172-31-24-72"} 1 86.0 0.0 1125 0 264.125 8
stats: {sentpackets,"tsung_controller@ip-172-31-24-72"} 1 246.0 0.0 846 0 169.75 8
stats: {cpu,"tsung_controller@ip-172-31-24-72"} 1 0.24962556165751376 0.0 2.6732673267326734 0.1 0.6121914153277985 9
stats: {load,"tsung_controller@ip-172-31-24-72"} 1 0.0 0.0 0.0 0.0 0.0 9
stats: {freemem,"tsung_controller@ip-172-31-24-72"} 1 715.2734375 0.0 727.9453125 707.078125 714.1002604166666 9
stats: session 2 79713.704 1538.0690000000031 81251.773 4893.575 30375.960749999995 28
stats: users_count 10 40
stats: finish_users_count 2 30
stats: request 23 2662.3576956521733 12224.80686505209 60061.595 5.621 1991.2933346303498 257
stats: connect 10 3.3789000000000002 6.299772542719301 22.273 1.025 2.576833333333333 30
stats: page 23 2662.3576956521733 12224.80686505209 60061.595 5.621 2006.912701960784 255
stats: tr_Initial_Get_Root 5 107.84079999999999 10.332534662898546 158.398 78.5 109.89847619047619 21
stats: 302 6 105
stats: tr_Redirect_Root 0 0 0 137.183 85.308 105.12043333333334 30
stats: 504 1 9
stats: tr_Get_Root 0 0 0 121.451 89.168 105.3095 2
stats: 200 16 166
stats: tr_Post_New_Comment_On_Post 0 0 0 95.714 16.518 41.512857142857136 7
stats: size_rcv 121476 2100461
stats: tr_Get_Post 0 0 0 825.691 788.179 806.2049999999999 7
stats: newphase 1 1
stats: tr_Redirect_To_Post 0 0 0 1012.382 800.511 859.9427857142856 14
stats: size_sent 8365 148005
stats: tr_Post_New_Comment_On_Comment 0 0 0 63.822 17.976 31.406428571428574 7
stats: connected 8 10
stats: tr_Get_Logout 0 0 0 9.592 9.592 9.592 1
stats: tr_Redirect_To_New_Post 2 64.2695 3.588500000000007 69.722 35.351 57.894999999999996 7
stats: tr_Post_New_Post 1 27.062 0.0 27.839 15.874 19.924500000000002 8
stats: tr_Get_New_Post 1 13.916 0.0 65.287 13.916 28.960625 8
stats: tr_Get_Conversations 0 0 0 84.195 30.68 57.4375 2
stats: tr_Authenticate_User 2 1632.269 782.746 13134.808 268.476 4215.541266666666 30
stats: tr_Get_Login 0 0 0 10.986 10.986 10.986 1
stats: tr_Post_Login 0 0 0 141.76 141.76 141.76 1
stats: tr_Get_New_Conversation 0 0 0 315.445 313.413 314.429 2
stats: tr_Redirect_To_New_Conversation 0 0 0 83.745 78.318 81.0315 2
stats: tr_Post_New_Conversation 0 0 0 98.311 77.527 87.91900000000001 2
stats: tr_Redirect_To_Same_Conversation 0 0 0 85.92 29.593 57.7565 2
stats: tr_Reply_To_Conversation 0 0 0 86.583 79.158 82.87049999999999 2
stats: tr_Get_New_Book 0 0 0 42.229 8.922 13.894454545454545 11
stats: tr_Post_New_Book 0 0 0 31.684 9.757 16.973454545454544 11
stats: tr_Redirect_To_New_Book 0 0 0 71.541 12.409 30.83772727272727 11
stats: tr_Get_Book 1 60001.485 0.0 60061.76 60000.595 60019.509999999995 8
# stats: dump at 1575627772
stats: users 55 55
stats: {recvpackets,"tsung_controller@ip-172-31-24-72"} 1 276.0 0.0 1125 0 244.33333333333334 9
stats: {sentpackets,"tsung_controller@ip-172-31-24-72"} 1 169.0 0.0 846 0 178.22222222222223 9
stats: {cpu,"tsung_controller@ip-172-31-24-72"} 1 0.29985007496251875 0.0 2.6732673267326734 0.1 0.57593482996077 10
stats: {load,"tsung_controller@ip-172-31-24-72"} 1 0.0 0.0 0.0 0.0 0.0 10
stats: {freemem,"tsung_controller@ip-172-31-24-72"} 1 718.01171875 0.0 727.9453125 707.078125 714.217578125 10
stats: session 1 6631.743 0.0 81251.773 4893.575 33665.14363333333 30
stats: users_count 46 86
stats: finish_users_count 1 31
stats: request 162 106.61235802469143 196.87537924003817 60061.595 5.621 2046.4164785714283 280
stats: connect 44 1.82175 3.830502602466157 26.892 1.025 2.7773499999999998 40
stats: page 162 106.61235802469143 196.87537924003817 60061.595 5.621 2061.1401654676256 278
stats: tr_Initial_Get_Root 21 103.43104761904765 10.412746325794725 158.398 78.5 109.50276923076923 26
stats: 302 66 171
stats: tr_Redirect_Root 18 102.72455555555554 9.676490681728596 137.183 83.986 105.12043333333334 30
stats: 504 0 9
stats: tr_Get_Root 7 102.79542857142857 2.465759857218334 121.451 89.168 105.3095 2
stats: 200 96 262
stats: tr_Post_New_Comment_On_Post 5 26.962199999999996 9.244751622407172 95.714 14.743 41.512857142857136 7
stats: size_rcv 1307058 3407519
stats: tr_Get_Post 5 954.0211999999999 21.358640391186004 984.441 788.179 806.2049999999999 7
stats: newphase 0 1
stats: tr_Redirect_To_Post 3 947.7783333333333 25.50888563270102 1012.382 800.511 859.9427857142856 14
stats: size_sent 81679 229684
stats: tr_Post_New_Comment_On_Comment 2 18.146 0.4499999999999993 63.822 17.696 31.406428571428574 7
stats: connected 43 53
stats: tr_Get_Logout 1 11.526 0.0 11.526 9.592 9.592 1
stats: tr_Redirect_To_New_Post 0 0 0 69.722 35.351 59.31155555555555 9
stats: tr_Post_New_Post 0 0 0 27.839 15.874 20.71755555555556 9
stats: tr_Get_New_Post 0 0 0 65.287 13.916 27.289 9
stats: tr_Get_Conversations 0 0 0 84.195 30.68 57.4375 2
stats: tr_Authenticate_User 25 3944.01192 2534.4287347874497 13134.808 268.476 4054.0867499999995 32
stats: tr_Get_Login 1 9.614 0.0 10.986 9.614 10.986 1
stats: tr_Post_Login 1 122.771 0.0 141.76 122.771 141.76 1
stats: tr_Get_New_Conversation 0 0 0 315.445 313.413 314.429 2
stats: tr_Redirect_To_New_Conversation 0 0 0 83.745 78.318 81.0315 2
stats: tr_Post_New_Conversation 0 0 0 98.311 77.527 87.91900000000001 2
stats: tr_Redirect_To_Same_Conversation 0 0 0 85.92 29.593 57.7565 2
stats: tr_Reply_To_Conversation 0 0 0 86.583 79.158 82.87049999999999 2
stats: tr_Get_New_Book 3 19.244 10.205886569361166 42.229 8.922 13.894454545454545 11
stats: tr_Post_New_Book 1 9.366 0.0 31.684 9.366 16.973454545454544 11
stats: tr_Redirect_To_New_Book 0 0 0 71.541 12.409 30.83772727272727 11
stats: tr_Get_Book 0 0 0 60061.76 60000.595 60017.507222222215 9
# stats: dump at 1575627782
stats: users 41 59
stats: {recvpackets,"tsung_controller@ip-172-31-24-72"} 1 1531.0 0.0 1531 0 247.5 10
stats: {sentpackets,"tsung_controller@ip-172-31-24-72"} 1 719.0 0.0 846 0 177.3 10
stats: {cpu,"tsung_controller@ip-172-31-24-72"} 1 1.9851116625310175 0.0 2.6732673267326734 0.1 0.5508362158700199 11
stats: {load,"tsung_controller@ip-172-31-24-72"} 1 0.0 0.0 0.0 0.0 0.0 11
stats: {freemem,"tsung_controller@ip-172-31-24-72"} 1 699.08203125 0.0 727.9453125 699.08203125 714.5625 11
stats: session 18 15464.278388888888 4110.515086729455 81251.773 4893.575 32793.0984516129 31
stats: users_count 4 90
stats: finish_users_count 18 49
stats: request 217 198.3661059907833 337.3546450732253 60061.595 5.621 1335.4475475113122 442
stats: connect 6 1.1795 0.07053545207907863 26.892 1.025 2.2767976190476187 84
stats: tr_Initial_Get_Root 5 108.89079999999998 17.376116233497058 158.398 78.5 106.78987234042555 47
stats: page 216 199.28528240740732 337.9224941975091 60061.595 5.621 1341.5185636363635 440
stats: 302 101 272
stats: tr_Redirect_Root 36 110.24558333333334 11.379289360683586 137.183 83.986 104.22197916666666 48
stats: 504 0 9
stats: tr_Get_Root 1 103.562 0.0 121.451 89.168 103.35411111111111 9
stats: 200 116 378
stats: tr_Post_New_Comment_On_Post 11 27.615272727272725 6.635816906495305 95.714 14.743 35.45008333333333 12
stats: size_rcv 2332387 5739906
stats: tr_Get_Post 11 969.3791818181818 26.289990237621133 1015.314 788.179 867.7950833333333 12
stats: newphase 0 1
stats: tr_Redirect_To_Post 20 1037.5356000000004 44.82923822172317 1161.727 800.511 875.4431764705882 17
stats: size_sent 131008 360692
stats: tr_Post_New_Comment_On_Comment 11 25.497636363636364 8.556799160186511 63.822 16.013 28.459666666666674 9
stats: connected -11 42
stats: tr_Get_Logout 8 10.833 0.665496243415393 12.016 9.592 10.559000000000001 2
stats: tr_Redirect_To_New_Post 0 0 0 69.722 35.351 59.31155555555555 9
stats: tr_Post_New_Post 0 0 0 27.839 15.874 20.71755555555556 9
stats: tr_Get_New_Post 0 0 0 65.287 13.916 27.289 9
stats: tr_Get_Conversations 5 22.1406 10.67028709267 84.195 9.886 57.4375 2
stats: tr_Authenticate_User 32 4567.665093750001 2800.2075318152242 13134.808 268.476 4005.808315789473 57
stats: tr_Get_Login 5 12.994 7.770893204773824 28.475 8.101 10.3 2
stats: tr_Post_Login 2 124.1045 0.05750000000000455 141.76 122.771 132.2655 2
stats: tr_Get_New_Conversation 4 442.17025 7.147028381607294 452.901 313.413 314.429 2
stats: tr_Redirect_To_New_Conversation 1 69.785 0.0 83.745 69.785 81.0315 2
stats: tr_Post_New_Conversation 2 48.623000000000005 21.168999999999997 98.311 27.454 87.91900000000001 2
stats: tr_Redirect_To_Same_Conversation 1 110.2 0.0 110.2 29.593 57.7565 2
stats: tr_Reply_To_Conversation 1 39.098 0.0 86.583 39.098 82.87049999999999 2
stats: tr_Get_New_Book 7 10.393857142857144 0.6031053991210652 42.229 8.922 15.040785714285715 14
stats: tr_Post_New_Book 8 14.846 10.964804330219486 43.827 9.366 16.339499999999997 12
stats: tr_Redirect_To_New_Book 6 14.435333333333334 2.5641245202906107 71.541 11.006 30.83772727272727 11
stats: tr_Get_Book 0 0 0 60061.76 60000.595 60017.507222222215 9
# stats: dump at 1575627792
stats: users 15 59
stats: {recvpackets,"tsung_controller@ip-172-31-24-72"} 1 2161.0 0.0 2161 0 364.1818181818182 11
stats: {sentpackets,"tsung_controller@ip-172-31-24-72"} 1 784.0 0.0 846 0 226.54545454545453 11
stats: {cpu,"tsung_controller@ip-172-31-24-72"} 1 3.371343579573624 0.0 3.371343579573624 0.1 0.6703591697584365 12
stats: {load,"tsung_controller@ip-172-31-24-72"} 1 0.0 0.0 0.0 0.0 0.0 12
stats: {freemem,"tsung_controller@ip-172-31-24-72"} 1 683.79296875 0.0 727.9453125 683.79296875 713.2724609375 12
stats: session 26 18506.409615384622 4465.868173654005 81251.773 4893.575 26427.409448979593 49
stats: users_count 0 90
stats: finish_users_count 26 75
stats: request 85 306.30843529411766 419.96209388718 60061.595 5.621 961.0216403641881 659
stats: connect 0 0 0 26.892 1.025 2.203644444444444 90
stats: page 81 321.44239506172846 425.0210255627791 60061.595 5.621 965.4173612804876 656
stats: tr_Initial_Get_Root 0 0 0 158.398 78.5 106.99188461538462 52
stats: 302 33 305
stats: tr_Redirect_Root 6 120.32300000000002 6.628971413424557 137.183 83.986 106.8035238095238 84
stats: 504 0 9
stats: tr_Get_Root 0 0 0 121.451 89.168 103.3749 10
stats: 200 52 430
stats: tr_Post_New_Comment_On_Post 5 16.0706 1.5121884274124047 95.714 14.409 31.702999999999996 23
stats: size_rcv 1153332 6893238
stats: tr_Get_Post 5 1007.9558000000001 18.831429657888467 1041.491 788.179 916.3787826086956 23
stats: newphase 0 1
stats: tr_Redirect_To_Post 16 1038.2030625000002 34.18822278663513 1161.727 800.511 963.0607027027029 37
stats: size_sent 46451 407143
stats: tr_Post_New_Comment_On_Comment 7 18.94442857142857 4.625980756464911 63.822 14.017 26.830550000000006 20
stats: connected -27 15
stats: tr_Get_Logout 2 11.7255 0.3234999999999997 12.049 9.592 10.778200000000002 10
stats: tr_Redirect_To_New_Post 0 0 0 69.722 35.351 59.31155555555555 9
stats: tr_Post_New_Post 0 0 0 27.839 15.874 20.71755555555556 9
stats: tr_Get_New_Post 0 0 0 65.287 13.916 27.289 9
stats: tr_Get_Conversations 3 17.136 7.661989602359603 84.195 9.886 32.22542857142857 7
stats: tr_Authenticate_User 1 11903.089 0.0 13134.808 268.476 4207.824235955056 89
stats: tr_Get_Login 5 8.16 1.2340677453041224 28.475 6.236 12.224285714285713 7
stats: tr_Post_Login 8 121.25999999999999 1.7977045780661534 141.76 118.868 128.185 4
stats: tr_Get_New_Conversation 3 448.013 18.025737950682284 470.206 313.413 399.5898333333333 6
stats: tr_Redirect_To_New_Conversation 5 53.6336 18.881158328873788 83.745 29.123 77.28266666666666 3
stats: tr_Post_New_Conversation 4 43.55725 18.360771326050003 98.311 23.96 68.27100000000002 4
stats: tr_Redirect_To_Same_Conversation 4 50.6385 20.525409100673244 110.2 26.457 75.23766666666667 3
stats: tr_Reply_To_Conversation 4 87.935 6.7508422067176195 99.521 39.098 68.27966666666667 3
stats: tr_Get_New_Book 1 11.719 0.0 42.229 8.922 13.491809523809522 21
stats: tr_Post_New_Book 2 11.6765 0.3524999999999996 43.827 9.366 15.742099999999999 20
stats: tr_Redirect_To_New_Book 4 29.96125 17.035104070345447 71.541 11.006 25.04864705882353 17
stats: tr_Get_Book 0 0 0 60061.76 60000.595 60017.507222222215 9
# stats: dump at 1575627802
stats: users 9 59
stats: {recvpackets,"tsung_controller@ip-172-31-24-72"} 1 750.0 0.0 2161 0 513.9166666666666 12
stats: {sentpackets,"tsung_controller@ip-172-31-24-72"} 1 289.0 0.0 846 0 273.0 12
stats: {cpu,"tsung_controller@ip-172-31-24-72"} 1 1.0468594217347957 0.0 3.371343579573624 0.1 0.8781272012826816 13
stats: {load,"tsung_controller@ip-172-31-24-72"} 1 0.0 0.0 0.0 0.0 0.0 13
stats: {freemem,"tsung_controller@ip-172-31-24-72"} 1 691.17578125 0.0 727.9453125 683.79296875 711.0048076923077 13
stats: session 6 27869.44516666667 4660.771956535078 81251.773 4893.575 23681.462840000004 75
stats: users_count 0 90
stats: finish_users_count 6 81
stats: request 16 262.6790625000001 389.66942147214166 60061.595 5.621 886.2224166666665 744
stats: connect 0 0 0 26.892 1.025 2.203644444444444 90
stats: page 13 323.3308461538462 411.3280485517138 60061.595 5.621 894.6412795115331 737
stats: tr_Initial_Get_Root 0 0 0 158.398 78.5 106.99188461538462 52
stats: 302 6 311
stats: tr_Redirect_Root 0 0 0 137.183 83.986 107.70482222222222 90
stats: 504 0 9
stats: tr_Get_Root 0 0 0 121.451 89.168 103.3749 10
stats: 200 10 440
stats: tr_Post_New_Comment_On_Post 0 0 0 95.714 14.409 28.911499999999993 28
stats: size_rcv 158367 7051605
stats: tr_Get_Post 0 0 0 1041.491 788.179 932.7318214285715 28
stats: newphase 0 1
stats: tr_Redirect_To_Post 3 1051.2766666666666 21.135382093121077 1161.727 800.511 985.7451886792454 53
stats: size_sent 8916 416059
stats: tr_Post_New_Comment_On_Comment 1 28.887 0.0 63.822 14.017 24.786000000000005 27
stats: connected -6 9
stats: tr_Get_Logout 0 0 0 12.049 9.592 10.936083333333334 12
stats: tr_Redirect_To_New_Post 0 0 0 69.722 35.351 59.31155555555555 9
stats: tr_Post_New_Post 0 0 0 27.839 15.874 20.71755555555556 9
stats: tr_Get_New_Post 0 0 0 65.287 13.916 27.289 9
stats: tr_Get_Conversations 0 0 0 84.195 9.886 27.6986 10
stats: tr_Authenticate_User 0 0 0 13134.808 268.476 4293.327177777777 90
stats: tr_Get_Login 0 0 0 28.475 6.236 10.530833333333332 12
stats: tr_Post_Login 0 0 0 141.76 118.868 123.56833333333333 12
stats: tr_Get_New_Conversation 1 449.645 0.0 470.206 313.413 415.73088888888884 9
stats: tr_Redirect_To_New_Conversation 2 48.0435 24.926499999999997 83.745 23.117 62.501999999999995 8
stats: tr_Post_New_Conversation 2 49.256 18.221999999999998 98.311 23.96 55.91412500000001 8
stats: tr_Redirect_To_Same_Conversation 3 55.190666666666665 19.38515901978166 110.2 26.457 61.181000000000004 7
stats: tr_Reply_To_Conversation 3 70.28866666666667 18.05319135837823 99.521 39.098 79.5112857142857 7
stats: tr_Get_New_Book 0 0 0 42.229 8.922 13.411227272727272 22
stats: tr_Post_New_Book 0 0 0 43.827 9.366 15.3725 22
stats: tr_Redirect_To_New_Book 1 12.875 0.0 71.541 11.006 25.984380952380953 21
stats: tr_Get_Book 0 0 0 60061.76 60000.595 60017.507222222215 9
# stats: dump at 1575627812
stats: users 9 59
stats: {recvpackets,"tsung_controller@ip-172-31-24-72"} 1 161.0 0.0 2161 0 532.0769230769231 13
stats: {sentpackets,"tsung_controller@ip-172-31-24-72"} 1 73.0 0.0 846 0 274.2307692307692 13
stats: {cpu,"tsung_controller@ip-172-31-24-72"} 1 0.15 0.0 3.371343579573624 0.1 0.890179502743547 14
stats: {load,"tsung_controller@ip-172-31-24-72"} 1 0.0 0.0 0.0 0.0 0.0 14
stats: {freemem,"tsung_controller@ip-172-31-24-72"} 1 695.44921875 0.0 727.9453125 683.79296875 709.5884486607143 14
stats: session 0 0 0 81251.773 4893.575 23991.683753086425 81
stats: users_count 0 90
stats: finish_users_count 0 81
stats: request 0 0 0 60061.595 5.621 873.0951881578945 760
stats: connect 0 0 0 26.892 1.025 2.203644444444444 90
stats: page 0 0 0 60061.595 5.621 884.7385653333332 750
stats: tr_Initial_Get_Root 0 0 0 158.398 78.5 106.99188461538462 52
stats: 302 0 311
stats: tr_Redirect_Root 0 0 0 137.183 83.986 107.70482222222222 90
stats: 504 0 9
stats: tr_Get_Root 0 0 0 121.451 89.168 103.3749 10
stats: 200 0 440
stats: tr_Post_New_Comment_On_Post 0 0 0 95.714 14.409 28.911499999999993 28
stats: size_rcv 0 7051605
stats: tr_Get_Post 0 0 0 1041.491 788.179 932.7318214285715 28
stats: newphase 0 1
stats: tr_Redirect_To_Post 0 0 0 1161.727 800.511 989.2558035714288 56
stats: size_sent 0 416059
stats: tr_Post_New_Comment_On_Comment 0 0 0 63.822 14.017 24.932464285714293 28
stats: connected 0 9
stats: tr_Get_Logout 0 0 0 12.049 9.592 10.936083333333334 12
stats: tr_Redirect_To_New_Post 0 0 0 69.722 35.351 59.31155555555555 9
stats: tr_Post_New_Post 0 0 0 27.839 15.874 20.71755555555556 9
stats: tr_Get_New_Post 0 0 0 65.287 13.916 27.289 9
stats: tr_Get_Conversations 0 0 0 84.195 9.886 27.6986 10
stats: tr_Authenticate_User 0 0 0 13134.808 268.476 4293.327177777777 90
stats: tr_Get_Login 0 0 0 28.475 6.236 10.530833333333332 12
stats: tr_Post_Login 0 0 0 141.76 118.868 123.56833333333333 12
stats: tr_Get_New_Conversation 0 0 0 470.206 313.413 419.1223 10
stats: tr_Redirect_To_New_Conversation 0 0 0 83.745 23.117 59.610299999999995 10
stats: tr_Post_New_Conversation 0 0 0 98.311 23.96 54.5825 10
stats: tr_Redirect_To_Same_Conversation 0 0 0 110.2 26.457 59.383900000000004 10
stats: tr_Reply_To_Conversation 0 0 0 99.521 39.098 76.74449999999999 10
stats: tr_Get_New_Book 0 0 0 42.229 8.922 13.411227272727272 22
stats: tr_Post_New_Book 0 0 0 43.827 9.366 15.3725 22
stats: tr_Redirect_To_New_Book 0 0 0 71.541 11.006 25.3885 22
stats: tr_Get_Book 0 0 0 60061.76 60000.595 60017.507222222215 9
# stats: dump at 1575627822
stats: users 9 59
stats: {recvpackets,"tsung_controller@ip-172-31-24-72"} 1 1.0 0.0 2161 0 505.57142857142856 14
stats: {sentpackets,"tsung_controller@ip-172-31-24-72"} 1 1.0 0.0 846 0 259.85714285714283 14
stats: {cpu,"tsung_controller@ip-172-31-24-72"} 1 0.0999000999000999 0.0 3.371343579573624 0.0999000999000999 0.8408342025606438 15
stats: {load,"tsung_controller@ip-172-31-24-72"} 1 0.0 0.0 0.0 0.0 0.0 15
stats: {freemem,"tsung_controller@ip-172-31-24-72"} 1 695.453125 0.0 727.9453125 683.79296875 708.6458333333334 15
stats: session 0 0 0 81251.773 4893.575 23991.683753086425 81
stats: users_count 0 90
stats: finish_users_count 0 81
stats: request 0 0 0 60061.595 5.621 873.0951881578945 760
stats: connect 0 0 0 26.892 1.025 2.203644444444444 90
stats: page 0 0 0 60061.595 5.621 884.7385653333332 750
stats: tr_Initial_Get_Root 0 0 0 158.398 78.5 106.99188461538462 52
stats: 302 0 311
stats: tr_Redirect_Root 0 0 0 137.183 83.986 107.70482222222222 90
stats: 504 0 9
stats: tr_Get_Root 0 0 0 121.451 89.168 103.3749 10
stats: 200 0 440
stats: tr_Post_New_Comment_On_Post 0 0 0 95.714 14.409 28.911499999999993 28
stats: size_rcv 0 7051605
stats: tr_Get_Post 0 0 0 1041.491 788.179 932.7318214285715 28
stats: newphase 0 1
stats: tr_Redirect_To_Post 0 0 0 1161.727 800.511 989.2558035714288 56
stats: size_sent 0 416059
stats: tr_Post_New_Comment_On_Comment 0 0 0 63.822 14.017 24.932464285714293 28
stats: connected 0 9
stats: tr_Get_Logout 0 0 0 12.049 9.592 10.936083333333334 12
stats: tr_Redirect_To_New_Post 0 0 0 69.722 35.351 59.31155555555555 9
stats: tr_Post_New_Post 0 0 0 27.839 15.874 20.71755555555556 9
stats: tr_Get_New_Post 0 0 0 65.287 13.916 27.289 9
stats: tr_Get_Conversations 0 0 0 84.195 9.886 27.6986 10
stats: tr_Authenticate_User 0 0 0 13134.808 268.476 4293.327177777777 90
stats: tr_Get_Login 0 0 0 28.475 6.236 10.530833333333332 12
stats: tr_Post_Login 0 0 0 141.76 118.868 123.56833333333333 12
stats: tr_Get_New_Conversation 0 0 0 470.206 313.413 419.1223 10
stats: tr_Redirect_To_New_Conversation 0 0 0 83.745 23.117 59.610299999999995 10
stats: tr_Post_New_Conversation 0 0 0 98.311 23.96 54.5825 10
stats: tr_Redirect_To_Same_Conversation 0 0 0 110.2 26.457 59.383900000000004 10
stats: tr_Reply_To_Conversation 0 0 0 99.521 39.098 76.74449999999999 10
stats: tr_Get_New_Book 0 0 0 42.229 8.922 13.411227272727272 22
stats: tr_Post_New_Book 0 0 0 43.827 9.366 15.3725 22
stats: tr_Redirect_To_New_Book 0 0 0 71.541 11.006 25.3885 22
stats: tr_Get_Book 0 0 0 60061.76 60000.595 60017.507222222215 9
# stats: dump at 1575627832
stats: users 9 59
stats: {recvpackets,"tsung_controller@ip-172-31-24-72"} 1 0.0 0.0 2161 0 471.93333333333334 15
stats: {sentpackets,"tsung_controller@ip-172-31-24-72"} 1 0.0 0.0 846 0 242.59999999999997 15
stats: {cpu,"tsung_controller@ip-172-31-24-72"} 1 0.04997501249375312 0.0 3.371343579573624 0.04997501249375312 0.7945258211443599 16
stats: {load,"tsung_controller@ip-172-31-24-72"} 1 0.0 0.0 0.0 0.0 0.0 16
stats: {freemem,"tsung_controller@ip-172-31-24-72"} 1 695.4609375 0.0 727.9453125 683.79296875 707.8212890625 16
stats: session 0 0 0 81251.773 4893.575 23991.683753086425 81
stats: users_count 0 90
stats: finish_users_count 0 81
stats: request 7 25739.407428571427 29703.357678262266 60061.595 5.621 873.0951881578945 760
stats: connect 0 0 0 26.892 1.025 2.203644444444444 90
stats: page 7 25739.407428571427 29703.357678262266 60061.595 5.621 884.7385653333332 750
stats: tr_Initial_Get_Root 0 0 0 158.398 78.5 106.99188461538462 52
stats: 302 2 313
stats: tr_Redirect_Root 0 0 0 137.183 83.986 107.70482222222222 90
stats: 504 3 12
stats: tr_Get_Root 0 0 0 121.451 89.168 103.3749 10
stats: 200 2 442
stats: tr_Post_New_Comment_On_Post 0 0 0 95.714 14.409 28.911499999999993 28
stats: size_rcv 12243 7063848
stats: tr_Get_Post 0 0 0 1041.491 788.179 932.7318214285715 28
stats: newphase 0 1
stats: tr_Redirect_To_Post 0 0 0 1161.727 800.511 989.2558035714288 56
stats: size_sent 2328 418387
stats: tr_Post_New_Comment_On_Comment 0 0 0 63.822 14.017 24.932464285714293 28
stats: connected 0 9
stats: tr_Get_Logout 0 0 0 12.049 9.592 10.936083333333334 12
stats: tr_Redirect_To_New_Post 0 0 0 69.722 35.351 59.31155555555555 9
stats: tr_Post_New_Post 2 17.5075 3.084499999999999 27.839 14.423 20.71755555555556 9
stats: tr_Get_New_Post 2 13.8735 0.7885000000000004 65.287 13.085 27.289 9
stats: tr_Get_Conversations 0 0 0 84.195 9.886 27.6986 10
stats: tr_Authenticate_User 0 0 0 13134.808 268.476 4293.327177777777 90
stats: tr_Get_Login 0 0 0 28.475 6.236 10.530833333333332 12
stats: tr_Post_Login 0 0 0 141.76 118.868 123.56833333333333 12
stats: tr_Get_New_Conversation 0 0 0 470.206 313.413 419.1223 10
stats: tr_Redirect_To_New_Conversation 0 0 0 83.745 23.117 59.610299999999995 10
stats: tr_Post_New_Conversation 0 0 0 98.311 23.96 54.5825 10
stats: tr_Redirect_To_Same_Conversation 0 0 0 110.2 26.457 59.383900000000004 10
stats: tr_Reply_To_Conversation 0 0 0 99.521 39.098 76.74449999999999 10
stats: tr_Get_New_Book 0 0 0 42.229 8.922 13.411227272727272 22
stats: tr_Post_New_Book 0 0 0 43.827 9.366 15.3725 22
stats: tr_Redirect_To_New_Book 0 0 0 71.541 11.006 25.3885 22
stats: tr_Get_Book 3 60038.00633333333 9.601513399230889 60061.76 60000.595 60017.507222222215 9
# stats: dump at 1575627842
stats: users 5 59
stats: {recvpackets,"tsung_controller@ip-172-31-24-72"} 1 32.0 0.0 2161 0 442.4375 16
stats: {sentpackets,"tsung_controller@ip-172-31-24-72"} 1 25.0 0.0 846 0 227.43749999999997 16
stats: {cpu,"tsung_controller@ip-172-31-24-72"} 1 0.05002501250625312 0.0 3.371343579573624 0.04997501249375312 0.7507287147531477 17
stats: {load,"tsung_controller@ip-172-31-24-72"} 1 0.0 0.0 0.0 0.0 0.0 17
stats: {freemem,"tsung_controller@ip-172-31-24-72"} 1 699.35546875 0.0 727.9453125 683.79296875 707.0942095588235 17
stats: session 4 73935.044 4532.391390994658 81251.773 4893.575 23991.683753086425 81
stats: users_count 0 90
stats: finish_users_count 4 85
stats: request 18 13357.248666666668 24947.484871324206 60061.595 5.621 1100.0367601043022 767
stats: connect 0 0 0 26.892 1.025 2.203644444444444 90
stats: page 18 13357.248666666668 24947.484871324206 60061.595 5.621 1114.5703778071331 757
stats: tr_Initial_Get_Root 0 0 0 158.398 78.5 106.99188461538462 52
stats: 302 5 318
stats: tr_Redirect_Root 0 0 0 137.183 83.986 107.70482222222222 90
stats: 504 4 16
stats: tr_Get_Root 0 0 0 121.451 89.168 103.3749 10
stats: 200 9 451
stats: tr_Post_New_Comment_On_Post 0 0 0 95.714 14.409 28.911499999999993 28
stats: size_rcv 42179 7106027
stats: tr_Get_Post 0 0 0 1041.491 788.179 932.7318214285715 28
stats: newphase 0 1
stats: tr_Redirect_To_Post 0 0 0 1161.727 800.511 989.2558035714288 56
stats: size_sent 8100 426487
stats: tr_Post_New_Comment_On_Comment 0 0 0 63.822 14.017 24.932464285714293 28
stats: connected -4 5
stats: tr_Get_Logout 0 0 0 12.049 9.592 10.936083333333334 12
stats: tr_Redirect_To_New_Post 4 41.03575 5.668079894241082 69.722 35.351 59.31155555555555 9
stats: tr_Post_New_Post 5 15.240800000000002 1.1835584311727068 27.839 13.937 20.133909090909093 11
stats: tr_Get_New_Post 5 14.6638 2.925317446021884 65.287 12.321 24.849818181818183 11
stats: tr_Get_Conversations 0 0 0 84.195 9.886 27.6986 10
stats: tr_Authenticate_User 0 0 0 13134.808 268.476 4293.327177777777 90
stats: tr_Get_Login 0 0 0 28.475 6.236 10.530833333333332 12
stats: tr_Post_Login 0 0 0 141.76 118.868 123.56833333333333 12
stats: tr_Get_New_Conversation 0 0 0 470.206 313.413 419.1223 10
stats: tr_Redirect_To_New_Conversation 0 0 0 83.745 23.117 59.610299999999995 10
stats: tr_Post_New_Conversation 0 0 0 98.311 23.96 54.5825 10
stats: tr_Redirect_To_Same_Conversation 0 0 0 110.2 26.457 59.383900000000004 10
stats: tr_Reply_To_Conversation 0 0 0 99.521 39.098 76.74449999999999 10
stats: tr_Get_New_Book 0 0 0 42.229 8.922 13.411227272727272 22
stats: tr_Post_New_Book 0 0 0 43.827 9.366 15.3725 22
stats: tr_Redirect_To_New_Book 0 0 0 71.541 11.006 25.3885 22
stats: tr_Get_Book 4 60029.86275 22.642892498253953 60061.76 60000.595 60022.63199999999 12
# stats: dump at 1575627852
stats: users 0 59
stats: {recvpackets,"tsung_controller@ip-172-31-24-72"} 1 63.0 0.0 2161 0 418.29411764705884 17
stats: {sentpackets,"tsung_controller@ip-172-31-24-72"} 1 55.0 0.0 846 0 215.52941176470586 17
stats: {cpu,"tsung_controller@ip-172-31-24-72"} 1 0.1998001998001998 0.0 3.371343579573624 0.04997501249375312 0.711800731294987 18
stats: {load,"tsung_controller@ip-172-31-24-72"} 1 0.0 0.0 0.0 0.0 0.0 18
stats: {freemem,"tsung_controller@ip-172-31-24-72"} 1 703.515625 0.0 727.9453125 683.79296875 706.6642795138889 18
stats: session 5 75580.5546 2722.9784303691117 81251.773 4893.575 26341.95952941177 85
stats: users_count 0 90
stats: finish_users_count 5 90
stats: request 11 10937.177363636365 23143.0322359295 60061.775 5.621 1381.0938484076428 785
stats: connect 0 0 0 26.892 1.025 2.203644444444444 90
stats: page 11 10937.177363636365 23143.0322359295 60061.775 5.621 1398.9164541935481 775
stats: tr_Initial_Get_Root 0 0 0 158.398 78.5 106.99188461538462 52
stats: 302 2 320
stats: tr_Redirect_Root 0 0 0 137.183 83.986 107.70482222222222 90
stats: 504 2 18
stats: tr_Get_Root 0 0 0 121.451 89.168 103.3749 10
stats: 200 7 458
stats: tr_Post_New_Comment_On_Post 0 0 0 95.714 14.409 28.911499999999993 28
stats: size_rcv 27818 7133845
stats: tr_Get_Post 0 0 0 1041.491 788.179 932.7318214285715 28
stats: newphase 0 1
stats: tr_Redirect_To_Post 0 0 0 1161.727 800.511 989.2558035714288 56
stats: size_sent 5136 431623
stats: tr_Post_New_Comment_On_Comment 0 0 0 63.822 14.017 24.932464285714293 28
stats: connected -5 0
stats: tr_Get_Logout 0 0 0 12.049 9.592 10.936083333333334 12
stats: tr_Redirect_To_New_Post 5 37.9296 4.892305166278981 69.722 30.01 53.68823076923077 13
stats: tr_Post_New_Post 2 15.758 1.0029999999999988 27.839 13.937 18.6048125 16
stats: tr_Get_New_Post 2 13.591 0.8330000000000002 65.287 12.321 21.666687500000002 16
stats: tr_Get_Conversations 0 0 0 84.195 9.886 27.6986 10
stats: tr_Authenticate_User 0 0 0 13134.808 268.476 4293.327177777777 90
stats: tr_Get_Login 0 0 0 28.475 6.236 10.530833333333332 12
stats: tr_Post_Login 0 0 0 141.76 118.868 123.56833333333333 12
stats: tr_Get_New_Conversation 0 0 0 470.206 313.413 419.1223 10
stats: tr_Redirect_To_New_Conversation 0 0 0 83.745 23.117 59.610299999999995 10
stats: tr_Post_New_Conversation 0 0 0 98.311 23.96 54.5825 10
stats: tr_Redirect_To_Same_Conversation 0 0 0 110.2 26.457 59.383900000000004 10
stats: tr_Reply_To_Conversation 0 0 0 99.521 39.098 76.74449999999999 10
stats: tr_Get_New_Book 0 0 0 42.229 8.922 13.411227272727272 22
stats: tr_Post_New_Book 0 0 0 43.827 9.366 15.3725 22
stats: tr_Redirect_To_New_Book 0 0 0 71.541 11.006 25.3885 22
stats: tr_Get_Book 2 60031.084 30.853000000000975 60061.937 60000.231 60024.439687499995 16
# stats: dump at 1575627854
stats: users 0 59
stats: {recvpackets,"tsung_controller@ip-172-31-24-72"} 1 33.0 0.0 2161 0 398.55555555555554 18
stats: {sentpackets,"tsung_controller@ip-172-31-24-72"} 1 28.0 0.0 846 0 206.6111111111111 18
stats: {cpu,"tsung_controller@ip-172-31-24-72"} 1 0.09995002498750624 0.0 3.371343579573624 0.04997501249375312 0.6848533349005246 19
stats: {load,"tsung_controller@ip-172-31-24-72"} 1 0.0 0.0 0.0 0.0 0.0 19
stats: {freemem,"tsung_controller@ip-172-31-24-72"} 1 705.4609375 0.0 727.9453125 683.79296875 706.4985608552631 19
stats: session 0 0 0 81251.773 4893.575 29077.43703333334 90
stats: users_count 0 90
stats: finish_users_count 0 90
stats: request 0 0 0 60061.775 5.621 1513.150278894472 796
stats: connect 0 0 0 26.892 1.025 2.203644444444444 90
stats: page 0 0 0 60061.775 5.621 1532.4035661577607 786
stats: tr_Initial_Get_Root 0 0 0 158.398 78.5 106.99188461538462 52
stats: 302 0 320
stats: tr_Redirect_Root 0 0 0 137.183 83.986 107.70482222222222 90
stats: 504 0 18
stats: tr_Get_Root 0 0 0 121.451 89.168 103.3749 10
stats: 200 0 458
stats: tr_Post_New_Comment_On_Post 0 0 0 95.714 14.409 28.911499999999993 28
stats: size_rcv 0 7133845
stats: tr_Get_Post 0 0 0 1041.491 788.179 932.7318214285715 28
stats: newphase 0 1
stats: tr_Redirect_To_Post 0 0 0 1161.727 800.511 989.2558035714288 56
stats: size_sent 0 431623
stats: tr_Post_New_Comment_On_Comment 0 0 0 63.822 14.017 24.932464285714293 28
stats: connected 0 0
stats: tr_Get_Logout 0 0 0 12.049 9.592 10.936083333333334 12
stats: tr_Redirect_To_New_Post 0 0 0 69.722 30.01 49.310833333333335 18
stats: tr_Post_New_Post 0 0 0 27.839 13.937 18.288500000000003 18
stats: tr_Get_New_Post 0 0 0 65.287 12.321 20.76938888888889 18
stats: tr_Get_Conversations 0 0 0 84.195 9.886 27.6986 10
stats: tr_Authenticate_User 0 0 0 13134.808 268.476 4293.327177777777 90
stats: tr_Get_Login 0 0 0 28.475 6.236 10.530833333333332 12
stats: tr_Post_Login 0 0 0 141.76 118.868 123.56833333333333 12
stats: tr_Get_New_Conversation 0 0 0 470.206 313.413 419.1223 10
stats: tr_Redirect_To_New_Conversation 0 0 0 83.745 23.117 59.610299999999995 10
stats: tr_Post_New_Conversation 0 0 0 98.311 23.96 54.5825 10
stats: tr_Redirect_To_Same_Conversation 0 0 0 110.2 26.457 59.383900000000004 10
stats: tr_Reply_To_Conversation 0 0 0 99.521 39.098 76.74449999999999 10
stats: tr_Get_New_Book 0 0 0 42.229 8.922 13.411227272727272 22
stats: tr_Post_New_Book 0 0 0 43.827 9.366 15.3725 22
stats: tr_Redirect_To_New_Book 0 0 0 71.541 11.006 25.3885 22
stats: tr_Get_Book 0 0 0 60061.937 60000.231 60025.17794444444 18
EndMonitor:{1575,627854,26627}
