# stats: dump at 1575852457
stats: users 14 14
stats: {freemem,"tsung_controller@ip-172-31-33-214"} 1 379639.25390625 0 379639.25390625 379639.25390625 0 0
stats: {load,"tsung_controller@ip-172-31-33-214"} 1 0.0 0 0.0 0.0 0 0
stats: {cpu,"tsung_controller@ip-172-31-33-214"} 1 0.017354519592382094 0 0.017354519592382094 0.017354519592382094 0 0
stats: users_count 14 14
stats: finish_users_count 0 0
stats: request 39 87.18102564102563 200.28775476727802 1230.68 5.146 0 0
stats: connect 13 3.397153846153846 6.333561992654126 25.328 1.346 0 0
stats: page 39 87.18102564102563 200.28775476727802 1230.68 5.146 0 0
stats: tr_Initial_Get_Root 9 69.08766666666665 16.79175124213606 110.304 56.68 0 0
stats: 302 13 13
stats: tr_Redirect_Root 4 62.85924999999999 8.102288793143577 75.948 54.664 0 0
stats: 200 26 26
stats: tr_Get_Root 1 57.847 0 57.847 57.847 0 0
stats: size_rcv 296727 296727
stats: tr_Post_New_Comment_On_Post 1 9.891 0 9.891 9.891 0 0
stats: size_sent 18445 18445
stats: tr_Get_Post 1 1243.25 0 1243.25 1243.25 0 0
stats: connected 13 13
stats: tr_Authenticate_User 6 3319.994166666667 1296.0371918032056 5513.43 1659.992 0 0
# stats: dump at 1575852467
stats: users 18 22
stats: {freemem,"tsung_controller@ip-172-31-33-214"} 1 379633.63671875 0.0 379639.25390625 379633.63671875 379639.25390625 1
stats: {load,"tsung_controller@ip-172-31-33-214"} 1 0.0 0.0 0.0 0.0 0.0 1
stats: {recvpackets,"tsung_controller@ip-172-31-33-214"} 1 528 0 528 528 0 0
stats: {sentpackets,"tsung_controller@ip-172-31-33-214"} 1 701 0 701 701 0 0
stats: {cpu,"tsung_controller@ip-172-31-33-214"} 1 0.011451414770242977 0.0 0.017354519592382094 0.011451414770242977 0.017354519592382094 1
stats: session 5 12296.5134 3009.99663515497 17016.397 9133.328 0 0
stats: users_count 9 23
stats: finish_users_count 5 5
stats: request 80 199.54827499999996 405.03261684498864 1643.349 4.962 87.18102564102563 39
stats: connect 10 1.4266 0.0682527655117359 25.328 1.298 3.397153846153846 13
stats: page 80 199.54827499999996 405.03261684498864 1643.349 4.962 87.18102564102563 39
stats: tr_Initial_Get_Root 6 88.2805 12.002433874705027 110.304 56.68 69.08766666666665 9
stats: 302 37 50
stats: tr_Redirect_Root 11 143.4543636363636 60.41454442625058 242.949 54.664 62.85924999999999 4
stats: 200 43 69
stats: tr_Get_Root 1 57.964 0.0 57.964 57.847 57.847 1
stats: size_rcv 654720 951447
stats: tr_Post_New_Comment_On_Post 2 14.7635 2.810500000000001 17.574 9.891 9.891 1
stats: size_sent 43917 62362
stats: tr_Get_Post 2 1415.623 101.15200000000004 1516.775 1243.25 1243.25 1
stats: connected 5 18
stats: tr_Redirect_To_Post 5 1507.6136 100.19258026141452 1648.782 1374.786 0 0
stats: tr_Get_Logout 3 8.063333333333333 1.087242485475169 9.404 6.741 0 0
stats: tr_Post_New_Comment_On_Comment 3 16.372333333333334 4.349605448262585 20.005 10.257 0 0
stats: tr_Authenticate_User 12 3143.484916666667 1219.3912786941044 5601.042 1659.992 3319.994166666667 6
stats: tr_Get_Login 2 7.087 0.7589999999999997 7.846 6.328 0 0
stats: tr_Post_Login 1 131.832 0 131.832 131.832 0 0
stats: tr_Get_New_Book 3 10.537 2.001939559527209 13.331 8.744 0 0
stats: tr_Redirect_To_New_Book 2 49.015499999999996 34.5165 83.532 14.499 0 0
stats: tr_Post_New_Book 3 23.316333333333333 19.915952506024468 51.387 7.282 0 0
# stats: dump at 1575852477
stats: users 13 22
stats: {freemem,"tsung_controller@ip-172-31-33-214"} 1 379624.828125 0.0 379639.25390625 379624.828125 379636.4453125 2
stats: {load,"tsung_controller@ip-172-31-33-214"} 1 0.0 0.0 0.0 0.0 0.0 2
stats: {recvpackets,"tsung_controller@ip-172-31-33-214"} 1 850.0 0.0 850 528 528.0 1
stats: {sentpackets,"tsung_controller@ip-172-31-33-214"} 1 1540.0 0.0 1540 701 701.0 1
stats: {cpu,"tsung_controller@ip-172-31-33-214"} 1 0.015616703626198582 0.0 0.017354519592382094 0.011451414770242977 0.014402967181312535 2
stats: session 5 17463.1806 3989.1713942119154 23722.87 9133.328 12296.5134 5
stats: users_count 0 23
stats: finish_users_count 5 10
stats: request 34 384.91911764705884 696.5211947520403 2140.0 4.962 162.72203361344538 119
stats: connect 0 0 0 25.328 1.298 2.540391304347826 23
stats: page 34 384.91911764705884 696.5211947520403 2140.0 4.962 162.72203361344538 119
stats: tr_Initial_Get_Root 0 0 0 110.304 56.68 76.76479999999998 15
stats: 302 14 64
stats: tr_Redirect_Root 8 182.693625 40.92217540935935 265.947 54.664 121.9623333333333 15
stats: 200 20 89
stats: tr_Get_Root 0 0 0 57.964 57.847 57.9055 2
stats: size_rcv 380856 1332303
stats: tr_Post_New_Comment_On_Post 3 30.27 7.792549561386611 40.229 9.891 13.139333333333333 3
stats: size_sent 21547 83909
stats: tr_Get_Post 3 2039.1336666666666 76.74947001481881 2144.945 1243.25 1358.1653333333334 3
stats: connected -5 13
stats: tr_Redirect_To_Post 2 2041.6 62.675000000000125 2104.275 1374.786 1507.6136 5
stats: tr_Get_Logout 1 15.858 0.0 15.858 6.741 8.063333333333333 3
stats: tr_Post_New_Comment_On_Comment 1 16.031 0.0 20.005 10.257 16.372333333333334 3
stats: tr_Get_Conversations 1 24.482 0 24.482 24.482 0 0
stats: tr_Authenticate_User 5 6287.0996 3540.0528409688804 10363.472 529.449 3202.3213333333333 18
stats: tr_Get_Login 1 12.351 0.0 12.351 6.328 7.087 2
stats: tr_Post_Login 2 142.3085 1.6454999999999984 143.954 131.832 131.832 1
stats: tr_Get_New_Conversation 1 649.459 0 649.459 649.459 0 0
stats: tr_Post_New_Conversation 1 38.598 0 38.598 38.598 0 0
stats: tr_Get_New_Book 1 14.238 0.0 14.238 8.744 10.537 3
stats: tr_Redirect_To_New_Book 2 24.950499999999998 7.4254999999999995 83.532 14.499 49.015499999999996 2
stats: tr_Post_New_Book 1 51.166 0.0 51.387 7.282 23.316333333333333 3
# stats: dump at 1575852487
stats: users 8 22
stats: {freemem,"tsung_controller@ip-172-31-33-214"} 1 379623.07421875 0.0 379639.25390625 379623.07421875 379632.5729166667 3
stats: {load,"tsung_controller@ip-172-31-33-214"} 1 0.0 0.0 0.0 0.0 0.0 3
stats: {recvpackets,"tsung_controller@ip-172-31-33-214"} 1 277.0 0.0 850 277 689.0 2
stats: {sentpackets,"tsung_controller@ip-172-31-33-214"} 1 90.0 0.0 1540 90 1120.5 2
stats: {cpu,"tsung_controller@ip-172-31-33-214"} 1 0.0031231131191571757 0.0 0.017354519592382094 0.0031231131191571757 0.014807545996274549 3
stats: session 5 23577.169400000002 4494.670633068394 29078.772 9133.328 14879.846999999998 10
stats: users_count 0 23
stats: finish_users_count 5 15
stats: request 17 680.6568823529411 923.975177593748 2221.051 4.962 212.0991633986928 153
stats: connect 0 0 0 25.328 1.298 2.540391304347826 23
stats: page 16 723.2160625 936.4496477943616 2221.051 4.962 212.0991633986928 153
stats: tr_Initial_Get_Root 0 0 0 110.304 56.68 76.76479999999998 15
stats: 302 6 70
stats: tr_Redirect_Root 0 0 0 265.947 54.664 143.0862608695652 23
stats: 200 11 100
stats: tr_Get_Root 0 0 0 57.964 57.847 57.9055 2
stats: size_rcv 243565 1575868
stats: tr_Post_New_Comment_On_Post 0 0 0 40.229 9.891 21.704666666666668 6
stats: size_sent 8995 92904
stats: tr_Get_Post 0 0 0 2144.945 1243.25 1698.6495000000002 6
stats: connected -5 8
stats: tr_Redirect_To_Post 5 2096.5098000000003 63.550302244442534 2221.244 1374.786 1660.181142857143 7
stats: tr_Get_Logout 0 0 0 15.858 6.741 10.012 4
stats: tr_Post_New_Comment_On_Comment 2 34.064499999999995 4.9765 39.041 10.257 16.287 4
stats: tr_Get_Conversations 1 15.623 0.0 24.482 15.623 24.482 1
stats: tr_Authenticate_User 0 0 0 10363.472 529.449 3872.9253043478266 23
stats: tr_Get_Login 1 6.107 0.0 12.351 6.107 8.841666666666667 3
stats: tr_Post_Login 1 129.101 0.0 143.954 129.101 138.81633333333335 3
stats: tr_Get_New_Conversation 1 637.111 0.0 649.459 637.111 649.459 1
stats: tr_Post_New_Conversation 1 32.509 0.0 38.598 32.509 38.598 1
stats: tr_Redirect_To_New_Conversation 1 35.898 0 35.898 35.898 0 0
stats: tr_Redirect_To_Same_Conversation 1 60.677 0 60.677 60.677 0 0
stats: tr_Reply_To_Conversation 1 84.472 0 84.472 84.472 0 0
stats: tr_Get_New_Book 1 10.952 0.0 14.238 8.744 11.462250000000001 4
stats: tr_Redirect_To_New_Book 0 0 0 83.532 14.499 36.983 4
stats: tr_Post_New_Book 1 21.773 0.0 51.387 7.282 30.27875 4
# stats: dump at 1575852497
stats: users 6 22
stats: {freemem,"tsung_controller@ip-172-31-33-214"} 1 379624.60546875 0.0 379639.25390625 379623.07421875 379630.1982421875 4
stats: {load,"tsung_controller@ip-172-31-33-214"} 1 0.0 0.0 0.0 0.0 0.0 4
stats: {recvpackets,"tsung_controller@ip-172-31-33-214"} 1 169.0 0.0 850 169 551.6666666666666 3
stats: {sentpackets,"tsung_controller@ip-172-31-33-214"} 1 54.0 0.0 1540 54 777.0 3
stats: {cpu,"tsung_controller@ip-172-31-33-214"} 1 0.0020820103892318425 0.0 0.017354519592382094 0.0020820103892318425 0.011886437776995206 4
stats: session 2 30895.3325 1278.174500000001 32173.507 9133.328 17778.954466666666 15
stats: users_count 0 23
stats: finish_users_count 2 17
stats: request 4 39.7865 16.52866392815826 2221.051 4.962 258.95493529411766 170
stats: connect 0 0 0 25.328 1.298 2.540391304347826 23
stats: page 3 53.11533333333333 37.88146803150879 2221.051 4.962 260.48892899408287 169
stats: tr_Initial_Get_Root 0 0 0 110.304 56.68 76.76479999999998 15
stats: 302 1 71
stats: tr_Redirect_Root 0 0 0 265.947 54.664 143.0862608695652 23
stats: 200 3 103
stats: tr_Get_Root 0 0 0 57.964 57.847 57.9055 2
stats: size_rcv 6673 1582541
stats: tr_Post_New_Comment_On_Post 0 0 0 40.229 9.891 21.704666666666668 6
stats: size_sent 2125 95029
stats: tr_Get_Post 0 0 0 2144.945 1243.25 1698.6495000000002 6
stats: connected -2 6
stats: tr_Redirect_To_Post 0 0 0 2221.244 1374.786 1841.9847500000003 12
stats: tr_Get_Logout 0 0 0 15.858 6.741 10.012 4
stats: tr_Post_New_Comment_On_Comment 0 0 0 39.041 10.257 22.212833333333332 6
stats: tr_Get_Conversations 0 0 0 24.482 15.623 20.0525 2
stats: tr_Authenticate_User 0 0 0 10363.472 529.449 3872.9253043478266 23
stats: tr_Get_Login 0 0 0 12.351 6.107 8.158 4
stats: tr_Post_Login 0 0 0 143.954 129.101 136.38750000000002 4
stats: tr_Get_New_Conversation 0 0 0 649.459 637.111 643.285 2
stats: tr_Post_New_Conversation 0 0 0 38.598 32.509 35.5535 2
stats: tr_Redirect_To_New_Conversation 1 42.278 0.0 42.278 35.898 35.898 1
stats: tr_Redirect_To_Same_Conversation 1 45.398 0.0 60.677 45.398 60.677 1
stats: tr_Reply_To_Conversation 1 58.826 0.0 84.472 58.826 84.472 1
stats: tr_Get_New_Book 0 0 0 14.238 8.744 11.3602 5
stats: tr_Redirect_To_New_Book 1 13.439 0.0 83.532 13.439 36.983 4
stats: tr_Post_New_Book 0 0 0 51.387 7.282 28.5776 5
# stats: dump at 1575852507
stats: users 6 22
stats: {freemem,"tsung_controller@ip-172-31-33-214"} 1 379613.91796875 0.0 379639.25390625 379613.91796875 379629.0796875 5
stats: {load,"tsung_controller@ip-172-31-33-214"} 1 0.0 0.0 0.0 0.0 0.0 5
stats: {recvpackets,"tsung_controller@ip-172-31-33-214"} 1 19.0 0.0 850 19 456.0 4
stats: {sentpackets,"tsung_controller@ip-172-31-33-214"} 1 16.0 0.0 1540 16 596.25 4
stats: {cpu,"tsung_controller@ip-172-31-33-214"} 1 0.006244925997626928 0.0 0.017354519592382094 0.0020820103892318425 0.009925552299442534 5
stats: session 0 0 0 32173.507 9133.328 19322.05776470588 17
stats: users_count 0 23
stats: finish_users_count 0 17
stats: request 0 0 0 2221.051 4.962 253.91658045977013 174
stats: connect 0 0 0 25.328 1.298 2.540391304347826 23
stats: page 0 0 0 2221.051 4.962 256.87194767441866 172
stats: tr_Initial_Get_Root 0 0 0 110.304 56.68 76.76479999999998 15
stats: 302 0 71
stats: tr_Redirect_Root 0 0 0 265.947 54.664 143.0862608695652 23
stats: 200 0 103
stats: tr_Get_Root 0 0 0 57.964 57.847 57.9055 2
stats: size_rcv 0 1582541
stats: tr_Post_New_Comment_On_Post 0 0 0 40.229 9.891 21.704666666666668 6
stats: size_sent 0 95029
stats: tr_Get_Post 0 0 0 2144.945 1243.25 1698.6495000000002 6
stats: connected 0 6
stats: tr_Redirect_To_Post 0 0 0 2221.244 1374.786 1841.9847500000003 12
stats: tr_Get_Logout 0 0 0 15.858 6.741 10.012 4
stats: tr_Post_New_Comment_On_Comment 0 0 0 39.041 10.257 22.212833333333332 6
stats: tr_Get_Conversations 0 0 0 24.482 15.623 20.0525 2
stats: tr_Authenticate_User 0 0 0 10363.472 529.449 3872.9253043478266 23
stats: tr_Get_Login 0 0 0 12.351 6.107 8.158 4
stats: tr_Post_Login 0 0 0 143.954 129.101 136.38750000000002 4
stats: tr_Get_New_Conversation 0 0 0 649.459 637.111 643.285 2
stats: tr_Post_New_Conversation 0 0 0 38.598 32.509 35.5535 2
stats: tr_Redirect_To_New_Conversation 0 0 0 42.278 35.898 39.088 2
stats: tr_Redirect_To_Same_Conversation 0 0 0 60.677 45.398 53.0375 2
stats: tr_Reply_To_Conversation 0 0 0 84.472 58.826 71.649 2
stats: tr_Get_New_Book 0 0 0 14.238 8.744 11.3602 5
stats: tr_Redirect_To_New_Book 0 0 0 83.532 13.439 32.27419999999999 5
stats: tr_Post_New_Book 0 0 0 51.387 7.282 28.5776 5
# stats: dump at 1575852517
stats: users 6 22
stats: {freemem,"tsung_controller@ip-172-31-33-214"} 1 379614.0390625 0.0 379639.25390625 379613.91796875 379626.552734375 6
stats: {load,"tsung_controller@ip-172-31-33-214"} 1 0.0 0.0 0.0 0.0 0.0 6
stats: {recvpackets,"tsung_controller@ip-172-31-33-214"} 1 1.0 0.0 850 1 368.6 5
stats: {sentpackets,"tsung_controller@ip-172-31-33-214"} 1 1.0 0.0 1540 1 480.2 5
stats: {cpu,"tsung_controller@ip-172-31-33-214"} 1 0.0 0.0 0.017354519592382094 0.0 0.009312114582473266 6
stats: session 0 0 0 32173.507 9133.328 19322.05776470588 17
stats: users_count 0 23
stats: finish_users_count 0 17
stats: request 1 60023.218 0.0 60023.218 4.962 253.91658045977013 174
stats: connect 0 0 0 25.328 1.298 2.540391304347826 23
stats: page 1 60023.218 0.0 60023.218 4.962 256.87194767441866 172
stats: tr_Initial_Get_Root 0 0 0 110.304 56.68 76.76479999999998 15
stats: 302 0 71
stats: tr_Redirect_Root 0 0 0 265.947 54.664 143.0862608695652 23
stats: 504 1 1
stats: tr_Get_Root 0 0 0 57.964 57.847 57.9055 2
stats: 200 0 103
stats: tr_Post_New_Comment_On_Post 0 0 0 40.229 9.891 21.704666666666668 6
stats: size_rcv 329 1582870
stats: tr_Get_Post 0 0 0 2144.945 1243.25 1698.6495000000002 6
stats: size_sent 0 95029
stats: tr_Redirect_To_Post 0 0 0 2221.244 1374.786 1841.9847500000003 12
stats: connected 0 6
stats: tr_Get_Logout 0 0 0 15.858 6.741 10.012 4
stats: tr_Post_New_Comment_On_Comment 0 0 0 39.041 10.257 22.212833333333332 6
stats: tr_Get_Conversations 0 0 0 24.482 15.623 20.0525 2
stats: tr_Authenticate_User 0 0 0 10363.472 529.449 3872.9253043478266 23
stats: tr_Get_Login 0 0 0 12.351 6.107 8.158 4
stats: tr_Post_Login 0 0 0 143.954 129.101 136.38750000000002 4
stats: tr_Get_New_Conversation 0 0 0 649.459 637.111 643.285 2
stats: tr_Post_New_Conversation 0 0 0 38.598 32.509 35.5535 2
stats: tr_Redirect_To_New_Conversation 0 0 0 42.278 35.898 39.088 2
stats: tr_Redirect_To_Same_Conversation 0 0 0 60.677 45.398 53.0375 2
stats: tr_Reply_To_Conversation 0 0 0 84.472 58.826 71.649 2
stats: tr_Get_New_Book 0 0 0 14.238 8.744 11.3602 5
stats: tr_Redirect_To_New_Book 0 0 0 83.532 13.439 32.27419999999999 5
stats: tr_Post_New_Book 0 0 0 51.387 7.282 28.5776 5
stats: tr_Get_Book 1 60023.444 0 60023.444 60023.444 0 0
# stats: dump at 1575852527
stats: users 4 22
stats: {freemem,"tsung_controller@ip-172-31-33-214"} 1 379614.0390625 0.0 379639.25390625 379613.91796875 379624.76506696426 7
stats: {load,"tsung_controller@ip-172-31-33-214"} 1 0.0 0.0 0.0 0.0 0.0 7
stats: {recvpackets,"tsung_controller@ip-172-31-33-214"} 1 14.0 0.0 850 1 307.3333333333333 6
stats: {sentpackets,"tsung_controller@ip-172-31-33-214"} 1 13.0 0.0 1540 1 400.3333333333333 6
stats: {cpu,"tsung_controller@ip-172-31-33-214"} 1 0.002081663665601549 0.0 0.017354519592382094 0.0 0.007981812499262799 7
stats: session 2 72610.9945 1479.5464999999967 74090.541 9133.328 19322.05776470588 17
stats: users_count 0 23
stats: finish_users_count 2 19
stats: request 7 17169.220571428574 27099.000151106844 60031.232 4.962 595.4554457142858 175
stats: connect 0 0 0 25.328 1.298 2.540391304347826 23
stats: page 7 17169.220571428574 27099.000151106844 60031.232 4.962 602.3421560693643 173
stats: tr_Initial_Get_Root 0 0 0 110.304 56.68 76.76479999999998 15
stats: 302 2 73
stats: tr_Redirect_Root 0 0 0 265.947 54.664 143.0862608695652 23
stats: 504 2 3
stats: tr_Get_Root 0 0 0 57.964 57.847 57.9055 2
stats: 200 3 106
stats: tr_Post_New_Comment_On_Post 0 0 0 40.229 9.891 21.704666666666668 6
stats: size_rcv 13557 1596427
stats: tr_Get_Post 0 0 0 2144.945 1243.25 1698.6495000000002 6
stats: size_sent 2904 97933
stats: tr_Redirect_To_Post 0 0 0 2221.244 1374.786 1841.9847500000003 12
stats: connected -1 5
stats: tr_Get_Logout 0 0 0 15.858 6.741 10.012 4
stats: tr_Post_New_Comment_On_Comment 0 0 0 39.041 10.257 22.212833333333332 6
stats: tr_Post_New_Post 2 27.6385 0.042500000000000426 27.681 27.596 0 0
stats: tr_Get_New_Post 2 17.52 2.7690000000000006 20.289 14.751 0 0
stats: tr_Redirect_To_New_Post 1 62.023 0 62.023 62.023 0 0
stats: tr_Get_Conversations 0 0 0 24.482 15.623 20.0525 2
stats: tr_Authenticate_User 0 0 0 10363.472 529.449 3872.9253043478266 23
stats: tr_Get_Login 0 0 0 12.351 6.107 8.158 4
stats: tr_Post_Login 0 0 0 143.954 129.101 136.38750000000002 4
stats: tr_Get_New_Conversation 0 0 0 649.459 637.111 643.285 2
stats: tr_Post_New_Conversation 0 0 0 38.598 32.509 35.5535 2
stats: tr_Redirect_To_New_Conversation 0 0 0 42.278 35.898 39.088 2
stats: tr_Redirect_To_Same_Conversation 0 0 0 60.677 45.398 53.0375 2
stats: tr_Reply_To_Conversation 0 0 0 84.472 58.826 71.649 2
stats: tr_Get_New_Book 0 0 0 14.238 8.744 11.3602 5
stats: tr_Redirect_To_New_Book 0 0 0 83.532 13.439 32.27419999999999 5
stats: tr_Post_New_Book 0 0 0 51.387 7.282 28.5776 5
stats: tr_Get_Book 2 60016.656 14.75300000000243 60031.409 60001.903 60023.444 1
# stats: dump at 1575852537
stats: users 0 22
stats: {freemem,"tsung_controller@ip-172-31-33-214"} 1 379614.2578125 0.0 379639.25390625 379613.91796875 379623.42431640625 8
stats: {load,"tsung_controller@ip-172-31-33-214"} 1 0.0 0.0 0.0 0.0 0.0 8
stats: {recvpackets,"tsung_controller@ip-172-31-33-214"} 1 27.0 0.0 850 1 265.42857142857144 7
stats: {sentpackets,"tsung_controller@ip-172-31-33-214"} 1 24.0 0.0 1540 1 345.0 7
stats: {cpu,"tsung_controller@ip-172-31-33-214"} 1 0.0020820970881872225 0.0 0.017354519592382094 0.0 0.007244293895055143 8
stats: session 4 72850.7245 6183.119224565969 83361.462 9133.328 24931.41952631579 19
stats: users_count 0 23
stats: finish_users_count 4 23
stats: request 16 11278.320687499998 23407.360354261185 60031.232 4.962 1232.9079505494508 182
stats: connect 0 0 0 25.328 1.298 2.540391304347826 23
stats: page 16 11278.320687499998 23407.360354261185 60031.232 4.962 1246.60965 180
stats: tr_Initial_Get_Root 0 0 0 110.304 56.68 76.76479999999998 15
stats: 302 4 77
stats: tr_Redirect_Root 0 0 0 265.947 54.664 143.0862608695652 23
stats: 504 3 6
stats: tr_Get_Root 0 0 0 57.964 57.847 57.9055 2
stats: 200 9 115
stats: tr_Post_New_Comment_On_Post 0 0 0 40.229 9.891 21.704666666666668 6
stats: size_rcv 36326 1632753
stats: tr_Get_Post 0 0 0 2144.945 1243.25 1698.6495000000002 6
stats: size_sent 7415 105348
stats: tr_Redirect_To_Post 0 0 0 2221.244 1374.786 1841.9847500000003 12
stats: connected -5 0
stats: tr_Get_Logout 0 0 0 15.858 6.741 10.012 4
stats: tr_Post_New_Comment_On_Comment 0 0 0 39.041 10.257 22.212833333333332 6
stats: tr_Post_New_Post 4 19.4095 3.3234001790335155 27.681 16.165 27.6385 2
stats: tr_Get_New_Post 4 16.54225 3.717013207872686 21.293 10.864 17.52 2
stats: tr_Redirect_To_New_Post 5 59.528999999999996 14.011251807029948 76.445 43.494 62.023 1
stats: tr_Get_Conversations 0 0 0 24.482 15.623 20.0525 2
stats: tr_Authenticate_User 0 0 0 10363.472 529.449 3872.9253043478266 23
stats: tr_Get_Login 0 0 0 12.351 6.107 8.158 4
stats: tr_Post_Login 0 0 0 143.954 129.101 136.38750000000002 4
stats: tr_Get_New_Conversation 0 0 0 649.459 637.111 643.285 2
stats: tr_Post_New_Conversation 0 0 0 38.598 32.509 35.5535 2
stats: tr_Redirect_To_New_Conversation 0 0 0 42.278 35.898 39.088 2
stats: tr_Redirect_To_Same_Conversation 0 0 0 60.677 45.398 53.0375 2
stats: tr_Reply_To_Conversation 0 0 0 84.472 58.826 71.649 2
stats: tr_Get_New_Book 0 0 0 14.238 8.744 11.3602 5
stats: tr_Redirect_To_New_Book 0 0 0 83.532 13.439 32.27419999999999 5
stats: tr_Post_New_Book 0 0 0 51.387 7.282 28.5776 5
stats: tr_Get_Book 3 60004.77033333333 2.8267225230326547 60031.409 60001.314 60018.918666666665 3
# stats: dump at 1575852539
stats: users 0 22
stats: {freemem,"tsung_controller@ip-172-31-33-214"} 1 379614.55859375 0.0 379639.25390625 379613.91796875 379622.40581597225 9
stats: {load,"tsung_controller@ip-172-31-33-214"} 1 0.0 0.0 0.0 0.0 0.0 9
stats: {recvpackets,"tsung_controller@ip-172-31-33-214"} 1 44.0 0.0 850 1 235.625 8
stats: {sentpackets,"tsung_controller@ip-172-31-33-214"} 1 37.0 0.0 1540 1 304.875 8
stats: {cpu,"tsung_controller@ip-172-31-33-214"} 1 0.0010409293417162843 0.0 0.017354519592382094 0.0 0.006670716472069817 9
stats: session 0 0 0 83361.462 9133.328 33265.21169565217 23
stats: users_count 0 23
stats: finish_users_count 0 23
stats: request 0 0 0 60031.232 4.962 2044.6584747474749 198
stats: connect 0 0 0 25.328 1.298 2.540391304347826 23
stats: page 0 0 0 60031.232 4.962 2065.524836734694 196
stats: tr_Initial_Get_Root 0 0 0 110.304 56.68 76.76479999999998 15
stats: 302 0 77
stats: tr_Redirect_Root 0 0 0 265.947 54.664 143.0862608695652 23
stats: 504 0 6
stats: tr_Get_Root 0 0 0 57.964 57.847 57.9055 2
stats: 200 0 115
stats: tr_Post_New_Comment_On_Post 0 0 0 40.229 9.891 21.704666666666668 6
stats: size_rcv 0 1632753
stats: tr_Get_Post 0 0 0 2144.945 1243.25 1698.6495000000002 6
stats: size_sent 0 105348
stats: tr_Redirect_To_Post 0 0 0 2221.244 1374.786 1841.9847500000003 12
stats: connected 0 0
stats: tr_Get_Logout 0 0 0 15.858 6.741 10.012 4
stats: tr_Post_New_Comment_On_Comment 0 0 0 39.041 10.257 22.212833333333332 6
stats: tr_Post_New_Post 0 0 0 27.681 16.165 22.152500000000003 6
stats: tr_Get_New_Post 0 0 0 21.293 10.864 16.868166666666667 6
stats: tr_Redirect_To_New_Post 0 0 0 76.445 43.494 59.94466666666667 6
stats: tr_Get_Conversations 0 0 0 24.482 15.623 20.0525 2
stats: tr_Authenticate_User 0 0 0 10363.472 529.449 3872.9253043478266 23
stats: tr_Get_Login 0 0 0 12.351 6.107 8.158 4
stats: tr_Post_Login 0 0 0 143.954 129.101 136.38750000000002 4
stats: tr_Get_New_Conversation 0 0 0 649.459 637.111 643.285 2
stats: tr_Post_New_Conversation 0 0 0 38.598 32.509 35.5535 2
stats: tr_Redirect_To_New_Conversation 0 0 0 42.278 35.898 39.088 2
stats: tr_Redirect_To_Same_Conversation 0 0 0 60.677 45.398 53.0375 2
stats: tr_Reply_To_Conversation 0 0 0 84.472 58.826 71.649 2
stats: tr_Get_New_Book 0 0 0 14.238 8.744 11.3602 5
stats: tr_Redirect_To_New_Book 0 0 0 83.532 13.439 32.27419999999999 5
stats: tr_Post_New_Book 0 0 0 51.387 7.282 28.5776 5
stats: tr_Get_Book 0 0 0 60031.409 60001.314 60011.8445 6
EndMonitor:{1575,852539,65368}
