# timestamp userid sessionid requestid event transaction name
1575461546.345691 5 1 27 match_stop tr_Post_New_Book -
1575461546.520948 2 1 27 match_stop tr_Post_New_Book -
1575461546.726105 10 1 27 match_stop tr_Post_New_Book -
1575461548.554938 7 1 27 match_stop tr_Post_New_Book -
1575461548.812139 17 1 27 match_stop tr_Post_New_Book -
1575461548.920587 8 1 27 match_stop tr_Post_New_Book -
1575461549.014436 9 1 27 match_stop tr_Post_New_Book -
1575461550.350661 11 1 27 match_stop tr_Post_New_Book -
1575461551.426595 22 1 27 match_stop tr_Post_New_Book -
1575461551.985318 20 1 27 match_stop tr_Post_New_Book -
1575461552.708723 12 1 27 match_stop tr_Post_New_Book -
1575461552.988566 3 1 27 match_stop tr_Post_New_Book -
1575461553.762172 26 1 27 match_stop tr_Post_New_Book -
1575461553.922406 13 1 27 match_stop tr_Post_New_Book -
1575461553.998222 19 1 27 match_stop tr_Post_New_Book -
1575461554.350445 6 1 27 match_stop tr_Post_New_Book -
1575461554.369668 1 1 27 match_stop tr_Post_New_Book -
1575461555.118227 21 1 27 match_stop tr_Post_New_Book -
1575461555.495403 16 1 27 match_stop tr_Post_New_Book -
1575461556.260062 28 1 27 match_stop tr_Post_New_Book -
1575461556.938012 18 1 27 match_stop tr_Post_New_Book -
1575461557.648157 29 1 27 match_stop tr_Post_New_Book -
1575461557.706175 15 1 27 match_stop tr_Post_New_Book -
1575461557.723024 24 1 27 match_stop tr_Post_New_Book -
1575461560.602266 23 1 27 match_stop tr_Post_New_Book -
1575461562.077631 4 1 27 match_stop tr_Post_New_Book -
1575461562.463416 41 1 27 match_stop tr_Post_New_Book -
1575461563.338177 27 1 27 match_stop tr_Post_New_Book -
1575461566.653864 32 1 27 match_stop tr_Post_New_Book -
1575461567.472988 34 1 27 match_stop tr_Post_New_Book -
1575461568.077023 35 1 27 match_stop tr_Post_New_Book -
1575461568.201608 46 1 27 match_stop tr_Post_New_Book -
1575461568.731823 44 1 27 match_stop tr_Post_New_Book -
1575461569.119916 38 1 27 match_stop tr_Post_New_Book -
1575461572.551178 45 1 27 match_stop tr_Post_New_Book -
1575461573.593500 53 1 27 match_stop tr_Post_New_Book -
1575461578.351959 42 1 27 match_stop tr_Post_New_Book -
1575461583.110434 50 1 27 match_stop tr_Post_New_Book -
1575461583.616098 124 1 6 match_stop tr_Get_Register -
1575461583.619838 139 1 6 match_stop tr_Get_Register -
1575461583.630161 257 1 2 match_stop tr_Get_Root -
1575461583.814490 80 1 17 match_stop tr_Redirect_Root -
1575461583.999029 129 1 6 match_stop tr_Get_Register -
1575461584.023486 136 1 6 match_stop tr_Get_Register -
1575461584.030971 137 1 6 match_stop tr_Get_Register -
1575461584.084335 263 1 2 match_stop tr_Get_Root -
1575461584.094357 261 1 2 match_stop tr_Get_Root -
1575461584.094743 262 1 2 match_stop tr_Get_Root -
1575461584.271567 266 1 2 match_stop tr_Get_Root -
1575461584.284376 54 1 27 match_stop tr_Post_New_Book -
1575461584.331686 269 1 2 match_stop tr_Get_Root -
1575461584.347974 270 1 2 match_stop tr_Get_Root -
1575461584.351195 134 1 6 match_stop tr_Get_Register -
1575461584.367944 141 1 6 match_stop tr_Get_Register -
1575461584.370950 125 1 6 match_stop tr_Get_Register -
1575461584.415609 271 1 2 match_stop tr_Get_Root -
1575461584.438093 87 1 17 match_stop tr_Redirect_Root -
1575461584.456452 92 1 13 match_stop tr_Post_Register -
1575461584.478597 272 1 2 match_stop tr_Get_Root -
1575461584.513505 105 1 6 match_stop tr_Get_Register -
1575461584.529461 273 1 2 match_stop tr_Get_Root -
1575461584.698491 135 1 6 match_stop tr_Get_Register -
1575461584.849824 278 1 2 match_stop tr_Get_Root -
1575461584.850106 276 1 2 match_stop tr_Get_Root -
1575461584.850249 277 1 2 match_stop tr_Get_Root -
1575461584.850334 275 1 2 match_stop tr_Get_Root -
1575461584.850368 274 1 2 match_stop tr_Get_Root -
1575461584.864475 70 1 21 match_stop tr_Get_New_Book -
1575461584.881502 280 1 2 match_stop tr_Get_Root -
1575461585.021321 282 1 2 match_stop tr_Get_Root -
1575461585.042384 14 1 27 match_stop tr_Post_New_Book -
1575461585.252803 49 1 27 match_stop tr_Post_New_Book -
1575461585.290032 287 1 2 match_stop tr_Get_Root -
1575461585.362694 133 1 6 match_stop tr_Get_Register -
1575461585.480515 47 1 27 match_stop tr_Post_New_Book -
1575461585.486180 37 1 27 match_stop tr_Post_New_Book -
1575461585.532581 145 1 6 match_stop tr_Get_Register -
1575461585.550703 112 1 13 match_stop tr_Post_Register -
1575461585.583228 290 1 2 match_stop tr_Get_Root -
1575461585.583914 289 1 2 match_stop tr_Get_Root -
1575461585.658444 291 1 2 match_stop tr_Get_Root -
1575461585.667497 115 1 13 match_stop tr_Post_Register -
1575461585.817497 123 1 6 match_stop tr_Get_Register -
1575461585.828339 131 1 6 match_stop tr_Get_Register -
1575461586.140400 298 1 2 match_stop tr_Get_Root -
1575461586.195370 300 1 2 match_stop tr_Get_Root -
1575461586.233337 301 1 2 match_stop tr_Get_Root -
1575461586.236231 302 1 2 match_stop tr_Get_Root -
1575461586.290708 138 1 6 match_stop tr_Get_Register -
1575461586.325693 304 1 2 match_stop tr_Get_Root -
1575461586.404715 306 1 2 match_stop tr_Get_Root -
1575461586.446172 307 1 2 match_stop tr_Get_Root -
1575461586.479449 309 1 2 match_stop tr_Get_Root -
1575461586.484645 310 1 2 match_stop tr_Get_Root -
1575461586.493318 311 1 2 match_stop tr_Get_Root -
1575461586.551547 126 1 6 match_stop tr_Get_Register -
1575461586.666319 312 1 2 match_stop tr_Get_Root -
1575461586.684442 60 1 21 match_stop tr_Get_New_Book -
1575461586.739436 313 1 2 match_stop tr_Get_Root -
1575461586.740523 36 1 27 match_stop tr_Post_New_Book -
1575461586.830817 314 1 2 match_stop tr_Get_Root -
1575461586.869658 316 1 2 match_stop tr_Get_Root -
1575461586.909331 317 1 2 match_stop tr_Get_Root -
1575461586.909537 63 1 21 match_stop tr_Get_New_Book -
1575461586.991565 147 1 6 match_stop tr_Get_Register -
1575461587.065632 149 1 6 match_stop tr_Get_Register -
1575461587.176212 39 1 27 match_stop tr_Post_New_Book -
1575461587.664084 43 1 27 match_stop tr_Post_New_Book -
1575461587.991488 329 1 2 match_stop tr_Get_Root -
1575461588.005410 152 1 6 match_stop tr_Get_Register -
1575461588.176828 30 1 27 match_stop tr_Post_New_Book -
1575461588.354286 79 1 17 match_stop tr_Redirect_Root -
1575461588.438509 154 1 6 match_stop tr_Get_Register -
1575461588.443399 168 1 6 match_stop tr_Get_Register -
1575461588.448672 335 1 2 match_stop tr_Get_Root -
1575461588.670539 337 1 2 match_stop tr_Get_Root -
1575461588.680381 98 1 13 match_stop tr_Post_Register -
1575461588.692411 140 1 6 match_stop tr_Get_Register -
1575461588.701416 169 1 6 match_stop tr_Get_Register -
1575461588.702417 156 1 6 match_stop tr_Get_Register -
1575461588.765856 339 1 2 match_stop tr_Get_Root -
1575461588.785352 91 1 13 match_stop tr_Post_Register -
1575461588.816179 341 1 2 match_stop tr_Get_Root -
1575461588.931211 342 1 2 match_stop tr_Get_Root -
1575461588.947467 343 1 2 match_stop tr_Get_Root -
1575461588.962512 344 1 2 match_stop tr_Get_Root -
1575461589.203479 345 1 2 match_stop tr_Get_Root -
1575461589.259437 81 1 21 match_stop tr_Get_New_Book -
1575461589.278132 51 1 27 match_stop tr_Post_New_Book -
1575461589.345796 347 1 2 match_stop tr_Get_Root -
1575461589.357530 348 1 2 match_stop tr_Get_Root -
1575461589.446420 350 1 2 match_stop tr_Get_Root -
1575461589.530236 104 1 13 match_stop tr_Post_Register -
1575461589.547400 351 1 2 match_stop tr_Get_Root -
1575461589.573367 164 1 6 match_stop tr_Get_Register -
1575461589.610279 40 1 27 match_stop tr_Post_New_Book -
1575461589.704536 354 1 2 match_stop tr_Get_Root -
1575461589.704557 355 1 2 match_stop tr_Get_Root -
1575461589.767465 356 1 2 match_stop tr_Get_Root -
1575461589.851777 357 1 2 match_stop tr_Get_Root -
1575461589.857546 89 1 17 match_stop tr_Redirect_Root -
1575461589.869670 117 1 13 match_stop tr_Post_Register -
1575461589.872544 358 1 2 match_stop tr_Get_Root -
1575461589.958370 360 1 2 match_stop tr_Get_Root -
1575461590.026444 361 1 2 match_stop tr_Get_Root -
1575461590.073238 363 1 2 match_stop tr_Get_Root -
1575461590.086998 173 1 6 match_stop tr_Get_Register -
1575461590.179990 128 1 13 match_stop tr_Post_Register -
1575461590.219340 171 1 6 match_stop tr_Get_Register -
1575461590.322313 366 1 2 match_stop tr_Get_Root -
1575461590.328837 177 1 6 match_stop tr_Get_Register -
1575461590.383890 120 1 13 match_stop tr_Post_Register -
1575461590.589478 368 1 2 match_stop tr_Get_Root -
1575461590.689706 75 1 27 match_stop tr_Post_New_Book -
1575461590.693560 369 1 2 match_stop tr_Get_Root -
1575461590.731562 370 1 2 match_stop tr_Get_Root -
1575461590.837984 372 1 2 match_stop tr_Get_Root -
1575461590.838176 371 1 2 match_stop tr_Get_Root -
1575461590.862437 121 1 13 match_stop tr_Post_Register -
1575461590.884560 373 1 2 match_stop tr_Get_Root -
1575461590.901392 374 1 2 match_stop tr_Get_Root -
1575461591.117631 130 1 13 match_stop tr_Post_Register -
1575461591.133420 377 1 2 match_stop tr_Get_Root -
1575461591.199581 160 1 6 match_stop tr_Get_Register -
1575461591.213438 95 1 17 match_stop tr_Redirect_Root -
1575461591.242693 379 1 2 match_stop tr_Get_Root -
1575461591.260374 176 1 6 match_stop tr_Get_Register -
1575461591.299453 380 1 2 match_stop tr_Get_Root -
1575461591.324501 57 1 27 match_stop tr_Post_New_Book -
1575461591.352487 127 1 13 match_stop tr_Post_Register -
1575461591.416514 383 1 2 match_stop tr_Get_Root -
1575461591.436438 102 1 13 match_stop tr_Post_Register -
1575461591.450063 384 1 2 match_stop tr_Get_Root -
1575461591.457906 385 1 2 match_stop tr_Get_Root -
1575461591.521973 25 1 27 match_stop tr_Post_New_Book -
1575461591.805351 390 1 2 match_stop tr_Get_Root -
1575461591.871582 391 1 2 match_stop tr_Get_Root -
1575461592.039581 393 1 2 match_stop tr_Get_Root -
1575461592.039591 394 1 2 match_stop tr_Get_Root -
1575461592.053577 185 1 6 match_stop tr_Get_Register -
1575461592.202341 396 1 2 match_stop tr_Get_Root -
1575461592.224445 101 1 13 match_stop tr_Post_Register -
1575461592.398458 397 1 2 match_stop tr_Get_Root -
1575461592.414373 398 1 2 match_stop tr_Get_Root -
1575461592.491424 399 1 2 match_stop tr_Get_Root -
1575461592.518394 400 1 2 match_stop tr_Get_Root -
1575461592.557162 401 1 2 match_stop tr_Get_Root -
1575461592.584501 186 1 6 match_stop tr_Get_Register -
1575461592.594560 402 1 2 match_stop tr_Get_Root -
1575461592.798375 404 1 2 match_stop tr_Get_Root -
1575461592.804801 155 1 6 match_stop tr_Get_Register -
1575461592.846591 83 1 17 match_stop tr_Redirect_Root -
1575461592.883385 187 1 6 match_stop tr_Get_Register -
1575461593.187464 166 1 6 match_stop tr_Get_Register -
1575461593.211833 406 1 2 match_stop tr_Get_Root -
1575461593.243177 407 1 2 match_stop tr_Get_Root -
1575461593.357429 409 1 2 match_stop tr_Get_Root -
1575461593.404863 410 1 2 match_stop tr_Get_Root -
1575461593.416968 191 1 6 match_stop tr_Get_Register -
1575461593.431344 411 1 2 match_stop tr_Get_Root -
1575461593.484817 192 1 6 match_stop tr_Get_Register -
1575461593.491799 179 1 6 match_stop tr_Get_Register -
1575461593.501851 412 1 2 match_stop tr_Get_Root -
1575461593.601863 413 1 2 match_stop tr_Get_Root -
1575461593.644722 414 1 2 match_stop tr_Get_Root -
1575461593.644923 415 1 2 match_stop tr_Get_Root -
1575461593.654246 416 1 2 match_stop tr_Get_Root -
1575461593.692502 184 1 6 match_stop tr_Get_Register -
1575461593.707869 417 1 2 match_stop tr_Get_Root -
1575461593.720183 418 1 2 match_stop tr_Get_Root -
1575461593.722628 96 1 17 match_stop tr_Redirect_Root -
1575461593.726427 419 1 2 match_stop tr_Get_Root -
1575461593.733458 420 1 2 match_stop tr_Get_Root -
1575461593.849302 423 1 2 match_stop tr_Get_Root -
1575461593.879535 107 1 17 match_stop tr_Redirect_Root -
1575461593.917554 183 1 6 match_stop tr_Get_Register -
1575461593.921747 424 1 2 match_stop tr_Get_Root -
1575461593.923243 425 1 2 match_stop tr_Get_Root -
1575461593.985490 426 1 2 match_stop tr_Get_Root -
1575461594.014719 159 1 6 match_stop tr_Get_Register -
1575461594.044399 427 1 2 match_stop tr_Get_Root -
1575461594.077314 428 1 2 match_stop tr_Get_Root -
1575461594.102795 103 1 13 match_stop tr_Post_Register -
1575461594.162501 94 1 17 match_stop tr_Redirect_Root -
1575461594.196091 189 1 6 match_stop tr_Get_Register -
1575461594.214483 429 1 2 match_stop tr_Get_Root -
1575461594.221376 76 1 21 match_stop tr_Get_New_Book -
1575461594.231254 430 1 2 match_stop tr_Get_Root -
1575461594.313484 432 1 2 match_stop tr_Get_Root -
1575461594.343329 434 1 2 match_stop tr_Get_Root -
1575461594.344531 58 1 21 match_stop tr_Get_New_Book -
1575461594.493385 48 1 27 match_stop tr_Post_New_Book -
1575461594.568293 198 1 6 match_stop tr_Get_Register -
1575461594.568761 435 1 2 match_stop tr_Get_Root -
1575461594.613373 436 1 2 match_stop tr_Get_Root -
1575461594.622260 437 1 2 match_stop tr_Get_Root -
1575461594.685916 438 1 2 match_stop tr_Get_Root -
1575461594.685916 182 1 6 match_stop tr_Get_Register -
1575461594.705602 439 1 2 match_stop tr_Get_Root -
1575461594.718459 440 1 2 match_stop tr_Get_Root -
1575461594.793695 442 1 2 match_stop tr_Get_Root -
1575461594.885423 443 1 2 match_stop tr_Get_Root -
1575461594.904401 71 1 21 match_stop tr_Get_New_Book -
1575461594.972942 108 1 17 match_stop tr_Redirect_Root -
1575461594.979329 445 1 2 match_stop tr_Get_Root -
1575461594.989359 446 1 2 match_stop tr_Get_Root -
1575461594.997303 196 1 6 match_stop tr_Get_Register -
1575461595.160283 448 1 2 match_stop tr_Get_Root -
1575461595.175675 449 1 2 match_stop tr_Get_Root -
1575461597.921818 69 1 27 match_stop tr_Post_New_Book -
1575461598.161813 52 1 27 match_stop tr_Post_New_Book -
1575461598.334511 33 1 27 match_stop tr_Post_New_Book -
1575461598.719093 55 1 27 match_stop tr_Post_New_Book -
1575461599.563592 61 1 27 match_stop tr_Post_New_Book -
1575461601.451360 62 1 27 match_stop tr_Post_New_Book -
1575461602.018925 65 1 27 match_stop tr_Post_New_Book -
1575461605.585066 31 1 27 match_stop tr_Post_New_Book -
1575461606.508274 56 1 27 match_stop tr_Post_New_Book -
1575461608.063623 66 1 27 match_stop tr_Post_New_Book -
1575461608.591791 74 1 27 match_stop tr_Post_New_Book -
1575461609.737979 68 1 27 match_stop tr_Post_New_Book -
1575461609.928797 59 1 27 match_stop tr_Post_New_Book -
1575461614.812886 78 1 27 match_stop tr_Post_New_Book -
1575461616.527990 64 1 27 match_stop tr_Post_New_Book -
1575461617.698560 82 1 27 match_stop tr_Post_New_Book -
1575461618.290092 77 1 27 match_stop tr_Post_New_Book -
1575461619.212122 84 1 27 match_stop tr_Post_New_Book -
1575461621.315038 73 1 27 match_stop tr_Post_New_Book -
1575461621.408783 67 1 27 match_stop tr_Post_New_Book -
1575461634.983659 85 1 27 match_stop tr_Post_New_Book -
1575461636.948006 90 1 27 match_stop tr_Post_New_Book -
1575461637.028514 72 1 27 match_stop tr_Post_New_Book -
1575461637.342277 119 1 27 match_stop tr_Post_New_Book -
1575461638.633391 86 1 27 match_stop tr_Post_New_Book -
1575461638.738879 113 1 27 match_stop tr_Post_New_Book -
1575461638.837204 122 1 27 match_stop tr_Post_New_Book -
1575461639.010886 106 1 27 match_stop tr_Post_New_Book -
1575461639.576136 88 1 27 match_stop tr_Post_New_Book -
1575461639.604332 163 1 27 match_stop tr_Post_New_Book -
1575461639.834604 93 1 27 match_stop tr_Post_New_Book -
1575461639.901625 199 1 27 match_stop tr_Post_New_Book -
1575461640.264000 153 1 27 match_stop tr_Post_New_Book -
1575461640.310778 110 1 27 match_stop tr_Post_New_Book -
1575461640.720893 99 1 27 match_stop tr_Post_New_Book -
1575461640.824073 211 1 27 match_stop tr_Post_New_Book -
1575461641.127448 178 1 27 match_stop tr_Post_New_Book -
1575461641.168062 204 1 27 match_stop tr_Post_New_Book -
1575461641.228778 170 1 27 match_stop tr_Post_New_Book -
1575461641.537931 132 1 27 match_stop tr_Post_New_Book -
1575461641.799809 151 1 27 match_stop tr_Post_New_Book -
1575461641.842110 148 1 27 match_stop tr_Post_New_Book -
1575461641.885862 205 1 27 match_stop tr_Post_New_Book -
1575461641.979013 223 1 27 match_stop tr_Post_New_Book -
1575461642.057037 116 1 27 match_stop tr_Post_New_Book -
1575461642.149511 194 1 27 match_stop tr_Post_New_Book -
1575461642.200506 146 1 27 match_stop tr_Post_New_Book -
1575461642.222809 180 1 27 match_stop tr_Post_New_Book -
1575461642.239160 210 1 27 match_stop tr_Post_New_Book -
1575461642.286533 142 1 27 match_stop tr_Post_New_Book -
1575461642.327332 181 1 27 match_stop tr_Post_New_Book -
1575461642.378630 193 1 27 match_stop tr_Post_New_Book -
1575461642.396599 230 1 27 match_stop tr_Post_New_Book -
1575461642.469052 157 1 27 match_stop tr_Post_New_Book -
1575461642.642946 111 1 27 match_stop tr_Post_New_Book -
1575461642.692467 100 1 27 match_stop tr_Post_New_Book -
1575461642.776878 233 1 27 match_stop tr_Post_New_Book -
1575461642.792412 229 1 27 match_stop tr_Post_New_Book -
1575461642.837513 242 1 27 match_stop tr_Post_New_Book -
1575461642.948599 249 1 27 match_stop tr_Post_New_Book -
1575461642.956272 237 1 27 match_stop tr_Post_New_Book -
1575461642.966911 109 1 27 match_stop tr_Post_New_Book -
1575461643.104360 161 1 27 match_stop tr_Post_New_Book -
1575461643.193890 201 1 27 match_stop tr_Post_New_Book -
1575461643.214702 143 1 27 match_stop tr_Post_New_Book -
1575461643.253962 190 1 27 match_stop tr_Post_New_Book -
1575461643.382257 174 1 27 match_stop tr_Post_New_Book -
1575461643.669858 172 1 27 match_stop tr_Post_New_Book -
1575461643.678194 234 1 27 match_stop tr_Post_New_Book -
1575461643.699607 247 1 27 match_stop tr_Post_New_Book -
1575461643.771133 114 1 27 match_stop tr_Post_New_Book -
1575461643.796173 227 1 27 match_stop tr_Post_New_Book -
1575461643.877982 97 1 27 match_stop tr_Post_New_Book -
1575461643.940961 167 1 27 match_stop tr_Post_New_Book -
1575461643.971034 118 1 27 match_stop tr_Post_New_Book -
1575461644.023585 144 1 27 match_stop tr_Post_New_Book -
1575461644.027322 264 1 27 match_stop tr_Post_New_Book -
1575461644.064533 241 1 27 match_stop tr_Post_New_Book -
1575461644.081805 295 1 27 match_stop tr_Post_New_Book -
1575461644.122006 239 1 27 match_stop tr_Post_New_Book -
1575461644.171778 246 1 27 match_stop tr_Post_New_Book -
1575461644.265549 226 1 27 match_stop tr_Post_New_Book -
1575461644.298458 224 1 27 match_stop tr_Post_New_Book -
1575461644.430901 206 1 27 match_stop tr_Post_New_Book -
1575461644.477246 250 1 27 match_stop tr_Post_New_Book -
1575461644.566003 267 1 27 match_stop tr_Post_New_Book -
1575461644.714808 251 1 27 match_stop tr_Post_New_Book -
1575461644.928910 321 1 27 match_stop tr_Post_New_Book -
1575461645.063487 235 1 27 match_stop tr_Post_New_Book -
1575461645.182809 293 1 27 match_stop tr_Post_New_Book -
1575461645.371765 323 1 27 match_stop tr_Post_New_Book -
1575461645.461728 208 1 27 match_stop tr_Post_New_Book -
1575461645.544945 243 1 27 match_stop tr_Post_New_Book -
1575461645.598238 265 1 27 match_stop tr_Post_New_Book -
1575461645.622947 285 1 27 match_stop tr_Post_New_Book -
1575461645.714381 207 1 27 match_stop tr_Post_New_Book -
1575461645.834747 256 1 27 match_stop tr_Post_New_Book -
1575461645.889328 217 1 27 match_stop tr_Post_New_Book -
1575461646.018210 297 1 27 match_stop tr_Post_New_Book -
1575461646.052741 296 1 27 match_stop tr_Post_New_Book -
1575461646.058505 219 1 27 match_stop tr_Post_New_Book -
1575461646.112067 232 1 27 match_stop tr_Post_New_Book -
1575461646.165128 209 1 27 match_stop tr_Post_New_Book -
1575461646.271631 268 1 27 match_stop tr_Post_New_Book -
1575461646.277766 228 1 27 match_stop tr_Post_New_Book -
1575461646.307023 197 1 27 match_stop tr_Post_New_Book -
1575461646.339566 212 1 27 match_stop tr_Post_New_Book -
1575461646.385194 253 1 27 match_stop tr_Post_New_Book -
1575461646.447228 162 1 27 match_stop tr_Post_New_Book -
1575461646.486442 236 1 27 match_stop tr_Post_New_Book -
1575461646.541125 308 1 27 match_stop tr_Post_New_Book -
1575461647.202997 244 1 27 match_stop tr_Post_New_Book -
1575461647.296238 214 1 27 match_stop tr_Post_New_Book -
1575461647.339507 150 1 27 match_stop tr_Post_New_Book -
1575461647.490974 320 1 27 match_stop tr_Post_New_Book -
1575461647.704140 222 1 27 match_stop tr_Post_New_Book -
1575461647.986953 213 1 27 match_stop tr_Post_New_Book -
1575461648.008243 255 1 27 match_stop tr_Post_New_Book -
1575461648.048973 324 1 27 match_stop tr_Post_New_Book -
1575461648.223466 225 1 27 match_stop tr_Post_New_Book -
1575461648.293909 158 1 27 match_stop tr_Post_New_Book -
1575461648.337929 165 1 27 match_stop tr_Post_New_Book -
1575461648.533664 286 1 27 match_stop tr_Post_New_Book -
1575461648.601153 202 1 27 match_stop tr_Post_New_Book -
1575461648.628583 303 1 27 match_stop tr_Post_New_Book -
1575461648.760865 216 1 27 match_stop tr_Post_New_Book -
1575461649.107835 299 1 27 match_stop tr_Post_New_Book -
1575461649.179138 330 1 27 match_stop tr_Post_New_Book -
1575461649.190164 254 1 27 match_stop tr_Post_New_Book -
1575461649.200771 238 1 27 match_stop tr_Post_New_Book -
1575461649.245304 259 1 27 match_stop tr_Post_New_Book -
1575461649.285684 218 1 27 match_stop tr_Post_New_Book -
1575461649.591743 260 1 27 match_stop tr_Post_New_Book -
1575461649.614113 215 1 27 match_stop tr_Post_New_Book -
1575461649.754392 294 1 27 match_stop tr_Post_New_Book -
1575461649.893508 200 1 27 match_stop tr_Post_New_Book -
1575461650.186325 195 1 27 match_stop tr_Post_New_Book -
1575461650.342253 188 1 27 match_stop tr_Post_New_Book -
1575461650.355656 281 1 27 match_stop tr_Post_New_Book -
1575461650.356013 203 1 27 match_stop tr_Post_New_Book -
1575461650.579073 284 1 27 match_stop tr_Post_New_Book -
1575461650.674939 315 1 27 match_stop tr_Post_New_Book -
1575461650.791513 231 1 27 match_stop tr_Post_New_Book -
1575461650.813428 258 1 27 match_stop tr_Post_New_Book -
1575461650.858502 327 1 27 match_stop tr_Post_New_Book -
1575461650.990779 328 1 27 match_stop tr_Post_New_Book -
1575461651.299340 331 1 27 match_stop tr_Post_New_Book -
1575461651.372210 353 1 27 match_stop tr_Post_New_Book -
1575461651.452718 292 1 27 match_stop tr_Post_New_Book -
1575461651.506058 395 1 27 match_stop tr_Post_New_Book -
1575461651.572365 283 1 27 match_stop tr_Post_New_Book -
1575461651.704654 338 1 27 match_stop tr_Post_New_Book -
1575461651.778181 387 1 27 match_stop tr_Post_New_Book -
1575461651.827348 288 1 27 match_stop tr_Post_New_Book -
1575461652.094032 332 1 27 match_stop tr_Post_New_Book -
1575461652.125309 378 1 27 match_stop tr_Post_New_Book -
1575461652.287908 319 1 27 match_stop tr_Post_New_Book -
1575461652.316390 248 1 27 match_stop tr_Post_New_Book -
1575461652.348034 362 1 27 match_stop tr_Post_New_Book -
1575461652.480077 334 1 27 match_stop tr_Post_New_Book -
1575461652.607814 349 1 27 match_stop tr_Post_New_Book -
1575461652.676172 245 1 27 match_stop tr_Post_New_Book -
1575461652.688662 441 1 27 match_stop tr_Post_New_Book -
1575461652.693604 359 1 27 match_stop tr_Post_New_Book -
1575461652.908405 252 1 27 match_stop tr_Post_New_Book -
1575461653.015216 175 1 27 match_stop tr_Post_New_Book -
1575461653.065370 388 1 27 match_stop tr_Post_New_Book -
1575461653.203367 221 1 27 match_stop tr_Post_New_Book -
1575461653.327224 376 1 27 match_stop tr_Post_New_Book -
1575461653.338473 421 1 27 match_stop tr_Post_New_Book -
1575461653.355717 431 1 27 match_stop tr_Post_New_Book -
1575461653.468207 336 1 27 match_stop tr_Post_New_Book -
1575461653.491249 375 1 27 match_stop tr_Post_New_Book -
1575461653.614269 318 1 27 match_stop tr_Post_New_Book -
1575461653.801138 367 1 27 match_stop tr_Post_New_Book -
1575461653.941184 392 1 27 match_stop tr_Post_New_Book -
1575461653.984907 389 1 27 match_stop tr_Post_New_Book -
1575461653.999399 333 1 27 match_stop tr_Post_New_Book -
1575461654.097580 346 1 27 match_stop tr_Post_New_Book -
1575461654.152302 305 1 27 match_stop tr_Post_New_Book -
1575461654.354909 220 1 27 match_stop tr_Post_New_Book -
1575461654.611969 326 1 27 match_stop tr_Post_New_Book -
1575461654.833524 279 1 27 match_stop tr_Post_New_Book -
1575461655.227698 433 1 27 match_stop tr_Post_New_Book -
1575461655.265878 408 1 27 match_stop tr_Post_New_Book -
1575461655.424075 364 1 27 match_stop tr_Post_New_Book -
1575461655.622900 422 1 27 match_stop tr_Post_New_Book -
1575461655.765500 352 1 27 match_stop tr_Post_New_Book -
1575461655.765856 381 1 27 match_stop tr_Post_New_Book -
1575461657.061984 386 1 27 match_stop tr_Post_New_Book -
1575461657.203438 450 1 27 match_stop tr_Post_New_Book -
1575461658.833718 322 1 27 match_stop tr_Post_New_Book -
1575461659.257615 325 1 27 match_stop tr_Post_New_Book -
1575461659.300906 382 1 27 match_stop tr_Post_New_Book -
1575461659.667079 405 1 27 match_stop tr_Post_New_Book -
1575461660.114173 240 1 27 match_stop tr_Post_New_Book -
1575461660.818635 403 1 27 match_stop tr_Post_New_Book -
1575461661.334971 340 1 27 match_stop tr_Post_New_Book -
1575461662.543320 365 1 27 match_stop tr_Post_New_Book -
1575461662.687488 444 1 27 match_stop tr_Post_New_Book -
1575461664.956659 447 1 27 match_stop tr_Post_New_Book -
