# stats: dump at 1575461544
stats: users 24 24
stats: {load,"tsung_controller@ip-172-31-26-119"} 1 0.23828125 0 0.23828125 0.23828125 0 0
stats: {cpu,"tsung_controller@ip-172-31-26-119"} 1 0.5840066225998737 0 0.5840066225998737 0.5840066225998737 0 0
stats: {freemem,"tsung_controller@ip-172-31-26-119"} 1 735.72265625 0 735.72265625 735.72265625 0 0
stats: users_count 24 24
stats: finish_users_count 0 0
stats: request 40 404.4482 378.9467439333132 1051.729 6.832 0 0
stats: connect 22 4.3844090909090925 13.431849905284796 65.854 1.113 0 0
stats: page 40 404.4482 378.9467439333132 1051.729 6.832 0 0
stats: tr_Get_Root 18 766.5495555555555 191.83333749615466 1051.859 452.857 0 0
stats: 302 5 5
stats: tr_Redirect_Root 2 639.3240000000001 191.84799999999998 831.172 447.476 0 0
stats: match 40 40
stats: tr_Get_Register 14 11.911857142857144 4.460155776541936 25.249 7.006 0 0
stats: 200 35 35
stats: tr_Post_Register 5 175.2022 41.06053010568665 239.336 140.41 0 0
stats: size_rcv 1908643 1908643
stats: tr_Get_New_Book 1 69.029 0 69.029 69.029 0 0
stats: size_sent 12084 12084
stats: connected 22 22
# stats: dump at 1575461554
stats: users 27 31
stats: {load,"tsung_controller@ip-172-31-26-119"} 1 0.19921875 0.0 0.23828125 0.19921875 0.23828125 1
stats: {recvpackets,"tsung_controller@ip-172-31-26-119"} 1 1713 0 1713 1713 0 0
stats: {sentpackets,"tsung_controller@ip-172-31-26-119"} 1 443 0 443 443 0 0
stats: {cpu,"tsung_controller@ip-172-31-26-119"} 1 0.400200100050025 0.0 0.5840066225998737 0.400200100050025 0.5840066225998737 1
stats: {freemem,"tsung_controller@ip-172-31-26-119"} 1 726.84375 0.0 735.72265625 726.84375 735.72265625 1
stats: session 17 10526.751882352939 3226.2046009638907 18087.484 6504.682 0 0
stats: users_count 20 44
stats: finish_users_count 17 17
stats: request 117 427.5708376068376 554.7462472465552 2009.922 6.832 404.4482 40
stats: connect 21 1.5958571428571424 1.0177354547141968 65.854 1.022 4.3844090909090925 22
stats: page 117 427.5708376068376 554.7462472465552 2009.922 6.832 404.4482 40
stats: 302 23 28
stats: tr_Get_Root 18 1234.6993888888887 439.02694010696206 2010.048 452.857 766.5495555555555 18
stats: match_stop 15 15
stats: tr_Redirect_Root 22 992.4727727272729 406.9825286789383 1820.915 447.476 639.3240000000001 2
stats: match 102 142
stats: tr_Get_Register 18 31.61905555555555 44.62260464591687 162.613 7.006 11.911857142857144 14
stats: 200 79 114
stats: tr_Post_Register 23 210.3135217391305 67.05219762884902 380.329 137.24 175.2022 5
stats: size_rcv 3875153 5783796
stats: tr_Get_New_Book 21 15.285190476190476 6.759416730395262 69.029 8.888 69.029 1
stats: 422 15 15
stats: tr_Post_New_Book 15 17.379266666666663 13.874753093138471 63.885 7.904 0 0
stats: nomatch 15 15
stats: newphase 1 1
stats: size_sent 57269 69353
stats: connected 6 28
# stats: dump at 1575461564
stats: users 62 63
stats: {load,"tsung_controller@ip-172-31-26-119"} 1 0.171875 0.0 0.23828125 0.171875 0.21875 2
stats: {recvpackets,"tsung_controller@ip-172-31-26-119"} 1 3296.0 0.0 3296 1713 1713.0 1
stats: {sentpackets,"tsung_controller@ip-172-31-26-119"} 1 838.0 0.0 838 443 443.0 1
stats: {cpu,"tsung_controller@ip-172-31-26-119"} 1 0.7984031936127743 0.0 0.7984031936127743 0.400200100050025 0.49210336132494936 2
stats: {freemem,"tsung_controller@ip-172-31-26-119"} 1 719.20703125 0.0 735.72265625 719.20703125 731.283203125 2
stats: session 11 14439.903454545456 4274.672561949753 24846.135 6504.682 10526.751882352939 17
stats: users_count 46 90
stats: finish_users_count 11 28
stats: page 106 896.9587264150945 1325.220384916201 5662.071 6.832 421.67971974522294 157
stats: 302 26 54
stats: request 106 896.9587264150945 1325.220384916201 5662.071 6.832 421.67971974522294 157
stats: connect 47 2.5653829787234046 5.47443039513698 65.854 1.022 3.022558139534884 43
stats: tr_Get_Root 26 2351.4501538461536 1273.1630535261893 5042.32 452.857 1000.624472222222 36
stats: match_stop 13 28
stats: tr_Redirect_Root 7 2931.9812857142856 1654.9424560903892 5662.223 447.476 963.0437083333335 24
stats: match 93 235
stats: tr_Get_Register 26 29.93219230769231 43.58246455065582 209.93 7.006 22.997156249999996 32
stats: 200 67 181
stats: tr_Post_Register 26 362.73307692307696 187.75099453857717 942.434 137.24 204.0436428571429 28
stats: size_rcv 3199673 8983469
stats: tr_Get_New_Book 8 168.578625 302.98021195984796 922.308 8.888 17.72809090909091 22
stats: 422 13 28
stats: tr_Post_New_Book 13 144.45323076923077 209.7534987309385 729.689 7.474 17.379266666666663 15
stats: nomatch 13 28
stats: newphase 0 1
stats: size_sent 57193 126546
stats: connected 34 62
# stats: dump at 1575461574
stats: users 131 131
stats: {load,"tsung_controller@ip-172-31-26-119"} 1 0.140625 0.0 0.23828125 0.140625 0.203125 3
stats: {recvpackets,"tsung_controller@ip-172-31-26-119"} 1 2580.0 0.0 3296 1713 2504.5 2
stats: {sentpackets,"tsung_controller@ip-172-31-26-119"} 1 730.0 0.0 838 443 640.5 2
stats: {cpu,"tsung_controller@ip-172-31-26-119"} 1 0.7014028056112225 0.0 0.7984031936127743 0.400200100050025 0.5942033054208911 3
stats: {freemem,"tsung_controller@ip-172-31-26-119"} 1 717.0078125 0.0 735.72265625 717.0078125 727.2578125 3
stats: session 8 15574.480749999999 1264.7068381255149 24846.135 6504.682 12064.061428571427 28
stats: users_count 77 167
stats: finish_users_count 8 36
stats: connect 73 2.498054794520548 4.877084357750438 65.854 0.95 2.783811111111112 90
stats: request 105 4359.97782857143 4143.680579805521 10987.475 6.832 613.2370380228137 263
stats: page 105 4359.97782857143 4143.680579805521 10987.475 6.832 613.2370380228137 263
stats: tr_Get_Root 29 8370.883379310346 1583.2242010545397 10829.541 452.857 1567.099758064516 62
stats: 302 18 72
stats: tr_Redirect_Root 21 8749.650999999998 1498.980286858115 10987.588 447.476 1407.6425161290324 31
stats: match_stop 8 36
stats: tr_Get_Register 21 464.03885714285707 662.7134736687663 1885.462 7.006 26.10596551724138 58
stats: match 97 332
stats: tr_Post_Register 18 776.9593333333333 564.6780184287915 1955.975 137.24 280.4496666666667 54
stats: 200 79 260
stats: tr_Get_New_Book 8 351.086625 298.2603359889383 1111.125 8.888 57.954899999999995 30
stats: size_rcv 4775042 13758511
stats: tr_Post_New_Book 8 597.4465 746.0099971412916 2045.995 7.474 76.37789285714287 28
stats: 422 8 36
stats: nomatch 8 36
stats: newphase 1 2
stats: size_sent 56017 182563
stats: connected 65 127
# stats: dump at 1575461584
stats: users 213 220
stats: {load,"tsung_controller@ip-172-31-26-119"} 1 0.12109375 0.0 0.23828125 0.12109375 0.1875 4
stats: {recvpackets,"tsung_controller@ip-172-31-26-119"} 1 3868.0 0.0 3868 1713 2529.6666666666665 3
stats: {sentpackets,"tsung_controller@ip-172-31-26-119"} 1 1114.0 0.0 1114 443 670.3333333333334 3
stats: {cpu,"tsung_controller@ip-172-31-26-119"} 1 2.0337301587301586 0.0 2.0337301587301586 0.400200100050025 0.6210031804684739 4
stats: {freemem,"tsung_controller@ip-172-31-26-119"} 1 705.17578125 0.0 735.72265625 705.17578125 724.6953125 4
stats: session 22 11271.1625 9621.960259329237 27759.977 4.039 12844.154611111111 36
stats: users_count 104 271
stats: finish_users_count 22 58
stats: request 115 7441.707965217395 3365.4142595993994 12704.554 0.822 1682.2799266304353 368
stats: connect 97 11.25576288659794 32.547989493635356 198.7 0.95 2.655834355828221 163
stats: page 115 7441.707965217395 3365.4142595993994 12704.554 0.822 1682.2799266304353 368
stats: tr_Get_Root 49 10101.470795918367 1879.3901078724487 12704.739 2.814 3735.3384945054945 91
stats: 302 10 82
stats: tr_Redirect_Root 15 9249.850266666665 2641.1885256783785 11663.933 1.066 4372.684403846153 52
stats: match_stop 9 45
stats: tr_Get_Register 26 3888.628423076924 2081.047889352218 5903.189 1.0 142.5185063291139 79
stats: match 106 438
stats: tr_Post_Register 10 5076.1287 805.2879268867813 6146.189 137.24 404.57708333333335 72
stats: 200 96 356
stats: tr_Get_New_Book 13 4668.092153846154 884.6758160047486 5902.011 8.888 119.66684210526316 38
stats: size_rcv 5895302 19653813
stats: tr_Post_New_Book 2 4773.130999999999 833.7560000000001 5606.887 7.474 192.17091666666667 36
stats: 422 2 38
stats: nomatch 9 45
stats: newphase 1 3
stats: 502 7 7
stats: size_sent 60015 242578
stats: connected 88 215
# stats: dump at 1575461594
stats: users 203 223
stats: {load,"tsung_controller@ip-172-31-26-119"} 1 0.1015625 0.0 0.23828125 0.1015625 0.17421875 5
stats: {recvpackets,"tsung_controller@ip-172-31-26-119"} 1 4683.0 0.0 4683 1713 2864.25 4
stats: {sentpackets,"tsung_controller@ip-172-31-26-119"} 1 1411.0 0.0 1411 443 781.25 4
stats: {cpu,"tsung_controller@ip-172-31-26-119"} 1 1.444223107569721 0.0 2.0337301587301586 0.400200100050025 0.9035485761208107 5
stats: {freemem,"tsung_controller@ip-172-31-26-119"} 1 690.77734375 0.0 735.72265625 690.77734375 720.79140625 5
stats: session 173 9718.624369942201 12411.457936732217 47038.419 3.322 12247.502431034483 58
stats: users_count 163 434
stats: finish_users_count 173 231
stats: request 283 4616.713268551233 5946.745326762117 16702.486 0.73 3053.572316770187 483
stats: page 283 4616.713268551233 5946.745326762117 16702.486 0.73 3053.572316770187 483
stats: connect 168 13.744916666666663 37.1623833189616 211.167 0.942 5.8642692307692315 260
stats: 302 10 92
stats: tr_Get_Root 157 5057.138318471337 6887.869512503476 16702.589 1.882 5963.4848 140
stats: match_stop 177 222
stats: tr_Redirect_Root 13 6540.408307692309 7069.7840673478895 14868.274 0.89 5464.587208955223 67
stats: match 106 544
stats: tr_Get_Register 59 3046.8806949152545 3846.892475060627 10422.668 0.888 1070.1266761904765 105
stats: 200 96 452
stats: tr_Post_Register 24 3530.48575 4213.4196188871565 10485.161 1.004 974.2785 82
stats: size_rcv 5866312 25520125
stats: tr_Get_New_Book 16 5673.787499999999 3359.827955999775 9448.064 1.038 1279.0693725490196 51
stats: 422 10 48
stats: tr_Post_New_Book 14 5164.88364285714 3332.472928437563 8913.466 0.892 433.2740789473684 38
stats: nomatch 177 222
stats: newphase 0 3
stats: 502 167 174
stats: size_sent 73336 315914
stats: connected -9 206
# stats: dump at 1575461604
stats: users 194 223
stats: {load,"tsung_controller@ip-172-31-26-119"} 1 0.08984375 0.0 0.23828125 0.08984375 0.162109375 6
stats: {recvpackets,"tsung_controller@ip-172-31-26-119"} 1 5184.0 0.0 5184 1713 3228.0 5
stats: {sentpackets,"tsung_controller@ip-172-31-26-119"} 1 2088.0 0.0 2088 443 907.2 5
stats: {cpu,"tsung_controller@ip-172-31-26-119"} 1 3.0830432620586774 0.0 3.0830432620586774 0.400200100050025 0.9936609980289625 6
stats: {freemem,"tsung_controller@ip-172-31-26-119"} 1 684.39453125 0.0 735.72265625 684.39453125 715.7890625 6
stats: session 25 18084.561 18984.212987581082 47038.419 3.217 10353.580766233768 231
stats: users_count 16 450
stats: finish_users_count 25 256
stats: request 128 12519.312867187498 6778.029923360949 20871.348 0.73 3631.077394255874 766
stats: page 128 12519.312867187498 6778.029923360949 20871.348 0.73 3631.077394255874 766
stats: connect 22 1.4501363636363638 1.1765718420847817 211.167 0.942 8.957607476635513 428
stats: tr_Get_Root 72 13849.36508333333 7479.598026297086 20871.485 1.882 5484.37235016835 297
stats: 302 13 105
stats: tr_Redirect_Root 7 12453.466 7894.817932583932 17835.73 0.89 5639.4081375 80
stats: match_stop 34 256
stats: tr_Get_Register 21 10304.176904761905 5037.648351242839 13685.299 0.888 1781.2759878048782 164
stats: match 94 638
stats: tr_Post_Register 14 12072.532142857142 3485.1209911014134 14231.421 1.004 1553.0424056603774 106
stats: 200 81 533
stats: tr_Get_New_Book 6 6062.373166666667 6100.986485716345 13508.126 0.995 2328.554298507462 67
stats: size_rcv 5784316 31304441
stats: tr_Post_New_Book 8 12048.521624999998 773.424662303146 13379.426 0.892 1707.1689615384607 52
stats: 422 8 56
stats: nomatch 34 256
stats: newphase 0 3
stats: 502 26 200
stats: size_sent 43045 358959
stats: connected -12 194
# stats: dump at 1575461614
stats: users 188 223
stats: {load,"tsung_controller@ip-172-31-26-119"} 1 0.0703125 0.0 0.23828125 0.0703125 0.15178571428571427 7
stats: {recvpackets,"tsung_controller@ip-172-31-26-119"} 1 4428.0 0.0 5184 1713 3554.0 6
stats: {sentpackets,"tsung_controller@ip-172-31-26-119"} 1 877.0 0.0 2088 443 1104.0 6
stats: {cpu,"tsung_controller@ip-172-31-26-119"} 1 1.1964107676969093 0.0 3.0830432620586774 0.400200100050025 1.292144178604636 7
stats: {freemem,"tsung_controller@ip-172-31-26-119"} 1 677.7578125 0.0 735.72265625 677.7578125 711.3041294642857 7
stats: session 6 50992.887333333325 1752.6199987975774 54152.615 3.217 11108.559304687502 256
stats: users_count 0 450
stats: finish_users_count 6 262
stats: request 201 10781.228014925378 7199.330387682484 25925.33 0.73 4903.665918344518 894
stats: page 201 10781.228014925378 7199.330387682484 25925.33 0.73 4903.665918344518 894
stats: connect 0 0 0 211.167 0.942 8.590575555555553 450
stats: tr_Get_Root 46 22126.397326086957 1149.5880498876832 24502.816 1.882 7116.566054200542 369
stats: 302 44 149
stats: tr_Redirect_Root 4 22461.88625 2012.3416722296918 25925.49 0.89 6187.665666666666 87
stats: match_stop 6 262
stats: tr_Get_Register 94 7287.949521276599 3453.745499283279 13824.688 0.888 2748.7404162162165 185
stats: match 195 833
stats: tr_Post_Register 44 6077.125 2971.796721796643 14231.421 1.004 2780.3162083333327 120
stats: 200 151 684
stats: tr_Get_New_Book 7 6325.787285714286 2634.903150577738 13508.126 0.995 2635.443520547945 73
stats: size_rcv 4935251 36239692
stats: tr_Post_New_Book 6 10444.239333333331 3040.703807179332 13735.591 0.892 3086.0159833333323 60
stats: 422 6 62
stats: nomatch 6 262
stats: newphase 0 3
stats: 502 0 200
stats: size_sent 97358 456317
stats: connected -6 188
# stats: dump at 1575461624
stats: users 181 223
stats: {load,"tsung_controller@ip-172-31-26-119"} 1 0.05859375 0.0 0.23828125 0.05859375 0.1416015625 8
stats: {recvpackets,"tsung_controller@ip-172-31-26-119"} 1 3505.0 0.0 5184 1713 3678.8571428571427 7
stats: {sentpackets,"tsung_controller@ip-172-31-26-119"} 1 959.0 0.0 2088 443 1071.5714285714287 7
stats: {cpu,"tsung_controller@ip-172-31-26-119"} 1 1.4992503748125936 0.0 3.0830432620586774 0.400200100050025 1.28017750224117 8
stats: {freemem,"tsung_controller@ip-172-31-26-119"} 1 663.33984375 0.0 735.72265625 663.33984375 707.11083984375 8
stats: session 7 58321.528714285705 2931.5861407408665 62850.236 3.217 12021.940862595422 262
stats: users_count 0 450
stats: finish_users_count 7 269
stats: connect 0 0 0 211.167 0.942 8.590575555555553 450
stats: request 131 12416.047206106874 10398.10451212078 30457.573 0.73 5982.560878538813 1095
stats: tr_Get_Root 34 28440.712264705875 1521.940903015685 30457.701 1.882 8780.306387951807 415
stats: page 131 12416.047206106874 10398.10451212078 30457.573 0.73 5982.560878538813 1095
stats: 302 63 212
stats: tr_Redirect_Root 7 23374.016428571427 4421.331521161241 29906.649 0.89 6903.016021978022 91
stats: match_stop 7 269
stats: tr_Get_Register 20 5882.405049999999 1054.7949770224295 13824.688 0.888 4278.079684587815 279
stats: match 124 957
stats: tr_Post_Register 63 5398.406238095236 913.6606363145406 14231.421 1.004 3664.825884146341 164
stats: 200 61 745
stats: tr_Get_New_Book 0 0 0 13508.126 0.995 2958.3486 80
stats: size_rcv 3910366 40150058
stats: tr_Post_New_Book 7 5454.053857142856 948.3438811473139 13735.591 0.892 3754.945378787878 66
stats: 422 7 69
stats: nomatch 7 269
stats: newphase 0 3
stats: 502 0 200
stats: size_sent 75832 532149
stats: connected -7 181
# stats: dump at 1575461634
stats: users 181 223
stats: {load,"tsung_controller@ip-172-31-26-119"} 1 0.05078125 0.0 0.23828125 0.05078125 0.1323784722222222 9
stats: {recvpackets,"tsung_controller@ip-172-31-26-119"} 1 3218.0 0.0 5184 1713 3657.125 8
stats: {sentpackets,"tsung_controller@ip-172-31-26-119"} 1 757.0 0.0 2088 443 1057.5 8
stats: {cpu,"tsung_controller@ip-172-31-26-119"} 1 0.9481037924151697 0.0 3.0830432620586774 0.400200100050025 1.3045189325268838 9
stats: {freemem,"tsung_controller@ip-172-31-26-119"} 1 658.26171875 0.0 735.72265625 658.26171875 702.2473958333334 9
stats: session 0 0 0 62850.236 3.217 13226.762851301117 269
stats: users_count 0 450
stats: finish_users_count 0 269
stats: connect 0 0 0 211.167 0.942 8.590575555555553 450
stats: request 112 13240.696910714281 4812.435747007029 30457.573 0.73 6669.988862969006 1226
stats: page 112 13240.696910714281 4812.435747007029 30457.573 0.73 6669.988862969006 1226
stats: tr_Get_Root 1 30419.543 0.0 30457.701 1.882 10269.067634743873 449
stats: 302 24 236
stats: tr_Redirect_Root 53 17534.16383018867 2149.9992756547863 29906.649 0.89 8079.516051020408 98
stats: match_stop 0 269
stats: tr_Get_Register 27 8929.120962962961 800.070686339488 13824.688 0.888 4385.392418060202 299
stats: match 112 1069
stats: tr_Post_Register 24 9127.597833333331 970.342421138095 14231.421 1.004 4145.9517092511005 227
stats: 200 88 833
stats: tr_Get_New_Book 7 9014.468714285715 746.7997536006011 13508.126 0.995 2958.3486 80
stats: size_rcv 5161372 45311430
stats: tr_Post_New_Book 0 0 0 13735.591 0.892 3917.873589041095 73
stats: 422 0 69
stats: nomatch 0 269
stats: newphase 0 3
stats: 502 0 200
stats: size_sent 53792 585941
stats: connected 0 181
# stats: dump at 1575461644
stats: users 117 223
stats: {load,"tsung_controller@ip-172-31-26-119"} 1 0.0390625 0.0 0.23828125 0.0390625 0.12421875 10
stats: {recvpackets,"tsung_controller@ip-172-31-26-119"} 1 3932.0 0.0 5184 1713 3608.3333333333335 9
stats: {sentpackets,"tsung_controller@ip-172-31-26-119"} 1 851.0 0.0 2088 443 1024.111111111111 9
stats: {cpu,"tsung_controller@ip-172-31-26-119"} 1 1.097804391217565 0.0 3.0830432620586774 0.400200100050025 1.2688774185157123 10
stats: {freemem,"tsung_controller@ip-172-31-26-119"} 1 654.66015625 0.0 735.72265625 654.66015625 697.848828125 10
stats: session 64 67319.87343749999 5520.776384433366 78088.942 3.217 13226.762851301117 269
stats: users_count 0 450
stats: finish_users_count 64 333
stats: request 230 8040.47776956521 6635.617975149848 30457.573 0.73 7220.003288490284 1338
stats: connect 0 0 0 211.167 0.942 8.590575555555553 450
stats: page 230 8040.47776956521 6635.617975149848 30457.573 0.73 7220.003288490284 1338
stats: tr_Get_Root 0 0 0 30457.701 1.882 10313.846468888885 450
stats: 302 35 271
stats: tr_Redirect_Root 49 20421.39751020409 1830.489006799456 29906.649 0.89 11398.034807947017 151
stats: match_stop 61 330
stats: tr_Get_Register 5 6681.3338 1371.5169426786392 13824.688 0.888 4761.7134938650315 326
stats: match 169 1238
stats: tr_Post_Register 35 5558.144114285717 1471.1984693458367 14231.421 1.004 4622.284406374501 251
stats: 200 134 967
stats: tr_Get_New_Book 80 4972.497575000003 1410.97236859861 13508.126 0.995 3445.622632183908 87
stats: size_rcv 4920442 50231872
stats: tr_Post_New_Book 61 3655.220262295081 962.5173155070072 13735.591 0.892 3917.873589041095 73
stats: 422 61 130
stats: nomatch 61 330
stats: newphase 0 3
stats: 502 0 200
stats: size_sent 94851 680792
stats: connected -61 120
# stats: dump at 1575461654
stats: users 20 223
stats: {load,"tsung_controller@ip-172-31-26-119"} 1 0.0390625 0.0 0.23828125 0.0390625 0.11647727272727272 11
stats: {recvpackets,"tsung_controller@ip-172-31-26-119"} 1 4065.0 0.0 5184 1713 3640.7 10
stats: {sentpackets,"tsung_controller@ip-172-31-26-119"} 1 1109.0 0.0 2088 443 1006.8 10
stats: {cpu,"tsung_controller@ip-172-31-26-119"} 1 2.376237623762376 0.0 3.0830432620586774 0.400200100050025 1.2533253251249716 11
stats: {freemem,"tsung_controller@ip-172-31-26-119"} 1 652.1484375 0.0 735.72265625 652.1484375 693.9225852272727 11
stats: session 97 64927.15560824743 4179.238294790239 78088.942 3.217 23623.036357357356 333
stats: users_count 0 450
stats: finish_users_count 97 430
stats: request 256 4072.895566406245 6731.570652938723 30457.573 0.73 7340.353499362244 1568
stats: connect 0 0 0 211.167 0.942 8.590575555555553 450
stats: page 256 4072.895566406245 6731.570652938723 30457.573 0.73 7340.353499362244 1568
stats: tr_Get_Root 0 0 0 30457.701 1.882 10313.846468888885 450
stats: 302 0 271
stats: tr_Redirect_Root 71 14025.974014084504 5072.3701350118345 29906.649 0.89 13608.758670000001 200
stats: match_stop 99 429
stats: tr_Get_Register 0 0 0 13824.688 0.888 4790.710779456193 331
stats: match 157 1395
stats: tr_Post_Register 0 0 0 14231.421 1.004 4736.812692307692 286
stats: 200 157 1124
stats: tr_Get_New_Book 86 276.08845348837207 516.3956753284689 13508.126 0.995 4177.059730538924 167
stats: size_rcv 7061405 57293277
stats: tr_Post_New_Book 99 233.55808080808083 427.08921356963447 13735.591 0.892 3798.3075223880587 134
stats: 422 99 229
stats: nomatch 99 429
stats: newphase 0 3
stats: 502 0 200
stats: size_sent 100119 780911
stats: connected -99 21
# stats: dump at 1575461664
stats: users 1 223
stats: {load,"tsung_controller@ip-172-31-26-119"} 1 0.109375 0.0 0.23828125 0.0390625 0.11002604166666667 12
stats: {recvpackets,"tsung_controller@ip-172-31-26-119"} 1 4809.0 0.0 5184 1713 3679.2727272727275 11
stats: {sentpackets,"tsung_controller@ip-172-31-26-119"} 1 1.3e3 0.0 2088 443 1016.0909090909091 11
stats: {cpu,"tsung_controller@ip-172-31-26-119"} 1 0.949050949050949 0.0 3.0830432620586774 0.400200100050025 1.3469013500114217 12
stats: {freemem,"tsung_controller@ip-172-31-26-119"} 1 667.27734375 0.0 735.72265625 652.1484375 690.44140625 12
stats: session 19 67366.79436842105 4243.820608935655 78088.942 3.217 32940.47721162791 430
stats: users_count 0 450
stats: finish_users_count 19 449
stats: request 28 9.859035714285715 3.5183884245300936 30457.573 0.73 6881.7629122807 1824
stats: connect 0 0 0 211.167 0.942 8.590575555555553 450
stats: page 28 9.859035714285715 3.5183884245300936 30457.573 0.73 6881.7629122807 1824
stats: tr_Get_Root 0 0 0 30457.701 1.882 10313.846468888885 450
stats: 302 0 271
stats: tr_Redirect_Root 0 0 0 29906.649 0.89 13718.06601107011 271
stats: match_stop 20 449
stats: tr_Get_Register 0 0 0 13824.688 0.888 4790.710779456193 331
stats: match 8 1403
stats: tr_Post_Register 0 0 0 14231.421 1.004 4736.812692307692 286
stats: 200 8 1132
stats: tr_Get_New_Book 8 13.22425 4.9968705393976345 13508.126 0.995 2851.037873517788 253
stats: size_rcv 56672 57349949
stats: tr_Post_New_Book 20 8.790350000000004 1.320465647981802 13735.591 0.892 2283.6714935622313 233
stats: 422 20 249
stats: nomatch 20 449
stats: newphase 0 3
stats: 502 0 200
stats: size_sent 17300 798211
stats: connected -20 1
# stats: dump at 1575461665
stats: users 0 223
stats: {load,"tsung_controller@ip-172-31-26-119"} 1 0.08984375 0.0 0.23828125 0.0390625 0.10997596153846154 13
stats: {recvpackets,"tsung_controller@ip-172-31-26-119"} 1 81.0 0.0 5184 81 3773.4166666666665 12
stats: {sentpackets,"tsung_controller@ip-172-31-26-119"} 1 80.0 0.0 2088 80 1039.75 12
stats: {cpu,"tsung_controller@ip-172-31-26-119"} 1 0.2 0.0 3.0830432620586774 0.2 1.3162974730144623 13
stats: {freemem,"tsung_controller@ip-172-31-26-119"} 1 675.328125 0.0 735.72265625 652.1484375 688.6595552884615 13
stats: session 1 69808.967 0.0 78088.942 3.217 34397.27014253898 449
stats: users_count 0 450
stats: finish_users_count 1 450
stats: request 1 9.955 0.0 30457.573 0.73 6777.868037257018 1852
stats: connect 0 0 0 211.167 0.942 8.590575555555553 450
stats: page 1 9.955 0.0 30457.573 0.73 6777.868037257018 1852
stats: tr_Get_Root 0 0 0 30457.701 1.882 10313.846468888885 450
stats: 302 0 271
stats: tr_Redirect_Root 0 0 0 29906.649 0.89 13718.06601107011 271
stats: match_stop 1 450
stats: tr_Get_Register 0 0 0 13824.688 0.888 4790.710779456193 331
stats: match 0 1403
stats: tr_Post_Register 0 0 0 14231.421 1.004 4736.812692307692 286
stats: 200 0 1132
stats: tr_Get_New_Book 0 0 0 13508.126 0.995 2764.055080459771 261
stats: size_rcv 1960 57351909
stats: tr_Post_New_Book 1 10.132 0.0 13735.591 0.892 2103.838992094861 253
stats: 422 1 250
stats: nomatch 1 450
stats: newphase 0 3
stats: 502 0 200
stats: size_sent 700 798911
stats: connected -1 0
EndMonitor:{1575,461665,698983}
