
=INFO REPORT==== 6-Dec-2019::12:31:29 ===
    ts_config_server:(5:<0.102.0>) Config server started, logdir is "/home/ec2-user/.tsung/log/20191206-1231"
 
=INFO REPORT==== 6-Dec-2019::12:31:29 ===
              ts_mon:(5:<0.83.0>) starting monitor, global 

=INFO REPORT==== 6-Dec-2019::12:31:29 ===
           ts_config:(5:<0.102.0>) Reading config file: no-abort.xml

=INFO REPORT==== 6-Dec-2019::12:31:29 ===
           ts_config:(5:<0.102.0>) Session name for id 1 is "Register-Logout-Login"

=INFO REPORT==== 6-Dec-2019::12:31:29 ===
           ts_config:(5:<0.102.0>) Session name for id 2 is "Create-Book"

=INFO REPORT==== 6-Dec-2019::12:31:29 ===
           ts_config:(5:<0.102.0>) Session name for id 3 is "Create-Post"

=INFO REPORT==== 6-Dec-2019::12:31:29 ===
           ts_config:(5:<0.102.0>) Session name for id 4 is "Add_Comment"

=INFO REPORT==== 6-Dec-2019::12:31:29 ===
           ts_config:(5:<0.102.0>) Session name for id 5 is "Send-Message"

=INFO REPORT==== 6-Dec-2019::12:31:29 ===
    ts_config_server:(4:<0.102.0>) SYSINFO:Tsung version: 1.7.0

=INFO REPORT==== 6-Dec-2019::12:31:29 ===
    ts_config_server:(4:<0.102.0>) SYSINFO:Erlang version: Erlang/OTP 20 [erts-9.1] [source] [64-bit] [smp:2:2] [ds:2:2:10] [async-threads:8] [hipe] [kernel-poll:true]


=INFO REPORT==== 6-Dec-2019::12:31:29 ===
    ts_config_server:(4:<0.102.0>) SYSINFO:System architecture x86_64-unknown-linux-gnu

=INFO REPORT==== 6-Dec-2019::12:31:29 ===
    ts_config_server:(4:<0.102.0>) SYSINFO:Current path: /usr/local/lib/tsung/tsung-1.7.0/ebin/tsung.beam

=INFO REPORT==== 6-Dec-2019::12:31:29 ===
              ts_mon:(5:<0.103.0>) Activate clients with text backend

=INFO REPORT==== 6-Dec-2019::12:31:29 ===
              ts_mon:(5:<0.103.0>) Starting tsung clients on hosts: [localhost]

=INFO REPORT==== 6-Dec-2019::12:31:29 ===
    ts_config_server:(5:<0.102.0>) Start a launcher on the controller beam localhost

=INFO REPORT==== 6-Dec-2019::12:31:29 ===
  ts_launcher_static:(5:<0.154.0>) Launch msg receive ("localhost")

=INFO REPORT==== 6-Dec-2019::12:31:29 ===
         ts_launcher:(5:<0.155.0>) Launch msg receive ("localhost")

=INFO REPORT==== 6-Dec-2019::12:31:29 ===
    ts_config_server:(5:<0.102.0>) New arrival phase 1 for client "localhost" (last ? true): will start 30 users

=INFO REPORT==== 6-Dec-2019::12:31:29 ===
    ts_config_server:(5:<0.102.0>) New arrival phase 2 for client "localhost" (last ? true): will start 60 users

=INFO REPORT==== 6-Dec-2019::12:31:29 ===
    ts_config_server:(5:<0.102.0>) New arrival phase 3 for client "localhost" (last ? true): will start 120 users

=INFO REPORT==== 6-Dec-2019::12:31:29 ===
    ts_config_server:(5:<0.102.0>) New arrival phase 4 for client "localhost" (last ? true): will start 240 users

=INFO REPORT==== 6-Dec-2019::12:31:29 ===
    ts_config_server:(5:<0.102.0>) New arrival phase 5 for client "localhost" (last ? true): will start 480 users

=INFO REPORT==== 6-Dec-2019::12:31:29 ===
         ts_launcher:(5:<0.155.0>) Expected duration of first phase: 15.0 sec (30 users) 

=INFO REPORT==== 6-Dec-2019::12:31:29 ===
         ts_launcher:(5:<0.155.0>) Activate launcher (30 users) in 1773 msec 

=INFO REPORT==== 6-Dec-2019::12:31:41 ===
         ts_launcher:(4:<0.155.0>) Need to wait 4.154 sec before changing phase, going to sleep

=INFO REPORT==== 6-Dec-2019::12:31:45 ===
         ts_launcher:(5:<0.155.0>) Waking up

=INFO REPORT==== 6-Dec-2019::12:31:45 ===
         ts_launcher:(5:<0.155.0>) Wait for all sessions to finish before starting next phase (still 26 sessions active)
=INFO REPORT==== 6-Dec-2019::12:31:50 ===
         ts_launcher:(5:<0.155.0>) Wait for all sessions to finish before starting next phase (still 19 sessions active)
=INFO REPORT==== 6-Dec-2019::12:31:55 ===
         ts_launcher:(5:<0.155.0>) Wait for all sessions to finish before starting next phase (still 8 sessions active)
=INFO REPORT==== 6-Dec-2019::12:32:00 ===
         ts_launcher:(5:<0.155.0>) Wait for all sessions to finish before starting next phase (still 4 sessions active)
=INFO REPORT==== 6-Dec-2019::12:32:05 ===
         ts_launcher:(5:<0.155.0>) Wait for all sessions to finish before starting next phase (still 2 sessions active)
=INFO REPORT==== 6-Dec-2019::12:32:10 ===
         ts_launcher:(5:<0.155.0>) Wait for all sessions to finish before starting next phase (still 1 sessions active)
=INFO REPORT==== 6-Dec-2019::12:32:15 ===
         ts_launcher:(5:<0.155.0>) Start a new arrival phase (60 users, 0.004); expected duration=15.0 sec

=INFO REPORT==== 6-Dec-2019::12:32:30 ===
         ts_launcher:(5:<0.155.0>) Phase duration exceeded, but not all users were launched (4 users, 6.7% of phase)

=INFO REPORT==== 6-Dec-2019::12:32:30 ===
         ts_launcher:(5:<0.155.0>) Wait for all sessions to finish before starting next phase (still 51 sessions active)
=INFO REPORT==== 6-Dec-2019::12:32:35 ===
         ts_launcher:(5:<0.155.0>) Wait for all sessions to finish before starting next phase (still 43 sessions active)
=INFO REPORT==== 6-Dec-2019::12:32:40 ===
         ts_launcher:(5:<0.155.0>) Wait for all sessions to finish before starting next phase (still 26 sessions active)
=INFO REPORT==== 6-Dec-2019::12:32:45 ===
         ts_launcher:(5:<0.155.0>) Wait for all sessions to finish before starting next phase (still 11 sessions active)
=INFO REPORT==== 6-Dec-2019::12:32:50 ===
         ts_launcher:(5:<0.155.0>) Wait for all sessions to finish before starting next phase (still 7 sessions active)
=INFO REPORT==== 6-Dec-2019::12:32:55 ===
         ts_launcher:(5:<0.155.0>) Wait for all sessions to finish before starting next phase (still 4 sessions active)
=INFO REPORT==== 6-Dec-2019::12:33:00 ===
         ts_launcher:(5:<0.155.0>) Wait for all sessions to finish before starting next phase (still 2 sessions active)
=INFO REPORT==== 6-Dec-2019::12:33:05 ===
         ts_launcher:(5:<0.155.0>) Start a new arrival phase (120 users, 0.008); expected duration=15.0 sec

=INFO REPORT==== 6-Dec-2019::12:33:20 ===
         ts_launcher:(4:<0.155.0>) Need to wait 0.52 sec before changing phase, going to sleep

=INFO REPORT==== 6-Dec-2019::12:33:20 ===
         ts_launcher:(5:<0.155.0>) Waking up

=INFO REPORT==== 6-Dec-2019::12:33:20 ===
         ts_launcher:(5:<0.155.0>) Wait for all sessions to finish before starting next phase (still 112 sessions active)
=INFO REPORT==== 6-Dec-2019::12:33:25 ===
         ts_launcher:(5:<0.155.0>) Wait for all sessions to finish before starting next phase (still 95 sessions active)
=INFO REPORT==== 6-Dec-2019::12:33:30 ===
         ts_launcher:(5:<0.155.0>) Wait for all sessions to finish before starting next phase (still 55 sessions active)
=INFO REPORT==== 6-Dec-2019::12:33:35 ===
         ts_launcher:(5:<0.155.0>) Wait for all sessions to finish before starting next phase (still 30 sessions active)
=INFO REPORT==== 6-Dec-2019::12:33:40 ===
         ts_launcher:(5:<0.155.0>) Wait for all sessions to finish before starting next phase (still 11 sessions active)
=INFO REPORT==== 6-Dec-2019::12:33:45 ===
         ts_launcher:(5:<0.155.0>) Wait for all sessions to finish before starting next phase (still 3 sessions active)
=INFO REPORT==== 6-Dec-2019::12:33:50 ===
         ts_launcher:(5:<0.155.0>) Wait for all sessions to finish before starting next phase (still 2 sessions active)
=INFO REPORT==== 6-Dec-2019::12:33:55 ===
         ts_launcher:(5:<0.155.0>) Wait for all sessions to finish before starting next phase (still 2 sessions active)
=INFO REPORT==== 6-Dec-2019::12:34:00 ===
         ts_launcher:(5:<0.155.0>) Wait for all sessions to finish before starting next phase (still 1 sessions active)
=INFO REPORT==== 6-Dec-2019::12:34:05 ===
         ts_launcher:(5:<0.155.0>) Start a new arrival phase (240 users, 0.016); expected duration=15.0 sec

=INFO REPORT==== 6-Dec-2019::12:34:20 ===
         ts_launcher:(5:<0.155.0>) Phase duration exceeded, but not all users were launched (9 users, 3.8% of phase)

=INFO REPORT==== 6-Dec-2019::12:34:20 ===
         ts_launcher:(5:<0.155.0>) Wait for all sessions to finish before starting next phase (still 208 sessions active)
=INFO REPORT==== 6-Dec-2019::12:34:25 ===
         ts_launcher:(5:<0.155.0>) Wait for all sessions to finish before starting next phase (still 156 sessions active)
=INFO REPORT==== 6-Dec-2019::12:34:29 ===
    alarm_handler: {set,{system_memory_high_watermark,[]}}

=INFO REPORT==== 6-Dec-2019::12:34:30 ===
         ts_launcher:(5:<0.155.0>) Wait for all sessions to finish before starting next phase (still 90 sessions active)
=INFO REPORT==== 6-Dec-2019::12:34:35 ===
         ts_launcher:(5:<0.155.0>) Wait for all sessions to finish before starting next phase (still 40 sessions active)
=INFO REPORT==== 6-Dec-2019::12:34:40 ===
         ts_launcher:(5:<0.155.0>) Wait for all sessions to finish before starting next phase (still 14 sessions active)
=INFO REPORT==== 6-Dec-2019::12:34:45 ===
         ts_launcher:(5:<0.155.0>) Wait for all sessions to finish before starting next phase (still 2 sessions active)
=INFO REPORT==== 6-Dec-2019::12:34:50 ===
         ts_launcher:(5:<0.155.0>) Start a new arrival phase (480 users, 0.032); expected duration=15.0 sec

=INFO REPORT==== 6-Dec-2019::12:35:05 ===
         ts_launcher:(5:<0.155.0>) This was the last phase, wait for connected users to finish their session

=INFO REPORT==== 6-Dec-2019::12:35:29 ===
    alarm_handler: {clear,system_memory_high_watermark}

=INFO REPORT==== 6-Dec-2019::12:35:50 ===
     ts_launcher_mgr:(5:<0.149.0>) No more active users 'tsung_controller@ip-172-31-24-18' "2338"
