# stats: dump at 1575635499
stats: users 23 23
stats: {cpu,"tsung_controller@ip-172-31-24-18"} 1 0.7490683462443586 0 0.7490683462443586 0.7490683462443586 0 0
stats: {load,"tsung_controller@ip-172-31-24-18"} 1 0.0 0 0.0 0.0 0 0
stats: {freemem,"tsung_controller@ip-172-31-24-18"} 1 735.1328125 0 735.1328125 735.1328125 0 0
stats: users_count 23 23
stats: finish_users_count 0 0
stats: request 61 138.09485245901647 128.49382544479423 752.691 7.102 0 0
stats: connect 23 3.180608695652175 5.75201848684163 26.974 1.088 0 0
stats: page 61 138.09485245901647 128.49382544479423 752.691 7.102 0 0
stats: tr_Initial_Get_Root 19 151.9633684210526 21.896011023905764 217.877 123.925 0 0
stats: 302 17 17
stats: tr_Redirect_Root 6 135.0691666666667 30.584729699730154 172.909 92.658 0 0
stats: 200 44 44
stats: tr_Post_New_Comment_On_Post 1 59.478 0 59.478 59.478 0 0
stats: size_rcv 507795 507795
stats: tr_Get_Post 1 778.873 0 778.873 778.873 0 0
stats: size_sent 25363 25363
stats: tr_Get_New_Post 1 76.686 0 76.686 76.686 0 0
stats: connected 23 23
stats: tr_Authenticate_User 7 2017.636857142857 628.8731780513525 3140.037 1311.654 0 0
stats: tr_Get_Book 1 554.812 0 554.812 554.812 0 0
# stats: dump at 1575635509
stats: users 22 29
stats: {recvpackets,"tsung_controller@ip-172-31-24-18"} 1 658 0 658 658 0 0
stats: {sentpackets,"tsung_controller@ip-172-31-24-18"} 1 334 0 334 334 0 0
stats: {cpu,"tsung_controller@ip-172-31-24-18"} 1 0.400200100050025 0.0 0.7490683462443586 0.400200100050025 0.7490683462443586 1
stats: {load,"tsung_controller@ip-172-31-24-18"} 1 0.0 0.0 0.0 0.0 0.0 1
stats: {freemem,"tsung_controller@ip-172-31-24-18"} 1 725.83203125 0.0 735.1328125 725.83203125 735.1328125 1
stats: session 8 11111.598 2386.420249066162 15092.841 8150.952 0 0
stats: users_count 7 30
stats: finish_users_count 8 8
stats: request 139 144.0946187050359 191.22952738849906 829.825 6.69 138.09485245901647 61
stats: connect 7 5.979 11.230777405988293 33.478 1.088 3.180608695652175 23
stats: page 139 144.0946187050359 191.22952738849906 829.825 6.69 138.09485245901647 61
stats: tr_Initial_Get_Root 3 106.65500000000002 17.870153571434873 217.877 89.004 151.9633684210526 19
stats: 302 61 78
stats: tr_Redirect_Root 19 118.09368421052632 28.305541945838904 177.011 74.741 135.0691666666667 6
stats: 200 78 122
stats: tr_Post_New_Comment_On_Post 4 35.05525 9.633642389434021 59.478 24.636 59.478 1
stats: size_rcv 1338513 1846308
stats: tr_Get_Post 4 702.81575 5.874545487737692 778.873 693.109 778.873 1
stats: size_sent 81100 106463
stats: tr_Get_New_Post 7 46.296285714285716 18.464681202727743 79.745 30.385 76.686 1
stats: connected -1 22
stats: tr_Post_New_Post 8 38.62199999999999 20.010581425835678 78.042 14.899 0 0
stats: tr_Redirect_To_Post 5 758.9093999999999 51.28154824729844 846.773 713.912 0 0
stats: tr_Get_Root 1 138.137 0 138.137 138.137 0 0
stats: tr_Redirect_To_New_Post 5 58.4996 13.225337781697675 80.582 43.007 0 0
stats: tr_Post_New_Comment_On_Comment 3 78.36 37.9082203310399 127.159 34.737 0 0
stats: tr_Get_Conversations 1 37.727 0 37.727 37.727 0 0
stats: tr_Authenticate_User 22 4287.941227272727 2455.76482480763 8328.128 1009.372 2017.636857142857 7
stats: tr_Get_New_Conversation 1 373.064 0 373.064 373.064 0 0
stats: tr_Get_Book 10 466.31319999999994 36.21734873178875 558.424 425.74 554.812 1
stats: tr_Get_New_Book 6 35.39333333333333 21.41544866575425 64.465 11.183 0 0
stats: tr_Post_New_Book 3 12.540333333333335 0.37818278943154315 12.927 12.027 0 0
stats: tr_Redirect_To_New_Book 2 51.6445 16.6145 68.259 35.03 0 0
# stats: dump at 1575635519
stats: users 5 29
stats: {recvpackets,"tsung_controller@ip-172-31-24-18"} 1 1319.0 0.0 1319 658 658.0 1
stats: {sentpackets,"tsung_controller@ip-172-31-24-18"} 1 527.0 0.0 527 334 334.0 1
stats: {cpu,"tsung_controller@ip-172-31-24-18"} 1 0.8495752123938031 0.0 0.8495752123938031 0.400200100050025 0.5746342231471918 2
stats: {load,"tsung_controller@ip-172-31-24-18"} 1 0.0 0.0 0.0 0.0 0.0 2
stats: {freemem,"tsung_controller@ip-172-31-24-18"} 1 720.359375 0.0 735.1328125 720.359375 730.482421875 2
stats: session 17 16105.953647058823 3587.9432201622467 25010.008 8150.952 11111.598 8
stats: users_count 0 30
stats: finish_users_count 17 25
stats: connect 0 0 0 33.478 1.088 3.833566666666668 30
stats: request 52 168.53451923076915 253.31036354831676 829.825 6.69 142.26468999999997 200
stats: page 51 171.84252941176473 255.2132104516407 829.825 6.69 142.26468999999997 200
stats: tr_Initial_Get_Root 0 0 0 217.877 89.004 145.78495454545453 22
stats: 302 18 96
stats: tr_Redirect_Root 5 112.484 14.412305367289443 177.011 74.741 122.16780000000003 25
stats: 200 34 156
stats: tr_Post_New_Comment_On_Post 2 47.6075 6.597499999999998 59.478 24.636 39.939800000000005 5
stats: size_rcv 622956 2469264
stats: tr_Get_Post 2 692.0445 26.773500000000013 778.873 665.271 718.0272 5
stats: size_sent 29372 135835
stats: tr_Get_New_Post 3 32.48466666666667 13.096646500366253 79.745 13.964 50.095 8
stats: connected -17 5
stats: tr_Post_New_Post 3 18.690666666666665 5.257892628124778 78.042 14.729 38.62199999999999 8
stats: tr_Redirect_To_Post 7 715.9964285714286 37.10090981886776 846.773 673.602 758.9093999999999 5
stats: tr_Get_Root 0 0 0 138.137 138.137 138.137 1
stats: tr_Redirect_To_New_Post 4 67.5095 28.39044936682053 115.991 43.007 58.4996 5
stats: tr_Post_New_Comment_On_Comment 3 28.496333333333336 7.42547804671337 127.159 18.032 78.36 3
stats: tr_Get_Logout 1 13.173 0 13.173 13.173 0 0
stats: tr_Get_Conversations 0 0 0 37.727 37.727 37.727 1
stats: tr_Authenticate_User 1 6666.821 0.0 8328.128 1009.372 3739.936724137931 29
stats: tr_Get_New_Conversation 0 0 0 373.064 373.064 373.064 1
stats: tr_Post_New_Conversation 1 82.319 0 82.319 82.319 0 0
stats: tr_Redirect_To_New_Conversation 1 74.241 0 74.241 74.241 0 0
stats: tr_Reply_To_Conversation 1 97.409 0 97.409 97.409 0 0
stats: tr_Get_Login 1 14.184 0 14.184 14.184 0 0
stats: tr_Redirect_To_Same_Conversation 1 72.887 0 72.887 72.887 0 0
stats: tr_Post_Login 1 133.165 0 133.165 133.165 0 0
stats: tr_Get_Book 1 412.314 0.0 558.424 412.314 474.35854545454544 11
stats: tr_Get_New_Book 3 12.835666666666668 1.2780217351655467 64.465 11.163 35.39333333333333 6
stats: tr_Post_New_Book 5 21.907199999999996 15.54088990244767 52.312 11.432 12.540333333333335 3
stats: tr_Redirect_To_New_Book 6 25.232499999999998 26.75664915337245 84.984 11.27 51.6445 2
# stats: dump at 1575635529
stats: users 1 29
stats: {recvpackets,"tsung_controller@ip-172-31-24-18"} 1 422.0 0.0 1319 422 988.5 2
stats: {sentpackets,"tsung_controller@ip-172-31-24-18"} 1 173.0 0.0 527 173 430.5 2
stats: {cpu,"tsung_controller@ip-172-31-24-18"} 1 0.35035035035035034 0.0 0.8495752123938031 0.35035035035035034 0.6662812195627289 3
stats: {load,"tsung_controller@ip-172-31-24-18"} 1 0.0 0.0 0.0 0.0 0.0 3
stats: {freemem,"tsung_controller@ip-172-31-24-18"} 1 724.38671875 0.0 735.1328125 720.359375 727.1080729166666 3
stats: session 4 24263.879 2000.2912906490633 26311.99 8150.952 14507.759839999999 25
stats: users_count 0 30
stats: finish_users_count 4 29
stats: request 9 210.50366666666665 306.98354307827134 845.964 6.69 147.68544841269838 252
stats: connect 0 0 0 33.478 1.088 3.833566666666668 30
stats: tr_Initial_Get_Root 0 0 0 217.877 89.004 145.78495454545453 22
stats: page 9 210.50366666666665 306.98354307827134 845.964 6.69 148.27452988047804 251
stats: 302 3 99
stats: tr_Redirect_Root 0 0 0 177.011 74.741 120.55383333333336 30
stats: 200 6 162
stats: tr_Post_New_Comment_On_Post 0 0 0 59.478 24.636 42.13057142857143 7
stats: size_rcv 113285 2582549
stats: tr_Get_Post 0 0 0 778.873 665.271 710.6035714285715 7
stats: size_sent 5344 141179
stats: tr_Get_New_Post 1 43.595 0.0 79.745 13.964 45.29218181818182 11
stats: connected -4 1
stats: tr_Post_New_Post 1 49.172 0.0 78.042 14.729 33.186181818181815 11
stats: tr_Redirect_To_Post 2 787.9465 71.40449999999998 859.351 673.602 733.8768333333334 12
stats: tr_Get_Root 0 0 0 138.137 138.137 138.137 1
stats: tr_Redirect_To_New_Post 3 54.67366666666667 25.38562704016236 115.991 31.094 62.504000000000005 9
stats: tr_Post_New_Comment_On_Comment 1 36.723 0.0 127.159 18.032 53.42816666666666 6
stats: tr_Get_Logout 0 0 0 13.173 13.173 13.173 1
stats: tr_Get_Conversations 0 0 0 37.727 37.727 37.727 1
stats: tr_Authenticate_User 0 0 0 8328.128 1009.372 3837.499533333333 30
stats: tr_Get_New_Conversation 0 0 0 373.064 373.064 373.064 1
stats: tr_Post_New_Conversation 0 0 0 82.319 82.319 82.319 1
stats: tr_Redirect_To_New_Conversation 0 0 0 74.241 74.241 74.241 1
stats: tr_Reply_To_Conversation 0 0 0 97.409 97.409 97.409 1
stats: tr_Get_Login 0 0 0 14.184 14.184 14.184 1
stats: tr_Redirect_To_Same_Conversation 0 0 0 72.887 72.887 72.887 1
stats: tr_Post_Login 0 0 0 133.165 133.165 133.165 1
stats: tr_Get_Book 0 0 0 558.424 412.314 469.18816666666663 12
stats: tr_Get_New_Book 0 0 0 64.465 11.163 27.87411111111111 9
stats: tr_Post_New_Book 1 39.789 0.0 52.312 11.432 18.394624999999998 8
stats: tr_Redirect_To_New_Book 0 0 0 84.984 11.27 31.835499999999996 8
# stats: dump at 1575635539
stats: users 14 29
stats: {recvpackets,"tsung_controller@ip-172-31-24-18"} 1 89.0 0.0 1319 89 799.6666666666666 3
stats: {sentpackets,"tsung_controller@ip-172-31-24-18"} 1 31.0 0.0 527 31 344.6666666666667 3
stats: {cpu,"tsung_controller@ip-172-31-24-18"} 1 0.14992503748125938 0.0 0.8495752123938031 0.14992503748125938 0.5872985022596342 4
stats: {load,"tsung_controller@ip-172-31-24-18"} 1 0.0 0.0 0.0 0.0 0.0 4
stats: {freemem,"tsung_controller@ip-172-31-24-18"} 1 727.23046875 0.0 735.1328125 720.359375 726.427734375 4
stats: session 1 34546.939 0.0 34546.939 8150.952 15853.431448275862 29
stats: users_count 14 44
stats: finish_users_count 1 30
stats: request 24 68.60962500000001 59.28842793975658 845.964 6.69 149.85159386973177 261
stats: connect 12 7.356250000000002 11.033305511986574 33.478 1.088 3.833566666666668 30
stats: tr_Initial_Get_Root 5 122.1846 11.335805407645294 217.877 89.004 145.78495454545453 22
stats: page 24 68.60962500000001 59.28842793975658 845.964 6.69 150.42861538461537 260
stats: 302 4 103
stats: tr_Redirect_Root 1 127.565 0.0 177.011 74.741 120.55383333333336 30
stats: 200 20 182
stats: tr_Post_New_Comment_On_Post 0 0 0 59.478 24.636 42.13057142857143 7
stats: size_rcv 168623 2751172
stats: tr_Get_Post 0 0 0 778.873 665.271 710.6035714285715 7
stats: newphase 1 1
stats: tr_Get_New_Post 0 0 0 79.745 13.964 45.150749999999995 12
stats: size_sent 8258 149437
stats: tr_Post_New_Post 0 0 0 78.042 14.729 34.518333333333324 12
stats: connected 11 12
stats: tr_Redirect_To_Post 0 0 0 859.351 673.602 741.6010714285715 14
stats: tr_Get_Root 2 149.589 13.923000000000002 163.512 135.666 138.137 1
stats: tr_Redirect_To_New_Post 0 0 0 115.991 31.094 60.546416666666666 12
stats: tr_Post_New_Comment_On_Comment 0 0 0 127.159 18.032 51.041714285714285 7
stats: tr_Get_Logout 0 0 0 13.173 13.173 13.173 1
stats: tr_Get_Conversations 0 0 0 37.727 37.727 37.727 1
stats: tr_Authenticate_User 1 2165.429 0.0 8328.128 1009.372 3837.499533333333 30
stats: tr_Get_New_Conversation 0 0 0 373.064 373.064 373.064 1
stats: tr_Post_New_Conversation 0 0 0 82.319 82.319 82.319 1
stats: tr_Redirect_To_New_Conversation 0 0 0 74.241 74.241 74.241 1
stats: tr_Reply_To_Conversation 0 0 0 97.409 97.409 97.409 1
stats: tr_Get_Login 0 0 0 14.184 14.184 14.184 1
stats: tr_Redirect_To_Same_Conversation 0 0 0 72.887 72.887 72.887 1
stats: tr_Post_Login 0 0 0 133.165 133.165 133.165 1
stats: tr_Get_Book 0 0 0 558.424 412.314 469.18816666666663 12
stats: tr_Get_New_Book 0 0 0 64.465 11.163 27.87411111111111 9
stats: tr_Post_New_Book 0 0 0 52.312 11.432 20.771777777777775 9
stats: tr_Redirect_To_New_Book 1 17.502 0.0 84.984 11.27 31.835499999999996 8
# stats: dump at 1575635549
stats: users 47 47
stats: {recvpackets,"tsung_controller@ip-172-31-24-18"} 1 267.0 0.0 1319 89 622.0 4
stats: {sentpackets,"tsung_controller@ip-172-31-24-18"} 1 160.0 0.0 527 31 266.25 4
stats: {cpu,"tsung_controller@ip-172-31-24-18"} 1 0.20020020020020018 0.0 0.8495752123938031 0.14992503748125938 0.49982380930395925 5
stats: {load,"tsung_controller@ip-172-31-24-18"} 1 0.0 0.0 0.0 0.0 0.0 5
stats: {freemem,"tsung_controller@ip-172-31-24-18"} 1 727.1171875 0.0 735.1328125 720.359375 726.58828125 5
stats: session 4 8916.48425 2575.3716936908713 34546.939 5616.966 16476.548366666666 30
stats: users_count 37 81
stats: finish_users_count 4 34
stats: request 190 111.51028947368422 163.7419362078968 845.964 5.894 143.0101649122807 285
stats: tr_Initial_Get_Root 22 112.1227727272727 13.171726517368448 217.877 89.004 141.4145185185185 27
stats: connect 37 2.1966756756756753 4.91571046281951 33.478 1.001 4.84004761904762 42
stats: page 189 112.10129100529103 164.1839620223278 845.964 5.894 143.51433450704224 284
stats: 302 77 180
stats: tr_Redirect_Root 24 107.05095833333331 8.946225202467456 177.011 74.741 120.78000000000003 31
stats: 200 113 295
stats: tr_Post_New_Comment_On_Post 5 26.0022 8.95411912808848 59.478 15.265 42.13057142857143 7
stats: size_rcv 1735352 4486524
stats: tr_Get_Post 5 721.0409999999999 39.93168447736707 798.802 665.271 710.6035714285715 7
stats: newphase 0 1
stats: tr_Get_New_Post 3 14.801000000000002 2.534600954785585 79.745 12.874 45.150749999999995 12
stats: size_sent 101139 250576
stats: tr_Post_New_Post 3 23.979666666666663 11.690561473066873 78.042 14.509 34.518333333333324 12
stats: connected 33 45
stats: tr_Redirect_To_Post 5 703.6081999999999 23.680930441179914 859.351 668.965 741.6010714285715 14
stats: tr_Get_Root 4 116.017 13.297766034187847 163.512 94.492 145.77166666666668 3
stats: tr_Redirect_To_New_Post 0 0 0 115.991 31.094 60.546416666666666 12
stats: tr_Post_New_Comment_On_Comment 3 35.90133333333333 20.556929218365497 127.159 17.333 51.041714285714285 7
stats: tr_Get_Logout 0 0 0 13.173 13.173 13.173 1
stats: tr_Get_Conversations 3 29.15833333333333 4.501031313920054 37.727 25.395 37.727 1
stats: tr_Authenticate_User 30 3167.1784666666663 1664.932300145479 8328.128 328.36 3783.561774193548 31
stats: tr_Get_New_Conversation 2 416.754 18.902999999999977 435.657 373.064 373.064 1
stats: tr_Post_New_Conversation 1 65.507 0.0 82.319 65.507 82.319 1
stats: tr_Redirect_To_New_Conversation 1 68.971 0.0 74.241 68.971 74.241 1
stats: tr_Reply_To_Conversation 1 87.531 0.0 97.409 87.531 97.409 1
stats: tr_Get_Login 0 0 0 14.184 14.184 14.184 1
stats: tr_Redirect_To_Same_Conversation 1 74.872 0.0 74.872 72.887 72.887 1
stats: tr_Post_Login 0 0 0 133.165 133.165 133.165 1
stats: tr_Get_Book 5 443.1522 21.044234891295037 558.424 405.651 469.18816666666663 12
stats: tr_Get_New_Book 3 10.304333333333334 0.5184337523305712 64.465 9.802 27.87411111111111 9
stats: tr_Post_New_Book 2 11.7965 0.8955000000000002 52.312 10.901 20.771777777777775 9
stats: tr_Redirect_To_New_Book 1 10.043 0.0 84.984 10.043 30.242888888888885 9
# stats: dump at 1575635559
stats: users 27 51
stats: {recvpackets,"tsung_controller@ip-172-31-24-18"} 1 1976.0 0.0 1976 89 551.0 5
stats: {sentpackets,"tsung_controller@ip-172-31-24-18"} 1 836.0 0.0 836 31 245.0 5
stats: {cpu,"tsung_controller@ip-172-31-24-18"} 1 1.5507753876938468 0.0 1.5507753876938468 0.14992503748125938 0.44988654111999943 6
stats: {load,"tsung_controller@ip-172-31-24-18"} 1 0.0 0.0 0.0 0.0 0.0 6
stats: {freemem,"tsung_controller@ip-172-31-24-18"} 1 714.49609375 0.0 735.1328125 714.49609375 726.6764322916666 6
stats: session 25 14655.13 2864.292073060204 34546.939 5616.966 15587.12905882353 34
stats: users_count 5 86
stats: finish_users_count 25 59
stats: request 198 174.74966161616152 247.6264690187799 845.964 5.894 130.4102147368421 475
stats: connect 7 1.278857142857143 0.20076740527388445 33.478 1.001 3.6020126582278476 79
stats: page 196 176.53416836734678 248.4431125185919 845.964 5.894 130.96239957716702 473
stats: tr_Initial_Get_Root 1 96.453 0.0 217.877 89.004 128.26312244897954 49
stats: 302 86 266
stats: tr_Redirect_Root 23 110.71534782608694 12.986775596765971 177.011 74.741 114.78914545454546 55
stats: 200 112 407
stats: tr_Post_New_Comment_On_Post 12 21.980833333333333 6.34303680993751 59.478 15.265 35.41041666666666 12
stats: size_rcv 2433726 6920250
stats: tr_Get_Post 12 699.6914166666667 15.126088371080014 798.802 665.271 714.9525 12
stats: newphase 0 1
stats: tr_Get_New_Post 6 18.976166666666668 10.954867006901038 79.745 12.045 39.080799999999996 15
stats: size_sent 112140 362716
stats: tr_Post_New_Post 6 14.7385 1.143163410599435 78.042 13.128 32.410599999999995 15
stats: connected -16 29
stats: tr_Redirect_To_Post 19 723.5053157894736 30.768165159279427 859.351 668.965 731.602947368421 19
stats: tr_Get_Root 2 98.9365 9.8275 163.512 89.109 128.769 7
stats: tr_Redirect_To_New_Post 6 40.9965 11.645816197959963 115.991 25.077 60.546416666666666 12
stats: tr_Post_New_Comment_On_Comment 9 19.728 5.912836036962297 127.159 14.741 46.4996 10
stats: tr_Get_Logout 5 12.006400000000003 1.1402881390245196 13.342 10.334 13.173 1
stats: tr_Get_Conversations 4 25.227249999999998 1.3194200193645695 37.727 23.871 31.3005 4
stats: tr_Authenticate_User 21 5066.987428571428 2143.57451172945 8356.568 328.36 3480.4224426229503 61
stats: tr_Get_New_Conversation 5 430.7874 15.322438429962768 454.571 373.064 402.1906666666667 3
stats: tr_Post_New_Conversation 5 60.17719999999999 16.84752775216589 82.319 26.581 73.91300000000001 2
stats: tr_Redirect_To_New_Conversation 5 53.398199999999996 17.33898694157187 74.241 21.797 71.606 2
stats: tr_Reply_To_Conversation 2 63.17099999999999 25.813 97.409 37.358 92.47 2
stats: tr_Get_Login 4 9.4375 0.682316825235902 14.184 8.302 14.184 1
stats: tr_Redirect_To_Same_Conversation 2 68.3825 12.341500000000007 80.724 56.041 73.87950000000001 2
stats: tr_Post_Login 4 122.35175000000001 2.6139957321120435 133.165 117.891 133.165 1
stats: tr_Get_Book 6 420.59183333333334 26.70132511953085 558.424 396.777 461.53052941176475 17
stats: tr_Get_New_Book 3 11.118666666666668 0.28971288469026685 64.465 9.802 23.481666666666666 12
stats: tr_Post_New_Book 3 10.632 0.8744003659651566 52.312 9.404 19.139909090909086 11
stats: tr_Redirect_To_New_Book 3 13.424999999999999 1.0017388215830854 84.984 10.043 28.2229 10
# stats: dump at 1575635569
stats: users 8 51
stats: {recvpackets,"tsung_controller@ip-172-31-24-18"} 1 2015.0 0.0 2015 89 788.5 6
stats: {sentpackets,"tsung_controller@ip-172-31-24-18"} 1 716.0 0.0 836 31 343.5 6
stats: {cpu,"tsung_controller@ip-172-31-24-18"} 1 1.6032064128256511 0.0 1.6032064128256511 0.14992503748125938 0.6071563763448348 7
stats: {load,"tsung_controller@ip-172-31-24-18"} 1 0.0 0.0 0.0 0.0 0.0 7
stats: {freemem,"tsung_controller@ip-172-31-24-18"} 1 707.8671875 0.0 735.1328125 707.8671875 724.9363839285714 7
stats: session 19 17911.766315789475 4499.384704631267 34546.939 5616.966 15192.21420338983 59
stats: users_count 0 86
stats: finish_users_count 19 78
stats: request 75 191.79378666666665 265.48830275245865 845.964 5.894 143.45510401188704 673
stats: connect 0 0 0 33.478 1.001 3.4129186046511624 86
stats: page 72 199.79312499999992 268.953649429235 845.964 5.894 144.3137698056801 669
stats: tr_Initial_Get_Root 0 0 0 217.877 89.004 127.62691999999996 50
stats: 302 27 293
stats: tr_Redirect_Root 8 116.12400000000001 7.261428681740255 177.011 74.741 113.58789743589743 78
stats: 200 48 455
stats: tr_Post_New_Comment_On_Post 3 17.16433333333333 0.8721239718195012 59.478 15.265 28.695624999999996 24
stats: size_rcv 1097512 8017762
stats: tr_Get_Post 3 696.245 3.9676482538988895 798.802 665.271 707.3219583333333 24
stats: newphase 0 1
stats: tr_Get_New_Post 5 14.3524 3.890097458933387 79.745 10.904 33.336619047619045 21
stats: size_sent 42515 405231
stats: tr_Post_New_Post 5 25.941999999999997 10.248732233793602 78.042 13.128 27.36142857142857 21
stats: connected -21 8
stats: tr_Redirect_To_Post 12 703.0965833333333 11.018282673646969 859.351 668.965 727.5541315789474 38
stats: tr_Get_Root 0 0 0 163.512 89.109 122.13955555555556 9
stats: tr_Redirect_To_New_Post 7 34.09442857142857 11.609109512510825 115.991 25.077 54.02977777777778 18
stats: tr_Post_New_Comment_On_Comment 6 22.008999999999997 9.34713995473125 127.159 14.741 33.81831578947369 19
stats: tr_Get_Logout 0 0 0 13.342 10.334 12.200833333333335 6
stats: tr_Get_Conversations 1 13.103 0.0 37.727 13.103 28.263875 8
stats: tr_Authenticate_User 4 9948.6165 618.9095828012767 10451.892 328.36 3886.7378658536577 82
stats: tr_Get_New_Conversation 0 0 0 454.571 373.064 420.063625 8
stats: tr_Post_New_Conversation 1 34.338 0.0 82.319 26.581 64.10171428571428 7
stats: tr_Redirect_To_New_Conversation 0 0 0 74.241 21.797 58.600428571428566 7
stats: tr_Reply_To_Conversation 3 86.074 2.1660218527675767 97.409 37.358 77.8205 4
stats: tr_Get_Login 1 8.297 0.0 14.184 8.297 10.3868 5
stats: tr_Redirect_To_Same_Conversation 3 71.711 4.066079930350609 80.724 56.041 71.131 4
stats: tr_Post_Login 1 121.474 0.0 133.165 117.891 124.5144 5
stats: tr_Get_Book 3 444.0943333333333 46.4720480958417 558.424 396.777 450.85086956521735 23
stats: tr_Get_New_Book 2 16.5885 4.084499999999999 64.465 9.802 21.009066666666666 15
stats: tr_Post_New_Book 2 11.999500000000001 0.04849999999999932 52.312 9.404 17.31678571428571 14
stats: tr_Redirect_To_New_Book 3 35.72833333333333 23.676529268924156 84.984 10.043 24.807999999999996 13
# stats: dump at 1575635579
stats: users 3 51
stats: {recvpackets,"tsung_controller@ip-172-31-24-18"} 1 801.0 0.0 2015 89 963.7142857142857 7
stats: {sentpackets,"tsung_controller@ip-172-31-24-18"} 1 302.0 0.0 836 31 396.7142857142857 7
stats: {cpu,"tsung_controller@ip-172-31-24-18"} 1 0.7992007992007992 0.0 1.6032064128256511 0.14992503748125938 0.7316626309049368 8
stats: {load,"tsung_controller@ip-172-31-24-18"} 1 0.0 0.0 0.0 0.0 0.0 8
stats: {freemem,"tsung_controller@ip-172-31-24-18"} 1 712.703125 0.0 735.1328125 707.8671875 722.802734375 8
stats: session 5 26055.719999999998 1629.2427289891477 34546.939 5616.966 15854.669205128206 78
stats: users_count 0 86
stats: finish_users_count 5 83
stats: request 16 197.45449999999997 282.0636448226269 845.964 5.894 148.3018970588235 748
stats: connect 0 0 0 33.478 1.001 3.4129186046511624 86
stats: page 15 210.62753333333333 287.2670803708323 845.964 5.894 149.7044763832658 741
stats: tr_Initial_Get_Root 0 0 0 217.877 89.004 127.62691999999996 50
stats: 302 6 299
stats: tr_Redirect_Root 0 0 0 177.011 74.741 113.82381395348837 86
stats: 200 10 465
stats: tr_Post_New_Comment_On_Post 0 0 0 59.478 15.265 27.414370370370367 27
stats: size_rcv 172529 8190291
stats: tr_Get_Post 0 0 0 798.802 665.271 706.0911851851852 27
stats: newphase 0 1
stats: tr_Get_New_Post 0 0 0 79.745 10.904 29.685807692307687 26
stats: size_sent 9131 414362
stats: tr_Post_New_Post 0 0 0 78.042 13.128 27.088461538461537 26
stats: connected -5 3
stats: tr_Redirect_To_Post 3 730.3626666666665 11.356734634372497 859.351 668.965 721.68432 50
stats: tr_Get_Root 0 0 0 163.512 89.109 122.13955555555556 9
stats: tr_Redirect_To_New_Post 1 41.516 0.0 115.991 25.077 48.447880000000005 25
stats: tr_Post_New_Comment_On_Comment 2 18.799 2.9840000000000013 127.159 14.741 30.98408 25
stats: tr_Get_Logout 0 0 0 13.342 10.334 12.200833333333335 6
stats: tr_Get_Conversations 0 0 0 37.727 13.103 26.579333333333334 9
stats: tr_Authenticate_User 0 0 0 10451.892 328.36 4168.685709302325 86
stats: tr_Get_New_Conversation 1 540.273 0.0 540.273 373.064 420.063625 8
stats: tr_Post_New_Conversation 1 74.748 0.0 82.319 26.581 60.38125 8
stats: tr_Redirect_To_New_Conversation 2 60.159499999999994 34.7145 94.874 21.797 58.600428571428566 7
stats: tr_Reply_To_Conversation 1 45.651 0.0 97.409 37.358 81.35771428571427 7
stats: tr_Get_Login 0 0 0 14.184 8.297 10.038499999999999 6
stats: tr_Redirect_To_Same_Conversation 1 71.457 0.0 80.724 56.041 71.37957142857142 7
stats: tr_Post_Login 0 0 0 133.165 117.891 124.00766666666668 6
stats: tr_Get_Book 0 0 0 558.424 396.777 450.0712692307692 26
stats: tr_Get_New_Book 1 13.068 0.0 64.465 9.802 20.489 17
stats: tr_Post_New_Book 2 13.403500000000001 1.5735000000000006 52.312 9.404 16.652124999999998 16
stats: tr_Redirect_To_New_Book 1 13.803 0.0 84.984 10.043 26.855562499999998 16
# stats: dump at 1575635589
stats: users 31 51
stats: {recvpackets,"tsung_controller@ip-172-31-24-18"} 1 312.0 0.0 2015 89 943.375 8
stats: {sentpackets,"tsung_controller@ip-172-31-24-18"} 1 276.0 0.0 836 31 384.875 8
stats: {cpu,"tsung_controller@ip-172-31-24-18"} 1 0.40040040040040037 0.0 1.6032064128256511 0.14992503748125938 0.7391668718266993 9
stats: {load,"tsung_controller@ip-172-31-24-18"} 1 0.0 0.0 0.0 0.0 0.0 9
stats: {freemem,"tsung_controller@ip-172-31-24-18"} 1 715.375 0.0 735.1328125 707.8671875 721.6805555555555 9
stats: session 3 31517.164333333334 1979.350563875659 34546.939 5616.966 16469.1903373494 83
stats: users_count 31 117
stats: finish_users_count 3 86
stats: request 49 92.01185714285712 113.60323476459459 845.964 5.455 149.33127094240834 764
stats: connect 29 10.836310344827586 38.77593575660345 210.874 1.001 3.4129186046511624 86
stats: page 48 93.93327083333331 114.69885809710931 845.964 5.455 150.91326719576716 756
stats: tr_Initial_Get_Root 17 143.43058823529415 47.124880275159285 319.891 89.004 127.62691999999996 50
stats: 302 10 309
stats: tr_Redirect_Root 0 0 0 177.011 74.741 113.82381395348837 86
stats: 200 39 504
stats: tr_Post_New_Comment_On_Post 0 0 0 59.478 15.265 27.414370370370367 27
stats: size_rcv 460454 8650745
stats: tr_Get_Post 0 0 0 798.802 665.271 706.0911851851852 27
stats: newphase 1 2
stats: tr_Get_New_Post 0 0 0 79.745 10.904 29.685807692307687 26
stats: size_sent 15425 429787
stats: tr_Post_New_Post 0 0 0 78.042 13.128 27.088461538461537 26
stats: connected 26 29
stats: tr_Redirect_To_Post 1 717.255 0.0 859.351 668.965 722.1755471698114 53
stats: tr_Get_Root 1 133.86 0.0 163.512 89.109 122.13955555555556 9
stats: tr_Redirect_To_New_Post 0 0 0 115.991 25.077 48.18126923076924 26
stats: tr_Post_New_Comment_On_Comment 0 0 0 127.159 14.741 30.08148148148148 27
stats: tr_Get_Logout 0 0 0 13.342 10.334 12.200833333333335 6
stats: tr_Get_Conversations 0 0 0 37.727 13.103 26.579333333333334 9
stats: tr_Authenticate_User 2 1634.027 696.7449999999999 10451.892 328.36 4168.685709302325 86
stats: tr_Get_New_Conversation 0 0 0 540.273 373.064 433.42022222222226 9
stats: tr_Post_New_Conversation 0 0 0 82.319 26.581 61.977555555555554 9
stats: tr_Redirect_To_New_Conversation 0 0 0 94.874 21.797 58.94688888888888 9
stats: tr_Reply_To_Conversation 1 50.712 0.0 97.409 37.358 76.89437499999998 8
stats: tr_Get_Login 0 0 0 14.184 8.297 10.038499999999999 6
stats: tr_Redirect_To_Same_Conversation 1 76.597 0.0 80.724 56.041 71.38925 8
stats: tr_Post_Login 0 0 0 133.165 117.891 124.00766666666668 6
stats: tr_Get_Book 0 0 0 558.424 396.777 450.0712692307692 26
stats: tr_Get_New_Book 0 0 0 64.465 9.802 20.07672222222222 18
stats: tr_Post_New_Book 0 0 0 52.312 9.404 16.291166666666665 18
stats: tr_Redirect_To_New_Book 1 14.956 0.0 84.984 10.043 26.08776470588235 17
# stats: dump at 1575635599
stats: users 106 107
stats: {recvpackets,"tsung_controller@ip-172-31-24-18"} 1 795.0 0.0 2015 89 873.2222222222222 9
stats: {sentpackets,"tsung_controller@ip-172-31-24-18"} 1 535.0 0.0 836 31 372.77777777777777 9
stats: {cpu,"tsung_controller@ip-172-31-24-18"} 1 0.3498250874562719 0.0 1.6032064128256511 0.14992503748125938 0.7052902246840693 10
stats: {load,"tsung_controller@ip-172-31-24-18"} 1 0.0 0.0 0.0 0.0 0.0 10
stats: {freemem,"tsung_controller@ip-172-31-24-18"} 1 715.609375 0.0 735.1328125 707.8671875 721.05 10
stats: session 6 9336.879666666666 2591.6174160400733 34546.939 5616.966 16994.1196627907 86
stats: users_count 81 198
stats: finish_users_count 6 92
stats: request 375 103.26102399999998 152.96159939147066 845.964 5.301 145.87659532595322 813
stats: tr_Initial_Get_Root 57 119.86045614035086 20.9425211279694 319.891 89.004 131.63680597014923 67
stats: connect 83 2.581397590361447 5.187239470455325 210.874 1.001 5.284904347826086 115
stats: page 375 103.26102399999998 152.96159939147066 845.964 5.301 147.51147636815918 804
stats: 302 149 458
stats: tr_Redirect_Root 43 117.88439534883717 13.368019776716213 177.011 74.741 113.82381395348837 86
stats: 200 226 730
stats: tr_Post_New_Comment_On_Post 10 20.0212 6.246176187076378 59.478 14.547 27.414370370370367 27
stats: size_rcv 3596002 12246747
stats: tr_Get_Post 10 711.1653 32.40571412590681 798.802 665.271 706.0911851851852 27
stats: newphase 0 2
stats: tr_Get_New_Post 3 17.737 7.329544096781645 79.745 10.904 29.685807692307687 26
stats: size_sent 191357 621144
stats: tr_Post_New_Post 3 17.102666666666668 2.385954642392759 78.042 13.128 27.088461538461537 26
stats: connected 78 107
stats: tr_Redirect_To_Post 7 745.2348571428573 45.87899060238651 859.351 668.965 722.084425925926 54
stats: tr_Get_Root 5 122.2646 18.10214045465342 163.512 89.109 123.3116 10
stats: tr_Redirect_To_New_Post 2 35.5095 7.504500000000001 115.991 25.077 48.18126923076924 26
stats: tr_Post_New_Comment_On_Comment 2 24.723 10.17 127.159 14.553 30.08148148148148 27
stats: tr_Get_Logout 0 0 0 13.342 10.334 12.200833333333335 6
stats: tr_Get_Conversations 2 26.064500000000002 1.8395000000000001 37.727 13.103 26.579333333333334 9
stats: tr_Authenticate_User 59 3202.043186440678 1780.3865007915927 10451.892 328.36 4111.079829545454 88
stats: tr_Get_New_Conversation 1 541.227 0.0 541.227 373.064 433.42022222222226 9
stats: tr_Post_New_Conversation 0 0 0 82.319 26.581 61.977555555555554 9
stats: tr_Redirect_To_New_Conversation 0 0 0 94.874 21.797 58.94688888888888 9
stats: tr_Reply_To_Conversation 0 0 0 97.409 37.358 73.9852222222222 9
stats: tr_Get_Login 0 0 0 14.184 8.297 10.038499999999999 6
stats: tr_Redirect_To_Same_Conversation 0 0 0 80.724 56.041 71.9678888888889 9
stats: tr_Post_Login 0 0 0 133.165 117.891 124.00766666666668 6
stats: tr_Get_Book 7 393.14399999999995 27.811627455333955 558.424 362.196 450.0712692307692 26
stats: tr_Get_New_Book 7 10.061857142857141 0.6011506653485293 64.465 9.037 20.07672222222222 18
stats: tr_Post_New_Book 5 10.6114 0.9480895738272838 52.312 9.404 16.291166666666665 18
stats: tr_Redirect_To_New_Book 1 14.632 0.0 84.984 10.043 25.46933333333333 18
# stats: dump at 1575635609
stats: users 64 114
stats: {recvpackets,"tsung_controller@ip-172-31-24-18"} 1 4394.0 0.0 4394 89 865.4 10
stats: {sentpackets,"tsung_controller@ip-172-31-24-18"} 1 2095.0 0.0 2095 31 389.0 10
stats: {cpu,"tsung_controller@ip-172-31-24-18"} 1 4.554455445544554 0.0 4.554455445544554 0.14992503748125938 0.672975212208815 11
stats: {load,"tsung_controller@ip-172-31-24-18"} 1 0.0 0.0 0.0 0.0 0.0 11
stats: {freemem,"tsung_controller@ip-172-31-24-18"} 1 675.44921875 0.0 735.1328125 675.44921875 720.5553977272727 11
stats: session 50 13843.848700000004 3590.088897773425 34546.939 5616.966 16494.734445652175 92
stats: users_count 8 206
stats: finish_users_count 50 142
stats: request 450 152.79168222222216 237.90948810137195 899.962 5.301 132.4247104377104 1188
stats: connect 8 1.61675 0.6860214555682642 210.874 1.001 4.151616161616161 198
stats: page 447 153.81823266219232 238.53815012705067 899.962 5.301 133.43690500424086 1179
stats: tr_Initial_Get_Root 7 108.563 6.843097711249945 319.891 89.004 126.22348387096771 124
stats: 302 190 648
stats: tr_Redirect_Root 66 122.58759090909089 19.829869260237174 243.851 74.741 115.17734108527131 129
stats: 200 260 990
stats: tr_Post_New_Comment_On_Post 19 17.46315789473685 4.605824850557891 59.478 13.576 25.416216216216213 37
stats: size_rcv 5672868 17919615
stats: tr_Get_Post 19 771.8237368421054 52.506947866917294 864.004 665.271 707.4625675675675 37
stats: newphase 0 2
stats: tr_Get_New_Post 25 14.577279999999998 5.307329795820115 79.745 10.616 28.44972413793103 29
stats: size_sent 263085 884229
stats: tr_Post_New_Post 25 13.736360000000001 0.9309762136596186 78.042 11.701 26.055448275862066 29
stats: connected -42 65
stats: tr_Redirect_To_Post 29 786.9392068965518 53.38760787917585 913.333 668.965 724.7410327868853 61
stats: tr_Get_Root 2 109.2895 0.7305000000000028 163.512 89.109 122.9626 15
stats: tr_Redirect_To_New_Post 19 37.61857894736841 15.874991266688983 115.991 24.953 47.276142857142865 28
stats: tr_Post_New_Comment_On_Comment 16 23.6380625 14.493244760356244 127.159 12.791 29.711931034482756 29
stats: tr_Get_Logout 7 10.474714285714285 0.5039503133914559 13.342 9.454 12.200833333333335 6
stats: tr_Get_Conversations 4 14.78225 5.038275864569148 37.727 10.887 26.485727272727274 11
stats: tr_Authenticate_User 55 4594.547436363638 2465.781729730061 10649.126 328.36 3746.2283877551017 147
stats: tr_Get_New_Conversation 3 642.5803333333333 38.203763028732574 691.221 373.064 444.2009 10
stats: tr_Post_New_Conversation 3 104.51533333333333 66.84405498538287 199.034 26.581 61.977555555555554 9
stats: tr_Redirect_To_New_Conversation 3 36.10166666666667 15.819981970772139 94.874 21.797 58.94688888888888 9
stats: tr_Reply_To_Conversation 3 80.579 2.01389787890714 97.409 37.358 73.9852222222222 9
stats: tr_Get_Login 7 8.358285714285714 1.1202708491745215 14.184 6.075 10.038499999999999 6
stats: tr_Redirect_To_Same_Conversation 3 72.137 7.438209506774234 82.556 56.041 71.9678888888889 9
stats: tr_Post_Login 5 134.69400000000002 16.02737131285102 166.671 117.891 124.00766666666668 6
stats: tr_Get_Book 26 393.3940769230769 28.416899891712706 558.424 351.527 437.99578787878784 33
stats: tr_Get_New_Book 13 12.360384615384616 6.363946846686859 64.465 8.113 17.27256 25
stats: tr_Post_New_Book 14 13.429785714285714 7.112507506183047 52.312 9.404 15.056434782608695 23
stats: tr_Redirect_To_New_Book 13 13.19653846153846 5.964079226314109 84.984 9.848 24.89894736842105 19
# stats: dump at 1575635619
stats: users 13 114
stats: {recvpackets,"tsung_controller@ip-172-31-24-18"} 1 4703.0 0.0 4703 89 1186.1818181818182 11
stats: {sentpackets,"tsung_controller@ip-172-31-24-18"} 1 1676.0 0.0 2095 31 544.0909090909091 11
stats: {cpu,"tsung_controller@ip-172-31-24-18"} 1 4.927824788451966 0.0 4.927824788451966 0.14992503748125938 0.9964318983201266 12
stats: {load,"tsung_controller@ip-172-31-24-18"} 1 0.0 0.0 0.0 0.0 0.0 12
stats: {freemem,"tsung_controller@ip-172-31-24-18"} 1 667.78515625 0.0 735.1328125 667.78515625 716.7965494791666 12
stats: session 51 18949.821509803918 3819.438211487589 34546.939 5616.966 15561.323971830987 142
stats: users_count 0 206
stats: finish_users_count 51 193
stats: request 166 189.12694578313256 286.1507471286423 1001.323 5.301 138.0200323565323 1638
stats: connect 0 0 0 210.874 1.001 4.053174757281552 206
stats: page 164 191.43509146341458 287.22940892068226 1001.323 5.301 139.03988991389912 1626
stats: tr_Initial_Get_Root 0 0 0 319.891 89.004 125.27979389312974 131
stats: 302 58 706
stats: tr_Redirect_Root 10 140.9623 13.86220742198009 243.851 74.741 117.68542564102562 195
stats: 200 108 1098
stats: tr_Post_New_Comment_On_Post 2 15.393 0.9989999999999992 59.478 13.576 22.717857142857145 56
stats: size_rcv 2232801 20152416
stats: tr_Get_Post 2 717.442 37.480999999999995 864.004 665.271 729.299392857143 56
stats: newphase 0 2
stats: tr_Get_New_Post 15 12.346200000000001 1.5731266191886781 79.745 9.915 22.027296296296296 54
stats: size_sent 92695 976924
stats: tr_Post_New_Post 15 17.062733333333327 4.749940511440351 78.042 11.701 20.35216666666667 54
stats: connected -51 14
stats: tr_Redirect_To_Post 23 763.8924782608697 47.05022523059299 913.333 668.965 744.7826666666667 90
stats: tr_Get_Root 0 0 0 163.512 89.109 121.354 17
stats: tr_Redirect_To_New_Post 17 34.15423529411764 10.408658367122065 115.991 24.161 43.372021276595746 47
stats: tr_Post_New_Comment_On_Comment 13 18.53407692307692 6.98315378895787 127.159 12.791 27.552333333333333 45
stats: tr_Get_Logout 4 11.591000000000001 1.6508296399083702 14.361 9.454 11.271384615384617 13
stats: tr_Get_Conversations 2 25.869999999999997 1.2750000000000012 37.727 10.887 23.364800000000002 15
stats: tr_Authenticate_User 4 7190.64725 2605.103071272169 10724.198 328.36 3977.2063465346537 202
stats: tr_Get_New_Conversation 4 716.5409999999999 37.076288999844614 762.117 373.064 489.9807692307692 13
stats: tr_Post_New_Conversation 5 54.6654 22.30116991191269 199.034 26.581 72.61200000000001 12
stats: tr_Redirect_To_New_Conversation 3 42.268 17.42465525244809 94.874 21.797 53.23558333333333 12
stats: tr_Reply_To_Conversation 2 56.2765 9.1885 97.409 37.358 75.63366666666666 12
stats: tr_Get_Login 4 8.67475 1.0515981587564711 14.184 6.075 9.13376923076923 13
stats: tr_Redirect_To_Same_Conversation 2 43.3685 11.3335 82.556 32.035 72.01016666666668 12
stats: tr_Post_Login 6 269.5686666666667 327.3826613331188 1001.59 117.891 128.86509090909092 11
stats: tr_Get_Book 10 425.1232 30.84131065567738 558.424 351.527 418.34079661016943 59
stats: tr_Get_New_Book 6 17.363333333333333 9.57050320283921 64.465 8.113 15.592078947368421 38
stats: tr_Post_New_Book 7 11.365142857142857 0.9494764615409951 52.312 9.404 14.440945945945947 37
stats: tr_Redirect_To_New_Book 10 17.148400000000002 11.411363978070282 84.984 9.848 20.14484375 32
# stats: dump at 1575635629
stats: users 2 114
stats: {recvpackets,"tsung_controller@ip-172-31-24-18"} 1 1602.0 0.0 4703 89 1479.25 12
stats: {sentpackets,"tsung_controller@ip-172-31-24-18"} 1 611.0 0.0 2095 31 638.4166666666666 12
stats: {cpu,"tsung_controller@ip-172-31-24-18"} 1 1.05 0.0 4.927824788451966 0.14992503748125938 1.2988467360225757 13
stats: {load,"tsung_controller@ip-172-31-24-18"} 1 0.0 0.0 0.0 0.0 0.0 13
stats: {freemem,"tsung_controller@ip-172-31-24-18"} 1 687.4375 0.0 735.1328125 667.78515625 713.0264423076923 13
stats: session 11 25723.907909090907 3384.4299383145867 34546.939 5616.966 16456.73005699482 193
stats: users_count 0 206
stats: finish_users_count 11 204
stats: request 19 177.4128421052632 248.7488946718131 1001.323 5.301 142.7227749445676 1804
stats: connect 0 0 0 210.874 1.001 4.053174757281552 206
stats: page 17 198.30517647058824 258.5431256438174 1001.323 5.301 143.84034413407818 1790
stats: tr_Initial_Get_Root 0 0 0 319.891 89.004 125.27979389312974 131
stats: 302 3 709
stats: tr_Redirect_Root 1 159.2 0.0 243.851 74.741 118.82088292682924 205
stats: 200 16 1114
stats: tr_Post_New_Comment_On_Post 0 0 0 59.478 13.576 22.465275862068967 58
stats: size_rcv 256479 20408895
stats: tr_Get_Post 0 0 0 864.004 665.271 728.8905172413794 58
stats: newphase 0 2
stats: tr_Get_New_Post 1 16.498 0.0 79.745 9.915 19.922710144927535 69
stats: size_sent 9353 986277
stats: tr_Post_New_Post 1 19.636 0.0 78.042 11.701 19.637072463768117 69
stats: connected -12 2
stats: tr_Redirect_To_Post 3 703.5939999999999 6.820590003804664 913.333 668.965 748.6722743362832 113
stats: tr_Get_Root 0 0 0 163.512 89.109 121.354 17
stats: tr_Redirect_To_New_Post 5 30.2358 1.9750576092863719 115.991 24.161 40.923546875 64
stats: tr_Post_New_Comment_On_Comment 0 0 0 127.159 12.791 25.531 58
stats: tr_Get_Logout 0 0 0 14.361 9.454 11.346588235294119 17
stats: tr_Get_Conversations 0 0 0 37.727 10.887 23.65952941176471 17
stats: tr_Authenticate_User 0 0 0 10724.198 328.36 4039.603257281554 206
stats: tr_Get_New_Conversation 0 0 0 762.117 373.064 543.2890588235294 17
stats: tr_Post_New_Conversation 0 0 0 199.034 26.581 67.33358823529412 17
stats: tr_Redirect_To_New_Conversation 1 63.917 0.0 94.874 21.797 51.04206666666666 15
stats: tr_Reply_To_Conversation 2 81.6865 1.1875 97.409 37.358 72.86835714285714 14
stats: tr_Get_Login 0 0 0 14.184 6.075 9.025764705882352 17
stats: tr_Redirect_To_Same_Conversation 2 95.4965 1.6744999999999983 97.171 32.035 67.91850000000001 14
stats: tr_Post_Login 0 0 0 1001.59 117.891 178.52517647058824 17
stats: tr_Get_Book 1 471.976 0.0 558.424 351.527 419.32375362318834 69
stats: tr_Get_New_Book 0 0 0 64.465 8.113 15.833613636363639 44
stats: tr_Post_New_Book 0 0 0 52.312 9.404 13.95161363636364 44
stats: tr_Redirect_To_New_Book 2 13.111 0.9620000000000002 84.984 9.848 19.431404761904762 42
# stats: dump at 1575635639
stats: users 1 114
stats: {recvpackets,"tsung_controller@ip-172-31-24-18"} 1 161.0 0.0 4703 89 1488.6923076923076 13
stats: {sentpackets,"tsung_controller@ip-172-31-24-18"} 1 71.0 0.0 2095 31 636.3076923076923 13
stats: {cpu,"tsung_controller@ip-172-31-24-18"} 1 0.14992503748125938 0.0 4.927824788451966 0.14992503748125938 1.2810719691638204 14
stats: {load,"tsung_controller@ip-172-31-24-18"} 1 0.0 0.0 0.0 0.0 0.0 14
stats: {freemem,"tsung_controller@ip-172-31-24-18"} 1 696.7421875 0.0 735.1328125 667.78515625 711.1986607142857 14
stats: session 1 42508.718 0.0 42508.718 5616.966 16956.430823529412 204
stats: users_count 0 206
stats: finish_users_count 1 205
stats: request 2 33.718 0.7919999999999963 1001.323 5.301 143.08432803071858 1823
stats: connect 0 0 0 210.874 1.001 4.053174757281552 206
stats: page 2 33.718 0.7919999999999963 1001.323 5.301 144.35274156059762 1807
stats: tr_Initial_Get_Root 0 0 0 319.891 89.004 125.27979389312974 131
stats: 302 0 709
stats: tr_Redirect_Root 0 0 0 243.851 74.741 119.01689805825241 206
stats: 200 2 1116
stats: tr_Post_New_Comment_On_Post 0 0 0 59.478 13.576 22.465275862068967 58
stats: size_rcv 5319 20414214
stats: tr_Get_Post 0 0 0 864.004 665.271 728.8905172413794 58
stats: newphase 0 2
stats: tr_Get_New_Post 0 0 0 79.745 9.915 19.873785714285713 70
stats: size_sent 1024 987301
stats: tr_Post_New_Post 0 0 0 78.042 11.701 19.637057142857145 70
stats: connected -1 1
stats: tr_Redirect_To_Post 0 0 0 913.333 668.965 747.5064568965519 116
stats: tr_Get_Root 0 0 0 163.512 89.109 121.354 17
stats: tr_Redirect_To_New_Post 1 34.678 0.0 115.991 24.161 40.149072463768114 69
stats: tr_Post_New_Comment_On_Comment 0 0 0 127.159 12.791 25.531 58
stats: tr_Get_Logout 0 0 0 14.361 9.454 11.346588235294119 17
stats: tr_Get_Conversations 0 0 0 37.727 10.887 23.65952941176471 17
stats: tr_Authenticate_User 0 0 0 10724.198 328.36 4039.603257281554 206
stats: tr_Get_New_Conversation 0 0 0 762.117 373.064 543.2890588235294 17
stats: tr_Post_New_Conversation 0 0 0 199.034 26.581 67.33358823529412 17
stats: tr_Redirect_To_New_Conversation 1 33.108 0.0 94.874 21.797 51.84675 16
stats: tr_Reply_To_Conversation 0 0 0 97.409 37.358 73.970625 16
stats: tr_Get_Login 0 0 0 14.184 6.075 9.025764705882352 17
stats: tr_Redirect_To_Same_Conversation 0 0 0 97.171 32.035 71.36575 16
stats: tr_Post_Login 0 0 0 1001.59 117.891 178.52517647058824 17
stats: tr_Get_Book 0 0 0 558.424 351.527 420.0759285714285 70
stats: tr_Get_New_Book 0 0 0 64.465 8.113 15.833613636363639 44
stats: tr_Post_New_Book 0 0 0 52.312 9.404 13.95161363636364 44
stats: tr_Redirect_To_New_Book 0 0 0 84.984 9.848 19.144113636363638 44
# stats: dump at 1575635649
stats: users 73 114
stats: {recvpackets,"tsung_controller@ip-172-31-24-18"} 1 207.0 0.0 4703 89 1393.857142857143 14
stats: {sentpackets,"tsung_controller@ip-172-31-24-18"} 1 315.0 0.0 2095 31 595.9285714285714 14
stats: {cpu,"tsung_controller@ip-172-31-24-18"} 1 0.798004987531172 0.0 4.927824788451966 0.14992503748125938 1.2056621737183164 15
stats: {load,"tsung_controller@ip-172-31-24-18"} 1 0.0 0.0 0.0 0.0 0.0 15
stats: {freemem,"tsung_controller@ip-172-31-24-18"} 1 699.37890625 0.0 735.1328125 667.78515625 710.2348958333333 15
stats: session 1 43269.485 0.0 43269.485 5616.966 17081.07612682927 205
stats: users_count 73 279
stats: finish_users_count 1 206
stats: request 132 87.23856060606057 72.51057574570486 1001.323 5.248 142.96447452054792 1825
stats: connect 67 2.4032388059701493 4.95060107639452 210.874 1.001 4.053174757281552 206
stats: page 131 87.90557251908396 72.59412555534716 1001.323 5.248 144.23042564953005 1809
stats: tr_Initial_Get_Root 39 163.1105897435897 12.761176645205996 319.891 89.004 125.27979389312974 131
stats: 302 34 743
stats: tr_Redirect_Root 1 174.648 0.0 243.851 74.741 119.01689805825241 206
stats: 200 98 1214
stats: tr_Post_New_Comment_On_Post 0 0 0 59.478 13.576 22.465275862068967 58
stats: size_rcv 1458931 21873145
stats: tr_Get_Post 0 0 0 864.004 665.271 728.8905172413794 58
stats: newphase 1 3
stats: tr_Get_New_Post 0 0 0 79.745 9.915 19.873785714285713 70
stats: size_sent 45313 1032614
stats: tr_Post_New_Post 0 0 0 78.042 11.701 19.637057142857145 70
stats: connected 66 67
stats: tr_Redirect_To_Post 0 0 0 913.333 668.965 747.5064568965519 116
stats: tr_Get_Root 8 161.586375 18.513119145200115 185.279 89.109 121.354 17
stats: tr_Redirect_To_New_Post 0 0 0 115.991 24.161 40.07091428571429 70
stats: tr_Post_New_Comment_On_Comment 0 0 0 127.159 12.791 25.531 58
stats: tr_Get_Logout 0 0 0 14.361 9.454 11.346588235294119 17
stats: tr_Get_Conversations 0 0 0 37.727 10.887 23.65952941176471 17
stats: tr_Authenticate_User 9 1679.2307777777778 817.1132649206498 10724.198 287.194 4039.603257281554 206
stats: tr_Get_New_Conversation 0 0 0 762.117 373.064 543.2890588235294 17
stats: tr_Post_New_Conversation 0 0 0 199.034 26.581 67.33358823529412 17
stats: tr_Redirect_To_New_Conversation 0 0 0 94.874 21.797 50.74447058823529 17
stats: tr_Reply_To_Conversation 1 51.004 0.0 97.409 37.358 73.970625 16
stats: tr_Get_Login 0 0 0 14.184 6.075 9.025764705882352 17
stats: tr_Redirect_To_Same_Conversation 1 39.416 0.0 97.171 32.035 71.36575 16
stats: tr_Post_Login 0 0 0 1001.59 117.891 178.52517647058824 17
stats: tr_Get_Book 0 0 0 558.424 351.527 420.0759285714285 70
stats: tr_Get_New_Book 0 0 0 64.465 8.113 15.833613636363639 44
stats: tr_Post_New_Book 0 0 0 52.312 9.404 13.95161363636364 44
stats: tr_Redirect_To_New_Book 0 0 0 84.984 9.848 19.144113636363638 44
# stats: dump at 1575635659
stats: users 200 203
stats: {recvpackets,"tsung_controller@ip-172-31-24-18"} 1 2393.0 0.0 4703 89 1314.7333333333333 15
stats: {sentpackets,"tsung_controller@ip-172-31-24-18"} 1 1414.0 0.0 2095 31 577.2 15
stats: {cpu,"tsung_controller@ip-172-31-24-18"} 1 1.5037593984962405 0.0 4.927824788451966 0.14992503748125938 1.18018359958162 16
stats: {load,"tsung_controller@ip-172-31-24-18"} 1 0.0 0.0 0.0 0.0 0.0 16
stats: {freemem,"tsung_controller@ip-172-31-24-18"} 1 696.72265625 0.0 735.1328125 667.78515625 709.556396484375 16
stats: session 17 9114.779941176468 1773.0671730647834 43269.485 5616.966 17208.204325242717 206
stats: users_count 144 423
stats: finish_users_count 17 223
stats: connect 150 2.4520933333333326 4.272376344762817 210.874 0.976 3.6482454212454205 273
stats: request 828 128.50954227053134 205.8042244616771 1110.162 4.843 139.20575166070515 1957
stats: tr_Initial_Get_Root 85 142.12572941176478 13.144883539983272 319.891 89.004 133.9586235294117 170
stats: page 828 128.50954227053134 205.8042244616771 1110.162 4.843 140.4270463917525 1940
stats: 302 346 1089
stats: tr_Redirect_Root 108 142.88684259259267 16.537878372347404 269.655 74.741 119.28564734299516 207
stats: 200 482 1696
stats: tr_Post_New_Comment_On_Post 31 17.037225806451616 6.401935532470995 59.478 12.971 22.465275862068967 58
stats: size_rcv 10070081 31943226
stats: tr_Get_Post 31 828.6939354838707 113.83901530866943 1035.623 665.271 728.8905172413794 58
stats: newphase 0 3
stats: tr_Get_New_Post 13 12.433615384615385 1.0226232886711235 79.745 9.915 19.873785714285713 70
stats: size_sent 437741 1470355
stats: tr_Post_New_Post 13 15.106846153846156 4.5560647636065825 78.042 11.701 19.637057142857145 70
stats: connected 133 200
stats: tr_Redirect_To_Post 18 892.714 110.8389256684371 1073.043 668.965 747.5064568965519 116
stats: tr_Get_Root 16 143.5905 11.509461151591763 185.279 89.109 134.22835999999998 25
stats: tr_Redirect_To_New_Post 8 28.741125 3.902333899011589 115.991 24.161 40.07091428571429 70
stats: tr_Post_New_Comment_On_Comment 12 15.726583333333332 2.0919923302254775 127.159 12.244 25.531 58
stats: tr_Get_Logout 7 13.934428571428572 7.110831533796931 31.013 9.454 11.346588235294119 17
stats: tr_Get_Conversations 8 28.39875 18.909045089255564 68.172 10.624 23.65952941176471 17
stats: tr_Authenticate_User 129 3485.5165116279063 2026.227590748721 10724.198 287.194 3940.796967441861 215
stats: tr_Get_New_Conversation 3 1024.7266666666667 60.50628554860142 1110.276 373.064 543.2890588235294 17
stats: tr_Post_New_Conversation 2 25.1475 0.3744999999999985 199.034 24.773 67.33358823529412 17
stats: tr_Redirect_To_New_Conversation 0 0 0 94.874 21.797 50.74447058823529 17
stats: tr_Reply_To_Conversation 0 0 0 97.409 37.358 72.61964705882352 17
stats: tr_Get_Login 5 9.0182 1.4033175549390098 14.184 6.075 9.025764705882352 17
stats: tr_Redirect_To_Same_Conversation 0 0 0 97.171 32.035 69.48635294117648 17
stats: tr_Post_Login 3 128.60366666666667 1.5255233710289637 1001.59 117.891 178.52517647058824 17
stats: tr_Get_Book 23 385.39108695652175 21.953125103695964 558.424 341.838 420.0759285714285 70
stats: tr_Get_New_Book 12 10.156999999999998 1.819224880729886 64.465 8.113 15.833613636363639 44
stats: tr_Post_New_Book 7 12.912285714285714 6.514625232380398 52.312 9.404 13.95161363636364 44
stats: tr_Redirect_To_New_Book 3 11.633666666666668 1.0047561340389468 84.984 9.848 19.144113636363638 44
# stats: dump at 1575635669
stats: users 108 208
stats: {recvpackets,"tsung_controller@ip-172-31-24-18"} 1 10298.0 0.0 10298 89 1382.125 16
stats: {sentpackets,"tsung_controller@ip-172-31-24-18"} 1 4204.0 0.0 4204 31 629.5 16
stats: {cpu,"tsung_controller@ip-172-31-24-18"} 1 10.258964143426295 0.0 10.258964143426295 0.14992503748125938 1.1992174701060092 17
stats: {load,"tsung_controller@ip-172-31-24-18"} 1 0.0 0.0 0.0 0.0 0.0 17
stats: {freemem,"tsung_controller@ip-172-31-24-18"} 1 609.27734375 0.0 735.1328125 609.27734375 708.8014705882352 17
stats: session 106 14507.770028301884 3244.1531055130645 43269.485 5616.966 16591.216816143497 223
stats: users_count 14 437
stats: finish_users_count 106 329
stats: request 803 212.85582067247822 351.35032486410853 1437.983 4.843 136.02569371633749 2785
stats: page 795 214.9994540880504 352.52613356568486 1437.983 4.843 136.86212825144503 2768
stats: connect 14 3.8575714285714287 6.935540876160847 210.874 0.976 3.2240780141843963 423
stats: tr_Initial_Get_Root 8 151.44462499999997 10.603782166490182 319.891 89.004 136.68099215686274 255
stats: 302 341 1430
stats: tr_Redirect_Root 113 166.18510619469032 21.61692932045066 281.433 74.741 127.37748571428573 315
stats: 200 463 2159
stats: tr_Post_New_Comment_On_Post 34 19.881176470588237 20.10042448552443 133.085 12.971 20.57460674157304 89
stats: size_rcv 11674648 43617874
stats: tr_Get_Post 34 977.7766470588236 87.74443115457603 1169.118 665.271 763.6535056179775 89
stats: newphase 0 3
stats: tr_Get_New_Post 33 16.45290909090909 7.377151410343254 79.745 9.915 18.7084578313253 83
stats: size_sent 479123 1949478
stats: tr_Post_New_Post 33 16.204090909090905 6.1510621470759075 78.042 11.701 18.927506024096388 83
stats: connected -87 113
stats: tr_Redirect_To_Post 71 990.5825774647881 88.2928606945334 1275.669 668.965 767.011947761194 134
stats: tr_Get_Root 1 157.591 0.0 185.279 89.109 137.88187804878046 41
stats: tr_Redirect_To_New_Post 28 33.16692857142856 5.282834587663354 115.991 24.161 38.908884615384615 78
stats: tr_Post_New_Comment_On_Comment 39 16.246461538461535 6.243189560596919 127.159 12.244 23.85024285714286 70
stats: tr_Get_Logout 15 12.241266666666663 4.695129028637609 31.013 8.979 12.101375000000003 24
stats: tr_Get_Conversations 16 15.481812499999997 5.9935804117692255 68.172 9.875 25.176080000000002 25
stats: tr_Authenticate_User 92 5229.713260869566 2927.8138148446515 15542.869 287.194 3770.066796511628 344
stats: tr_Get_New_Conversation 16 1259.9415000000001 107.75840273500702 1438.175 373.064 615.5047000000001 20
stats: tr_Post_New_Conversation 14 51.87221428571429 27.8427105109567 199.034 24.484 62.89294736842106 19
stats: tr_Redirect_To_New_Conversation 10 50.1355 24.809028792961644 103.03 21.797 50.74447058823529 17
stats: tr_Reply_To_Conversation 8 56.14175 19.8984154818292 97.409 34.099 72.61964705882352 17
stats: tr_Get_Login 14 11.354571428571429 4.594277958415629 20.488 6.075 9.024045454545455 22
stats: tr_Redirect_To_Same_Conversation 8 40.773875 19.344129493450332 97.171 23.469 69.48635294117648 17
stats: tr_Post_Login 12 128.58391666666665 5.161074895444635 1001.59 117.891 171.03695 20
stats: tr_Get_Book 26 389.9308461538461 22.48840685894078 558.424 341.838 411.4979569892473 93
stats: tr_Get_New_Book 29 11.622620689655175 6.404400746759151 64.465 7.398 14.61719642857143 56
stats: tr_Post_New_Book 29 10.970758620689656 1.944473577465163 52.312 8.681 13.808960784313726 51
stats: tr_Redirect_To_New_Book 22 11.545409090909091 1.3404900955549772 84.984 9.603 18.66472340425532 47
# stats: dump at 1575635679
stats: users 20 208
stats: {recvpackets,"tsung_controller@ip-172-31-24-18"} 1 9884.0 0.0 10298 89 1906.5882352941176 17
stats: {sentpackets,"tsung_controller@ip-172-31-24-18"} 1 3238.0 0.0 4204 31 839.7647058823529 17
stats: {cpu,"tsung_controller@ip-172-31-24-18"} 1 10.149253731343283 0.0 10.258964143426295 0.14992503748125938 1.7025367297349139 18
stats: {load,"tsung_controller@ip-172-31-24-18"} 1 0.0 0.0 0.0 0.0 0.0 18
stats: {freemem,"tsung_controller@ip-172-31-24-18"} 1 611.71484375 0.0 735.1328125 609.27734375 703.2723524305555 18
stats: session 88 18691.603761363636 3993.832206499172 43269.485 5616.966 15919.954325227962 329
stats: users_count 0 437
stats: finish_users_count 88 417
stats: page 257 298.19895330739314 419.1789121509111 1513.118 4.843 154.29664243614928 3563
stats: request 270 283.8340074074076 413.6963187909343 1513.118 4.843 153.22039604236343 3588
stats: connect 0 0 0 210.874 0.976 3.24437299771167 437
stats: 302 91 1521
stats: tr_Initial_Get_Root 0 0 0 319.891 89.004 137.13007604562736 263
stats: 200 178 2337
stats: tr_Redirect_Root 9 213.4547777777778 26.429741978720273 281.433 74.741 137.6234228971963 428
stats: size_rcv 4473573 48091447
stats: tr_Post_New_Comment_On_Post 9 16.030888888888892 2.890593189581392 133.085 12.971 20.382926829268296 123
stats: newphase 0 3
stats: tr_Get_Post 9 980.8102222222221 90.61306078262152 1169.118 665.271 822.8420162601626 123
stats: size_sent 141778 2091256
stats: tr_Get_New_Post 15 14.7378 2.90082338196129 79.745 9.915 18.066793103448273 116
stats: connected -93 20
stats: tr_Post_New_Post 15 18.38693333333333 8.755350550504659 78.042 11.701 18.152741379310342 116
stats: tr_Redirect_To_Post 51 930.9324705882352 121.46870783018721 1275.669 668.965 844.4437268292681 205
stats: tr_Get_Root 0 0 0 185.279 89.109 138.35114285714286 42
stats: tr_Redirect_To_New_Post 19 30.248105263157893 6.861835744055182 115.991 24.019 37.39214150943396 106
stats: tr_Post_New_Comment_On_Comment 22 17.53768181818182 5.344912537649607 127.159 12.244 21.129623853211008 109
stats: tr_Get_Logout 3 10.564333333333332 0.881236378933347 31.013 8.979 12.155179487179488 39
stats: tr_Get_Conversations 1 10.569 0.0 68.172 9.875 21.392951219512195 41
stats: tr_Authenticate_User 1 13132.499 0.0 15542.869 287.194 4078.06559174312 436
stats: tr_Get_New_Conversation 6 1425.3625 41.903368908915546 1513.238 373.064 901.9210555555557 36
stats: tr_Post_New_Conversation 9 37.32344444444445 15.827746299254997 199.034 24.484 58.21748484848485 33
stats: tr_Redirect_To_New_Conversation 14 36.03007142857143 17.213734800461296 103.03 21.797 50.51892592592593 27
stats: tr_Reply_To_Conversation 13 58.301 26.69801186778348 129.403 34.099 67.34671999999999 25
stats: tr_Get_Login 6 9.744333333333334 4.879170034157676 20.522 6.075 9.930361111111111 36
stats: tr_Redirect_To_Same_Conversation 13 30.895 7.689480706683745 97.171 23.469 60.29836 25
stats: tr_Post_Login 9 127.49366666666668 10.797698561370487 1001.59 117.891 155.11706249999997 32
stats: tr_Get_Book 12 417.83833333333337 26.322390124927654 558.424 341.838 406.78581512605035 119
stats: tr_Get_New_Book 5 15.709200000000001 8.626072000626937 64.465 7.398 13.595517647058825 85
stats: tr_Post_New_Book 10 10.7652 0.8454824421595043 52.312 8.681 12.780112500000001 80
stats: tr_Redirect_To_New_Book 19 12.731947368421048 3.2638557513546727 84.984 9.603 16.394797101449274 69
# stats: dump at 1575635689
stats: users 0 208
stats: {recvpackets,"tsung_controller@ip-172-31-24-18"} 1 2956.0 0.0 10298 89 2349.777777777778 18
stats: {sentpackets,"tsung_controller@ip-172-31-24-18"} 1 1303.0 0.0 4204 31 973.0 18
stats: {cpu,"tsung_controller@ip-172-31-24-18"} 1 3.4448327508736893 0.0 10.258964143426295 0.14992503748125938 2.147100782451144 19
stats: {load,"tsung_controller@ip-172-31-24-18"} 1 0.0 0.0 0.0 0.0 0.0 19
stats: {freemem,"tsung_controller@ip-172-31-24-18"} 1 659.19921875 0.0 735.1328125 609.27734375 698.4535361842105 19
stats: session 20 25033.3989 3317.819958646234 43269.485 5616.966 16504.858762589927 417
stats: users_count 0 437
stats: finish_users_count 20 437
stats: connect 0 0 0 210.874 0.976 3.24437299771167 437
stats: request 27 253.98685185185184 334.4674545129143 1513.118 4.843 162.36131752203215 3858
stats: page 23 298.1907826086956 344.58129239209273 1513.118 4.843 163.9780282722513 3820
stats: 302 6 1527
stats: tr_Initial_Get_Root 0 0 0 319.891 89.004 137.13007604562736 263
stats: 200 21 2358
stats: tr_Redirect_Root 0 0 0 281.433 74.741 139.18516704805495 437
stats: size_rcv 460525 48551972
stats: tr_Post_New_Comment_On_Post 0 0 0 133.085 12.971 20.086196969696974 132
stats: newphase 0 3
stats: tr_Get_Post 0 0 0 1169.118 665.271 833.6125757575758 132
stats: size_sent 13608 2104864
stats: tr_Get_New_Post 0 0 0 79.745 9.915 17.685610687022898 131
stats: connected -20 0
stats: tr_Post_New_Post 0 0 0 78.042 11.701 18.179557251908395 131
stats: tr_Redirect_To_Post 8 770.201625 36.86544061155886 1275.669 668.965 861.6739062499998 256
stats: tr_Get_Root 0 0 0 185.279 89.109 138.35114285714286 42
stats: tr_Redirect_To_New_Post 6 31.747333333333334 2.4435298011051323 115.991 24.019 36.306248 125
stats: tr_Post_New_Comment_On_Comment 1 16.802 0.0 127.159 12.244 20.526396946564887 131
stats: tr_Get_Logout 0 0 0 31.013 8.979 12.04154761904762 42
stats: tr_Get_Conversations 0 0 0 68.172 9.875 21.135238095238094 42
stats: tr_Authenticate_User 0 0 0 15542.869 287.194 4098.785118993135 437
stats: tr_Get_New_Conversation 0 0 0 1513.238 373.064 976.6984047619047 42
stats: tr_Post_New_Conversation 0 0 0 199.034 24.484 53.74019047619048 42
stats: tr_Redirect_To_New_Conversation 1 33.478 0.0 103.03 21.797 45.571512195121954 41
stats: tr_Reply_To_Conversation 4 46.27125 5.056260395539374 129.403 34.099 64.25213157894736 38
stats: tr_Get_Login 0 0 0 20.522 6.075 9.903785714285714 42
stats: tr_Redirect_To_Same_Conversation 4 37.46175 18.05313247576442 97.171 23.469 50.239315789473686 38
stats: tr_Post_Login 1 120.348 0.0 1001.59 117.891 149.0533902439024 41
stats: tr_Get_Book 0 0 0 558.424 341.838 407.7982595419847 131
stats: tr_Get_New_Book 0 0 0 64.465 7.398 13.712944444444446 90
stats: tr_Post_New_Book 0 0 0 52.312 8.681 12.556233333333335 90
stats: tr_Redirect_To_New_Book 2 11.793 0.7650000000000001 84.984 9.603 15.603954545454544 88
# stats: dump at 1575635699
stats: users 293 293
stats: {recvpackets,"tsung_controller@ip-172-31-24-18"} 1 415.0 0.0 10298 89 2381.684210526316 19
stats: {sentpackets,"tsung_controller@ip-172-31-24-18"} 1 608.0 0.0 4204 31 990.3684210526316 19
stats: {cpu,"tsung_controller@ip-172-31-24-18"} 1 0.95 0.0 10.258964143426295 0.14992503748125938 2.2119873808722708 20
stats: {load,"tsung_controller@ip-172-31-24-18"} 1 0.0 0.0 0.0 0.0 0.0 20
stats: {freemem,"tsung_controller@ip-172-31-24-18"} 1 673.16796875 0.0 735.1328125 609.27734375 696.4908203125 20
stats: session 1 7324.352 0.0 43269.485 5616.966 16895.180965675056 437
stats: users_count 294 731
stats: finish_users_count 1 438
stats: request 836 120.06519258373211 139.90944722168692 1513.118 4.843 162.9980972972973 3885
stats: connect 287 3.0243101045296195 5.311766774783024 210.874 0.806 3.24437299771167 437
stats: page 836 120.06519258373211 139.90944722168692 1513.118 4.843 164.78127920895133 3843
stats: tr_Initial_Get_Root 172 219.2487906976744 34.642411772416786 378.069 89.004 137.13007604562736 263
stats: 302 299 1826
stats: tr_Redirect_Root 71 202.5106056338028 22.154345622408957 281.433 74.741 139.18516704805495 437
stats: 200 537 2895
stats: tr_Post_New_Comment_On_Post 13 16.99776923076923 4.254496628524952 133.085 12.971 20.086196969696974 132
stats: size_rcv 13040687 61592659
stats: tr_Get_Post 13 853.5986923076924 122.1096858933895 1169.118 665.271 833.6125757575758 132
stats: newphase 1 4
stats: tr_Get_New_Post 3 19.689666666666664 7.436581756574871 79.745 9.915 17.685610687022898 131
stats: size_sent 378509 2483373
stats: tr_Post_New_Post 2 13.2805 0.4135000000000004 78.042 11.701 18.179557251908395 131
stats: connected 286 286
stats: tr_Redirect_To_Post 3 774.84 64.74353281988867 1275.669 668.965 858.9020189393939 264
stats: tr_Get_Root 25 228.54379999999998 40.7752743853429 320.783 89.109 138.35114285714286 42
stats: tr_Redirect_To_New_Post 0 0 0 115.991 24.019 36.0974427480916 131
stats: tr_Post_New_Comment_On_Comment 3 18.275666666666666 5.106801107890885 127.159 12.244 20.49818181818182 132
stats: tr_Get_Logout 3 13.258000000000001 3.4878535901993737 31.013 8.48 12.04154761904762 42
stats: tr_Get_Conversations 0 0 0 68.172 9.875 21.135238095238094 42
stats: tr_Authenticate_User 112 2675.2831785714275 1530.2453959606169 15542.869 241.003 4098.785118993135 437
stats: tr_Get_New_Conversation 0 0 0 1513.238 373.064 976.6984047619047 42
stats: tr_Post_New_Conversation 0 0 0 199.034 24.484 53.74019047619048 42
stats: tr_Redirect_To_New_Conversation 0 0 0 103.03 21.797 45.283571428571435 42
stats: tr_Reply_To_Conversation 0 0 0 129.403 34.099 62.53966666666666 42
stats: tr_Get_Login 3 7.13 0.7245140900401223 20.522 6.075 9.903785714285714 42
stats: tr_Redirect_To_Same_Conversation 0 0 0 97.171 23.469 49.02240476190477 42
stats: tr_Post_Login 1 126.553 0.0 1001.59 117.891 148.36992857142855 42
stats: tr_Get_Book 10 397.05039999999997 46.462252692266205 558.424 341.838 407.7982595419847 131
stats: tr_Get_New_Book 6 11.59233333333333 3.270294974803071 64.465 7.398 13.712944444444446 90
stats: tr_Post_New_Book 2 10.951 1.0709999999999997 52.312 8.681 12.556233333333335 90
stats: tr_Redirect_To_New_Book 0 0 0 84.984 9.603 15.519266666666665 90
# stats: dump at 1575635709
stats: users 384 446
stats: {recvpackets,"tsung_controller@ip-172-31-24-18"} 1 14388.0 0.0 14388 89 2283.35 20
stats: {sentpackets,"tsung_controller@ip-172-31-24-18"} 1 5074.0 0.0 5074 31 971.25 20
stats: {cpu,"tsung_controller@ip-172-31-24-18"} 1 9.44527736131934 0.0 10.258964143426295 0.14992503748125938 2.151892743687877 21
stats: {load,"tsung_controller@ip-172-31-24-18"} 1 0.1484375 0.0 0.1484375 0.0 0.0 21
stats: {freemem,"tsung_controller@ip-172-31-24-18"} 1 604.06640625 0.0 735.1328125 604.06640625 695.3802083333334 21
stats: session 95 11836.286168421057 3083.995482448079 43269.485 5616.966 16873.329757990865 438
stats: users_count 186 917
stats: finish_users_count 95 533
stats: connect 193 34.799917098445576 63.46101833844704 242.567 0.806 3.157138121546962 724
stats: request 1934 199.4979663908999 338.72999871289915 2505.767 4.843 155.39549015039188 4721
stats: page 1932 199.7046283643894 338.8490538472685 2505.767 4.843 156.79182667236591 4679
stats: tr_Initial_Get_Root 117 267.56421367521375 74.71565198391626 501.588 89.004 169.60000459770114 435
stats: 302 843 2669
stats: tr_Redirect_Root 277 250.1386859205775 56.620953984686736 598.928 74.741 148.0357696850394 508
stats: tr_Post_New_Comment_On_Post 69 15.96495652173913 2.822762001471293 133.085 12.663 19.809303448275866 145
stats: 200 1092 3987
stats: tr_Get_Post 69 1131.605043478261 136.00999628186273 1406.273 665.271 835.4044344827586 145
stats: size_rcv 32502774 94095433
stats: tr_Get_New_Post 58 19.296310344827578 9.67556927525393 79.745 9.915 17.730477611940294 134
stats: newphase 0 4
stats: tr_Post_New_Post 59 15.9752033898305 5.305303217519148 78.042 11.701 18.105887218045112 133
stats: size_sent 1099207 3582580
stats: tr_Redirect_To_Post 81 1210.807024691358 155.73568529560976 1744.213 668.965 857.957501872659 267
stats: connected 98 384
stats: tr_Get_Root 26 284.9313076923076 88.4777458533497 483.134 89.109 172.0051194029851 67
stats: tr_Redirect_To_New_Post 33 39.62439393939393 13.340129148299 115.991 24.019 36.0974427480916 131
stats: tr_Post_New_Comment_On_Comment 47 20.732319148936167 18.095192373274276 136.483 12.244 20.448792592592596 135
stats: tr_Get_Logout 22 10.600090909090909 2.1967334407973476 31.013 8.449 12.122644444444445 45
stats: tr_Get_Conversations 24 13.697083333333332 5.489622064379498 68.172 9.709 21.135238095238094 42
stats: tr_Authenticate_User 298 4107.608261744965 2579.1699808857165 15542.869 241.003 3808.3803515482696 549
stats: tr_Get_New_Conversation 9 2206.7064444444445 187.3771289607678 2505.88 373.064 976.6984047619047 42
stats: tr_Post_New_Conversation 6 29.79216666666667 3.261131368950897 199.034 24.484 53.74019047619048 42
stats: tr_Redirect_To_New_Conversation 2 32.476 9.922000000000004 103.03 21.797 45.283571428571435 42
stats: tr_Reply_To_Conversation 2 53.2225 16.0565 129.403 34.099 62.53966666666666 42
stats: tr_Get_Login 13 9.761153846153846 5.06709011998244 26.625 6.075 9.718866666666667 45
stats: tr_Redirect_To_Same_Conversation 2 28.9555 0.03950000000000031 97.171 23.469 49.02240476190477 42
stats: tr_Post_Login 13 134.50438461538462 16.351049444270974 1001.59 117.891 147.86255813953485 43
stats: tr_Get_Book 69 427.4929130434781 58.88708555786816 653.792 341.838 407.03599999999994 141
stats: tr_Get_New_Book 45 13.0724 8.540883582705794 64.465 7.398 13.580406250000003 96
stats: tr_Post_New_Book 40 11.722850000000001 6.119273288348871 52.312 8.681 12.521336956521742 92
stats: tr_Redirect_To_New_Book 22 12.646318181818186 5.481325465004407 84.984 8.786 15.519266666666665 90
# stats: dump at 1575635719
stats: users 151 446
stats: {recvpackets,"tsung_controller@ip-172-31-24-18"} 1 27936.0 0.0 27936 89 2859.7619047619046 21
stats: {sentpackets,"tsung_controller@ip-172-31-24-18"} 1 8746.0 0.0 8746 31 1166.6190476190477 21
stats: {cpu,"tsung_controller@ip-172-31-24-18"} 1 21.51454363089268 0.0 21.51454363089268 0.14992503748125938 2.4834102263074893 22
stats: {load,"tsung_controller@ip-172-31-24-18"} 1 0.12109375 0.0 0.1484375 0.0 0.006747159090909091 22
stats: {freemem,"tsung_controller@ip-172-31-24-18"} 1 491.1484375 0.0 735.1328125 491.1484375 691.2295809659091 22
stats: session 233 16645.169746781106 3865.213307563522 43269.485 5616.966 15975.5452532833 533
stats: users_count 0 917
stats: finish_users_count 233 766
stats: request 1168 355.80104109588984 570.9237114674596 2671.864 4.843 168.2120474830955 6655
stats: connect 0 0 0 242.567 0.806 9.816959651035983 917
stats: tr_Initial_Get_Root 0 0 0 501.588 89.004 190.36415760869565 552
stats: page 1152 360.744776041666 573.3558740595118 2671.864 4.843 169.3326726667676 6611
stats: 302 433 3102
stats: tr_Redirect_Root 127 302.6096929133858 49.803680121353516 598.928 74.741 184.06444203821655 785
stats: 200 734 4721
stats: tr_Post_New_Comment_On_Post 56 16.467321428571427 4.322747502238855 133.085 12.663 18.569771028037387 214
stats: size_rcv 24128730 118224163
stats: tr_Get_Post 56 1250.5810714285712 122.84794040483206 1537.454 665.271 930.9083691588785 214
stats: newphase 0 4
stats: tr_Get_New_Post 73 19.23027397260274 7.3404948010974715 79.745 9.915 18.203489583333326 192
stats: size_sent 654632 4237212
stats: tr_Post_New_Post 73 18.233178082191785 16.210911830170048 133.584 11.701 17.45114583333333 192
stats: connected -232 152
stats: tr_Redirect_To_Post 146 1248.9665547945203 113.75569336840465 1744.213 668.965 940.0862701149425 348
stats: tr_Get_Root 0 0 0 483.134 89.109 203.5758817204301 93
stats: tr_Redirect_To_New_Post 74 36.95097297297297 14.57660724064136 141.071 24.019 36.807134146341454 164
stats: tr_Post_New_Comment_On_Comment 68 19.242470588235296 11.80343829327932 136.483 12.244 20.52201098901099 182
stats: tr_Get_Logout 24 10.539416666666666 1.548096140335677 31.013 8.449 11.622701492537313 67
stats: tr_Get_Conversations 22 15.038227272727273 7.75014985738879 68.172 8.92 18.430454545454545 66
stats: tr_Authenticate_User 69 7253.717971014494 3551.7828391933376 17420.843 241.003 3913.6577036599756 847
stats: tr_Get_New_Conversation 32 2431.70828125 110.50802050480162 2672.014 373.064 1193.7586470588235 51
stats: tr_Post_New_Conversation 33 38.71142424242425 27.480309208297758 199.034 24.226 50.74668750000001 48
stats: tr_Redirect_To_New_Conversation 20 35.125199999999985 29.246919050730796 153.196 21.797 44.701409090909095 44
stats: tr_Reply_To_Conversation 16 40.826125 8.140621973128036 129.403 33.81 62.116159090909086 44
stats: tr_Get_Login 30 9.567833333333335 3.83365419309335 26.625 6.075 9.728344827586207 58
stats: tr_Redirect_To_Same_Conversation 16 36.429437500000006 29.489225750621085 149.232 23.469 48.110272727272736 44
stats: tr_Post_Login 29 130.29182758620686 9.941919006006716 1001.59 117.891 144.76155357142855 56
stats: tr_Get_Book 64 427.7116562500001 42.89453399808754 653.792 341.838 413.7575571428571 210
stats: tr_Get_New_Book 30 10.567 3.3590340377356496 64.465 7.398 13.418276595744683 141
stats: tr_Post_New_Book 35 12.281028571428571 8.106751001429839 53.279 8.681 12.279371212121214 132
stats: tr_Redirect_To_New_Book 40 12.768900000000002 5.570569058902333 84.984 8.786 14.9549375 112
# stats: dump at 1575635729
stats: users 30 446
stats: {recvpackets,"tsung_controller@ip-172-31-24-18"} 1 16889.0 0.0 27936 89 3999.590909090909 22
stats: {sentpackets,"tsung_controller@ip-172-31-24-18"} 1 5310.0 0.0 8746 31 1511.1363636363637 22
stats: {cpu,"tsung_controller@ip-172-31-24-18"} 1 15.104685942173479 0.0 21.51454363089268 0.14992503748125938 3.3108508091155406 23
stats: {load,"tsung_controller@ip-172-31-24-18"} 1 0.1015625 0.0 0.1484375 0.0 0.01171875 23
stats: {freemem,"tsung_controller@ip-172-31-24-18"} 1 560.88671875 0.0 735.1328125 491.1484375 682.5304008152174 23
stats: session 121 22849.771966942142 4281.4894778542375 43269.485 5616.966 16179.229988250649 766
stats: users_count 0 917
stats: finish_users_count 121 887
stats: connect 0 0 0 242.567 0.806 9.816959651035983 917
stats: page 264 278.0928409090909 514.5450715791783 2671.864 4.843 197.73750882390829 7763
stats: tr_Initial_Get_Root 0 0 0 501.588 89.004 190.36415760869565 552
stats: request 286 256.68885664335664 499.69382755554324 2671.864 4.843 196.2197100856449 7823
stats: 302 89 3191
stats: tr_Redirect_Root 4 343.77775 53.134936526615896 598.928 74.741 200.57238815789472 912
stats: 200 197 4918
stats: tr_Post_New_Comment_On_Post 2 14.8275 0.9384999999999999 133.085 12.663 18.13370740740741 270
stats: size_rcv 4095063 122319226
stats: tr_Get_Post 2 926.3725 152.09949999999995 1537.454 665.271 997.2108555555554 270
stats: newphase 0 4
stats: tr_Get_New_Post 16 17.113562500000004 6.696742911378169 79.745 9.915 18.486339622641506 265
stats: size_sent 151026 4388238
stats: tr_Post_New_Post 16 15.684499999999996 3.861119073532956 133.584 11.701 17.66657358490566 265
stats: connected -122 30
stats: tr_Redirect_To_Post 46 911.8987608695652 125.88817937777762 1744.213 668.965 1031.3747753036437 494
stats: tr_Get_Root 0 0 0 483.134 89.109 203.5758817204301 93
stats: tr_Redirect_To_New_Post 34 30.139352941176465 4.043324141189604 141.071 24.019 36.851857142857135 238
stats: tr_Post_New_Comment_On_Comment 20 16.408250000000002 2.731382797686915 136.483 12.131 20.173976000000003 250
stats: tr_Get_Logout 2 12.026 1.8349999999999995 31.013 8.449 11.337 91
stats: tr_Get_Conversations 5 12.6104 2.946802239716809 68.172 8.92 17.582397727272724 88
stats: tr_Authenticate_User 1 13711.208 0.0 17420.843 241.003 4165.256129912663 916
stats: tr_Get_New_Conversation 8 2442.411625 99.00922075738386 2672.014 373.064 1671.0404337349398 83
stats: tr_Post_New_Conversation 8 31.346500000000002 9.19901335742046 199.034 24.226 45.84343209876544 81
stats: tr_Redirect_To_New_Conversation 22 27.75863636363636 7.673811939704439 153.196 21.797 41.70884375 64
stats: tr_Reply_To_Conversation 22 41.320954545454555 3.003181441515173 129.403 33.81 56.43881666666666 60
stats: tr_Get_Login 5 7.141 0.9666062279956609 26.625 6.075 9.673625 88
stats: tr_Redirect_To_Same_Conversation 22 30.70118181818182 9.506115441394762 149.232 23.256 44.99538333333334 60
stats: tr_Post_Login 8 124.40125 3.685026653567114 1001.59 117.195 139.82482352941173 85
stats: tr_Get_Book 7 423.96742857142857 23.75939497099527 653.792 341.838 417.016908759124 274
stats: tr_Get_New_Book 6 10.147166666666665 0.8497378844221449 64.465 7.398 12.918052631578949 171
stats: tr_Post_New_Book 10 12.6243 3.0846294445200386 53.279 8.681 12.279718562874253 167
stats: tr_Redirect_To_New_Book 20 12.970499999999998 4.055690773468806 84.984 8.786 14.37966447368421 152
# stats: dump at 1575635739
stats: users 4 446
stats: {recvpackets,"tsung_controller@ip-172-31-24-18"} 1 2945.0 0.0 27936 89 4560.0 23
stats: {sentpackets,"tsung_controller@ip-172-31-24-18"} 1 1439.0 0.0 8746 31 1676.304347826087 23
stats: {cpu,"tsung_controller@ip-172-31-24-18"} 1 3.5235732009925558 0.0 21.51454363089268 0.14992503748125938 3.802260606326288 24
stats: {load,"tsung_controller@ip-172-31-24-18"} 1 0.08984375 0.0 0.1484375 0.0 0.015462239583333334 24
stats: {freemem,"tsung_controller@ip-172-31-24-18"} 1 618.7890625 0.0 735.1328125 491.1484375 677.4619140625 24
stats: session 26 32072.192346153843 3265.087032294852 43269.485 5616.966 17089.1911826381 887
stats: users_count 0 917
stats: finish_users_count 26 913
stats: page 42 261.7455238095237 628.4550324432146 2925.125 4.843 200.38031531082595 8027
stats: request 50 219.8394 583.5413170932115 2925.125 4.843 198.35242385004315 8109
stats: 302 15 3206
stats: connect 0 0 0 242.567 0.806 9.816959651035983 917
stats: tr_Initial_Get_Root 0 0 0 501.588 89.004 190.36415760869565 552
stats: 200 35 4953
stats: tr_Redirect_Root 1 336.633 0.0 598.928 74.741 201.1977390829694 916
stats: size_rcv 510608 122829834
stats: tr_Post_New_Comment_On_Post 0 0 0 133.085 12.663 18.109397058823532 272
stats: newphase 0 4
stats: tr_Get_Post 0 0 0 1537.454 665.271 996.6899852941176 272
stats: size_sent 27810 4416048
stats: tr_Get_New_Post 1 24.238 0.0 79.745 9.915 18.408174377224196 281
stats: connected -26 4
stats: tr_Post_New_Post 1 16.961 0.0 133.584 11.701 17.553715302491103 281
stats: tr_Redirect_To_Post 4 772.54125 51.76628763671867 1744.213 668.965 1021.1971888888888 540
stats: tr_Get_Root 0 0 0 483.134 89.109 203.5758817204301 93
stats: tr_Redirect_To_New_Post 10 31.382199999999994 5.1169376935819715 141.071 24.019 36.01279411764705 272
stats: tr_Post_New_Comment_On_Comment 2 17.523 1.904 136.483 12.131 19.895033333333334 270
stats: tr_Get_Logout 0 0 0 31.013 8.449 11.351817204301073 93
stats: tr_Get_Conversations 0 0 0 68.172 8.92 17.315086021505373 93
stats: tr_Authenticate_User 0 0 0 17420.843 241.003 4175.666110141766 917
stats: tr_Get_New_Conversation 2 2884.697 40.596000000000004 2925.293 373.064 1738.8532857142857 91
stats: tr_Post_New_Conversation 4 36.09325 6.889694999599042 199.034 24.226 44.54033707865169 89
stats: tr_Redirect_To_New_Conversation 4 29.31875 2.7114956550767326 153.196 21.797 38.14018604651163 86
stats: tr_Reply_To_Conversation 8 46.10275000000001 11.160959778957183 129.403 33.81 52.38280487804877 82
stats: tr_Get_Login 0 0 0 26.625 6.075 9.537462365591399 93
stats: tr_Redirect_To_Same_Conversation 8 30.57725 6.165779690152737 149.232 23.256 41.16035365853659 82
stats: tr_Post_Login 0 0 0 1001.59 117.195 138.49806451612898 93
stats: tr_Get_Book 1 491.51 0.0 653.792 341.838 417.19005338078284 281
stats: tr_Get_New_Book 0 0 0 64.465 7.398 12.82412429378531 177
stats: tr_Post_New_Book 0 0 0 53.279 8.681 12.299186440677968 177
stats: tr_Redirect_To_New_Book 4 11.8085 0.35793470074861417 84.984 8.786 14.215808139534882 172
# stats: dump at 1575635749
stats: users 0 446
stats: {recvpackets,"tsung_controller@ip-172-31-24-18"} 1 679.0 0.0 27936 89 4492.708333333333 24
stats: {sentpackets,"tsung_controller@ip-172-31-24-18"} 1 815.0 0.0 8746 31 1666.4166666666667 24
stats: {cpu,"tsung_controller@ip-172-31-24-18"} 1 1.898101898101898 0.0 21.51454363089268 0.14992503748125938 3.791113110112939 25
stats: {load,"tsung_controller@ip-172-31-24-18"} 1 0.0703125 0.0 0.1484375 0.0 0.0184375 25
stats: {freemem,"tsung_controller@ip-172-31-24-18"} 1 628.76171875 0.0 735.1328125 491.1484375 675.115 25
stats: session 4 43187.78525 4959.702157382709 47226.114 5616.966 17515.87029572836 913
stats: users_count 0 917
stats: finish_users_count 4 917
stats: request 10 41.496 19.817241367052073 2925.125 4.843 198.4841003799485 8159
stats: connect 0 0 0 242.567 0.806 9.816959651035983 917
stats: tr_Initial_Get_Root 0 0 0 501.588 89.004 190.36415760869565 552
stats: page 7 59.34342857142857 36.58464661129679 2925.125 4.843 200.6997277233858 8069
stats: 302 3 3209
stats: tr_Redirect_Root 0 0 0 598.928 74.741 201.34543293347872 917
stats: 200 7 4960
stats: tr_Post_New_Comment_On_Post 0 0 0 133.085 12.663 18.109397058823532 272
stats: size_rcv 15859 122845693
stats: tr_Get_Post 0 0 0 1537.454 665.271 996.6899852941176 272
stats: newphase 0 4
stats: tr_Get_New_Post 0 0 0 79.745 9.915 18.428847517730496 282
stats: size_sent 5253 4421301
stats: tr_Post_New_Post 0 0 0 133.584 11.701 17.551613475177305 282
stats: connected -4 0
stats: tr_Redirect_To_Post 0 0 0 1744.213 668.965 1019.3688363970588 544
stats: tr_Get_Root 0 0 0 483.134 89.109 203.5758817204301 93
stats: tr_Redirect_To_New_Post 0 0 0 141.071 24.019 35.848588652482256 282
stats: tr_Post_New_Comment_On_Comment 0 0 0 136.483 12.131 19.87759191176471 272
stats: tr_Get_Logout 0 0 0 31.013 8.449 11.351817204301073 93
stats: tr_Get_Conversations 0 0 0 68.172 8.92 17.315086021505373 93
stats: tr_Authenticate_User 0 0 0 17420.843 241.003 4175.666110141766 917
stats: tr_Get_New_Conversation 0 0 0 2925.293 373.064 1763.4950860215054 93
stats: tr_Post_New_Conversation 0 0 0 199.034 24.226 44.17702150537634 93
stats: tr_Redirect_To_New_Conversation 3 33.266 1.0395085377234758 153.196 21.797 37.74812222222222 90
stats: tr_Reply_To_Conversation 3 65.04700000000001 20.241598701683625 129.403 33.81 51.824577777777776 90
stats: tr_Get_Login 0 0 0 26.625 6.075 9.537462365591399 93
stats: tr_Redirect_To_Same_Conversation 3 34.39366666666667 7.04511056612236 149.232 23.256 40.21963333333334 90
stats: tr_Post_Login 0 0 0 1001.59 117.195 138.49806451612898 93
stats: tr_Get_Book 0 0 0 653.792 341.838 417.45359929078006 282
stats: tr_Get_New_Book 0 0 0 64.465 7.398 12.82412429378531 177
stats: tr_Post_New_Book 0 0 0 53.279 8.681 12.299186440677968 177
stats: tr_Redirect_To_New_Book 1 18.451 0.0 84.984 8.786 14.16109659090909 176
# stats: dump at 1575635750
stats: users 0 446
stats: {recvpackets,"tsung_controller@ip-172-31-24-18"} 1 53.0 0.0 27936 53 4340.16 25
stats: {sentpackets,"tsung_controller@ip-172-31-24-18"} 1 44.0 0.0 8746 31 1632.36 25
stats: {cpu,"tsung_controller@ip-172-31-24-18"} 1 0.1998001998001998 0.0 21.51454363089268 0.14992503748125938 3.7183049865740525 26
stats: {load,"tsung_controller@ip-172-31-24-18"} 1 0.05859375 0.0 0.1484375 0.0 0.020432692307692308 26
stats: {freemem,"tsung_controller@ip-172-31-24-18"} 1 634.0703125 0.0 735.1328125 491.1484375 673.3321814903846 26
stats: session 0 0 0 47226.114 5616.966 17627.852476553973 917
stats: users_count 0 917
stats: finish_users_count 0 917
stats: request 0 0 0 2925.125 4.843 198.29192496021543 8169
stats: tr_Initial_Get_Root 0 0 0 501.588 89.004 190.36415760869565 552
stats: connect 0 0 0 242.567 0.806 9.816959651035983 917
stats: page 0 0 0 2925.125 4.843 200.57720492818225 8076
stats: 302 0 3209
stats: tr_Redirect_Root 0 0 0 598.928 74.741 201.34543293347872 917
stats: 200 0 4960
stats: tr_Post_New_Comment_On_Post 0 0 0 133.085 12.663 18.109397058823532 272
stats: size_rcv 0 122845693
stats: tr_Get_Post 0 0 0 1537.454 665.271 996.6899852941176 272
stats: newphase 0 4
stats: tr_Get_New_Post 0 0 0 79.745 9.915 18.428847517730496 282
stats: size_sent 0 4421301
stats: tr_Post_New_Post 0 0 0 133.584 11.701 17.551613475177305 282
stats: connected 0 0
stats: tr_Redirect_To_Post 0 0 0 1744.213 668.965 1019.3688363970588 544
stats: tr_Get_Root 0 0 0 483.134 89.109 203.5758817204301 93
stats: tr_Redirect_To_New_Post 0 0 0 141.071 24.019 35.848588652482256 282
stats: tr_Post_New_Comment_On_Comment 0 0 0 136.483 12.131 19.87759191176471 272
stats: tr_Get_Logout 0 0 0 31.013 8.449 11.351817204301073 93
stats: tr_Get_Conversations 0 0 0 68.172 8.92 17.315086021505373 93
stats: tr_Authenticate_User 0 0 0 17420.843 241.003 4175.666110141766 917
stats: tr_Get_New_Conversation 0 0 0 2925.293 373.064 1763.4950860215054 93
stats: tr_Post_New_Conversation 0 0 0 199.034 24.226 44.17702150537634 93
stats: tr_Redirect_To_New_Conversation 0 0 0 153.196 21.797 37.6035376344086 93
stats: tr_Reply_To_Conversation 0 0 0 129.403 33.81 52.25110752688171 93
stats: tr_Get_Login 0 0 0 26.625 6.075 9.537462365591399 93
stats: tr_Redirect_To_Same_Conversation 0 0 0 149.232 23.256 40.03169892473119 93
stats: tr_Post_Login 0 0 0 1001.59 117.195 138.49806451612898 93
stats: tr_Get_Book 0 0 0 653.792 341.838 417.45359929078006 282
stats: tr_Get_New_Book 0 0 0 64.465 7.398 12.82412429378531 177
stats: tr_Post_New_Book 0 0 0 53.279 8.681 12.299186440677968 177
stats: tr_Redirect_To_New_Book 0 0 0 84.984 8.786 14.18533333333333 177
EndMonitor:{1575,635750,741174}
