
=INFO REPORT==== 9-Dec-2019::12:26:50 ===
    ts_config_server:(5:<0.102.0>) Config server started, logdir is "/home/ec2-user/.tsung/log/20191209-1226"
 
=INFO REPORT==== 9-Dec-2019::12:26:50 ===
              ts_mon:(5:<0.83.0>) starting monitor, global 

=INFO REPORT==== 9-Dec-2019::12:26:50 ===
           ts_config:(5:<0.102.0>) Reading config file: simple.xml

=INFO REPORT==== 9-Dec-2019::12:26:50 ===
           ts_config:(5:<0.102.0>) Session name for id 1 is "Register-Logout-Login"

=INFO REPORT==== 9-Dec-2019::12:26:50 ===
           ts_config:(5:<0.102.0>) Session name for id 2 is "Create-Book"

=INFO REPORT==== 9-Dec-2019::12:26:50 ===
           ts_config:(5:<0.102.0>) Session name for id 3 is "Create-Post"

=INFO REPORT==== 9-Dec-2019::12:26:50 ===
           ts_config:(5:<0.102.0>) Session name for id 4 is "Add_Comment"

=INFO REPORT==== 9-Dec-2019::12:26:50 ===
           ts_config:(5:<0.102.0>) Session name for id 5 is "Send-Message"

=INFO REPORT==== 9-Dec-2019::12:26:50 ===
    ts_config_server:(4:<0.102.0>) SYSINFO:Tsung version: 1.7.0

=INFO REPORT==== 9-Dec-2019::12:26:50 ===
    ts_config_server:(4:<0.102.0>) SYSINFO:Erlang version: Erlang/OTP 20 [erts-9.1] [source] [64-bit] [smp:96:96] [ds:96:96:10] [async-threads:8] [hipe] [kernel-poll:true]


=INFO REPORT==== 9-Dec-2019::12:26:50 ===
    ts_config_server:(4:<0.102.0>) SYSINFO:System architecture x86_64-unknown-linux-gnu

=INFO REPORT==== 9-Dec-2019::12:26:50 ===
    ts_config_server:(4:<0.102.0>) SYSINFO:Current path: /usr/local/lib/tsung/tsung-1.7.0/ebin/tsung.beam

=INFO REPORT==== 9-Dec-2019::12:26:50 ===
              ts_mon:(5:<0.103.0>) Activate clients with text backend

=INFO REPORT==== 9-Dec-2019::12:26:50 ===
              ts_mon:(5:<0.103.0>) Starting tsung clients on hosts: [localhost]

=INFO REPORT==== 9-Dec-2019::12:26:50 ===
    ts_config_server:(5:<0.102.0>) Start a launcher on the controller beam localhost

=INFO REPORT==== 9-Dec-2019::12:26:50 ===
  ts_launcher_static:(5:<0.154.0>) Launch msg receive ("localhost")

=INFO REPORT==== 9-Dec-2019::12:26:50 ===
         ts_launcher:(5:<0.155.0>) Launch msg receive ("localhost")

=INFO REPORT==== 9-Dec-2019::12:26:50 ===
    ts_config_server:(5:<0.102.0>) New arrival phase 1 for client "localhost" (last ? true): will start 30 users

=INFO REPORT==== 9-Dec-2019::12:26:50 ===
    ts_config_server:(5:<0.102.0>) New arrival phase 2 for client "localhost" (last ? true): will start 60 users

=INFO REPORT==== 9-Dec-2019::12:26:50 ===
    ts_config_server:(5:<0.102.0>) New arrival phase 3 for client "localhost" (last ? true): will start 120 users

=INFO REPORT==== 9-Dec-2019::12:26:50 ===
    ts_config_server:(5:<0.102.0>) New arrival phase 4 for client "localhost" (last ? true): will start 240 users

=INFO REPORT==== 9-Dec-2019::12:26:50 ===
    ts_config_server:(5:<0.102.0>) New arrival phase 5 for client "localhost" (last ? true): will start 480 users

=INFO REPORT==== 9-Dec-2019::12:26:50 ===
    ts_config_server:(5:<0.102.0>) New arrival phase 6 for client "localhost" (last ? true): will start 960 users

=INFO REPORT==== 9-Dec-2019::12:26:50 ===
         ts_launcher:(5:<0.155.0>) Expected duration of first phase: 15.0 sec (30 users) 

=INFO REPORT==== 9-Dec-2019::12:26:50 ===
         ts_launcher:(5:<0.155.0>) Activate launcher (30 users) in 1178 msec 

=INFO REPORT==== 9-Dec-2019::12:27:06 ===
         ts_launcher:(5:<0.155.0>) Phase duration exceeded, but not all users were launched (3 users, 10.0% of phase)

=INFO REPORT==== 9-Dec-2019::12:27:06 ===
         ts_launcher:(5:<0.155.0>) Wait for all sessions to finish before starting next phase (still 26 sessions active)
=INFO REPORT==== 9-Dec-2019::12:27:11 ===
         ts_launcher:(5:<0.155.0>) Wait for all sessions to finish before starting next phase (still 23 sessions active)
=INFO REPORT==== 9-Dec-2019::12:27:16 ===
         ts_launcher:(5:<0.155.0>) Wait for all sessions to finish before starting next phase (still 10 sessions active)
=INFO REPORT==== 9-Dec-2019::12:27:21 ===
         ts_launcher:(5:<0.155.0>) Wait for all sessions to finish before starting next phase (still 5 sessions active)
=INFO REPORT==== 9-Dec-2019::12:27:26 ===
         ts_launcher:(5:<0.155.0>) Wait for all sessions to finish before starting next phase (still 1 sessions active)
=INFO REPORT==== 9-Dec-2019::12:27:31 ===
         ts_launcher:(5:<0.155.0>) Start a new arrival phase (60 users, 0.004); expected duration=15.0 sec

=INFO REPORT==== 9-Dec-2019::12:27:46 ===
         ts_launcher:(4:<0.155.0>) Phase duration exceeded, more than 20% (25.0%) of users were not launched in time (15 users), tsung may be overloaded !

=INFO REPORT==== 9-Dec-2019::12:27:46 ===
         ts_launcher:(5:<0.155.0>) Wait for all sessions to finish before starting next phase (still 39 sessions active)
=INFO REPORT==== 9-Dec-2019::12:27:51 ===
         ts_launcher:(5:<0.155.0>) Wait for all sessions to finish before starting next phase (still 31 sessions active)
=INFO REPORT==== 9-Dec-2019::12:27:56 ===
         ts_launcher:(5:<0.155.0>) Wait for all sessions to finish before starting next phase (still 20 sessions active)
=INFO REPORT==== 9-Dec-2019::12:28:01 ===
         ts_launcher:(5:<0.155.0>) Wait for all sessions to finish before starting next phase (still 10 sessions active)
=INFO REPORT==== 9-Dec-2019::12:28:06 ===
         ts_launcher:(5:<0.155.0>) Wait for all sessions to finish before starting next phase (still 4 sessions active)
=INFO REPORT==== 9-Dec-2019::12:28:11 ===
         ts_launcher:(5:<0.155.0>) Wait for all sessions to finish before starting next phase (still 2 sessions active)
=INFO REPORT==== 9-Dec-2019::12:28:16 ===
         ts_launcher:(5:<0.155.0>) Wait for all sessions to finish before starting next phase (still 2 sessions active)
=INFO REPORT==== 9-Dec-2019::12:28:21 ===
         ts_launcher:(5:<0.155.0>) Start a new arrival phase (120 users, 0.008); expected duration=15.0 sec

=INFO REPORT==== 9-Dec-2019::12:28:35 ===
         ts_launcher:(4:<0.155.0>) Need to wait 1.297 sec before changing phase, going to sleep

=INFO REPORT==== 9-Dec-2019::12:28:36 ===
         ts_launcher:(5:<0.155.0>) Waking up

=INFO REPORT==== 9-Dec-2019::12:28:36 ===
         ts_launcher:(5:<0.155.0>) Wait for all sessions to finish before starting next phase (still 106 sessions active)
=INFO REPORT==== 9-Dec-2019::12:28:41 ===
         ts_launcher:(5:<0.155.0>) Wait for all sessions to finish before starting next phase (still 77 sessions active)
=INFO REPORT==== 9-Dec-2019::12:28:46 ===
         ts_launcher:(5:<0.155.0>) Wait for all sessions to finish before starting next phase (still 36 sessions active)
=INFO REPORT==== 9-Dec-2019::12:28:51 ===
         ts_launcher:(5:<0.155.0>) Wait for all sessions to finish before starting next phase (still 12 sessions active)
=INFO REPORT==== 9-Dec-2019::12:28:56 ===
         ts_launcher:(5:<0.155.0>) Wait for all sessions to finish before starting next phase (still 6 sessions active)
=INFO REPORT==== 9-Dec-2019::12:29:01 ===
         ts_launcher:(5:<0.155.0>) Wait for all sessions to finish before starting next phase (still 3 sessions active)
=INFO REPORT==== 9-Dec-2019::12:29:06 ===
         ts_launcher:(5:<0.155.0>) Start a new arrival phase (240 users, 0.016); expected duration=15.0 sec

=INFO REPORT==== 9-Dec-2019::12:29:21 ===
         ts_launcher:(5:<0.155.0>) Phase duration exceeded, but not all users were launched (14 users, 5.8% of phase)

=INFO REPORT==== 9-Dec-2019::12:29:21 ===
         ts_launcher:(5:<0.155.0>) Wait for all sessions to finish before starting next phase (still 195 sessions active)
=INFO REPORT==== 9-Dec-2019::12:29:26 ===
         ts_launcher:(5:<0.155.0>) Wait for all sessions to finish before starting next phase (still 148 sessions active)
=INFO REPORT==== 9-Dec-2019::12:29:31 ===
         ts_launcher:(5:<0.155.0>) Wait for all sessions to finish before starting next phase (still 89 sessions active)
=INFO REPORT==== 9-Dec-2019::12:29:36 ===
         ts_launcher:(5:<0.155.0>) Wait for all sessions to finish before starting next phase (still 41 sessions active)
=INFO REPORT==== 9-Dec-2019::12:29:41 ===
         ts_launcher:(5:<0.155.0>) Wait for all sessions to finish before starting next phase (still 19 sessions active)
=INFO REPORT==== 9-Dec-2019::12:29:46 ===
         ts_launcher:(5:<0.155.0>) Wait for all sessions to finish before starting next phase (still 5 sessions active)
=INFO REPORT==== 9-Dec-2019::12:29:51 ===
         ts_launcher:(5:<0.155.0>) Wait for all sessions to finish before starting next phase (still 3 sessions active)
=INFO REPORT==== 9-Dec-2019::12:29:56 ===
         ts_launcher:(5:<0.155.0>) Wait for all sessions to finish before starting next phase (still 1 sessions active)
=INFO REPORT==== 9-Dec-2019::12:30:01 ===
         ts_launcher:(5:<0.155.0>) Wait for all sessions to finish before starting next phase (still 1 sessions active)
=INFO REPORT==== 9-Dec-2019::12:30:06 ===
         ts_launcher:(5:<0.155.0>) Start a new arrival phase (480 users, 0.032); expected duration=15.0 sec

=INFO REPORT==== 9-Dec-2019::12:30:22 ===
         ts_launcher:(5:<0.155.0>) Phase duration exceeded, but not all users were launched (4 users, 0.8% of phase)

=INFO REPORT==== 9-Dec-2019::12:30:22 ===
         ts_launcher:(5:<0.155.0>) Wait for all sessions to finish before starting next phase (still 416 sessions active)
=INFO REPORT==== 9-Dec-2019::12:30:27 ===
         ts_launcher:(5:<0.155.0>) Wait for all sessions to finish before starting next phase (still 334 sessions active)
=INFO REPORT==== 9-Dec-2019::12:30:32 ===
         ts_launcher:(5:<0.155.0>) Wait for all sessions to finish before starting next phase (still 215 sessions active)
=INFO REPORT==== 9-Dec-2019::12:30:37 ===
         ts_launcher:(5:<0.155.0>) Wait for all sessions to finish before starting next phase (still 114 sessions active)
=INFO REPORT==== 9-Dec-2019::12:30:42 ===
         ts_launcher:(5:<0.155.0>) Wait for all sessions to finish before starting next phase (still 58 sessions active)
=INFO REPORT==== 9-Dec-2019::12:30:47 ===
         ts_launcher:(5:<0.155.0>) Wait for all sessions to finish before starting next phase (still 38 sessions active)
=INFO REPORT==== 9-Dec-2019::12:30:52 ===
         ts_launcher:(5:<0.155.0>) Wait for all sessions to finish before starting next phase (still 25 sessions active)
=INFO REPORT==== 9-Dec-2019::12:30:57 ===
         ts_launcher:(5:<0.155.0>) Wait for all sessions to finish before starting next phase (still 8 sessions active)
=INFO REPORT==== 9-Dec-2019::12:31:02 ===
         ts_launcher:(5:<0.155.0>) Wait for all sessions to finish before starting next phase (still 4 sessions active)
=INFO REPORT==== 9-Dec-2019::12:31:07 ===
         ts_launcher:(5:<0.155.0>) Wait for all sessions to finish before starting next phase (still 1 sessions active)
=INFO REPORT==== 9-Dec-2019::12:31:12 ===
         ts_launcher:(5:<0.155.0>) Start a new arrival phase (960 users, 0.064); expected duration=15.0 sec

=INFO REPORT==== 9-Dec-2019::12:31:27 ===
         ts_launcher:(5:<0.155.0>) Phase duration exceeded, but not all users were launched (21 users, 2.2% of phase)

=INFO REPORT==== 9-Dec-2019::12:31:27 ===
         ts_launcher:(5:<0.155.0>) This was the last phase, wait for connected users to finish their session

=INFO REPORT==== 9-Dec-2019::12:31:58 ===
           ts_search:(5:<0.1217.0>) Dyn Var: no Match (varname=first_comment_path), 

=INFO REPORT==== 9-Dec-2019::12:31:58 ===
           ts_search:(5:<0.1217.0>) Dyn Var: no Match (varname=authenticity_token), 

=INFO REPORT==== 9-Dec-2019::12:32:00 ===
           ts_search:(5:<0.1494.0>) Dyn Var: no Match (varname=authenticity_token), 

=INFO REPORT==== 9-Dec-2019::12:32:00 ===
           ts_search:(5:<0.1494.0>) Dyn Var (RE): no Match (varname=redirect_post), 

=INFO REPORT==== 9-Dec-2019::12:32:00 ===
           ts_search:(5:<0.1122.0>) Dyn Var (RE): no Match (varname=authenticity_token), 

=INFO REPORT==== 9-Dec-2019::12:32:00 ===
           ts_search:(5:<0.1263.0>) Dyn Var: no Match (varname=first_comment_path), 

=INFO REPORT==== 9-Dec-2019::12:32:00 ===
           ts_search:(5:<0.1263.0>) Dyn Var: no Match (varname=authenticity_token), 

=INFO REPORT==== 9-Dec-2019::12:32:00 ===
           ts_search:(5:<0.1122.0>) Dyn Var (RE): no Match (varname=book_id), 

=INFO REPORT==== 9-Dec-2019::12:32:00 ===
           ts_search:(5:<0.1430.0>) Dyn Var (RE): no Match (varname=authenticity_token), 

=INFO REPORT==== 9-Dec-2019::12:32:01 ===
           ts_search:(5:<0.1199.0>) Dyn Var: no Match (varname=authenticity_token), 

=INFO REPORT==== 9-Dec-2019::12:32:01 ===
           ts_search:(5:<0.1199.0>) Dyn Var (RE): no Match (varname=redirect_post), 

=INFO REPORT==== 9-Dec-2019::12:32:01 ===
           ts_search:(5:<0.1107.0>) Dyn Var (RE): no Match (varname=authenticity_token), 

=INFO REPORT==== 9-Dec-2019::12:32:02 ===
           ts_search:(5:<0.1255.0>) Dyn Var: no Match (varname=first_comment_path), 

=INFO REPORT==== 9-Dec-2019::12:32:02 ===
           ts_search:(5:<0.1255.0>) Dyn Var: no Match (varname=authenticity_token), 

=INFO REPORT==== 9-Dec-2019::12:32:02 ===
           ts_search:(5:<0.1283.0>) Dyn Var: no Match (varname=authenticity_token), 

=INFO REPORT==== 9-Dec-2019::12:32:02 ===
           ts_search:(5:<0.1283.0>) Dyn Var (RE): no Match (varname=redirect_post), 

=INFO REPORT==== 9-Dec-2019::12:32:02 ===
           ts_search:(5:<0.1528.0>) Dyn Var (RE): no Match (varname=redirect_post), 

=INFO REPORT==== 9-Dec-2019::12:32:02 ===
           ts_search:(5:<0.1776.0>) Dyn Var: no Match (varname=authenticity_token), 

=INFO REPORT==== 9-Dec-2019::12:32:02 ===
           ts_search:(5:<0.1776.0>) Dyn Var (RE): no Match (varname=redirect_post), 

=INFO REPORT==== 9-Dec-2019::12:32:03 ===
           ts_search:(5:<0.1182.0>) Dyn Var: no Match (varname=first_comment_path), 

=INFO REPORT==== 9-Dec-2019::12:32:03 ===
           ts_search:(5:<0.1182.0>) Dyn Var: no Match (varname=authenticity_token), 

=INFO REPORT==== 9-Dec-2019::12:32:03 ===
           ts_search:(5:<0.1313.0>) Dyn Var: no Match (varname=first_comment_path), 

=INFO REPORT==== 9-Dec-2019::12:32:03 ===
           ts_search:(5:<0.1313.0>) Dyn Var: no Match (varname=authenticity_token), 

=INFO REPORT==== 9-Dec-2019::12:32:03 ===
           ts_search:(5:<0.1510.0>) Dyn Var: no Match (varname=authenticity_token), 

=INFO REPORT==== 9-Dec-2019::12:32:03 ===
           ts_search:(5:<0.1510.0>) Dyn Var (RE): no Match (varname=redirect_post), 

=INFO REPORT==== 9-Dec-2019::12:32:03 ===
           ts_search:(5:<0.1211.0>) Dyn Var (RE): no Match (varname=authenticity_token), 

=INFO REPORT==== 9-Dec-2019::12:32:03 ===
           ts_search:(5:<0.1211.0>) Dyn Var (RE): no Match (varname=post_id), 

=INFO REPORT==== 9-Dec-2019::12:32:03 ===
           ts_search:(5:<0.1107.0>) Dyn Var (RE): no Match (varname=book_id), 

=INFO REPORT==== 9-Dec-2019::12:32:04 ===
           ts_search:(5:<0.1359.0>) Dyn Var (RE): no Match (varname=redirect_post), 

=INFO REPORT==== 9-Dec-2019::12:32:04 ===
           ts_search:(5:<0.1437.0>) Dyn Var: no Match (varname=first_comment_path), 

=INFO REPORT==== 9-Dec-2019::12:32:04 ===
           ts_search:(5:<0.1437.0>) Dyn Var: no Match (varname=authenticity_token), 

=INFO REPORT==== 9-Dec-2019::12:32:04 ===
           ts_search:(5:<0.1402.0>) Dyn Var (RE): no Match (varname=authenticity_token), 

=INFO REPORT==== 9-Dec-2019::12:32:04 ===
           ts_search:(5:<0.1311.0>) Dyn Var (RE): no Match (varname=redirect_post), 

=INFO REPORT==== 9-Dec-2019::12:32:04 ===
           ts_search:(5:<0.1390.0>) Dyn Var (RE): no Match (varname=book_id), 

=INFO REPORT==== 9-Dec-2019::12:32:04 ===
           ts_search:(5:<0.1197.0>) Dyn Var (RE): no Match (varname=authenticity_token), 

=INFO REPORT==== 9-Dec-2019::12:32:04 ===
           ts_search:(5:<0.1197.0>) Dyn Var (RE): no Match (varname=post_id), 

=INFO REPORT==== 9-Dec-2019::12:32:04 ===
           ts_search:(5:<0.1251.0>) Dyn Var (RE): no Match (varname=authenticity_token), 

=INFO REPORT==== 9-Dec-2019::12:32:04 ===
           ts_search:(5:<0.1920.0>) Dyn Var (RE): no Match (varname=redirect_post), 

=INFO REPORT==== 9-Dec-2019::12:32:05 ===
           ts_search:(5:<0.1275.0>) Dyn Var (RE): no Match (varname=redirect_post), 

=INFO REPORT==== 9-Dec-2019::12:32:05 ===
           ts_search:(5:<0.1414.0>) Dyn Var (RE): no Match (varname=redirect_post), 

=INFO REPORT==== 9-Dec-2019::12:32:05 ===
           ts_search:(5:<0.1497.0>) Dyn Var (RE): no Match (varname=authenticity_token), 

=INFO REPORT==== 9-Dec-2019::12:32:05 ===
           ts_search:(5:<0.1280.0>) Dyn Var: no Match (varname=first_comment_path), 

=INFO REPORT==== 9-Dec-2019::12:32:05 ===
           ts_search:(5:<0.1280.0>) Dyn Var: no Match (varname=authenticity_token), 

=INFO REPORT==== 9-Dec-2019::12:32:06 ===
           ts_search:(5:<0.1497.0>) Dyn Var (RE): no Match (varname=book_id), 

=INFO REPORT==== 9-Dec-2019::12:32:06 ===
           ts_search:(5:<0.1286.0>) Dyn Var (RE): no Match (varname=book_id), 

=INFO REPORT==== 9-Dec-2019::12:32:06 ===
           ts_search:(5:<0.1936.0>) Dyn Var: no Match (varname=authenticity_token), 

=INFO REPORT==== 9-Dec-2019::12:32:06 ===
           ts_search:(5:<0.1936.0>) Dyn Var (RE): no Match (varname=redirect_post), 

=INFO REPORT==== 9-Dec-2019::12:32:06 ===
           ts_search:(5:<0.1251.0>) Dyn Var (RE): no Match (varname=book_id), 

=INFO REPORT==== 9-Dec-2019::12:32:06 ===
           ts_search:(5:<0.1402.0>) Dyn Var (RE): no Match (varname=book_id), 

=INFO REPORT==== 9-Dec-2019::12:32:07 ===
           ts_search:(5:<0.1145.0>) Dyn Var (RE): no Match (varname=authenticity_token), 

=INFO REPORT==== 9-Dec-2019::12:32:07 ===
           ts_search:(5:<0.1145.0>) Dyn Var (RE): no Match (varname=post_id), 

=INFO REPORT==== 9-Dec-2019::12:32:07 ===
           ts_search:(5:<0.1618.0>) Dyn Var: no Match (varname=first_comment_path), 

=INFO REPORT==== 9-Dec-2019::12:32:07 ===
           ts_search:(5:<0.1618.0>) Dyn Var: no Match (varname=authenticity_token), 

=INFO REPORT==== 9-Dec-2019::12:32:07 ===
           ts_search:(5:<0.1174.0>) Dyn Var: no Match (varname=first_comment_path), 

=INFO REPORT==== 9-Dec-2019::12:32:07 ===
           ts_search:(5:<0.1174.0>) Dyn Var: no Match (varname=authenticity_token), 

=INFO REPORT==== 9-Dec-2019::12:32:07 ===
           ts_search:(5:<0.1592.0>) Dyn Var (RE): no Match (varname=authenticity_token), 

=INFO REPORT==== 9-Dec-2019::12:32:07 ===
           ts_search:(5:<0.2011.0>) Dyn Var: no Match (varname=authenticity_token), 

=INFO REPORT==== 9-Dec-2019::12:32:07 ===
           ts_search:(5:<0.1236.0>) Dyn Var (RE): no Match (varname=authenticity_token), 

=INFO REPORT==== 9-Dec-2019::12:32:07 ===
           ts_search:(5:<0.2011.0>) Dyn Var (RE): no Match (varname=redirect_post), 

=INFO REPORT==== 9-Dec-2019::12:32:07 ===
           ts_search:(5:<0.1236.0>) Dyn Var (RE): no Match (varname=post_id), 

=INFO REPORT==== 9-Dec-2019::12:32:07 ===
           ts_search:(5:<0.1323.0>) Dyn Var (RE): no Match (varname=authenticity_token), 

=INFO REPORT==== 9-Dec-2019::12:32:07 ===
           ts_search:(5:<0.1743.0>) Dyn Var: no Match (varname=authenticity_token), 

=INFO REPORT==== 9-Dec-2019::12:32:07 ===
           ts_search:(5:<0.1743.0>) Dyn Var (RE): no Match (varname=redirect_post), 

=INFO REPORT==== 9-Dec-2019::12:32:07 ===
           ts_search:(5:<0.1123.0>) Dyn Var (RE): no Match (varname=authenticity_token), 

=INFO REPORT==== 9-Dec-2019::12:32:07 ===
           ts_search:(5:<0.1123.0>) Dyn Var (RE): no Match (varname=post_id), 

=INFO REPORT==== 9-Dec-2019::12:32:08 ===
           ts_search:(5:<0.1616.0>) Dyn Var: no Match (varname=first_comment_path), 

=INFO REPORT==== 9-Dec-2019::12:32:08 ===
           ts_search:(5:<0.1616.0>) Dyn Var: no Match (varname=authenticity_token), 

=INFO REPORT==== 9-Dec-2019::12:32:08 ===
           ts_search:(5:<0.1499.0>) Dyn Var (RE): no Match (varname=authenticity_token), 

=INFO REPORT==== 9-Dec-2019::12:32:08 ===
           ts_search:(5:<0.1499.0>) Dyn Var (RE): no Match (varname=post_id), 

=INFO REPORT==== 9-Dec-2019::12:32:08 ===
           ts_search:(5:<0.1114.0>) Dyn Var: no Match (varname=first_comment_path), 

=INFO REPORT==== 9-Dec-2019::12:32:08 ===
           ts_search:(5:<0.1114.0>) Dyn Var: no Match (varname=authenticity_token), 

=INFO REPORT==== 9-Dec-2019::12:32:08 ===
           ts_search:(5:<0.1675.0>) Dyn Var (RE): no Match (varname=authenticity_token), 

=INFO REPORT==== 9-Dec-2019::12:32:08 ===
           ts_search:(5:<0.1552.0>) Dyn Var (RE): no Match (varname=redirect_post), 

=INFO REPORT==== 9-Dec-2019::12:32:09 ===
           ts_search:(5:<0.1879.0>) Dyn Var: no Match (varname=authenticity_token), 

=INFO REPORT==== 9-Dec-2019::12:32:09 ===
           ts_search:(5:<0.1879.0>) Dyn Var (RE): no Match (varname=redirect_post), 

=INFO REPORT==== 9-Dec-2019::12:32:09 ===
           ts_search:(5:<0.1862.0>) Dyn Var (RE): no Match (varname=book_id), 

=INFO REPORT==== 9-Dec-2019::12:32:09 ===
           ts_search:(5:<0.1316.0>) Dyn Var (RE): no Match (varname=authenticity_token), 

=INFO REPORT==== 9-Dec-2019::12:32:09 ===
           ts_search:(5:<0.1316.0>) Dyn Var (RE): no Match (varname=post_id), 

=INFO REPORT==== 9-Dec-2019::12:32:09 ===
           ts_search:(5:<0.1375.0>) Dyn Var (RE): no Match (varname=redirect_post), 

=INFO REPORT==== 9-Dec-2019::12:32:09 ===
           ts_search:(5:<0.1323.0>) Dyn Var (RE): no Match (varname=convo_id), 

=INFO REPORT==== 9-Dec-2019::12:32:10 ===
           ts_search:(5:<0.1331.0>) Dyn Var (RE): no Match (varname=authenticity_token), 

=INFO REPORT==== 9-Dec-2019::12:32:10 ===
           ts_search:(5:<0.1370.0>) Dyn Var (RE): no Match (varname=authenticity_token), 

=INFO REPORT==== 9-Dec-2019::12:32:10 ===
           ts_search:(5:<0.1425.0>) Dyn Var: no Match (varname=first_comment_path), 

=INFO REPORT==== 9-Dec-2019::12:32:10 ===
           ts_search:(5:<0.1425.0>) Dyn Var: no Match (varname=authenticity_token), 

=INFO REPORT==== 9-Dec-2019::12:32:10 ===
           ts_search:(5:<0.1391.0>) Dyn Var (RE): no Match (varname=authenticity_token), 

=INFO REPORT==== 9-Dec-2019::12:32:10 ===
           ts_search:(5:<0.1320.0>) Dyn Var (RE): no Match (varname=redirect_post), 

=INFO REPORT==== 9-Dec-2019::12:32:10 ===
           ts_search:(5:<0.1643.0>) Dyn Var (RE): no Match (varname=authenticity_token), 

=INFO REPORT==== 9-Dec-2019::12:32:10 ===
           ts_search:(5:<0.1391.0>) Dyn Var (RE): no Match (varname=post_id), 

=INFO REPORT==== 9-Dec-2019::12:32:10 ===
           ts_search:(5:<0.1331.0>) Dyn Var (RE): no Match (varname=convo_id), 

=INFO REPORT==== 9-Dec-2019::12:32:10 ===
           ts_search:(5:<0.1850.0>) Dyn Var: no Match (varname=first_comment_path), 

=INFO REPORT==== 9-Dec-2019::12:32:10 ===
           ts_search:(5:<0.1850.0>) Dyn Var: no Match (varname=authenticity_token), 

=INFO REPORT==== 9-Dec-2019::12:32:10 ===
           ts_search:(5:<0.1355.0>) Dyn Var (RE): no Match (varname=authenticity_token), 

=INFO REPORT==== 9-Dec-2019::12:32:11 ===
           ts_search:(5:<0.1355.0>) Dyn Var (RE): no Match (varname=book_id), 

=INFO REPORT==== 9-Dec-2019::12:32:13 ===
           ts_search:(5:<0.1370.0>) Dyn Var (RE): no Match (varname=book_id), 

=INFO REPORT==== 9-Dec-2019::12:32:16 ===
           ts_search:(5:<0.1643.0>) Dyn Var (RE): no Match (varname=book_id), 

=INFO REPORT==== 9-Dec-2019::12:32:17 ===
           ts_search:(5:<0.1323.0>) Dyn Var (RE): no Match (varname=authenticity_token), 

=INFO REPORT==== 9-Dec-2019::12:32:21 ===
           ts_search:(5:<0.1331.0>) Dyn Var (RE): no Match (varname=authenticity_token), 

=INFO REPORT==== 9-Dec-2019::12:32:21 ===
           ts_search:(5:<0.1592.0>) Dyn Var (RE): no Match (varname=convo_id), 

=INFO REPORT==== 9-Dec-2019::12:32:29 ===
           ts_search:(5:<0.1136.0>) Dyn Var (RE): no Match (varname=authenticity_token), 

=INFO REPORT==== 9-Dec-2019::12:32:30 ===
           ts_search:(5:<0.1592.0>) Dyn Var (RE): no Match (varname=authenticity_token), 

=INFO REPORT==== 9-Dec-2019::12:32:30 ===
           ts_search:(5:<0.1157.0>) Dyn Var (RE): no Match (varname=authenticity_token), 

=INFO REPORT==== 9-Dec-2019::12:32:30 ===
           ts_search:(5:<0.1136.0>) Dyn Var (RE): no Match (varname=convo_id), 

=INFO REPORT==== 9-Dec-2019::12:32:31 ===
           ts_search:(5:<0.1245.0>) Dyn Var (RE): no Match (varname=authenticity_token), 

=INFO REPORT==== 9-Dec-2019::12:32:31 ===
           ts_search:(5:<0.1245.0>) Dyn Var (RE): no Match (varname=convo_id), 

=INFO REPORT==== 9-Dec-2019::12:32:32 ===
           ts_search:(5:<0.1136.0>) Dyn Var (RE): no Match (varname=authenticity_token), 

=INFO REPORT==== 9-Dec-2019::12:32:32 ===
           ts_search:(5:<0.1245.0>) Dyn Var (RE): no Match (varname=authenticity_token), 

=INFO REPORT==== 9-Dec-2019::12:32:32 ===
           ts_search:(5:<0.1157.0>) Dyn Var (RE): no Match (varname=convo_id), 

=INFO REPORT==== 9-Dec-2019::12:32:32 ===
           ts_search:(5:<0.1157.0>) Dyn Var (RE): no Match (varname=authenticity_token), 

=INFO REPORT==== 9-Dec-2019::12:32:33 ===
           ts_search:(5:<0.1298.0>) Dyn Var (RE): no Match (varname=authenticity_token), 

=INFO REPORT==== 9-Dec-2019::12:32:33 ===
           ts_search:(5:<0.1328.0>) Dyn Var (RE): no Match (varname=authenticity_token), 

=INFO REPORT==== 9-Dec-2019::12:32:33 ===
           ts_search:(5:<0.1328.0>) Dyn Var (RE): no Match (varname=convo_id), 

=INFO REPORT==== 9-Dec-2019::12:32:34 ===
           ts_search:(5:<0.1328.0>) Dyn Var (RE): no Match (varname=authenticity_token), 

=INFO REPORT==== 9-Dec-2019::12:32:34 ===
           ts_search:(5:<0.1298.0>) Dyn Var (RE): no Match (varname=convo_id), 

=INFO REPORT==== 9-Dec-2019::12:32:36 ===
           ts_search:(5:<0.1298.0>) Dyn Var (RE): no Match (varname=authenticity_token), 

=INFO REPORT==== 9-Dec-2019::12:32:37 ===
           ts_search:(5:<0.1306.0>) Dyn Var (RE): no Match (varname=authenticity_token), 

=INFO REPORT==== 9-Dec-2019::12:32:39 ===
           ts_search:(5:<0.1288.0>) Dyn Var (RE): no Match (varname=authenticity_token), 

=INFO REPORT==== 9-Dec-2019::12:32:40 ===
           ts_search:(5:<0.1314.0>) Dyn Var (RE): no Match (varname=authenticity_token), 

=INFO REPORT==== 9-Dec-2019::12:32:41 ===
           ts_search:(5:<0.1438.0>) Dyn Var (RE): no Match (varname=authenticity_token), 

=INFO REPORT==== 9-Dec-2019::12:32:41 ===
           ts_search:(5:<0.1630.0>) Dyn Var (RE): no Match (varname=authenticity_token), 

=INFO REPORT==== 9-Dec-2019::12:32:41 ===
           ts_search:(5:<0.1288.0>) Dyn Var (RE): no Match (varname=convo_id), 

=INFO REPORT==== 9-Dec-2019::12:32:42 ===
           ts_search:(5:<0.1306.0>) Dyn Var (RE): no Match (varname=convo_id), 

=INFO REPORT==== 9-Dec-2019::12:32:42 ===
           ts_search:(5:<0.1630.0>) Dyn Var (RE): no Match (varname=convo_id), 

=INFO REPORT==== 9-Dec-2019::12:32:42 ===
           ts_search:(5:<0.1438.0>) Dyn Var (RE): no Match (varname=convo_id), 

=INFO REPORT==== 9-Dec-2019::12:32:43 ===
           ts_search:(5:<0.1288.0>) Dyn Var (RE): no Match (varname=authenticity_token), 

=INFO REPORT==== 9-Dec-2019::12:32:43 ===
           ts_search:(5:<0.1314.0>) Dyn Var (RE): no Match (varname=convo_id), 

=INFO REPORT==== 9-Dec-2019::12:32:43 ===
           ts_search:(5:<0.1314.0>) Dyn Var (RE): no Match (varname=authenticity_token), 

=INFO REPORT==== 9-Dec-2019::12:32:44 ===
           ts_search:(5:<0.1306.0>) Dyn Var (RE): no Match (varname=authenticity_token), 

=INFO REPORT==== 9-Dec-2019::12:32:44 ===
           ts_search:(5:<0.1438.0>) Dyn Var (RE): no Match (varname=authenticity_token), 

=INFO REPORT==== 9-Dec-2019::12:32:44 ===
           ts_search:(5:<0.1155.0>) Dyn Var (RE): no Match (varname=authenticity_token), 

=INFO REPORT==== 9-Dec-2019::12:32:44 ===
           ts_search:(5:<0.1374.0>) Dyn Var (RE): no Match (varname=authenticity_token), 

=INFO REPORT==== 9-Dec-2019::12:32:45 ===
           ts_search:(5:<0.1630.0>) Dyn Var (RE): no Match (varname=authenticity_token), 

=INFO REPORT==== 9-Dec-2019::12:32:45 ===
           ts_search:(5:<0.1723.0>) Dyn Var (RE): no Match (varname=authenticity_token), 

=INFO REPORT==== 9-Dec-2019::12:32:45 ===
           ts_search:(5:<0.1893.0>) Dyn Var (RE): no Match (varname=authenticity_token), 

=INFO REPORT==== 9-Dec-2019::12:32:46 ===
           ts_search:(5:<0.1723.0>) Dyn Var (RE): no Match (varname=convo_id), 

=INFO REPORT==== 9-Dec-2019::12:32:46 ===
           ts_search:(5:<0.1457.0>) Dyn Var (RE): no Match (varname=authenticity_token), 

=INFO REPORT==== 9-Dec-2019::12:32:46 ===
           ts_search:(5:<0.1893.0>) Dyn Var (RE): no Match (varname=convo_id), 

=INFO REPORT==== 9-Dec-2019::12:32:47 ===
           ts_search:(5:<0.1155.0>) Dyn Var (RE): no Match (varname=convo_id), 

=INFO REPORT==== 9-Dec-2019::12:32:47 ===
           ts_search:(5:<0.1457.0>) Dyn Var (RE): no Match (varname=convo_id), 

=INFO REPORT==== 9-Dec-2019::12:32:47 ===
           ts_search:(5:<0.1374.0>) Dyn Var (RE): no Match (varname=convo_id), 

=INFO REPORT==== 9-Dec-2019::12:32:47 ===
           ts_search:(5:<0.1457.0>) Dyn Var (RE): no Match (varname=authenticity_token), 

=INFO REPORT==== 9-Dec-2019::12:32:47 ===
           ts_search:(5:<0.1333.0>) Dyn Var (RE): no Match (varname=authenticity_token), 

=INFO REPORT==== 9-Dec-2019::12:32:47 ===
           ts_search:(5:<0.1374.0>) Dyn Var (RE): no Match (varname=authenticity_token), 

=INFO REPORT==== 9-Dec-2019::12:32:48 ===
           ts_search:(5:<0.1333.0>) Dyn Var (RE): no Match (varname=convo_id), 

=INFO REPORT==== 9-Dec-2019::12:32:48 ===
           ts_search:(5:<0.1333.0>) Dyn Var (RE): no Match (varname=authenticity_token), 

=INFO REPORT==== 9-Dec-2019::12:32:49 ===
           ts_search:(5:<0.2001.0>) Dyn Var (RE): no Match (varname=authenticity_token), 

=INFO REPORT==== 9-Dec-2019::12:32:50 ===
           ts_search:(5:<0.1939.0>) Dyn Var (RE): no Match (varname=authenticity_token), 

=INFO REPORT==== 9-Dec-2019::12:32:50 ===
           ts_search:(5:<0.1906.0>) Dyn Var (RE): no Match (varname=authenticity_token), 

=INFO REPORT==== 9-Dec-2019::12:32:51 ===
           ts_search:(5:<0.1723.0>) Dyn Var (RE): no Match (varname=authenticity_token), 

=INFO REPORT==== 9-Dec-2019::12:32:51 ===
           ts_search:(5:<0.2001.0>) Dyn Var (RE): no Match (varname=convo_id), 

=INFO REPORT==== 9-Dec-2019::12:32:52 ===
           ts_search:(5:<0.1882.0>) Dyn Var (RE): no Match (varname=authenticity_token), 

=INFO REPORT==== 9-Dec-2019::12:32:52 ===
           ts_search:(5:<0.1635.0>) Dyn Var (RE): no Match (varname=authenticity_token), 

=INFO REPORT==== 9-Dec-2019::12:32:52 ===
           ts_search:(5:<0.1939.0>) Dyn Var (RE): no Match (varname=convo_id), 

=INFO REPORT==== 9-Dec-2019::12:32:52 ===
           ts_search:(5:<0.1810.0>) Dyn Var (RE): no Match (varname=authenticity_token), 

=INFO REPORT==== 9-Dec-2019::12:32:52 ===
           ts_search:(5:<0.1893.0>) Dyn Var (RE): no Match (varname=authenticity_token), 

=INFO REPORT==== 9-Dec-2019::12:32:52 ===
           ts_search:(5:<0.1906.0>) Dyn Var (RE): no Match (varname=convo_id), 

=INFO REPORT==== 9-Dec-2019::12:32:52 ===
           ts_search:(5:<0.1635.0>) Dyn Var (RE): no Match (varname=convo_id), 

=INFO REPORT==== 9-Dec-2019::12:32:53 ===
           ts_search:(5:<0.2037.0>) Dyn Var (RE): no Match (varname=authenticity_token), 

=INFO REPORT==== 9-Dec-2019::12:32:53 ===
           ts_search:(5:<0.2037.0>) Dyn Var (RE): no Match (varname=convo_id), 

=INFO REPORT==== 9-Dec-2019::12:32:53 ===
           ts_search:(5:<0.1635.0>) Dyn Var (RE): no Match (varname=authenticity_token), 

=INFO REPORT==== 9-Dec-2019::12:32:53 ===
           ts_search:(5:<0.1472.0>) Dyn Var (RE): no Match (varname=authenticity_token), 

=INFO REPORT==== 9-Dec-2019::12:32:53 ===
           ts_search:(5:<0.1139.0>) Dyn Var (RE): no Match (varname=authenticity_token), 

=INFO REPORT==== 9-Dec-2019::12:32:54 ===
           ts_search:(5:<0.1139.0>) Dyn Var (RE): no Match (varname=convo_id), 

=INFO REPORT==== 9-Dec-2019::12:32:54 ===
           ts_search:(5:<0.1906.0>) Dyn Var (RE): no Match (varname=authenticity_token), 

=INFO REPORT==== 9-Dec-2019::12:32:54 ===
           ts_search:(5:<0.1652.0>) Dyn Var (RE): no Match (varname=authenticity_token), 

=INFO REPORT==== 9-Dec-2019::12:32:54 ===
           ts_search:(5:<0.1652.0>) Dyn Var (RE): no Match (varname=convo_id), 

=INFO REPORT==== 9-Dec-2019::12:32:54 ===
           ts_search:(5:<0.1892.0>) Dyn Var (RE): no Match (varname=authenticity_token), 

=INFO REPORT==== 9-Dec-2019::12:32:54 ===
           ts_search:(5:<0.1939.0>) Dyn Var (RE): no Match (varname=authenticity_token), 

=INFO REPORT==== 9-Dec-2019::12:32:54 ===
           ts_search:(5:<0.1575.0>) Dyn Var (RE): no Match (varname=authenticity_token), 

=INFO REPORT==== 9-Dec-2019::12:32:54 ===
           ts_search:(5:<0.1882.0>) Dyn Var (RE): no Match (varname=convo_id), 

=INFO REPORT==== 9-Dec-2019::12:32:55 ===
           ts_search:(5:<0.1892.0>) Dyn Var (RE): no Match (varname=convo_id), 

=INFO REPORT==== 9-Dec-2019::12:32:55 ===
           ts_search:(5:<0.1472.0>) Dyn Var (RE): no Match (varname=convo_id), 

=INFO REPORT==== 9-Dec-2019::12:32:55 ===
           ts_search:(5:<0.1810.0>) Dyn Var (RE): no Match (varname=convo_id), 

=INFO REPORT==== 9-Dec-2019::12:32:55 ===
           ts_search:(5:<0.2037.0>) Dyn Var (RE): no Match (varname=authenticity_token), 

=INFO REPORT==== 9-Dec-2019::12:32:55 ===
           ts_search:(5:<0.2032.0>) Dyn Var (RE): no Match (varname=authenticity_token), 

=INFO REPORT==== 9-Dec-2019::12:32:55 ===
           ts_search:(5:<0.2001.0>) Dyn Var (RE): no Match (varname=authenticity_token), 

=INFO REPORT==== 9-Dec-2019::12:32:55 ===
           ts_search:(5:<0.1882.0>) Dyn Var (RE): no Match (varname=authenticity_token), 

=INFO REPORT==== 9-Dec-2019::12:32:56 ===
           ts_search:(5:<0.1721.0>) Dyn Var (RE): no Match (varname=authenticity_token), 

=INFO REPORT==== 9-Dec-2019::12:32:56 ===
           ts_search:(5:<0.2032.0>) Dyn Var (RE): no Match (varname=convo_id), 

=INFO REPORT==== 9-Dec-2019::12:32:56 ===
           ts_search:(5:<0.1824.0>) Dyn Var (RE): no Match (varname=authenticity_token), 

=INFO REPORT==== 9-Dec-2019::12:32:56 ===
           ts_search:(5:<0.1824.0>) Dyn Var (RE): no Match (varname=convo_id), 

=INFO REPORT==== 9-Dec-2019::12:32:56 ===
           ts_search:(5:<0.1575.0>) Dyn Var (RE): no Match (varname=convo_id), 

=INFO REPORT==== 9-Dec-2019::12:32:56 ===
           ts_search:(5:<0.1926.0>) Dyn Var (RE): no Match (varname=authenticity_token), 

=INFO REPORT==== 9-Dec-2019::12:32:57 ===
           ts_search:(5:<0.1296.0>) Dyn Var (RE): no Match (varname=authenticity_token), 

=INFO REPORT==== 9-Dec-2019::12:32:57 ===
           ts_search:(5:<0.1652.0>) Dyn Var (RE): no Match (varname=authenticity_token), 

=INFO REPORT==== 9-Dec-2019::12:32:57 ===
           ts_search:(5:<0.1721.0>) Dyn Var (RE): no Match (varname=convo_id), 

=INFO REPORT==== 9-Dec-2019::12:32:57 ===
           ts_search:(5:<0.1472.0>) Dyn Var (RE): no Match (varname=authenticity_token), 

=INFO REPORT==== 9-Dec-2019::12:32:58 ===
           ts_search:(5:<0.1810.0>) Dyn Var (RE): no Match (varname=authenticity_token), 

=INFO REPORT==== 9-Dec-2019::12:32:58 ===
           ts_search:(5:<0.1820.0>) Dyn Var (RE): no Match (varname=authenticity_token), 

=INFO REPORT==== 9-Dec-2019::12:32:58 ===
           ts_search:(5:<0.1575.0>) Dyn Var (RE): no Match (varname=authenticity_token), 

=INFO REPORT==== 9-Dec-2019::12:32:58 ===
           ts_search:(5:<0.1926.0>) Dyn Var (RE): no Match (varname=convo_id), 

=INFO REPORT==== 9-Dec-2019::12:32:58 ===
           ts_search:(5:<0.1512.0>) Dyn Var (RE): no Match (varname=authenticity_token), 

=INFO REPORT==== 9-Dec-2019::12:32:58 ===
           ts_search:(5:<0.1656.0>) Dyn Var (RE): no Match (varname=authenticity_token), 

=INFO REPORT==== 9-Dec-2019::12:32:59 ===
           ts_search:(5:<0.1656.0>) Dyn Var (RE): no Match (varname=convo_id), 

=INFO REPORT==== 9-Dec-2019::12:32:59 ===
           ts_search:(5:<0.1982.0>) Dyn Var (RE): no Match (varname=authenticity_token), 

=INFO REPORT==== 9-Dec-2019::12:32:59 ===
           ts_search:(5:<0.1797.0>) Dyn Var (RE): no Match (varname=authenticity_token), 

=INFO REPORT==== 9-Dec-2019::12:32:59 ===
           ts_search:(5:<0.1820.0>) Dyn Var (RE): no Match (varname=convo_id), 

=INFO REPORT==== 9-Dec-2019::12:32:59 ===
           ts_search:(5:<0.1296.0>) Dyn Var (RE): no Match (varname=convo_id), 

=INFO REPORT==== 9-Dec-2019::12:32:59 ===
           ts_search:(5:<0.1931.0>) Dyn Var (RE): no Match (varname=authenticity_token), 

=INFO REPORT==== 9-Dec-2019::12:32:59 ===
           ts_search:(5:<0.1512.0>) Dyn Var (RE): no Match (varname=convo_id), 

=INFO REPORT==== 9-Dec-2019::12:32:59 ===
           ts_search:(5:<0.1155.0>) Dyn Var (RE): no Match (varname=authenticity_token), 

=INFO REPORT==== 9-Dec-2019::12:32:59 ===
           ts_search:(5:<0.1824.0>) Dyn Var (RE): no Match (varname=authenticity_token), 

=INFO REPORT==== 9-Dec-2019::12:33:00 ===
           ts_search:(5:<0.1477.0>) Dyn Var (RE): no Match (varname=authenticity_token), 

=INFO REPORT==== 9-Dec-2019::12:33:00 ===
           ts_search:(5:<0.1296.0>) Dyn Var (RE): no Match (varname=authenticity_token), 

=INFO REPORT==== 9-Dec-2019::12:33:00 ===
           ts_search:(5:<0.1982.0>) Dyn Var (RE): no Match (varname=convo_id), 

=INFO REPORT==== 9-Dec-2019::12:33:00 ===
           ts_search:(5:<0.1721.0>) Dyn Var (RE): no Match (varname=authenticity_token), 

=INFO REPORT==== 9-Dec-2019::12:33:00 ===
           ts_search:(5:<0.1477.0>) Dyn Var (RE): no Match (varname=convo_id), 

=INFO REPORT==== 9-Dec-2019::12:33:01 ===
           ts_search:(5:<0.1982.0>) Dyn Var (RE): no Match (varname=authenticity_token), 

=INFO REPORT==== 9-Dec-2019::12:33:01 ===
           ts_search:(5:<0.1461.0>) Dyn Var (RE): no Match (varname=authenticity_token), 

=INFO REPORT==== 9-Dec-2019::12:33:01 ===
           ts_search:(5:<0.1931.0>) Dyn Var (RE): no Match (varname=convo_id), 

=INFO REPORT==== 9-Dec-2019::12:33:01 ===
           ts_search:(5:<0.1820.0>) Dyn Var (RE): no Match (varname=authenticity_token), 

=INFO REPORT==== 9-Dec-2019::12:33:01 ===
           ts_search:(5:<0.1887.0>) Dyn Var (RE): no Match (varname=authenticity_token), 

=INFO REPORT==== 9-Dec-2019::12:33:01 ===
           ts_search:(5:<0.1849.0>) Dyn Var (RE): no Match (varname=authenticity_token), 

=INFO REPORT==== 9-Dec-2019::12:33:01 ===
           ts_search:(5:<0.1139.0>) Dyn Var (RE): no Match (varname=authenticity_token), 

=INFO REPORT==== 9-Dec-2019::12:33:01 ===
           ts_search:(5:<0.1892.0>) Dyn Var (RE): no Match (varname=authenticity_token), 

=INFO REPORT==== 9-Dec-2019::12:33:01 ===
           ts_search:(5:<0.2032.0>) Dyn Var (RE): no Match (varname=authenticity_token), 

=INFO REPORT==== 9-Dec-2019::12:33:01 ===
           ts_search:(5:<0.1781.0>) Dyn Var (RE): no Match (varname=authenticity_token), 

=INFO REPORT==== 9-Dec-2019::12:33:02 ===
           ts_search:(5:<0.1477.0>) Dyn Var (RE): no Match (varname=authenticity_token), 

=INFO REPORT==== 9-Dec-2019::12:33:02 ===
           ts_search:(5:<0.1887.0>) Dyn Var (RE): no Match (varname=convo_id), 

=INFO REPORT==== 9-Dec-2019::12:33:02 ===
           ts_search:(5:<0.1124.0>) Dyn Var (RE): no Match (varname=authenticity_token), 

=INFO REPORT==== 9-Dec-2019::12:33:02 ===
           ts_search:(5:<0.1461.0>) Dyn Var (RE): no Match (varname=convo_id), 

=INFO REPORT==== 9-Dec-2019::12:33:03 ===
           ts_search:(5:<0.1172.0>) Dyn Var (RE): no Match (varname=authenticity_token), 

=INFO REPORT==== 9-Dec-2019::12:33:03 ===
           ts_search:(5:<0.1594.0>) Dyn Var (RE): no Match (varname=authenticity_token), 

=INFO REPORT==== 9-Dec-2019::12:33:03 ===
           ts_search:(5:<0.1849.0>) Dyn Var (RE): no Match (varname=convo_id), 

=INFO REPORT==== 9-Dec-2019::12:33:04 ===
           ts_search:(5:<0.1594.0>) Dyn Var (RE): no Match (varname=convo_id), 

=INFO REPORT==== 9-Dec-2019::12:33:04 ===
           ts_search:(5:<0.1849.0>) Dyn Var (RE): no Match (varname=authenticity_token), 

=INFO REPORT==== 9-Dec-2019::12:33:04 ===
           ts_search:(5:<0.1512.0>) Dyn Var (RE): no Match (varname=authenticity_token), 

=INFO REPORT==== 9-Dec-2019::12:33:04 ===
           ts_search:(5:<0.1797.0>) Dyn Var (RE): no Match (varname=convo_id), 

=INFO REPORT==== 9-Dec-2019::12:33:04 ===
           ts_search:(5:<0.1781.0>) Dyn Var (RE): no Match (varname=convo_id), 

=INFO REPORT==== 9-Dec-2019::12:33:04 ===
           ts_search:(5:<0.1887.0>) Dyn Var (RE): no Match (varname=authenticity_token), 

=INFO REPORT==== 9-Dec-2019::12:33:05 ===
           ts_search:(5:<0.1325.0>) Dyn Var (RE): no Match (varname=authenticity_token), 

=INFO REPORT==== 9-Dec-2019::12:33:05 ===
           ts_search:(5:<0.1871.0>) Dyn Var (RE): no Match (varname=authenticity_token), 

=INFO REPORT==== 9-Dec-2019::12:33:05 ===
           ts_search:(5:<0.1656.0>) Dyn Var (RE): no Match (varname=authenticity_token), 

=INFO REPORT==== 9-Dec-2019::12:33:05 ===
           ts_search:(5:<0.1931.0>) Dyn Var (RE): no Match (varname=authenticity_token), 

=INFO REPORT==== 9-Dec-2019::12:33:05 ===
           ts_search:(5:<0.1871.0>) Dyn Var (RE): no Match (varname=convo_id), 

=INFO REPORT==== 9-Dec-2019::12:33:06 ===
           ts_search:(5:<0.1475.0>) Dyn Var (RE): no Match (varname=authenticity_token), 

=INFO REPORT==== 9-Dec-2019::12:33:06 ===
           ts_search:(5:<0.1871.0>) Dyn Var (RE): no Match (varname=authenticity_token), 

=INFO REPORT==== 9-Dec-2019::12:33:06 ===
           ts_search:(5:<0.1461.0>) Dyn Var (RE): no Match (varname=authenticity_token), 

=INFO REPORT==== 9-Dec-2019::12:33:06 ===
           ts_search:(5:<0.1475.0>) Dyn Var (RE): no Match (varname=convo_id), 

=INFO REPORT==== 9-Dec-2019::12:33:06 ===
           ts_search:(5:<0.1781.0>) Dyn Var (RE): no Match (varname=authenticity_token), 

=INFO REPORT==== 9-Dec-2019::12:33:06 ===
           ts_search:(5:<0.1794.0>) Dyn Var (RE): no Match (varname=authenticity_token), 

=INFO REPORT==== 9-Dec-2019::12:33:07 ===
           ts_search:(5:<0.1797.0>) Dyn Var (RE): no Match (varname=authenticity_token), 

=INFO REPORT==== 9-Dec-2019::12:33:07 ===
           ts_search:(5:<0.1172.0>) Dyn Var (RE): no Match (varname=convo_id), 

=INFO REPORT==== 9-Dec-2019::12:33:07 ===
           ts_search:(5:<0.1794.0>) Dyn Var (RE): no Match (varname=convo_id), 

=INFO REPORT==== 9-Dec-2019::12:33:08 ===
           ts_search:(5:<0.1794.0>) Dyn Var (RE): no Match (varname=authenticity_token), 

=INFO REPORT==== 9-Dec-2019::12:33:08 ===
           ts_search:(5:<0.1610.0>) Dyn Var (RE): no Match (varname=authenticity_token), 

=INFO REPORT==== 9-Dec-2019::12:33:08 ===
           ts_search:(5:<0.1172.0>) Dyn Var (RE): no Match (varname=authenticity_token), 

=INFO REPORT==== 9-Dec-2019::12:33:08 ===
           ts_search:(5:<0.1325.0>) Dyn Var (RE): no Match (varname=convo_id), 

=INFO REPORT==== 9-Dec-2019::12:33:08 ===
           ts_search:(5:<0.1124.0>) Dyn Var (RE): no Match (varname=convo_id), 

=INFO REPORT==== 9-Dec-2019::12:33:09 ===
           ts_search:(5:<0.1124.0>) Dyn Var (RE): no Match (varname=authenticity_token), 

=INFO REPORT==== 9-Dec-2019::12:33:09 ===
           ts_search:(5:<0.1253.0>) Dyn Var (RE): no Match (varname=authenticity_token), 

=INFO REPORT==== 9-Dec-2019::12:33:09 ===
           ts_search:(5:<0.1856.0>) Dyn Var (RE): no Match (varname=authenticity_token), 

=INFO REPORT==== 9-Dec-2019::12:33:09 ===
           ts_search:(5:<0.1580.0>) Dyn Var (RE): no Match (varname=authenticity_token), 

=INFO REPORT==== 9-Dec-2019::12:33:09 ===
           ts_search:(5:<0.1556.0>) Dyn Var (RE): no Match (varname=authenticity_token), 

=INFO REPORT==== 9-Dec-2019::12:33:09 ===
           ts_search:(5:<0.1885.0>) Dyn Var (RE): no Match (varname=authenticity_token), 

=INFO REPORT==== 9-Dec-2019::12:33:10 ===
           ts_search:(5:<0.1253.0>) Dyn Var (RE): no Match (varname=convo_id), 

=INFO REPORT==== 9-Dec-2019::12:33:11 ===
           ts_search:(5:<0.1610.0>) Dyn Var (RE): no Match (varname=convo_id), 

=INFO REPORT==== 9-Dec-2019::12:33:11 ===
           ts_search:(5:<0.1610.0>) Dyn Var (RE): no Match (varname=authenticity_token), 

=INFO REPORT==== 9-Dec-2019::12:33:11 ===
           ts_search:(5:<0.1427.0>) Dyn Var (RE): no Match (varname=authenticity_token), 

=INFO REPORT==== 9-Dec-2019::12:33:11 ===
           ts_search:(5:<0.1885.0>) Dyn Var (RE): no Match (varname=convo_id), 

=INFO REPORT==== 9-Dec-2019::12:33:12 ===
           ts_search:(5:<0.1912.0>) Dyn Var (RE): no Match (varname=authenticity_token), 

=INFO REPORT==== 9-Dec-2019::12:33:12 ===
           ts_search:(5:<0.1500.0>) Dyn Var (RE): no Match (varname=authenticity_token), 

=INFO REPORT==== 9-Dec-2019::12:33:12 ===
           ts_search:(5:<0.1556.0>) Dyn Var (RE): no Match (varname=convo_id), 

=INFO REPORT==== 9-Dec-2019::12:33:12 ===
           ts_search:(5:<0.1589.0>) Dyn Var (RE): no Match (varname=authenticity_token), 

=INFO REPORT==== 9-Dec-2019::12:33:12 ===
           ts_search:(5:<0.1325.0>) Dyn Var (RE): no Match (varname=authenticity_token), 

=INFO REPORT==== 9-Dec-2019::12:33:12 ===
           ts_search:(5:<0.1427.0>) Dyn Var (RE): no Match (varname=convo_id), 

=INFO REPORT==== 9-Dec-2019::12:33:13 ===
           ts_search:(5:<0.1912.0>) Dyn Var (RE): no Match (varname=convo_id), 

=INFO REPORT==== 9-Dec-2019::12:33:13 ===
           ts_search:(5:<0.1347.0>) Dyn Var (RE): no Match (varname=authenticity_token), 

=INFO REPORT==== 9-Dec-2019::12:33:13 ===
           ts_search:(5:<0.1883.0>) Dyn Var (RE): no Match (varname=authenticity_token), 

=INFO REPORT==== 9-Dec-2019::12:33:13 ===
           ts_search:(5:<0.1856.0>) Dyn Var (RE): no Match (varname=convo_id), 

=INFO REPORT==== 9-Dec-2019::12:33:13 ===
           ts_search:(5:<0.1885.0>) Dyn Var (RE): no Match (varname=authenticity_token), 

=INFO REPORT==== 9-Dec-2019::12:33:13 ===
           ts_search:(5:<0.1347.0>) Dyn Var (RE): no Match (varname=convo_id), 

=INFO REPORT==== 9-Dec-2019::12:33:13 ===
           ts_search:(5:<0.1883.0>) Dyn Var (RE): no Match (varname=convo_id), 

=INFO REPORT==== 9-Dec-2019::12:33:14 ===
           ts_search:(5:<0.1926.0>) Dyn Var (RE): no Match (varname=authenticity_token), 

=INFO REPORT==== 9-Dec-2019::12:33:14 ===
           ts_search:(5:<0.1500.0>) Dyn Var (RE): no Match (varname=convo_id), 

=INFO REPORT==== 9-Dec-2019::12:33:14 ===
           ts_search:(5:<0.1589.0>) Dyn Var (RE): no Match (varname=convo_id), 

=INFO REPORT==== 9-Dec-2019::12:33:14 ===
           ts_search:(5:<0.1589.0>) Dyn Var (RE): no Match (varname=authenticity_token), 

=INFO REPORT==== 9-Dec-2019::12:33:14 ===
           ts_search:(5:<0.1787.0>) Dyn Var (RE): no Match (varname=authenticity_token), 

=INFO REPORT==== 9-Dec-2019::12:33:14 ===
           ts_search:(5:<0.1830.0>) Dyn Var (RE): no Match (varname=authenticity_token), 

=INFO REPORT==== 9-Dec-2019::12:33:15 ===
           ts_search:(5:<0.1580.0>) Dyn Var (RE): no Match (varname=convo_id), 

=INFO REPORT==== 9-Dec-2019::12:33:15 ===
           ts_search:(5:<0.1253.0>) Dyn Var (RE): no Match (varname=authenticity_token), 

=INFO REPORT==== 9-Dec-2019::12:33:15 ===
           ts_search:(5:<0.1883.0>) Dyn Var (RE): no Match (varname=authenticity_token), 

=INFO REPORT==== 9-Dec-2019::12:33:15 ===
           ts_search:(5:<0.1556.0>) Dyn Var (RE): no Match (varname=authenticity_token), 

=INFO REPORT==== 9-Dec-2019::12:33:15 ===
           ts_search:(5:<0.1830.0>) Dyn Var (RE): no Match (varname=convo_id), 

=INFO REPORT==== 9-Dec-2019::12:33:16 ===
           ts_search:(5:<0.1580.0>) Dyn Var (RE): no Match (varname=authenticity_token), 

=INFO REPORT==== 9-Dec-2019::12:33:16 ===
           ts_search:(5:<0.1475.0>) Dyn Var (RE): no Match (varname=authenticity_token), 

=INFO REPORT==== 9-Dec-2019::12:33:16 ===
           ts_search:(5:<0.1865.0>) Dyn Var (RE): no Match (varname=authenticity_token), 

=INFO REPORT==== 9-Dec-2019::12:33:16 ===
           ts_search:(5:<0.1856.0>) Dyn Var (RE): no Match (varname=authenticity_token), 

=INFO REPORT==== 9-Dec-2019::12:33:16 ===
           ts_search:(5:<0.1500.0>) Dyn Var (RE): no Match (varname=authenticity_token), 

=INFO REPORT==== 9-Dec-2019::12:33:16 ===
           ts_search:(5:<0.1611.0>) Dyn Var (RE): no Match (varname=authenticity_token), 

=INFO REPORT==== 9-Dec-2019::12:33:16 ===
           ts_search:(5:<0.1787.0>) Dyn Var (RE): no Match (varname=convo_id), 

=INFO REPORT==== 9-Dec-2019::12:33:17 ===
           ts_search:(5:<0.1427.0>) Dyn Var (RE): no Match (varname=authenticity_token), 

=INFO REPORT==== 9-Dec-2019::12:33:17 ===
           ts_search:(5:<0.1737.0>) Dyn Var (RE): no Match (varname=authenticity_token), 

=INFO REPORT==== 9-Dec-2019::12:33:17 ===
           ts_search:(5:<0.1594.0>) Dyn Var (RE): no Match (varname=authenticity_token), 

=INFO REPORT==== 9-Dec-2019::12:33:18 ===
           ts_search:(5:<0.1611.0>) Dyn Var (RE): no Match (varname=convo_id), 

=INFO REPORT==== 9-Dec-2019::12:33:18 ===
           ts_search:(5:<0.1959.0>) Dyn Var (RE): no Match (varname=authenticity_token), 

=INFO REPORT==== 9-Dec-2019::12:33:18 ===
           ts_search:(5:<0.1865.0>) Dyn Var (RE): no Match (varname=convo_id), 

=INFO REPORT==== 9-Dec-2019::12:33:18 ===
           ts_search:(5:<0.1830.0>) Dyn Var (RE): no Match (varname=authenticity_token), 

=INFO REPORT==== 9-Dec-2019::12:33:19 ===
           ts_search:(5:<0.1897.0>) Dyn Var (RE): no Match (varname=authenticity_token), 

=INFO REPORT==== 9-Dec-2019::12:33:19 ===
           ts_search:(5:<0.1634.0>) Dyn Var (RE): no Match (varname=authenticity_token), 

=INFO REPORT==== 9-Dec-2019::12:33:19 ===
           ts_search:(5:<0.1987.0>) Dyn Var (RE): no Match (varname=authenticity_token), 

=INFO REPORT==== 9-Dec-2019::12:33:20 ===
           ts_search:(5:<0.1935.0>) Dyn Var (RE): no Match (varname=authenticity_token), 

=INFO REPORT==== 9-Dec-2019::12:33:20 ===
           ts_search:(5:<0.2023.0>) Dyn Var (RE): no Match (varname=authenticity_token), 

=INFO REPORT==== 9-Dec-2019::12:33:20 ===
           ts_search:(5:<0.1347.0>) Dyn Var (RE): no Match (varname=authenticity_token), 

=INFO REPORT==== 9-Dec-2019::12:33:20 ===
           ts_search:(5:<0.1959.0>) Dyn Var (RE): no Match (varname=convo_id), 

=INFO REPORT==== 9-Dec-2019::12:33:20 ===
           ts_search:(5:<0.1865.0>) Dyn Var (RE): no Match (varname=authenticity_token), 

=INFO REPORT==== 9-Dec-2019::12:33:20 ===
           ts_search:(5:<0.1622.0>) Dyn Var (RE): no Match (varname=authenticity_token), 

=INFO REPORT==== 9-Dec-2019::12:33:21 ===
           ts_search:(5:<0.1881.0>) Dyn Var (RE): no Match (varname=authenticity_token), 

=INFO REPORT==== 9-Dec-2019::12:33:21 ===
           ts_search:(5:<0.1987.0>) Dyn Var (RE): no Match (varname=convo_id), 

=INFO REPORT==== 9-Dec-2019::12:33:21 ===
           ts_search:(5:<0.1634.0>) Dyn Var (RE): no Match (varname=convo_id), 

=INFO REPORT==== 9-Dec-2019::12:33:22 ===
           ts_search:(5:<0.1634.0>) Dyn Var (RE): no Match (varname=authenticity_token), 

=INFO REPORT==== 9-Dec-2019::12:33:22 ===
           ts_search:(5:<0.1881.0>) Dyn Var (RE): no Match (varname=convo_id), 

=INFO REPORT==== 9-Dec-2019::12:33:22 ===
           ts_search:(5:<0.1235.0>) Dyn Var (RE): no Match (varname=authenticity_token), 

=INFO REPORT==== 9-Dec-2019::12:33:22 ===
           ts_search:(5:<0.1897.0>) Dyn Var (RE): no Match (varname=convo_id), 

=INFO REPORT==== 9-Dec-2019::12:33:22 ===
           ts_search:(5:<0.1622.0>) Dyn Var (RE): no Match (varname=convo_id), 

=INFO REPORT==== 9-Dec-2019::12:33:22 ===
           ts_search:(5:<0.2023.0>) Dyn Var (RE): no Match (varname=convo_id), 

=INFO REPORT==== 9-Dec-2019::12:33:22 ===
           ts_search:(5:<0.1881.0>) Dyn Var (RE): no Match (varname=authenticity_token), 

=INFO REPORT==== 9-Dec-2019::12:33:22 ===
           ts_search:(5:<0.1737.0>) Dyn Var (RE): no Match (varname=convo_id), 

=INFO REPORT==== 9-Dec-2019::12:33:23 ===
           ts_search:(5:<0.1787.0>) Dyn Var (RE): no Match (varname=authenticity_token), 

=INFO REPORT==== 9-Dec-2019::12:33:23 ===
           ts_search:(5:<0.1912.0>) Dyn Var (RE): no Match (varname=authenticity_token), 

=INFO REPORT==== 9-Dec-2019::12:33:23 ===
           ts_search:(5:<0.1915.0>) Dyn Var (RE): no Match (varname=authenticity_token), 

=INFO REPORT==== 9-Dec-2019::12:33:23 ===
           ts_search:(5:<0.1983.0>) Dyn Var (RE): no Match (varname=authenticity_token), 

=INFO REPORT==== 9-Dec-2019::12:33:24 ===
           ts_search:(5:<0.1935.0>) Dyn Var (RE): no Match (varname=convo_id), 

=INFO REPORT==== 9-Dec-2019::12:33:24 ===
           ts_search:(5:<0.1987.0>) Dyn Var (RE): no Match (varname=authenticity_token), 

=INFO REPORT==== 9-Dec-2019::12:33:24 ===
           ts_search:(5:<0.1737.0>) Dyn Var (RE): no Match (varname=authenticity_token), 

=INFO REPORT==== 9-Dec-2019::12:33:24 ===
           ts_search:(5:<0.1915.0>) Dyn Var (RE): no Match (varname=convo_id), 

=INFO REPORT==== 9-Dec-2019::12:33:25 ===
           ts_search:(5:<0.1915.0>) Dyn Var (RE): no Match (varname=authenticity_token), 

=INFO REPORT==== 9-Dec-2019::12:33:25 ===
           ts_search:(5:<0.2020.0>) Dyn Var (RE): no Match (varname=authenticity_token), 

=INFO REPORT==== 9-Dec-2019::12:33:26 ===
           ts_search:(5:<0.1611.0>) Dyn Var (RE): no Match (varname=authenticity_token), 

=INFO REPORT==== 9-Dec-2019::12:33:26 ===
           ts_search:(5:<0.1935.0>) Dyn Var (RE): no Match (varname=authenticity_token), 

=INFO REPORT==== 9-Dec-2019::12:33:27 ===
           ts_search:(5:<0.2020.0>) Dyn Var (RE): no Match (varname=convo_id), 

=INFO REPORT==== 9-Dec-2019::12:33:27 ===
           ts_search:(5:<0.2020.0>) Dyn Var (RE): no Match (varname=authenticity_token), 

=INFO REPORT==== 9-Dec-2019::12:33:28 ===
           ts_search:(5:<0.1983.0>) Dyn Var (RE): no Match (varname=convo_id), 

=INFO REPORT==== 9-Dec-2019::12:33:28 ===
           ts_search:(5:<0.1235.0>) Dyn Var (RE): no Match (varname=convo_id), 

=INFO REPORT==== 9-Dec-2019::12:33:29 ===
           ts_search:(5:<0.2023.0>) Dyn Var (RE): no Match (varname=authenticity_token), 

=INFO REPORT==== 9-Dec-2019::12:33:29 ===
           ts_search:(5:<0.1983.0>) Dyn Var (RE): no Match (varname=authenticity_token), 

=INFO REPORT==== 9-Dec-2019::12:33:29 ===
           ts_search:(5:<0.1235.0>) Dyn Var (RE): no Match (varname=authenticity_token), 

=INFO REPORT==== 9-Dec-2019::12:33:31 ===
           ts_search:(5:<0.1897.0>) Dyn Var (RE): no Match (varname=authenticity_token), 

=INFO REPORT==== 9-Dec-2019::12:33:34 ===
           ts_search:(5:<0.1959.0>) Dyn Var (RE): no Match (varname=authenticity_token), 

=INFO REPORT==== 9-Dec-2019::12:33:37 ===
           ts_search:(5:<0.1622.0>) Dyn Var (RE): no Match (varname=authenticity_token), 

=INFO REPORT==== 9-Dec-2019::12:33:42 ===
     ts_launcher_mgr:(5:<0.149.0>) No more active users 'tsung_controller@ip-172-31-46-69' "14458"
