# stats: dump at 1575850592
stats: users 19 19
stats: {freemem,"tsung_controller@ip-172-31-33-214"} 1 379613.1328125 0 379613.1328125 379613.1328125 0 0
stats: {load,"tsung_controller@ip-172-31-33-214"} 1 0.03125 0 0.03125 0.03125 0 0
stats: {cpu,"tsung_controller@ip-172-31-33-214"} 1 0.1653574430699179 0 0.1653574430699179 0.1653574430699179 0 0
stats: users_count 19 19
stats: finish_users_count 0 0
stats: request 61 54.92231147540985 55.042380026976765 188.064 4.568 0 0
stats: connect 18 1.846777777777778 1.8303420917521145 9.381 1.245 0 0
stats: page 61 54.92231147540985 55.042380026976765 188.064 4.568 0 0
stats: tr_Initial_Get_Root 12 53.07908333333334 16.188897962587063 105.869 45.086 0 0
stats: 302 21 21
stats: tr_Get_Root 3 89.07733333333333 60.67218960025169 174.875 45.317 0 0
stats: 200 40 40
stats: tr_Get_Logout 1 36.147 0 36.147 36.147 0 0
stats: size_rcv 360927 360927
stats: tr_Redirect_Root 6 75.21250000000002 50.795263981169214 188.133 46.109 0 0
stats: size_sent 27124 27124
stats: tr_Authenticate_User 10 2074.7395 976.8408972794136 4533.149 886.409 0 0
stats: connected 18 18
stats: tr_Get_Login 1 7.519 0 7.519 7.519 0 0
# stats: dump at 1575850602
stats: users 26 28
stats: {freemem,"tsung_controller@ip-172-31-33-214"} 1 379604.375 0.0 379613.1328125 379604.375 379613.1328125 1
stats: {load,"tsung_controller@ip-172-31-33-214"} 1 0.03125 0.0 0.03125 0.03125 0.03125 1
stats: {recvpackets,"tsung_controller@ip-172-31-33-214"} 1 531 0 531 531 0 0
stats: {sentpackets,"tsung_controller@ip-172-31-33-214"} 1 296 0 296 296 0 0
stats: {cpu,"tsung_controller@ip-172-31-33-214"} 1 0.006246161213420919 0.0 0.1653574430699179 0.006246161213420919 0.1653574430699179 1
stats: session 4 12085.0635 3031.511386882334 15866.054 7452.801 0 0
stats: users_count 11 30
stats: finish_users_count 4 4
stats: request 95 188.5953789473684 421.8536646780724 3458.747 4.568 54.92231147540985 61
stats: connect 12 1.6648333333333338 0.12412818195541071 9.381 1.245 1.846777777777778 18
stats: page 95 188.5953789473684 421.8536646780724 3458.747 4.568 54.92231147540985 61
stats: tr_Initial_Get_Root 7 263.7852857142857 109.91065048186613 382.923 45.086 53.07908333333334 12
stats: 302 43 64
stats: tr_Get_Root 0 0 0 174.875 45.317 89.07733333333333 3
stats: 200 52 92
stats: tr_Get_Logout 1 24.725 0.0 36.147 24.725 36.147 1
stats: size_rcv 597885 958812
stats: tr_Redirect_Root 19 208.99663157894736 65.8243775489474 360.973 46.109 75.21250000000002 6
stats: size_sent 57440 84564
stats: tr_Post_New_Comment_On_Post 2 23.902 13.857 37.759 10.045 0 0
stats: connected 8 26
stats: tr_Get_Post 2 2164.947 1299.408 3464.355 865.539 0 0
stats: tr_Redirect_To_Post 1 2172.371 0 2172.371 2172.371 0 0
stats: tr_Post_New_Comment_On_Comment 1 36.821 0 36.821 36.821 0 0
stats: tr_Get_Conversations 3 91.62 66.76420132576041 181.394 21.402 0 0
stats: tr_Authenticate_User 16 3920.5978124999992 2370.571091019821 8951.658 886.409 2074.7395 10
stats: tr_Get_Login 1 8.515 0.0 8.515 7.519 7.519 1
stats: tr_Post_Login 2 136.9445 1.2694999999999936 138.214 135.675 0 0
stats: tr_Post_New_Conversation 2 91.22749999999999 24.61349999999999 115.841 66.614 0 0
stats: tr_Get_New_Conversation 2 643.0015000000001 24.276500000000027 667.278 618.725 0 0
stats: tr_Get_New_Book 3 11.225999999999999 1.241651588275337 12.468 9.53 0 0
stats: tr_Post_New_Book 3 48.977000000000004 43.11133132561168 109.596 13.021 0 0
stats: tr_Redirect_To_New_Book 2 26.5175 1.6064999999999996 28.124 24.911 0 0
# stats: dump at 1575850612
stats: users 18 28
stats: {freemem,"tsung_controller@ip-172-31-33-214"} 1 379597.19921875 0.0 379613.1328125 379597.19921875 379608.75390625 2
stats: {load,"tsung_controller@ip-172-31-33-214"} 1 0.01953125 0.0 0.03125 0.01953125 0.03125 2
stats: {recvpackets,"tsung_controller@ip-172-31-33-214"} 1 653.0 0.0 653 531 531.0 1
stats: {sentpackets,"tsung_controller@ip-172-31-33-214"} 1 336.0 0.0 336 296 296.0 1
stats: {cpu,"tsung_controller@ip-172-31-33-214"} 1 0.00936865663873419 0.0 0.1653574430699179 0.006246161213420919 0.08580180214166941 2
stats: session 8 17929.815874999997 4509.566506379339 23981.743 7452.801 12085.0635 4
stats: users_count 0 30
stats: finish_users_count 8 12
stats: request 45 1358.8227555555554 2729.3493018777217 8192.765 4.568 136.32578205128206 156
stats: connect 0 0 0 9.381 1.245 1.7740000000000005 30
stats: page 43 1422.0315116279069 2776.0506808753394 8192.765 4.568 136.32578205128206 156
stats: tr_Initial_Get_Root 0 0 0 382.923 45.086 130.7076842105263 19
stats: 302 19 83
stats: tr_Get_Root 0 0 0 174.875 45.317 89.07733333333333 3
stats: 200 26 118
stats: tr_Get_Logout 1 16.481 0.0 36.147 16.481 30.436 2
stats: size_rcv 468538 1427350
stats: tr_Redirect_Root 5 294.1742 53.057896510887055 360.973 46.109 176.88843999999997 25
stats: size_sent 27633 112197
stats: tr_Post_New_Comment_On_Post 5 40.64020000000001 10.556482887780382 61.13 10.045 23.902 2
stats: connected -7 19
stats: tr_Get_Post 5 6880.263800000001 1346.7070412523135 8171.18 865.539 2164.947 2
stats: tr_Redirect_To_Post 3 7527.307 721.8059040356115 8192.998 2172.371 2172.371 1
stats: tr_Post_New_Comment_On_Comment 1 44.296 0.0 44.296 36.821 36.821 1
stats: tr_Get_Conversations 0 0 0 181.394 21.402 91.62 3
stats: tr_Authenticate_User 4 7348.849499999999 4982.133186821911 14751.409 886.409 3210.652307692307 26
stats: tr_Get_Login 1 6.564 0.0 8.515 6.564 8.017 2
stats: tr_Post_Login 1 154.114 0.0 154.114 135.675 136.9445 2
stats: tr_Post_New_Conversation 1 287.671 0.0 287.671 66.614 91.22749999999999 2
stats: tr_Get_New_Conversation 1 882.0 0.0 882.0 618.725 643.0015000000001 2
stats: tr_Redirect_To_New_Conversation 3 155.64466666666667 140.19123816019632 353.734 49.47 0 0
stats: tr_Redirect_To_Same_Conversation 2 57.266 4.808 62.074 52.458 0 0
stats: tr_Reply_To_Conversation 2 98.253 1.1110000000000042 99.364 97.142 0 0
stats: tr_Get_New_Book 3 12.878333333333332 1.818273417894631 15.377 9.53 11.225999999999999 3
stats: tr_Post_New_Book 3 22.423999999999996 2.8927199426606554 109.596 13.021 48.977000000000004 3
stats: tr_Redirect_To_New_Book 3 19.826999999999998 3.028716669922537 28.124 15.825 26.5175 2
# stats: dump at 1575850622
stats: users 15 28
stats: {freemem,"tsung_controller@ip-172-31-33-214"} 1 379593.2890625 0.0 379613.1328125 379593.2890625 379604.90234375 3
stats: {load,"tsung_controller@ip-172-31-33-214"} 1 0.01953125 0.0 0.03125 0.01953125 0.02734375 3
stats: {recvpackets,"tsung_controller@ip-172-31-33-214"} 1 391.0 0.0 653 391 592.0 2
stats: {sentpackets,"tsung_controller@ip-172-31-33-214"} 1 151.0 0.0 336 151 316.0 2
stats: {cpu,"tsung_controller@ip-172-31-33-214"} 1 0.009369534438244358 0.0 0.1653574430699179 0.006246161213420919 0.06032408697402433 3
stats: session 3 31962.660333333333 2590.8904504161405 34700.204 7452.801 15981.56508333333 12
stats: users_count 0 30
stats: finish_users_count 3 15
stats: request 14 3477.1598571428576 3942.175252888886 8526.455 4.568 410.0191343283582 201
stats: connect 0 0 0 9.381 1.245 1.7740000000000005 30
stats: page 13 3744.649153846154 3966.793573224172 8526.455 4.568 414.1415929648241 199
stats: tr_Initial_Get_Root 0 0 0 382.923 45.086 130.7076842105263 19
stats: 302 6 89
stats: tr_Get_Root 0 0 0 174.875 45.317 89.07733333333333 3
stats: 200 8 126
stats: tr_Get_Logout 0 0 0 36.147 16.481 25.784333333333336 3
stats: size_rcv 273227 1700577
stats: tr_Redirect_Root 0 0 0 360.973 46.109 196.43606666666665 30
stats: size_sent 7853 120050
stats: tr_Post_New_Comment_On_Post 1 45.571 0.0 61.13 10.045 35.85785714285715 7
stats: connected -4 15
stats: tr_Get_Post 1 8106.105 0.0 8171.18 865.539 5533.030428571429 7
stats: tr_Redirect_To_Post 5 8013.1302 274.00330577451075 8526.642 2172.371 6188.572999999999 4
stats: tr_Post_New_Comment_On_Comment 4 74.16624999999999 59.56345035495762 177.192 36.066 40.558499999999995 2
stats: tr_Get_Conversations 0 0 0 181.394 21.402 91.62 3
stats: tr_Authenticate_User 0 0 0 14751.409 886.409 3762.4119333333333 30
stats: tr_Get_Login 0 0 0 8.515 6.564 7.532666666666667 3
stats: tr_Post_Login 0 0 0 154.114 135.675 142.6676666666667 3
stats: tr_Post_New_Conversation 0 0 0 287.671 66.614 156.70866666666666 3
stats: tr_Get_New_Conversation 0 0 0 882.0 618.725 722.6676666666667 3
stats: tr_Redirect_To_New_Conversation 0 0 0 353.734 49.47 155.64466666666667 3
stats: tr_Redirect_To_Same_Conversation 1 59.449 0.0 62.074 52.458 57.266 2
stats: tr_Reply_To_Conversation 1 106.147 0.0 106.147 97.142 98.253 2
stats: tr_Get_New_Book 0 0 0 15.377 9.53 12.052166666666665 6
stats: tr_Post_New_Book 0 0 0 109.596 13.021 35.7005 6
stats: tr_Redirect_To_New_Book 1 24.092 0.0 28.124 15.825 22.5032 5
# stats: dump at 1575850632
stats: users 12 28
stats: {freemem,"tsung_controller@ip-172-31-33-214"} 1 379589.57421875 0.0 379613.1328125 379589.57421875 379601.9990234375 4
stats: {load,"tsung_controller@ip-172-31-33-214"} 1 0.01171875 0.0 0.03125 0.01171875 0.025390625 4
stats: {recvpackets,"tsung_controller@ip-172-31-33-214"} 1 245.0 0.0 653 245 525.0 3
stats: {sentpackets,"tsung_controller@ip-172-31-33-214"} 1 62.0 0.0 336 62 261.0 3
stats: {cpu,"tsung_controller@ip-172-31-33-214"} 1 0.005205784667922996 0.0 0.1653574430699179 0.005205784667922996 0.04758544884007934 4
stats: session 3 36106.367666666665 1427.5877695619597 37341.92 7452.801 19177.78413333333 15
stats: users_count 0 30
stats: finish_users_count 3 18
stats: request 7 5324.8009999999995 3400.315194433304 8718.274 4.568 609.7399255813954 215
stats: connect 0 0 0 9.381 1.245 1.7740000000000005 30
stats: page 7 5324.8009999999995 3400.315194433304 8718.274 4.568 618.3708301886793 212
stats: tr_Initial_Get_Root 0 0 0 382.923 45.086 130.7076842105263 19
stats: 302 2 91
stats: tr_Get_Root 0 0 0 174.875 45.317 89.07733333333333 3
stats: 200 5 131
stats: tr_Get_Logout 0 0 0 36.147 16.481 25.784333333333336 3
stats: size_rcv 227234 1927811
stats: tr_Redirect_Root 0 0 0 360.973 46.109 196.43606666666665 30
stats: size_sent 3594 123644
stats: tr_Post_New_Comment_On_Post 0 0 0 61.13 10.045 37.072 8
stats: connected -3 12
stats: tr_Get_Post 0 0 0 8171.18 865.539 5854.66475 8
stats: tr_Redirect_To_Post 5 7443.373799999999 715.8241129136122 8723.308 2172.371 7202.215888888889 9
stats: tr_Post_New_Comment_On_Comment 2 33.876000000000005 1.8710000000000004 177.192 32.005 62.963666666666654 6
stats: tr_Get_Conversations 0 0 0 181.394 21.402 91.62 3
stats: tr_Authenticate_User 0 0 0 14751.409 886.409 3762.4119333333333 30
stats: tr_Get_Login 0 0 0 8.515 6.564 7.532666666666667 3
stats: tr_Post_Login 0 0 0 154.114 135.675 142.6676666666667 3
stats: tr_Post_New_Conversation 0 0 0 287.671 66.614 156.70866666666666 3
stats: tr_Get_New_Conversation 0 0 0 882.0 618.725 722.6676666666667 3
stats: tr_Redirect_To_New_Conversation 0 0 0 353.734 49.47 155.64466666666667 3
stats: tr_Redirect_To_Same_Conversation 0 0 0 62.074 52.458 57.99366666666666 3
stats: tr_Reply_To_Conversation 0 0 0 106.147 97.142 100.88433333333334 3
stats: tr_Get_New_Book 0 0 0 15.377 9.53 12.052166666666665 6
stats: tr_Post_New_Book 0 0 0 109.596 13.021 35.7005 6
stats: tr_Redirect_To_New_Book 0 0 0 28.124 15.825 22.768 6
# stats: dump at 1575850642
stats: users 10 28
stats: {freemem,"tsung_controller@ip-172-31-33-214"} 1 379593.609375 0.0 379613.1328125 379589.57421875 379599.5140625 5
stats: {load,"tsung_controller@ip-172-31-33-214"} 1 0.01171875 0.0 0.03125 0.01171875 0.02265625 5
stats: {recvpackets,"tsung_controller@ip-172-31-33-214"} 1 142.0 0.0 653 142 455.0 4
stats: {sentpackets,"tsung_controller@ip-172-31-33-214"} 1 31.0 0.0 336 31 211.25 4
stats: {cpu,"tsung_controller@ip-172-31-33-214"} 1 0.004163110676297329 0.0 0.1653574430699179 0.004163110676297329 0.03910951600564807 5
stats: session 2 41355.8675 1239.3285000000033 42595.196 7452.801 21999.214722222223 18
stats: users_count 0 30
stats: finish_users_count 2 20
stats: request 2 6763.16 0.73700000000008 8718.274 4.568 758.4130225225225 222
stats: connect 0 0 0 9.381 1.245 1.7740000000000005 30
stats: page 2 6763.16 0.73700000000008 8718.274 4.568 768.8046712328767 219
stats: tr_Initial_Get_Root 0 0 0 382.923 45.086 130.7076842105263 19
stats: 302 0 91
stats: tr_Get_Root 0 0 0 174.875 45.317 89.07733333333333 3
stats: 200 2 133
stats: tr_Get_Logout 0 0 0 36.147 16.481 25.784333333333336 3
stats: size_rcv 92108 2019919
stats: tr_Redirect_Root 0 0 0 360.973 46.109 196.43606666666665 30
stats: size_sent 0 123644
stats: tr_Post_New_Comment_On_Post 0 0 0 61.13 10.045 37.072 8
stats: connected -2 10
stats: tr_Get_Post 0 0 0 8171.18 865.539 5854.66475 8
stats: tr_Redirect_To_Post 2 6763.364 0.7470000000000709 8723.308 2172.371 7288.343714285715 14
stats: tr_Post_New_Comment_On_Comment 0 0 0 177.192 32.005 55.69174999999999 8
stats: tr_Get_Conversations 0 0 0 181.394 21.402 91.62 3
stats: tr_Authenticate_User 0 0 0 14751.409 886.409 3762.4119333333333 30
stats: tr_Get_Login 0 0 0 8.515 6.564 7.532666666666667 3
stats: tr_Post_Login 0 0 0 154.114 135.675 142.6676666666667 3
stats: tr_Post_New_Conversation 0 0 0 287.671 66.614 156.70866666666666 3
stats: tr_Get_New_Conversation 0 0 0 882.0 618.725 722.6676666666667 3
stats: tr_Redirect_To_New_Conversation 0 0 0 353.734 49.47 155.64466666666667 3
stats: tr_Redirect_To_Same_Conversation 0 0 0 62.074 52.458 57.99366666666666 3
stats: tr_Reply_To_Conversation 0 0 0 106.147 97.142 100.88433333333334 3
stats: tr_Get_New_Book 0 0 0 15.377 9.53 12.052166666666665 6
stats: tr_Post_New_Book 0 0 0 109.596 13.021 35.7005 6
stats: tr_Redirect_To_New_Book 0 0 0 28.124 15.825 22.768 6
# stats: dump at 1575850652
stats: users 10 28
stats: {freemem,"tsung_controller@ip-172-31-33-214"} 1 379593.97265625 0.0 379613.1328125 379589.57421875 379598.5299479167 6
stats: {load,"tsung_controller@ip-172-31-33-214"} 1 0.01171875 0.0 0.03125 0.01171875 0.020833333333333332 6
stats: {recvpackets,"tsung_controller@ip-172-31-33-214"} 1 70.0 0.0 653 70 392.4 5
stats: {sentpackets,"tsung_controller@ip-172-31-33-214"} 1 16.0 0.0 336 16 175.2 5
stats: {cpu,"tsung_controller@ip-172-31-33-214"} 1 0.0031232756915452924 0.0 0.1653574430699179 0.0031232756915452924 0.03328511511742294 6
stats: session 0 0 0 42595.196 7452.801 23934.879999999997 20
stats: users_count 0 30
stats: finish_users_count 0 20
stats: request 0 0 0 8718.274 4.568 812.0268348214286 224
stats: connect 0 0 0 9.381 1.245 1.7740000000000005 30
stats: page 0 0 0 8718.274 4.568 823.0522307692308 221
stats: tr_Initial_Get_Root 0 0 0 382.923 45.086 130.7076842105263 19
stats: 302 0 91
stats: tr_Get_Root 0 0 0 174.875 45.317 89.07733333333333 3
stats: 200 0 133
stats: tr_Get_Logout 0 0 0 36.147 16.481 25.784333333333336 3
stats: size_rcv 0 2019919
stats: tr_Redirect_Root 0 0 0 360.973 46.109 196.43606666666665 30
stats: size_sent 0 123644
stats: tr_Post_New_Comment_On_Post 0 0 0 61.13 10.045 37.072 8
stats: connected 0 10
stats: tr_Get_Post 0 0 0 8171.18 865.539 5854.66475 8
stats: tr_Redirect_To_Post 0 0 0 8723.308 2172.371 7222.7212500000005 16
stats: tr_Post_New_Comment_On_Comment 0 0 0 177.192 32.005 55.69174999999999 8
stats: tr_Get_Conversations 0 0 0 181.394 21.402 91.62 3
stats: tr_Authenticate_User 0 0 0 14751.409 886.409 3762.4119333333333 30
stats: tr_Get_Login 0 0 0 8.515 6.564 7.532666666666667 3
stats: tr_Post_Login 0 0 0 154.114 135.675 142.6676666666667 3
stats: tr_Post_New_Conversation 0 0 0 287.671 66.614 156.70866666666666 3
stats: tr_Get_New_Conversation 0 0 0 882.0 618.725 722.6676666666667 3
stats: tr_Redirect_To_New_Conversation 0 0 0 353.734 49.47 155.64466666666667 3
stats: tr_Redirect_To_Same_Conversation 0 0 0 62.074 52.458 57.99366666666666 3
stats: tr_Reply_To_Conversation 0 0 0 106.147 97.142 100.88433333333334 3
stats: tr_Get_New_Book 0 0 0 15.377 9.53 12.052166666666665 6
stats: tr_Post_New_Book 0 0 0 109.596 13.021 35.7005 6
stats: tr_Redirect_To_New_Book 0 0 0 28.124 15.825 22.768 6
# stats: dump at 1575850662
stats: users 8 28
stats: {freemem,"tsung_controller@ip-172-31-33-214"} 1 379594.45703125 0.0 379613.1328125 379589.57421875 379597.87890625 7
stats: {load,"tsung_controller@ip-172-31-33-214"} 1 0.01171875 0.0 0.03125 0.01171875 0.01953125 7
stats: {recvpackets,"tsung_controller@ip-172-31-33-214"} 1 0.0 0.0 653 0 338.6666666666667 6
stats: {sentpackets,"tsung_controller@ip-172-31-33-214"} 1 0.0 0.0 336 0 148.66666666666666 6
stats: {cpu,"tsung_controller@ip-172-31-33-214"} 1 0.0 0.0 0.1653574430699179 0.0 0.02897628091372614 7
stats: session 2 71513.737 294.33300000000963 71808.07 7452.801 23934.879999999997 20
stats: users_count 0 30
stats: finish_users_count 2 22
stats: request 16 22533.3868125 29022.950834353276 60006.532 4.568 812.0268348214286 224
stats: connect 0 0 0 9.381 1.245 1.7740000000000005 30
stats: page 16 22533.3868125 29022.950834353276 60006.532 4.568 823.0522307692308 221
stats: tr_Initial_Get_Root 0 0 0 382.923 45.086 130.7076842105263 19
stats: 302 4 95
stats: tr_Get_Root 0 0 0 174.875 45.317 89.07733333333333 3
stats: 504 6 6
stats: tr_Get_Logout 0 0 0 36.147 16.481 25.784333333333336 3
stats: 200 6 139
stats: tr_Redirect_Root 0 0 0 360.973 46.109 196.43606666666665 30
stats: size_rcv 27059 2046978
stats: tr_Post_New_Comment_On_Post 0 0 0 61.13 10.045 37.072 8
stats: size_sent 5705 129349
stats: tr_Get_Post 0 0 0 8171.18 865.539 5854.66475 8
stats: connected -2 8
stats: tr_Redirect_To_Post 0 0 0 8723.308 2172.371 7222.7212500000005 16
stats: tr_Post_New_Comment_On_Comment 0 0 0 177.192 32.005 55.69174999999999 8
stats: tr_Post_New_Post 4 32.554500000000004 8.573178363360931 47.192 25.946 0 0
stats: tr_Get_New_Post 4 16.3155 1.459152065413334 18.191 14.507 0 0
stats: tr_Redirect_To_New_Post 2 164.6655 33.6575 198.323 131.008 0 0
stats: tr_Get_Conversations 0 0 0 181.394 21.402 91.62 3
stats: tr_Authenticate_User 0 0 0 14751.409 886.409 3762.4119333333333 30
stats: tr_Get_Login 0 0 0 8.515 6.564 7.532666666666667 3
stats: tr_Post_Login 0 0 0 154.114 135.675 142.6676666666667 3
stats: tr_Post_New_Conversation 0 0 0 287.671 66.614 156.70866666666666 3
stats: tr_Get_New_Conversation 0 0 0 882.0 618.725 722.6676666666667 3
stats: tr_Redirect_To_New_Conversation 0 0 0 353.734 49.47 155.64466666666667 3
stats: tr_Redirect_To_Same_Conversation 0 0 0 62.074 52.458 57.99366666666666 3
stats: tr_Reply_To_Conversation 0 0 0 106.147 97.142 100.88433333333334 3
stats: tr_Get_New_Book 0 0 0 15.377 9.53 12.052166666666665 6
stats: tr_Post_New_Book 0 0 0 109.596 13.021 35.7005 6
stats: tr_Redirect_To_New_Book 0 0 0 28.124 15.825 22.768 6
stats: tr_Get_Book 6 60001.986333333334 2.5188726755319597 60006.769 59999.411 0 0
# stats: dump at 1575850672
stats: users 1 28
stats: {freemem,"tsung_controller@ip-172-31-33-214"} 1 379594.578125 0.0 379613.1328125 379589.57421875 379597.451171875 8
stats: {load,"tsung_controller@ip-172-31-33-214"} 1 0.01171875 0.0 0.03125 0.01171875 0.0185546875 8
stats: {recvpackets,"tsung_controller@ip-172-31-33-214"} 1 50.0 0.0 653 0 290.2857142857143 7
stats: {sentpackets,"tsung_controller@ip-172-31-33-214"} 1 43.0 0.0 336 0 127.42857142857143 7
stats: {cpu,"tsung_controller@ip-172-31-33-214"} 1 0.0010409076714895389 0.0 0.1653574430699179 0.0 0.025354245799510372 8
stats: session 7 77498.28028571428 3959.3775697244437 84655.253 7452.801 28260.230636363638 22
stats: users_count 0 30
stats: finish_users_count 7 29
stats: request 23 10490.93547826087 22718.699415553063 60016.105 4.568 2260.1175 240
stats: connect 0 0 0 9.381 1.245 1.7740000000000005 30
stats: page 23 10490.93547826087 22718.699415553063 60016.105 4.568 2288.7288270042195 237
stats: tr_Initial_Get_Root 0 0 0 382.923 45.086 130.7076842105263 19
stats: 302 6 101
stats: tr_Get_Root 0 0 0 174.875 45.317 89.07733333333333 3
stats: 504 4 10
stats: tr_Get_Logout 0 0 0 36.147 16.481 25.784333333333336 3
stats: 200 13 152
stats: tr_Redirect_Root 0 0 0 360.973 46.109 196.43606666666665 30
stats: size_rcv 51665 2098643
stats: tr_Post_New_Comment_On_Post 0 0 0 61.13 10.045 37.072 8
stats: size_sent 10857 140206
stats: tr_Get_Post 0 0 0 8171.18 865.539 5854.66475 8
stats: connected -7 1
stats: tr_Redirect_To_Post 0 0 0 8723.308 2172.371 7222.7212500000005 16
stats: tr_Post_New_Comment_On_Comment 0 0 0 177.192 32.005 55.69174999999999 8
stats: tr_Post_New_Post 6 28.13366666666667 3.6632782070465546 47.192 22.858 32.554500000000004 4
stats: tr_Get_New_Post 6 18.452166666666667 3.672094970479689 26.084 14.507 16.3155 4
stats: tr_Redirect_To_New_Post 7 142.15342857142858 36.15752444456318 209.21 86.725 164.6655 2
stats: tr_Get_Conversations 0 0 0 181.394 21.402 91.62 3
stats: tr_Authenticate_User 0 0 0 14751.409 886.409 3762.4119333333333 30
stats: tr_Get_Login 0 0 0 8.515 6.564 7.532666666666667 3
stats: tr_Post_Login 0 0 0 154.114 135.675 142.6676666666667 3
stats: tr_Post_New_Conversation 0 0 0 287.671 66.614 156.70866666666666 3
stats: tr_Get_New_Conversation 0 0 0 882.0 618.725 722.6676666666667 3
stats: tr_Redirect_To_New_Conversation 0 0 0 353.734 49.47 155.64466666666667 3
stats: tr_Redirect_To_Same_Conversation 0 0 0 62.074 52.458 57.99366666666666 3
stats: tr_Reply_To_Conversation 0 0 0 106.147 97.142 100.88433333333334 3
stats: tr_Get_New_Book 0 0 0 15.377 9.53 12.052166666666665 6
stats: tr_Post_New_Book 0 0 0 109.596 13.021 35.7005 6
stats: tr_Redirect_To_New_Book 0 0 0 28.124 15.825 22.768 6
stats: tr_Get_Book 4 60005.194749999995 6.742568812220583 60016.283 59999.066 60001.986333333334 6
# stats: dump at 1575850682
stats: users 0 28
stats: {freemem,"tsung_controller@ip-172-31-33-214"} 1 379596.8671875 0.0 379613.1328125 379589.57421875 379597.13194444444 9
stats: {load,"tsung_controller@ip-172-31-33-214"} 1 0.0 0.0 0.03125 0.0 0.017795138888888888 9
stats: {recvpackets,"tsung_controller@ip-172-31-33-214"} 1 86.0 0.0 653 0 260.25 8
stats: {sentpackets,"tsung_controller@ip-172-31-33-214"} 1 78.0 0.0 336 0 116.875 8
stats: {cpu,"tsung_controller@ip-172-31-33-214"} 1 0.0093694368968425 0.0 0.1653574430699179 0.0 0.022652763785285836 9
stats: session 1 84239.119 0.0 84655.253 7452.801 40145.27710344827 29
stats: users_count 0 30
stats: finish_users_count 1 30
stats: connect 0 0 0 9.381 1.245 1.7740000000000005 30
stats: page 1 154.936 0.0 60016.105 4.568 3014.308646153847 260
stats: tr_Initial_Get_Root 0 0 0 382.923 45.086 130.7076842105263 19
stats: request 1 154.936 0.0 60016.105 4.568 2979.922874524715 263
stats: 302 0 101
stats: tr_Get_Root 0 0 0 174.875 45.317 89.07733333333333 3
stats: 504 0 10
stats: tr_Get_Logout 0 0 0 36.147 16.481 25.784333333333336 3
stats: 200 1 153
stats: tr_Redirect_Root 0 0 0 360.973 46.109 196.43606666666665 30
stats: size_rcv 3181 2101824
stats: tr_Post_New_Comment_On_Post 0 0 0 61.13 10.045 37.072 8
stats: size_sent 541 140747
stats: tr_Get_Post 0 0 0 8171.18 865.539 5854.66475 8
stats: connected -1 0
stats: tr_Redirect_To_Post 0 0 0 8723.308 2172.371 7222.7212500000005 16
stats: tr_Post_New_Comment_On_Comment 0 0 0 177.192 32.005 55.69174999999999 8
stats: tr_Post_New_Post 0 0 0 47.192 22.858 29.902000000000005 10
stats: tr_Get_New_Post 0 0 0 26.084 14.507 17.5975 10
stats: tr_Redirect_To_New_Post 1 155.157 0.0 209.21 86.725 147.15611111111113 9
stats: tr_Get_Conversations 0 0 0 181.394 21.402 91.62 3
stats: tr_Authenticate_User 0 0 0 14751.409 886.409 3762.4119333333333 30
stats: tr_Get_Login 0 0 0 8.515 6.564 7.532666666666667 3
stats: tr_Post_Login 0 0 0 154.114 135.675 142.6676666666667 3
stats: tr_Post_New_Conversation 0 0 0 287.671 66.614 156.70866666666666 3
stats: tr_Get_New_Conversation 0 0 0 882.0 618.725 722.6676666666667 3
stats: tr_Redirect_To_New_Conversation 0 0 0 353.734 49.47 155.64466666666667 3
stats: tr_Redirect_To_Same_Conversation 0 0 0 62.074 52.458 57.99366666666666 3
stats: tr_Reply_To_Conversation 0 0 0 106.147 97.142 100.88433333333334 3
stats: tr_Get_New_Book 0 0 0 15.377 9.53 12.052166666666665 6
stats: tr_Post_New_Book 0 0 0 109.596 13.021 35.7005 6
stats: tr_Redirect_To_New_Book 0 0 0 28.124 15.825 22.768 6
stats: tr_Get_Book 0 0 0 60016.283 59999.066 60003.26969999999 10
# stats: dump at 1575850683
stats: users 0 28
stats: {freemem,"tsung_controller@ip-172-31-33-214"} 0 0 0 379613.1328125 379589.57421875 379597.10546875 10
stats: {load,"tsung_controller@ip-172-31-33-214"} 0 0 0 0.03125 0.0 0.016015625 10
stats: {recvpackets,"tsung_controller@ip-172-31-33-214"} 0 0 0 653 0 240.88888888888889 9
stats: {sentpackets,"tsung_controller@ip-172-31-33-214"} 0 0 0 336 0 112.55555555555556 9
stats: {cpu,"tsung_controller@ip-172-31-33-214"} 0 0 0 0.1653574430699179 0.0 0.021324431096441502 10
stats: session 0 0 0 84655.253 7452.801 41615.07183333333 30
stats: users_count 0 30
stats: finish_users_count 0 30
stats: request 0 0 0 60016.105 4.568 2969.2221666666665 264
stats: page 0 0 0 60016.105 4.568 3003.353195402299 261
stats: tr_Initial_Get_Root 0 0 0 382.923 45.086 130.7076842105263 19
stats: 302 0 101
stats: connect 0 0 0 9.381 1.245 1.7740000000000005 30
stats: tr_Get_Root 0 0 0 174.875 45.317 89.07733333333333 3
stats: 504 0 10
stats: tr_Get_Logout 0 0 0 36.147 16.481 25.784333333333336 3
stats: 200 0 153
stats: tr_Redirect_Root 0 0 0 360.973 46.109 196.43606666666665 30
stats: size_rcv 0 2101824
stats: tr_Post_New_Comment_On_Post 0 0 0 61.13 10.045 37.072 8
stats: size_sent 0 140747
stats: tr_Get_Post 0 0 0 8171.18 865.539 5854.66475 8
stats: connected 0 0
stats: tr_Redirect_To_Post 0 0 0 8723.308 2172.371 7222.7212500000005 16
stats: tr_Post_New_Comment_On_Comment 0 0 0 177.192 32.005 55.69174999999999 8
stats: tr_Post_New_Post 0 0 0 47.192 22.858 29.902000000000005 10
stats: tr_Get_New_Post 0 0 0 26.084 14.507 17.5975 10
stats: tr_Redirect_To_New_Post 0 0 0 209.21 86.725 147.95620000000002 10
stats: tr_Get_Conversations 0 0 0 181.394 21.402 91.62 3
stats: tr_Authenticate_User 0 0 0 14751.409 886.409 3762.4119333333333 30
stats: tr_Get_Login 0 0 0 8.515 6.564 7.532666666666667 3
stats: tr_Post_Login 0 0 0 154.114 135.675 142.6676666666667 3
stats: tr_Post_New_Conversation 0 0 0 287.671 66.614 156.70866666666666 3
stats: tr_Get_New_Conversation 0 0 0 882.0 618.725 722.6676666666667 3
stats: tr_Redirect_To_New_Conversation 0 0 0 353.734 49.47 155.64466666666667 3
stats: tr_Redirect_To_Same_Conversation 0 0 0 62.074 52.458 57.99366666666666 3
stats: tr_Reply_To_Conversation 0 0 0 106.147 97.142 100.88433333333334 3
stats: tr_Get_New_Book 0 0 0 15.377 9.53 12.052166666666665 6
stats: tr_Post_New_Book 0 0 0 109.596 13.021 35.7005 6
stats: tr_Redirect_To_New_Book 0 0 0 28.124 15.825 22.768 6
stats: tr_Get_Book 0 0 0 60016.283 59999.066 60003.26969999999 10
EndMonitor:{1575,850683,137750}
