
=INFO REPORT==== 10-Dec-2019::00:44:27 ===
    ts_config_server:(5:<0.102.0>) Config server started, logdir is "/home/ec2-user/.tsung/log/20191210-0044"
 
=INFO REPORT==== 10-Dec-2019::00:44:27 ===
              ts_mon:(5:<0.83.0>) starting monitor, global 

=INFO REPORT==== 10-Dec-2019::00:44:27 ===
           ts_config:(5:<0.102.0>) Reading config file: simple.xml

=INFO REPORT==== 10-Dec-2019::00:44:27 ===
           ts_config:(5:<0.102.0>) Session name for id 1 is "Register-Logout-Login"

=INFO REPORT==== 10-Dec-2019::00:44:27 ===
           ts_config:(5:<0.102.0>) Session name for id 2 is "Create-Book"

=INFO REPORT==== 10-Dec-2019::00:44:27 ===
           ts_config:(5:<0.102.0>) Session name for id 3 is "Create-Post"

=INFO REPORT==== 10-Dec-2019::00:44:27 ===
           ts_config:(5:<0.102.0>) Session name for id 4 is "Add_Comment"

=INFO REPORT==== 10-Dec-2019::00:44:27 ===
           ts_config:(5:<0.102.0>) Session name for id 5 is "Send-Message"

=INFO REPORT==== 10-Dec-2019::00:44:27 ===
    ts_config_server:(4:<0.102.0>) SYSINFO:Tsung version: 1.7.0

=INFO REPORT==== 10-Dec-2019::00:44:27 ===
    ts_config_server:(4:<0.102.0>) SYSINFO:Erlang version: Erlang/OTP 20 [erts-9.1] [source] [64-bit] [smp:96:96] [ds:96:96:10] [async-threads:8] [hipe] [kernel-poll:true]


=INFO REPORT==== 10-Dec-2019::00:44:27 ===
    ts_config_server:(4:<0.102.0>) SYSINFO:System architecture x86_64-unknown-linux-gnu

=INFO REPORT==== 10-Dec-2019::00:44:27 ===
    ts_config_server:(4:<0.102.0>) SYSINFO:Current path: /usr/local/lib/tsung/tsung-1.7.0/ebin/tsung.beam

=INFO REPORT==== 10-Dec-2019::00:44:27 ===
              ts_mon:(5:<0.103.0>) Activate clients with text backend

=INFO REPORT==== 10-Dec-2019::00:44:27 ===
              ts_mon:(5:<0.103.0>) Starting tsung clients on hosts: [localhost]

=INFO REPORT==== 10-Dec-2019::00:44:27 ===
    ts_config_server:(5:<0.102.0>) Start a launcher on the controller beam localhost

=INFO REPORT==== 10-Dec-2019::00:44:28 ===
  ts_launcher_static:(5:<0.154.0>) Launch msg receive ("localhost")

=INFO REPORT==== 10-Dec-2019::00:44:28 ===
         ts_launcher:(5:<0.155.0>) Launch msg receive ("localhost")

=INFO REPORT==== 10-Dec-2019::00:44:28 ===
    ts_config_server:(5:<0.102.0>) New arrival phase 1 for client "localhost" (last ? true): will start 30 users

=INFO REPORT==== 10-Dec-2019::00:44:28 ===
    ts_config_server:(5:<0.102.0>) New arrival phase 2 for client "localhost" (last ? true): will start 60 users

=INFO REPORT==== 10-Dec-2019::00:44:28 ===
    ts_config_server:(5:<0.102.0>) New arrival phase 3 for client "localhost" (last ? true): will start 120 users

=INFO REPORT==== 10-Dec-2019::00:44:28 ===
    ts_config_server:(5:<0.102.0>) New arrival phase 4 for client "localhost" (last ? true): will start 240 users

=INFO REPORT==== 10-Dec-2019::00:44:28 ===
    ts_config_server:(5:<0.102.0>) New arrival phase 5 for client "localhost" (last ? true): will start 480 users

=INFO REPORT==== 10-Dec-2019::00:44:28 ===
    ts_config_server:(5:<0.102.0>) New arrival phase 6 for client "localhost" (last ? true): will start 960 users

=INFO REPORT==== 10-Dec-2019::00:44:28 ===
    ts_config_server:(5:<0.102.0>) New arrival phase 7 for client "localhost" (last ? true): will start 1920 users

=INFO REPORT==== 10-Dec-2019::00:44:28 ===
         ts_launcher:(5:<0.155.0>) Expected duration of first phase: 15.0 sec (30 users) 

=INFO REPORT==== 10-Dec-2019::00:44:28 ===
         ts_launcher:(5:<0.155.0>) Activate launcher (30 users) in 1593 msec 

=INFO REPORT==== 10-Dec-2019::00:44:44 ===
         ts_launcher:(5:<0.155.0>) Phase duration exceeded, but not all users were launched (1 users, 3.3% of phase)

=INFO REPORT==== 10-Dec-2019::00:44:44 ===
         ts_launcher:(5:<0.155.0>) Wait for all sessions to finish before starting next phase (still 24 sessions active)
=INFO REPORT==== 10-Dec-2019::00:44:49 ===
         ts_launcher:(5:<0.155.0>) Wait for all sessions to finish before starting next phase (still 16 sessions active)
=INFO REPORT==== 10-Dec-2019::00:44:54 ===
         ts_launcher:(5:<0.155.0>) Wait for all sessions to finish before starting next phase (still 8 sessions active)
=INFO REPORT==== 10-Dec-2019::00:44:59 ===
         ts_launcher:(5:<0.155.0>) Wait for all sessions to finish before starting next phase (still 3 sessions active)
=INFO REPORT==== 10-Dec-2019::00:45:04 ===
         ts_launcher:(5:<0.155.0>) Wait for all sessions to finish before starting next phase (still 3 sessions active)
=INFO REPORT==== 10-Dec-2019::00:45:09 ===
         ts_launcher:(5:<0.155.0>) Start a new arrival phase (60 users, 0.004); expected duration=15.0 sec

=INFO REPORT==== 10-Dec-2019::00:45:24 ===
         ts_launcher:(4:<0.155.0>) Need to wait 0.359 sec before changing phase, going to sleep

=INFO REPORT==== 10-Dec-2019::00:45:24 ===
         ts_launcher:(5:<0.155.0>) Waking up

=INFO REPORT==== 10-Dec-2019::00:45:24 ===
         ts_launcher:(5:<0.155.0>) Wait for all sessions to finish before starting next phase (still 54 sessions active)
=INFO REPORT==== 10-Dec-2019::00:45:29 ===
         ts_launcher:(5:<0.155.0>) Wait for all sessions to finish before starting next phase (still 42 sessions active)
=INFO REPORT==== 10-Dec-2019::00:45:34 ===
         ts_launcher:(5:<0.155.0>) Wait for all sessions to finish before starting next phase (still 20 sessions active)
=INFO REPORT==== 10-Dec-2019::00:45:39 ===
         ts_launcher:(5:<0.155.0>) Wait for all sessions to finish before starting next phase (still 12 sessions active)
=INFO REPORT==== 10-Dec-2019::00:45:44 ===
         ts_launcher:(5:<0.155.0>) Wait for all sessions to finish before starting next phase (still 4 sessions active)
=INFO REPORT==== 10-Dec-2019::00:45:49 ===
         ts_launcher:(5:<0.155.0>) Wait for all sessions to finish before starting next phase (still 2 sessions active)
=INFO REPORT==== 10-Dec-2019::00:45:54 ===
         ts_launcher:(5:<0.155.0>) Start a new arrival phase (120 users, 0.008); expected duration=15.0 sec

=INFO REPORT==== 10-Dec-2019::00:46:09 ===
         ts_launcher:(4:<0.155.0>) Need to wait 0.06 sec before changing phase, going to sleep

=INFO REPORT==== 10-Dec-2019::00:46:09 ===
         ts_launcher:(5:<0.155.0>) Waking up

=INFO REPORT==== 10-Dec-2019::00:46:09 ===
         ts_launcher:(5:<0.155.0>) Wait for all sessions to finish before starting next phase (still 109 sessions active)
=INFO REPORT==== 10-Dec-2019::00:46:14 ===
         ts_launcher:(5:<0.155.0>) Wait for all sessions to finish before starting next phase (still 79 sessions active)
=INFO REPORT==== 10-Dec-2019::00:46:19 ===
         ts_launcher:(5:<0.155.0>) Wait for all sessions to finish before starting next phase (still 47 sessions active)
=INFO REPORT==== 10-Dec-2019::00:46:24 ===
         ts_launcher:(5:<0.155.0>) Wait for all sessions to finish before starting next phase (still 21 sessions active)
=INFO REPORT==== 10-Dec-2019::00:46:29 ===
         ts_launcher:(5:<0.155.0>) Wait for all sessions to finish before starting next phase (still 9 sessions active)
=INFO REPORT==== 10-Dec-2019::00:46:34 ===
         ts_launcher:(5:<0.155.0>) Wait for all sessions to finish before starting next phase (still 1 sessions active)
=INFO REPORT==== 10-Dec-2019::00:46:39 ===
         ts_launcher:(5:<0.155.0>) Start a new arrival phase (240 users, 0.016); expected duration=15.0 sec

=INFO REPORT==== 10-Dec-2019::00:46:54 ===
         ts_launcher:(4:<0.155.0>) Need to wait 0.09 sec before changing phase, going to sleep

=INFO REPORT==== 10-Dec-2019::00:46:54 ===
         ts_launcher:(5:<0.155.0>) Waking up

=INFO REPORT==== 10-Dec-2019::00:46:54 ===
         ts_launcher:(5:<0.155.0>) Wait for all sessions to finish before starting next phase (still 207 sessions active)
=INFO REPORT==== 10-Dec-2019::00:46:59 ===
         ts_launcher:(5:<0.155.0>) Wait for all sessions to finish before starting next phase (still 152 sessions active)
=INFO REPORT==== 10-Dec-2019::00:47:04 ===
         ts_launcher:(5:<0.155.0>) Wait for all sessions to finish before starting next phase (still 88 sessions active)
=INFO REPORT==== 10-Dec-2019::00:47:09 ===
         ts_launcher:(5:<0.155.0>) Wait for all sessions to finish before starting next phase (still 37 sessions active)
=INFO REPORT==== 10-Dec-2019::00:47:14 ===
         ts_launcher:(5:<0.155.0>) Wait for all sessions to finish before starting next phase (still 13 sessions active)
=INFO REPORT==== 10-Dec-2019::00:47:19 ===
         ts_launcher:(5:<0.155.0>) Wait for all sessions to finish before starting next phase (still 7 sessions active)
=INFO REPORT==== 10-Dec-2019::00:47:24 ===
         ts_launcher:(5:<0.155.0>) Wait for all sessions to finish before starting next phase (still 2 sessions active)
=INFO REPORT==== 10-Dec-2019::00:47:29 ===
         ts_launcher:(5:<0.155.0>) Wait for all sessions to finish before starting next phase (still 1 sessions active)
=INFO REPORT==== 10-Dec-2019::00:47:34 ===
         ts_launcher:(5:<0.155.0>) Wait for all sessions to finish before starting next phase (still 1 sessions active)
=INFO REPORT==== 10-Dec-2019::00:47:39 ===
         ts_launcher:(5:<0.155.0>) Start a new arrival phase (480 users, 0.032); expected duration=15.0 sec

=INFO REPORT==== 10-Dec-2019::00:47:54 ===
         ts_launcher:(5:<0.155.0>) Phase duration exceeded, but not all users were launched (13 users, 2.7% of phase)

=INFO REPORT==== 10-Dec-2019::00:47:54 ===
         ts_launcher:(5:<0.155.0>) Wait for all sessions to finish before starting next phase (still 400 sessions active)
=INFO REPORT==== 10-Dec-2019::00:47:59 ===
         ts_launcher:(5:<0.155.0>) Wait for all sessions to finish before starting next phase (still 299 sessions active)
=INFO REPORT==== 10-Dec-2019::00:48:04 ===
         ts_launcher:(5:<0.155.0>) Wait for all sessions to finish before starting next phase (still 188 sessions active)
=INFO REPORT==== 10-Dec-2019::00:48:09 ===
         ts_launcher:(5:<0.155.0>) Wait for all sessions to finish before starting next phase (still 87 sessions active)
=INFO REPORT==== 10-Dec-2019::00:48:14 ===
         ts_launcher:(5:<0.155.0>) Wait for all sessions to finish before starting next phase (still 40 sessions active)
=INFO REPORT==== 10-Dec-2019::00:48:19 ===
         ts_launcher:(5:<0.155.0>) Wait for all sessions to finish before starting next phase (still 14 sessions active)
=INFO REPORT==== 10-Dec-2019::00:48:24 ===
         ts_launcher:(5:<0.155.0>) Wait for all sessions to finish before starting next phase (still 5 sessions active)
=INFO REPORT==== 10-Dec-2019::00:48:29 ===
         ts_launcher:(5:<0.155.0>) Wait for all sessions to finish before starting next phase (still 3 sessions active)
=INFO REPORT==== 10-Dec-2019::00:48:34 ===
         ts_launcher:(5:<0.155.0>) Start a new arrival phase (960 users, 0.064); expected duration=15.0 sec

=INFO REPORT==== 10-Dec-2019::00:48:49 ===
         ts_launcher:(5:<0.155.0>) Phase duration exceeded, but not all users were launched (12 users, 1.3% of phase)

=INFO REPORT==== 10-Dec-2019::00:48:49 ===
         ts_launcher:(5:<0.155.0>) Wait for all sessions to finish before starting next phase (still 839 sessions active)
=INFO REPORT==== 10-Dec-2019::00:48:54 ===
         ts_launcher:(5:<0.155.0>) Wait for all sessions to finish before starting next phase (still 633 sessions active)
=INFO REPORT==== 10-Dec-2019::00:48:59 ===
         ts_launcher:(5:<0.155.0>) Wait for all sessions to finish before starting next phase (still 397 sessions active)
=INFO REPORT==== 10-Dec-2019::00:49:04 ===
         ts_launcher:(5:<0.155.0>) Wait for all sessions to finish before starting next phase (still 195 sessions active)
=INFO REPORT==== 10-Dec-2019::00:49:09 ===
         ts_launcher:(5:<0.155.0>) Wait for all sessions to finish before starting next phase (still 78 sessions active)
=INFO REPORT==== 10-Dec-2019::00:49:14 ===
         ts_launcher:(5:<0.155.0>) Wait for all sessions to finish before starting next phase (still 29 sessions active)
=INFO REPORT==== 10-Dec-2019::00:49:19 ===
         ts_launcher:(5:<0.155.0>) Wait for all sessions to finish before starting next phase (still 12 sessions active)
=INFO REPORT==== 10-Dec-2019::00:49:24 ===
         ts_launcher:(5:<0.155.0>) Wait for all sessions to finish before starting next phase (still 5 sessions active)
=INFO REPORT==== 10-Dec-2019::00:49:29 ===
         ts_launcher:(5:<0.155.0>) Wait for all sessions to finish before starting next phase (still 2 sessions active)
=INFO REPORT==== 10-Dec-2019::00:49:34 ===
         ts_launcher:(5:<0.155.0>) Wait for all sessions to finish before starting next phase (still 1 sessions active)
=INFO REPORT==== 10-Dec-2019::00:49:39 ===
         ts_launcher:(5:<0.155.0>) Start a new arrival phase (1920 users, 0.128); expected duration=15.0 sec

=INFO REPORT==== 10-Dec-2019::00:49:54 ===
         ts_launcher:(5:<0.155.0>) Phase duration exceeded, but not all users were launched (91 users, 4.7% of phase)

=INFO REPORT==== 10-Dec-2019::00:49:54 ===
         ts_launcher:(5:<0.155.0>) This was the last phase, wait for connected users to finish their session

=INFO REPORT==== 10-Dec-2019::00:49:54 ===
     ts_launcher_mgr:(5:<0.149.0>) Still 1595 active client(s)

=INFO REPORT==== 10-Dec-2019::00:51:14 ===
     ts_launcher_mgr:(5:<0.149.0>) No more active users 'tsung_controller@ip-172-31-29-147' "6928"
