# stats: dump at 1575418043
stats: users 15 15
stats: {load,"tsung_controller@ip-172-31-20-24"} 1 0.0 0 0.0 0.0 0 0
stats: {freemem,"tsung_controller@ip-172-31-20-24"} 1 737.73828125 0 737.73828125 737.73828125 0 0
stats: {cpu,"tsung_controller@ip-172-31-20-24"} 1 0.5084404378902444 0 0.5084404378902444 0.5084404378902444 0 0
stats: session 1 4633.294 0 4633.294 4633.294 0 0
stats: users_count 16 16
stats: finish_users_count 1 1
stats: request 52 43.08290384615387 62.710061627442826 201.241 4.822 0 0
stats: page 52 43.08290384615387 62.710061627442826 201.241 4.822 0 0
stats: connect 16 1.363875 2.317490854216042 10.337 0.658 0 0
stats: 302 10 10
stats: tr_Get_Root 16 29.017687499999997 45.14533649879956 161.971 6.131 0 0
stats: 200 38 38
stats: tr_Redirect_Root 7 8.110142857142858 1.0479741584288675 10.455 6.871 0 0
stats: size_rcv 78509 78509
stats: tr_Post_New_Post 2 13.1875 2.3714999999999993 15.559 10.816 0 0
stats: size_sent 20412 20412
stats: tr_Redirect_To_New_Post 1 8.336 0 8.336 8.336 0 0
stats: connected 15 15
stats: tr_Get_Register 10 7.312299999999999 0.8831712234895337 8.548 5.637 0 0
stats: 404 4 4
stats: tr_Post_Register 10 157.8729 22.122805163224662 201.396 134.822 0 0
stats: tr_Get_New_Conversation 2 10.265 1.895 12.16 8.37 0 0
stats: tr_Get_Book 4 5.24225 0.21817810958022327 5.553 4.94 0 0
# stats: dump at 1575418053
stats: users 37 37
stats: {load,"tsung_controller@ip-172-31-20-24"} 1 0.0 0.0 0.0 0.0 0.0 1
stats: {freemem,"tsung_controller@ip-172-31-20-24"} 1 735.3828125 0.0 737.73828125 735.3828125 737.73828125 1
stats: {recvpackets,"tsung_controller@ip-172-31-20-24"} 1 399 0 399 399 0 0
stats: {sentpackets,"tsung_controller@ip-172-31-20-24"} 1 450 0 450 450 0 0
stats: {cpu,"tsung_controller@ip-172-31-20-24"} 1 0.6 0.0 0.6 0.5084404378902444 0.5084404378902444 1
stats: session 7 11387.668285714286 2691.716450160737 15466.311 4633.294 4633.294 1
stats: users_count 29 45
stats: finish_users_count 7 8
stats: request 118 35.73816101694917 63.41829676621969 374.574 4.571 43.08290384615387 52
stats: connect 27 0.963111111111111 0.829713129065227 10.337 0.54 1.363875 16
stats: tr_Get_Root 27 12.264333333333333 13.330815748427343 161.971 6.084 29.017687499999997 16
stats: page 118 35.73816101694917 63.41829676621969 374.574 4.571 43.08290384615387 52
stats: 302 17 27
stats: tr_Redirect_Root 13 9.167846153846153 3.848374658838833 21.283 6.871 8.110142857142858 7
stats: 200 90 128
stats: tr_Post_New_Post 10 13.731100000000001 4.834947661557465 27.508 10.67 13.1875 2
stats: size_rcv 198728 277237
stats: tr_Redirect_To_New_Post 6 9.894833333333333 2.8263001383827273 15.348 7.269 8.336 1
stats: size_sent 49121 69533
stats: tr_Get_Register 24 10.084041666666666 9.236005943584626 52.818 5.637 7.312299999999999 10
stats: connected 21 36
stats: tr_Post_Register 17 174.14088235294116 58.637545011087695 374.801 128.328 157.8729 10
stats: 404 11 15
stats: tr_Get_New_Conversation 10 11.4541 6.3924059860118385 30.429 8.317 10.265 2
stats: tr_Get_Book 11 24.326 49.464538623874056 179.473 4.759 5.24225 4
# stats: dump at 1575418063
stats: users 35 41
stats: {load,"tsung_controller@ip-172-31-20-24"} 1 0.0 0.0 0.0 0.0 0.0 2
stats: {freemem,"tsung_controller@ip-172-31-20-24"} 1 730.33984375 0.0 737.73828125 730.33984375 736.560546875 2
stats: {recvpackets,"tsung_controller@ip-172-31-20-24"} 1 543.0 0.0 543 399 399.0 1
stats: {sentpackets,"tsung_controller@ip-172-31-20-24"} 1 485.0 0.0 485 450 450.0 1
stats: {cpu,"tsung_controller@ip-172-31-20-24"} 1 0.6 0.0 0.6 0.5084404378902444 0.5542202189451222 2
stats: session 17 13952.779823529409 4389.579575855157 23173.129 4633.294 10543.3715 8
stats: users_count 15 60
stats: finish_users_count 17 25
stats: request 195 41.94558461538465 94.37370905026665 618.922 3.785 37.98478823529413 170
stats: connect 17 0.7705294117647059 0.1991446762434903 10.337 0.54 1.1122325581395347 43
stats: page 195 41.94558461538465 94.37370905026665 618.922 3.785 37.98478823529413 170
stats: tr_Get_Root 17 9.258941176470588 7.500318483203296 161.971 4.976 18.49813953488372 43
stats: 302 24 51
stats: tr_Redirect_Root 28 23.582214285714283 74.21510967709105 408.568 6.199 8.797649999999999 20
stats: 200 142 270
stats: tr_Post_New_Post 28 12.322428571428574 4.249065312584904 31.053 8.91 13.640500000000001 12
stats: size_rcv 353332 630569
stats: tr_Redirect_To_New_Post 17 16.128352941176473 28.36034865574527 129.219 6.819 9.672142857142857 7
stats: size_sent 95444 164977
stats: tr_Get_Register 24 32.416333333333334 76.22101734739718 368.589 5.637 9.268823529411764 34
stats: connected 0 36
stats: tr_Post_Register 24 208.76020833333337 134.05686352812475 619.047 128.328 168.1157037037037 27
stats: 404 29 44
stats: tr_Get_New_Conversation 28 29.319785714285718 88.59099802316145 485.318 6.752 11.255916666666666 12
stats: tr_Get_Book 29 5.415275862068966 2.6598294072410464 179.473 3.884 19.237000000000002 15
# stats: dump at 1575418073
stats: users 12 41
stats: {load,"tsung_controller@ip-172-31-20-24"} 1 0.0703125 0.0 0.0703125 0.0 0.0 3
stats: {freemem,"tsung_controller@ip-172-31-20-24"} 1 726.54296875 0.0 737.73828125 726.54296875 734.4869791666666 3
stats: {recvpackets,"tsung_controller@ip-172-31-20-24"} 1 704.0 0.0 704 399 471.0 2
stats: {sentpackets,"tsung_controller@ip-172-31-20-24"} 1 611.0 0.0 611 450 467.5 2
stats: {cpu,"tsung_controller@ip-172-31-20-24"} 1 0.8986520219670495 0.0 0.8986520219670495 0.5084404378902444 0.5694801459634148 3
stats: session 23 16256.042086956522 4911.4493607688255 29282.907 4633.294 12861.769159999998 25
stats: users_count 0 60
stats: finish_users_count 23 48
stats: request 90 23.001077777777766 38.95102271748965 618.922 3.785 40.100830136986325 365
stats: connect 0 0 0 10.337 0.54 1.0154166666666666 60
stats: page 90 23.001077777777766 38.95102271748965 618.922 3.785 40.100830136986325 365
stats: tr_Get_Root 0 0 0 161.971 4.976 15.880366666666665 60
stats: 302 8 59
stats: tr_Redirect_Root 11 8.471636363636362 1.6476182409067321 408.568 6.199 17.421979166666663 48
stats: 200 68 338
stats: tr_Post_New_Post 16 18.244812500000002 6.911954076261194 31.053 8.91 12.717850000000002 40
stats: size_rcv 170842 801411
stats: tr_Redirect_To_New_Post 24 9.025583333333335 2.222409482908634 129.219 6.298 14.245291666666667 24
stats: size_sent 46303 211280
stats: tr_Get_Register 1 6.877 0.0 368.589 5.637 18.847103448275863 58
stats: connected -24 12
stats: tr_Post_Register 8 145.91949999999997 11.449488285508648 619.047 128.328 187.2425294117647 51
stats: 404 14 58
stats: tr_Get_New_Conversation 16 14.098562500000002 6.621560465335475 485.318 6.752 23.900625 40
stats: tr_Get_Book 14 5.848500000000001 1.2902267657829989 179.473 3.884 10.127227272727273 44
# stats: dump at 1575418083
stats: users 3 41
stats: {load,"tsung_controller@ip-172-31-20-24"} 1 0.05859375 0.0 0.0703125 0.0 0.017578125 4
stats: {freemem,"tsung_controller@ip-172-31-20-24"} 1 725.76171875 0.0 737.73828125 725.76171875 732.5009765625 4
stats: {recvpackets,"tsung_controller@ip-172-31-20-24"} 1 263.0 0.0 704 263 548.6666666666666 3
stats: {sentpackets,"tsung_controller@ip-172-31-20-24"} 1 246.0 0.0 611 246 515.3333333333334 3
stats: {cpu,"tsung_controller@ip-172-31-20-24"} 1 0.3996003996003996 0.0 0.8986520219670495 0.3996003996003996 0.6517731149643236 4
stats: session 9 25802.014444444445 5935.988468113967 34092.876 4633.294 14488.191604166665 48
stats: users_count 0 60
stats: finish_users_count 9 57
stats: request 18 18.298555555555556 35.16392504198052 618.922 3.785 36.71846153846156 455
stats: connect 0 0 0 10.337 0.54 1.0154166666666666 60
stats: page 18 18.298555555555556 35.16392504198052 618.922 3.785 36.71846153846156 455
stats: tr_Get_Root 0 0 0 161.971 4.976 15.880366666666665 60
stats: 302 1 60
stats: tr_Redirect_Root 1 9.795 0.0 408.568 6.199 15.753271186440676 59
stats: 200 16 354
stats: tr_Post_New_Post 3 13.340333333333334 2.3556396630686582 31.053 8.91 14.296982142857145 56
stats: size_rcv 35338 836749
stats: tr_Redirect_To_New_Post 8 9.9185 2.3129185026714625 129.219 6.298 11.6354375 48
stats: size_sent 9024 220304
stats: tr_Get_Register 1 7.666 0.0 368.589 5.637 18.64422033898305 59
stats: connected -8 4
stats: tr_Post_Register 1 163.068 0.0 619.047 128.328 181.63940677966102 59
stats: 404 1 59
stats: tr_Get_New_Conversation 3 8.605333333333334 0.5002301692443407 485.318 6.752 21.100035714285717 56
stats: tr_Get_Book 1 6.277 0.0 179.473 3.884 9.09443103448276 58
# stats: dump at 1575418093
stats: users 0 41
stats: {load,"tsung_controller@ip-172-31-20-24"} 1 0.05078125 0.0 0.0703125 0.0 0.02578125 5
stats: {freemem,"tsung_controller@ip-172-31-20-24"} 1 729.60546875 0.0 737.73828125 725.76171875 731.153125 5
stats: {recvpackets,"tsung_controller@ip-172-31-20-24"} 1 55.0 0.0 704 55 477.25 4
stats: {sentpackets,"tsung_controller@ip-172-31-20-24"} 1 59.0 0.0 611 59 448.0 4
stats: {cpu,"tsung_controller@ip-172-31-20-24"} 1 0.14992503748125938 0.0 0.8986520219670495 0.14992503748125938 0.6013385718915387 5
stats: session 3 28392.395666666667 5401.211364082034 35993.279 4633.294 16274.584684210526 57
stats: users_count 0 60
stats: finish_users_count 3 60
stats: request 7 9.726714285714285 2.1237105475548965 618.922 3.785 36.01749260042285 473
stats: connect 0 0 0 10.337 0.54 1.0154166666666666 60
stats: page 7 9.726714285714285 2.1237105475548965 618.922 3.785 36.01749260042285 473
stats: tr_Get_Root 0 0 0 161.971 4.976 15.880366666666665 60
stats: 302 0 60
stats: tr_Redirect_Root 0 0 0 408.568 6.199 15.653966666666664 60
stats: 200 6 360
stats: tr_Post_New_Post 1 11.908 0.0 31.053 8.91 14.248338983050848 59
stats: size_rcv 14171 850920
stats: tr_Redirect_To_New_Post 4 9.57 1.060911400636264 129.219 6.298 11.390160714285713 56
stats: size_sent 3352 223656
stats: tr_Get_Register 0 0 0 368.589 5.637 18.46125 60
stats: connected -4 0
stats: tr_Post_Register 0 0 0 619.047 128.328 181.32988333333333 60
stats: 404 1 60
stats: tr_Get_New_Conversation 1 12.784 0.0 485.318 6.752 20.46471186440678 59
stats: tr_Get_Book 1 6.118 0.0 179.473 3.884 9.046677966101697 59
EndMonitor:{1575,418093,751199}
