# stats: dump at 1574762012
stats: users 4 5
stats: {freemem,"tsung_controller@ip-172-31-20-100"} 1 732.67578125 0 732.67578125 732.67578125 0 0
stats: {load,"tsung_controller@ip-172-31-20-100"} 1 0.0 0 0.0 0.0 0 0
stats: {cpu,"tsung_controller@ip-172-31-20-100"} 1 0.21682723327896497 0 0.21682723327896497 0.21682723327896497 0 0
stats: session 5 4510.566400000001 1922.4980866758333 6885.399 2367.536 0 0
stats: users_count 9 9
stats: finish_users_count 5 5
stats: connect 7 3.5441428571428575 4.157679106306836 11.446 0.798 0 0
stats: request 22 10.364681818181818 13.026566115534697 62.267 2.112 0 0
stats: page 22 10.364681818181818 13.026566115534697 62.267 2.112 0 0
stats: 200 17 17
stats: size_rcv 37965 37965
stats: size_sent 7026 7026
stats: connected 2 2
stats: 404 5 5
# stats: dump at 1574762022
stats: users 1 5
stats: {freemem,"tsung_controller@ip-172-31-20-100"} 1 729.515625 0.0 732.67578125 729.515625 732.67578125 1
stats: {load,"tsung_controller@ip-172-31-20-100"} 1 0.0 0.0 0.0 0.0 0.0 1
stats: {recvpackets,"tsung_controller@ip-172-31-20-100"} 1 1116 0 1116 1116 0 0
stats: {sentpackets,"tsung_controller@ip-172-31-20-100"} 1 1569 0 1569 1569 0 0
stats: {cpu,"tsung_controller@ip-172-31-20-100"} 1 1.2987012987012987 0.0 1.2987012987012987 0.21682723327896497 0.21682723327896497 1
stats: session 4 6009.361 2699.1093158769063 7997.828 1357.572 4510.566400000001 5
stats: users_count 1 10
stats: finish_users_count 4 9
stats: request 16 6.46225 3.6788897017306734 62.267 2.112 10.364681818181818 22
stats: connect 3 3.7213333333333334 4.108794254063133 11.446 0.796 3.5441428571428575 7
stats: 200 12 29
stats: page 16 6.46225 3.6788897017306734 62.267 2.112 10.364681818181818 22
stats: size_rcv 29149 67114
stats: size_sent 5744 12770
stats: connected -1 1
stats: 404 4 9
# stats: dump at 1574762030
stats: users 0 5
stats: {freemem,"tsung_controller@ip-172-31-20-100"} 1 728.20703125 0.0 732.67578125 728.20703125 731.095703125 2
stats: {load,"tsung_controller@ip-172-31-20-100"} 1 0.0 0.0 0.0 0.0 0.0 2
stats: {recvpackets,"tsung_controller@ip-172-31-20-100"} 1 1081.0 0.0 1116 1081 1116.0 1
stats: {sentpackets,"tsung_controller@ip-172-31-20-100"} 1 1792.0 0.0 1792 1569 1569.0 1
stats: {cpu,"tsung_controller@ip-172-31-20-100"} 1 1.4478282576135795 0.0 1.4478282576135795 0.21682723327896497 0.7577642659901318 2
stats: session 1 13301.716 0.0 13301.716 1357.572 5176.6973333333335 9
stats: users_count 0 10
stats: finish_users_count 1 10
stats: connect 0 0 0 11.446 0.796 3.5972999999999997 10
stats: request 2 5.453 2.173 62.267 2.112 8.721552631578946 38
stats: page 2 5.453 2.173 62.267 2.112 8.721552631578946 38
stats: 200 1 30
stats: size_rcv 3336 70450
stats: size_sent 923 13693
stats: connected -1 0
stats: 404 1 10
EndMonitor:{1574,762030,218672}
