
=INFO REPORT==== 26-Nov-2019::09:53:22 ===
    ts_config_server:(5:<0.102.0>) Config server started, logdir is "/home/ec2-user/.tsung/log/20191126-0953"
 
=INFO REPORT==== 26-Nov-2019::09:53:22 ===
              ts_mon:(5:<0.83.0>) starting monitor, global 

=INFO REPORT==== 26-Nov-2019::09:53:22 ===
           ts_config:(5:<0.102.0>) Reading config file: simple.xml

=INFO REPORT==== 26-Nov-2019::09:53:22 ===
           ts_config:(5:<0.102.0>) Session name for id 1 is "Make Post"

=INFO REPORT==== 26-Nov-2019::09:53:22 ===
    ts_config_server:(4:<0.102.0>) SYSINFO:Tsung version: 1.7.0

=INFO REPORT==== 26-Nov-2019::09:53:22 ===
    ts_config_server:(4:<0.102.0>) SYSINFO:Erlang version: Erlang/OTP 20 [erts-9.1] [source] [64-bit] [smp:2:2] [ds:2:2:10] [async-threads:8] [hipe] [kernel-poll:true]


=INFO REPORT==== 26-Nov-2019::09:53:22 ===
    ts_config_server:(4:<0.102.0>) SYSINFO:System architecture x86_64-unknown-linux-gnu

=INFO REPORT==== 26-Nov-2019::09:53:22 ===
    ts_config_server:(4:<0.102.0>) SYSINFO:Current path: /usr/local/lib/tsung/tsung-1.7.0/ebin/tsung.beam

=INFO REPORT==== 26-Nov-2019::09:53:22 ===
              ts_mon:(5:<0.103.0>) Activate clients with text backend

=INFO REPORT==== 26-Nov-2019::09:53:22 ===
              ts_mon:(5:<0.103.0>) Starting tsung clients on hosts: [localhost]

=INFO REPORT==== 26-Nov-2019::09:53:22 ===
    ts_config_server:(5:<0.102.0>) Start a launcher on the controller beam localhost

=INFO REPORT==== 26-Nov-2019::09:53:22 ===
  ts_launcher_static:(5:<0.155.0>) Launch msg receive ("localhost")

=INFO REPORT==== 26-Nov-2019::09:53:22 ===
         ts_launcher:(5:<0.156.0>) Launch msg receive ("localhost")

=INFO REPORT==== 26-Nov-2019::09:53:22 ===
    ts_config_server:(5:<0.102.0>) New arrival phase 1 for client "localhost" (last ? true): will start 10 users

=INFO REPORT==== 26-Nov-2019::09:53:22 ===
         ts_launcher:(5:<0.156.0>) Expected duration of first phase: 10.0 sec (10 users) 

=INFO REPORT==== 26-Nov-2019::09:53:22 ===
         ts_launcher:(5:<0.156.0>) Activate launcher (10 users) in 1367 msec 

=INFO REPORT==== 26-Nov-2019::09:53:34 ===
         ts_launcher:(5:<0.156.0>) This was the last phase, wait for connected users to finish their session

=INFO REPORT==== 26-Nov-2019::09:53:49 ===
     ts_launcher_mgr:(5:<0.150.0>) No more active users 'tsung_controller@ip-172-31-20-100' "7412"
