
=INFO REPORT==== 3-Dec-2019::09:42:50 ===
    ts_config_server:(5:<0.102.0>) Config server started, logdir is "/home/ec2-user/.tsung/log/20191203-0942"
 
=INFO REPORT==== 3-Dec-2019::09:42:50 ===
              ts_mon:(5:<0.83.0>) starting monitor, global 

=INFO REPORT==== 3-Dec-2019::09:42:50 ===
           ts_config:(5:<0.102.0>) Reading config file: simple.xml

=INFO REPORT==== 3-Dec-2019::09:42:50 ===
           ts_config:(5:<0.102.0>) Session name for id 1 is "Make Post"

=INFO REPORT==== 3-Dec-2019::09:42:50 ===
    ts_config_server:(4:<0.102.0>) SYSINFO:Tsung version: 1.7.0

=INFO REPORT==== 3-Dec-2019::09:42:50 ===
    ts_config_server:(4:<0.102.0>) SYSINFO:Erlang version: Erlang/OTP 20 [erts-9.1] [source] [64-bit] [smp:2:2] [ds:2:2:10] [async-threads:8] [hipe] [kernel-poll:true]


=INFO REPORT==== 3-Dec-2019::09:42:50 ===
    ts_config_server:(4:<0.102.0>) SYSINFO:System architecture x86_64-unknown-linux-gnu

=INFO REPORT==== 3-Dec-2019::09:42:50 ===
    ts_config_server:(4:<0.102.0>) SYSINFO:Current path: /usr/local/lib/tsung/tsung-1.7.0/ebin/tsung.beam

=INFO REPORT==== 3-Dec-2019::09:42:50 ===
              ts_mon:(5:<0.103.0>) Activate clients with text backend

=INFO REPORT==== 3-Dec-2019::09:42:50 ===
              ts_mon:(5:<0.103.0>) Starting tsung clients on hosts: [localhost]

=INFO REPORT==== 3-Dec-2019::09:42:50 ===
    ts_config_server:(5:<0.102.0>) Start a launcher on the controller beam localhost

=INFO REPORT==== 3-Dec-2019::09:42:50 ===
  ts_launcher_static:(5:<0.154.0>) Launch msg receive ("localhost")

=INFO REPORT==== 3-Dec-2019::09:42:50 ===
         ts_launcher:(5:<0.155.0>) Launch msg receive ("localhost")

=INFO REPORT==== 3-Dec-2019::09:42:50 ===
    ts_config_server:(5:<0.102.0>) New arrival phase 1 for client "localhost" (last ? true): will start 30 users

=INFO REPORT==== 3-Dec-2019::09:42:50 ===
    ts_config_server:(5:<0.102.0>) New arrival phase 2 for client "localhost" (last ? true): will start 60 users

=INFO REPORT==== 3-Dec-2019::09:42:50 ===
    ts_config_server:(5:<0.102.0>) New arrival phase 3 for client "localhost" (last ? true): will start 120 users

=INFO REPORT==== 3-Dec-2019::09:42:50 ===
         ts_launcher:(5:<0.155.0>) Expected duration of first phase: 15.0 sec (30 users) 

=INFO REPORT==== 3-Dec-2019::09:42:50 ===
         ts_launcher:(5:<0.155.0>) Activate launcher (30 users) in 1677 msec 

=INFO REPORT==== 3-Dec-2019::09:43:06 ===
         ts_launcher:(5:<0.155.0>) Phase duration exceeded, but not all users were launched (5 users, 16.7% of phase)

=INFO REPORT==== 3-Dec-2019::09:43:06 ===
         ts_launcher:(5:<0.155.0>) Start a new arrival phase (60 users, 0.004); expected duration=15.0 sec

=INFO REPORT==== 3-Dec-2019::09:43:19 ===
         ts_launcher:(4:<0.155.0>) Need to wait 2.326 sec before changing phase, going to sleep

=INFO REPORT==== 3-Dec-2019::09:43:21 ===
         ts_launcher:(5:<0.155.0>) Waking up

=INFO REPORT==== 3-Dec-2019::09:43:21 ===
         ts_launcher:(5:<0.155.0>) Start a new arrival phase (120 users, 0.008); expected duration=15.0 sec

=INFO REPORT==== 3-Dec-2019::09:43:24 ===
           ts_search:(5:<0.172.0>) Dyn Var (RE): no Match (varname=convo_id), 

=INFO REPORT==== 3-Dec-2019::09:43:24 ===
           ts_search:(5:<0.173.0>) Dyn Var (RE): no Match (varname=authenticity_token), 

=INFO REPORT==== 3-Dec-2019::09:43:24 ===
           ts_search:(5:<0.197.0>) Dyn Var (RE): no Match (varname=authenticity_token), 

=INFO REPORT==== 3-Dec-2019::09:43:25 ===
           ts_search:(5:<0.197.0>) Dyn Var (RE): no Match (varname=convo_id), 

=INFO REPORT==== 3-Dec-2019::09:43:26 ===
           ts_search:(5:<0.183.0>) Dyn Var (RE): no Match (varname=authenticity_token), 

=INFO REPORT==== 3-Dec-2019::09:43:26 ===
           ts_search:(5:<0.187.0>) Dyn Var (RE): no Match (varname=convo_id), 

=INFO REPORT==== 3-Dec-2019::09:43:26 ===
           ts_search:(5:<0.199.0>) Dyn Var (RE): no Match (varname=authenticity_token), 

=INFO REPORT==== 3-Dec-2019::09:43:26 ===
           ts_search:(5:<0.183.0>) Dyn Var (RE): no Match (varname=convo_id), 

=INFO REPORT==== 3-Dec-2019::09:43:26 ===
           ts_search:(5:<0.199.0>) Dyn Var (RE): no Match (varname=convo_id), 

=INFO REPORT==== 3-Dec-2019::09:43:27 ===
           ts_search:(5:<0.172.0>) Dyn Var (RE): no Match (varname=authenticity_token), 

=INFO REPORT==== 3-Dec-2019::09:43:35 ===
         ts_launcher:(5:<0.155.0>) This was the last phase, wait for connected users to finish their session

=INFO REPORT==== 3-Dec-2019::09:43:36 ===
           ts_search:(5:<0.234.0>) Dyn Var (RE): no Match (varname=authenticity_token), 

=INFO REPORT==== 3-Dec-2019::09:43:36 ===
           ts_search:(5:<0.183.0>) Dyn Var (RE): no Match (varname=authenticity_token), 

=INFO REPORT==== 3-Dec-2019::09:43:37 ===
           ts_search:(5:<0.202.0>) Dyn Var (RE): no Match (varname=authenticity_token), 

=INFO REPORT==== 3-Dec-2019::09:43:38 ===
           ts_search:(5:<0.199.0>) Dyn Var (RE): no Match (varname=authenticity_token), 

=INFO REPORT==== 3-Dec-2019::09:43:39 ===
           ts_search:(5:<0.197.0>) Dyn Var (RE): no Match (varname=authenticity_token), 

=INFO REPORT==== 3-Dec-2019::09:43:40 ===
           ts_search:(5:<0.234.0>) Dyn Var (RE): no Match (varname=convo_id), 

=INFO REPORT==== 3-Dec-2019::09:43:42 ===
           ts_search:(5:<0.219.0>) Dyn Var (RE): no Match (varname=authenticity_token), 

=INFO REPORT==== 3-Dec-2019::09:43:43 ===
           ts_search:(5:<0.223.0>) Dyn Var (RE): no Match (varname=authenticity_token), 

=INFO REPORT==== 3-Dec-2019::09:43:46 ===
           ts_search:(5:<0.219.0>) Dyn Var (RE): no Match (varname=convo_id), 

=INFO REPORT==== 3-Dec-2019::09:43:48 ===
           ts_search:(5:<0.233.0>) Dyn Var (RE): no Match (varname=authenticity_token), 

=INFO REPORT==== 3-Dec-2019::09:43:48 ===
           ts_search:(5:<0.223.0>) Dyn Var (RE): no Match (varname=convo_id), 

=INFO REPORT==== 3-Dec-2019::09:43:49 ===
           ts_search:(5:<0.234.0>) Dyn Var (RE): no Match (varname=authenticity_token), 

=INFO REPORT==== 3-Dec-2019::09:43:49 ===
           ts_search:(5:<0.237.0>) Dyn Var (RE): no Match (varname=authenticity_token), 

=INFO REPORT==== 3-Dec-2019::09:43:50 ===
           ts_search:(5:<0.205.0>) Dyn Var (RE): no Match (varname=authenticity_token), 

=INFO REPORT==== 3-Dec-2019::09:43:50 ===
    alarm_handler: {set,{system_memory_high_watermark,[]}}

=INFO REPORT==== 3-Dec-2019::09:43:50 ===
           ts_search:(5:<0.232.0>) Dyn Var (RE): no Match (varname=authenticity_token), 

=INFO REPORT==== 3-Dec-2019::09:43:50 ===
           ts_search:(5:<0.191.0>) Dyn Var (RE): no Match (varname=convo_id), 

=INFO REPORT==== 3-Dec-2019::09:43:50 ===
           ts_search:(5:<0.194.0>) Dyn Var (RE): no Match (varname=authenticity_token), 

=INFO REPORT==== 3-Dec-2019::09:43:51 ===
           ts_search:(5:<0.244.0>) Dyn Var (RE): no Match (varname=authenticity_token), 

=INFO REPORT==== 3-Dec-2019::09:43:52 ===
           ts_search:(5:<0.233.0>) Dyn Var (RE): no Match (varname=convo_id), 

=INFO REPORT==== 3-Dec-2019::09:43:53 ===
           ts_search:(5:<0.223.0>) Dyn Var (RE): no Match (varname=authenticity_token), 

=INFO REPORT==== 3-Dec-2019::09:43:55 ===
           ts_search:(5:<0.237.0>) Dyn Var (RE): no Match (varname=convo_id), 

=INFO REPORT==== 3-Dec-2019::09:43:56 ===
           ts_search:(5:<0.232.0>) Dyn Var (RE): no Match (varname=convo_id), 

=INFO REPORT==== 3-Dec-2019::09:43:57 ===
           ts_search:(5:<0.244.0>) Dyn Var (RE): no Match (varname=convo_id), 

=INFO REPORT==== 3-Dec-2019::09:43:57 ===
           ts_search:(5:<0.214.0>) Dyn Var (RE): no Match (varname=convo_id), 

=INFO REPORT==== 3-Dec-2019::09:43:57 ===
           ts_search:(5:<0.219.0>) Dyn Var (RE): no Match (varname=authenticity_token), 

=INFO REPORT==== 3-Dec-2019::09:43:57 ===
           ts_search:(5:<0.259.0>) Dyn Var (RE): no Match (varname=authenticity_token), 

=INFO REPORT==== 3-Dec-2019::09:43:58 ===
           ts_search:(5:<0.230.0>) Dyn Var (RE): no Match (varname=authenticity_token), 

=INFO REPORT==== 3-Dec-2019::09:43:58 ===
           ts_search:(5:<0.224.0>) Dyn Var (RE): no Match (varname=authenticity_token), 

=INFO REPORT==== 3-Dec-2019::09:43:58 ===
           ts_search:(5:<0.188.0>) Dyn Var (RE): no Match (varname=authenticity_token), 

=INFO REPORT==== 3-Dec-2019::09:43:59 ===
           ts_search:(5:<0.195.0>) Dyn Var (RE): no Match (varname=authenticity_token), 

=INFO REPORT==== 3-Dec-2019::09:43:59 ===
           ts_search:(5:<0.238.0>) Dyn Var (RE): no Match (varname=authenticity_token), 

=INFO REPORT==== 3-Dec-2019::09:44:00 ===
           ts_search:(5:<0.191.0>) Dyn Var (RE): no Match (varname=authenticity_token), 

=INFO REPORT==== 3-Dec-2019::09:44:03 ===
           ts_search:(5:<0.259.0>) Dyn Var (RE): no Match (varname=convo_id), 

=INFO REPORT==== 3-Dec-2019::09:44:03 ===
           ts_search:(5:<0.230.0>) Dyn Var (RE): no Match (varname=convo_id), 

=INFO REPORT==== 3-Dec-2019::09:44:03 ===
           ts_search:(5:<0.224.0>) Dyn Var (RE): no Match (varname=convo_id), 

=INFO REPORT==== 3-Dec-2019::09:44:04 ===
           ts_search:(5:<0.271.0>) Dyn Var (RE): no Match (varname=authenticity_token), 

=INFO REPORT==== 3-Dec-2019::09:44:04 ===
           ts_search:(5:<0.238.0>) Dyn Var (RE): no Match (varname=convo_id), 

=INFO REPORT==== 3-Dec-2019::09:44:05 ===
           ts_search:(5:<0.229.0>) Dyn Var (RE): no Match (varname=authenticity_token), 

=INFO REPORT==== 3-Dec-2019::09:44:05 ===
           ts_search:(5:<0.237.0>) Dyn Var (RE): no Match (varname=authenticity_token), 

=INFO REPORT==== 3-Dec-2019::09:44:05 ===
           ts_search:(5:<0.212.0>) Dyn Var (RE): no Match (varname=authenticity_token), 

=INFO REPORT==== 3-Dec-2019::09:44:06 ===
           ts_search:(5:<0.290.0>) Dyn Var (RE): no Match (varname=authenticity_token), 

=INFO REPORT==== 3-Dec-2019::09:44:06 ===
           ts_search:(5:<0.233.0>) Dyn Var (RE): no Match (varname=authenticity_token), 

=INFO REPORT==== 3-Dec-2019::09:44:06 ===
           ts_search:(5:<0.232.0>) Dyn Var (RE): no Match (varname=authenticity_token), 

=INFO REPORT==== 3-Dec-2019::09:44:08 ===
           ts_search:(5:<0.239.0>) Dyn Var (RE): no Match (varname=authenticity_token), 

=INFO REPORT==== 3-Dec-2019::09:44:08 ===
           ts_search:(5:<0.214.0>) Dyn Var (RE): no Match (varname=authenticity_token), 

=INFO REPORT==== 3-Dec-2019::09:44:08 ===
           ts_search:(5:<0.203.0>) Dyn Var (RE): no Match (varname=authenticity_token), 

=INFO REPORT==== 3-Dec-2019::09:44:08 ===
           ts_search:(5:<0.271.0>) Dyn Var (RE): no Match (varname=convo_id), 

=INFO REPORT==== 3-Dec-2019::09:44:08 ===
           ts_search:(5:<0.260.0>) Dyn Var (RE): no Match (varname=authenticity_token), 

=INFO REPORT==== 3-Dec-2019::09:44:08 ===
           ts_search:(5:<0.248.0>) Dyn Var (RE): no Match (varname=convo_id), 

=INFO REPORT==== 3-Dec-2019::09:44:09 ===
           ts_search:(5:<0.268.0>) Dyn Var (RE): no Match (varname=authenticity_token), 

=INFO REPORT==== 3-Dec-2019::09:44:09 ===
           ts_search:(5:<0.220.0>) Dyn Var (RE): no Match (varname=convo_id), 

=INFO REPORT==== 3-Dec-2019::09:44:10 ===
           ts_search:(5:<0.309.0>) Dyn Var (RE): no Match (varname=authenticity_token), 

=INFO REPORT==== 3-Dec-2019::09:44:11 ===
           ts_search:(5:<0.290.0>) Dyn Var (RE): no Match (varname=convo_id), 

=INFO REPORT==== 3-Dec-2019::09:44:11 ===
           ts_search:(5:<0.221.0>) Dyn Var (RE): no Match (varname=convo_id), 

=INFO REPORT==== 3-Dec-2019::09:44:11 ===
           ts_search:(5:<0.209.0>) Dyn Var (RE): no Match (varname=authenticity_token), 

=INFO REPORT==== 3-Dec-2019::09:44:11 ===
           ts_search:(5:<0.288.0>) Dyn Var (RE): no Match (varname=authenticity_token), 

=INFO REPORT==== 3-Dec-2019::09:44:11 ===
           ts_search:(5:<0.295.0>) Dyn Var (RE): no Match (varname=authenticity_token), 

=INFO REPORT==== 3-Dec-2019::09:44:11 ===
           ts_search:(5:<0.308.0>) Dyn Var (RE): no Match (varname=authenticity_token), 

=INFO REPORT==== 3-Dec-2019::09:44:11 ===
           ts_search:(5:<0.245.0>) Dyn Var (RE): no Match (varname=authenticity_token), 

=INFO REPORT==== 3-Dec-2019::09:44:11 ===
           ts_search:(5:<0.317.0>) Dyn Var (RE): no Match (varname=authenticity_token), 

=INFO REPORT==== 3-Dec-2019::09:44:11 ===
           ts_search:(5:<0.296.0>) Dyn Var (RE): no Match (varname=authenticity_token), 

=INFO REPORT==== 3-Dec-2019::09:44:11 ===
           ts_search:(5:<0.273.0>) Dyn Var (RE): no Match (varname=authenticity_token), 

=INFO REPORT==== 3-Dec-2019::09:44:11 ===
           ts_search:(5:<0.240.0>) Dyn Var (RE): no Match (varname=convo_id), 

=INFO REPORT==== 3-Dec-2019::09:44:12 ===
           ts_search:(5:<0.292.0>) Dyn Var (RE): no Match (varname=authenticity_token), 

=INFO REPORT==== 3-Dec-2019::09:44:12 ===
           ts_search:(5:<0.239.0>) Dyn Var (RE): no Match (varname=convo_id), 

=INFO REPORT==== 3-Dec-2019::09:44:13 ===
           ts_search:(5:<0.284.0>) Dyn Var (RE): no Match (varname=authenticity_token), 

=INFO REPORT==== 3-Dec-2019::09:44:13 ===
           ts_search:(5:<0.260.0>) Dyn Var (RE): no Match (varname=convo_id), 

=INFO REPORT==== 3-Dec-2019::09:44:13 ===
           ts_search:(5:<0.259.0>) Dyn Var (RE): no Match (varname=authenticity_token), 

=INFO REPORT==== 3-Dec-2019::09:44:13 ===
           ts_search:(5:<0.316.0>) Dyn Var (RE): no Match (varname=authenticity_token), 

=INFO REPORT==== 3-Dec-2019::09:44:13 ===
           ts_search:(5:<0.244.0>) Dyn Var (RE): no Match (varname=authenticity_token), 

=INFO REPORT==== 3-Dec-2019::09:44:13 ===
           ts_search:(5:<0.268.0>) Dyn Var (RE): no Match (varname=convo_id), 

=INFO REPORT==== 3-Dec-2019::09:44:13 ===
           ts_search:(5:<0.305.0>) Dyn Var (RE): no Match (varname=authenticity_token), 

=INFO REPORT==== 3-Dec-2019::09:44:13 ===
           ts_search:(5:<0.330.0>) Dyn Var (RE): no Match (varname=authenticity_token), 

=INFO REPORT==== 3-Dec-2019::09:44:13 ===
           ts_search:(5:<0.287.0>) Dyn Var (RE): no Match (varname=authenticity_token), 

=INFO REPORT==== 3-Dec-2019::09:44:13 ===
           ts_search:(5:<0.301.0>) Dyn Var (RE): no Match (varname=authenticity_token), 

=INFO REPORT==== 3-Dec-2019::09:44:13 ===
           ts_search:(5:<0.328.0>) Dyn Var (RE): no Match (varname=authenticity_token), 

=INFO REPORT==== 3-Dec-2019::09:44:14 ===
           ts_search:(5:<0.309.0>) Dyn Var (RE): no Match (varname=convo_id), 

=INFO REPORT==== 3-Dec-2019::09:44:14 ===
           ts_search:(5:<0.270.0>) Dyn Var (RE): no Match (varname=authenticity_token), 

=INFO REPORT==== 3-Dec-2019::09:44:14 ===
           ts_search:(5:<0.288.0>) Dyn Var (RE): no Match (varname=convo_id), 

=INFO REPORT==== 3-Dec-2019::09:44:14 ===
           ts_search:(5:<0.295.0>) Dyn Var (RE): no Match (varname=convo_id), 

=INFO REPORT==== 3-Dec-2019::09:44:14 ===
           ts_search:(5:<0.308.0>) Dyn Var (RE): no Match (varname=convo_id), 

=INFO REPORT==== 3-Dec-2019::09:44:14 ===
           ts_search:(5:<0.245.0>) Dyn Var (RE): no Match (varname=convo_id), 

=INFO REPORT==== 3-Dec-2019::09:44:14 ===
           ts_search:(5:<0.317.0>) Dyn Var (RE): no Match (varname=convo_id), 

=INFO REPORT==== 3-Dec-2019::09:44:14 ===
           ts_search:(5:<0.291.0>) Dyn Var (RE): no Match (varname=authenticity_token), 

=INFO REPORT==== 3-Dec-2019::09:44:14 ===
           ts_search:(5:<0.296.0>) Dyn Var (RE): no Match (varname=convo_id), 

=INFO REPORT==== 3-Dec-2019::09:44:14 ===
           ts_search:(5:<0.273.0>) Dyn Var (RE): no Match (varname=convo_id), 

=INFO REPORT==== 3-Dec-2019::09:44:14 ===
           ts_search:(5:<0.292.0>) Dyn Var (RE): no Match (varname=convo_id), 

=INFO REPORT==== 3-Dec-2019::09:44:15 ===
           ts_search:(5:<0.239.0>) Dyn Var (RE): no Match (varname=authenticity_token), 

=INFO REPORT==== 3-Dec-2019::09:44:15 ===
           ts_search:(5:<0.255.0>) Dyn Var (RE): no Match (varname=convo_id), 

=INFO REPORT==== 3-Dec-2019::09:44:15 ===
           ts_search:(5:<0.247.0>) Dyn Var (RE): no Match (varname=authenticity_token), 

=INFO REPORT==== 3-Dec-2019::09:44:16 ===
           ts_search:(5:<0.267.0>) Dyn Var (RE): no Match (varname=convo_id), 

=INFO REPORT==== 3-Dec-2019::09:44:16 ===
           ts_search:(5:<0.320.0>) Dyn Var (RE): no Match (varname=authenticity_token), 

=INFO REPORT==== 3-Dec-2019::09:44:16 ===
           ts_search:(5:<0.284.0>) Dyn Var (RE): no Match (varname=convo_id), 

=INFO REPORT==== 3-Dec-2019::09:44:16 ===
           ts_search:(5:<0.316.0>) Dyn Var (RE): no Match (varname=convo_id), 

=INFO REPORT==== 3-Dec-2019::09:44:16 ===
           ts_search:(5:<0.281.0>) Dyn Var (RE): no Match (varname=convo_id), 

=INFO REPORT==== 3-Dec-2019::09:44:16 ===
           ts_search:(5:<0.201.0>) Dyn Var (RE): no Match (varname=authenticity_token), 

=INFO REPORT==== 3-Dec-2019::09:44:16 ===
           ts_search:(5:<0.238.0>) Dyn Var (RE): no Match (varname=authenticity_token), 

=INFO REPORT==== 3-Dec-2019::09:44:16 ===
           ts_search:(5:<0.305.0>) Dyn Var (RE): no Match (varname=convo_id), 

=INFO REPORT==== 3-Dec-2019::09:44:16 ===
           ts_search:(5:<0.256.0>) Dyn Var (RE): no Match (varname=convo_id), 

=INFO REPORT==== 3-Dec-2019::09:44:16 ===
           ts_search:(5:<0.330.0>) Dyn Var (RE): no Match (varname=convo_id), 

=INFO REPORT==== 3-Dec-2019::09:44:16 ===
           ts_search:(5:<0.287.0>) Dyn Var (RE): no Match (varname=convo_id), 

=INFO REPORT==== 3-Dec-2019::09:44:16 ===
           ts_search:(5:<0.301.0>) Dyn Var (RE): no Match (varname=convo_id), 

=INFO REPORT==== 3-Dec-2019::09:44:17 ===
           ts_search:(5:<0.347.0>) Dyn Var (RE): no Match (varname=authenticity_token), 

=INFO REPORT==== 3-Dec-2019::09:44:17 ===
           ts_search:(5:<0.328.0>) Dyn Var (RE): no Match (varname=convo_id), 

=INFO REPORT==== 3-Dec-2019::09:44:17 ===
           ts_search:(5:<0.293.0>) Dyn Var (RE): no Match (varname=authenticity_token), 

=INFO REPORT==== 3-Dec-2019::09:44:17 ===
           ts_search:(5:<0.187.0>) Dyn Var (RE): no Match (varname=authenticity_token), 

=INFO REPORT==== 3-Dec-2019::09:44:17 ===
           ts_search:(5:<0.270.0>) Dyn Var (RE): no Match (varname=convo_id), 

=INFO REPORT==== 3-Dec-2019::09:44:17 ===
           ts_search:(5:<0.260.0>) Dyn Var (RE): no Match (varname=authenticity_token), 

=INFO REPORT==== 3-Dec-2019::09:44:18 ===
           ts_search:(5:<0.227.0>) Dyn Var (RE): no Match (varname=authenticity_token), 

=INFO REPORT==== 3-Dec-2019::09:44:18 ===
           ts_search:(5:<0.291.0>) Dyn Var (RE): no Match (varname=convo_id), 

=INFO REPORT==== 3-Dec-2019::09:44:18 ===
           ts_search:(5:<0.354.0>) Dyn Var (RE): no Match (varname=authenticity_token), 

=INFO REPORT==== 3-Dec-2019::09:44:18 ===
           ts_search:(5:<0.311.0>) Dyn Var (RE): no Match (varname=authenticity_token), 

=INFO REPORT==== 3-Dec-2019::09:44:18 ===
           ts_search:(5:<0.349.0>) Dyn Var (RE): no Match (varname=authenticity_token), 

=INFO REPORT==== 3-Dec-2019::09:44:18 ===
           ts_search:(5:<0.230.0>) Dyn Var (RE): no Match (varname=authenticity_token), 

=INFO REPORT==== 3-Dec-2019::09:44:18 ===
           ts_search:(5:<0.247.0>) Dyn Var (RE): no Match (varname=convo_id), 

=INFO REPORT==== 3-Dec-2019::09:44:18 ===
           ts_search:(5:<0.257.0>) Dyn Var (RE): no Match (varname=convo_id), 

=INFO REPORT==== 3-Dec-2019::09:44:19 ===
           ts_search:(5:<0.263.0>) Dyn Var (RE): no Match (varname=convo_id), 

=INFO REPORT==== 3-Dec-2019::09:44:19 ===
           ts_search:(5:<0.283.0>) Dyn Var (RE): no Match (varname=convo_id), 

=INFO REPORT==== 3-Dec-2019::09:44:19 ===
           ts_search:(5:<0.320.0>) Dyn Var (RE): no Match (varname=convo_id), 

=INFO REPORT==== 3-Dec-2019::09:44:19 ===
           ts_search:(5:<0.217.0>) Dyn Var (RE): no Match (varname=authenticity_token), 

=INFO REPORT==== 3-Dec-2019::09:44:19 ===
           ts_search:(5:<0.272.0>) Dyn Var (RE): no Match (varname=convo_id), 

=INFO REPORT==== 3-Dec-2019::09:44:19 ===
           ts_search:(5:<0.271.0>) Dyn Var (RE): no Match (varname=authenticity_token), 

=INFO REPORT==== 3-Dec-2019::09:44:19 ===
           ts_search:(5:<0.302.0>) Dyn Var (RE): no Match (varname=convo_id), 

=INFO REPORT==== 3-Dec-2019::09:44:19 ===
           ts_search:(5:<0.294.0>) Dyn Var (RE): no Match (varname=authenticity_token), 

=INFO REPORT==== 3-Dec-2019::09:44:20 ===
           ts_search:(5:<0.290.0>) Dyn Var (RE): no Match (varname=authenticity_token), 

=INFO REPORT==== 3-Dec-2019::09:44:20 ===
           ts_search:(5:<0.330.0>) Dyn Var (RE): no Match (varname=authenticity_token), 

=INFO REPORT==== 3-Dec-2019::09:44:20 ===
           ts_search:(5:<0.360.0>) Dyn Var (RE): no Match (varname=authenticity_token), 

=INFO REPORT==== 3-Dec-2019::09:44:20 ===
           ts_search:(5:<0.347.0>) Dyn Var (RE): no Match (varname=convo_id), 

=INFO REPORT==== 3-Dec-2019::09:44:20 ===
           ts_search:(5:<0.293.0>) Dyn Var (RE): no Match (varname=convo_id), 

=INFO REPORT==== 3-Dec-2019::09:44:21 ===
           ts_search:(5:<0.350.0>) Dyn Var (RE): no Match (varname=authenticity_token), 

=INFO REPORT==== 3-Dec-2019::09:44:21 ===
           ts_search:(5:<0.240.0>) Dyn Var (RE): no Match (varname=authenticity_token), 

=INFO REPORT==== 3-Dec-2019::09:44:21 ===
           ts_search:(5:<0.316.0>) Dyn Var (RE): no Match (varname=authenticity_token), 

=INFO REPORT==== 3-Dec-2019::09:44:21 ===
           ts_search:(5:<0.277.0>) Dyn Var (RE): no Match (varname=authenticity_token), 

=INFO REPORT==== 3-Dec-2019::09:44:21 ===
           ts_search:(5:<0.282.0>) Dyn Var (RE): no Match (varname=authenticity_token), 

=INFO REPORT==== 3-Dec-2019::09:44:21 ===
           ts_search:(5:<0.319.0>) Dyn Var (RE): no Match (varname=authenticity_token), 

=INFO REPORT==== 3-Dec-2019::09:44:21 ===
           ts_search:(5:<0.224.0>) Dyn Var (RE): no Match (varname=authenticity_token), 

=INFO REPORT==== 3-Dec-2019::09:44:21 ===
           ts_search:(5:<0.242.0>) Dyn Var (RE): no Match (varname=authenticity_token), 

=INFO REPORT==== 3-Dec-2019::09:44:21 ===
           ts_search:(5:<0.270.0>) Dyn Var (RE): no Match (varname=authenticity_token), 

=INFO REPORT==== 3-Dec-2019::09:44:21 ===
           ts_search:(5:<0.274.0>) Dyn Var (RE): no Match (varname=convo_id), 

=INFO REPORT==== 3-Dec-2019::09:44:21 ===
           ts_search:(5:<0.334.0>) Dyn Var (RE): no Match (varname=authenticity_token), 

=INFO REPORT==== 3-Dec-2019::09:44:21 ===
           ts_search:(5:<0.354.0>) Dyn Var (RE): no Match (varname=convo_id), 

=INFO REPORT==== 3-Dec-2019::09:44:21 ===
           ts_search:(5:<0.328.0>) Dyn Var (RE): no Match (varname=authenticity_token), 

=INFO REPORT==== 3-Dec-2019::09:44:21 ===
           ts_search:(5:<0.297.0>) Dyn Var (RE): no Match (varname=authenticity_token), 

=INFO REPORT==== 3-Dec-2019::09:44:21 ===
           ts_search:(5:<0.248.0>) Dyn Var (RE): no Match (varname=authenticity_token), 

=INFO REPORT==== 3-Dec-2019::09:44:21 ===
           ts_search:(5:<0.311.0>) Dyn Var (RE): no Match (varname=convo_id), 

=INFO REPORT==== 3-Dec-2019::09:44:21 ===
           ts_search:(5:<0.349.0>) Dyn Var (RE): no Match (varname=convo_id), 

=INFO REPORT==== 3-Dec-2019::09:44:22 ===
           ts_search:(5:<0.288.0>) Dyn Var (RE): no Match (varname=authenticity_token), 

=INFO REPORT==== 3-Dec-2019::09:44:22 ===
           ts_search:(5:<0.305.0>) Dyn Var (RE): no Match (varname=authenticity_token), 

=INFO REPORT==== 3-Dec-2019::09:44:22 ===
           ts_search:(5:<0.286.0>) Dyn Var (RE): no Match (varname=convo_id), 

=INFO REPORT==== 3-Dec-2019::09:44:22 ===
           ts_search:(5:<0.264.0>) Dyn Var (RE): no Match (varname=convo_id), 

=INFO REPORT==== 3-Dec-2019::09:44:22 ===
           ts_search:(5:<0.312.0>) Dyn Var (RE): no Match (varname=authenticity_token), 

=INFO REPORT==== 3-Dec-2019::09:44:22 ===
           ts_search:(5:<0.309.0>) Dyn Var (RE): no Match (varname=authenticity_token), 

=INFO REPORT==== 3-Dec-2019::09:44:22 ===
           ts_search:(5:<0.291.0>) Dyn Var (RE): no Match (varname=authenticity_token), 

=INFO REPORT==== 3-Dec-2019::09:44:22 ===
           ts_search:(5:<0.250.0>) Dyn Var (RE): no Match (varname=authenticity_token), 

=INFO REPORT==== 3-Dec-2019::09:44:22 ===
           ts_search:(5:<0.344.0>) Dyn Var (RE): no Match (varname=authenticity_token), 

=INFO REPORT==== 3-Dec-2019::09:44:22 ===
           ts_search:(5:<0.294.0>) Dyn Var (RE): no Match (varname=convo_id), 

=INFO REPORT==== 3-Dec-2019::09:44:23 ===
           ts_search:(5:<0.360.0>) Dyn Var (RE): no Match (varname=convo_id), 

=INFO REPORT==== 3-Dec-2019::09:44:23 ===
           ts_search:(5:<0.301.0>) Dyn Var (RE): no Match (varname=authenticity_token), 

=INFO REPORT==== 3-Dec-2019::09:44:23 ===
           ts_search:(5:<0.321.0>) Dyn Var (RE): no Match (varname=authenticity_token), 

=INFO REPORT==== 3-Dec-2019::09:44:23 ===
           ts_search:(5:<0.296.0>) Dyn Var (RE): no Match (varname=authenticity_token), 

=INFO REPORT==== 3-Dec-2019::09:44:23 ===
           ts_search:(5:<0.329.0>) Dyn Var (RE): no Match (varname=authenticity_token), 

=INFO REPORT==== 3-Dec-2019::09:44:23 ===
           ts_search:(5:<0.350.0>) Dyn Var (RE): no Match (varname=convo_id), 

=INFO REPORT==== 3-Dec-2019::09:44:23 ===
           ts_search:(5:<0.277.0>) Dyn Var (RE): no Match (varname=convo_id), 

=INFO REPORT==== 3-Dec-2019::09:44:23 ===
           ts_search:(5:<0.292.0>) Dyn Var (RE): no Match (varname=authenticity_token), 

=INFO REPORT==== 3-Dec-2019::09:44:23 ===
           ts_search:(5:<0.343.0>) Dyn Var (RE): no Match (varname=authenticity_token), 

=INFO REPORT==== 3-Dec-2019::09:44:23 ===
           ts_search:(5:<0.282.0>) Dyn Var (RE): no Match (varname=convo_id), 

=INFO REPORT==== 3-Dec-2019::09:44:23 ===
           ts_search:(5:<0.319.0>) Dyn Var (RE): no Match (varname=convo_id), 

=INFO REPORT==== 3-Dec-2019::09:44:24 ===
           ts_search:(5:<0.317.0>) Dyn Var (RE): no Match (varname=authenticity_token), 

=INFO REPORT==== 3-Dec-2019::09:44:24 ===
           ts_search:(5:<0.337.0>) Dyn Var (RE): no Match (varname=authenticity_token), 

=INFO REPORT==== 3-Dec-2019::09:44:24 ===
           ts_search:(5:<0.334.0>) Dyn Var (RE): no Match (varname=convo_id), 

=INFO REPORT==== 3-Dec-2019::09:44:24 ===
           ts_search:(5:<0.297.0>) Dyn Var (RE): no Match (varname=convo_id), 

=INFO REPORT==== 3-Dec-2019::09:44:24 ===
           ts_search:(5:<0.354.0>) Dyn Var (RE): no Match (varname=authenticity_token), 

=INFO REPORT==== 3-Dec-2019::09:44:24 ===
           ts_search:(5:<0.359.0>) Dyn Var (RE): no Match (varname=authenticity_token), 

=INFO REPORT==== 3-Dec-2019::09:44:24 ===
           ts_search:(5:<0.241.0>) Dyn Var (RE): no Match (varname=authenticity_token), 

=INFO REPORT==== 3-Dec-2019::09:44:24 ===
           ts_search:(5:<0.358.0>) Dyn Var (RE): no Match (varname=authenticity_token), 

=INFO REPORT==== 3-Dec-2019::09:44:24 ===
           ts_search:(5:<0.320.0>) Dyn Var (RE): no Match (varname=authenticity_token), 

=INFO REPORT==== 3-Dec-2019::09:44:24 ===
           ts_search:(5:<0.251.0>) Dyn Var (RE): no Match (varname=authenticity_token), 

=INFO REPORT==== 3-Dec-2019::09:44:24 ===
           ts_search:(5:<0.285.0>) Dyn Var (RE): no Match (varname=convo_id), 

=INFO REPORT==== 3-Dec-2019::09:44:24 ===
           ts_search:(5:<0.347.0>) Dyn Var (RE): no Match (varname=authenticity_token), 

=INFO REPORT==== 3-Dec-2019::09:44:24 ===
           ts_search:(5:<0.312.0>) Dyn Var (RE): no Match (varname=convo_id), 

=INFO REPORT==== 3-Dec-2019::09:44:24 ===
           ts_search:(5:<0.281.0>) Dyn Var (RE): no Match (varname=authenticity_token), 

=INFO REPORT==== 3-Dec-2019::09:44:25 ===
           ts_search:(5:<0.344.0>) Dyn Var (RE): no Match (varname=convo_id), 

=INFO REPORT==== 3-Dec-2019::09:44:25 ===
           ts_search:(5:<0.314.0>) Dyn Var (RE): no Match (varname=authenticity_token), 

=INFO REPORT==== 3-Dec-2019::09:44:25 ===
           ts_search:(5:<0.295.0>) Dyn Var (RE): no Match (varname=authenticity_token), 

=INFO REPORT==== 3-Dec-2019::09:44:25 ===
           ts_search:(5:<0.276.0>) Dyn Var (RE): no Match (varname=convo_id), 

=INFO REPORT==== 3-Dec-2019::09:44:25 ===
           ts_search:(5:<0.321.0>) Dyn Var (RE): no Match (varname=convo_id), 

=INFO REPORT==== 3-Dec-2019::09:44:25 ===
           ts_search:(5:<0.220.0>) Dyn Var (RE): no Match (varname=authenticity_token), 

=INFO REPORT==== 3-Dec-2019::09:44:25 ===
           ts_search:(5:<0.284.0>) Dyn Var (RE): no Match (varname=authenticity_token), 

=INFO REPORT==== 3-Dec-2019::09:44:25 ===
           ts_search:(5:<0.329.0>) Dyn Var (RE): no Match (varname=convo_id), 

=INFO REPORT==== 3-Dec-2019::09:44:26 ===
           ts_search:(5:<0.255.0>) Dyn Var (RE): no Match (varname=authenticity_token), 

=INFO REPORT==== 3-Dec-2019::09:44:26 ===
           ts_search:(5:<0.349.0>) Dyn Var (RE): no Match (varname=authenticity_token), 

=INFO REPORT==== 3-Dec-2019::09:44:26 ===
           ts_search:(5:<0.360.0>) Dyn Var (RE): no Match (varname=authenticity_token), 

=INFO REPORT==== 3-Dec-2019::09:44:26 ===
           ts_search:(5:<0.253.0>) Dyn Var (RE): no Match (varname=convo_id), 

=INFO REPORT==== 3-Dec-2019::09:44:26 ===
           ts_search:(5:<0.331.0>) Dyn Var (RE): no Match (varname=authenticity_token), 

=INFO REPORT==== 3-Dec-2019::09:44:26 ===
           ts_search:(5:<0.343.0>) Dyn Var (RE): no Match (varname=convo_id), 

=INFO REPORT==== 3-Dec-2019::09:44:26 ===
           ts_search:(5:<0.342.0>) Dyn Var (RE): no Match (varname=authenticity_token), 

=INFO REPORT==== 3-Dec-2019::09:44:26 ===
           ts_search:(5:<0.221.0>) Dyn Var (RE): no Match (varname=authenticity_token), 

=INFO REPORT==== 3-Dec-2019::09:44:26 ===
           ts_search:(5:<0.304.0>) Dyn Var (RE): no Match (varname=convo_id), 

=INFO REPORT==== 3-Dec-2019::09:44:26 ===
           ts_search:(5:<0.300.0>) Dyn Var (RE): no Match (varname=convo_id), 

=INFO REPORT==== 3-Dec-2019::09:44:26 ===
           ts_search:(5:<0.262.0>) Dyn Var (RE): no Match (varname=convo_id), 

=INFO REPORT==== 3-Dec-2019::09:44:26 ===
           ts_search:(5:<0.337.0>) Dyn Var (RE): no Match (varname=convo_id), 

=INFO REPORT==== 3-Dec-2019::09:44:27 ===
           ts_search:(5:<0.254.0>) Dyn Var (RE): no Match (varname=authenticity_token), 

=INFO REPORT==== 3-Dec-2019::09:44:27 ===
           ts_search:(5:<0.359.0>) Dyn Var (RE): no Match (varname=convo_id), 

=INFO REPORT==== 3-Dec-2019::09:44:27 ===
           ts_search:(5:<0.308.0>) Dyn Var (RE): no Match (varname=authenticity_token), 

=INFO REPORT==== 3-Dec-2019::09:44:27 ===
           ts_search:(5:<0.358.0>) Dyn Var (RE): no Match (varname=convo_id), 

=INFO REPORT==== 3-Dec-2019::09:44:27 ===
           ts_search:(5:<0.302.0>) Dyn Var (RE): no Match (varname=authenticity_token), 

=INFO REPORT==== 3-Dec-2019::09:44:27 ===
           ts_search:(5:<0.245.0>) Dyn Var (RE): no Match (varname=authenticity_token), 

=INFO REPORT==== 3-Dec-2019::09:44:27 ===
           ts_search:(5:<0.314.0>) Dyn Var (RE): no Match (varname=convo_id), 

=INFO REPORT==== 3-Dec-2019::09:44:27 ===
           ts_search:(5:<0.267.0>) Dyn Var (RE): no Match (varname=authenticity_token), 

=INFO REPORT==== 3-Dec-2019::09:44:27 ===
           ts_search:(5:<0.247.0>) Dyn Var (RE): no Match (varname=authenticity_token), 

=INFO REPORT==== 3-Dec-2019::09:44:27 ===
           ts_search:(5:<0.338.0>) Dyn Var (RE): no Match (varname=authenticity_token), 

=INFO REPORT==== 3-Dec-2019::09:44:27 ===
           ts_search:(5:<0.350.0>) Dyn Var (RE): no Match (varname=authenticity_token), 

=INFO REPORT==== 3-Dec-2019::09:44:27 ===
           ts_search:(5:<0.348.0>) Dyn Var (RE): no Match (varname=authenticity_token), 

=INFO REPORT==== 3-Dec-2019::09:44:27 ===
           ts_search:(5:<0.266.0>) Dyn Var (RE): no Match (varname=authenticity_token), 

=INFO REPORT==== 3-Dec-2019::09:44:27 ===
           ts_search:(5:<0.258.0>) Dyn Var (RE): no Match (varname=convo_id), 

=INFO REPORT==== 3-Dec-2019::09:44:27 ===
           ts_search:(5:<0.356.0>) Dyn Var (RE): no Match (varname=authenticity_token), 

=INFO REPORT==== 3-Dec-2019::09:44:27 ===
           ts_search:(5:<0.339.0>) Dyn Var (RE): no Match (varname=authenticity_token), 

=INFO REPORT==== 3-Dec-2019::09:44:27 ===
           ts_search:(5:<0.331.0>) Dyn Var (RE): no Match (varname=convo_id), 

=INFO REPORT==== 3-Dec-2019::09:44:28 ===
           ts_search:(5:<0.283.0>) Dyn Var (RE): no Match (varname=authenticity_token), 

=INFO REPORT==== 3-Dec-2019::09:44:28 ===
           ts_search:(5:<0.342.0>) Dyn Var (RE): no Match (varname=convo_id), 

=INFO REPORT==== 3-Dec-2019::09:44:28 ===
           ts_search:(5:<0.336.0>) Dyn Var (RE): no Match (varname=authenticity_token), 

=INFO REPORT==== 3-Dec-2019::09:44:28 ===
           ts_search:(5:<0.268.0>) Dyn Var (RE): no Match (varname=authenticity_token), 

=INFO REPORT==== 3-Dec-2019::09:44:28 ===
           ts_search:(5:<0.261.0>) Dyn Var (RE): no Match (varname=authenticity_token), 

=INFO REPORT==== 3-Dec-2019::09:44:28 ===
           ts_search:(5:<0.321.0>) Dyn Var (RE): no Match (varname=authenticity_token), 

=INFO REPORT==== 3-Dec-2019::09:44:29 ===
           ts_search:(5:<0.273.0>) Dyn Var (RE): no Match (varname=authenticity_token), 

=INFO REPORT==== 3-Dec-2019::09:44:29 ===
           ts_search:(5:<0.338.0>) Dyn Var (RE): no Match (varname=convo_id), 

=INFO REPORT==== 3-Dec-2019::09:44:29 ===
           ts_search:(5:<0.348.0>) Dyn Var (RE): no Match (varname=convo_id), 

=INFO REPORT==== 3-Dec-2019::09:44:29 ===
           ts_search:(5:<0.356.0>) Dyn Var (RE): no Match (varname=convo_id), 

=INFO REPORT==== 3-Dec-2019::09:44:29 ===
           ts_search:(5:<0.353.0>) Dyn Var (RE): no Match (varname=authenticity_token), 

=INFO REPORT==== 3-Dec-2019::09:44:29 ===
           ts_search:(5:<0.339.0>) Dyn Var (RE): no Match (varname=convo_id), 

=INFO REPORT==== 3-Dec-2019::09:44:29 ===
           ts_search:(5:<0.225.0>) Dyn Var (RE): no Match (varname=authenticity_token), 

=INFO REPORT==== 3-Dec-2019::09:44:29 ===
           ts_search:(5:<0.329.0>) Dyn Var (RE): no Match (varname=authenticity_token), 

=INFO REPORT==== 3-Dec-2019::09:44:29 ===
           ts_search:(5:<0.355.0>) Dyn Var (RE): no Match (varname=authenticity_token), 

=INFO REPORT==== 3-Dec-2019::09:44:29 ===
           ts_search:(5:<0.358.0>) Dyn Var (RE): no Match (varname=authenticity_token), 

=INFO REPORT==== 3-Dec-2019::09:44:29 ===
           ts_search:(5:<0.336.0>) Dyn Var (RE): no Match (varname=convo_id), 

=INFO REPORT==== 3-Dec-2019::09:44:29 ===
           ts_search:(5:<0.287.0>) Dyn Var (RE): no Match (varname=authenticity_token), 

=INFO REPORT==== 3-Dec-2019::09:44:29 ===
           ts_search:(5:<0.274.0>) Dyn Var (RE): no Match (varname=authenticity_token), 

=INFO REPORT==== 3-Dec-2019::09:44:29 ===
           ts_search:(5:<0.293.0>) Dyn Var (RE): no Match (varname=authenticity_token), 

=INFO REPORT==== 3-Dec-2019::09:44:29 ===
           ts_search:(5:<0.343.0>) Dyn Var (RE): no Match (varname=authenticity_token), 

=INFO REPORT==== 3-Dec-2019::09:44:30 ===
           ts_search:(5:<0.346.0>) Dyn Var (RE): no Match (varname=authenticity_token), 

=INFO REPORT==== 3-Dec-2019::09:44:30 ===
           ts_search:(5:<0.306.0>) Dyn Var (RE): no Match (varname=convo_id), 

=INFO REPORT==== 3-Dec-2019::09:44:30 ===
           ts_search:(5:<0.353.0>) Dyn Var (RE): no Match (varname=convo_id), 

=INFO REPORT==== 3-Dec-2019::09:44:30 ===
           ts_search:(5:<0.362.0>) Dyn Var (RE): no Match (varname=authenticity_token), 

=INFO REPORT==== 3-Dec-2019::09:44:30 ===
           ts_search:(5:<0.355.0>) Dyn Var (RE): no Match (varname=convo_id), 

=INFO REPORT==== 3-Dec-2019::09:44:30 ===
           ts_search:(5:<0.319.0>) Dyn Var (RE): no Match (varname=authenticity_token), 

=INFO REPORT==== 3-Dec-2019::09:44:30 ===
           ts_search:(5:<0.324.0>) Dyn Var (RE): no Match (varname=authenticity_token), 

=INFO REPORT==== 3-Dec-2019::09:44:30 ===
           ts_search:(5:<0.303.0>) Dyn Var (RE): no Match (varname=convo_id), 

=INFO REPORT==== 3-Dec-2019::09:44:30 ===
           ts_search:(5:<0.367.0>) Dyn Var (RE): no Match (varname=authenticity_token), 

=INFO REPORT==== 3-Dec-2019::09:44:30 ===
           ts_search:(5:<0.346.0>) Dyn Var (RE): no Match (varname=convo_id), 

=INFO REPORT==== 3-Dec-2019::09:44:30 ===
           ts_search:(5:<0.279.0>) Dyn Var (RE): no Match (varname=convo_id), 

=INFO REPORT==== 3-Dec-2019::09:44:30 ===
           ts_search:(5:<0.324.0>) Dyn Var (RE): no Match (varname=convo_id), 

=INFO REPORT==== 3-Dec-2019::09:44:30 ===
           ts_search:(5:<0.362.0>) Dyn Var (RE): no Match (varname=convo_id), 

=INFO REPORT==== 3-Dec-2019::09:44:30 ===
           ts_search:(5:<0.269.0>) Dyn Var (RE): no Match (varname=convo_id), 

=INFO REPORT==== 3-Dec-2019::09:44:30 ===
           ts_search:(5:<0.367.0>) Dyn Var (RE): no Match (varname=convo_id), 

=INFO REPORT==== 3-Dec-2019::09:44:30 ===
           ts_search:(5:<0.312.0>) Dyn Var (RE): no Match (varname=authenticity_token), 

=INFO REPORT==== 3-Dec-2019::09:44:30 ===
           ts_search:(5:<0.334.0>) Dyn Var (RE): no Match (varname=authenticity_token), 

=INFO REPORT==== 3-Dec-2019::09:44:30 ===
           ts_search:(5:<0.276.0>) Dyn Var (RE): no Match (varname=authenticity_token), 

=INFO REPORT==== 3-Dec-2019::09:44:30 ===
           ts_search:(5:<0.256.0>) Dyn Var (RE): no Match (varname=authenticity_token), 

=INFO REPORT==== 3-Dec-2019::09:44:30 ===
           ts_search:(5:<0.282.0>) Dyn Var (RE): no Match (varname=authenticity_token), 

=INFO REPORT==== 3-Dec-2019::09:44:30 ===
           ts_search:(5:<0.263.0>) Dyn Var (RE): no Match (varname=authenticity_token), 

=INFO REPORT==== 3-Dec-2019::09:44:30 ===
           ts_search:(5:<0.264.0>) Dyn Var (RE): no Match (varname=authenticity_token), 

=INFO REPORT==== 3-Dec-2019::09:44:31 ===
           ts_search:(5:<0.300.0>) Dyn Var (RE): no Match (varname=authenticity_token), 

=INFO REPORT==== 3-Dec-2019::09:44:31 ===
           ts_search:(5:<0.286.0>) Dyn Var (RE): no Match (varname=authenticity_token), 

=INFO REPORT==== 3-Dec-2019::09:44:31 ===
           ts_search:(5:<0.331.0>) Dyn Var (RE): no Match (varname=authenticity_token), 

=INFO REPORT==== 3-Dec-2019::09:44:32 ===
           ts_search:(5:<0.337.0>) Dyn Var (RE): no Match (varname=authenticity_token), 

=INFO REPORT==== 3-Dec-2019::09:44:32 ===
           ts_search:(5:<0.342.0>) Dyn Var (RE): no Match (varname=authenticity_token), 

=INFO REPORT==== 3-Dec-2019::09:44:32 ===
           ts_search:(5:<0.253.0>) Dyn Var (RE): no Match (varname=authenticity_token), 

=INFO REPORT==== 3-Dec-2019::09:44:32 ===
           ts_search:(5:<0.258.0>) Dyn Var (RE): no Match (varname=authenticity_token), 

=INFO REPORT==== 3-Dec-2019::09:44:33 ===
           ts_search:(5:<0.339.0>) Dyn Var (RE): no Match (varname=authenticity_token), 

=INFO REPORT==== 3-Dec-2019::09:44:33 ===
           ts_search:(5:<0.355.0>) Dyn Var (RE): no Match (varname=authenticity_token), 

=INFO REPORT==== 3-Dec-2019::09:44:33 ===
           ts_search:(5:<0.285.0>) Dyn Var (RE): no Match (varname=authenticity_token), 

=INFO REPORT==== 3-Dec-2019::09:44:33 ===
           ts_search:(5:<0.359.0>) Dyn Var (RE): no Match (varname=authenticity_token), 

=INFO REPORT==== 3-Dec-2019::09:44:33 ===
           ts_search:(5:<0.353.0>) Dyn Var (RE): no Match (varname=authenticity_token), 

=INFO REPORT==== 3-Dec-2019::09:44:33 ===
           ts_search:(5:<0.324.0>) Dyn Var (RE): no Match (varname=authenticity_token), 

=INFO REPORT==== 3-Dec-2019::09:44:33 ===
           ts_search:(5:<0.314.0>) Dyn Var (RE): no Match (varname=authenticity_token), 

=INFO REPORT==== 3-Dec-2019::09:44:33 ===
           ts_search:(5:<0.279.0>) Dyn Var (RE): no Match (varname=authenticity_token), 

=INFO REPORT==== 3-Dec-2019::09:44:34 ===
           ts_search:(5:<0.362.0>) Dyn Var (RE): no Match (varname=authenticity_token), 

=INFO REPORT==== 3-Dec-2019::09:44:34 ===
           ts_search:(5:<0.272.0>) Dyn Var (RE): no Match (varname=authenticity_token), 

=INFO REPORT==== 3-Dec-2019::09:44:34 ===
           ts_search:(5:<0.303.0>) Dyn Var (RE): no Match (varname=authenticity_token), 

=INFO REPORT==== 3-Dec-2019::09:44:34 ===
           ts_search:(5:<0.257.0>) Dyn Var (RE): no Match (varname=authenticity_token), 

=INFO REPORT==== 3-Dec-2019::09:44:34 ===
           ts_search:(5:<0.344.0>) Dyn Var (RE): no Match (varname=authenticity_token), 

=INFO REPORT==== 3-Dec-2019::09:44:34 ===
           ts_search:(5:<0.304.0>) Dyn Var (RE): no Match (varname=authenticity_token), 

=INFO REPORT==== 3-Dec-2019::09:44:35 ===
           ts_search:(5:<0.294.0>) Dyn Var (RE): no Match (varname=authenticity_token), 

=INFO REPORT==== 3-Dec-2019::09:44:35 ===
           ts_search:(5:<0.336.0>) Dyn Var (RE): no Match (varname=authenticity_token), 

=INFO REPORT==== 3-Dec-2019::09:44:35 ===
           ts_search:(5:<0.367.0>) Dyn Var (RE): no Match (varname=authenticity_token), 

=INFO REPORT==== 3-Dec-2019::09:44:35 ===
           ts_search:(5:<0.348.0>) Dyn Var (RE): no Match (varname=authenticity_token), 

=INFO REPORT==== 3-Dec-2019::09:44:35 ===
           ts_search:(5:<0.346.0>) Dyn Var (RE): no Match (varname=authenticity_token), 

=INFO REPORT==== 3-Dec-2019::09:44:35 ===
           ts_search:(5:<0.269.0>) Dyn Var (RE): no Match (varname=authenticity_token), 

=INFO REPORT==== 3-Dec-2019::09:44:35 ===
           ts_search:(5:<0.338.0>) Dyn Var (RE): no Match (varname=authenticity_token), 

=INFO REPORT==== 3-Dec-2019::09:44:36 ===
           ts_search:(5:<0.306.0>) Dyn Var (RE): no Match (varname=authenticity_token), 

=INFO REPORT==== 3-Dec-2019::09:44:36 ===
           ts_search:(5:<0.311.0>) Dyn Var (RE): no Match (varname=authenticity_token), 

=INFO REPORT==== 3-Dec-2019::09:44:36 ===
           ts_search:(5:<0.262.0>) Dyn Var (RE): no Match (varname=authenticity_token), 

=INFO REPORT==== 3-Dec-2019::09:44:36 ===
           ts_search:(5:<0.356.0>) Dyn Var (RE): no Match (varname=authenticity_token), 

=INFO REPORT==== 3-Dec-2019::09:44:39 ===
           ts_search:(5:<0.297.0>) Dyn Var (RE): no Match (varname=authenticity_token), 

=INFO REPORT==== 3-Dec-2019::09:44:41 ===
           ts_search:(5:<0.277.0>) Dyn Var (RE): no Match (varname=authenticity_token), 

=INFO REPORT==== 3-Dec-2019::09:44:50 ===
    alarm_handler: {clear,system_memory_high_watermark}

=INFO REPORT==== 3-Dec-2019::09:44:50 ===
     ts_launcher_mgr:(5:<0.149.0>) No more active users 'tsung_controller@ip-172-31-29-89' "9167"
