# stats: dump at 1575366180
stats: users 12 12
stats: {cpu,"tsung_controller@ip-172-31-29-89"} 1 0.5629643072329986 0 0.5629643072329986 0.5629643072329986 0 0
stats: {load,"tsung_controller@ip-172-31-29-89"} 1 0.0 0 0.0 0.0 0 0
stats: {freemem,"tsung_controller@ip-172-31-29-89"} 1 731.09765625 0 731.09765625 731.09765625 0 0
stats: users_count 12 12
stats: finish_users_count 0 0
stats: request 29 43.153275862068966 42.39203116225774 160.127 5.45 0 0
stats: connect 12 4.579499999999999 8.46562545927155 30.819 1.059 0 0
stats: page 29 43.153275862068966 42.39203116225774 160.127 5.45 0 0
stats: tr_Get_Root 11 42.38400000000001 16.21928822561134 85.54 31.853 0 0
stats: 302 4 4
stats: tr_Redirect_Root 4 41.2345 12.27919397802641 62.131 31.783 0 0
stats: 200 25 25
stats: tr_Get_Conversations 3 8.519333333333334 0.24249581897884812 8.778 8.195 0 0
stats: size_rcv 158654 158654
stats: tr_Get_Register 7 7.3768571428571414 1.7667082731591472 11.046 5.556 0 0
stats: size_sent 10669 10669
stats: tr_Post_Register 4 137.3835 14.05980943149657 160.34 125.497 0 0
stats: connected 12 12
# stats: dump at 1575366190
stats: users 37 37
stats: {recvpackets,"tsung_controller@ip-172-31-29-89"} 1 272 0 272 272 0 0
stats: {sentpackets,"tsung_controller@ip-172-31-29-89"} 1 169 0 169 169 0 0
stats: {cpu,"tsung_controller@ip-172-31-29-89"} 1 0.4491017964071856 0.0 0.5629643072329986 0.4491017964071856 0.5629643072329986 1
stats: {load,"tsung_controller@ip-172-31-29-89"} 1 0.0 0.0 0.0 0.0 0.0 1
stats: {freemem,"tsung_controller@ip-172-31-29-89"} 1 727.8515625 0.0 731.09765625 727.8515625 731.09765625 1
stats: session 7 11979.551714285715 2330.15343755585 15362.509 7308.438 0 0
stats: users_count 32 44
stats: finish_users_count 7 7
stats: request 142 172.06050000000005 422.55233963038125 2252.054 5.45 43.153275862068966 29
stats: connect 30 13.603366666666668 44.89237977837169 193.731 1.048 4.579499999999999 12
stats: page 135 180.98942962962968 431.6726067834201 2252.054 5.45 43.153275862068966 29
stats: tr_Get_Root 31 92.08151612903224 71.08725271277362 296.877 31.853 42.38400000000001 11
stats: 302 35 39
stats: tr_Redirect_Root 18 92.29344444444443 61.21220173772748 268.55 31.783 41.2345 4
stats: 200 107 132
stats: tr_Get_Conversations 11 10.262363636363638 1.9969101255656891 15.81 8.195 8.519333333333334 3
stats: size_rcv 823480 982134
stats: tr_Get_Register 23 10.216739130434782 5.422762437511548 26.701 5.556 7.3768571428571414 7
stats: newphase 1 1
stats: tr_Post_Register 19 149.66047368421047 18.04189135075548 188.167 125.497 137.3835 4
stats: size_sent 58009 68678
stats: tr_Post_New_Conversation 9 24.46 6.7925557618453 41.353 17.445 0 0
stats: connected 23 35
stats: tr_Get_New_Conversation 9 1753.215222222222 296.3587277944597 2252.216 1383.353 0 0
stats: tr_Redirect_To_New_Conversation 8 25.608625 6.860406163950864 40.115 18.238 0 0
stats: tr_Redirect_To_Same_Conversation 7 29.846285714285717 7.824136971381494 41.914 20.174 0 0
stats: tr_Reply_To_Conversation 7 47.33671428571428 9.351013859688244 66.938 36.711 0 0
# stats: dump at 1575366200
stats: users 75 75
stats: {recvpackets,"tsung_controller@ip-172-31-29-89"} 1 1187.0 0.0 1187 272 272.0 1
stats: {sentpackets,"tsung_controller@ip-172-31-29-89"} 1 643.0 0.0 643 169 169.0 1
stats: {cpu,"tsung_controller@ip-172-31-29-89"} 1 1.4866204162537164 0.0 1.4866204162537164 0.4491017964071856 0.5060330518200922 2
stats: {load,"tsung_controller@ip-172-31-29-89"} 1 0.0 0.0 0.0 0.0 0.0 2
stats: {freemem,"tsung_controller@ip-172-31-29-89"} 1 715.63671875 0.0 731.09765625 715.63671875 729.474609375 2
stats: session 3 16425.65466666667 3800.543948029924 20637.27 7308.438 11979.551714285715 7
stats: users_count 41 85
stats: finish_users_count 3 10
stats: request 163 1199.133165644172 1686.0126297187198 6016.9 5.45 150.19904093567257 171
stats: connect 43 4.437232558139536 8.924339315881399 193.731 1.029 11.025119047619048 42
stats: page 160 1221.61925 1703.2461509422424 6016.9 5.45 156.6159634146342 164
stats: tr_Get_Root 33 1346.5363333333335 1472.714451443807 4446.883 31.853 79.0655 42
stats: 302 39 78
stats: tr_Redirect_Root 18 1401.9866666666667 1600.1670971608628 4274.877 31.783 83.00999999999999 22
stats: 200 124 256
stats: tr_Get_Conversations 21 725.1787619047619 1200.411707845267 4304.194 8.115 9.888857142857145 14
stats: size_rcv 963534 1945668
stats: tr_Get_Register 34 20.735735294117646 36.39666021387194 182.241 5.556 9.5541 30
stats: newphase 0 1
stats: tr_Post_Register 28 1060.9038928571429 1213.7059027893613 4117.866 125.497 147.52534782608691 23
stats: size_sent 79029 147707
stats: tr_Post_New_Conversation 8 1576.4808750000002 1324.6576540970348 3471.045 17.445 24.46 9
stats: connected 40 75
stats: tr_Get_New_Conversation 12 4906.609166666666 1415.6212854340572 6017.047 1383.353 1753.215222222222 9
stats: tr_Redirect_To_New_Conversation 3 1144.4773333333335 1508.4268086047648 3277.137 18.238 25.608625 8
stats: tr_Redirect_To_Same_Conversation 3 291.697 311.29778866009747 730.268 20.174 29.846285714285717 7
stats: tr_Reply_To_Conversation 3 1456.2873333333334 1443.1095006661446 3438.934 36.711 47.33671428571428 7
# stats: dump at 1575366210
stats: users 147 147
stats: {recvpackets,"tsung_controller@ip-172-31-29-89"} 1 1237.0 0.0 1237 272 729.5 2
stats: {sentpackets,"tsung_controller@ip-172-31-29-89"} 1 670.0 0.0 670 169 406.0 2
stats: {cpu,"tsung_controller@ip-172-31-29-89"} 1 1.092896174863388 0.0 1.4866204162537164 0.4491017964071856 0.8328955066313002 3
stats: {load,"tsung_controller@ip-172-31-29-89"} 1 0.0 0.0 0.0 0.0 0.0 3
stats: {freemem,"tsung_controller@ip-172-31-29-89"} 1 704.6328125 0.0 731.09765625 704.6328125 724.8619791666666 3
stats: session 4 23509.04 3438.821809874932 29105.415 7308.438 13313.3826 10
stats: users_count 76 161
stats: finish_users_count 4 14
stats: request 229 2506.351698689955 2080.339068866034 10383.137 5.45 662.1040179640721 334
stats: connect 68 2.6307352941176454 5.5295489354856775 193.731 0.981 7.692423529411765 85
stats: page 222 2564.92648198198 2151.9807590394353 10383.137 5.45 682.543512345679 324
stats: tr_Get_Root 57 2793.4220350877195 782.3129843351716 5057.138 31.853 636.7526666666669 75
stats: 302 42 120
stats: tr_Redirect_Root 29 2937.466137931034 1494.3134441874965 5283.211 31.783 676.5495000000001 40
stats: 200 167 423
stats: tr_Get_Conversations 16 2508.97075 1260.1610760266672 5013.673 8.115 439.0628 35
stats: size_rcv 1332352 3278020
stats: tr_Get_Register 46 227.66510869565212 248.7942842524835 1124.641 5.556 15.494343749999999 64
stats: newphase 1 2
stats: tr_Post_Register 31 2504.798806451613 1622.7788418489065 5165.534 125.497 648.9880784313725 51
stats: 422 4 4
stats: tr_Post_New_Conversation 15 2620.676 1562.6973600494327 5018.172 17.445 754.8227647058824 17
stats: size_sent 108147 255854
stats: tr_Get_New_Conversation 15 7647.1542 1572.0259011946844 10383.266 1383.353 3555.1546190476192 21
stats: connected 64 139
stats: tr_Redirect_To_New_Conversation 9 2028.5976666666668 1652.866218461064 5021.281 18.238 330.75463636363645 11
stats: 500 15 15
stats: tr_Redirect_To_Same_Conversation 4 1962.60025 819.5989385938634 2472.046 20.174 108.40150000000001 10
stats: 404 1 1
stats: tr_Reply_To_Conversation 7 3025.967142857143 2066.190568317068 5030.655 36.711 470.0219 10
# stats: dump at 1575366220
stats: users 186 188
stats: {recvpackets,"tsung_controller@ip-172-31-29-89"} 1 1825.0 0.0 1825 272 898.6666666666666 3
stats: {sentpackets,"tsung_controller@ip-172-31-29-89"} 1 1056.0 0.0 1056 169 494.0 3
stats: {cpu,"tsung_controller@ip-172-31-29-89"} 1 2.0699852143913255 0.0 2.0699852143913255 0.4491017964071856 0.8978956736893222 4
stats: {load,"tsung_controller@ip-172-31-29-89"} 1 0.0 0.0 0.0 0.0 0.0 4
stats: {freemem,"tsung_controller@ip-172-31-29-89"} 1 687.8515625 0.0 731.09765625 687.8515625 719.8046875 4
stats: session 5 29705.841999999997 1621.9482852630044 32546.778 7308.438 16226.427571428572 14
stats: users_count 44 205
stats: finish_users_count 5 19
stats: request 210 4027.284828571427 1887.6414116885926 11634.74 5.45 1412.2509431616336 563
stats: connect 52 2.999538461538462 6.233432430363333 193.731 0.981 5.44278431372549 153
stats: page 207 4076.666608695651 1933.6085839306054 11634.74 5.45 1447.9080164835157 546
stats: tr_Get_Root 51 4158.450882352941 1210.7172806331102 6660.413 31.853 1568.0417121212122 132
stats: 302 42 162
stats: tr_Redirect_Root 24 4365.209041666666 1240.4869017156627 6769.067 31.783 1626.7898260869565 69
stats: 200 157 580
stats: tr_Get_Conversations 21 4082.931285714286 1680.7890243994436 7415.103 8.115 1088.4456862745096 51
stats: size_rcv 1185525 4463545
stats: tr_Get_Register 47 2425.8322127659576 1185.049539580446 4427.135 5.556 104.22029999999997 110
stats: newphase 0 2
stats: tr_Post_Register 32 3888.6605937499994 1059.8150920929813 6708.772 125.497 1350.5750609756096 82
stats: 422 0 4
stats: tr_Post_New_Conversation 6 3642.8788333333337 742.1494032968062 5018.172 17.445 1629.44146875 32
stats: size_sent 117306 373160
stats: tr_Get_New_Conversation 12 8691.157749999998 2054.064697279564 11634.872 1383.353 5260.154444444444 36
stats: connected 47 186
stats: tr_Redirect_To_New_Conversation 9 5365.507888888889 688.2773697660695 6488.947 18.238 1094.784 20
stats: 500 11 26
stats: tr_Redirect_To_Same_Conversation 5 3488.379 1079.8145519554735 4826.947 20.174 638.1725714285714 14
stats: 404 0 1
stats: tr_Reply_To_Conversation 3 4278.033666666666 1503.3907216549608 6401.997 36.711 1522.4699411764707 17
# stats: dump at 1575366230
stats: users 184 188
stats: {recvpackets,"tsung_controller@ip-172-31-29-89"} 1 1490.0 0.0 1825 272 1130.25 4
stats: {sentpackets,"tsung_controller@ip-172-31-29-89"} 1 805.0 0.0 1056 169 634.5 4
stats: {cpu,"tsung_controller@ip-172-31-29-89"} 1 1.634472511144131 0.0 2.0699852143913255 0.4491017964071856 1.1323135818297227 5
stats: {load,"tsung_controller@ip-172-31-29-89"} 1 0.0 0.0 0.0 0.0 0.0 5
stats: {freemem,"tsung_controller@ip-172-31-29-89"} 1 670.76953125 0.0 731.09765625 670.76953125 713.4140625 5
stats: session 2 43645.9965 246.8784999999989 43892.875 7308.438 19773.64189473684 19
stats: users_count 0 205
stats: finish_users_count 2 21
stats: request 178 7253.80696067416 2251.909466145483 15459.433 5.45 2122.6741203104775 773
stats: connect 0 0 0 193.731 0.981 4.823034146341462 205
stats: page 171 7345.48307017544 2302.5910899586147 15459.433 5.45 2170.554800796812 753
stats: tr_Get_Root 22 7651.881181818183 927.9901348674127 9320.937 31.853 2289.9590218579233 183
stats: 302 39 201
stats: tr_Redirect_Root 18 8104.636333333333 1113.9623312046963 10050.007 31.783 2333.4786559139784 93
stats: 200 110 690
stats: tr_Get_Conversations 20 8348.6386 1166.6255049712142 10189.318 8.115 1961.8373194444441 72
stats: size_rcv 840892 5304437
stats: tr_Get_Register 41 4344.2793658536575 554.7752669850902 5067.478 5.556 799.2251401273885 157
stats: newphase 0 2
stats: tr_Post_Register 38 8242.486210526316 1120.3729775216584 10106.512 125.497 2063.0201228070173 114
stats: 422 4 8
stats: tr_Post_New_Conversation 12 7013.803416666667 1920.504999462878 9887.236 17.445 1947.3526315789472 38
stats: size_sent 95986 469146
stats: tr_Get_New_Conversation 12 11084.786416666668 2544.96877782595 15459.571 1383.353 6117.905270833333 48
stats: connected -1 185
stats: tr_Redirect_To_New_Conversation 7 7479.417999999999 1159.9504734167372 9023.622 18.238 2420.181068965517 29
stats: 500 22 48
stats: tr_Redirect_To_Same_Conversation 1 7632.102 0.0 7632.102 20.174 1388.2268947368423 19
stats: 404 3 4
stats: tr_Reply_To_Conversation 7 5928.99757142857 2004.5529857988543 9240.987 36.711 1935.8044999999997 20
# stats: dump at 1575366240
stats: users 175 188
stats: {recvpackets,"tsung_controller@ip-172-31-29-89"} 1 1112.0 0.0 1825 272 1202.2 5
stats: {sentpackets,"tsung_controller@ip-172-31-29-89"} 1 545.0 0.0 1056 169 668.6 5
stats: {cpu,"tsung_controller@ip-172-31-29-89"} 1 1.092896174863388 0.0 2.0699852143913255 0.4491017964071856 1.2160067367154574 6
stats: {load,"tsung_controller@ip-172-31-29-89"} 1 0.0 0.0 0.0 0.0 0.0 6
stats: {freemem,"tsung_controller@ip-172-31-29-89"} 1 660.1328125 0.0 731.09765625 660.1328125 706.306640625 6
stats: session 9 47255.33322222222 4737.451977184237 55446.571 7308.438 22047.199476190475 21
stats: users_count 0 205
stats: finish_users_count 9 30
stats: request 170 9016.785699999997 2111.2301653306 16509.704 5.45 3083.0754300736057 951
stats: connect 0 0 0 193.731 0.981 4.823034146341462 205
stats: page 160 9352.158187499996 2390.019750039255 17767.768 5.45 3128.252564935064 924
stats: tr_Get_Root 0 0 0 9320.937 31.853 2865.384814634146 205
stats: 302 47 248
stats: tr_Redirect_Root 37 8980.234918918919 666.380774876006 10050.007 31.783 3269.342063063063 111
stats: 200 68 758
stats: tr_Get_Conversations 20 8554.103200000001 1143.374541348573 10189.318 8.115 3350.272380434783 92
stats: size_rcv 893966 6198403
stats: tr_Get_Register 7 5407.530000000001 403.26476125670644 6108.305 5.556 1533.302025252525 198
stats: newphase 0 2
stats: tr_Post_Register 44 8927.476772727272 688.8204663808815 10106.512 125.497 3607.8866447368423 152
stats: 422 5 13
stats: tr_Post_New_Conversation 13 7652.326153846153 1605.6895394047447 9887.236 17.445 3163.30082 50
stats: size_sent 77959 547105
stats: tr_Get_New_Conversation 21 12957.699952380954 2729.417026323325 16509.874 1383.353 7111.2815 60
stats: connected -7 178
stats: tr_Redirect_To_New_Conversation 11 8394.358 1330.0528736568058 9707.316 18.238 3403.9215833333333 36
stats: 500 49 97
stats: tr_Redirect_To_Same_Conversation 7 8132.062857142856 477.1184969646818 8950.823 20.174 1700.42065 20
stats: 404 1 5
stats: tr_Reply_To_Conversation 10 7801.259 1067.5777984423432 9240.987 36.711 2971.0767777777774 27
# stats: dump at 1575366250
stats: users 167 188
stats: {recvpackets,"tsung_controller@ip-172-31-29-89"} 1 1440.0 0.0 1825 272 1187.1666666666667 6
stats: {sentpackets,"tsung_controller@ip-172-31-29-89"} 1 1091.0 0.0 1091 169 648.0 6
stats: {cpu,"tsung_controller@ip-172-31-29-89"} 1 2.129767211490837 0.0 2.129767211490837 0.4491017964071856 1.198419513593733 7
stats: {load,"tsung_controller@ip-172-31-29-89"} 1 0.0 0.0 0.0 0.0 0.0 7
stats: {freemem,"tsung_controller@ip-172-31-29-89"} 1 657.6328125 0.0 731.09765625 657.6328125 699.7103794642857 7
stats: session 8 54842.97875 6348.927459176684 66742.543 7308.438 29609.6396 30
stats: users_count 0 205
stats: finish_users_count 8 38
stats: request 156 9175.454134615391 2641.940024758533 16509.704 5.45 3982.924445138268 1121
stats: connect 0 0 0 193.731 0.981 4.823034146341462 205
stats: page 145 9899.44043448276 3246.032952788259 18528.462 5.45 4046.9102214022128 1084
stats: tr_Get_Root 0 0 0 9320.937 31.853 2865.384814634146 205
stats: 302 45 293
stats: tr_Redirect_Root 37 9586.233675675676 602.3513191253564 10615.169 31.783 4697.065277027027 148
stats: 200 83 841
stats: tr_Get_Conversations 36 7813.366805555553 2416.853267732074 10406.817 8.115 4279.527883928572 112
stats: size_rcv 921056 7119459
stats: tr_Get_Register 0 0 0 6108.305 5.556 1665.5927365853659 205
stats: newphase 0 2
stats: tr_Post_Register 8 9496.529625 776.6697364794032 10509.602 125.497 4802.080346938775 196
stats: 422 8 21
stats: tr_Post_New_Conversation 20 8359.900899999999 1871.4102655448082 10383.017 17.445 4089.6076349206346 63
stats: size_sent 74976 622081
stats: tr_Get_New_Conversation 19 12589.39552631579 4217.613918879769 16509.874 1383.353 8627.019617283951 81
stats: connected -11 167
stats: tr_Redirect_To_New_Conversation 14 9802.566642857142 570.7460138666388 10879.231 18.238 4571.896063829787 47
stats: 500 17 114
stats: tr_Redirect_To_Same_Conversation 11 8747.692000000001 1694.9994712634732 10074.845 20.174 3367.8834444444446 27
stats: 404 3 8
stats: tr_Reply_To_Conversation 11 7235.709545454545 2308.5284654552074 10102.514 36.711 4276.531432432433 37
# stats: dump at 1575366260
stats: users 151 188
stats: {recvpackets,"tsung_controller@ip-172-31-29-89"} 1 968.0 0.0 1825 272 1223.2857142857142 7
stats: {sentpackets,"tsung_controller@ip-172-31-29-89"} 1 435.0 0.0 1091 169 711.2857142857143 7
stats: {cpu,"tsung_controller@ip-172-31-29-89"} 1 0.7477567298105683 0.0 2.129767211490837 0.4491017964071856 1.314837975830871 8
stats: {load,"tsung_controller@ip-172-31-29-89"} 1 0.0 0.0 0.0 0.0 0.0 8
stats: {freemem,"tsung_controller@ip-172-31-29-89"} 1 654.77734375 0.0 731.09765625 654.77734375 694.45068359375 8
stats: session 16 63938.0911875 2945.572274638055 69908.941 7308.438 34921.92152631579 38
stats: users_count 0 205
stats: finish_users_count 16 54
stats: request 200 7691.679910000006 3448.337693412472 16509.704 5.45 4617.25070321065 1277
stats: connect 0 0 0 193.731 0.981 4.823034146341462 205
stats: page 184 8412.052831521733 4084.883933412012 19660.388 5.45 4737.40402196908 1229
stats: tr_Get_Root 0 0 0 9320.937 31.853 2865.384814634146 205
stats: 302 44 337
stats: tr_Redirect_Root 19 9295.190157894738 993.1869166097418 10714.871 31.783 5674.898956756757 185
stats: 200 63 904
stats: tr_Get_Conversations 45 7344.003511111111 2545.24092082661 10625.87 8.115 5139.110324324324 148
stats: size_rcv 987834 8107293
stats: tr_Get_Register 0 0 0 6108.305 5.556 1665.5927365853659 205
stats: newphase 0 2
stats: tr_Post_Register 1 9229.867 0.0 10509.602 125.497 4986.176397058823 204
stats: 422 28 49
stats: tr_Post_New_Conversation 44 5852.725568181816 2786.872079105187 10449.867 17.445 5118.593963855422 83
stats: size_sent 88650 710731
stats: tr_Get_New_Conversation 43 9636.644372093018 5033.480441422134 16509.874 1383.353 9379.87104 100
stats: connected -15 152
stats: tr_Redirect_To_New_Conversation 17 7802.5254117647055 2379.491702079201 10879.231 18.238 5772.377836065573 61
stats: 500 59 173
stats: tr_Redirect_To_Same_Conversation 15 8340.827199999998 793.1167943174744 10074.845 20.174 4925.196447368422 38
stats: 404 6 14
stats: tr_Reply_To_Conversation 16 5774.951125 2470.1806797896606 10102.514 36.711 4954.676416666666 48
# stats: dump at 1575366270
stats: users 109 188
stats: {recvpackets,"tsung_controller@ip-172-31-29-89"} 1 1256.0 0.0 1825 272 1191.375 8
stats: {sentpackets,"tsung_controller@ip-172-31-29-89"} 1 827.0 0.0 1091 169 676.75 8
stats: {cpu,"tsung_controller@ip-172-31-29-89"} 1 1.636904761904762 0.0 2.129767211490837 0.4491017964071856 1.2518289484952818 9
stats: {load,"tsung_controller@ip-172-31-29-89"} 1 0.0 0.0 0.0 0.0 0.0 9
stats: {freemem,"tsung_controller@ip-172-31-29-89"} 1 652.390625 0.0 731.09765625 652.390625 690.0425347222222 9
stats: session 42 65577.46997619046 7450.333938561114 82761.857 7308.438 43519.305129629625 54
stats: users_count 0 205
stats: finish_users_count 42 96
stats: request 235 5368.634604255314 3528.227220214312 16509.704 5.45 5033.55797562627 1477
stats: connect 0 0 0 193.731 0.981 4.823034146341462 205
stats: page 188 6708.902425531918 3873.8566417449274 19660.388 5.45 5215.914553432412 1413
stats: tr_Get_Root 0 0 0 9320.937 31.853 2865.384814634146 205
stats: 302 56 393
stats: tr_Redirect_Root 1 8280.971 0.0 10714.871 31.783 6012.08294117647 204
stats: 200 36 940
stats: tr_Get_Conversations 11 7852.33690909091 355.5248497340885 10625.87 8.115 5653.204590673576 193
stats: size_rcv 904092 9011385
stats: tr_Get_Register 0 0 0 6108.305 5.556 1665.5927365853659 205
stats: newphase 0 2
stats: tr_Post_Register 0 0 0 10509.602 125.497 5006.877326829267 205
stats: 422 36 85
stats: tr_Post_New_Conversation 42 4202.79342857143 2668.9419106945834 10449.867 17.445 5372.938771653543 127
stats: size_sent 107247 817978
stats: tr_Get_New_Conversation 42 9309.42954761905 3769.9688730838925 16509.874 1383.353 9457.0826013986 143
stats: connected -37 115
stats: tr_Redirect_To_New_Conversation 55 5607.727218181818 2711.3000188852693 10879.231 18.238 6214.845897435897 78
stats: 500 72 245
stats: tr_Redirect_To_Same_Conversation 37 4272.3561891891895 2875.836799602526 10074.845 20.174 5891.884396226415 53
stats: 404 35 49
stats: tr_Reply_To_Conversation 47 2829.9673404255323 1964.0671665899222 10102.514 36.711 5159.74509375 64
# stats: dump at 1575366280
stats: users 16 188
stats: {recvpackets,"tsung_controller@ip-172-31-29-89"} 1 1196.0 0.0 1825 272 1198.5555555555557 9
stats: {sentpackets,"tsung_controller@ip-172-31-29-89"} 1 650.0 0.0 1091 169 693.4444444444445 9
stats: {cpu,"tsung_controller@ip-172-31-29-89"} 1 1.2896825396825395 0.0 2.129767211490837 0.4491017964071856 1.29033652983623 10
stats: {load,"tsung_controller@ip-172-31-29-89"} 1 0.0 0.0 0.0 0.0 0.0 10
stats: {freemem,"tsung_controller@ip-172-31-29-89"} 1 656.22265625 0.0 731.09765625 652.390625 686.27734375 10
stats: session 93 68224.68480645164 4881.589581906334 87082.176 7308.438 53169.75225 96
stats: users_count 0 205
stats: finish_users_count 93 189
stats: request 297 2136.9120336700353 3075.424540930791 16509.704 2.338 5079.55272313084 1712
stats: connect 0 0 0 193.731 0.981 4.823034146341462 205
stats: 302 56 449
stats: page 220 3179.6343045454532 3707.0564459051725 19660.388 4.035 5391.231055590255 1601
stats: tr_Get_Root 0 0 0 9320.937 31.853 2865.384814634146 205
stats: 200 167 1107
stats: tr_Redirect_Root 0 0 0 10714.871 31.783 6023.150687804878 205
stats: size_rcv 1018666 10030051
stats: tr_Get_Conversations 1 5908.731 0.0 10625.87 8.115 5771.785254901961 204
stats: newphase 0 2
stats: tr_Get_Register 0 0 0 6108.305 5.556 1665.5927365853659 205
stats: 422 9 94
stats: tr_Post_Register 0 0 0 10509.602 125.497 5006.877326829267 205
stats: size_sent 116145 934123
stats: tr_Post_New_Conversation 36 2564.2506944444435 2629.100391864612 10449.867 17.439 5082.133420118343 169
stats: connected -98 17
stats: tr_Get_New_Conversation 20 10260.90435 2898.968531260339 16509.874 1383.353 9423.561367567569 185
stats: 500 14 259
stats: tr_Redirect_To_New_Conversation 65 2162.7262307692313 2024.3762518941273 10879.231 4.215 5963.781781954887 133
stats: 404 51 100
stats: tr_Redirect_To_Same_Conversation 98 1637.1392346938765 2013.5033019696768 10074.845 3.211 5226.078355555555 90
stats: tr_Reply_To_Conversation 77 392.8746103896106 1294.3410885831454 10102.514 2.444 4173.262621621621 111
# stats: dump at 1575366290
stats: users 0 188
stats: {recvpackets,"tsung_controller@ip-172-31-29-89"} 1 1229.0 0.0 1825 272 1198.3 10
stats: {sentpackets,"tsung_controller@ip-172-31-29-89"} 1 730.0 0.0 1091 169 689.1 10
stats: {cpu,"tsung_controller@ip-172-31-29-89"} 1 1.4895729890764648 0.0 2.129767211490837 0.4491017964071856 1.2902770761858944 11
stats: {load,"tsung_controller@ip-172-31-29-89"} 1 0.0 0.0 0.0 0.0 0.0 11
stats: {freemem,"tsung_controller@ip-172-31-29-89"} 1 667.33984375 0.0 731.09765625 652.390625 683.5450994318181 11
stats: session 16 71033.642625 4814.720493371582 87082.176 7308.438 60577.73493650795 189
stats: users_count 0 205
stats: finish_users_count 16 205
stats: request 41 17.113951219512195 9.57010694680212 16509.704 2.338 4644.52819113987 2009
stats: connect 0 0 0 193.731 0.981 4.823034146341462 205
stats: page 24 29.33425 17.6943200991401 19660.388 4.035 5124.041991762767 1821
stats: tr_Get_Root 0 0 0 9320.937 31.853 2865.384814634146 205
stats: 302 12 461
stats: tr_Redirect_Root 0 0 0 10714.871 31.783 6023.150687804878 205
stats: 200 23 1130
stats: tr_Get_Conversations 0 0 0 10625.87 8.115 5772.453282926829 205
stats: size_rcv 62028 10092079
stats: tr_Get_Register 0 0 0 6108.305 5.556 1665.5927365853659 205
stats: newphase 0 2
stats: tr_Post_Register 0 0 0 10509.602 125.497 5006.877326829267 205
stats: 422 1 95
stats: tr_Post_New_Conversation 0 0 0 10449.867 17.439 4639.9686487804875 205
stats: size_sent 22911 957034
stats: tr_Get_New_Conversation 0 0 0 16509.874 1383.353 9505.25336585366 205
stats: connected -17 0
stats: tr_Redirect_To_New_Conversation 7 16.43957142857143 2.940150718058168 10879.231 4.215 4715.960515151515 198
stats: 500 0 259
stats: tr_Redirect_To_Same_Conversation 17 16.522000000000002 9.300369764945149 10074.845 3.211 3355.2483882978718 188
stats: 404 5 105
stats: tr_Reply_To_Conversation 17 18.328470588235298 11.36547985124847 10102.514 2.444 2624.9122127659575 188
# stats: dump at 1575366291
stats: users 0 188
stats: {recvpackets,"tsung_controller@ip-172-31-29-89"} 0 0 0 1825 272 1201.090909090909 11
stats: {sentpackets,"tsung_controller@ip-172-31-29-89"} 0 0 0 1091 169 692.8181818181819 11
stats: {cpu,"tsung_controller@ip-172-31-29-89"} 0 0 0 2.129767211490837 0.4491017964071856 1.3068850689267753 12
stats: {load,"tsung_controller@ip-172-31-29-89"} 0 0 0 0.0 0.0 0.0 12
stats: {freemem,"tsung_controller@ip-172-31-29-89"} 0 0 0 731.09765625 652.390625 682.1946614583333 12
stats: session 0 0 0 87082.176 7308.438 61393.80578048782 205
stats: users_count 0 205
stats: finish_users_count 0 205
stats: request 0 0 0 16509.704 2.338 4551.979906341463 2050
stats: connect 0 0 0 193.731 0.981 4.823034146341462 205
stats: page 0 0 0 19660.388 4.035 5057.769370731707 1845
stats: tr_Get_Root 0 0 0 9320.937 31.853 2865.384814634146 205
stats: 302 0 461
stats: tr_Redirect_Root 0 0 0 10714.871 31.783 6023.150687804878 205
stats: 200 0 1130
stats: tr_Get_Conversations 0 0 0 10625.87 8.115 5772.453282926829 205
stats: size_rcv 0 10092079
stats: tr_Get_Register 0 0 0 6108.305 5.556 1665.5927365853659 205
stats: newphase 0 2
stats: tr_Post_Register 0 0 0 10509.602 125.497 5006.877326829267 205
stats: 422 0 95
stats: tr_Post_New_Conversation 0 0 0 10449.867 17.439 4639.9686487804875 205
stats: size_sent 0 957034
stats: tr_Get_New_Conversation 0 0 0 16509.874 1383.353 9505.25336585366 205
stats: connected 0 0
stats: tr_Redirect_To_New_Conversation 0 0 0 10879.231 4.215 4555.489068292683 205
stats: 500 0 259
stats: tr_Redirect_To_Same_Conversation 0 0 0 10074.845 3.211 3078.3783951219507 205
stats: 404 0 105
stats: tr_Reply_To_Conversation 0 0 0 10102.514 2.444 2408.756487804878 205
EndMonitor:{1575,366291,231646}
