# stats: dump at 1575461080
stats: users 17 17
stats: {load,"tsung_controller@ip-172-31-26-119"} 1 0.0 0 0.0 0.0 0 0
stats: {cpu,"tsung_controller@ip-172-31-26-119"} 1 0.5936856798968742 0 0.5936856798968742 0.5936856798968742 0 0
stats: {freemem,"tsung_controller@ip-172-31-26-119"} 1 735.97265625 0 735.97265625 735.97265625 0 0
stats: users_count 17 17
stats: finish_users_count 0 0
stats: request 39 332.06576923076926 311.0914786810664 846.318 7.997 0 0
stats: tr_Get_Root 15 667.8824666666667 91.92243662049484 839.243 543.083 0 0
stats: connect 17 3.121823529411764 4.259668548763943 14.219 1.085 0 0
stats: page 39 332.06576923076926 311.0914786810664 846.318 7.997 0 0
stats: 302 8 8
stats: tr_Redirect_Root 2 706.0740000000001 140.36800000000002 846.442 565.706 0 0
stats: 200 29 29
stats: tr_Get_Register 10 11.991199999999996 4.232359857101001 22.461 8.148 0 0
stats: size_rcv 1624986 1624986
stats: tr_Post_Register 8 162.4835 31.87326972950845 244.66 135.842 0 0
stats: 422 2 2
stats: tr_Get_New_Book 2 46.1685 35.8295 81.998 10.339 0 0
stats: size_sent 16777 16777
stats: tr_Post_New_Book 2 8.721499999999999 0.1345000000000005 8.856 8.587 0 0
stats: connected 17 17
# stats: dump at 1575461090
stats: users 42 43
stats: {load,"tsung_controller@ip-172-31-26-119"} 1 0.0 0.0 0.0 0.0 0.0 1
stats: {recvpackets,"tsung_controller@ip-172-31-26-119"} 1 1820 0 1820 1820 0 0
stats: {sentpackets,"tsung_controller@ip-172-31-26-119"} 1 444 0 444 444 0 0
stats: {cpu,"tsung_controller@ip-172-31-26-119"} 1 0.45045045045045046 0.0 0.5936856798968742 0.45045045045045046 0.5936856798968742 1
stats: {freemem,"tsung_controller@ip-172-31-26-119"} 1 727.28125 0.0 735.97265625 727.28125 735.97265625 1
stats: session 5 10863.842800000002 4436.379121908964 17952.681 5218.055 0 0
stats: users_count 30 47
stats: finish_users_count 5 5
stats: request 97 491.2322577319586 624.1285390247432 3127.695 7.067 332.06576923076926 39
stats: 302 18 26
stats: connect 27 2.06537037037037 3.7283095181094863 20.83 0.948 3.121823529411764 17
stats: page 97 491.2322577319586 624.1285390247432 3127.695 7.067 332.06576923076926 39
stats: tr_Get_Root 17 1100.0876470588234 490.2386027813925 2484.184 470.523 667.8824666666667 15
stats: 200 69 98
stats: tr_Redirect_Root 16 1253.3838125000002 551.1413201836506 3127.794 565.706 706.0740000000001 2
stats: size_rcv 3567652 5192638
stats: tr_Get_Register 19 14.305473684210527 6.8614201258955365 31.61 7.228 11.991199999999996 10
stats: 422 10 12
stats: tr_Post_Register 18 209.75933333333336 70.66882110316479 346.767 132.352 162.4835 8
stats: newphase 1 1
stats: tr_Get_New_Book 13 19.65446153846154 8.627589338104952 81.998 9.759 46.1685 2
stats: size_sent 48455 65232
stats: tr_Post_New_Book 10 20.3294 23.744425565593286 90.322 7.375 8.721499999999999 2
stats: connected 23 40
stats: tr_Redirect_To_New_Book 4 1100.3832499999999 447.6541238463994 1714.676 548.879 0 0
# stats: dump at 1575461100
stats: users 74 74
stats: {load,"tsung_controller@ip-172-31-26-119"} 1 0.0 0.0 0.0 0.0 0.0 2
stats: {recvpackets,"tsung_controller@ip-172-31-26-119"} 1 2792.0 0.0 2792 1820 1820.0 1
stats: {sentpackets,"tsung_controller@ip-172-31-26-119"} 1 738.0 0.0 738 444 444.0 1
stats: {cpu,"tsung_controller@ip-172-31-26-119"} 1 0.8991008991008992 0.0 0.8991008991008992 0.45045045045045046 0.5220680651736623 2
stats: {freemem,"tsung_controller@ip-172-31-26-119"} 1 722.640625 0.0 735.97265625 722.640625 731.626953125 2
stats: session 6 16776.245333333332 2246.9362459024564 19673.164 5218.055 10863.842800000002 5
stats: users_count 38 85
stats: finish_users_count 6 11
stats: request 114 2017.2513771929825 2438.469356278314 7293.633 7.067 445.58892647058815 136
stats: connect 39 2.252666666666667 5.820096295499662 37.877 0.948 2.4735454545454543 44
stats: page 114 2017.2513771929825 2438.469356278314 7293.633 7.067 445.58892647058815 136
stats: tr_Get_Root 28 5046.109107142855 1477.3965859196949 7293.723 470.523 897.49146875 32
stats: 302 20 46
stats: tr_Redirect_Root 10 4627.2682 1183.0632285931129 6885.184 565.706 1192.5716111111115 18
stats: 200 81 179
stats: tr_Get_Register 24 80.86175000000001 92.01893815779174 392.766 7.228 13.50744827586207 29
stats: size_rcv 4330727 9523365
stats: tr_Post_Register 20 403.62955000000005 124.00840371703647 745.421 132.352 195.2129230769231 26
stats: 422 13 25
stats: tr_Get_New_Book 12 107.89816666666668 104.34397378848585 415.954 9.759 23.189666666666668 15
stats: newphase 0 1
stats: tr_Post_New_Book 13 85.65069230769231 71.85073274973998 290.543 7.375 18.39475 12
stats: size_sent 53669 118901
stats: tr_Redirect_To_New_Book 7 4285.804428571429 976.4879069317548 6452.427 548.879 1100.3832499999999 4
stats: connected 32 72
# stats: dump at 1575461110
stats: users 137 137
stats: {load,"tsung_controller@ip-172-31-26-119"} 1 0.0 0.0 0.0 0.0 0.0 3
stats: {recvpackets,"tsung_controller@ip-172-31-26-119"} 1 3596.0 0.0 3596 1820 2306.0 2
stats: {sentpackets,"tsung_controller@ip-172-31-26-119"} 1 953.0 0.0 953 444 591.0 2
stats: {cpu,"tsung_controller@ip-172-31-26-119"} 1 1.04425658876181 0.0 1.04425658876181 0.45045045045045046 0.6477456764827413 3
stats: {freemem,"tsung_controller@ip-172-31-26-119"} 1 710.203125 0.0 735.97265625 710.203125 728.6315104166666 3
stats: session 9 23905.99455555556 3420.683353163585 28778.747 5218.055 14088.789636363636 11
stats: users_count 72 157
stats: finish_users_count 9 20
stats: request 96 4470.877583333332 4012.4323434029616 10625.379 7.067 1162.267004 250
stats: connect 71 15.181394366197186 43.70521042791923 241.467 0.948 2.369759036144578 83
stats: page 96 4470.877583333332 4012.4323434029616 10625.379 7.067 1162.267004 250
stats: tr_Get_Root 26 8220.656307692308 930.4976368776573 10019.198 470.523 2833.5130333333323 60
stats: 302 21 67
stats: tr_Redirect_Root 12 9109.937083333332 999.9804568924882 10625.496 565.706 2419.2489642857145 28
stats: 200 69 248
stats: tr_Get_Register 18 364.6697777777777 699.5732171305552 2116.006 7.228 44.00750943396227 53
stats: size_rcv 4474612 13997977
stats: tr_Post_Register 21 849.6659047619048 546.9725091584023 2125.988 132.352 285.828847826087 46
stats: 422 6 31
stats: tr_Get_New_Book 4 379.53725 295.71432500757805 711.248 9.759 60.8378888888889 27
stats: newphase 1 2
stats: tr_Post_New_Book 6 911.5623333333333 818.874297896339 2087.778 7.375 53.367839999999994 25
stats: size_sent 58853 177754
stats: tr_Redirect_To_New_Book 9 8308.280111111111 1215.0172419733574 9821.162 548.879 3127.469454545455 11
stats: connected 62 134
# stats: dump at 1575461120
stats: users 230 230
stats: {load,"tsung_controller@ip-172-31-26-119"} 1 0.0 0.0 0.0 0.0 0.0 4
stats: {recvpackets,"tsung_controller@ip-172-31-26-119"} 1 3381.0 0.0 3596 1820 2736.0 3
stats: {sentpackets,"tsung_controller@ip-172-31-26-119"} 1 968.0 0.0 968 444 711.6666666666666 3
stats: {cpu,"tsung_controller@ip-172-31-26-119"} 1 0.6986027944111777 0.0 1.04425658876181 0.45045045045045046 0.7468734045525085 4
stats: {freemem,"tsung_controller@ip-172-31-26-119"} 1 700.66796875 0.0 735.97265625 700.66796875 724.0244140625 4
stats: session 5 30680.254800000002 4751.371854952774 36816.366 5218.055 18506.531850000003 20
stats: users_count 98 255
stats: finish_users_count 5 25
stats: request 115 7627.4905043478175 3982.1356849261297 13846.404 0.842 2080.263002890173 346
stats: connect 95 4.105115789473685 8.929370348360056 241.467 0.948 8.27642207792208 154
stats: page 115 7627.4905043478175 3982.1356849261297 13846.404 0.842 2080.263002890173 346
stats: tr_Get_Root 48 8631.064354166669 4308.617053846003 13077.127 1.818 4462.184255813953 86
stats: 302 4 71
stats: tr_Redirect_Root 21 10765.097095238094 1466.0725681309204 13846.485 565.706 4426.455400000001 40
stats: 200 95 343
stats: tr_Get_Register 21 4544.506095238095 2019.7243516648246 7011.741 1.293 125.30216901408448 71
stats: size_rcv 6170388 20168365
stats: tr_Post_Register 5 4514.6993999999995 2351.0090640865337 6848.354 1.001 462.5538955223881 67
stats: 422 0 31
stats: tr_Get_New_Book 14 4777.351928571428 2051.5766763731276 6911.257 1.133 101.9603870967742 31
stats: newphase 1 3
stats: tr_Post_New_Book 1 1.084 0.0 2087.778 1.084 219.47 31
stats: 502 16 16
stats: tr_Redirect_To_New_Book 5 10385.308800000003 646.979070428835 11044.304 548.879 5458.834250000001 20
stats: size_sent 53661 231415
stats: connected 90 224
# stats: dump at 1575461130
stats: users 359 359
stats: {load,"tsung_controller@ip-172-31-26-119"} 1 0.0 0.0 0.0 0.0 0.0 5
stats: {recvpackets,"tsung_controller@ip-172-31-26-119"} 1 4848.0 0.0 4848 1820 2897.25 4
stats: {sentpackets,"tsung_controller@ip-172-31-26-119"} 1 1403.0 0.0 1403 444 775.75 4
stats: {cpu,"tsung_controller@ip-172-31-26-119"} 1 0.4506760140210316 0.0 1.04425658876181 0.45045045045045046 0.7372192825242424 5
stats: {freemem,"tsung_controller@ip-172-31-26-119"} 1 682.125 0.0 735.97265625 682.125 719.353125 5
stats: session 31 31884.894096774184 10404.01162021658 49364.639 4260.123 20941.27644 25
stats: users_count 160 415
stats: finish_users_count 31 56
stats: request 619 2408.830896607434 5078.231204993575 17599.551 0.719 3464.061620390453 461
stats: connect 159 2.549861635220123 6.3638514024668345 241.467 0.899 6.684959839357431 249
stats: page 619 2408.830896607434 5078.231204993575 17599.551 0.719 3464.061620390453 461
stats: tr_Get_Root 174 4365.169988505746 6993.211922063153 17599.617 1.756 5955.514440298508 134
stats: 302 13 84
stats: tr_Redirect_Root 72 1477.1750694444447 4507.182190737919 16341.942 0.782 6608.610737704918 61
stats: 200 102 445
stats: tr_Get_Register 141 1651.2112765957443 3418.7178196974683 10729.101 0.893 1134.0335 92
stats: size_rcv 6074392 26242757
stats: tr_Post_Register 108 1078.7100277777772 2929.018070211947 10617.929 0.851 743.9528888888888 72
stats: 422 8 39
stats: tr_Get_New_Book 54 2097.135740740742 3766.9439388696633 10862.702 0.929 1556.5266444444444 45
stats: newphase 0 3
stats: tr_Post_New_Book 41 1764.0287804878046 3599.6577632906924 10574.403 0.961 212.64543749999999 32
stats: 502 496 512
stats: tr_Redirect_To_New_Book 29 3115.991 6107.023090463946 15685.953 0.846 6444.12916 25
stats: size_sent 168717 400132
stats: connected 130 354
# stats: dump at 1575461140
stats: users 324 376
stats: {load,"tsung_controller@ip-172-31-26-119"} 1 0.0 0.0 0.0 0.0 0.0 6
stats: {recvpackets,"tsung_controller@ip-172-31-26-119"} 1 5651.0 0.0 5651 1820 3287.4 5
stats: {sentpackets,"tsung_controller@ip-172-31-26-119"} 1 2651.0 0.0 2651 444 901.2 5
stats: {cpu,"tsung_controller@ip-172-31-26-119"} 1 0.9009009009009009 0.0 1.04425658876181 0.45045045045045046 0.6894620711070406 6
stats: {freemem,"tsung_controller@ip-172-31-26-119"} 1 673.59375 0.0 735.97265625 673.59375 713.1484375 6
stats: session 58 26471.04860344827 12783.879561858337 49364.639 4249.441 26999.350499999997 56
stats: users_count 23 438
stats: finish_users_count 58 114
stats: request 746 2791.2089959785485 5923.115370030252 21103.603 0.719 2859.258085185186 1080
stats: connect 30 2.7207 6.285477330852976 241.467 0.899 5.0734877450980385 408
stats: page 746 2791.2089959785485 5923.115370030252 21103.603 0.719 2859.258085185186 1080
stats: tr_Get_Root 91 13014.048835164836 8728.17328902325 21103.694 1.756 5057.073094155843 308
stats: 302 12 96
stats: tr_Redirect_Root 115 314.4544782608697 2354.76604162925 18336.733 0.77 3830.6906766917295 133
stats: 200 111 556
stats: tr_Get_Register 130 2924.910338461539 4656.875568926374 11205.119 0.89 1447.0037424892703 233
stats: size_rcv 6427186 32669943
stats: tr_Post_Register 139 1735.0190791366908 3911.248547198958 11592.883 0.833 944.8071722222218 180
stats: 422 25 64
stats: tr_Get_New_Book 114 822.096421052632 2806.6432139191224 11104.734 0.874 1851.404333333334 99
stats: newphase 0 3
stats: tr_Post_New_Book 97 1512.6471134020614 3685.5767105678146 11216.972 0.876 1083.9703287671232 73
stats: 502 598 1110
stats: tr_Redirect_To_New_Book 60 1.1219499999999996 0.29989700593148083 15685.953 0.798 4656.795703703704 54
stats: size_sent 231757 631889
stats: connected -30 324
# stats: dump at 1575461150
stats: users 270 376
stats: {load,"tsung_controller@ip-172-31-26-119"} 1 0.0 0.0 0.0 0.0 0.0 7
stats: {recvpackets,"tsung_controller@ip-172-31-26-119"} 1 5158.0 0.0 5651 1820 3681.3333333333335 6
stats: {sentpackets,"tsung_controller@ip-172-31-26-119"} 1 2210.0 0.0 2651 444 1192.8333333333333 6
stats: {cpu,"tsung_controller@ip-172-31-26-119"} 1 2.095808383233533 0.0 2.095808383233533 0.45045045045045046 0.7196676182204492 7
stats: {freemem,"tsung_controller@ip-172-31-26-119"} 1 665.66796875 0.0 735.97265625 665.66796875 707.4977678571429 7
stats: session 54 27930.52366666667 12989.386901373295 60638.123 4249.441 26730.5653245614 114
stats: users_count 0 438
stats: finish_users_count 54 168
stats: request 402 5073.241328358206 7195.327208631849 21818.919 0.719 2831.457088170864 1826
stats: connect 0 0 0 241.467 0.899 4.912337899543378 438
stats: page 402 5073.241328358206 7195.327208631849 21818.919 0.719 2831.457088170864 1826
stats: tr_Get_Root 37 20579.48189189189 817.1210362025266 21818.977 1.756 6871.821947368421 399
stats: 302 33 129
stats: tr_Redirect_Root 65 5966.326876923078 9297.475547536942 21699.159 0.77 2200.1779233870966 248
stats: 200 117 673
stats: tr_Get_Register 56 4169.143732142856 3911.25246988338 11205.119 0.89 1976.2815867768595 363
stats: size_rcv 5664559 38334502
stats: tr_Post_Register 69 2613.5894202898553 3833.64981975582 11592.883 0.833 1289.1314827586207 319
stats: 422 16 80
stats: tr_Get_New_Book 57 4033.4258421052627 3980.7197705497124 11104.734 0.874 1300.507140845071 213
stats: newphase 0 3
stats: tr_Post_New_Book 65 3179.0320615384608 3793.957943228076 11216.972 0.876 1328.568258823529 170
stats: 502 236 1346
stats: tr_Redirect_To_New_Book 53 752.8211132075472 3796.2241097872684 20257.567 0.795 2206.4410964912286 114
stats: size_sent 165197 797086
stats: connected -53 271
# stats: dump at 1575461160
stats: users 230 376
stats: {load,"tsung_controller@ip-172-31-26-119"} 1 0.0 0.0 0.0 0.0 0.0 8
stats: {recvpackets,"tsung_controller@ip-172-31-26-119"} 1 4684.0 0.0 5651 1820 3892.285714285714 7
stats: {sentpackets,"tsung_controller@ip-172-31-26-119"} 1 1542.0 0.0 2651 444 1338.142857142857 7
stats: {cpu,"tsung_controller@ip-172-31-26-119"} 1 0.8512769153730596 0.0 2.095808383233533 0.45045045045045046 0.8916852138470847 8
stats: {freemem,"tsung_controller@ip-172-31-26-119"} 1 651.4375 0.0 735.97265625 651.4375 702.26904296875 8
stats: session 40 39306.57262499999 12569.267833284894 65245.153 4249.441 27116.266220238093 168
stats: users_count 0 438
stats: finish_users_count 40 208
stats: request 264 7667.45822727273 6971.959792438712 21818.919 0.715 3235.9441907540386 2228
stats: connect 0 0 0 241.467 0.899 4.912337899543378 438
stats: page 264 7667.45822727273 6971.959792438712 21818.919 0.715 3235.9441907540386 2228
stats: tr_Get_Root 2 21046.7215 577.1765000000014 21818.977 1.756 8035.086667431193 436
stats: 302 40 169
stats: tr_Redirect_Root 58 13803.264948275864 7894.205697801646 21699.159 0.77 2982.285533546326 313
stats: 200 112 785
stats: tr_Get_Register 17 6619.300470588235 3716.9886422790146 11205.119 0.89 2269.361014319809 419
stats: size_rcv 6064048 44398550
stats: tr_Post_Register 37 6016.682108108109 4235.382249157701 11592.883 0.833 1524.6665283505156 388
stats: 422 15 95
stats: tr_Get_New_Book 61 4960.052622950821 4176.457083112134 11104.734 0.874 1877.456644444445 270
stats: newphase 0 3
stats: tr_Post_New_Book 49 5049.358204081633 4062.4305959366343 11216.972 0.876 1840.3986723404248 235
stats: 502 97 1443
stats: tr_Redirect_To_New_Book 40 7411.128150000001 8659.248864469162 20257.567 0.795 1745.1125988023955 167
stats: size_sent 120691 917777
stats: connected -40 231
# stats: dump at 1575461170
stats: users 195 376
stats: {load,"tsung_controller@ip-172-31-26-119"} 1 0.0 0.0 0.0 0.0 0.0 9
stats: {recvpackets,"tsung_controller@ip-172-31-26-119"} 1 4766.0 0.0 5651 1820 3991.25 8
stats: {sentpackets,"tsung_controller@ip-172-31-26-119"} 1 1285.0 0.0 2651 444 1363.625 8
stats: {cpu,"tsung_controller@ip-172-31-26-119"} 1 0.5491762356465303 0.0 2.095808383233533 0.45045045045045046 0.8871954029055263 9
stats: {freemem,"tsung_controller@ip-172-31-26-119"} 1 640.7890625 0.0 735.97265625 640.7890625 696.62109375 9
stats: session 35 49202.81988571428 10561.407421691185 73734.144 4249.441 29460.555913461532 208
stats: users_count 0 438
stats: finish_users_count 35 243
stats: request 167 11281.893425149692 5763.244973524396 21818.919 0.715 3705.414377608346 2492
stats: connect 0 0 0 241.467 0.899 4.912337899543378 438
stats: page 167 11281.893425149692 5763.244973524396 21818.919 0.715 3705.414377608346 2492
stats: tr_Get_Root 0 0 0 21818.977 1.756 8094.500525114156 438
stats: 302 50 219
stats: tr_Redirect_Root 29 17911.54786206896 3582.155277155427 21699.159 0.77 4673.97503773585 371
stats: 200 103 888
stats: tr_Get_Register 2 6819.191000000001 267.41700000000014 11205.119 0.89 2438.968745412844 436
stats: size_rcv 5910599 50309149
stats: tr_Post_Register 11 7513.433818181819 518.6802084109622 11592.883 0.833 1915.73612 425
stats: 422 10 105
stats: tr_Get_New_Book 40 6947.586174999999 1274.5102406630144 11104.734 0.874 2445.5483504531726 331
stats: newphase 0 3
stats: tr_Post_New_Book 49 7331.999959183676 596.4037765745661 11216.972 0.876 2394.057183098591 284
stats: 502 4 1447
stats: tr_Redirect_To_New_Book 36 17533.748194444437 4395.365518292857 21233.988 0.795 2839.9948309178753 207
stats: size_sent 70242 988019
stats: connected -36 195
# stats: dump at 1575461180
stats: users 155 376
stats: {load,"tsung_controller@ip-172-31-26-119"} 1 0.0 0.0 0.0 0.0 0.0 10
stats: {recvpackets,"tsung_controller@ip-172-31-26-119"} 1 4419.0 0.0 5651 1820 4077.3333333333335 9
stats: {sentpackets,"tsung_controller@ip-172-31-26-119"} 1 1079.0 0.0 2651 444 1354.888888888889 9
stats: {cpu,"tsung_controller@ip-172-31-26-119"} 1 0.6509764646970456 0.0 2.095808383233533 0.45045045045045046 0.8533934861796266 10
stats: {freemem,"tsung_controller@ip-172-31-26-119"} 1 639.39453125 0.0 735.97265625 639.39453125 691.037890625 10
stats: session 40 56489.01919999998 9182.119944211538 77737.626 4249.441 32304.091876543203 243
stats: users_count 0 438
stats: finish_users_count 40 283
stats: request 140 11812.78901428572 5058.217901908076 21818.919 0.715 4181.259432493417 2659
stats: connect 0 0 0 241.467 0.899 4.912337899543378 438
stats: page 140 11812.78901428572 5058.217901908076 21818.919 0.715 4181.259432493417 2659
stats: tr_Get_Root 0 0 0 21818.977 1.756 8094.500525114156 438
stats: 302 40 259
stats: tr_Redirect_Root 27 17143.716851851852 613.0780709801909 21699.159 0.77 5633.699067500001 400
stats: 200 95 983
stats: tr_Get_Register 0 0 0 11205.119 0.89 2458.9697602739725 438
stats: size_rcv 6161496 56470645
stats: tr_Post_Register 2 7185.7545 40.365499999999884 11592.883 0.833 2056.9624380733944 436
stats: 422 5 110
stats: tr_Get_New_Book 30 7136.378699999999 338.69415917443354 11104.734 0.874 2930.943264150943 371
stats: newphase 0 3
stats: tr_Post_New_Book 43 7116.608325581396 305.11175511733035 11216.972 0.876 3120.6613753753754 333
stats: 502 0 1447
stats: tr_Redirect_To_New_Book 38 17275.246157894733 647.2289865867659 21233.988 0.795 5016.8471810699575 243
stats: size_sent 52770 1040789
stats: connected -38 157
# stats: dump at 1575461190
stats: users 102 376
stats: {load,"tsung_controller@ip-172-31-26-119"} 1 0.0 0.0 0.0 0.0 0.0 11
stats: {recvpackets,"tsung_controller@ip-172-31-26-119"} 1 4588.0 0.0 5651 1820 4111.5 10
stats: {sentpackets,"tsung_controller@ip-172-31-26-119"} 1 1026.0 0.0 2651 444 1327.3 10
stats: {cpu,"tsung_controller@ip-172-31-26-119"} 1 0.45045045045045046 0.0 2.095808383233533 0.45045045045045046 0.8349919387721193 11
stats: {freemem,"tsung_controller@ip-172-31-26-119"} 1 649.94921875 0.0 735.97265625 639.39453125 686.3430397727273 11
stats: session 53 67907.4908301887 10580.923836582237 91233.708 4249.441 35722.45616254416 283
stats: users_count 0 438
stats: finish_users_count 53 336
stats: request 147 9806.736918367353 5913.89405535348 21818.919 0.715 4562.9722375848505 2799
stats: connect 0 0 0 241.467 0.899 4.912337899543378 438
stats: page 147 9806.736918367353 5913.89405535348 21818.919 0.715 4562.9722375848505 2799
stats: tr_Get_Root 0 0 0 21818.977 1.756 8094.500525114156 438
stats: 302 35 294
stats: tr_Redirect_Root 11 16526.800545454545 286.76019258459974 21699.159 0.77 6361.498786885247 427
stats: 200 99 1082
stats: tr_Get_Register 0 0 0 11205.119 0.89 2458.9697602739725 438
stats: size_rcv 6282038 62752683
stats: tr_Post_Register 0 0 0 11592.883 0.833 2080.3815799086756 438
stats: 422 13 123
stats: tr_Get_New_Book 33 4844.098272727272 1055.494330665488 11104.734 0.874 3245.5643690773063 401
stats: newphase 0 3
stats: tr_Post_New_Book 48 4332.2470625 1259.6354959819298 11216.972 0.876 3577.644670212766 376
stats: 502 0 1447
stats: tr_Redirect_To_New_Book 55 16218.563727272727 573.6979918432677 21233.988 0.795 6674.566615658361 281
stats: size_sent 48285 1089074
stats: connected -55 102
# stats: dump at 1575461200
stats: users 13 376
stats: {load,"tsung_controller@ip-172-31-26-119"} 1 0.0 0.0 0.0 0.0 0.0 12
stats: {recvpackets,"tsung_controller@ip-172-31-26-119"} 1 4603.0 0.0 5651 1820 4154.818181818182 11
stats: {sentpackets,"tsung_controller@ip-172-31-26-119"} 1 1031.0 0.0 2651 444 1299.909090909091 11
stats: {cpu,"tsung_controller@ip-172-31-26-119"} 1 0.5002501250625313 0.0 2.095808383233533 0.45045045045045046 0.8029468147453135 12
stats: {freemem,"tsung_controller@ip-172-31-26-119"} 1 660.09375 0.0 735.97265625 639.39453125 683.3102213541666 12
stats: session 89 75252.20133707873 7659.509728189389 100840.058 4249.441 40799.262226190476 336
stats: users_count 0 438
stats: finish_users_count 89 425
stats: request 107 9827.682700934589 4936.621013855599 21818.919 0.715 4824.626483367277 2946
stats: connect 0 0 0 241.467 0.899 4.912337899543378 438
stats: page 107 9827.682700934589 4936.621013855599 21818.919 0.715 4824.626483367277 2946
stats: tr_Get_Root 0 0 0 21818.977 1.756 8094.500525114156 438
stats: 302 3 297
stats: tr_Redirect_Root 0 0 0 21699.159 0.77 6616.791753424658 438
stats: 200 93 1175
stats: tr_Get_Register 0 0 0 11205.119 0.89 2458.9697602739725 438
stats: size_rcv 8372512 71125195
stats: tr_Post_Register 0 0 0 11592.883 0.833 2080.3815799086756 438
stats: 422 11 134
stats: tr_Get_New_Book 4 1266.1757499999999 670.0420299810955 11104.734 0.874 3367.1118778801842 434
stats: newphase 0 3
stats: tr_Post_New_Book 14 1302.4571428571433 782.3153352443957 11216.972 0.876 3663.0713561320754 424
stats: 502 0 1447
stats: tr_Redirect_To_New_Book 89 11553.700651685394 3387.610898807274 21233.988 0.795 8236.828047619047 336
stats: size_sent 20842 1109916
stats: connected -89 13
# stats: dump at 1575461210
stats: users 0 376
stats: {load,"tsung_controller@ip-172-31-26-119"} 1 0.0 0.0 0.0 0.0 0.0 13
stats: {recvpackets,"tsung_controller@ip-172-31-26-119"} 1 6385.0 0.0 6385 1820 4192.166666666667 12
stats: {sentpackets,"tsung_controller@ip-172-31-26-119"} 1 1303.0 0.0 2651 444 1277.5 12
stats: {cpu,"tsung_controller@ip-172-31-26-119"} 1 0.5988023952095809 0.0 2.095808383233533 0.45045045045045046 0.7796624540004841 13
stats: {freemem,"tsung_controller@ip-172-31-26-119"} 1 663.8984375 0.0 735.97265625 639.39453125 681.5243389423077 13
stats: session 13 76643.78276923079 4000.73802631749 100840.058 4249.441 48014.1130047059 425
stats: users_count 0 438
stats: finish_users_count 13 438
stats: page 13 2880.3990000000003 1670.7309338044004 21818.919 0.715 4999.971067474615 3053
stats: request 13 2880.3990000000003 1670.7309338044004 21818.919 0.715 4999.971067474615 3053
stats: connect 0 0 0 241.467 0.899 4.912337899543378 438
stats: tr_Get_Root 0 0 0 21818.977 1.756 8094.500525114156 438
stats: 302 0 297
stats: tr_Redirect_Root 0 0 0 21699.159 0.77 6616.791753424658 438
stats: 200 13 1188
stats: tr_Get_Register 0 0 0 11205.119 0.89 2458.9697602739725 438
stats: size_rcv 1220067 72345262
stats: tr_Post_Register 0 0 0 11592.883 0.833 2080.3815799086756 438
stats: 422 0 134
stats: tr_Get_New_Book 0 0 0 11104.734 0.874 3347.925246575342 438
stats: newphase 0 3
stats: tr_Post_New_Book 0 0 0 11216.972 0.876 3587.617933789954 438
stats: 502 0 1447
stats: tr_Redirect_To_New_Book 13 2880.5321538461544 1670.7412033028404 21233.988 0.795 8931.420192941176 425
stats: size_sent 1340 1111256
stats: connected -13 0
# stats: dump at 1575461212
stats: users 0 376
stats: {load,"tsung_controller@ip-172-31-26-119"} 1 0.0 0.0 0.0 0.0 0.0 14
stats: {recvpackets,"tsung_controller@ip-172-31-26-119"} 1 284.0 0.0 6385 284 4360.846153846154 13
stats: {sentpackets,"tsung_controller@ip-172-31-26-119"} 1 234.0 0.0 2651 234 1279.4615384615386 13
stats: {cpu,"tsung_controller@ip-172-31-26-119"} 1 0.2502502502502503 0.0 2.095808383233533 0.2502502502502503 0.7667438783725624 14
stats: {freemem,"tsung_controller@ip-172-31-26-119"} 1 667.26171875 0.0 735.97265625 639.39453125 680.2653459821429 14
stats: session 0 0 0 100840.058 4249.441 48863.85206164385 438
stats: users_count 0 438
stats: finish_users_count 0 438
stats: request 0 0 0 21818.919 0.715 4990.983971298108 3066
stats: connect 0 0 0 241.467 0.899 4.912337899543378 438
stats: page 0 0 0 21818.919 0.715 4990.983971298108 3066
stats: tr_Get_Root 0 0 0 21818.977 1.756 8094.500525114156 438
stats: 302 0 297
stats: tr_Redirect_Root 0 0 0 21699.159 0.77 6616.791753424658 438
stats: 200 0 1188
stats: tr_Get_Register 0 0 0 11205.119 0.89 2458.9697602739725 438
stats: size_rcv 0 72345262
stats: tr_Post_Register 0 0 0 11592.883 0.833 2080.3815799086756 438
stats: 422 0 134
stats: tr_Get_New_Book 0 0 0 11104.734 0.874 3347.925246575342 438
stats: newphase 0 3
stats: tr_Post_New_Book 0 0 0 11216.972 0.876 3587.617933789954 438
stats: 502 0 1447
stats: tr_Redirect_To_New_Book 0 0 0 21233.988 0.795 8751.827625570775 438
stats: size_sent 0 1111256
stats: connected 0 0
EndMonitor:{1575,461212,540814}
