
=INFO REPORT==== 2-Dec-2019::07:37:04 ===
    ts_config_server:(5:<0.102.0>) Config server started, logdir is "/home/ec2-user/.tsung/log/20191202-0737"
 
=INFO REPORT==== 2-Dec-2019::07:37:04 ===
              ts_mon:(5:<0.83.0>) starting monitor, global 

=INFO REPORT==== 2-Dec-2019::07:37:04 ===
           ts_config:(5:<0.102.0>) Reading config file: simple.xml

=INFO REPORT==== 2-Dec-2019::07:37:04 ===
           ts_config:(5:<0.102.0>) Session name for id 1 is "Make Post"

=INFO REPORT==== 2-Dec-2019::07:37:04 ===
    ts_config_server:(4:<0.102.0>) SYSINFO:Tsung version: 1.7.0

=INFO REPORT==== 2-Dec-2019::07:37:04 ===
    ts_config_server:(4:<0.102.0>) SYSINFO:Erlang version: Erlang/OTP 20 [erts-9.1] [source] [64-bit] [smp:2:2] [ds:2:2:10] [async-threads:8] [hipe] [kernel-poll:true]


=INFO REPORT==== 2-Dec-2019::07:37:04 ===
    ts_config_server:(4:<0.102.0>) SYSINFO:System architecture x86_64-unknown-linux-gnu

=INFO REPORT==== 2-Dec-2019::07:37:04 ===
    ts_config_server:(4:<0.102.0>) SYSINFO:Current path: /usr/local/lib/tsung/tsung-1.7.0/ebin/tsung.beam

=INFO REPORT==== 2-Dec-2019::07:37:04 ===
              ts_mon:(5:<0.103.0>) Activate clients with text backend

=INFO REPORT==== 2-Dec-2019::07:37:04 ===
              ts_mon:(5:<0.103.0>) Starting tsung clients on hosts: [localhost]

=INFO REPORT==== 2-Dec-2019::07:37:04 ===
    ts_config_server:(5:<0.102.0>) Start a launcher on the controller beam localhost

=INFO REPORT==== 2-Dec-2019::07:37:04 ===
  ts_launcher_static:(5:<0.154.0>) Launch msg receive ("localhost")

=INFO REPORT==== 2-Dec-2019::07:37:04 ===
         ts_launcher:(5:<0.155.0>) Launch msg receive ("localhost")

=INFO REPORT==== 2-Dec-2019::07:37:04 ===
    ts_config_server:(5:<0.102.0>) New arrival phase 1 for client "localhost" (last ? true): will start 10 users

=INFO REPORT==== 2-Dec-2019::07:37:04 ===
         ts_launcher:(5:<0.155.0>) Expected duration of first phase: 10.0 sec (10 users) 

=INFO REPORT==== 2-Dec-2019::07:37:04 ===
         ts_launcher:(5:<0.155.0>) Activate launcher (10 users) in 1132 msec 

=INFO REPORT==== 2-Dec-2019::07:37:05 ===
           ts_client:(5:<0.157.0>) Pending transactions: [{tr_Get_Root,
                                                           -576460750357111993}], compute transaction time

=INFO REPORT==== 2-Dec-2019::07:37:06 ===
           ts_client:(5:<0.160.0>) Pending transactions: [{tr_Get_Root,
                                                           -576460749437870134}], compute transaction time

=INFO REPORT==== 2-Dec-2019::07:37:08 ===
           ts_client:(5:<0.161.0>) Pending transactions: [{tr_Get_Root,
                                                           -576460747832949391}], compute transaction time

=INFO REPORT==== 2-Dec-2019::07:37:08 ===
           ts_client:(5:<0.162.0>) Pending transactions: [{tr_Get_Root,
                                                           -576460747750974535}], compute transaction time

=INFO REPORT==== 2-Dec-2019::07:37:08 ===
           ts_client:(5:<0.163.0>) Pending transactions: [{tr_Get_Root,
                                                           -576460747745978590}], compute transaction time

=INFO REPORT==== 2-Dec-2019::07:37:11 ===
           ts_client:(5:<0.164.0>) Pending transactions: [{tr_Get_Root,
                                                           -576460744906947214}], compute transaction time

=INFO REPORT==== 2-Dec-2019::07:37:11 ===
           ts_client:(5:<0.165.0>) Pending transactions: [{tr_Get_Root,
                                                           -576460744295885860}], compute transaction time

=INFO REPORT==== 2-Dec-2019::07:37:14 ===
           ts_client:(5:<0.166.0>) Pending transactions: [{tr_Get_Root,
                                                           -576460742010950930}], compute transaction time

=INFO REPORT==== 2-Dec-2019::07:37:14 ===
           ts_client:(5:<0.167.0>) Pending transactions: [{tr_Get_Root,
                                                           -576460741680955208}], compute transaction time

=INFO REPORT==== 2-Dec-2019::07:37:14 ===
         ts_launcher:(5:<0.155.0>) This was the last phase, wait for connected users to finish their session

=INFO REPORT==== 2-Dec-2019::07:37:14 ===
           ts_client:(5:<0.169.0>) Pending transactions: [{tr_Get_Root,
                                                           -576460741491959697}], compute transaction time

=INFO REPORT==== 2-Dec-2019::07:37:19 ===
     ts_launcher_mgr:(5:<0.149.0>) No more active users 'tsung_controller@ip-172-31-24-44' "2300"
