
=INFO REPORT==== 7-Dec-2019::01:08:41 ===
    ts_config_server:(5:<0.102.0>) Config server started, logdir is "/home/ec2-user/.tsung/log/20191207-0108"
 
=INFO REPORT==== 7-Dec-2019::01:08:41 ===
              ts_mon:(5:<0.83.0>) starting monitor, global 

=INFO REPORT==== 7-Dec-2019::01:08:42 ===
           ts_config:(5:<0.102.0>) Reading config file: no-abort.xml

=INFO REPORT==== 7-Dec-2019::01:08:42 ===
           ts_config:(5:<0.102.0>) Session name for id 1 is "Register-Logout-Login"

=INFO REPORT==== 7-Dec-2019::01:08:42 ===
           ts_config:(5:<0.102.0>) Session name for id 2 is "Create-Book"

=INFO REPORT==== 7-Dec-2019::01:08:42 ===
           ts_config:(5:<0.102.0>) Session name for id 3 is "Create-Post"

=INFO REPORT==== 7-Dec-2019::01:08:42 ===
           ts_config:(5:<0.102.0>) Session name for id 4 is "Add_Comment"

=INFO REPORT==== 7-Dec-2019::01:08:42 ===
           ts_config:(5:<0.102.0>) Session name for id 5 is "Send-Message"

=INFO REPORT==== 7-Dec-2019::01:08:42 ===
    ts_config_server:(4:<0.102.0>) SYSINFO:Tsung version: 1.7.0

=INFO REPORT==== 7-Dec-2019::01:08:42 ===
    ts_config_server:(4:<0.102.0>) SYSINFO:Erlang version: Erlang/OTP 20 [erts-9.1] [source] [64-bit] [smp:2:2] [ds:2:2:10] [async-threads:8] [hipe] [kernel-poll:true]


=INFO REPORT==== 7-Dec-2019::01:08:42 ===
    ts_config_server:(4:<0.102.0>) SYSINFO:System architecture x86_64-unknown-linux-gnu

=INFO REPORT==== 7-Dec-2019::01:08:42 ===
    ts_config_server:(4:<0.102.0>) SYSINFO:Current path: /usr/local/lib/tsung/tsung-1.7.0/ebin/tsung.beam

=INFO REPORT==== 7-Dec-2019::01:08:42 ===
              ts_mon:(5:<0.103.0>) Activate clients with text backend

=INFO REPORT==== 7-Dec-2019::01:08:42 ===
              ts_mon:(5:<0.103.0>) Starting tsung clients on hosts: [localhost]

=INFO REPORT==== 7-Dec-2019::01:08:42 ===
    ts_config_server:(5:<0.102.0>) Start a launcher on the controller beam localhost

=INFO REPORT==== 7-Dec-2019::01:08:42 ===
  ts_launcher_static:(5:<0.154.0>) Launch msg receive ("localhost")

=INFO REPORT==== 7-Dec-2019::01:08:42 ===
         ts_launcher:(5:<0.155.0>) Launch msg receive ("localhost")

=INFO REPORT==== 7-Dec-2019::01:08:42 ===
    ts_config_server:(5:<0.102.0>) New arrival phase 1 for client "localhost" (last ? true): will start 30 users

=INFO REPORT==== 7-Dec-2019::01:08:42 ===
    ts_config_server:(5:<0.102.0>) New arrival phase 2 for client "localhost" (last ? true): will start 60 users

=INFO REPORT==== 7-Dec-2019::01:08:42 ===
    ts_config_server:(5:<0.102.0>) New arrival phase 3 for client "localhost" (last ? true): will start 120 users

=INFO REPORT==== 7-Dec-2019::01:08:42 ===
    ts_config_server:(5:<0.102.0>) New arrival phase 4 for client "localhost" (last ? true): will start 240 users

=INFO REPORT==== 7-Dec-2019::01:08:42 ===
    ts_config_server:(5:<0.102.0>) New arrival phase 5 for client "localhost" (last ? true): will start 480 users

=INFO REPORT==== 7-Dec-2019::01:08:42 ===
    ts_config_server:(5:<0.102.0>) New arrival phase 6 for client "localhost" (last ? true): will start 960 users

=INFO REPORT==== 7-Dec-2019::01:08:42 ===
         ts_launcher:(5:<0.155.0>) Expected duration of first phase: 15.0 sec (30 users) 

=INFO REPORT==== 7-Dec-2019::01:08:42 ===
         ts_launcher:(5:<0.155.0>) Activate launcher (30 users) in 1227 msec 

=INFO REPORT==== 7-Dec-2019::01:08:53 ===
         ts_launcher:(4:<0.155.0>) Need to wait 4.342 sec before changing phase, going to sleep

=INFO REPORT==== 7-Dec-2019::01:08:58 ===
         ts_launcher:(5:<0.155.0>) Waking up

=INFO REPORT==== 7-Dec-2019::01:08:58 ===
         ts_launcher:(5:<0.155.0>) Wait for all sessions to finish before starting next phase (still 22 sessions active)
=INFO REPORT==== 7-Dec-2019::01:09:03 ===
         ts_launcher:(5:<0.155.0>) Wait for all sessions to finish before starting next phase (still 14 sessions active)
=INFO REPORT==== 7-Dec-2019::01:09:08 ===
         ts_launcher:(5:<0.155.0>) Wait for all sessions to finish before starting next phase (still 8 sessions active)
=INFO REPORT==== 7-Dec-2019::01:09:13 ===
         ts_launcher:(5:<0.155.0>) Wait for all sessions to finish before starting next phase (still 4 sessions active)
=INFO REPORT==== 7-Dec-2019::01:09:18 ===
         ts_launcher:(5:<0.155.0>) Wait for all sessions to finish before starting next phase (still 1 sessions active)
=INFO REPORT==== 7-Dec-2019::01:09:23 ===
         ts_launcher:(5:<0.155.0>) Wait for all sessions to finish before starting next phase (still 1 sessions active)
=INFO REPORT==== 7-Dec-2019::01:09:28 ===
         ts_launcher:(5:<0.155.0>) Start a new arrival phase (60 users, 0.004); expected duration=15.0 sec

=INFO REPORT==== 7-Dec-2019::01:09:42 ===
         ts_launcher:(4:<0.155.0>) Need to wait 0.5 sec before changing phase, going to sleep

=INFO REPORT==== 7-Dec-2019::01:09:43 ===
         ts_launcher:(5:<0.155.0>) Waking up

=INFO REPORT==== 7-Dec-2019::01:09:43 ===
         ts_launcher:(5:<0.155.0>) Wait for all sessions to finish before starting next phase (still 54 sessions active)
=INFO REPORT==== 7-Dec-2019::01:09:48 ===
         ts_launcher:(5:<0.155.0>) Wait for all sessions to finish before starting next phase (still 44 sessions active)
=INFO REPORT==== 7-Dec-2019::01:09:53 ===
         ts_launcher:(5:<0.155.0>) Wait for all sessions to finish before starting next phase (still 28 sessions active)
=INFO REPORT==== 7-Dec-2019::01:09:58 ===
         ts_launcher:(5:<0.155.0>) Wait for all sessions to finish before starting next phase (still 17 sessions active)
=INFO REPORT==== 7-Dec-2019::01:10:03 ===
         ts_launcher:(5:<0.155.0>) Wait for all sessions to finish before starting next phase (still 6 sessions active)
=INFO REPORT==== 7-Dec-2019::01:10:08 ===
         ts_launcher:(5:<0.155.0>) Wait for all sessions to finish before starting next phase (still 3 sessions active)
=INFO REPORT==== 7-Dec-2019::01:10:13 ===
         ts_launcher:(5:<0.155.0>) Wait for all sessions to finish before starting next phase (still 1 sessions active)
=INFO REPORT==== 7-Dec-2019::01:10:18 ===
         ts_launcher:(5:<0.155.0>) Start a new arrival phase (120 users, 0.008); expected duration=15.0 sec

=INFO REPORT==== 7-Dec-2019::01:10:33 ===
         ts_launcher:(5:<0.155.0>) Phase duration exceeded, but not all users were launched (2 users, 1.7% of phase)

=INFO REPORT==== 7-Dec-2019::01:10:33 ===
         ts_launcher:(5:<0.155.0>) Wait for all sessions to finish before starting next phase (still 106 sessions active)
=INFO REPORT==== 7-Dec-2019::01:10:38 ===
         ts_launcher:(5:<0.155.0>) Wait for all sessions to finish before starting next phase (still 85 sessions active)
=INFO REPORT==== 7-Dec-2019::01:10:43 ===
         ts_launcher:(5:<0.155.0>) Wait for all sessions to finish before starting next phase (still 50 sessions active)
=INFO REPORT==== 7-Dec-2019::01:10:48 ===
         ts_launcher:(5:<0.155.0>) Wait for all sessions to finish before starting next phase (still 26 sessions active)
=INFO REPORT==== 7-Dec-2019::01:10:53 ===
         ts_launcher:(5:<0.155.0>) Wait for all sessions to finish before starting next phase (still 7 sessions active)
=INFO REPORT==== 7-Dec-2019::01:10:58 ===
         ts_launcher:(5:<0.155.0>) Wait for all sessions to finish before starting next phase (still 1 sessions active)
=INFO REPORT==== 7-Dec-2019::01:11:03 ===
         ts_launcher:(5:<0.155.0>) Wait for all sessions to finish before starting next phase (still 1 sessions active)
=INFO REPORT==== 7-Dec-2019::01:11:08 ===
         ts_launcher:(5:<0.155.0>) Start a new arrival phase (240 users, 0.016); expected duration=15.0 sec

=INFO REPORT==== 7-Dec-2019::01:11:22 ===
         ts_launcher:(4:<0.155.0>) Need to wait 0.508 sec before changing phase, going to sleep

=INFO REPORT==== 7-Dec-2019::01:11:23 ===
         ts_launcher:(5:<0.155.0>) Waking up

=INFO REPORT==== 7-Dec-2019::01:11:23 ===
         ts_launcher:(5:<0.155.0>) Wait for all sessions to finish before starting next phase (still 214 sessions active)
=INFO REPORT==== 7-Dec-2019::01:11:28 ===
         ts_launcher:(5:<0.155.0>) Wait for all sessions to finish before starting next phase (still 161 sessions active)
=INFO REPORT==== 7-Dec-2019::01:11:33 ===
         ts_launcher:(5:<0.155.0>) Wait for all sessions to finish before starting next phase (still 98 sessions active)
=INFO REPORT==== 7-Dec-2019::01:11:38 ===
         ts_launcher:(5:<0.155.0>) Wait for all sessions to finish before starting next phase (still 45 sessions active)
=INFO REPORT==== 7-Dec-2019::01:11:43 ===
         ts_launcher:(5:<0.155.0>) Wait for all sessions to finish before starting next phase (still 21 sessions active)
=INFO REPORT==== 7-Dec-2019::01:11:48 ===
         ts_launcher:(5:<0.155.0>) Wait for all sessions to finish before starting next phase (still 7 sessions active)
=INFO REPORT==== 7-Dec-2019::01:11:53 ===
         ts_launcher:(5:<0.155.0>) Wait for all sessions to finish before starting next phase (still 1 sessions active)
=INFO REPORT==== 7-Dec-2019::01:11:58 ===
         ts_launcher:(5:<0.155.0>) Start a new arrival phase (480 users, 0.032); expected duration=15.0 sec

=INFO REPORT==== 7-Dec-2019::01:12:13 ===
         ts_launcher:(4:<0.155.0>) Need to wait 0.101 sec before changing phase, going to sleep

=INFO REPORT==== 7-Dec-2019::01:12:13 ===
         ts_launcher:(5:<0.155.0>) Waking up

=INFO REPORT==== 7-Dec-2019::01:12:13 ===
         ts_launcher:(5:<0.155.0>) Wait for all sessions to finish before starting next phase (still 424 sessions active)
=INFO REPORT==== 7-Dec-2019::01:12:18 ===
         ts_launcher:(5:<0.155.0>) Wait for all sessions to finish before starting next phase (still 336 sessions active)
=INFO REPORT==== 7-Dec-2019::01:12:23 ===
         ts_launcher:(5:<0.155.0>) Wait for all sessions to finish before starting next phase (still 204 sessions active)
=INFO REPORT==== 7-Dec-2019::01:12:28 ===
         ts_launcher:(5:<0.155.0>) Wait for all sessions to finish before starting next phase (still 106 sessions active)
=INFO REPORT==== 7-Dec-2019::01:12:33 ===
         ts_launcher:(5:<0.155.0>) Wait for all sessions to finish before starting next phase (still 46 sessions active)
=INFO REPORT==== 7-Dec-2019::01:12:38 ===
         ts_launcher:(5:<0.155.0>) Wait for all sessions to finish before starting next phase (still 15 sessions active)
=INFO REPORT==== 7-Dec-2019::01:12:43 ===
         ts_launcher:(5:<0.155.0>) Wait for all sessions to finish before starting next phase (still 7 sessions active)
=INFO REPORT==== 7-Dec-2019::01:12:48 ===
         ts_launcher:(5:<0.155.0>) Wait for all sessions to finish before starting next phase (still 2 sessions active)
=INFO REPORT==== 7-Dec-2019::01:12:53 ===
         ts_launcher:(5:<0.155.0>) Wait for all sessions to finish before starting next phase (still 1 sessions active)
=INFO REPORT==== 7-Dec-2019::01:12:58 ===
         ts_launcher:(5:<0.155.0>) Start a new arrival phase (960 users, 0.064); expected duration=15.0 sec

=INFO REPORT==== 7-Dec-2019::01:13:13 ===
         ts_launcher:(5:<0.155.0>) This was the last phase, wait for connected users to finish their session

=INFO REPORT==== 7-Dec-2019::01:13:53 ===
     ts_launcher_mgr:(5:<0.149.0>) No more active users 'tsung_controller@ip-172-31-21-46' "4392"
