# stats: dump at 1575680932
stats: users 26 26
stats: {cpu,"tsung_controller@ip-172-31-21-46"} 1 0.5668358945088797 0 0.5668358945088797 0.5668358945088797 0 0
stats: {load,"tsung_controller@ip-172-31-21-46"} 1 0.0 0 0.0 0.0 0 0
stats: {freemem,"tsung_controller@ip-172-31-21-46"} 1 775.8828125 0 775.8828125 775.8828125 0 0
stats: session 2 4770.7205 103.07150000000001 4873.792 4667.649 0 0
stats: users_count 28 28
stats: finish_users_count 2 2
stats: page 92 75.4136086956522 156.894181727821 901.022 5.649 0 0
stats: request 92 75.4136086956522 156.894181727821 901.022 5.649 0 0
stats: 302 32 32
stats: connect 25 1.4369200000000004 2.479593691232497 13.555 0.73 0 0
stats: tr_Initial_Get_Root 18 29.975833333333338 14.71756289551138 69.436 11.759 0 0
stats: 200 60 60
stats: tr_Get_Root 2 29.42 0.05200000000000227 29.472 29.368 0 0
stats: size_rcv 422807 422807
stats: tr_Redirect_Root 10 31.270400000000002 11.697198290188979 50.913 13.768 0 0
stats: size_sent 41843 41843
stats: tr_Post_New_Comment_On_Post 2 23.6535 7.7575 31.411 15.896 0 0
stats: connected 24 24
stats: tr_Get_Post 2 842.06 61.92999999999998 903.99 780.13 0 0
stats: tr_Get_Logout 1 28.015 0 28.015 28.015 0 0
stats: tr_Redirect_To_Post 1 911.022 0 911.022 911.022 0 0
stats: tr_Post_New_Post 2 112.18950000000001 89.72250000000001 201.912 22.467 0 0
stats: tr_Get_New_Post 2 29.269 7.637999999999998 36.907 21.631 0 0
stats: tr_Authenticate_User 10 2257.8808 1406.3415408952264 4733.291 544.401 0 0
stats: tr_Post_Login 1 129.722 0 129.722 129.722 0 0
stats: tr_Get_Login 1 6.57 0 6.57 6.57 0 0
stats: tr_Get_Book 3 32.40866666666667 4.60322527027397 38.867 28.471 0 0
# stats: dump at 1575680942
stats: users 16 27
stats: {cpu,"tsung_controller@ip-172-31-21-46"} 1 1.0967098703888334 0.0 1.0967098703888334 0.5668358945088797 0.5668358945088797 1
stats: {load,"tsung_controller@ip-172-31-21-46"} 1 0.0 0.0 0.0 0.0 0.0 1
stats: {freemem,"tsung_controller@ip-172-31-21-46"} 1 768.54296875 0.0 775.8828125 768.54296875 775.8828125 1
stats: {recvpackets,"tsung_controller@ip-172-31-21-46"} 1 748 0 748 748 0 0
stats: {sentpackets,"tsung_controller@ip-172-31-21-46"} 1 473 0 473 473 0 0
stats: session 12 11057.487416666665 3058.6369371893825 16148.555 4667.649 4770.7205 2
stats: users_count 2 30
stats: finish_users_count 12 14
stats: request 120 93.31432499999998 212.95441095095768 992.918 5.252 75.4136086956522 92
stats: connect 5 0.9120000000000001 0.09297526552798874 13.555 0.73 1.4369200000000004 25
stats: page 119 94.09986554621845 213.70339226423718 992.918 5.252 75.4136086956522 92
stats: tr_Initial_Get_Root 3 23.445333333333334 5.97420032770542 69.436 11.759 29.975833333333338 18
stats: 302 53 85
stats: tr_Get_Root 1 30.176 0.0 30.176 29.368 29.42 2
stats: 200 67 127
stats: tr_Redirect_Root 16 25.895812499999998 11.127022671287397 56.973 13.768 31.270400000000002 10
stats: size_rcv 1330235 1753042
stats: tr_Post_New_Comment_On_Post 4 37.523 23.065605704164806 73.238 13.507 23.6535 2
stats: size_sent 71717 113560
stats: tr_Get_Post 4 894.96875 68.23287117429183 1002.138 780.13 842.06 2
stats: connected -7 17
stats: tr_Get_Logout 2 8.5245 1.2134999999999998 28.015 7.311 28.015 1
stats: tr_Redirect_To_Post 4 864.7375 41.43559386264425 911.022 817.013 911.022 1
stats: tr_Post_New_Post 4 19.813250000000004 7.524801604527523 201.912 12.139 112.18950000000001 2
stats: tr_Get_New_Post 4 23.98825 6.7670415757183 36.907 18.927 29.269 2
stats: tr_Redirect_To_New_Post 5 27.684199999999997 1.4670791934997913 29.548 25.035 0 0
stats: tr_Post_New_Comment_On_Comment 3 21.390666666666664 6.632420690986229 30.753 16.216 0 0
stats: tr_Get_Conversations 3 16.466333333333335 8.269870467882527 28.16 10.447 0 0
stats: tr_Authenticate_User 19 4812.483684210525 2377.7173564788886 9071.367 544.401 2257.8808 10
stats: tr_Post_Login 2 115.6565 0.3465000000000025 129.722 115.31 129.722 1
stats: tr_Get_Login 2 7.0365 0.06150000000000033 7.098 6.57 6.57 1
stats: tr_Get_New_Conversation 3 163.02466666666666 38.06741257587941 200.17 110.705 0 0
stats: tr_Post_New_Conversation 2 26.201500000000003 2.476499999999999 28.678 23.725 0 0
stats: tr_Redirect_To_New_Conversation 2 22.912 1.7910000000000004 24.703 21.121 0 0
stats: tr_Redirect_To_Same_Conversation 1 22.149 0 22.149 22.149 0 0
stats: tr_Reply_To_Conversation 1 33.591 0 33.591 33.591 0 0
stats: tr_Get_Book 4 35.87175 9.306397836300574 50.343 24.415 32.40866666666667 3
stats: tr_Get_New_Book 3 14.170666666666667 7.627543524767473 24.956 8.615 0 0
stats: tr_Post_New_Book 3 9.786999999999999 0.4171434605344626 10.359 9.376 0 0
stats: tr_Redirect_To_New_Book 3 33.589666666666666 6.5946327839808925 41.99 25.881 0 0
# stats: dump at 1575680952
stats: users 5 27
stats: {cpu,"tsung_controller@ip-172-31-21-46"} 1 0.7485029940119761 0.0 1.0967098703888334 0.5668358945088797 0.8317728824488566 2
stats: {load,"tsung_controller@ip-172-31-21-46"} 1 0.0 0.0 0.0 0.0 0.0 2
stats: {freemem,"tsung_controller@ip-172-31-21-46"} 1 761.88671875 0.0 775.8828125 761.88671875 772.212890625 2
stats: {recvpackets,"tsung_controller@ip-172-31-21-46"} 1 1289.0 0.0 1289 748 748.0 1
stats: {sentpackets,"tsung_controller@ip-172-31-21-46"} 1 450.0 0.0 473 450 473.0 1
stats: session 11 18222.556727272724 3413.321397726377 25360.124 4667.649 10159.377857142856 14
stats: users_count 0 30
stats: finish_users_count 11 25
stats: request 43 175.09172093023253 331.5673938056009 1010.235 5.252 85.54608962264152 212
stats: connect 0 0 0 13.555 0.73 1.3494333333333337 30
stats: page 42 179.26390476190468 334.4266681862166 1010.235 5.252 85.95230331753554 211
stats: tr_Initial_Get_Root 0 0 0 69.436 11.759 29.042904761904765 21
stats: 302 16 101
stats: tr_Get_Root 0 0 0 30.176 29.368 29.672 3
stats: 200 27 154
stats: tr_Redirect_Root 3 15.913666666666666 1.7416555980509527 56.973 13.616 27.96296153846154 26
stats: size_rcv 725139 2478181
stats: tr_Post_New_Comment_On_Post 0 0 0 73.238 13.507 32.89983333333333 6
stats: size_sent 22587 136147
stats: tr_Get_Post 0 0 0 1002.138 780.13 877.3325 6
stats: connected -11 6
stats: tr_Get_Logout 2 9.092 1.5429999999999995 28.015 7.311 15.021333333333333 3
stats: tr_Redirect_To_Post 7 926.3438571428571 54.01421486299052 1010.36 817.013 873.9943999999999 5
stats: tr_Post_New_Post 6 26.60066666666667 17.798418138200436 201.912 11.71 50.60533333333334 6
stats: tr_Get_New_Post 6 22.4765 6.144475913371294 36.907 18.927 25.748499999999996 6
stats: tr_Redirect_To_New_Post 4 38.86925 18.693717880279994 71.185 25.035 27.684199999999997 5
stats: tr_Post_New_Comment_On_Comment 3 17.204333333333334 0.4062317346321204 30.753 16.216 21.390666666666664 3
stats: tr_Get_Conversations 0 0 0 28.16 10.447 16.466333333333335 3
stats: tr_Authenticate_User 1 15339.033 0.0 15339.033 544.401 3931.586137931033 29
stats: tr_Post_Login 1 117.154 0.0 129.722 115.31 120.34499999999998 3
stats: tr_Get_Login 1 7.345 0.0 7.345 6.57 6.881 3
stats: tr_Get_New_Conversation 0 0 0 200.17 110.705 163.02466666666666 3
stats: tr_Post_New_Conversation 1 29.093 0.0 29.093 23.725 26.201500000000003 2
stats: tr_Redirect_To_New_Conversation 0 0 0 24.703 21.121 22.912 2
stats: tr_Redirect_To_Same_Conversation 1 21.594 0.0 22.149 21.594 22.149 1
stats: tr_Reply_To_Conversation 1 34.197 0.0 34.197 33.591 33.591 1
stats: tr_Get_Book 5 29.181599999999996 5.597194568710291 50.343 24.415 34.38757142857143 7
stats: tr_Get_New_Book 0 0 0 24.956 8.615 14.170666666666667 3
stats: tr_Post_New_Book 0 0 0 10.359 9.376 9.786999999999999 3
stats: tr_Redirect_To_New_Book 0 0 0 41.99 25.881 33.589666666666666 3
# stats: dump at 1575680962
stats: users 1 27
stats: {cpu,"tsung_controller@ip-172-31-21-46"} 1 0.25012506253126565 0.0 1.0967098703888334 0.25012506253126565 0.8040162529698964 3
stats: {load,"tsung_controller@ip-172-31-21-46"} 1 0.0 0.0 0.0 0.0 0.0 3
stats: {freemem,"tsung_controller@ip-172-31-21-46"} 1 768.19140625 0.0 775.8828125 761.88671875 768.7708333333334 3
stats: {recvpackets,"tsung_controller@ip-172-31-21-46"} 1 318.0 0.0 1289 318 1018.5 2
stats: {sentpackets,"tsung_controller@ip-172-31-21-46"} 1 126.0 0.0 473 126 461.5 2
stats: session 4 23991.0225 2899.7926597743567 26980.688 4667.649 13707.176559999998 25
stats: users_count 0 30
stats: finish_users_count 4 29
stats: request 12 39.870916666666666 33.050078702524374 1010.235 5.252 100.64594117647059 255
stats: connect 0 0 0 13.555 0.73 1.3494333333333337 30
stats: page 11 43.50900000000001 35.36410668768803 1010.235 5.252 101.44276679841896 253
stats: tr_Initial_Get_Root 0 0 0 69.436 11.759 29.042904761904765 21
stats: 302 3 104
stats: tr_Get_Root 0 0 0 30.176 29.368 29.672 3
stats: 200 9 163
stats: tr_Redirect_Root 1 18.033 0.0 56.973 13.616 26.71648275862069 29
stats: size_rcv 62536 2540717
stats: tr_Post_New_Comment_On_Post 0 0 0 73.238 13.507 32.89983333333333 6
stats: size_sent 6427 142574
stats: tr_Get_Post 0 0 0 1002.138 780.13 877.3325 6
stats: connected -5 1
stats: tr_Get_Logout 0 0 0 28.015 7.311 12.649600000000001 5
stats: tr_Redirect_To_Post 0 0 0 1010.36 817.013 904.5315833333334 12
stats: tr_Post_New_Post 1 14.344 0.0 201.912 11.71 38.60300000000001 12
stats: tr_Get_New_Post 1 73.917 0.0 73.917 18.927 24.1125 12
stats: tr_Redirect_To_New_Post 3 32.20666666666666 1.1941795882064337 71.185 25.035 32.65533333333334 9
stats: tr_Post_New_Comment_On_Comment 0 0 0 30.753 16.216 19.2975 6
stats: tr_Get_Conversations 0 0 0 28.16 10.447 16.466333333333335 3
stats: tr_Authenticate_User 0 0 0 15339.033 544.401 4311.834366666665 30
stats: tr_Post_Login 1 136.839 0.0 136.839 115.31 119.54724999999999 4
stats: tr_Get_Login 1 8.247 0.0 8.247 6.57 6.997 4
stats: tr_Get_New_Conversation 0 0 0 200.17 110.705 163.02466666666666 3
stats: tr_Post_New_Conversation 0 0 0 29.093 23.725 27.165333333333336 3
stats: tr_Redirect_To_New_Conversation 1 28.917 0.0 28.917 21.121 22.912 2
stats: tr_Redirect_To_Same_Conversation 1 30.611 0.0 30.611 21.594 21.8715 2
stats: tr_Reply_To_Conversation 1 39.12 0.0 39.12 33.591 33.894000000000005 2
stats: tr_Get_Book 1 33.581 0.0 50.343 24.415 32.21841666666666 12
stats: tr_Get_New_Book 0 0 0 24.956 8.615 14.170666666666667 3
stats: tr_Post_New_Book 0 0 0 10.359 9.376 9.786999999999999 3
stats: tr_Redirect_To_New_Book 0 0 0 41.99 25.881 33.589666666666666 3
# stats: dump at 1575680972
stats: users 15 27
stats: {cpu,"tsung_controller@ip-172-31-21-46"} 1 0.0 0.0 1.0967098703888334 0.0 0.6655434553602387 4
stats: {load,"tsung_controller@ip-172-31-21-46"} 1 0.0 0.0 0.0 0.0 0.0 4
stats: {freemem,"tsung_controller@ip-172-31-21-46"} 1 769.046875 0.0 775.8828125 761.88671875 768.6259765625 4
stats: {recvpackets,"tsung_controller@ip-172-31-21-46"} 1 57.0 0.0 1289 57 785.0 3
stats: {sentpackets,"tsung_controller@ip-172-31-21-46"} 1 32.0 0.0 473 32 349.6666666666667 3
stats: session 1 31085.594 0.0 31085.594 4667.649 15125.638068965516 29
stats: users_count 15 45
stats: finish_users_count 1 30
stats: request 30 35.225966666666665 42.53082695683476 1010.235 5.252 97.91447940074907 267
stats: connect 13 5.749230769230768 11.961262630507548 42.039 0.73 1.3494333333333337 30
stats: page 30 35.225966666666665 42.53082695683476 1010.235 5.252 99.02885984848483 264
stats: tr_Initial_Get_Root 9 18.39822222222222 7.503981710143811 69.436 11.509 29.042904761904765 21
stats: 302 8 112
stats: tr_Get_Root 1 59.573 0.0 59.573 29.368 29.672 3
stats: 200 22 185
stats: tr_Redirect_Root 1 20.457 0.0 56.973 13.616 26.427033333333334 30
stats: size_rcv 60149 2600866
stats: tr_Post_New_Comment_On_Post 0 0 0 73.238 13.507 32.89983333333333 6
stats: newphase 1 1
stats: tr_Get_Post 0 0 0 1002.138 780.13 877.3325 6
stats: size_sent 11175 153749
stats: tr_Get_Logout 0 0 0 28.015 7.311 12.649600000000001 5
stats: connected 12 13
stats: tr_Redirect_To_Post 0 0 0 1010.36 817.013 904.5315833333334 12
stats: tr_Post_New_Post 0 0 0 201.912 11.71 36.736923076923084 13
stats: tr_Get_New_Post 0 0 0 73.917 18.927 27.943615384615388 13
stats: tr_Redirect_To_New_Post 1 32.617 0.0 71.185 25.035 32.54316666666667 12
stats: tr_Post_New_Comment_On_Comment 0 0 0 30.753 16.216 19.2975 6
stats: tr_Get_Conversations 0 0 0 28.16 10.447 16.466333333333335 3
stats: tr_Authenticate_User 3 1553.7686666666668 47.739403056827406 15339.033 544.401 4311.834366666665 30
stats: tr_Post_Login 0 0 0 136.839 115.31 123.0056 5
stats: tr_Get_Login 0 0 0 8.247 6.57 7.247 5
stats: tr_Get_New_Conversation 0 0 0 200.17 110.705 163.02466666666666 3
stats: tr_Post_New_Conversation 0 0 0 29.093 23.725 27.165333333333336 3
stats: tr_Redirect_To_New_Conversation 0 0 0 28.917 21.121 24.913666666666668 3
stats: tr_Redirect_To_Same_Conversation 0 0 0 30.611 21.594 24.784666666666666 3
stats: tr_Reply_To_Conversation 0 0 0 39.12 33.591 35.636 3
stats: tr_Get_Book 0 0 0 50.343 24.415 32.32323076923077 13
stats: tr_Get_New_Book 0 0 0 24.956 8.615 14.170666666666667 3
stats: tr_Post_New_Book 0 0 0 10.359 9.376 9.786999999999999 3
stats: tr_Redirect_To_New_Book 0 0 0 41.99 25.881 33.589666666666666 3
# stats: dump at 1575680982
stats: users 52 52
stats: {cpu,"tsung_controller@ip-172-31-21-46"} 1 0.29925187032418954 0.0 1.0967098703888334 0.0 0.532434764288191 5
stats: {load,"tsung_controller@ip-172-31-21-46"} 1 0.0 0.0 0.0 0.0 0.0 5
stats: {freemem,"tsung_controller@ip-172-31-21-46"} 1 771.484375 0.0 775.8828125 761.88671875 768.71015625 5
stats: {recvpackets,"tsung_controller@ip-172-31-21-46"} 1 239.0 0.0 1289 57 603.0 4
stats: {sentpackets,"tsung_controller@ip-172-31-21-46"} 1 205.0 0.0 473 32 270.25 4
stats: session 5 8634.1824 742.9255379198111 31085.594 4667.649 15657.636599999998 30
stats: users_count 42 87
stats: finish_users_count 5 35
stats: request 201 69.2916268656716 174.71163330691874 1037.124 4.904 91.5823063973064 297
stats: connect 43 1.170325581395349 1.6850054547000282 42.039 0.716 2.6796046511627902 43
stats: tr_Initial_Get_Root 29 14.047724137931038 3.2039667859201404 69.436 9.682 25.8495 30
stats: page 200 69.63868000000001 175.12155482720453 1037.124 4.904 92.51836054421767 294
stats: 302 80 192
stats: tr_Get_Root 5 14.7146 0.4490330054684179 59.573 14.305 37.14725 4
stats: 200 121 306
stats: tr_Redirect_Root 20 17.0849 4.006161291061558 56.973 13.281 26.234451612903225 31
stats: size_rcv 1114674 3715540
stats: tr_Post_New_Comment_On_Post 4 13.89875 1.4203509029461703 73.238 11.562 32.89983333333333 6
stats: newphase 0 1
stats: tr_Get_Post 4 873.9590000000001 35.002156069305194 1002.138 780.13 877.3325 6
stats: size_sent 99586 253335
stats: tr_Get_Logout 2 8.8995 0.2505000000000006 28.015 7.311 12.649600000000001 5
stats: connected 38 51
stats: tr_Redirect_To_Post 4 933.55525 78.05286337276485 1047.494 817.013 904.5315833333334 12
stats: tr_Post_New_Post 3 13.013666666666666 0.8624099308848955 201.912 11.71 36.736923076923084 13
stats: tr_Get_New_Post 3 19.435333333333332 0.8340912553325466 73.917 18.395 27.943615384615388 13
stats: tr_Redirect_To_New_Post 2 25.907 1.8290000000000006 71.185 24.078 32.548846153846156 13
stats: tr_Post_New_Comment_On_Comment 2 12.536000000000001 0.5140000000000007 30.753 12.022 19.2975 6
stats: tr_Get_Conversations 2 11.035499999999999 0.3584999999999998 28.16 10.447 16.466333333333335 3
stats: tr_Authenticate_User 28 4109.234535714286 2258.833455528088 15339.033 544.401 4061.1011212121202 33
stats: tr_Post_Login 0 0 0 136.839 115.31 123.0056 5
stats: tr_Get_Login 1 7.16 0.0 8.247 6.57 7.247 5
stats: tr_Get_New_Conversation 1 99.827 0.0 200.17 99.827 163.02466666666666 3
stats: tr_Post_New_Conversation 1 22.835 0.0 29.093 22.835 27.165333333333336 3
stats: tr_Redirect_To_New_Conversation 1 40.092 0.0 40.092 21.121 24.913666666666668 3
stats: tr_Redirect_To_Same_Conversation 1 49.949 0.0 49.949 21.594 24.784666666666666 3
stats: tr_Reply_To_Conversation 1 30.031 0.0 39.12 30.031 35.636 3
stats: tr_Get_Book 4 27.353499999999997 3.473025518190156 50.343 23.496 32.32323076923077 13
stats: tr_Get_New_Book 2 9.7965 0.016500000000000625 24.956 8.615 14.170666666666667 3
stats: tr_Post_New_Book 1 9.901 0.0 10.359 9.376 9.786999999999999 3
stats: tr_Redirect_To_New_Book 1 23.3 0.0 41.99 23.3 33.589666666666666 3
# stats: dump at 1575680992
stats: users 34 55
stats: {cpu,"tsung_controller@ip-172-31-21-46"} 1 1.880257298367145 0.0 1.880257298367145 0.0 0.49357094862752415 6
stats: {load,"tsung_controller@ip-172-31-21-46"} 1 0.0 0.0 0.0 0.0 0.0 6
stats: {freemem,"tsung_controller@ip-172-31-21-46"} 1 750.3671875 0.0 775.8828125 750.3671875 769.1725260416666 6
stats: {recvpackets,"tsung_controller@ip-172-31-21-46"} 1 1556.0 0.0 1556 57 530.2 5
stats: {sentpackets,"tsung_controller@ip-172-31-21-46"} 1 830.0 0.0 830 32 257.2 5
stats: session 21 13141.880380952387 3548.3668543206686 31085.594 4667.649 14654.285999999998 35
stats: users_count 3 90
stats: finish_users_count 21 56
stats: request 208 114.9580528846154 268.46869581491194 1070.472 4.634 82.58546586345379 498
stats: connect 4 0.8365 0.026081602711489977 42.039 0.716 1.9249651162790697 86
stats: page 207 115.5140579710145 269.01524222588523 1070.472 4.634 83.25533198380565 494
stats: tr_Initial_Get_Root 2 12.810500000000001 0.1995 69.436 9.682 20.04862711864407 59
stats: 302 87 279
stats: tr_Get_Root 1 13.848 0.0 59.573 13.848 24.68466666666667 9
stats: 200 121 427
stats: tr_Redirect_Root 33 16.016787878787877 4.896893076583297 56.973 11.021 22.64639215686275 51
stats: size_rcv 2493494 6209034
stats: tr_Post_New_Comment_On_Post 7 12.530857142857144 1.3003401124949057 73.238 10.557 25.2994 10
stats: newphase 0 1
stats: tr_Get_Post 8 919.0128749999999 101.84566379139261 1078.496 780.13 875.9831 10
stats: size_sent 123298 376633
stats: tr_Get_Logout 4 12.40925 8.780778279144737 28.015 5.576 11.578142857142856 7
stats: connected -17 34
stats: tr_Redirect_To_Post 12 945.56025 62.39741660000168 1047.494 817.013 911.7875 16
stats: tr_Post_New_Post 11 12.761272727272724 5.588947113250468 201.912 9.956 32.288812500000006 16
stats: tr_Get_New_Post 11 23.701545454545457 9.168451196294987 73.917 17.786 26.348312500000002 16
stats: tr_Redirect_To_New_Post 6 26.011166666666668 3.484507541325683 71.185 22.197 31.663266666666672 15
stats: tr_Post_New_Comment_On_Comment 6 13.178166666666664 1.3781310311029538 30.753 10.786 17.607125 8
stats: tr_Get_Conversations 2 10.057500000000001 0.06450000000000022 28.16 9.993 14.294 5
stats: tr_Authenticate_User 26 5184.448384615385 3013.958041508937 15339.033 452.61 4083.1951475409833 61
stats: tr_Post_Login 4 118.17999999999999 1.359480599346681 136.839 115.31 123.0056 5
stats: tr_Get_Login 5 6.6482 1.5053736280405607 9.635 5.552 7.232499999999999 6
stats: tr_Get_New_Conversation 3 94.55166666666666 6.288313729097459 200.17 86.204 147.22525 4
stats: tr_Post_New_Conversation 2 23.748 0.4529999999999994 29.093 22.835 26.082750000000004 4
stats: tr_Redirect_To_New_Conversation 1 21.044 0.0 40.092 21.044 28.70825 4
stats: tr_Redirect_To_Same_Conversation 1 22.12 0.0 49.949 21.594 31.07575 4
stats: tr_Reply_To_Conversation 1 46.091 0.0 46.091 30.031 34.234750000000005 4
stats: tr_Get_Book 13 28.10107692307692 5.527716686237964 50.343 22.153 31.153882352941174 17
stats: tr_Get_New_Book 9 12.870444444444443 8.182588290742881 35.368 7.768 12.421000000000001 5
stats: tr_Post_New_Book 9 11.073444444444442 8.431488429441297 34.848 7.191 9.8155 4
stats: tr_Redirect_To_New_Book 5 28.1108 5.912152345804361 41.99 22.143 31.01725 4
# stats: dump at 1575681002
stats: users 8 55
stats: {cpu,"tsung_controller@ip-172-31-21-46"} 1 1.540755467196819 0.0 1.880257298367145 0.0 0.691668998590327 7
stats: {load,"tsung_controller@ip-172-31-21-46"} 1 0.0 0.0 0.0 0.0 0.0 7
stats: {freemem,"tsung_controller@ip-172-31-21-46"} 1 741.34375 0.0 775.8828125 741.34375 766.4860491071429 7
stats: {recvpackets,"tsung_controller@ip-172-31-21-46"} 1 2005.0 0.0 2005 57 701.1666666666666 6
stats: {sentpackets,"tsung_controller@ip-172-31-21-46"} 1 757.0 0.0 830 32 352.6666666666667 6
stats: session 26 19672.720730769237 3614.4578206347524 31085.594 4667.649 14087.133892857146 56
stats: users_count 0 90
stats: finish_users_count 26 82
stats: request 79 126.39492405063285 277.336371140099 1070.472 4.634 92.1229985835694 706
stats: connect 0 0 0 42.039 0.716 1.8765888888888889 90
stats: page 77 129.68298701298696 280.2519467647663 1070.472 4.634 92.78108987161197 701
stats: tr_Initial_Get_Root 0 0 0 69.436 9.682 19.81131147540984 61
stats: 302 27 306
stats: tr_Get_Root 0 0 0 59.573 13.848 23.601000000000003 10
stats: 200 52 479
stats: tr_Redirect_Root 6 17.30216666666666 6.023512497335385 56.973 11.021 20.04190476190476 84
stats: size_rcv 1263386 7472420
stats: tr_Post_New_Comment_On_Post 2 12.836 0.7010000000000005 73.238 10.557 20.04176470588235 17
stats: newphase 0 1
stats: tr_Get_Post 1 867.837 0.0 1078.496 780.13 895.1074444444444 18
stats: size_sent 44734 421367
stats: tr_Get_Logout 0 0 0 28.015 5.576 11.880363636363636 11
stats: connected -25 9
stats: tr_Redirect_To_Post 8 902.1555 55.369352612704475 1047.494 817.013 926.2615357142857 28
stats: tr_Post_New_Post 6 12.344166666666666 1.2607963642960835 201.912 9.956 24.33314814814815 27
stats: tr_Get_New_Post 6 23.849166666666672 5.559892727282505 73.917 17.786 25.270000000000003 27
stats: tr_Redirect_To_New_Post 10 27.219099999999997 3.4630984233775397 71.185 22.197 30.048380952380956 21
stats: tr_Post_New_Comment_On_Comment 5 18.5024 6.015003461345637 30.753 10.786 15.709 14
stats: tr_Get_Conversations 3 11.964666666666666 1.555702699389857 28.16 9.993 13.08357142857143 7
stats: tr_Authenticate_User 3 10044.023 541.9536695751763 15339.033 452.61 4412.305310344828 87
stats: tr_Post_Login 2 118.3715 2.6585000000000036 136.839 115.31 120.8608888888889 9
stats: tr_Get_Login 0 0 0 9.635 5.552 6.96690909090909 11
stats: tr_Get_New_Conversation 2 136.983 51.134 200.17 85.849 124.65085714285713 7
stats: tr_Post_New_Conversation 3 40.824666666666666 24.102408376665505 74.873 22.414 25.304500000000004 6
stats: tr_Redirect_To_New_Conversation 2 21.322000000000003 0.30099999999999927 40.092 21.021 27.175400000000003 5
stats: tr_Redirect_To_Same_Conversation 2 26.6515 1.3964999999999996 49.949 21.594 29.2846 5
stats: tr_Reply_To_Conversation 2 39.418499999999995 2.4875000000000025 46.091 30.031 36.60600000000001 5
stats: tr_Get_Book 3 30.52 1.166085188426072 50.343 22.153 29.831 30
stats: tr_Get_New_Book 3 8.302 0.8524975073277337 35.368 7.25 12.709928571428572 14
stats: tr_Post_New_Book 4 9.742 1.4525438031260882 34.848 7.191 10.686384615384615 13
stats: tr_Redirect_To_New_Book 6 32.0605 3.0821117084449314 41.99 22.143 29.402555555555555 9
# stats: dump at 1575681012
stats: users 1 55
stats: {cpu,"tsung_controller@ip-172-31-21-46"} 1 0.35000000000000003 0.0 1.880257298367145 0.0 0.7978048071661386 8
stats: {load,"tsung_controller@ip-172-31-21-46"} 1 0.0 0.0 0.0 0.0 0.0 8
stats: {freemem,"tsung_controller@ip-172-31-21-46"} 1 751.90234375 0.0 775.8828125 741.34375 763.34326171875 8
stats: {recvpackets,"tsung_controller@ip-172-31-21-46"} 1 1046.0 0.0 2005 57 887.4285714285714 7
stats: {sentpackets,"tsung_controller@ip-172-31-21-46"} 1 351.0 0.0 830 32 410.42857142857144 7
stats: session 7 28030.063 3191.4449411813007 32682.968 4667.649 15858.173621951222 82
stats: users_count 0 90
stats: finish_users_count 7 89
stats: request 13 175.03084615384617 312.21234489658235 1070.472 4.634 95.57202038216559 785
stats: connect 0 0 0 42.039 0.716 1.8765888888888889 90
stats: page 11 206.88199999999998 330.18119854049286 1070.472 4.634 96.43333419023135 778
stats: tr_Initial_Get_Root 0 0 0 69.436 9.682 19.81131147540984 61
stats: 302 2 308
stats: tr_Get_Root 0 0 0 59.573 13.848 23.601000000000003 10
stats: 200 11 490
stats: tr_Redirect_Root 0 0 0 56.973 11.021 19.859255555555553 90
stats: size_rcv 327388 7799808
stats: tr_Post_New_Comment_On_Post 0 0 0 73.238 10.557 19.283263157894737 19
stats: newphase 0 1
stats: tr_Get_Post 0 0 0 1078.496 780.13 893.6721578947366 19
stats: size_sent 6401 427768
stats: tr_Get_Logout 0 0 0 28.015 5.576 11.880363636363636 11
stats: connected -8 1
stats: tr_Redirect_To_Post 2 897.1234999999999 87.1165 1047.494 810.007 920.9046388888889 36
stats: tr_Post_New_Post 0 0 0 201.912 9.956 22.15333333333334 33
stats: tr_Get_New_Post 0 0 0 73.917 17.786 25.01166666666667 33
stats: tr_Redirect_To_New_Post 2 27.5125 1.4055 71.185 22.197 29.13570967741936 31
stats: tr_Post_New_Comment_On_Comment 0 0 0 30.753 10.786 16.444105263157894 19
stats: tr_Get_Conversations 0 0 0 28.16 9.993 12.747900000000001 10
stats: tr_Authenticate_User 0 0 0 15339.033 452.61 4600.029233333334 90
stats: tr_Post_Login 0 0 0 136.839 115.31 120.40827272727273 11
stats: tr_Get_Login 0 0 0 9.635 5.552 6.96690909090909 11
stats: tr_Get_New_Conversation 1 177.355 0.0 200.17 85.849 127.39133333333332 9
stats: tr_Post_New_Conversation 0 0 0 74.873 22.414 30.477888888888895 9
stats: tr_Redirect_To_New_Conversation 2 27.6315 1.0094999999999992 40.092 21.021 25.503000000000004 7
stats: tr_Redirect_To_Same_Conversation 2 26.5805 1.1445000000000007 49.949 21.594 28.532285714285713 7
stats: tr_Reply_To_Conversation 2 42.876999999999995 0.7919999999999998 46.091 30.031 37.40957142857143 7
stats: tr_Get_Book 0 0 0 50.343 22.153 29.893636363636364 33
stats: tr_Get_New_Book 0 0 0 35.368 7.25 11.932058823529411 17
stats: tr_Post_New_Book 0 0 0 34.848 7.191 10.464176470588237 17
stats: tr_Redirect_To_New_Book 2 28.2315 5.1035 41.99 22.143 30.465733333333333 15
# stats: dump at 1575681022
stats: users 28 55
stats: {cpu,"tsung_controller@ip-172-31-21-46"} 1 0.24962556165751376 0.0 1.880257298367145 0.0 0.748048717481012 9
stats: {load,"tsung_controller@ip-172-31-21-46"} 1 0.0 0.0 0.0 0.0 0.0 9
stats: {freemem,"tsung_controller@ip-172-31-21-46"} 1 755.53125 0.0 775.8828125 741.34375 762.0720486111111 9
stats: {recvpackets,"tsung_controller@ip-172-31-21-46"} 1 64.0 0.0 2005 57 907.25 8
stats: {sentpackets,"tsung_controller@ip-172-31-21-46"} 1 57.0 0.0 830 32 403.0 8
stats: session 1 38867.869 0.0 38867.869 4667.649 16815.51323595506 89
stats: users_count 28 118
stats: finish_users_count 1 90
stats: request 50 34.33542 41.92427569134141 1070.472 4.193 96.86646240601503 798
stats: connect 27 1.3381111111111108 1.9905585728882143 42.039 0.716 1.8765888888888889 90
stats: page 49 35.038897959183686 42.75204607312458 1070.472 4.193 97.97317617237009 789
stats: tr_Initial_Get_Root 18 16.698611111111113 3.676992840456102 69.436 9.682 19.81131147540984 61
stats: 302 13 321
stats: tr_Get_Root 3 15.104666666666667 0.48923977307201283 59.573 13.848 23.601000000000003 10
stats: 200 37 527
stats: tr_Redirect_Root 1 14.333 0.0 56.973 11.021 19.859255555555553 90
stats: size_rcv 100573 7900381
stats: tr_Post_New_Comment_On_Post 0 0 0 73.238 10.557 19.283263157894737 19
stats: newphase 1 2
stats: tr_Get_Post 0 0 0 1078.496 780.13 893.6721578947366 19
stats: size_sent 16917 444685
stats: tr_Get_Logout 0 0 0 28.015 5.576 11.880363636363636 11
stats: connected 26 27
stats: tr_Redirect_To_Post 0 0 0 1047.494 810.007 919.6530000000001 38
stats: tr_Post_New_Post 0 0 0 201.912 9.956 22.15333333333334 33
stats: tr_Get_New_Post 0 0 0 73.917 17.786 25.01166666666667 33
stats: tr_Redirect_To_New_Post 0 0 0 71.185 22.197 29.037333333333336 33
stats: tr_Post_New_Comment_On_Comment 0 0 0 30.753 10.786 16.444105263157894 19
stats: tr_Get_Conversations 0 0 0 28.16 9.993 12.747900000000001 10
stats: tr_Authenticate_User 2 1779.625 662.7249999999999 15339.033 452.61 4600.029233333334 90
stats: tr_Post_Login 0 0 0 136.839 115.31 120.40827272727273 11
stats: tr_Get_Login 0 0 0 9.635 5.552 6.96690909090909 11
stats: tr_Get_New_Conversation 0 0 0 200.17 85.849 132.3877 10
stats: tr_Post_New_Conversation 1 32.863 0.0 74.873 22.414 30.477888888888895 9
stats: tr_Redirect_To_New_Conversation 1 27.17 0.0 40.092 21.021 25.976000000000003 9
stats: tr_Redirect_To_Same_Conversation 1 25.452 0.0 49.949 21.594 28.098555555555556 9
stats: tr_Reply_To_Conversation 1 56.768 0.0 56.768 30.031 38.62455555555555 9
stats: tr_Get_Book 0 0 0 50.343 22.153 29.893636363636364 33
stats: tr_Get_New_Book 0 0 0 35.368 7.25 11.932058823529411 17
stats: tr_Post_New_Book 0 0 0 34.848 7.191 10.464176470588237 17
stats: tr_Redirect_To_New_Book 0 0 0 41.99 22.143 30.202882352941174 17
# stats: dump at 1575681032
stats: users 100 101
stats: {cpu,"tsung_controller@ip-172-31-21-46"} 1 0.5480817140009965 0.0 1.880257298367145 0.0 0.6982064018986621 10
stats: {load,"tsung_controller@ip-172-31-21-46"} 1 0.0 0.0 0.0 0.0 0.0 10
stats: {freemem,"tsung_controller@ip-172-31-21-46"} 1 760.796875 0.0 775.8828125 741.34375 761.41796875 10
stats: {recvpackets,"tsung_controller@ip-172-31-21-46"} 1 394.0 0.0 2005 57 813.5555555555555 9
stats: {sentpackets,"tsung_controller@ip-172-31-21-46"} 1 334.0 0.0 830 32 364.55555555555554 9
stats: session 8 9664.746000000001 2214.4787455133205 38867.869 4667.649 17060.539411111113 90
stats: users_count 80 198
stats: finish_users_count 8 98
stats: request 378 70.63606349206353 180.98879681976396 1071.315 4.193 93.17949056603771 848
stats: page 378 70.63606349206353 180.98879681976396 1071.315 4.193 94.29324821002386 838
stats: 302 155 476
stats: connect 79 1.9822405063291133 5.4208511387732266 42.039 0.691 1.7523247863247862 117
stats: tr_Initial_Get_Root 47 14.535000000000004 5.54612356477429 69.436 9.682 19.10208860759494 79
stats: 200 223 750
stats: size_rcv 2335311 10235692
stats: newphase 0 2
stats: tr_Get_Root 7 17.121285714285712 8.935329424166035 59.573 10.174 21.640307692307694 13
stats: size_sent 193562 638247
stats: connected 73 100
stats: tr_Redirect_Root 41 16.218536585365865 4.866308307263776 56.973 11.021 19.79852747252747 91
stats: tr_Post_New_Comment_On_Post 10 11.7869 1.050618812890765 73.238 10.2 19.283263157894737 19
stats: tr_Get_Post 10 890.338 70.07128389861286 1078.496 754.583 893.6721578947366 19
stats: tr_Get_Logout 5 6.812400000000001 0.35806289950230796 28.015 5.576 11.880363636363636 11
stats: tr_Redirect_To_Post 6 943.4024999999998 93.44085131024511 1079.365 810.007 919.6530000000001 38
stats: tr_Post_New_Post 5 10.517 1.5545153585603457 201.912 8.92 22.15333333333334 33
stats: tr_Get_New_Post 6 23.3275 7.347529148178544 73.917 17.786 25.01166666666667 33
stats: tr_Redirect_To_New_Post 1 23.53 0.0 71.185 22.197 29.037333333333336 33
stats: tr_Post_New_Comment_On_Comment 5 11.9236 1.0506182180030956 30.753 10.601 16.444105263157894 19
stats: tr_Get_Conversations 3 11.698333333333332 2.0810832649261184 28.16 9.993 12.747900000000001 10
stats: tr_Authenticate_User 56 3171.425660714286 1913.4831735017601 15339.033 280.801 4538.716097826087 92
stats: tr_Post_Login 3 118.58866666666667 0.8149835717499033 136.839 115.31 120.40827272727273 11
stats: tr_Get_Login 4 6.23175 0.49373645551042716 9.635 5.391 6.96690909090909 11
stats: tr_Get_New_Conversation 3 145.55966666666666 29.72890091401893 200.17 85.849 132.3877 10
stats: tr_Post_New_Conversation 1 22.881 0.0 74.873 22.414 30.716400000000004 10
stats: tr_Redirect_To_New_Conversation 0 0 0 40.092 21.021 26.0954 10
stats: tr_Redirect_To_Same_Conversation 0 0 0 49.949 21.594 27.8339 10
stats: tr_Reply_To_Conversation 0 0 0 56.768 30.031 40.438900000000004 10
stats: tr_Get_Book 8 30.917375 7.818853047882088 50.343 22.153 29.893636363636364 33
stats: tr_Get_New_Book 4 8.125499999999999 0.8280366839699786 35.368 7.25 11.932058823529411 17
stats: tr_Post_New_Book 4 8.288499999999999 0.8438010725283539 34.848 7.191 10.464176470588237 17
stats: tr_Redirect_To_New_Book 2 37.277 11.665999999999999 48.943 22.143 30.202882352941174 17
# stats: dump at 1575681042
stats: users 61 106
stats: {cpu,"tsung_controller@ip-172-31-21-46"} 1 3.4482758620689653 0.0 3.4482758620689653 0.0 0.6845587029988743 11
stats: {load,"tsung_controller@ip-172-31-21-46"} 1 0.0 0.0 0.0 0.0 0.0 11
stats: {freemem,"tsung_controller@ip-172-31-21-46"} 1 729.93359375 0.0 775.8828125 729.93359375 761.3615056818181 11
stats: {recvpackets,"tsung_controller@ip-172-31-21-46"} 1 2982.0 0.0 2982 57 771.6 10
stats: {sentpackets,"tsung_controller@ip-172-31-21-46"} 1 1579.0 0.0 1579 32 361.5 10
stats: session 49 13561.860918367349 3469.976100297685 38867.869 4667.649 16456.80117346939 98
stats: users_count 10 208
stats: finish_users_count 49 147
stats: request 454 144.1266497797358 324.2989005150656 1234.619 4.193 86.2289070146819 1226
stats: page 450 145.408811111111 325.4682831820943 1234.619 4.193 86.93928782894739 1216
stats: 302 189 665
stats: connect 12 4.5218333333333325 9.068315608326731 42.039 0.691 1.8449948979591833 196
stats: tr_Initial_Get_Root 8 15.874875 7.655520907121539 69.436 9.682 17.398492063492068 126
stats: 200 265 1015
stats: tr_Get_Root 0 0 0 59.573 10.174 20.05865 20
stats: size_rcv 5417381 15653073
stats: tr_Redirect_Root 71 14.529999999999996 2.9730633843434857 56.973 11.021 18.686560606060606 132
stats: newphase 0 2
stats: tr_Post_New_Comment_On_Post 21 11.94157142857143 1.2210143547156886 73.238 10.1 16.698310344827586 29
stats: size_sent 265664 903911
stats: tr_Get_Post 21 1045.4734761904758 81.37218389809055 1225.837 754.583 892.522448275862 29
stats: connected -36 64
stats: tr_Get_Logout 4 7.814500000000001 2.3097170281227095 28.015 5.411 10.296625 16
stats: tr_Redirect_To_Post 31 1044.29270967742 68.7734355862426 1234.794 810.007 922.8915681818183 44
stats: tr_Post_New_Post 21 11.046523809523807 2.11000556575767 201.912 8.889 20.62223684210527 38
stats: tr_Get_New_Post 20 25.002599999999994 10.04346572354384 73.917 17.786 24.752564102564104 39
stats: tr_Redirect_To_New_Post 17 28.169882352941173 4.345672639769536 71.185 21.854 28.875352941176473 34
stats: tr_Post_New_Comment_On_Comment 15 11.785266666666667 1.4632038575977335 30.753 9.487 15.502333333333333 24
stats: tr_Get_Conversations 5 10.2068 1.5144198096961097 28.16 8.645 12.505692307692309 13
stats: tr_Authenticate_User 59 4553.103440677966 3210.9284264126823 15339.033 280.801 4021.3629594594604 148
stats: tr_Post_Login 4 122.592 2.3138412866918983 136.839 115.31 120.01835714285714 14
stats: tr_Get_Login 4 6.822000000000001 1.8661655875082472 9.91 4.978 6.770866666666666 15
stats: tr_Get_New_Conversation 4 122.688 45.02564369334435 200.17 85.849 135.42738461538463 13
stats: tr_Post_New_Conversation 4 20.7175 1.1739585810410857 74.873 18.904 30.004090909090916 11
stats: tr_Redirect_To_New_Conversation 4 21.06575 7.388268348368242 40.092 15.559 26.0954 10
stats: tr_Redirect_To_Same_Conversation 4 22.845 7.557918463439522 49.949 17.929 27.8339 10
stats: tr_Reply_To_Conversation 4 28.16375 2.602024248061497 56.768 25.036 40.438900000000004 10
stats: tr_Get_Book 24 25.917833333333334 6.218607525447765 50.343 19.541 30.093390243902437 41
stats: tr_Get_New_Book 17 12.269999999999998 8.344377888910664 38.796 6.132 11.206999999999999 21
stats: tr_Post_New_Book 14 13.017357142857142 12.014811547223955 49.357 7.09 10.049761904761905 21
stats: tr_Redirect_To_New_Book 11 23.71372727272727 3.6413514996223113 48.943 20.185 30.94752631578947 19
# stats: dump at 1575681052
stats: users 12 106
stats: {cpu,"tsung_controller@ip-172-31-21-46"} 1 4.879250862493839 0.0 4.879250862493839 0.0 0.9148684662547152 12
stats: {load,"tsung_controller@ip-172-31-21-46"} 1 0.0703125 0.0 0.0703125 0.0 0.0 12
stats: {freemem,"tsung_controller@ip-172-31-21-46"} 1 712.765625 0.0 775.8828125 712.765625 758.7425130208334 12
stats: {recvpackets,"tsung_controller@ip-172-31-21-46"} 1 4902.0 0.0 4902 57 972.5454545454545 11
stats: {sentpackets,"tsung_controller@ip-172-31-21-46"} 1 1835.0 0.0 1835 32 472.1818181818182 11
stats: session 49 18033.165714285704 4506.3583424847275 38867.869 4667.649 15491.821088435376 147
stats: users_count 0 208
stats: finish_users_count 49 196
stats: page 142 236.04523943661982 399.9111050739096 1234.619 4.193 102.73237635054019 1666
stats: request 146 229.57442465753442 396.2238567395967 1234.619 4.193 101.87508273809527 1680
stats: connect 0 0 0 42.039 0.691 1.9994278846153841 208
stats: 302 50 715
stats: tr_Initial_Get_Root 0 0 0 69.436 9.682 17.30752985074627 134
stats: 200 96 1111
stats: tr_Get_Root 0 0 0 59.573 10.174 20.05865 20
stats: size_rcv 3141679 18794752
stats: tr_Redirect_Root 5 15.759800000000002 3.2340848102670403 56.973 11.021 17.232788177339902 203
stats: newphase 0 2
stats: tr_Post_New_Comment_On_Post 3 12.052333333333332 0.4547118745853131 73.238 10.1 14.70048 50
stats: size_sent 79877 983788
stats: tr_Get_Post 3 1017.8299999999999 20.76801985425338 1225.837 754.583 956.7618799999998 50
stats: connected -51 13
stats: tr_Get_Logout 3 7.391666666666666 0.8014330220853694 28.015 5.411 9.8002 20
stats: tr_Redirect_To_Post 28 989.675142857143 90.61055087520526 1234.794 810.007 973.0707066666671 75
stats: tr_Post_New_Post 11 11.311181818181817 1.734588545300471 201.912 8.889 17.213932203389835 59
stats: tr_Get_New_Post 11 26.701545454545457 11.234530943508997 73.917 17.786 24.837322033898307 59
stats: tr_Redirect_To_New_Post 15 25.37486666666667 3.5928838160390804 71.185 21.854 28.640196078431373 51
stats: tr_Post_New_Comment_On_Comment 14 13.088357142857143 1.8654053028437412 30.753 9.487 14.072692307692309 39
stats: tr_Get_Conversations 2 8.962 1.093 28.16 7.869 11.867111111111111 18
stats: tr_Authenticate_User 1 11577.781 0.0 15339.033 280.801 4172.921840579711 207
stats: tr_Post_Login 4 119.4955 1.19827740945075 136.839 115.31 120.59027777777777 18
stats: tr_Get_Login 4 6.51675 0.3035204894236962 9.91 4.978 6.781631578947368 19
stats: tr_Get_New_Conversation 3 129.948 38.68782865450063 200.17 85.849 132.42988235294118 17
stats: tr_Post_New_Conversation 5 21.231199999999998 0.9982048687518997 74.873 18.904 27.527666666666672 15
stats: tr_Redirect_To_New_Conversation 4 23.561999999999998 6.7839429169178596 40.092 15.559 24.65835714285714 14
stats: tr_Redirect_To_Same_Conversation 4 22.969499999999996 1.7158925519973565 49.949 17.929 26.4085 14
stats: tr_Reply_To_Conversation 4 32.050749999999994 0.9506146366956472 56.768 25.036 36.931714285714285 14
stats: tr_Get_Book 6 27.522500000000004 6.505174421181958 50.343 19.541 28.551646153846153 65
stats: tr_Get_New_Book 2 8.605 0.7839999999999994 38.796 6.132 11.682552631578947 38
stats: tr_Post_New_Book 5 9.2364 1.6553265055571365 49.357 7.09 11.2368 35
stats: tr_Redirect_To_New_Book 9 26.794111111111107 4.129945666697875 48.943 20.185 28.29513333333333 30
# stats: dump at 1575681062
stats: users 1 106
stats: {cpu,"tsung_controller@ip-172-31-21-46"} 1 1.3937282229965158 0.0 4.879250862493839 0.0 1.2198209582731094 13
stats: {load,"tsung_controller@ip-172-31-21-46"} 1 0.05859375 0.0 0.0703125 0.0 0.005408653846153846 13
stats: {freemem,"tsung_controller@ip-172-31-21-46"} 1 729.52734375 0.0 775.8828125 712.765625 755.2058293269231 13
stats: {recvpackets,"tsung_controller@ip-172-31-21-46"} 1 1894.0 0.0 4902 57 1.3e3 12
stats: {sentpackets,"tsung_controller@ip-172-31-21-46"} 1 643.0 0.0 1835 32 585.75 12
stats: session 11 25368.06890909091 2231.566694360446 38867.869 4667.649 16127.157244897959 196
stats: users_count 0 208
stats: finish_users_count 11 207
stats: request 21 266.68 380.48139221567845 1234.619 4.193 112.08543537787517 1826
stats: connect 0 0 0 42.039 0.691 1.9994278846153841 208
stats: page 20 280.02035000000006 385.17487154918024 1234.619 4.193 113.20274502212388 1808
stats: tr_Initial_Get_Root 0 0 0 69.436 9.682 17.30752985074627 134
stats: 302 5 720
stats: tr_Get_Root 0 0 0 59.573 10.174 20.05865 20
stats: 200 16 1127
stats: tr_Redirect_Root 0 0 0 56.973 11.021 17.197379807692307 208
stats: size_rcv 432840 19227592
stats: tr_Post_New_Comment_On_Post 1 15.451 0.0 73.238 10.1 14.550584905660378 53
stats: newphase 0 2
stats: tr_Get_Post 1 728.879 0.0 1225.837 728.879 960.2185660377356 53
stats: size_sent 10815 994603
stats: tr_Get_Logout 0 0 0 28.015 5.411 9.486043478260871 23
stats: connected -12 1
stats: tr_Redirect_To_Post 5 888.8388000000001 105.11101248756003 1234.794 760.724 977.5845339805827 103
stats: tr_Post_New_Post 1 12.193 0.0 201.912 8.889 16.286357142857145 70
stats: tr_Get_New_Post 1 21.462 0.0 73.917 17.786 25.13027142857143 70
stats: tr_Redirect_To_New_Post 5 26.309800000000003 3.817482594590316 71.185 21.854 27.89807575757576 66
stats: tr_Post_New_Comment_On_Comment 1 14.936 0.0 30.753 9.487 13.812679245283018 53
stats: tr_Get_Conversations 0 0 0 28.16 7.869 11.576600000000001 20
stats: tr_Authenticate_User 0 0 0 15339.033 280.801 4208.522125000001 208
stats: tr_Post_Login 1 118.714 0.0 136.839 115.31 120.39122727272728 22
stats: tr_Get_Login 0 0 0 9.91 4.978 6.735565217391304 23
stats: tr_Get_New_Conversation 0 0 0 200.17 85.849 132.0576 20
stats: tr_Post_New_Conversation 0 0 0 74.873 18.904 25.95355 20
stats: tr_Redirect_To_New_Conversation 2 22.700499999999998 1.7365000000000022 40.092 15.559 24.41472222222222 18
stats: tr_Redirect_To_Same_Conversation 1 20.984 0.0 49.949 17.929 25.644277777777777 18
stats: tr_Reply_To_Conversation 1 44.073 0.0 56.768 25.036 35.847055555555556 18
stats: tr_Get_Book 0 0 0 50.343 19.541 28.46467605633803 71
stats: tr_Get_New_Book 0 0 0 38.796 6.132 11.528674999999998 40
stats: tr_Post_New_Book 0 0 0 49.357 7.09 10.98675 40
stats: tr_Redirect_To_New_Book 1 21.843 0.0 48.943 20.185 27.948743589743582 39
# stats: dump at 1575681072
stats: users 51 106
stats: {cpu,"tsung_controller@ip-172-31-21-46"} 1 0.24987506246876562 0.0 4.879250862493839 0.0 1.2322429057533528 14
stats: {load,"tsung_controller@ip-172-31-21-46"} 1 0.05078125 0.0 0.0703125 0.0 0.009207589285714286 14
stats: {freemem,"tsung_controller@ip-172-31-21-46"} 1 742.00390625 0.0 775.8828125 712.765625 753.3716517857143 14
stats: {recvpackets,"tsung_controller@ip-172-31-21-46"} 1 245.0 0.0 4902 57 1345.6923076923076 13
stats: {sentpackets,"tsung_controller@ip-172-31-21-46"} 1 65.0 0.0 1835 32 590.1538461538462 13
stats: session 1 38521.193 0.0 38867.869 4667.649 16618.22018357488 207
stats: users_count 51 259
stats: finish_users_count 1 208
stats: request 84 34.452821428571426 89.60473224457999 1234.619 4.193 113.8431429344884 1847
stats: page 83 34.86983132530121 90.20018526292239 1234.619 4.193 115.02788293216629 1828
stats: connect 48 2.07475 4.074138249883853 42.039 0.691 1.9994278846153841 208
stats: tr_Initial_Get_Root 25 14.88104 3.981112512652714 69.436 9.682 17.30752985074627 134
stats: 302 16 736
stats: tr_Get_Root 8 18.01475 8.271555699353055 59.573 10.174 20.05865 20
stats: 200 68 1195
stats: tr_Redirect_Root 2 15.1135 0.07850000000000001 56.973 11.021 17.197379807692307 208
stats: size_rcv 236202 19463794
stats: tr_Post_New_Comment_On_Post 1 13.739 0.0 73.238 10.1 14.567259259259261 54
stats: newphase 1 3
stats: tr_Get_Post 1 790.124 0.0 1225.837 728.879 955.9344999999998 54
stats: size_sent 26127 1020730
stats: tr_Get_Logout 0 0 0 28.015 5.411 9.486043478260871 23
stats: connected 47 48
stats: tr_Redirect_To_Post 0 0 0 1234.794 760.724 973.4759351851854 108
stats: tr_Post_New_Post 0 0 0 201.912 8.889 16.228704225352114 71
stats: tr_Get_New_Post 0 0 0 73.917 17.786 25.07860563380282 71
stats: tr_Redirect_To_New_Post 0 0 0 71.185 21.854 27.786225352112677 71
stats: tr_Post_New_Comment_On_Comment 0 0 0 30.753 9.487 13.833481481481483 54
stats: tr_Get_Conversations 0 0 0 28.16 7.869 11.576600000000001 20
stats: tr_Authenticate_User 4 1459.01925 421.2096347208685 15339.033 280.801 4208.522125000001 208
stats: tr_Post_Login 0 0 0 136.839 115.31 120.31830434782609 23
stats: tr_Get_Login 0 0 0 9.91 4.978 6.735565217391304 23
stats: tr_Get_New_Conversation 0 0 0 200.17 85.849 132.0576 20
stats: tr_Post_New_Conversation 0 0 0 74.873 18.904 25.95355 20
stats: tr_Redirect_To_New_Conversation 0 0 0 40.092 15.559 24.243299999999998 20
stats: tr_Redirect_To_Same_Conversation 1 27.27 0.0 49.949 17.929 25.398999999999997 19
stats: tr_Reply_To_Conversation 1 37.873 0.0 56.768 25.036 36.28 19
stats: tr_Get_Book 0 0 0 50.343 19.541 28.46467605633803 71
stats: tr_Get_New_Book 0 0 0 38.796 6.132 11.528674999999998 40
stats: tr_Post_New_Book 0 0 0 49.357 7.09 10.98675 40
stats: tr_Redirect_To_New_Book 0 0 0 48.943 20.185 27.796099999999996 40
# stats: dump at 1575681082
stats: users 210 210
stats: {cpu,"tsung_controller@ip-172-31-21-46"} 1 1.5392254220456802 0.0 4.879250862493839 0.0 1.1667517162010472 15
stats: {load,"tsung_controller@ip-172-31-21-46"} 1 0.0390625 0.0 0.0703125 0.0 0.011979166666666667 15
stats: {freemem,"tsung_controller@ip-172-31-21-46"} 1 743.22265625 0.0 775.8828125 712.765625 752.6138020833333 15
stats: {recvpackets,"tsung_controller@ip-172-31-21-46"} 1 817.0 0.0 4902 57 1267.0714285714287 14
stats: {sentpackets,"tsung_controller@ip-172-31-21-46"} 1 641.0 0.0 1835 32 552.6428571428571 14
stats: session 19 8922.583210526313 2364.7362590184757 38867.869 4667.649 16723.522937499998 208
stats: users_count 178 437
stats: finish_users_count 19 227
stats: tr_Initial_Get_Root 109 15.829110091743122 8.43241112290417 69.436 9.388 16.926006289308177 159
stats: request 922 68.89791973969645 189.27182810485573 1390.118 3.894 110.38960227861216 1931
stats: connect 178 3.1311741573033696 6.808384765959884 42.039 0.574 2.0135507812499998 256
stats: page 920 69.0479467391306 189.45589214684495 1390.118 3.894 111.54639769754054 1911
stats: 302 378 1114
stats: tr_Get_Root 22 16.71563636363637 11.99347503491891 61.393 10.174 19.47467857142857 28
stats: 200 544 1739
stats: tr_Redirect_Root 117 16.760153846153845 13.285299478474 133.831 10.751 17.177533333333333 210
stats: size_rcv 5250909 24714703
stats: tr_Post_New_Comment_On_Post 20 12.801049999999995 7.199567011112545 73.238 9.581 14.552200000000001 55
stats: newphase 0 3
stats: tr_Get_Post 20 1042.5288 169.1370392928763 1398.735 728.879 952.9197636363635 55
stats: size_sent 478758 1499488
stats: tr_Get_Logout 6 7.087833333333332 1.3084203474249225 28.015 5.339 9.486043478260871 23
stats: connected 160 208
stats: tr_Redirect_To_Post 13 986.0006153846153 103.63343180990498 1234.794 760.724 973.4759351851854 108
stats: tr_Post_New_Post 10 10.368199999999998 0.6885299993464331 201.912 8.889 16.228704225352114 71
stats: tr_Get_New_Post 10 27.185399999999998 15.0593946837182 73.917 17.786 25.07860563380282 71
stats: tr_Redirect_To_New_Post 4 28.2965 5.773571230183275 71.185 21.854 27.786225352112677 71
stats: tr_Post_New_Comment_On_Comment 9 19.048111111111112 12.121930855037945 49.076 9.487 13.833481481481483 54
stats: tr_Get_Conversations 9 8.919222222222222 2.23714280961616 28.16 7.235 11.576600000000001 20
stats: tr_Authenticate_User 145 3053.6521517241395 2124.420708624763 15339.033 265.812 4156.644712264153 212
stats: tr_Post_Login 2 122.4045 0.10150000000000148 136.839 115.31 120.31830434782609 23
stats: tr_Get_Login 5 6.5722 0.7909435883803599 9.91 4.978 6.735565217391304 23
stats: tr_Get_New_Conversation 7 113.99514285714285 13.693292815186894 200.17 85.849 132.0576 20
stats: tr_Post_New_Conversation 6 33.67250000000001 13.937465680077327 74.873 18.103 25.95355 20
stats: tr_Redirect_To_New_Conversation 4 19.64625 5.226387776227478 40.092 14.662 24.243299999999998 20
stats: tr_Redirect_To_Same_Conversation 2 18.162999999999997 0.1670000000000007 49.949 17.929 25.492549999999998 20
stats: tr_Reply_To_Conversation 2 27.973 3.163999999999999 56.768 24.809 36.35965 20
stats: tr_Get_Book 19 24.211789473684213 5.112070036779799 50.343 19.541 28.46467605633803 71
stats: tr_Get_New_Book 20 8.1996 2.8935163279304303 38.796 6.124 11.528674999999998 40
stats: tr_Post_New_Book 15 8.7688 2.067919057087745 49.357 6.647 10.98675 40
stats: tr_Redirect_To_New_Book 7 27.96957142857143 10.657383327428692 50.963 20.185 27.796099999999996 40
# stats: dump at 1575681092
stats: users 111 218
stats: {cpu,"tsung_controller@ip-172-31-21-46"} 1 9.956076134699854 0.0 9.956076134699854 0.0 1.1900313228163366 16
stats: {load,"tsung_controller@ip-172-31-21-46"} 1 0.0390625 0.0 0.0703125 0.0 0.013671875 16
stats: {freemem,"tsung_controller@ip-172-31-21-46"} 1 670.640625 0.0 775.8828125 670.640625 752.02685546875 16
stats: {recvpackets,"tsung_controller@ip-172-31-21-46"} 1 6770.0 0.0 6770 57 1237.0666666666666 15
stats: {sentpackets,"tsung_controller@ip-172-31-21-46"} 1 3653.0 0.0 3653 32 558.5333333333333 15
stats: session 110 13508.051427272727 3207.0856506228674 38867.869 4667.649 16070.580845814975 227
stats: users_count 11 448
stats: finish_users_count 110 337
stats: tr_Initial_Get_Root 6 16.505166666666664 8.590486975266433 69.436 9.388 16.479880597014926 268
stats: request 840 173.97887738095235 390.3498543488756 1479.273 3.894 96.98079355064851 2853
stats: connect 14 1.1839285714285719 0.9538490045438994 42.039 0.574 2.4719308755760365 434
stats: page 829 176.29027864897466 392.43226919959613 1479.273 3.894 97.73552702225366 2831
stats: 302 339 1453
stats: tr_Get_Root 2 14.3115 0.13250000000000028 61.393 10.174 18.2607 50
stats: 200 501 2240
stats: tr_Redirect_Root 109 15.270623853211003 4.83031466444953 133.831 10.751 17.028195718654434 327
stats: size_rcv 13128707 37843410
stats: tr_Post_New_Comment_On_Post 37 13.17959459459459 4.649478938893478 73.238 9.157 14.085226666666667 75
stats: newphase 0 3
stats: tr_Get_Post 37 1204.1391351351347 111.31362769734848 1459.252 728.879 976.8155066666667 75
stats: size_sent 487683 1987171
stats: tr_Get_Logout 9 7.1576666666666675 0.6835202996254024 28.015 5.339 8.989862068965518 29
stats: connected -95 113
stats: tr_Redirect_To_Post 65 1231.0678461538464 105.39413134591955 1488.797 760.724 974.8215619834713 121
stats: tr_Post_New_Post 47 13.089297872340422 8.28187172008042 201.912 8.277 15.505185185185185 81
stats: tr_Get_New_Post 47 24.16542553191489 6.79418287712796 73.917 17.786 25.338703703703704 81
stats: tr_Redirect_To_New_Post 37 32.256891891891875 17.88550273082249 134.686 20.264 27.813440000000003 75
stats: tr_Post_New_Comment_On_Comment 29 16.194586206896556 9.33057323706446 49.076 9.487 14.578428571428573 63
stats: tr_Get_Conversations 21 10.616904761904763 5.4274187226461255 29.227 7.235 10.751896551724139 29
stats: tr_Authenticate_User 89 4890.54240449438 2420.1942418923604 15339.033 265.812 3708.6505350140073 357
stats: tr_Post_Login 9 123.02444444444444 2.2523920179376242 136.839 115.31 120.4852 25
stats: tr_Get_Login 9 6.43888888888889 0.6878556767947509 9.91 4.978 6.706392857142857 28
stats: tr_Get_New_Conversation 19 145.1487368421053 40.65112177107217 214.764 85.849 127.37474074074073 27
stats: tr_Post_New_Conversation 16 26.946812500000004 13.744575194502875 75.191 18.103 27.734846153846153 26
stats: tr_Redirect_To_New_Conversation 12 21.45975 6.66834254925215 42.729 14.662 23.477125 24
stats: tr_Redirect_To_Same_Conversation 11 21.16590909090909 5.572153826346039 49.949 17.018 24.82622727272727 22
stats: tr_Reply_To_Conversation 11 28.77581818181818 1.0215299415521815 56.768 24.809 35.597227272727274 22
stats: tr_Get_Book 46 23.811347826086948 5.1373187568469785 50.343 19.334 27.566844444444445 90
stats: tr_Get_New_Book 24 7.359958333333335 0.7894117788563978 38.796 5.637 10.418983333333331 60
stats: tr_Post_New_Book 27 9.007518518518518 3.892972627605631 49.357 6.647 10.381854545454546 55
stats: tr_Redirect_To_New_Book 24 23.452583333333326 4.364430164376814 50.963 19.992 27.821936170212762 47
# stats: dump at 1575681102
stats: users 26 218
stats: {cpu,"tsung_controller@ip-172-31-21-46"} 1 9.126594700686947 0.0 9.956076134699854 0.0 1.7056810176330142 17
stats: {load,"tsung_controller@ip-172-31-21-46"} 1 0.03125 0.0 0.0703125 0.0 0.015165441176470588 17
stats: {freemem,"tsung_controller@ip-172-31-21-46"} 1 640.04296875 0.0 775.8828125 640.04296875 747.2394301470588 17
stats: {recvpackets,"tsung_controller@ip-172-31-21-46"} 1 10517.0 0.0 10517 57 1582.875 16
stats: {sentpackets,"tsung_controller@ip-172-31-21-46"} 1 3495.0 0.0 3653 32 751.9375 16
stats: session 85 19109.186705882355 4152.551279370808 38867.869 4667.649 15234.146910979227 337
stats: users_count 0 448
stats: finish_users_count 85 422
stats: connect 0 0 0 42.039 0.574 2.431680803571428 448
stats: page 260 271.0876192307695 454.4036053328046 1479.273 3.894 115.52839289617489 3660
stats: request 272 259.12151838235303 447.68459188180094 1479.273 3.894 114.49457378824809 3693
stats: tr_Initial_Get_Root 0 0 0 69.436 9.388 16.480434306569343 274
stats: 302 92 1545
stats: tr_Get_Root 0 0 0 61.393 10.174 18.108807692307693 52
stats: 200 180 2420
stats: tr_Redirect_Root 12 14.180166666666665 1.1468264060247106 133.831 10.751 16.588802752293578 436
stats: size_rcv 5941814 43785224
stats: tr_Post_New_Comment_On_Post 10 12.014000000000001 1.037302945141871 73.238 9.157 13.78604464285714 112
stats: newphase 0 3
stats: tr_Get_Post 10 1119.1210999999998 125.749956910092 1459.252 728.879 1051.9134910714286 112
stats: size_sent 149037 2136208
stats: tr_Get_Logout 1 6.92 0.0 28.015 5.339 8.555921052631579 38
stats: connected -87 26
stats: tr_Redirect_To_Post 49 1103.6249999999998 128.1502497068123 1488.797 760.724 1064.369994623656 186
stats: tr_Post_New_Post 20 12.241150000000003 3.4029671505173256 201.912 8.277 14.6181015625 128
stats: tr_Get_New_Post 20 26.968849999999996 13.400367484793096 78.676 17.786 24.907890625 128
stats: tr_Redirect_To_New_Post 28 27.995678571428574 4.47792890626245 134.686 20.264 29.28136607142857 112
stats: tr_Post_New_Comment_On_Comment 27 12.940740740740738 4.567030525590289 49.076 9.487 15.087869565217394 92
stats: tr_Get_Conversations 2 8.896 0.13000000000000034 29.227 7.235 10.6952 50
stats: tr_Authenticate_User 2 7571.6095000000005 3477.6695000000004 15339.033 265.812 3944.498912556055 446
stats: tr_Post_Login 4 119.69874999999999 2.139916514142546 136.839 115.31 121.15735294117648 34
stats: tr_Get_Login 2 6.2545 0.7164999999999999 9.91 4.978 6.641324324324325 37
stats: tr_Get_New_Conversation 5 150.3336 45.001989718678 218.638 85.849 134.71617391304352 46
stats: tr_Post_New_Conversation 9 25.54122222222222 7.449691504094166 75.191 18.103 27.434642857142858 42
stats: tr_Redirect_To_New_Conversation 10 20.1947 5.828993018523869 42.729 14.662 22.80466666666667 36
stats: tr_Redirect_To_Same_Conversation 12 20.43725 4.025817124613752 49.949 17.018 23.60612121212121 33
stats: tr_Reply_To_Conversation 12 29.99008333333333 2.8557303928047717 56.768 24.809 33.323424242424245 33
stats: tr_Get_Book 12 24.860166666666668 4.53803642987679 50.343 19.334 26.29660294117647 136
stats: tr_Get_New_Book 3 13.842999999999998 9.25814326237538 38.796 5.637 9.54497619047619 84
stats: tr_Post_New_Book 5 9.128200000000001 1.4920588996416997 49.357 6.647 9.929329268292683 82
stats: tr_Redirect_To_New_Book 14 28.14442857142857 10.759210318302612 55.119 19.992 26.344971830985912 71
# stats: dump at 1575681112
stats: users 1 218
stats: {cpu,"tsung_controller@ip-172-31-21-46"} 1 3.7091988130563793 0.0 9.956076134699854 0.0 2.1179540000248998 18
stats: {load,"tsung_controller@ip-172-31-21-46"} 1 0.01953125 0.0 0.0703125 0.0 0.016059027777777776 18
stats: {freemem,"tsung_controller@ip-172-31-21-46"} 1 676.546875 0.0 775.8828125 640.04296875 741.2840711805555 18
stats: {recvpackets,"tsung_controller@ip-172-31-21-46"} 1 4060.0 0.0 10517 57 2108.4117647058824 17
stats: {sentpackets,"tsung_controller@ip-172-31-21-46"} 1 1422.0 0.0 3653 32 913.2941176470588 17
stats: session 25 26526.29644 3631.9269820882355 38867.869 4667.649 16014.664405213269 422
stats: users_count 0 448
stats: finish_users_count 25 447
stats: request 44 197.73168181818184 351.4831808613952 1479.273 3.894 124.41601866330396 3965
stats: connect 0 0 0 42.039 0.574 2.431680803571428 448
stats: 302 12 1557
stats: page 37 235.17459459459462 372.0478666536584 1479.273 3.894 125.84609668367352 3920
stats: tr_Initial_Get_Root 0 0 0 69.436 9.388 16.480434306569343 274
stats: 200 32 2452
stats: tr_Get_Root 0 0 0 61.393 10.174 18.108807692307693 52
stats: size_rcv 774950 44560174
stats: tr_Redirect_Root 0 0 0 133.831 10.751 16.524285714285714 448
stats: newphase 0 3
stats: tr_Post_New_Comment_On_Post 0 0 0 73.238 9.157 13.640795081967212 122
stats: size_sent 24449 2160657
stats: tr_Get_Post 0 0 0 1459.252 728.879 1057.4223114754097 122
stats: connected -25 1
stats: tr_Get_Logout 0 0 0 28.015 5.339 8.513974358974359 39
stats: tr_Redirect_To_Post 8 938.6368750000001 76.49747542801249 1488.797 760.724 1072.5550808510638 235
stats: tr_Post_New_Post 0 0 0 201.912 8.277 14.296891891891892 148
stats: tr_Get_New_Post 0 0 0 78.676 17.786 25.186398648648648 148
stats: tr_Redirect_To_New_Post 8 24.990625 2.469181794517163 134.686 20.264 29.02422857142857 140
stats: tr_Post_New_Comment_On_Comment 3 14.073333333333332 1.247098053705303 49.076 9.487 14.600705882352942 119
stats: tr_Get_Conversations 0 0 0 29.227 7.235 10.626000000000001 52
stats: tr_Authenticate_User 0 0 0 15339.033 265.812 3960.6913705357156 448
stats: tr_Post_Login 1 116.488 0.0 136.839 115.31 121.00381578947369 38
stats: tr_Get_Login 0 0 0 9.91 4.978 6.62148717948718 39
stats: tr_Get_New_Conversation 1 203.762 0.0 218.638 85.849 136.2472941176471 51
stats: tr_Post_New_Conversation 1 29.658 0.0 75.191 18.103 27.10050980392157 51
stats: tr_Redirect_To_New_Conversation 6 21.491333333333333 1.8371008561196505 42.729 14.662 22.237282608695654 46
stats: tr_Redirect_To_Same_Conversation 7 23.234714285714286 2.665307900427571 49.949 17.018 22.76108888888889 45
stats: tr_Reply_To_Conversation 7 35.852428571428575 4.567332852744051 56.768 24.809 32.434533333333334 45
stats: tr_Get_Book 0 0 0 50.343 19.334 26.180135135135135 148
stats: tr_Get_New_Book 0 0 0 38.796 5.637 9.693183908045976 87
stats: tr_Post_New_Book 0 0 0 49.357 6.647 9.883287356321839 87
stats: tr_Redirect_To_New_Book 2 36.5165 9.5475 55.119 19.992 26.641352941176468 85
# stats: dump at 1575681122
stats: users 133 218
stats: {cpu,"tsung_controller@ip-172-31-21-46"} 1 0.35000000000000003 0.0 9.956076134699854 0.0 2.2017037270265565 19
stats: {load,"tsung_controller@ip-172-31-21-46"} 1 0.01953125 0.0 0.0703125 0.0 0.016241776315789474 19
stats: {freemem,"tsung_controller@ip-172-31-21-46"} 1 705.5625 0.0 775.8828125 640.04296875 737.8768503289474 19
stats: {recvpackets,"tsung_controller@ip-172-31-21-46"} 1 636.0 0.0 10517 57 2216.8333333333335 18
stats: {sentpackets,"tsung_controller@ip-172-31-21-46"} 1 238.0 0.0 3653 32 941.5555555555555 18
stats: session 1 43603.544 0.0 43603.544 4667.649 16602.563288590605 447
stats: users_count 133 581
stats: finish_users_count 1 448
stats: connect 127 23.25993700787402 58.063590010517075 268.448 0.574 2.431680803571428 448
stats: request 230 46.296965217391325 99.01555314805942 1479.273 3.894 125.22068046894493 4009
stats: tr_Initial_Get_Root 78 37.38282051282052 58.36096347220188 281.486 9.388 16.480434306569343 274
stats: page 230 46.296965217391325 99.01555314805942 1479.273 3.894 126.86837477887293 3957
stats: 302 47 1604
stats: tr_Get_Root 9 52.359111111111105 78.49920969799552 270.015 10.174 18.108807692307693 52
stats: 200 183 2635
stats: tr_Redirect_Root 9 15.72822222222222 4.510635845243447 133.831 10.751 16.524285714285714 448
stats: size_rcv 618743 45178917
stats: tr_Post_New_Comment_On_Post 1 10.471 0.0 73.238 9.157 13.640795081967212 122
stats: newphase 1 4
stats: tr_Get_Post 1 855.46 0.0 1459.252 728.879 1057.4223114754097 122
stats: size_sent 74875 2235532
stats: tr_Get_Logout 0 0 0 28.015 5.339 8.513974358974359 39
stats: connected 126 127
stats: tr_Redirect_To_Post 1 976.621 0.0 1488.797 760.724 1068.1462510288068 243
stats: tr_Post_New_Post 0 0 0 201.912 8.277 14.296891891891892 148
stats: tr_Get_New_Post 0 0 0 78.676 17.786 25.186398648648648 148
stats: tr_Redirect_To_New_Post 0 0 0 134.686 20.264 28.806195945945944 148
stats: tr_Post_New_Comment_On_Comment 0 0 0 49.076 9.487 14.587737704918034 122
stats: tr_Get_Conversations 0 0 0 29.227 7.235 10.626000000000001 52
stats: tr_Authenticate_User 15 1646.7847333333334 705.650562746507 15339.033 265.812 3960.6913705357156 448
stats: tr_Post_Login 0 0 0 136.839 115.31 120.88802564102566 39
stats: tr_Get_Login 0 0 0 9.91 4.978 6.62148717948718 39
stats: tr_Get_New_Conversation 0 0 0 218.638 85.849 137.54565384615387 52
stats: tr_Post_New_Conversation 0 0 0 75.191 18.103 27.14969230769231 52
stats: tr_Redirect_To_New_Conversation 0 0 0 42.729 14.662 22.15121153846154 52
stats: tr_Redirect_To_Same_Conversation 0 0 0 49.949 17.018 22.824846153846156 52
stats: tr_Reply_To_Conversation 0 0 0 56.768 24.809 32.89463461538462 52
stats: tr_Get_Book 0 0 0 50.343 19.334 26.180135135135135 148
stats: tr_Get_New_Book 0 0 0 38.796 5.637 9.693183908045976 87
stats: tr_Post_New_Book 0 0 0 49.357 6.647 9.883287356321839 87
stats: tr_Redirect_To_New_Book 0 0 0 55.119 19.992 26.86836781609195 87
# stats: dump at 1575681132
stats: users 407 407
stats: {cpu,"tsung_controller@ip-172-31-21-46"} 1 3.3382425135002456 0.0 9.956076134699854 0.0 2.1091185406752286 20
stats: {load,"tsung_controller@ip-172-31-21-46"} 1 0.01953125 0.0 0.0703125 0.0 0.01640625 20
stats: {freemem,"tsung_controller@ip-172-31-21-46"} 1 707.87109375 0.0 775.8828125 640.04296875 736.2611328125 20
stats: {recvpackets,"tsung_controller@ip-172-31-21-46"} 1 1928.0 0.0 10517 57 2133.6315789473683 19
stats: {sentpackets,"tsung_controller@ip-172-31-21-46"} 1 1484.0 0.0 3653 32 904.5263157894736 19
stats: session 34 9677.269617647056 2055.7109488259202 43603.544 4667.649 16662.83333482143 448
stats: users_count 308 889
stats: finish_users_count 34 482
stats: connect 314 24.54045859872613 60.98759419583675 276.969 0.574 7.0320086956521735 575
stats: request 1644 94.21243004866163 257.5631305457151 1572.481 3.663 120.93843123378161 4239
stats: tr_Initial_Get_Root 192 32.75511458333334 53.81428952209739 287.754 9.388 21.11221306818182 352
stats: page 1642 94.32731790499373 257.70133174610766 1572.481 3.663 122.44243157391934 4187
stats: 302 666 2270
stats: tr_Get_Root 36 46.326694444444456 74.17684535989332 278.132 9.706 23.162131147540983 61
stats: 200 978 3613
stats: tr_Redirect_Root 199 15.673899497487437 12.461292834835694 133.831 10.751 16.508608315098467 457
stats: size_rcv 10864428 56043345
stats: tr_Post_New_Comment_On_Post 42 12.207404761904765 4.43489131804089 73.238 8.955 13.615024390243901 123
stats: newphase 0 4
stats: tr_Get_Post 42 1204.287714285714 169.2310267619929 1497.798 728.879 1055.7803414634145 123
stats: size_sent 850519 3086051
stats: tr_Get_Logout 8 10.88775 10.280414154473545 37.957 5.339 8.513974358974359 39
stats: connected 280 407
stats: tr_Redirect_To_Post 33 1296.1815757575757 144.2530475678344 1572.553 760.724 1067.7711475409837 244
stats: tr_Post_New_Post 27 12.407111111111112 7.7052665362764525 201.912 8.277 14.296891891891892 148
stats: tr_Get_New_Post 27 33.66807407407408 23.982734789729733 142.11 17.786 25.186398648648648 148
stats: tr_Redirect_To_New_Post 18 31.489555555555555 6.410191089387985 134.686 20.264 28.806195945945944 148
stats: tr_Post_New_Comment_On_Comment 15 13.460066666666668 6.7444706089919 49.076 9.487 14.587737704918034 122
stats: tr_Get_Conversations 13 8.597923076923077 1.0020307427756177 29.227 7.211 10.626000000000001 52
stats: tr_Authenticate_User 249 3345.9069799196773 2016.6800485374017 15339.033 265.812 3885.7267926565887 463
stats: tr_Post_Login 1 130.335 0.0 136.839 115.31 120.88802564102566 39
stats: tr_Get_Login 5 7.711 2.614543554810285 12.461 4.978 6.62148717948718 39
stats: tr_Get_New_Conversation 11 166.4 48.07914297753805 253.489 85.849 137.54565384615387 52
stats: tr_Post_New_Conversation 7 22.62442857142857 4.414083527500936 75.191 18.103 27.14969230769231 52
stats: tr_Redirect_To_New_Conversation 2 16.195999999999998 0.44900000000000073 42.729 14.662 22.15121153846154 52
stats: tr_Redirect_To_Same_Conversation 2 18.2955 0.9924999999999997 49.949 17.018 22.824846153846156 52
stats: tr_Reply_To_Conversation 2 28.253500000000003 1.105500000000002 56.768 24.809 32.89463461538462 52
stats: tr_Get_Book 44 23.357522727272734 5.003630061758964 50.343 19.334 26.180135135135135 148
stats: tr_Get_New_Book 29 7.908655172413793 1.2805364790576579 38.796 5.637 9.693183908045976 87
stats: tr_Post_New_Book 17 9.913411764705883 8.275232302115707 49.357 6.425 9.883287356321839 87
stats: tr_Redirect_To_New_Book 7 23.63 3.7052842189037465 55.119 19.992 26.86836781609195 87
# stats: dump at 1575681142
stats: users 228 427
stats: {cpu,"tsung_controller@ip-172-31-21-46"} 1 16.755706653715396 0.0 16.755706653715396 0.0 2.167648253666896 21
stats: {load,"tsung_controller@ip-172-31-21-46"} 1 0.08984375 0.0 0.08984375 0.0 0.016555059523809524 21
stats: {freemem,"tsung_controller@ip-172-31-21-46"} 1 561.01171875 0.0 775.8828125 561.01171875 734.9092261904761 21
stats: {recvpackets,"tsung_controller@ip-172-31-21-46"} 1 13190.0 0.0 13190 57 2123.35 20
stats: {sentpackets,"tsung_controller@ip-172-31-21-46"} 1 6890.0 0.0 6890 32 933.5 20
stats: session 218 13886.887816513758 3634.6943846333147 43603.544 4667.649 16170.075728215768 482
stats: users_count 39 928
stats: finish_users_count 218 700
stats: connect 39 1.6001794871794877 2.1014710826880525 276.969 0.574 13.216095613048374 889
stats: tr_Initial_Get_Root 22 12.984636363636366 4.185892242732556 287.754 9.388 25.22147242647059 544
stats: request 1716 188.33829079254082 453.07486618797185 1878.682 3.663 113.46986996430392 5883
stats: page 1700 190.11230705882346 454.8430261147165 1878.682 3.663 114.52254537656543 5829
stats: 302 722 2992
stats: tr_Get_Root 4 12.01375 1.1859258777427868 278.132 9.706 31.759288659793818 97
stats: 200 994 4607
stats: tr_Redirect_Root 237 15.914147679324891 6.41684994483101 133.831 10.751 16.255396341463413 656
stats: size_rcv 24363970 80407315
stats: tr_Post_New_Comment_On_Post 72 13.662638888888887 14.333921412650593 129.397 8.955 13.256721212121212 165
stats: newphase 0 4
stats: tr_Get_Post 72 1472.0931249999985 138.96390766369856 1890.949 728.879 1093.5822181818182 165
stats: size_sent 1005659 4091710
stats: tr_Get_Logout 28 8.270785714285717 2.9597961724843596 37.957 5.339 8.918021276595745 47
stats: connected -178 229
stats: tr_Redirect_To_Post 114 1490.7854736842098 136.77396022149233 1801.972 760.724 1094.982498194946 277
stats: tr_Post_New_Post 89 12.864044943820225 13.432532951053055 201.912 7.881 14.005325714285716 175
stats: tr_Get_New_Post 89 31.045528089887636 19.775066813103155 171.554 17.786 26.495 175
stats: tr_Redirect_To_New_Post 78 31.458935897435886 7.573278855561571 134.686 20.264 29.09716265060241 166
stats: tr_Post_New_Comment_On_Comment 63 12.228809523809526 3.5650463113140702 49.076 9.474 14.464270072992703 137
stats: tr_Get_Conversations 29 8.869103448275867 1.4998378842240339 29.227 7.182 10.220384615384615 65
stats: tr_Authenticate_User 201 4868.457766169153 2736.794072484802 15339.033 265.812 3696.9414929775285 712
stats: tr_Post_Login 27 126.05762962962963 4.327308171481892 144.471 115.31 121.12420000000002 40
stats: tr_Get_Login 27 6.988518518518517 1.9193114384604733 15.643 4.978 6.745295454545455 44
stats: tr_Get_New_Conversation 27 184.29029629629628 48.52443564944773 272.573 85.849 142.5837142857143 63
stats: tr_Post_New_Conversation 26 22.164076923076927 4.721800389381127 75.191 18.103 26.612796610169497 59
stats: tr_Redirect_To_New_Conversation 19 20.282157894736844 4.2882561326580975 42.729 14.662 21.93064814814815 54
stats: tr_Redirect_To_Same_Conversation 16 19.82 1.4902521598709388 49.949 16.687 22.65709259259259 54
stats: tr_Reply_To_Conversation 16 28.9906875 2.5218570716525046 56.768 24.738 32.72274074074075 54
stats: tr_Get_Book 89 27.329707865168533 17.163681916357373 137.729 19.315 25.533286458333333 192
stats: tr_Get_New_Book 46 7.904108695652174 1.420643137092445 38.796 5.637 9.24705172413793 116
stats: tr_Post_New_Book 51 7.953117647058822 1.1208909034922707 49.357 5.989 9.888211538461539 104
stats: tr_Redirect_To_New_Book 48 24.123208333333324 6.138376648044979 63.635 19.52 26.62721276595744 94
# stats: dump at 1575681152
stats: users 61 427
stats: {cpu,"tsung_controller@ip-172-31-21-46"} 1 18.62506094588006 0.0 18.62506094588006 0.0 2.8307418173054644 22
stats: {load,"tsung_controller@ip-172-31-21-46"} 1 0.0703125 0.0 0.08984375 0.0 0.019886363636363636 22
stats: {freemem,"tsung_controller@ip-172-31-21-46"} 1 505.1328125 0.0 775.8828125 505.1328125 727.0047940340909 22
stats: {recvpackets,"tsung_controller@ip-172-31-21-46"} 1 19842.0 0.0 19842 57 2650.3333333333335 21
stats: {sentpackets,"tsung_controller@ip-172-31-21-46"} 1 7002.0 0.0 7002 32 1217.142857142857 21
stats: session 167 18785.484443113775 4139.054139617322 43603.544 4667.649 15459.02577857143 700
stats: users_count 0 928
stats: finish_users_count 167 867
stats: request 577 333.7269878682842 579.3911991645509 1878.682 3.663 130.37659586787737 7599
stats: connect 0 0 0 276.969 0.574 12.727926724137934 928
stats: tr_Initial_Get_Root 0 0 0 287.754 9.388 24.74583568904594 566
stats: page 557 345.7147971274685 586.219524062191 1878.682 3.663 131.5902296453712 7529
stats: 302 207 3199
stats: tr_Get_Root 0 0 0 278.132 9.706 30.977287128712874 101
stats: 200 370 4977
stats: tr_Redirect_Root 33 15.444878787878784 2.8159640445962966 133.831 10.751 16.16482978723404 893
stats: size_rcv 13066983 93474298
stats: tr_Post_New_Comment_On_Post 23 13.769521739130433 5.6416563391904155 129.397 8.955 13.380037974683544 237
stats: newphase 0 4
stats: tr_Get_Post 23 1406.976913043478 175.9830298495735 1890.949 728.879 1208.5728734177212 237
stats: size_sent 319485 4411195
stats: tr_Get_Logout 8 7.710750000000001 0.7725871714570465 37.957 5.339 8.676386666666668 75
stats: connected -167 62
stats: tr_Redirect_To_Post 106 1408.462943396227 156.9226841677517 1801.972 760.724 1210.3828542199485 391
stats: tr_Post_New_Post 35 11.821199999999997 4.29256457343892 201.912 7.881 13.62057575757576 264
stats: tr_Get_New_Post 35 31.106399999999997 10.236056378452453 171.554 17.786 28.029079545454543 264
stats: tr_Redirect_To_New_Post 41 33.288121951219516 11.125360657777154 134.686 20.264 29.852155737704916 244
stats: tr_Post_New_Comment_On_Comment 53 11.533905660377359 2.628608831174097 49.076 9.173 13.760100000000001 200
stats: tr_Get_Conversations 7 8.930571428571428 1.1081427006022098 29.227 7.182 9.803500000000003 94
stats: tr_Authenticate_User 15 11336.457533333334 2582.071819091092 15339.033 265.812 3954.8547141292447 913
stats: tr_Post_Login 13 121.91246153846154 2.1795129524871313 144.471 115.31 123.11229850746271 67
stats: tr_Get_Login 10 10.3509 6.350221278821707 25.445 4.978 6.837788732394365 71
stats: tr_Get_New_Conversation 10 188.9717 58.35753496344752 279.284 85.849 155.0956888888889 90
stats: tr_Post_New_Conversation 15 21.9388 3.008861538854854 75.191 18.103 25.252011764705884 85
stats: tr_Redirect_To_New_Conversation 20 19.824300000000004 3.70036645617701 42.729 14.662 21.501589041095894 73
stats: tr_Redirect_To_Same_Conversation 20 23.0054 7.392714328310002 49.949 16.687 22.008614285714287 70
stats: tr_Reply_To_Conversation 20 30.452200000000005 5.271250455062821 56.768 24.565 31.869700000000005 70
stats: tr_Get_Book 19 25.283736842105263 7.1118733474166484 137.729 19.315 26.102259786476864 281
stats: tr_Get_New_Book 18 8.143722222222225 1.0695135345647966 38.796 5.637 8.865722222222221 162
stats: tr_Post_New_Book 23 8.596478260869562 1.689788637916518 49.357 5.989 9.25150322580645 155
stats: tr_Redirect_To_New_Book 28 24.899321428571433 4.8843266830427785 63.635 19.089 25.780788732394363 142
# stats: dump at 1575681162
stats: users 7 427
stats: {cpu,"tsung_controller@ip-172-31-21-46"} 1 7.24494825036964 0.0 18.62506094588006 0.0 3.5174513446347944 23
stats: {load,"tsung_controller@ip-172-31-21-46"} 1 0.05859375 0.0 0.08984375 0.0 0.022078804347826088 23
stats: {freemem,"tsung_controller@ip-172-31-21-46"} 1 603.625 0.0 775.8828125 505.1328125 717.3581861413044 23
stats: {recvpackets,"tsung_controller@ip-172-31-21-46"} 1 9448.0 0.0 19842 57 3431.7727272727275 22
stats: {sentpackets,"tsung_controller@ip-172-31-21-46"} 1 2893.0 0.0 7002 32 1480.090909090909 22
stats: session 54 26308.635425925924 3354.530618566743 43603.544 4667.649 16099.762337946944 867
stats: users_count 0 928
stats: finish_users_count 54 921
stats: request 101 281.6914455445547 459.26504156658604 1878.682 3.663 144.7275225048924 8176
stats: connect 0 0 0 276.969 0.574 12.727926724137934 928
stats: tr_Initial_Get_Root 0 0 0 287.754 9.388 24.74583568904594 566
stats: page 92 309.264402173913 472.3941902842431 1878.682 3.663 146.34009163987133 8086
stats: 302 28 3227
stats: tr_Get_Root 0 0 0 278.132 9.706 30.977287128712874 101
stats: 200 73 5050
stats: tr_Redirect_Root 2 16.636 1.0849999999999995 133.831 10.751 16.139172786177102 926
stats: size_rcv 2150098 95624396
stats: tr_Post_New_Comment_On_Post 1 10.458 0.0 129.397 8.955 13.414492307692308 260
stats: newphase 0 4
stats: tr_Get_Post 1 901.02 0.0 1890.949 728.879 1226.1239999999998 260
stats: size_sent 53819 4465014
stats: tr_Get_Logout 1 8.398 0.0 37.957 5.339 8.583313253012049 83
stats: connected -54 8
stats: tr_Redirect_To_Post 23 1105.3773043478263 135.54950043031292 1801.972 760.724 1252.6293118712272 497
stats: tr_Post_New_Post 3 11.544666666666666 0.6578076382111175 201.912 7.881 13.409946488294315 299
stats: tr_Get_New_Post 3 40.666 15.361390453558123 171.554 17.786 28.38930100334448 299
stats: tr_Redirect_To_New_Post 14 26.148642857142864 2.4796635027226364 134.686 20.264 30.346452631578945 285
stats: tr_Post_New_Comment_On_Comment 7 14.340857142857145 5.991027205712878 49.076 9.173 13.293743083003955 253
stats: tr_Get_Conversations 0 0 0 29.227 7.182 9.743000000000004 101
stats: tr_Authenticate_User 0 0 0 15339.033 265.812 4074.1694148706897 928
stats: tr_Post_Login 4 118.051 1.1456258115109006 144.471 115.31 122.91732500000003 80
stats: tr_Get_Login 3 6.670333333333333 0.380205499989443 25.445 4.978 7.271506172839506 81
stats: tr_Get_New_Conversation 1 133.453 0.0 279.284 85.849 158.48329 100
stats: tr_Post_New_Conversation 1 20.872 0.0 75.191 18.103 24.75503 100
stats: tr_Redirect_To_New_Conversation 6 19.558333333333334 1.7163744411468678 42.729 14.662 21.140881720430112 93
stats: tr_Redirect_To_Same_Conversation 9 21.81233333333333 5.326720796554336 49.949 16.687 22.230122222222224 90
stats: tr_Reply_To_Conversation 9 30.273555555555554 1.4140850289624742 56.768 24.565 31.554700000000008 90
stats: tr_Get_Book 2 27.1425 3.7024999999999997 137.729 19.315 26.050419999999995 300
stats: tr_Get_New_Book 0 0 0 38.796 5.637 8.79352222222222 180
stats: tr_Post_New_Book 2 8.0385 0.9734999999999998 49.357 5.989 9.166865168539323 178
stats: tr_Redirect_To_New_Book 9 24.965666666666664 2.0267393079086964 63.635 19.089 25.63560588235294 170
# stats: dump at 1575681172
stats: users 1 427
stats: {cpu,"tsung_controller@ip-172-31-21-46"} 1 1.0468594217347957 0.0 18.62506094588006 0.0 3.6727637157070796 24
stats: {load,"tsung_controller@ip-172-31-21-46"} 1 0.05078125 0.0 0.08984375 0.0 0.023600260416666668 24
stats: {freemem,"tsung_controller@ip-172-31-21-46"} 1 672.828125 0.0 775.8828125 505.1328125 712.6193033854166 24
stats: {recvpackets,"tsung_controller@ip-172-31-21-46"} 1 1069.0 0.0 19842 57 3693.3478260869565 23
stats: {sentpackets,"tsung_controller@ip-172-31-21-46"} 1 371.0 0.0 7002 32 1541.5217391304348 23
stats: session 6 35891.41133333333 3649.9790197905095 43603.544 4667.649 16698.32818675353 921
stats: users_count 0 928
stats: finish_users_count 6 927
stats: request 10 213.248 365.84132723190254 1878.682 3.663 146.39882324513715 8277
stats: connect 0 0 0 276.969 0.574 12.727926724137934 928
stats: page 9 236.95733333333328 378.71993059721 1878.682 3.663 148.17294032770843 8178
stats: tr_Initial_Get_Root 0 0 0 287.754 9.388 24.74583568904594 566
stats: 302 2 3229
stats: tr_Get_Root 0 0 0 278.132 9.706 30.977287128712874 101
stats: 200 8 5058
stats: tr_Redirect_Root 0 0 0 133.831 10.751 16.140243534482757 928
stats: size_rcv 153878 95778274
stats: tr_Post_New_Comment_On_Post 0 0 0 129.397 8.955 13.403164750957854 261
stats: newphase 0 4
stats: tr_Get_Post 0 0 0 1890.949 728.879 1224.8783908045975 261
stats: size_sent 5032 4470046
stats: tr_Get_Logout 0 0 0 37.957 5.339 8.581107142857144 84
stats: connected -7 1
stats: tr_Redirect_To_Post 2 944.6524999999999 3.4484999999999957 1801.972 760.724 1246.1162423076921 520
stats: tr_Post_New_Post 0 0 0 201.912 7.881 13.391417218543047 302
stats: tr_Get_New_Post 0 0 0 171.554 17.786 28.511254966887414 302
stats: tr_Redirect_To_New_Post 3 27.858999999999998 1.1996699546125171 134.686 20.264 30.14989966555184 299
stats: tr_Post_New_Comment_On_Comment 1 16.701 0.0 49.076 9.173 13.321934615384617 260
stats: tr_Get_Conversations 0 0 0 29.227 7.182 9.743000000000004 101
stats: tr_Authenticate_User 0 0 0 15339.033 265.812 4074.1694148706897 928
stats: tr_Post_Login 0 0 0 144.471 115.31 122.68559523809526 84
stats: tr_Get_Login 0 0 0 25.445 4.978 7.250035714285714 84
stats: tr_Get_New_Conversation 0 0 0 279.284 85.849 158.23546534653465 101
stats: tr_Post_New_Conversation 0 0 0 75.191 18.103 24.71658415841584 101
stats: tr_Redirect_To_New_Conversation 1 24.144 0.0 42.729 14.662 21.044969696969705 99
stats: tr_Redirect_To_Same_Conversation 1 23.272 0.0 49.949 16.687 22.192141414141417 99
stats: tr_Reply_To_Conversation 1 65.496 0.0 65.496 24.565 31.43823232323233 99
stats: tr_Get_Book 0 0 0 137.729 19.315 26.057652317880788 302
stats: tr_Get_New_Book 0 0 0 38.796 5.637 8.79352222222222 180
stats: tr_Post_New_Book 0 0 0 49.357 5.989 9.154327777777773 180
stats: tr_Redirect_To_New_Book 1 31.434 0.0 63.635 19.089 25.601921787709497 179
# stats: dump at 1575681182
stats: users 236 427
stats: {cpu,"tsung_controller@ip-172-31-21-46"} 1 0.14985014985014986 0.0 18.62506094588006 0.0 3.5677275439481884 25
stats: {load,"tsung_controller@ip-172-31-21-46"} 1 0.0390625 0.0 0.08984375 0.0 0.0246875 25
stats: {freemem,"tsung_controller@ip-172-31-21-46"} 1 687.37890625 0.0 775.8828125 505.1328125 711.02765625 25
stats: {recvpackets,"tsung_controller@ip-172-31-21-46"} 1 82.0 0.0 19842 57 3584.0 24
stats: {sentpackets,"tsung_controller@ip-172-31-21-46"} 1 43.0 0.0 7002 32 1492.75 24
stats: session 1 45517.46 0.0 45517.46 4667.649 16822.555262135924 927
stats: users_count 236 1164
stats: finish_users_count 1 928
stats: request 369 37.89492953929538 55.122666566131294 1878.682 3.663 146.47949076867386 8287
stats: page 368 37.99824999999999 55.23946246877929 1878.682 3.663 148.27054134603634 8187
stats: connect 200 17.21723499999999 50.82757464093457 276.969 0.477 12.727926724137934 928
stats: tr_Initial_Get_Root 131 31.4740610687023 51.135118239824685 287.754 9.388 24.74583568904594 566
stats: 302 75 3304
stats: tr_Get_Root 20 34.069750000000006 63.27052766168068 282.22 9.706 30.977287128712874 101
stats: 200 294 5352
stats: tr_Redirect_Root 5 16.900399999999998 3.5865293864682055 133.831 10.751 16.140243534482757 928
stats: size_rcv 783797 96562071
stats: tr_Post_New_Comment_On_Post 0 0 0 129.397 8.955 13.403164750957854 261
stats: newphase 1 5
stats: tr_Get_Post 0 0 0 1890.949 728.879 1224.8783908045975 261
stats: size_sent 117114 4587160
stats: tr_Get_Logout 0 0 0 37.957 5.339 8.581107142857144 84
stats: connected 199 200
stats: tr_Redirect_To_Post 0 0 0 1801.972 760.724 1244.9612088122603 522
stats: tr_Post_New_Post 0 0 0 201.912 7.881 13.391417218543047 302
stats: tr_Get_New_Post 0 0 0 171.554 17.786 28.511254966887414 302
stats: tr_Redirect_To_New_Post 0 0 0 134.686 20.264 30.12714238410596 302
stats: tr_Post_New_Comment_On_Comment 0 0 0 49.076 9.173 13.334881226053641 261
stats: tr_Get_Conversations 0 0 0 29.227 7.182 9.743000000000004 101
stats: tr_Authenticate_User 17 1271.1762352941175 618.8476586842705 15339.033 265.812 4074.1694148706897 928
stats: tr_Post_Login 0 0 0 144.471 115.31 122.68559523809526 84
stats: tr_Get_Login 0 0 0 25.445 4.978 7.250035714285714 84
stats: tr_Get_New_Conversation 0 0 0 279.284 85.849 158.23546534653465 101
stats: tr_Post_New_Conversation 0 0 0 75.191 18.103 24.71658415841584 101
stats: tr_Redirect_To_New_Conversation 1 25.04 0.0 42.729 14.662 21.075960000000006 100
stats: tr_Redirect_To_Same_Conversation 1 39.766 0.0 49.949 16.687 22.20294 100
stats: tr_Reply_To_Conversation 1 39.666 0.0 65.496 24.565 31.778810000000007 100
stats: tr_Get_Book 0 0 0 137.729 19.315 26.057652317880788 302
stats: tr_Get_New_Book 0 0 0 38.796 5.637 8.79352222222222 180
stats: tr_Post_New_Book 0 0 0 49.357 5.989 9.154327777777773 180
stats: tr_Redirect_To_New_Book 0 0 0 63.635 19.089 25.63432222222222 180
# stats: dump at 1575681192
stats: users 850 851
stats: {cpu,"tsung_controller@ip-172-31-21-46"} 1 4.186952288218111 0.0 18.62506094588006 0.0 3.4362707210982637 26
stats: {load,"tsung_controller@ip-172-31-21-46"} 1 0.0390625 0.0 0.08984375 0.0 0.025240384615384616 26
stats: {freemem,"tsung_controller@ip-172-31-21-46"} 1 677.8203125 0.0 775.8828125 505.1328125 710.1180889423077 26
stats: {recvpackets,"tsung_controller@ip-172-31-21-46"} 1 3099.0 0.0 19842 57 3443.92 25
stats: {sentpackets,"tsung_controller@ip-172-31-21-46"} 1 2603.0 0.0 7002 32 1434.76 25
stats: session 56 9704.946357142859 2089.240455581615 45517.46 4147.551 16853.476495689658 928
stats: users_count 670 1834
stats: finish_users_count 56 984
stats: request 3179 82.07170776973878 255.69474363085212 2289.906 3.663 141.8505971580407 8656
stats: connect 670 20.77058656716419 52.13853758565601 278.787 0.444 13.523903368794327 1128
stats: tr_Initial_Get_Root 407 34.15878378378382 55.943571767764965 298.669 9.354 26.010394548063132 697
stats: page 3178 82.09757363121489 255.73150935211476 2289.906 3.663 143.52709269433075 8555
stats: 302 1314 4618
stats: tr_Get_Root 69 44.89926086956522 62.12996437451354 282.22 9.193 31.488438016528928 121
stats: 200 1866 7218
stats: tr_Redirect_Root 380 16.26558157894738 10.885798619310709 140.534 10.751 16.144317256162914 933
stats: size_rcv 16282228 112844299
stats: tr_Post_New_Comment_On_Post 67 12.70635820895522 4.528882382319106 129.397 8.955 13.403164750957854 261
stats: newphase 0 5
stats: tr_Get_Post 68 1519.8210147058821 302.87040821939866 2092.996 728.879 1224.8783908045975 261
stats: size_sent 1647577 6234737
stats: tr_Get_Logout 27 7.469555555555558 1.0611011168813804 37.957 5.339 8.581107142857144 84
stats: connected 622 822
stats: tr_Redirect_To_Post 20 1624.4515999999999 286.0963491256747 2305.963 760.724 1244.9612088122603 522
stats: tr_Post_New_Post 54 13.124814814814815 16.518537602380608 201.912 7.881 13.391417218543047 302
stats: tr_Get_New_Post 54 33.65694444444444 23.589693160060445 171.554 17.786 28.511254966887414 302
stats: tr_Redirect_To_New_Post 21 34.311000000000014 8.80691071180549 134.686 20.264 30.12714238410596 302
stats: tr_Post_New_Comment_On_Comment 12 12.031083333333333 1.6519191091138683 49.076 8.642 13.334881226053641 261
stats: tr_Get_Conversations 21 17.150619047619045 33.48416845739859 166.643 7.182 9.743000000000004 101
stats: tr_Authenticate_User 502 3317.8651294820675 1975.1369954970357 15339.033 258.475 4023.745198941799 945
stats: tr_Post_Login 10 127.56689999999999 3.9506790669453227 144.471 115.31 122.68559523809526 84
stats: tr_Get_Login 17 16.051941176470592 28.529428600844035 126.186 4.978 7.250035714285714 84
stats: tr_Get_New_Conversation 11 207.5040909090909 59.8825438283593 324.377 85.849 158.23546534653465 101
stats: tr_Post_New_Conversation 10 23.2562 5.2094932344710845 75.191 18.103 24.71658415841584 101
stats: tr_Redirect_To_New_Conversation 4 18.594 0.9717718353605442 42.729 14.662 21.115207920792084 101
stats: tr_Redirect_To_Same_Conversation 1 19.179 0.0 49.949 16.687 22.37683168316832 101
stats: tr_Reply_To_Conversation 1 29.485 0.0 65.496 24.565 31.856900990099017 101
stats: tr_Get_Book 90 32.52024444444445 29.61662160916141 154.41 19.315 26.057652317880788 302
stats: tr_Get_New_Book 52 8.979519230769235 4.27080679412065 38.796 5.637 8.79352222222222 180
stats: tr_Post_New_Book 41 8.419756097560976 3.2345513186830916 49.357 5.989 9.154327777777773 180
stats: tr_Redirect_To_New_Book 13 35.98476923076923 33.386184176539594 149.853 19.089 25.63432222222222 180
# stats: dump at 1575681202
stats: users 553 882
stats: {cpu,"tsung_controller@ip-172-31-21-46"} 1 29.431438127090303 0.0 29.431438127090303 0.0 3.4640737421027024 27
stats: {load,"tsung_controller@ip-172-31-21-46"} 1 0.109375 0.0 0.109375 0.0 0.025752314814814815 27
stats: {freemem,"tsung_controller@ip-172-31-21-46"} 1 391.06640625 0.0 775.8828125 391.06640625 708.921875 27
stats: {recvpackets,"tsung_controller@ip-172-31-21-46"} 1 24899.0 0.0 24899 57 3430.653846153846 26
stats: {sentpackets,"tsung_controller@ip-172-31-21-46"} 1 13505.0 0.0 13505 32 1479.6923076923076 26
stats: session 351 13655.612527065528 3711.3848250508604 45517.46 4147.551 16446.649577235774 984
stats: users_count 54 1888
stats: finish_users_count 351 1335
stats: tr_Initial_Get_Root 62 55.485951612903214 253.02189798095492 2017.834 9.354 29.014375000000015 1104
stats: tr_Get_Root 7 15.408 6.681784235623639 282.22 9.193 36.35868421052631 190
stats: tr_Redirect_Root 515 29.577421359223298 24.55916907039572 337.022 10.751 16.179412795125668 1313
stats: request 3380 299.5460405325446 845.2887405769575 4453.019 3.663 125.7933863962822 11835
stats: connect 90 23.660388888888882 210.01222737221195 2004.879 0.444 16.22428031145718 1798
stats: page 3353 301.9593086787954 848.2859370482778 4453.019 3.663 126.88829515043044 11733
stats: 302 1394 6012
stats: tr_Post_New_Comment_On_Post 140 30.36177142857143 39.174109657189014 336.459 8.955 13.260829268292682 328
stats: tr_Get_Post 139 2875.8513812949645 633.7166596255082 4352.953 728.879 1285.8391762917931 329
stats: tr_Get_Logout 53 17.381 17.878141462437963 136.924 5.339 8.310729729729731 111
stats: tr_Redirect_To_Post 153 3076.424699346405 649.4623756958906 4463.666 760.724 1258.9645442804426 542
stats: 200 1985 9203
stats: tr_Post_New_Post 172 24.002424418604658 17.715248020570694 201.912 7.881 13.350977528089889 356
stats: tr_Get_New_Post 172 41.04291279069769 23.8143239107011 171.554 17.786 29.291780898876404 356
stats: size_rcv 49270330 162114629
stats: tr_Redirect_To_New_Post 143 74.60834265734273 37.3692220542324 311.083 20.264 30.39915789473684 323
stats: newphase 0 5
stats: tr_Post_New_Comment_On_Comment 86 27.280383720930235 12.627501877057226 75.168 8.642 13.27757142857143 273
stats: size_sent 1987074 8221811
stats: tr_Get_Conversations 63 19.84779365079366 22.51404191261832 166.643 7.182 11.018081967213117 122
stats: tr_Authenticate_User 411 4603.704688564475 2801.8477128024856 15339.033 258.475 3778.8579875604682 1447
stats: connected -259 563
stats: tr_Post_Login 42 134.6638809523809 15.402972395894398 227.142 115.31 123.20488297872342 94
stats: tr_Get_Login 49 8.106755102040815 2.9095437718709705 126.186 4.978 8.731544554455445 101
stats: tr_Get_New_Conversation 61 235.23677049180327 64.19615951344126 400.831 85.849 163.0743482142857 112
stats: tr_Post_New_Conversation 46 53.647282608695654 25.857219778642136 159.35 18.103 24.585018018018015 111
stats: tr_Redirect_To_New_Conversation 34 53.90058823529411 52.93873464960263 317.79 14.662 21.019161904761912 105
stats: tr_Redirect_To_Same_Conversation 27 43.18355555555555 11.331645872195242 68.703 16.687 22.34548039215687 102
stats: tr_Reply_To_Conversation 27 71.39096296296296 25.721889843998174 138.604 24.565 31.83364705882354 102
stats: tr_Get_Book 165 56.67202424242424 32.63956837967583 252.703 19.315 27.54141071428571 392
stats: tr_Get_New_Book 116 16.443905172413782 22.299325263867658 153.109 5.637 8.83521120689655 232
stats: tr_Post_New_Book 112 18.853848214285716 19.176846693627443 196.755 5.989 9.018049773755653 221
stats: tr_Redirect_To_New_Book 96 64.55331250000002 23.63077820004758 149.853 19.089 26.331502590673573 193
# stats: dump at 1575681212
stats: users 132 882
stats: {cpu,"tsung_controller@ip-172-31-21-46"} 1 33.68777187046882 0.0 33.68777187046882 0.0 4.391479612995117 28
stats: {load,"tsung_controller@ip-172-31-21-46"} 1 0.08984375 0.0 0.109375 0.0 0.028738839285714284 28
stats: {freemem,"tsung_controller@ip-172-31-21-46"} 1 246.2734375 0.0 775.8828125 246.2734375 697.5698939732143 28
stats: {recvpackets,"tsung_controller@ip-172-31-21-46"} 1 40591.0 0.0 40591 57 4225.777777777777 27
stats: {sentpackets,"tsung_controller@ip-172-31-21-46"} 1 13713.0 0.0 13713 32 1925.0740740740741 27
stats: session 421 19941.842033254132 4470.3924630759675 45517.46 4147.551 15712.82635280899 1335
stats: users_count 0 1888
stats: finish_users_count 421 1756
stats: request 1367 679.8024235552303 1201.813818726924 4453.019 3.663 164.39239861978317 15215
stats: connect 0 0 0 2004.879 0.444 16.57875582627119 1888
stats: page 1318 705.084411229134 1216.6901236871672 4453.019 3.663 165.79941197136426 15086
stats: tr_Initial_Get_Root 0 0 0 2017.834 9.354 30.42195454545456 1166
stats: 302 484 6496
stats: tr_Get_Root 0 0 0 282.22 9.193 35.61424365482233 197
stats: 200 883 10086
stats: tr_Redirect_Root 57 24.866596491228076 21.675889259452724 337.022 10.751 19.954015864332604 1828
stats: size_rcv 35021964 197136593
stats: tr_Post_New_Comment_On_Post 56 18.971874999999994 18.607714822911582 336.459 8.955 18.37649572649573 468
stats: newphase 0 5
stats: tr_Get_Post 56 3000.1838214285717 620.657457889446 4352.953 728.879 1758.086391025641 468
stats: size_sent 731579 8953390
stats: tr_Get_Logout 11 11.921000000000003 4.607104691274515 136.924 5.339 11.241975609756098 164
stats: connected -419 144
stats: tr_Redirect_To_Post 269 2695.834527881041 708.1206063583207 4463.666 760.724 1659.0672834532372 695
stats: tr_Post_New_Post 73 16.244178082191784 10.12241131912215 201.912 7.881 16.82076704545455 528
stats: tr_Get_New_Post 73 39.602561643835614 25.233289571563287 175.671 17.786 33.11980113636365 528
stats: tr_Redirect_To_New_Post 111 47.741720720720686 16.689532941484188 311.083 20.264 43.96549570815453 466
stats: tr_Post_New_Comment_On_Comment 138 16.690768115942024 19.657897659236408 171.349 8.642 16.632005571030643 359
stats: tr_Get_Conversations 12 11.844666666666667 4.770949544436156 166.643 7.182 14.024956756756763 185
stats: tr_Authenticate_User 29 9052.139482758617 3086.16197584427 15339.033 258.475 3961.318694833152 1858
stats: tr_Post_Login 35 130.89594285714287 9.128061621623903 227.142 115.31 126.74369117647059 136
stats: tr_Get_Login 23 7.534260869565217 2.151517345611884 126.186 4.978 8.527446666666664 150
stats: tr_Get_New_Conversation 24 232.25929166666674 56.491960168003224 400.831 85.849 188.51890173410402 173
stats: tr_Post_New_Conversation 38 32.213894736842114 14.83124548624054 159.35 18.103 33.10007643312102 157
stats: tr_Redirect_To_New_Conversation 48 30.303458333333342 18.431071927995145 317.79 14.662 29.062100719424464 139
stats: tr_Redirect_To_Same_Conversation 49 29.54579591836736 13.708469738471743 68.703 16.687 26.70693798449613 129
stats: tr_Reply_To_Conversation 49 46.47444897959183 42.88949523214053 314.736 24.565 40.113085271317836 129
stats: tr_Get_Book 47 42.55372340425533 22.736835088896267 252.703 19.315 36.17076660682226 557
stats: tr_Get_New_Book 34 10.555382352941177 3.231629738316402 153.109 5.637 11.37144252873563 348
stats: tr_Post_New_Book 47 12.621999999999996 6.183935956564687 196.755 5.989 12.326186186186186 333
stats: tr_Redirect_To_New_Book 77 37.30810389610391 19.931575515614934 149.853 19.089 39.02802076124568 289
# stats: dump at 1575681222
stats: users 11 882
stats: {cpu,"tsung_controller@ip-172-31-21-46"} 1 17.687747035573125 0.0 33.68777187046882 0.0 5.401696587390763 29
stats: {load,"tsung_controller@ip-172-31-21-46"} 1 0.30859375 0.0 0.30859375 0.0 0.03084590517241379 29
stats: {freemem,"tsung_controller@ip-172-31-21-46"} 1 457.1953125 0.0 775.8828125 246.2734375 682.0079471982758 29
stats: {recvpackets,"tsung_controller@ip-172-31-21-46"} 1 23882.0 0.0 40591 57 5524.535714285715 28
stats: {sentpackets,"tsung_controller@ip-172-31-21-46"} 1 7025.0 0.0 13713 32 2346.0714285714284 28
stats: session 121 26250.476851239673 3957.1360432675247 45517.46 4147.551 16726.730453872435 1756
stats: users_count 0 1888
stats: finish_users_count 121 1877
stats: request 228 574.5991622807016 722.6597973394698 4453.019 3.663 206.88217693884937 16582
stats: page 212 617.9758349056601 731.383537244566 4453.019 3.663 209.1289431236284 16404
stats: connect 0 0 0 2004.879 0.444 16.57875582627119 1888
stats: tr_Initial_Get_Root 0 0 0 2017.834 9.354 30.42195454545456 1166
stats: 302 63 6559
stats: tr_Get_Root 0 0 0 282.22 9.193 35.61424365482233 197
stats: 200 165 10251
stats: tr_Redirect_Root 3 14.704333333333333 0.6602304311543221 337.022 10.751 20.10256604774536 1885
stats: size_rcv 6944016 204080609
stats: tr_Post_New_Comment_On_Post 1 10.174 0.0 336.459 8.955 18.440124045801525 524
stats: newphase 0 5
stats: tr_Get_Post 1 1648.5 0.0 4352.953 728.879 1890.8296278625953 524
stats: size_sent 113176 9066566
stats: tr_Get_Logout 1 7.539 0.0 136.924 5.339 11.284657142857144 175
stats: connected -133 11
stats: tr_Redirect_To_Post 85 1483.8597176470582 239.0518865731928 4463.666 760.724 1948.3726659751037 964
stats: tr_Post_New_Post 5 10.6612 0.5249390059806952 201.912 7.881 16.750732113144764 601
stats: tr_Get_New_Post 5 33.6268 10.014881015768486 175.671 17.786 33.90722462562397 601
stats: tr_Redirect_To_New_Post 23 29.40130434782609 6.090103043568758 311.083 20.264 44.69194454072792 577
stats: tr_Post_New_Comment_On_Comment 28 11.506107142857145 1.160881695070165 171.349 8.642 16.64832193158954 497
stats: tr_Get_Conversations 0 0 0 166.643 7.182 13.892147208121832 197
stats: tr_Authenticate_User 1 9715.698 0.0 15339.033 258.475 4039.556004239532 1887
stats: tr_Post_Login 5 121.45900000000002 3.5442185598520943 227.142 115.31 127.59356725146199 171
stats: tr_Get_Login 3 6.889666666666667 0.3455018893661155 126.186 4.978 8.395404624277456 173
stats: tr_Get_New_Conversation 0 0 0 400.831 85.849 193.84768020304568 197
stats: tr_Post_New_Conversation 2 28.976 7.541999999999999 159.35 18.103 32.92738461538462 195
stats: tr_Redirect_To_New_Conversation 8 18.858124999999998 0.9928724033706436 317.79 14.662 29.380737967914445 187
stats: tr_Redirect_To_Same_Conversation 16 19.516250000000003 1.1209898806412113 68.703 16.687 27.488421348314613 178
stats: tr_Reply_To_Conversation 16 27.929875000000003 1.4076115353232228 314.736 24.565 41.86424719101124 178
stats: tr_Get_Book 2 23.0315 0.418499999999999 252.703 19.315 36.6674536423841 604
stats: tr_Get_New_Book 2 8.259 0.2699999999999998 153.109 5.637 11.298808900523559 382
stats: tr_Post_New_Book 4 8.47325 0.2568583023770116 196.755 5.989 12.362773684210525 380
stats: tr_Redirect_To_New_Book 17 25.99388235294118 4.625323987155839 149.853 19.089 38.666180327868865 366
# stats: dump at 1575681232
stats: users 0 882
stats: {cpu,"tsung_controller@ip-172-31-21-46"} 1 2.038786673296867 0.0 33.68777187046882 0.0 5.811231602330175 30
stats: {load,"tsung_controller@ip-172-31-21-46"} 1 0.26171875 0.0 0.30859375 0.0 0.04010416666666667 30
stats: {freemem,"tsung_controller@ip-172-31-21-46"} 1 559.8046875 0.0 775.8828125 246.2734375 674.5141927083333 30
stats: {recvpackets,"tsung_controller@ip-172-31-21-46"} 1 3477.0 0.0 40591 57 6157.551724137931 29
stats: {sentpackets,"tsung_controller@ip-172-31-21-46"} 1 990.0 0.0 13713 32 2507.4137931034484 29
stats: session 11 37370.18800000001 4294.743178232579 45643.226 4147.551 17340.674680873733 1877
stats: users_count 0 1888
stats: finish_users_count 11 1888
stats: request 16 94.94881249999999 251.04234532624642 4453.019 3.663 211.86965300416423 16810
stats: page 13 116.89138461538462 274.68589364148517 4453.019 3.663 214.34533341357726 16616
stats: tr_Initial_Get_Root 0 0 0 2017.834 9.354 30.42195454545456 1166
stats: connect 0 0 0 2004.879 0.444 16.57875582627119 1888
stats: 302 3 6562
stats: tr_Get_Root 0 0 0 282.22 9.193 35.61424365482233 197
stats: 200 13 10264
stats: tr_Redirect_Root 0 0 0 337.022 10.751 20.093988347457625 1888
stats: size_rcv 110365 204190974
stats: tr_Post_New_Comment_On_Post 0 0 0 336.459 8.955 18.42437904761905 525
stats: newphase 0 5
stats: tr_Get_Post 0 0 0 4352.953 728.879 1890.3680476190475 525
stats: size_sent 8111 9074677
stats: tr_Get_Logout 0 0 0 136.924 5.339 11.263375000000002 176
stats: connected -11 0
stats: tr_Redirect_To_Post 1 1067.198 0.0 4463.666 760.724 1910.733389895138 1049
stats: tr_Post_New_Post 0 0 0 201.912 7.881 16.70048844884489 606
stats: tr_Get_New_Post 0 0 0 175.671 17.786 33.904910891089116 606
stats: tr_Redirect_To_New_Post 6 29.4555 0.9824375722321156 311.083 20.264 44.10580333333335 600
stats: tr_Post_New_Comment_On_Comment 0 0 0 171.349 8.642 16.37407047619048 525
stats: tr_Get_Conversations 0 0 0 166.643 7.182 13.892147208121832 197
stats: tr_Authenticate_User 0 0 0 15339.033 258.475 4042.562435381354 1888
stats: tr_Post_Login 0 0 0 227.142 115.31 127.41928977272727 176
stats: tr_Get_Login 0 0 0 126.186 4.978 8.369738636363635 176
stats: tr_Get_New_Conversation 0 0 0 400.831 85.849 193.84768020304568 197
stats: tr_Post_New_Conversation 0 0 0 159.35 18.103 32.887269035532995 197
stats: tr_Redirect_To_New_Conversation 2 25.903 0.19599999999999884 317.79 14.662 28.94904102564103 195
stats: tr_Redirect_To_Same_Conversation 3 25.230333333333334 0.6478242217007809 68.703 16.687 26.830922680412378 194
stats: tr_Reply_To_Conversation 3 38.97766666666667 0.6423635177132103 314.736 24.565 40.7150206185567 194
stats: tr_Get_Book 0 0 0 252.703 19.315 36.6224504950495 606
stats: tr_Get_New_Book 0 0 0 153.109 5.637 11.282976562499998 384
stats: tr_Post_New_Book 0 0 0 196.755 5.989 12.322257812499998 384
stats: tr_Redirect_To_New_Book 1 33.237 0.0 149.853 19.089 38.103702349869465 383
# stats: dump at 1575681233
stats: users 0 882
stats: {cpu,"tsung_controller@ip-172-31-21-46"} 1 0.25 0.0 33.68777187046882 0.0 5.689539830425875 31
stats: {load,"tsung_controller@ip-172-31-21-46"} 1 0.21875 0.0 0.30859375 0.0 0.04725302419354839 31
stats: {freemem,"tsung_controller@ip-172-31-21-46"} 1 606.390625 0.0 775.8828125 246.2734375 670.8138860887096 31
stats: {recvpackets,"tsung_controller@ip-172-31-21-46"} 1 51.0 0.0 40591 51 6068.2 30
stats: {sentpackets,"tsung_controller@ip-172-31-21-46"} 1 49.0 0.0 13713 32 2456.8333333333335 30
stats: session 0 0 0 45643.226 4147.551 17457.37205720339 1888
stats: users_count 0 1888
stats: finish_users_count 0 1888
stats: request 0 0 0 4453.019 3.663 211.75847188874366 16826
stats: connect 0 0 0 2004.879 0.444 16.57875582627119 1888
stats: page 0 0 0 4453.019 3.663 214.2691471525648 16629
stats: tr_Initial_Get_Root 0 0 0 2017.834 9.354 30.42195454545456 1166
stats: 302 0 6562
stats: tr_Get_Root 0 0 0 282.22 9.193 35.61424365482233 197
stats: 200 0 10264
stats: tr_Redirect_Root 0 0 0 337.022 10.751 20.093988347457625 1888
stats: size_rcv 0 204190974
stats: tr_Post_New_Comment_On_Post 0 0 0 336.459 8.955 18.42437904761905 525
stats: newphase 0 5
stats: tr_Get_Post 0 0 0 4352.953 728.879 1890.3680476190475 525
stats: size_sent 0 9074677
stats: tr_Get_Logout 0 0 0 136.924 5.339 11.263375000000002 176
stats: connected 0 0
stats: tr_Redirect_To_Post 0 0 0 4463.666 760.724 1909.9300228571428 1050
stats: tr_Post_New_Post 0 0 0 201.912 7.881 16.70048844884489 606
stats: tr_Get_New_Post 0 0 0 175.671 17.786 33.904910891089116 606
stats: tr_Redirect_To_New_Post 0 0 0 311.083 20.264 43.96075082508252 606
stats: tr_Post_New_Comment_On_Comment 0 0 0 171.349 8.642 16.37407047619048 525
stats: tr_Get_Conversations 0 0 0 166.643 7.182 13.892147208121832 197
stats: tr_Authenticate_User 0 0 0 15339.033 258.475 4042.562435381354 1888
stats: tr_Post_Login 0 0 0 227.142 115.31 127.41928977272727 176
stats: tr_Get_Login 0 0 0 126.186 4.978 8.369738636363635 176
stats: tr_Get_New_Conversation 0 0 0 400.831 85.849 193.84768020304568 197
stats: tr_Post_New_Conversation 0 0 0 159.35 18.103 32.887269035532995 197
stats: tr_Redirect_To_New_Conversation 0 0 0 317.79 14.662 28.91811675126904 197
stats: tr_Redirect_To_Same_Conversation 0 0 0 68.703 16.687 26.80654822335026 197
stats: tr_Reply_To_Conversation 0 0 0 314.736 24.565 40.68856345177665 197
stats: tr_Get_Book 0 0 0 252.703 19.315 36.6224504950495 606
stats: tr_Get_New_Book 0 0 0 153.109 5.637 11.282976562499998 384
stats: tr_Post_New_Book 0 0 0 196.755 5.989 12.322257812499998 384
stats: tr_Redirect_To_New_Book 0 0 0 149.853 19.089 38.09102864583334 384
EndMonitor:{1575,681233,542772}
