# stats: dump at 1574757077
stats: users 0 2
stats: {freemem,"tsung_controller@ip-172-31-20-100"} 1 732.44921875 0 732.44921875 732.44921875 0 0
stats: {load,"tsung_controller@ip-172-31-20-100"} 1 0.0 0 0.0 0.0 0 0
stats: {cpu,"tsung_controller@ip-172-31-20-100"} 1 0.27093552902514473 0 0.27093552902514473 0.27093552902514473 0 0
stats: session 12 72.11258333333332 5.11341144211854 84.178 68.927 0 0
stats: users_count 12 12
stats: finish_users_count 12 12
stats: error_connect_nxdomain 36 36
stats: error_abort_max_conn_retries 9 9
# stats: dump at 1574757083
stats: users 0 2
stats: {freemem,"tsung_controller@ip-172-31-20-100"} 1 733.3125 0.0 733.3125 732.44921875 732.44921875 1
stats: {load,"tsung_controller@ip-172-31-20-100"} 1 0.0 0.0 0.0 0.0 0.0 1
stats: {recvpackets,"tsung_controller@ip-172-31-20-100"} 1 90 0 90 90 0 0
stats: {sentpackets,"tsung_controller@ip-172-31-20-100"} 1 89 0 89 89 0 0
stats: {cpu,"tsung_controller@ip-172-31-20-100"} 1 0.39920159680638717 0.0 0.39920159680638717 0.27093552902514473 0.27093552902514473 1
stats: session 0 0 0 84.178 68.927 72.11258333333332 12
stats: users_count 0 12
stats: finish_users_count 0 12
stats: error_connect_nxdomain 12 48
stats: error_abort_max_conn_retries 3 12
EndMonitor:{1574,757083,165416}
