# stats: dump at 1575882790
stats: users 20 20
stats: {cpu,"tsung_controller@ip-172-31-46-69"} 1 0.028198330388232204 0 0.028198330388232204 0.028198330388232204 0 0
stats: {load,"tsung_controller@ip-172-31-46-69"} 1 0.0 0 0.0 0.0 0 0
stats: {freemem,"tsung_controller@ip-172-31-46-69"} 1 375603.47265625 0 375603.47265625 375603.47265625 0 0
stats: users_count 20 20
stats: finish_users_count 0 0
stats: request 52 65.96013461538459 57.400380621905036 229.156 4.811 0 0
stats: connect 19 2.8355789473684205 3.014515555315812 14.445 1.636 0 0
stats: page 52 65.96013461538459 57.400380621905036 229.156 4.811 0 0
stats: tr_Initial_Get_Root 12 95.26741666666668 43.299751305017786 229.286 69.014 0 0
stats: 302 17 17
stats: tr_Get_Root 2 83.0755 0.8894999999999982 83.965 82.186 0 0
stats: 200 35 35
stats: tr_Redirect_Root 4 85.35225 21.03049601620228 120.151 68.537 0 0
stats: size_rcv 685961 685961
stats: tr_Post_New_Comment_On_Post 1 9.208 0 9.208 9.208 0 0
stats: size_sent 22743 22743
stats: tr_Get_Post 1 74.917 0 74.917 74.917 0 0
stats: connected 19 19
stats: tr_Redirect_To_Post 1 63.224 0 63.224 63.224 0 0
stats: tr_Authenticate_User 7 2640.2798571428566 766.3696724819703 4132.181 1788.884 0 0
stats: tr_Get_Book 1 191.739 0 191.739 191.739 0 0
# stats: dump at 1575882800
stats: users 24 26
stats: {recvpackets,"tsung_controller@ip-172-31-46-69"} 1 758 0 758 758 0 0
stats: {sentpackets,"tsung_controller@ip-172-31-46-69"} 1 283 0 283 283 0 0
stats: {cpu,"tsung_controller@ip-172-31-46-69"} 1 0.011451057140775133 0.0 0.028198330388232204 0.011451057140775133 0.028198330388232204 1
stats: {load,"tsung_controller@ip-172-31-46-69"} 1 0.0 0.0 0.0 0.0 0.0 1
stats: {freemem,"tsung_controller@ip-172-31-46-69"} 1 375597.53515625 0.0 375603.47265625 375597.53515625 375603.47265625 1
stats: session 6 12923.417166666666 2965.782654357384 17397.224 10223.34 0 0
stats: users_count 10 30
stats: finish_users_count 6 6
stats: request 113 73.35734513274336 102.49822776778021 636.992 4.131 65.96013461538459 52
stats: connect 11 1.772181818181818 0.13418766924912431 14.445 1.49 2.8355789473684205 19
stats: page 113 73.35734513274336 102.49822776778021 636.992 4.131 65.96013461538459 52
stats: tr_Initial_Get_Root 6 122.44583333333333 57.186255917008204 229.286 68.778 95.26741666666668 12
stats: 302 51 68
stats: tr_Get_Root 1 69.583 0.0 83.965 69.583 83.0755 2
stats: 200 62 97
stats: tr_Redirect_Root 13 100.85030769230767 52.33001609369965 236.773 67.935 85.35225 4
stats: size_rcv 1208013 1893974
stats: tr_Post_New_Comment_On_Post 3 9.545 0.7145436772281081 10.078 8.535 9.208 1
stats: size_sent 64321 87064
stats: tr_Get_Post 3 78.28133333333334 13.636654289899052 96.117 63.011 74.917 1
stats: connected 5 24
stats: tr_Redirect_To_Post 4 82.47774999999999 24.770541378571032 124.368 63.224 63.224 1
stats: tr_Post_New_Comment_On_Comment 2 11.043 1.6780000000000004 12.721 9.365 0 0
stats: tr_Post_New_Post 5 9.317000000000002 1.3811876049255583 11.744 7.71 0 0
stats: tr_Get_New_Post 5 11.2518 1.953046891398156 14.716 9.331 0 0
stats: tr_Redirect_To_New_Post 3 16.789666666666665 5.043568137296804 22.817 10.473 0 0
stats: tr_Get_Logout 2 7.4405 0.2915000000000001 7.732 7.149 0 0
stats: tr_Get_Conversations 3 9.358 0.7170248717211037 9.904 8.345 0 0
stats: tr_Authenticate_User 18 4976.35938888889 3053.470780146261 10402.04 783.19 2640.2798571428566 7
stats: tr_Get_Login 2 6.9945 0.6285000000000005 7.623 6.366 0 0
stats: tr_Post_Login 2 128.57999999999998 4.214999999999993 132.795 124.365 0 0
stats: tr_Get_New_Conversation 2 625.088 12.168999999999983 637.257 612.919 0 0
stats: tr_Get_Book 4 265.94475 80.71301432351228 357.301 168.645 191.739 1
stats: tr_Get_New_Book 1 7.488 0 7.488 7.488 0 0
stats: tr_Post_New_Book 1 8.866 0 8.866 8.866 0 0
# stats: dump at 1575882810
stats: users 6 26
stats: {recvpackets,"tsung_controller@ip-172-31-46-69"} 1 1396.0 0.0 1396 758 758.0 1
stats: {sentpackets,"tsung_controller@ip-172-31-46-69"} 1 448.0 0.0 448 283 283.0 1
stats: {cpu,"tsung_controller@ip-172-31-46-69"} 1 0.017697272537997088 0.0 0.028198330388232204 0.011451057140775133 0.01982469376450367 2
stats: {load,"tsung_controller@ip-172-31-46-69"} 1 0.0 0.0 0.0 0.0 0.0 2
stats: {freemem,"tsung_controller@ip-172-31-46-69"} 1 375592.05859375 0.0 375603.47265625 375592.05859375 375600.50390625 2
stats: session 18 14842.778055555556 4832.570325548811 25375.052 6480.616 12923.417166666666 6
stats: users_count 0 30
stats: finish_users_count 18 24
stats: request 87 59.71029885057472 96.32863802869018 707.801 4.131 71.026103030303 165
stats: connect 0 0 0 14.445 1.49 2.4456666666666664 30
stats: page 84 61.85114285714285 97.49906218341928 707.801 4.131 71.026103030303 165
stats: tr_Initial_Get_Root 0 0 0 229.286 68.778 104.32688888888889 18
stats: 302 29 97
stats: tr_Get_Root 0 0 0 83.965 69.583 78.578 3
stats: 200 58 155
stats: tr_Redirect_Root 12 131.0629166666666 43.408540441289375 236.773 67.935 97.20370588235292 17
stats: size_rcv 1335168 3229142
stats: tr_Post_New_Comment_On_Post 5 15.284999999999997 11.548074332978638 38.31 8.29 9.460749999999999 4
stats: size_sent 48584 135648
stats: tr_Get_Post 5 78.33300000000001 14.69760124646195 99.576 62.061 77.44024999999999 4
stats: connected -18 6
stats: tr_Redirect_To_Post 9 78.48233333333333 23.874266285410044 133.83 56.147 78.62699999999998 5
stats: tr_Post_New_Comment_On_Comment 5 9.9726 0.7480980149686266 12.721 9.295 11.043 2
stats: tr_Post_New_Post 5 8.859 0.9037537275165175 11.744 7.71 9.317000000000002 5
stats: tr_Get_New_Post 5 9.9354 0.42157637504964623 14.716 9.331 11.2518 5
stats: tr_Redirect_To_New_Post 6 11.503 2.0670554741789906 22.817 10.194 16.789666666666665 3
stats: tr_Get_Logout 0 0 0 7.732 7.149 7.4405 2
stats: tr_Get_Conversations 0 0 0 9.904 8.345 9.358 3
stats: tr_Authenticate_User 4 6494.76 2372.889982732132 10402.04 783.19 4322.25712 25
stats: tr_Get_Login 0 0 0 7.623 6.366 6.9945 2
stats: tr_Post_Login 0 0 0 132.795 124.365 128.57999999999998 2
stats: tr_Get_New_Conversation 1 708.039 0.0 708.039 612.919 625.088 2
stats: tr_Post_New_Conversation 3 26.971666666666668 4.670407714774186 33.35 22.297 0 0
stats: tr_Redirect_To_New_Conversation 3 15.853666666666667 0.4213662961789372 16.233 15.266 0 0
stats: tr_Redirect_To_Same_Conversation 3 16.293333333333333 2.7837988832209524 20.23 14.289 0 0
stats: tr_Reply_To_Conversation 3 23.877 2.2620673435303966 27.051 21.944 0 0
stats: tr_Get_Book 5 241.83140000000003 21.141633944423504 357.301 168.645 251.1036 5
stats: tr_Get_New_Book 4 7.90475 0.845748595919615 9.032 6.802 7.488 1
stats: tr_Post_New_Book 4 7.0017499999999995 0.5971609393622461 8.866 6.076 8.866 1
stats: tr_Redirect_To_New_Book 4 10.80775 4.082126858330104 17.538 6.927 0 0
# stats: dump at 1575882820
stats: users 1 26
stats: {recvpackets,"tsung_controller@ip-172-31-46-69"} 1 783.0 0.0 1396 758 1077.0 2
stats: {sentpackets,"tsung_controller@ip-172-31-46-69"} 1 251.0 0.0 448 251 365.5 2
stats: {cpu,"tsung_controller@ip-172-31-46-69"} 1 0.006246746486205101 0.0 0.028198330388232204 0.006246746486205101 0.01911555335566814 3
stats: {load,"tsung_controller@ip-172-31-46-69"} 1 0.0 0.0 0.0 0.0 0.0 3
stats: {freemem,"tsung_controller@ip-172-31-46-69"} 1 375592.85546875 0.0 375603.47265625 375592.05859375 375597.6888020833 3
stats: session 5 24912.355199999998 4662.760393760135 33146.713 6480.616 14362.937833333335 24
stats: users_count 0 30
stats: finish_users_count 5 29
stats: request 11 62.954000000000015 56.60923750028467 707.801 4.131 67.11945634920633 252
stats: connect 0 0 0 14.445 1.49 2.4456666666666664 30
stats: page 11 62.954000000000015 56.60923750028467 707.801 4.131 67.93093574297185 249
stats: tr_Initial_Get_Root 0 0 0 229.286 68.778 104.32688888888889 18
stats: 302 4 101
stats: tr_Get_Root 0 0 0 83.965 69.583 78.578 3
stats: 200 7 162
stats: tr_Redirect_Root 1 72.085 0.0 236.773 67.935 111.21441379310342 29
stats: size_rcv 222569 3451711
stats: tr_Post_New_Comment_On_Post 0 0 0 38.31 8.29 12.696444444444442 9
stats: size_sent 6864 142512
stats: tr_Get_Post 0 0 0 99.576 62.061 77.93622222222223 9
stats: connected -5 1
stats: tr_Redirect_To_Post 4 66.56875 10.01944198483628 133.83 56.147 78.53399999999999 14
stats: tr_Post_New_Comment_On_Comment 2 104.13250000000001 94.9885 199.121 9.144 10.278428571428572 7
stats: tr_Post_New_Post 0 0 0 11.744 7.71 9.088000000000001 10
stats: tr_Get_New_Post 0 0 0 14.716 9.331 10.5936 10
stats: tr_Redirect_To_New_Post 1 10.217 0.0 22.817 10.194 13.265222222222222 9
stats: tr_Get_Logout 0 0 0 7.732 7.149 7.4405 2
stats: tr_Get_Conversations 0 0 0 9.904 8.345 9.358 3
stats: tr_Authenticate_User 1 15400.588 0.0 15400.588 783.19 4621.9126896551725 29
stats: tr_Get_Login 0 0 0 7.623 6.366 6.9945 2
stats: tr_Post_Login 0 0 0 132.795 124.365 128.57999999999998 2
stats: tr_Get_New_Conversation 0 0 0 708.039 612.919 652.7383333333333 3
stats: tr_Post_New_Conversation 0 0 0 33.35 22.297 26.971666666666668 3
stats: tr_Redirect_To_New_Conversation 0 0 0 16.233 15.266 15.853666666666667 3
stats: tr_Redirect_To_Same_Conversation 0 0 0 20.23 14.289 16.293333333333333 3
stats: tr_Reply_To_Conversation 0 0 0 27.051 21.944 23.877 3
stats: tr_Get_Book 0 0 0 357.301 168.645 246.46750000000003 10
stats: tr_Get_New_Book 0 0 0 9.032 6.802 7.8214 5
stats: tr_Post_New_Book 0 0 0 8.866 6.076 7.374599999999999 5
stats: tr_Redirect_To_New_Book 1 8.697 0.0 17.538 6.927 10.80775 4
# stats: dump at 1575882830
stats: users 1 26
stats: {recvpackets,"tsung_controller@ip-172-31-46-69"} 1 148.0 0.0 1396 148 979.0 3
stats: {sentpackets,"tsung_controller@ip-172-31-46-69"} 1 45.0 0.0 448 45 327.3333333333333 3
stats: {cpu,"tsung_controller@ip-172-31-46-69"} 1 0.003122788025148853 0.0 0.028198330388232204 0.003122788025148853 0.01589835163830238 4
stats: {load,"tsung_controller@ip-172-31-46-69"} 1 0.078125 0.0 0.078125 0.0 0.0 4
stats: {freemem,"tsung_controller@ip-172-31-46-69"} 1 375596.49609375 0.0 375603.47265625 375592.05859375 375596.48046875 4
stats: session 0 0 0 33146.713 6480.616 16181.802896551724 29
stats: users_count 0 30
stats: finish_users_count 0 29
stats: request 3 62.875 76.95805740791539 707.801 4.131 66.94523574144485 263
stats: connect 0 0 0 14.445 1.49 2.4456666666666664 30
stats: page 3 62.875 76.95805740791539 707.801 4.131 67.72037307692304 260
stats: tr_Initial_Get_Root 0 0 0 229.286 68.778 104.32688888888889 18
stats: 302 1 102
stats: tr_Get_Root 0 0 0 83.965 69.583 78.578 3
stats: 200 2 164
stats: tr_Redirect_Root 0 0 0 236.773 67.935 109.91009999999997 30
stats: size_rcv 51248 3502959
stats: tr_Post_New_Comment_On_Post 0 0 0 38.31 8.29 12.696444444444442 9
stats: size_sent 1612 144124
stats: tr_Get_Post 0 0 0 99.576 62.061 77.93622222222223 9
stats: connected 0 1
stats: tr_Redirect_To_Post 0 0 0 133.83 56.147 75.87505555555555 18
stats: tr_Post_New_Comment_On_Comment 0 0 0 199.121 9.144 31.134888888888888 9
stats: tr_Post_New_Post 1 7.687 0.0 11.744 7.687 9.088000000000001 10
stats: tr_Get_New_Post 1 9.52 0.0 14.716 9.331 10.5936 10
stats: tr_Redirect_To_New_Post 0 0 0 22.817 10.194 12.960400000000002 10
stats: tr_Get_Logout 0 0 0 7.732 7.149 7.4405 2
stats: tr_Get_Conversations 0 0 0 9.904 8.345 9.358 3
stats: tr_Authenticate_User 0 0 0 15400.588 783.19 4981.201866666666 30
stats: tr_Get_Login 0 0 0 7.623 6.366 6.9945 2
stats: tr_Post_Login 0 0 0 132.795 124.365 128.57999999999998 2
stats: tr_Get_New_Conversation 0 0 0 708.039 612.919 652.7383333333333 3
stats: tr_Post_New_Conversation 0 0 0 33.35 22.297 26.971666666666668 3
stats: tr_Redirect_To_New_Conversation 0 0 0 16.233 15.266 15.853666666666667 3
stats: tr_Redirect_To_Same_Conversation 0 0 0 20.23 14.289 16.293333333333333 3
stats: tr_Reply_To_Conversation 0 0 0 27.051 21.944 23.877 3
stats: tr_Get_Book 1 171.886 0.0 357.301 168.645 246.46750000000003 10
stats: tr_Get_New_Book 0 0 0 9.032 6.802 7.8214 5
stats: tr_Post_New_Book 0 0 0 8.866 6.076 7.374599999999999 5
stats: tr_Redirect_To_New_Book 0 0 0 17.538 6.927 10.3856 5
# stats: dump at 1575882840
stats: users 31 31
stats: {recvpackets,"tsung_controller@ip-172-31-46-69"} 1 138.0 0.0 1396 138 771.25 4
stats: {sentpackets,"tsung_controller@ip-172-31-46-69"} 1 328.0 0.0 448 45 256.75 4
stats: {cpu,"tsung_controller@ip-172-31-46-69"} 1 0.010410918971817642 0.0 0.028198330388232204 0.003122788025148853 0.013343238915671676 5
stats: {load,"tsung_controller@ip-172-31-46-69"} 1 0.0703125 0.0 0.078125 0.0 0.015625 5
stats: {freemem,"tsung_controller@ip-172-31-46-69"} 1 375595.5703125 0.0 375603.47265625 375592.05859375 375596.48359375 5
stats: session 1 33155.815 0.0 33155.815 6480.616 16181.802896551724 29
stats: users_count 31 61
stats: finish_users_count 1 30
stats: request 61 62.667868852459016 51.63374949107793 707.801 4.131 66.89933082706764 266
stats: connect 29 1.8079310344827593 0.5554188187388637 14.445 1.451 2.4456666666666664 30
stats: page 61 62.667868852459016 51.63374949107793 707.801 4.131 67.66510266159692 263
stats: tr_Initial_Get_Root 19 93.20173684210526 18.233038271636428 229.286 68.778 104.32688888888889 18
stats: 302 16 118
stats: tr_Get_Root 2 86.66900000000001 9.853000000000005 96.522 69.583 78.578 3
stats: 200 45 209
stats: tr_Redirect_Root 1 87.09 0.0 236.773 67.935 109.91009999999997 30
stats: size_rcv 716005 4218964
stats: tr_Post_New_Comment_On_Post 0 0 0 38.31 8.29 12.696444444444442 9
stats: newphase 1 1
stats: tr_Get_Post 0 0 0 99.576 62.061 77.93622222222223 9
stats: size_sent 21595 165719
stats: tr_Redirect_To_Post 0 0 0 133.83 56.147 75.87505555555555 18
stats: connected 28 29
stats: tr_Post_New_Comment_On_Comment 0 0 0 199.121 9.144 31.134888888888888 9
stats: tr_Post_New_Post 0 0 0 11.744 7.687 8.960636363636365 11
stats: tr_Get_New_Post 0 0 0 14.716 9.331 10.496 11
stats: tr_Redirect_To_New_Post 1 10.83 0.0 22.817 10.194 12.960400000000002 10
stats: tr_Get_Logout 0 0 0 7.732 7.149 7.4405 2
stats: tr_Get_Conversations 0 0 0 9.904 8.345 9.358 3
stats: tr_Authenticate_User 6 1951.1735 1215.4542548305074 15400.588 783.19 4981.201866666666 30
stats: tr_Get_Login 0 0 0 7.623 6.366 6.9945 2
stats: tr_Post_Login 0 0 0 132.795 124.365 128.57999999999998 2
stats: tr_Get_New_Conversation 0 0 0 708.039 612.919 652.7383333333333 3
stats: tr_Post_New_Conversation 0 0 0 33.35 22.297 26.971666666666668 3
stats: tr_Redirect_To_New_Conversation 0 0 0 16.233 15.266 15.853666666666667 3
stats: tr_Redirect_To_Same_Conversation 0 0 0 20.23 14.289 16.293333333333333 3
stats: tr_Reply_To_Conversation 0 0 0 27.051 21.944 23.877 3
stats: tr_Get_Book 0 0 0 357.301 168.645 239.68736363636364 11
stats: tr_Get_New_Book 0 0 0 9.032 6.802 7.8214 5
stats: tr_Post_New_Book 0 0 0 8.866 6.076 7.374599999999999 5
stats: tr_Redirect_To_New_Book 0 0 0 17.538 6.927 10.3856 5
# stats: dump at 1575882850
stats: users 47 56
stats: {recvpackets,"tsung_controller@ip-172-31-46-69"} 1 1143.0 0.0 1396 138 644.6 5
stats: {sentpackets,"tsung_controller@ip-172-31-46-69"} 1 961.0 0.0 961 45 271.0 5
stats: {cpu,"tsung_controller@ip-172-31-46-69"} 1 0.01561491536715871 0.0 0.028198330388232204 0.003122788025148853 0.012854518925029338 6
stats: {load,"tsung_controller@ip-172-31-46-69"} 1 0.05859375 0.0 0.078125 0.0 0.024739583333333332 6
stats: {freemem,"tsung_controller@ip-172-31-46-69"} 1 375595.171875 0.0 375603.47265625 375592.05859375 375596.3313802083 6
stats: session 13 9300.82023076923 2652.188572938675 33155.815 5305.045 16747.6033 30
stats: users_count 29 90
stats: finish_users_count 13 43
stats: request 254 159.5950984251969 210.95918153902738 1187.57 4.081 66.10997553516818 327
stats: connect 31 2.225774193548387 2.312565140629904 14.815 1.451 2.132203389830509 59
stats: page 254 159.5950984251969 210.95918153902738 1187.57 4.081 66.72426543209873 324
stats: tr_Initial_Get_Root 21 241.98071428571433 215.9373438219308 787.474 68.778 98.61397297297297 37
stats: 302 106 224
stats: tr_Get_Root 4 255.8745 109.76067611968323 373.3 69.583 81.8144 5
stats: 200 148 357
stats: tr_Redirect_Root 36 285.36855555555553 225.26280869815207 831.973 67.935 109.17396774193546 31
stats: size_rcv 3414111 7633075
stats: tr_Post_New_Comment_On_Post 10 24.711700000000004 22.405042521941354 83.534 8.29 12.696444444444442 9
stats: newphase 0 1
stats: tr_Get_Post 10 190.5664 109.59657841118945 342.418 62.061 77.93622222222223 9
stats: size_sent 138074 303793
stats: tr_Redirect_To_Post 12 250.34875000000002 160.31919233367174 605.003 56.147 75.87505555555555 18
stats: connected 18 47
stats: tr_Post_New_Comment_On_Comment 5 68.8374 103.29480081514266 275.044 9.144 31.134888888888888 9
stats: tr_Post_New_Post 5 45.724199999999996 32.37106232053561 89.492 7.687 8.960636363636365 11
stats: tr_Get_New_Post 5 81.44160000000001 95.8190936141644 262.93 9.331 10.496 11
stats: tr_Redirect_To_New_Post 4 83.3055 79.31394332177666 218.729 10.194 12.766727272727275 11
stats: tr_Get_Logout 6 50.13416666666668 87.85813294248229 245.925 6.16 7.4405 2
stats: tr_Get_Conversations 2 116.0915 97.9255 214.017 8.345 9.358 3
stats: tr_Authenticate_User 39 3227.4407435897438 1709.612746933295 15400.588 558.418 4476.197138888889 36
stats: tr_Get_Login 6 11.433 5.963511856839615 24.299 6.117 6.9945 2
stats: tr_Post_Login 3 152.65099999999998 14.007766441037871 169.451 124.365 128.57999999999998 2
stats: tr_Get_New_Conversation 0 0 0 708.039 612.919 652.7383333333333 3
stats: tr_Post_New_Conversation 0 0 0 33.35 22.297 26.971666666666668 3
stats: tr_Redirect_To_New_Conversation 0 0 0 16.233 15.266 15.853666666666667 3
stats: tr_Redirect_To_Same_Conversation 0 0 0 20.23 14.289 16.293333333333333 3
stats: tr_Reply_To_Conversation 0 0 0 27.051 21.944 23.877 3
stats: tr_Get_Book 8 834.7994999999999 335.467906430332 1187.752 168.645 239.68736363636364 11
stats: tr_Get_New_Book 4 12.49525 2.6459788713253176 16.031 6.802 7.8214 5
stats: tr_Post_New_Book 4 86.05624999999999 87.06822313385923 231.977 6.076 7.374599999999999 5
stats: tr_Redirect_To_New_Book 1 22.416 0.0 22.416 6.927 10.3856 5
# stats: dump at 1575882860
stats: users 16 56
stats: {recvpackets,"tsung_controller@ip-172-31-46-69"} 1 3216.0 0.0 3216 138 727.6666666666666 6
stats: {sentpackets,"tsung_controller@ip-172-31-46-69"} 1 1027.0 0.0 1027 45 386.0 6
stats: {cpu,"tsung_controller@ip-172-31-46-69"} 1 0.03643518181155724 0.0 0.03643518181155724 0.003122788025148853 0.013248861273904964 7
stats: {load,"tsung_controller@ip-172-31-46-69"} 1 0.05078125 0.0 0.078125 0.0 0.029575892857142856 7
stats: {freemem,"tsung_controller@ip-172-31-46-69"} 1 375572.48828125 0.0 375603.47265625 375572.48828125 375596.16573660716 7
stats: session 31 16183.492225806453 3918.4042277256813 33155.815 5305.045 14496.250279069767 43
stats: users_count 0 90
stats: finish_users_count 31 74
stats: request 177 140.12841242937856 262.000190611684 1810.998 4.081 106.9795473321859 581
stats: connect 0 0 0 14.815 1.451 2.1644333333333337 90
stats: page 174 142.54957471264376 263.6981494585744 1810.998 4.081 107.53601557093427 578
stats: tr_Initial_Get_Root 0 0 0 787.474 68.778 150.5226206896552 58
stats: 302 68 292
stats: tr_Get_Root 0 0 0 373.3 69.583 159.17444444444448 9
stats: 200 109 466
stats: tr_Redirect_Root 23 221.2339130434783 151.7808214521456 831.973 67.935 203.8456865671642 67
stats: size_rcv 2375663 10008738
stats: tr_Post_New_Comment_On_Post 4 16.2515 5.380004530667239 83.534 8.29 19.020263157894735 19
stats: newphase 0 1
stats: tr_Get_Post 4 139.60174999999998 62.56748075228456 342.418 62.061 137.21526315789473 19
stats: size_sent 103431 407224
stats: tr_Redirect_To_Post 14 116.27021428571427 50.072978681375744 605.003 55.898 145.6645333333333 30
stats: connected -31 16
stats: tr_Post_New_Comment_On_Comment 7 43.701 71.96090025840421 275.044 9.144 44.60007142857143 14
stats: tr_Post_New_Post 13 13.788923076923075 6.687467192863177 89.492 7.687 20.44925 16
stats: tr_Get_New_Post 13 16.723000000000003 9.491915248089983 262.93 9.331 32.6665 16
stats: tr_Redirect_To_New_Post 9 12.737222222222222 1.8976745288072856 218.729 10.18 31.577066666666667 15
stats: tr_Get_Logout 1 19.685 0.0 245.925 6.16 39.460750000000004 8
stats: tr_Get_Conversations 4 15.03975 6.007475650179533 214.017 8.063 52.0514 5
stats: tr_Authenticate_User 15 5914.2860666666675 3837.5972341077077 15400.588 558.418 3826.8438133333334 75
stats: tr_Get_Login 1 8.646 0.0 24.299 6.117 10.323375 8
stats: tr_Post_Login 4 177.90524999999997 64.2652543034531 288.905 124.365 143.02259999999998 5
stats: tr_Get_New_Conversation 6 1200.5923333333333 310.036217741125 1811.227 612.919 652.7383333333333 3
stats: tr_Post_New_Conversation 5 26.0736 8.763605116617248 41.97 16.791 26.971666666666668 3
stats: tr_Redirect_To_New_Conversation 3 22.91033333333333 7.141471946003538 32.83 15.266 15.853666666666667 3
stats: tr_Redirect_To_Same_Conversation 3 31.851 12.699060936410481 48.97 14.289 16.293333333333333 3
stats: tr_Reply_To_Conversation 3 40.365 24.605591085496535 75.097 21.15 23.877 3
stats: tr_Get_Book 11 541.6139090909091 237.75260231993428 1187.752 168.645 490.26089473684203 19
stats: tr_Get_New_Book 7 11.072714285714286 4.639720333760453 18.506 6.802 9.898666666666665 9
stats: tr_Post_New_Book 7 10.462571428571428 5.37548113081565 231.977 6.076 42.344222222222214 9
stats: tr_Redirect_To_New_Book 8 29.379125 46.317630521318506 151.264 6.927 12.390666666666666 6
# stats: dump at 1575882870
stats: users 7 56
stats: {recvpackets,"tsung_controller@ip-172-31-46-69"} 1 1614.0 0.0 3216 138 1083.142857142857 7
stats: {sentpackets,"tsung_controller@ip-172-31-46-69"} 1 529.0 0.0 1027 45 477.57142857142856 7
stats: {cpu,"tsung_controller@ip-172-31-46-69"} 1 0.018737898440590452 0.0 0.03643518181155724 0.003122788025148853 0.0161471513411115 8
stats: {load,"tsung_controller@ip-172-31-46-69"} 1 0.0390625 0.0 0.078125 0.0 0.0322265625 8
stats: {freemem,"tsung_controller@ip-172-31-46-69"} 1 375577.9140625 0.0 375603.47265625 375572.48828125 375593.2060546875 8
stats: session 16 21182.004999999997 4770.821374322234 33155.815 5305.045 15203.06785135135 74
stats: users_count 7 97
stats: finish_users_count 16 90
stats: request 41 35.29475609756097 47.659833701223896 1810.998 4.081 114.72011345646439 758
stats: connect 6 1.664666666666667 0.1232432103155743 14.815 1.451 2.1644333333333337 90
stats: page 38 38.09202631578946 48.90411409745813 1810.998 4.081 115.6375571808511 752
stats: tr_Initial_Get_Root 3 119.14299999999999 9.595530765239964 787.474 68.778 150.5226206896552 58
stats: 302 10 302
stats: tr_Get_Root 2 111.6215 17.813499999999994 373.3 69.583 159.17444444444448 9
stats: 200 31 497
stats: tr_Redirect_Root 0 0 0 831.973 67.935 208.28934444444445 90
stats: size_rcv 424914 10433652
stats: tr_Post_New_Comment_On_Post 0 0 0 83.534 8.29 18.53873913043478 23
stats: newphase 1 2
stats: tr_Get_Post 0 0 0 342.418 62.061 137.63030434782607 23
stats: size_sent 20346 427570
stats: tr_Redirect_To_Post 2 56.233999999999995 0.43799999999999706 605.003 55.796 136.31179545454543 44
stats: connected -10 6
stats: tr_Post_New_Comment_On_Comment 2 9.2625 0.059499999999999886 275.044 9.144 44.300380952380955 21
stats: tr_Post_New_Post 3 12.991333333333332 7.1745389786073055 89.492 7.687 17.46358620689655 29
stats: tr_Get_New_Post 3 10.252 0.5683420331689945 262.93 9.331 25.519413793103446 29
stats: tr_Redirect_To_New_Post 8 10.760375 0.47028712971439074 218.729 10.18 24.512124999999997 24
stats: tr_Get_Logout 0 0 0 245.925 6.16 37.263444444444445 9
stats: tr_Get_Conversations 0 0 0 214.017 8.063 35.60177777777778 9
stats: tr_Authenticate_User 0 0 0 15400.588 558.418 4174.750855555556 90
stats: tr_Get_Login 0 0 0 24.299 6.117 10.137 9
stats: tr_Post_Login 0 0 0 288.905 124.365 158.52599999999998 9
stats: tr_Get_New_Conversation 0 0 0 1811.227 612.919 1017.9743333333333 9
stats: tr_Post_New_Conversation 1 18.544 0.0 41.97 16.791 26.410375000000002 8
stats: tr_Redirect_To_New_Conversation 3 19.624 7.119185206187574 32.83 14.563 19.382 6
stats: tr_Redirect_To_Same_Conversation 3 14.169333333333332 0.12362937443108878 48.97 13.995 24.072166666666664 6
stats: tr_Reply_To_Conversation 3 21.376 0.23335809392433832 75.097 21.046 32.121 6
stats: tr_Get_Book 2 178.704 3.1099999999999923 1187.752 168.645 509.0903333333333 30
stats: tr_Get_New_Book 1 8.204 0.0 18.506 6.802 10.412312499999999 16
stats: tr_Post_New_Book 1 7.261 0.0 231.977 6.076 28.395999999999997 16
stats: tr_Redirect_To_New_Book 3 7.3146666666666675 0.6554847231036145 151.264 6.405 22.09835714285714 14
# stats: dump at 1575882880
stats: users 86 86
stats: {recvpackets,"tsung_controller@ip-172-31-46-69"} 1 480.0 0.0 3216 138 1149.5 8
stats: {sentpackets,"tsung_controller@ip-172-31-46-69"} 1 205.0 0.0 1027 45 484.0 8
stats: {cpu,"tsung_controller@ip-172-31-46-69"} 1 0.002082248828735034 0.0 0.03643518181155724 0.002082248828735034 0.016435012129942493 9
stats: {load,"tsung_controller@ip-172-31-46-69"} 1 0.03125 0.0 0.078125 0.0 0.03298611111111111 9
stats: {freemem,"tsung_controller@ip-172-31-46-69"} 1 375587.90234375 0.0 375603.47265625 375572.48828125 375591.50694444444 9
stats: session 0 0 0 33155.815 5305.045 16265.99001111111 90
stats: users_count 79 176
stats: finish_users_count 0 90
stats: request 213 219.06367136150243 255.94978524933043 1810.998 4.081 110.64446933667085 799
stats: connect 76 1.9988552631578955 1.1259504722204046 14.815 1.451 2.133197916666667 96
stats: page 213 219.06367136150243 255.94978524933043 1810.998 4.081 111.90751898734182 790
stats: tr_Initial_Get_Root 32 338.47449999999986 254.48377016987743 1270.596 68.778 148.97936065573774 61
stats: 302 93 395
stats: tr_Get_Root 5 628.2488000000001 505.0968638478762 1586.873 69.583 150.52845454545457 11
stats: 200 120 617
stats: tr_Redirect_Root 12 346.5265 227.00686170558077 894.837 67.935 208.28934444444445 90
stats: size_rcv 2227248 12660900
stats: tr_Post_New_Comment_On_Post 6 121.4376666666667 152.4578991193598 454.446 8.29 18.53873913043478 23
stats: newphase 0 2
stats: tr_Get_Post 7 727.7652857142858 237.43540191790768 1137.851 62.061 137.63030434782607 23
stats: size_sent 114912 542482
stats: tr_Redirect_To_Post 1 1149.185 0.0 1149.185 55.796 132.83015217391304 46
stats: connected 76 82
stats: tr_Post_New_Comment_On_Comment 0 0 0 275.044 9.144 41.253608695652176 23
stats: tr_Post_New_Post 1 314.595 0.0 314.595 7.687 17.0443125 32
stats: tr_Get_New_Post 1 130.027 0.0 262.93 9.331 24.08809375 32
stats: tr_Redirect_To_New_Post 0 0 0 218.729 10.18 21.074187499999997 32
stats: tr_Get_Logout 0 0 0 245.925 6.16 37.263444444444445 9
stats: tr_Get_Conversations 0 0 0 214.017 8.063 35.60177777777778 9
stats: tr_Authenticate_User 37 3050.3831351351355 1513.6181633486453 15400.588 550.826 4174.750855555556 90
stats: tr_Get_Login 0 0 0 24.299 6.117 10.137 9
stats: tr_Post_Login 0 0 0 288.905 124.365 158.52599999999998 9
stats: tr_Get_New_Conversation 0 0 0 1811.227 612.919 1017.9743333333333 9
stats: tr_Post_New_Conversation 0 0 0 41.97 16.791 25.536333333333335 9
stats: tr_Redirect_To_New_Conversation 0 0 0 32.83 14.563 19.462666666666664 9
stats: tr_Redirect_To_Same_Conversation 0 0 0 48.97 13.995 20.77122222222222 9
stats: tr_Reply_To_Conversation 0 0 0 75.097 21.046 28.53933333333333 9
stats: tr_Get_Book 1 291.923 0.0 1187.752 168.645 488.44118749999996 32
stats: tr_Get_New_Book 0 0 0 18.506 6.802 10.282411764705882 17
stats: tr_Post_New_Book 0 0 0 231.977 6.076 27.15276470588235 17
stats: tr_Redirect_To_New_Book 0 0 0 151.264 6.405 19.489470588235292 17
# stats: dump at 1575882890
stats: users 107 114
stats: {recvpackets,"tsung_controller@ip-172-31-46-69"} 1 2465.0 0.0 3216 138 1075.111111111111 9
stats: {sentpackets,"tsung_controller@ip-172-31-46-69"} 1 1032.0 0.0 1032 45 453.0 9
stats: {cpu,"tsung_controller@ip-172-31-46-69"} 1 0.023943867246871683 0.0 0.03643518181155724 0.002082248828735034 0.014999735799821747 10
stats: {load,"tsung_controller@ip-172-31-46-69"} 1 0.109375 0.0 0.109375 0.0 0.0328125 10
stats: {freemem,"tsung_controller@ip-172-31-46-69"} 1 375576.21484375 0.0 375603.47265625 375572.48828125 375591.146484375 10
stats: session 9 14293.449888888888 2649.0483864507705 33155.815 5305.045 16265.99001111111 90
stats: users_count 30 206
stats: finish_users_count 9 99
stats: request 299 1428.2539431438122 1743.0505402069493 5649.337 4.081 133.46392588932807 1012
stats: connect 34 1.8778235294117647 0.2269795884303561 14.815 1.451 2.0738372093023263 172
stats: page 299 1428.2539431438122 1743.0505402069493 5649.337 4.081 134.66351146560322 1003
stats: tr_Initial_Get_Root 34 4052.8861176470587 893.8761637491666 5649.493 68.778 214.18198924731178 93
stats: 302 127 522
stats: tr_Get_Root 3 2935.302 886.0772830474025 4009.107 69.583 299.81606250000004 16
stats: 200 172 789
stats: tr_Redirect_Root 50 4039.30182 724.4942680699603 5506.277 67.935 224.55253921568627 102
stats: size_rcv 4180132 16841032
stats: tr_Post_New_Comment_On_Post 9 333.5984444444445 178.66491527257955 594.954 8.29 39.82817241379311 29
stats: newphase 0 2
stats: tr_Get_Post 9 1176.5098888888888 321.3542150280917 1866.52 62.061 275.32846666666666 30
stats: size_sent 176700 719182
stats: tr_Redirect_To_Post 14 1349.0601428571429 431.36631576800863 2041.182 55.796 154.4547234042553 47
stats: connected 25 107
stats: tr_Post_New_Comment_On_Comment 8 392.224875 197.94704718588093 658.243 9.144 41.253608695652176 23
stats: tr_Post_New_Post 0 0 0 314.595 7.687 26.061 33
stats: tr_Get_New_Post 0 0 0 262.93 9.331 27.298363636363636 33
stats: tr_Redirect_To_New_Post 1 452.579 0.0 452.579 10.18 21.074187499999997 32
stats: tr_Get_Logout 2 202.13549999999998 134.5675 336.703 6.16 37.263444444444445 9
stats: tr_Get_Conversations 4 121.83600000000001 54.03425620381945 214.017 8.063 35.60177777777778 9
stats: tr_Authenticate_User 56 4352.295767857143 2203.4035146408155 15400.588 550.826 3847.179157480315 127
stats: tr_Get_Login 2 132.32150000000001 21.963500000000003 154.285 6.117 10.137 9
stats: tr_Post_Login 1 529.243 0.0 529.243 124.365 158.52599999999998 9
stats: tr_Get_New_Conversation 0 0 0 1811.227 612.919 1017.9743333333333 9
stats: tr_Post_New_Conversation 0 0 0 41.97 16.791 25.536333333333335 9
stats: tr_Redirect_To_New_Conversation 0 0 0 32.83 14.563 19.462666666666664 9
stats: tr_Redirect_To_Same_Conversation 0 0 0 48.97 13.995 20.77122222222222 9
stats: tr_Reply_To_Conversation 0 0 0 75.097 21.046 28.53933333333333 9
stats: tr_Get_Book 0 0 0 1187.752 168.645 482.4860909090909 33
stats: tr_Get_New_Book 7 172.65342857142858 108.16943970305788 352.014 6.802 10.282411764705882 17
stats: tr_Post_New_Book 7 253.19614285714286 109.78919819548807 397.688 6.076 27.15276470588235 17
stats: tr_Redirect_To_New_Book 2 252.4195 176.5975 429.017 6.405 19.489470588235292 17
# stats: dump at 1575882900
stats: users 64 114
stats: {recvpackets,"tsung_controller@ip-172-31-46-69"} 1 3976.0 0.0 3976 138 1214.1 10
stats: {sentpackets,"tsung_controller@ip-172-31-46-69"} 1 1099.0 0.0 1099 45 510.9 10
stats: {cpu,"tsung_controller@ip-172-31-46-69"} 1 0.05413677865345174 0.0 0.05413677865345174 0.002082248828735034 0.015812838658644468 11
stats: {load,"tsung_controller@ip-172-31-46-69"} 1 0.08984375 0.0 0.109375 0.0 0.03977272727272727 11
stats: {freemem,"tsung_controller@ip-172-31-46-69"} 1 375535.5703125 0.0 375603.47265625 375535.5703125 375589.7890625 11
stats: session 43 21065.598302325583 4105.255862460295 33155.815 5305.045 16086.66818181818 99
stats: users_count 0 206
stats: finish_users_count 43 142
stats: request 304 1442.5263651315786 2398.8714392502065 11455.806 4.081 428.7669122807016 1311
stats: connect 0 0 0 14.815 1.451 2.0414854368932045 206
stats: page 304 1442.5263651315786 2398.8714392502065 11455.806 4.081 431.7322818740398 1302
stats: tr_Initial_Get_Root 0 0 0 5649.493 68.778 1241.866559055118 127
stats: 302 109 631
stats: tr_Get_Root 0 0 0 4009.107 69.583 715.9454210526317 19
stats: 200 196 985
stats: tr_Redirect_Root 44 3650.7357272727268 1048.213814080461 5668.412 67.935 1479.4042763157895 152
stats: size_rcv 5654176 22495208
stats: tr_Post_New_Comment_On_Post 22 250.46022727272737 162.88933253786195 719.03 8.29 109.40534210526316 38
stats: newphase 0 2
stats: tr_Get_Post 21 1077.793 330.76814526910226 1866.52 62.061 483.29341025641025 39
stats: size_sent 165927 885109
stats: tr_Redirect_To_Post 38 903.4357105263158 337.5406352798919 2041.182 55.796 428.6264590163934 61
stats: connected -40 67
stats: tr_Post_New_Comment_On_Comment 18 235.72955555555558 143.0967687713544 658.243 9.144 131.82683870967742 31
stats: tr_Post_New_Post 17 165.48229411764703 82.40733509025881 368.831 7.687 26.061 33
stats: tr_Get_New_Post 18 144.6475555555556 82.48084451234199 359.063 9.331 27.298363636363636 33
stats: tr_Redirect_To_New_Post 12 198.31674999999998 87.09063175424878 452.579 10.18 34.150090909090906 33
stats: tr_Get_Logout 3 112.53133333333334 79.8155799007242 336.703 6.16 67.24018181818181 11
stats: tr_Get_Conversations 5 207.4694 140.9619584747601 473.241 8.063 62.135384615384616 13
stats: tr_Authenticate_User 20 6008.42145 3223.0329526677892 15400.588 550.826 4001.7503606557375 183
stats: tr_Get_Login 3 134.07766666666666 133.09869459498424 321.996 6.117 32.35236363636364 11
stats: tr_Post_Login 3 367.7006666666667 125.04581362133727 529.243 124.365 195.59769999999997 10
stats: tr_Get_New_Conversation 0 0 0 1811.227 612.919 1017.9743333333333 9
stats: tr_Post_New_Conversation 0 0 0 41.97 16.791 25.536333333333335 9
stats: tr_Redirect_To_New_Conversation 0 0 0 32.83 14.563 19.462666666666664 9
stats: tr_Redirect_To_Same_Conversation 0 0 0 48.97 13.995 20.77122222222222 9
stats: tr_Reply_To_Conversation 0 0 0 75.097 21.046 28.53933333333333 9
stats: tr_Get_Book 23 8072.466043478263 2765.0078852639585 11455.921 168.645 482.4860909090909 33
stats: tr_Get_New_Book 12 152.71091666666666 99.02887635470975 405.369 6.802 57.640625 24
stats: tr_Post_New_Book 10 177.55479999999997 211.63029840493067 790.591 6.076 93.08208333333334 24
stats: tr_Redirect_To_New_Book 11 190.00572727272728 90.55045095725356 429.017 6.405 44.008421052631576 19
# stats: dump at 1575882910
stats: users 15 114
stats: {recvpackets,"tsung_controller@ip-172-31-46-69"} 1 4568.0 0.0 4568 138 1465.1818181818182 11
stats: {sentpackets,"tsung_controller@ip-172-31-46-69"} 1 1133.0 0.0 1133 45 564.3636363636364 11
stats: {cpu,"tsung_controller@ip-172-31-46-69"} 1 0.04893590437716047 0.0 0.05413677865345174 0.002082248828735034 0.019006500324878408 12
stats: {load,"tsung_controller@ip-172-31-46-69"} 1 0.078125 0.0 0.109375 0.0 0.0439453125 12
stats: {freemem,"tsung_controller@ip-172-31-46-69"} 1 375530.10546875 0.0 375603.47265625 375530.10546875 375585.2708333333 12
stats: session 49 25994.536836734693 4036.9080419117467 35728.898 5305.045 17594.372373239436 142
stats: users_count 0 206
stats: finish_users_count 49 191
stats: request 173 949.9697745664727 2726.0763037610373 15544.604 4.081 619.5922210526314 1615
stats: connect 0 0 0 14.815 1.451 2.0414854368932045 206
stats: page 170 966.73798235294 2747.080970055883 15544.604 4.081 623.0656575342464 1606
stats: tr_Initial_Get_Root 0 0 0 5649.493 68.778 1241.866559055118 127
stats: 302 58 689
stats: tr_Get_Root 0 0 0 4009.107 69.583 715.9454210526317 19
stats: 200 114 1099
stats: tr_Redirect_Root 10 1916.5299 1509.612954493134 5668.412 67.935 1966.846030612245 196
stats: size_rcv 2309762 24804970
stats: tr_Post_New_Comment_On_Post 0 0 0 719.03 8.29 161.1254666666667 60
stats: newphase 0 2
stats: tr_Get_Post 0 0 0 1866.52 62.061 691.3682666666666 60
stats: size_sent 82817 967926
stats: tr_Redirect_To_Post 21 431.97247619047613 400.32707869840857 2041.182 55.557 610.8764747474747 99
stats: connected -52 15
stats: tr_Post_New_Comment_On_Comment 11 64.563 66.21805131533243 658.243 9.144 169.9951836734694 49
stats: tr_Post_New_Post 15 42.09573333333333 43.33644692475632 368.831 7.687 73.46423999999999 50
stats: tr_Get_New_Post 14 41.07564285714285 49.64460452572169 359.063 9.331 68.71572549019609 51
stats: tr_Redirect_To_New_Post 16 21.392749999999996 23.054478815134818 452.579 9.94 77.92786666666666 45
stats: tr_Get_Logout 2 35.92 3.539999999999999 336.703 6.16 76.94542857142856 14
stats: tr_Get_Conversations 1 7.829 0.0 473.241 7.829 102.50594444444444 18
stats: tr_Authenticate_User 3 11942.673666666667 2577.255565722878 15400.588 550.826 4199.451945812808 203
stats: tr_Get_Login 2 13.7105 1.5035000000000003 321.996 6.117 54.15064285714285 14
stats: tr_Post_Login 3 162.59366666666668 29.41935609235676 529.243 124.365 235.3137692307692 13
stats: tr_Get_New_Conversation 10 10022.380199999998 4587.455790732937 15544.827 612.919 1017.9743333333333 9
stats: tr_Post_New_Conversation 10 31.174300000000006 23.971153493522174 88.914 16.25 25.536333333333335 9
stats: tr_Redirect_To_New_Conversation 7 18.057142857142857 4.769112748527054 32.83 14.022 19.462666666666664 9
stats: tr_Redirect_To_Same_Conversation 3 19.007666666666665 6.517156912505806 48.97 13.995 20.77122222222222 9
stats: tr_Reply_To_Conversation 3 39.54233333333334 24.149504540581272 75.097 21.046 28.53933333333333 9
stats: tr_Get_Book 10 3148.9627 2460.7464332374457 11455.921 168.645 3599.7992857142863 56
stats: tr_Get_New_Book 9 26.716 23.39638618818442 405.369 6.211 89.33072222222222 36
stats: tr_Post_New_Book 11 29.99354545454545 47.253096112825595 790.591 6.076 117.927 34
stats: tr_Redirect_To_New_Book 12 31.026833333333332 43.678202812984686 429.017 6.405 97.54076666666667 30
# stats: dump at 1575882920
stats: users 2 114
stats: {recvpackets,"tsung_controller@ip-172-31-46-69"} 1 1544.0 0.0 4568 138 1723.75 12
stats: {sentpackets,"tsung_controller@ip-172-31-46-69"} 1 588.0 0.0 1133 45 611.75 12
stats: {cpu,"tsung_controller@ip-172-31-46-69"} 1 0.016657296937139524 0.0 0.05413677865345174 0.002082248828735034 0.021308762175053952 13
stats: {load,"tsung_controller@ip-172-31-46-69"} 1 0.05859375 0.0 0.109375 0.0 0.04657451923076923 13
stats: {freemem,"tsung_controller@ip-172-31-46-69"} 1 375551.70703125 0.0 375603.47265625 375530.10546875 375581.02734375 13
stats: session 13 33784.03446153846 3904.022221479626 41167.929 5305.045 19749.388387434556 191
stats: users_count 0 206
stats: finish_users_count 13 204
stats: request 25 16.28192 6.07698360649426 15544.604 4.081 651.5582818791944 1788
stats: connect 0 0 0 14.815 1.451 2.0414854368932045 206
stats: page 18 22.69383333333333 13.33592293289903 15544.604 4.081 655.9622201576574 1776
stats: tr_Initial_Get_Root 0 0 0 5649.493 68.778 1241.866559055118 127
stats: 302 8 697
stats: tr_Get_Root 0 0 0 4009.107 69.583 715.9454210526317 19
stats: 200 17 1116
stats: tr_Redirect_Root 0 0 0 5668.412 67.935 1964.4035 206
stats: size_rcv 50667 24855637
stats: tr_Post_New_Comment_On_Post 0 0 0 719.03 8.29 161.1254666666667 60
stats: newphase 0 2
stats: tr_Get_Post 0 0 0 1866.52 62.061 691.3682666666666 60
stats: size_sent 13740 981666
stats: tr_Redirect_To_Post 0 0 0 2041.182 55.557 579.568275 120
stats: connected -13 2
stats: tr_Post_New_Comment_On_Comment 0 0 0 658.243 9.144 150.66595 60
stats: tr_Post_New_Post 1 9.328 0.0 368.831 7.687 66.22535384615384 65
stats: tr_Get_New_Post 1 13.939 0.0 359.063 9.331 62.76247692307693 65
stats: tr_Redirect_To_New_Post 4 10.26725 0.7571870228021604 452.579 8.968 63.098983606557375 61
stats: tr_Get_Logout 0 0 0 336.703 6.16 71.81724999999999 16
stats: tr_Get_Conversations 0 0 0 473.241 7.829 97.52294736842104 19
stats: tr_Authenticate_User 0 0 0 15400.588 550.826 4312.217310679612 206
stats: tr_Get_Login 0 0 0 321.996 6.117 49.095625 16
stats: tr_Post_Login 0 0 0 529.243 124.365 221.67874999999998 16
stats: tr_Get_New_Conversation 0 0 0 15544.827 612.919 5757.135315789473 19
stats: tr_Post_New_Conversation 0 0 0 88.914 16.25 28.50368421052632 19
stats: tr_Redirect_To_New_Conversation 3 21.34166666666667 6.979568101887745 32.83 14.022 18.847749999999998 16
stats: tr_Redirect_To_Same_Conversation 7 15.28614285714286 1.4460074519242316 48.97 13.918 20.330333333333332 12
stats: tr_Reply_To_Conversation 7 22.944285714285716 2.088221917208562 75.097 21.046 31.29008333333333 12
stats: tr_Get_Book 0 0 0 11455.921 168.645 3531.4907121212127 66
stats: tr_Get_New_Book 0 0 0 405.369 6.211 76.80777777777777 45
stats: tr_Post_New_Book 0 0 0 790.591 6.076 96.43215555555555 45
stats: tr_Redirect_To_New_Book 2 7.8325 0.15749999999999997 429.017 6.405 78.53678571428571 42
# stats: dump at 1575882930
stats: users 83 114
stats: {recvpackets,"tsung_controller@ip-172-31-46-69"} 1 57.0 0.0 4568 57 1709.923076923077 13
stats: {sentpackets,"tsung_controller@ip-172-31-46-69"} 1 55.0 0.0 1133 45 609.9230769230769 13
stats: {cpu,"tsung_controller@ip-172-31-46-69"} 1 0.0031227230144686164 0.0 0.05413677865345174 0.002082248828735034 0.020976514658060063 14
stats: {load,"tsung_controller@ip-172-31-46-69"} 1 0.05078125 0.0 0.109375 0.0 0.04743303571428571 14
stats: {freemem,"tsung_controller@ip-172-31-46-69"} 1 375559.6875 0.0 375603.47265625 375530.10546875 375578.93303571426 14
stats: session 2 37420.258 626.797999999997 41167.929 5305.045 20643.753088235295 204
stats: users_count 83 289
stats: finish_users_count 2 206
stats: request 123 178.72961788617886 204.39554601269958 15544.604 4.081 642.7982658576942 1813
stats: connect 79 1.9762151898734164 1.0114235446165523 14.815 1.451 2.0414854368932045 206
stats: page 123 178.72961788617886 204.39554601269958 15544.604 4.081 649.6083567447043 1794
stats: tr_Initial_Get_Root 30 319.5171666666667 194.0301997252117 5649.493 68.778 1241.866559055118 127
stats: 302 32 729
stats: tr_Get_Root 8 341.360625 118.1370491081624 4009.107 69.583 715.9454210526317 19
stats: 200 91 1207
stats: tr_Redirect_Root 1 1215.654 0.0 5668.412 67.935 1964.4035 206
stats: size_rcv 1758666 26614303
stats: tr_Post_New_Comment_On_Post 0 0 0 719.03 8.29 161.1254666666667 60
stats: newphase 1 3
stats: tr_Get_Post 0 0 0 1866.52 62.061 691.3682666666666 60
stats: size_sent 57468 1039134
stats: tr_Redirect_To_Post 0 0 0 2041.182 55.557 579.568275 120
stats: connected 77 79
stats: tr_Post_New_Comment_On_Comment 0 0 0 658.243 9.144 150.66595 60
stats: tr_Post_New_Post 0 0 0 368.831 7.687 65.36327272727272 66
stats: tr_Get_New_Post 0 0 0 359.063 9.331 62.02272727272728 66
stats: tr_Redirect_To_New_Post 1 10.509 0.0 452.579 8.968 59.8478 65
stats: tr_Get_Logout 0 0 0 336.703 6.16 71.81724999999999 16
stats: tr_Get_Conversations 0 0 0 473.241 7.829 97.52294736842104 19
stats: tr_Authenticate_User 10 2790.1613000000007 870.240502627986 15400.588 550.826 4312.217310679612 206
stats: tr_Get_Login 0 0 0 321.996 6.117 49.095625 16
stats: tr_Post_Login 0 0 0 529.243 124.365 221.67874999999998 16
stats: tr_Get_New_Conversation 0 0 0 15544.827 612.919 5757.135315789473 19
stats: tr_Post_New_Conversation 0 0 0 88.914 16.25 28.50368421052632 19
stats: tr_Redirect_To_New_Conversation 0 0 0 32.83 14.022 19.24152631578947 19
stats: tr_Redirect_To_Same_Conversation 0 0 0 48.97 13.918 18.471947368421052 19
stats: tr_Reply_To_Conversation 0 0 0 75.097 21.046 28.215315789473685 19
stats: tr_Get_Book 0 0 0 11455.921 168.645 3531.4907121212127 66
stats: tr_Get_New_Book 0 0 0 405.369 6.211 76.80777777777777 45
stats: tr_Post_New_Book 0 0 0 790.591 6.076 96.43215555555555 45
stats: tr_Redirect_To_New_Book 1 8.069 0.0 429.017 6.405 75.32295454545455 44
# stats: dump at 1575882940
stats: users 237 237
stats: {recvpackets,"tsung_controller@ip-172-31-46-69"} 1 1929.0 0.0 4568 57 1591.857142857143 14
stats: {sentpackets,"tsung_controller@ip-172-31-46-69"} 1 906.0 0.0 1133 45 570.2857142857143 14
stats: {cpu,"tsung_controller@ip-172-31-46-69"} 1 0.014578473842052648 0.0 0.05413677865345174 0.002082248828735034 0.019786261881820637 15
stats: {load,"tsung_controller@ip-172-31-46-69"} 1 0.05078125 0.0 0.109375 0.0 0.04765625 15
stats: {freemem,"tsung_controller@ip-172-31-46-69"} 1 375569.2578125 0.0 375603.47265625 375530.10546875 375577.65 15
stats: session 0 0 0 41167.929 5305.045 20806.63177669903 206
stats: users_count 154 443
stats: finish_users_count 0 206
stats: request 255 2557.4511215686275 1939.8639888191894 15544.604 1.2 613.3145655991733 1936
stats: connect 158 1.830658227848103 1.099294461721491 15.506 1.335 2.0233929824561403 285
stats: page 255 2557.4511215686275 1939.8639888191894 15544.604 1.2 619.395479916536 1917
stats: tr_Initial_Get_Root 59 4646.651372881358 1488.9139239086594 7093.596 2.973 1065.6214522292994 157
stats: 302 91 820
stats: tr_Get_Root 7 4457.767000000002 471.3172520682246 5297.774 69.583 604.9573333333334 27
stats: 200 157 1364
stats: tr_Redirect_Root 21 5107.274238095239 1533.2294105184806 7242.204 1.797 1960.7863526570047 207
stats: size_rcv 3933452 30547755
stats: tr_Post_New_Comment_On_Post 1 1727.805 0.0 1727.805 8.29 161.1254666666667 60
stats: newphase 0 3
stats: tr_Get_Post 6 2421.0185 305.2714927365202 2861.583 62.061 691.3682666666666 60
stats: 502 7 7
stats: tr_Redirect_To_Post 0 0 0 2041.182 55.557 579.568275 120
stats: size_sent 168145 1207279
stats: tr_Post_New_Comment_On_Comment 0 0 0 658.243 9.144 150.66595 60
stats: connected 158 237
stats: tr_Post_New_Post 0 0 0 368.831 7.687 65.36327272727272 66
stats: tr_Get_New_Post 0 0 0 359.063 9.331 62.02272727272728 66
stats: tr_Redirect_To_New_Post 0 0 0 452.579 8.968 59.100242424242424 66
stats: tr_Get_Logout 0 0 0 336.703 6.16 71.81724999999999 16
stats: tr_Get_Conversations 0 0 0 473.241 7.829 97.52294736842104 19
stats: tr_Authenticate_User 44 5738.409022727272 2377.611640593852 15400.588 550.826 4241.75175462963 216
stats: tr_Get_Login 0 0 0 321.996 6.117 49.095625 16
stats: tr_Post_Login 0 0 0 529.243 124.365 221.67874999999998 16
stats: tr_Get_New_Conversation 0 0 0 15544.827 612.919 5757.135315789473 19
stats: tr_Post_New_Conversation 0 0 0 88.914 16.25 28.50368421052632 19
stats: tr_Redirect_To_New_Conversation 0 0 0 32.83 14.022 19.24152631578947 19
stats: tr_Redirect_To_Same_Conversation 0 0 0 48.97 13.918 18.471947368421052 19
stats: tr_Reply_To_Conversation 0 0 0 75.097 21.046 28.215315789473685 19
stats: tr_Get_Book 0 0 0 11455.921 168.645 3531.4907121212127 66
stats: tr_Get_New_Book 0 0 0 405.369 6.211 76.80777777777777 45
stats: tr_Post_New_Book 0 0 0 790.591 6.076 96.43215555555555 45
stats: tr_Redirect_To_New_Book 0 0 0 429.017 6.405 73.82842222222222 45
# stats: dump at 1575882950
stats: users 237 237
stats: {recvpackets,"tsung_controller@ip-172-31-46-69"} 1 4382.0 0.0 4568 57 1614.3333333333333 15
stats: {sentpackets,"tsung_controller@ip-172-31-46-69"} 1 1584.0 0.0 1584 45 592.6666666666666 15
stats: {cpu,"tsung_controller@ip-172-31-46-69"} 1 0.036439733885829106 0.0 0.05413677865345174 0.002082248828735034 0.019460775129335136 16
stats: {load,"tsung_controller@ip-172-31-46-69"} 1 0.0390625 0.0 0.109375 0.0 0.0478515625 16
stats: {freemem,"tsung_controller@ip-172-31-46-69"} 1 375541.16796875 0.0 375603.47265625 375530.10546875 375577.12548828125 16
stats: session 0 0 0 41167.929 5305.045 20806.63177669903 206
stats: users_count 0 443
stats: finish_users_count 0 206
stats: request 301 5406.3328936877115 2063.535487895772 15544.604 1.2 839.583311273391 2191
stats: connect 0 0 0 15.506 1.335 1.9546523702031608 443
stats: page 301 5406.3328936877115 2063.535487895772 15544.604 1.2 846.9296367403314 2172
stats: tr_Initial_Get_Root 40 8633.585299999997 1846.1259507796212 12396.524 2.973 2043.7731435185187 216
stats: 302 126 946
stats: tr_Get_Root 13 8039.013076923078 1662.4426139290645 12322.221 69.583 1398.182852941177 34
stats: 200 174 1538
stats: tr_Redirect_Root 22 8552.531954545453 1736.1083340614666 13270.065 1.797 2250.594447368421 228
stats: size_rcv 3926329 34474084
stats: tr_Post_New_Comment_On_Post 9 4364.065666666667 501.74857188015733 5021.431 8.29 186.80873770491806 61
stats: newphase 0 3
stats: tr_Get_Post 8 5572.0443749999995 870.4720766548082 6907.342 62.061 848.6091969696969 66
stats: 502 0 7
stats: tr_Redirect_To_Post 4 6035.4532500000005 326.3640183976894 6370.948 55.557 579.568275 120
stats: 422 1 1
stats: tr_Post_New_Comment_On_Comment 1 4423.703 0.0 4423.703 9.144 150.66595 60
stats: size_sent 184051 1391330
stats: tr_Post_New_Post 0 0 0 368.831 7.687 65.36327272727272 66
stats: connected 0 237
stats: tr_Get_New_Post 0 0 0 359.063 9.331 62.02272727272728 66
stats: tr_Redirect_To_New_Post 0 0 0 452.579 8.968 59.100242424242424 66
stats: tr_Get_Logout 1 3823.082 0.0 3823.082 6.16 71.81724999999999 16
stats: tr_Get_Conversations 2 4817.268 178.7460000000001 4996.014 7.829 97.52294736842104 19
stats: tr_Authenticate_User 47 11899.402680851066 2510.4606037132007 18298.934 550.826 4495.032215384616 260
stats: tr_Get_Login 1 4552.224 0.0 4552.224 6.117 49.095625 16
stats: tr_Post_Login 0 0 0 529.243 124.365 221.67874999999998 16
stats: tr_Get_New_Conversation 0 0 0 15544.827 612.919 5757.135315789473 19
stats: tr_Post_New_Conversation 0 0 0 88.914 16.25 28.50368421052632 19
stats: tr_Redirect_To_New_Conversation 0 0 0 32.83 14.022 19.24152631578947 19
stats: tr_Redirect_To_Same_Conversation 0 0 0 48.97 13.918 18.471947368421052 19
stats: tr_Reply_To_Conversation 0 0 0 75.097 21.046 28.215315789473685 19
stats: tr_Get_Book 0 0 0 11455.921 168.645 3531.4907121212127 66
stats: tr_Get_New_Book 5 4378.927 315.76301918875834 4863.336 6.211 76.80777777777777 45
stats: tr_Post_New_Book 1 4790.642 0.0 4790.642 6.076 96.43215555555555 45
stats: tr_Redirect_To_New_Book 0 0 0 429.017 6.405 73.82842222222222 45
# stats: dump at 1575882960
stats: users 231 237
stats: {recvpackets,"tsung_controller@ip-172-31-46-69"} 1 3057.0 0.0 4568 57 1787.3125 16
stats: {sentpackets,"tsung_controller@ip-172-31-46-69"} 1 967.0 0.0 1584 45 654.625 16
stats: {cpu,"tsung_controller@ip-172-31-46-69"} 1 0.02915269766570185 0.0 0.05413677865345174 0.002082248828735034 0.020459537409128897 17
stats: {load,"tsung_controller@ip-172-31-46-69"} 1 0.109375 0.0 0.109375 0.0 0.04733455882352941 17
stats: {freemem,"tsung_controller@ip-172-31-46-69"} 1 375516.54296875 0.0 375603.47265625 375516.54296875 375575.01034007355 17
stats: session 6 30723.042833333337 3098.535658809788 41167.929 5305.045 20806.63177669903 206
stats: users_count 0 443
stats: finish_users_count 6 212
stats: request 289 6054.438173010378 3692.0815495278375 20442.889 1.2 1391.1850866773677 2492
stats: connect 0 0 0 15.506 1.335 1.9546523702031608 443
stats: page 289 6054.438173010378 3692.0815495278375 20442.889 1.2 1401.8752009704815 2473
stats: tr_Initial_Get_Root 14 13193.633714285717 1157.46671004973 15121.695 2.973 3073.43129296875 256
stats: 302 156 1102
stats: tr_Get_Root 1 15946.355 0.0 15946.355 69.583 3235.0082340425542 47
stats: 200 128 1666
stats: tr_Redirect_Root 50 10689.516599999999 2721.7498905715847 14011.985 1.797 2805.1649479999996 250
stats: size_rcv 3745904 38219988
stats: tr_Post_New_Comment_On_Post 9 4196.153555555556 418.05685781644337 5021.431 8.29 723.8846285714287 70
stats: newphase 0 3
stats: tr_Get_Post 6 5958.177500000001 784.2228086812555 6907.342 62.061 1359.2508378378377 74
stats: 502 4 11
stats: tr_Redirect_To_Post 9 5410.231222222223 679.1731959257157 6702.221 55.557 755.5645645161289 124
stats: 422 1 2
stats: tr_Post_New_Comment_On_Comment 4 4175.93325 438.00335999702963 4756.496 9.144 220.71573770491804 61
stats: size_sent 183201 1574531
stats: tr_Post_New_Post 0 0 0 368.831 7.687 65.36327272727272 66
stats: connected -6 231
stats: tr_Get_New_Post 1 4679.14 0.0 4679.14 9.331 62.02272727272728 66
stats: tr_Redirect_To_New_Post 0 0 0 452.579 8.968 59.100242424242424 66
stats: tr_Get_Logout 1 4252.803 0.0 4252.803 6.16 292.47988235294116 17
stats: tr_Get_Conversations 3 4044.6696666666667 402.1053157481123 4996.014 7.829 547.0224761904761 21
stats: tr_Authenticate_User 82 15127.102987804874 2810.3636454460825 21897.31 550.826 5628.600332247557 307
stats: tr_Get_Login 1 3639.921 0.0 4552.224 6.117 313.9855294117647 17
stats: tr_Post_Login 1 4548.25 0.0 4548.25 124.365 221.67874999999998 16
stats: tr_Get_New_Conversation 0 0 0 15544.827 612.919 5757.135315789473 19
stats: tr_Post_New_Conversation 0 0 0 88.914 16.25 28.50368421052632 19
stats: tr_Redirect_To_New_Conversation 0 0 0 32.83 14.022 19.24152631578947 19
stats: tr_Redirect_To_Same_Conversation 0 0 0 48.97 13.918 18.471947368421052 19
stats: tr_Reply_To_Conversation 0 0 0 75.097 21.046 28.215315789473685 19
stats: tr_Get_Book 5 18638.629999999997 1099.4790506649967 20443.087 168.645 3531.4907121212127 66
stats: tr_Get_New_Book 3 4049.7333333333336 134.90567670866284 4863.336 6.211 507.01969999999994 50
stats: tr_Post_New_Book 7 4230.653 310.28519209591695 4848.819 6.076 198.4801956521739 46
stats: tr_Redirect_To_New_Book 3 4284.920333333333 652.5306302298939 4794.504 6.405 73.82842222222222 45
# stats: dump at 1575882970
stats: users 217 237
stats: {recvpackets,"tsung_controller@ip-172-31-46-69"} 1 3382.0 0.0 4568 57 1862.0 17
stats: {sentpackets,"tsung_controller@ip-172-31-46-69"} 1 979.0 0.0 1584 45 673.0 17
stats: {cpu,"tsung_controller@ip-172-31-46-69"} 1 0.029154518950437316 0.0 0.05413677865345174 0.002082248828735034 0.02094249075671628 18
stats: {load,"tsung_controller@ip-172-31-46-69"} 1 0.08984375 0.0 0.109375 0.0 0.05078125 18
stats: {freemem,"tsung_controller@ip-172-31-46-69"} 1 375500.34375 0.0 375603.47265625 375500.34375 375571.76215277775 18
stats: session 14 39261.85414285714 2235.990791001096 42077.389 5305.045 21087.28491981132 212
stats: users_count 0 443
stats: finish_users_count 14 226
stats: request 264 6575.066132575763 3227.889393110553 20442.889 1.172 1875.787798633585 2781
stats: connect 0 0 0 15.506 1.335 1.9546523702031608 443
stats: page 264 6575.066132575763 3227.889393110553 20442.889 1.172 1888.6929775524984 2762
stats: tr_Initial_Get_Root 0 0 0 15121.695 2.973 3598.1825296296297 270
stats: 302 93 1195
stats: tr_Get_Root 0 0 0 15946.355 69.583 3499.8279583333347 48
stats: 200 150 1816
stats: tr_Redirect_Root 74 9704.428918918922 2125.2412209493377 14011.985 1.306 4119.223556666666 300
stats: size_rcv 5468577 43688565
stats: tr_Post_New_Comment_On_Post 10 3710.1519 2429.602045120536 5422.612 1.52 1119.4595696202532 79
stats: newphase 0 3
stats: tr_Get_Post 26 5688.550192307691 2076.412249369608 6943.354 1.75 1704.1703374999997 80
stats: 502 21 32
stats: tr_Redirect_To_Post 19 6030.6145789473685 1461.3059838930062 7131.049 2.093 1070.542007518797 133
stats: 422 0 2
stats: tr_Post_New_Comment_On_Comment 10 4679.0871 1583.686274052816 5725.662 1.322 464.11373846153845 65
stats: size_sent 142381 1716912
stats: tr_Post_New_Post 3 3392.9660000000003 2398.188124667037 5120.631 1.617 65.36327272727272 66
stats: connected -14 217
stats: tr_Get_New_Post 7 5240.120285714286 127.64133758276903 5402.536 9.331 130.93492537313435 67
stats: tr_Redirect_To_New_Post 0 0 0 452.579 8.968 59.100242424242424 66
stats: tr_Get_Logout 9 5265.866888888889 155.85247492238324 5557.853 6.16 512.4978333333333 18
stats: tr_Get_Conversations 5 5289.5398000000005 106.31517747038734 5417.203 7.829 984.228375 24
stats: tr_Authenticate_User 39 17186.1345897436 3707.773491907272 30171.128 550.826 7630.8553907455 389
stats: tr_Get_Login 2 2652.6635 2648.9514999999997 5301.615 3.712 498.7597222222222 18
stats: tr_Post_Login 1 5165.764 0.0 5165.764 124.365 476.1829411764706 17
stats: tr_Get_New_Conversation 1 1.604 0.0 15544.827 1.604 5757.135315789473 19
stats: tr_Post_New_Conversation 0 0 0 88.914 16.25 28.50368421052632 19
stats: tr_Redirect_To_New_Conversation 0 0 0 32.83 14.022 19.24152631578947 19
stats: tr_Redirect_To_Same_Conversation 0 0 0 48.97 13.918 18.471947368421052 19
stats: tr_Reply_To_Conversation 0 0 0 75.097 21.046 28.215315789473685 19
stats: tr_Get_Book 8 12830.110875000002 7445.339359569188 20443.087 1.422 4595.3737605633805 71
stats: tr_Get_New_Book 12 4380.6762499999995 1969.4903188199955 5476.377 1.615 707.5506603773584 53
stats: tr_Post_New_Book 3 5150.776000000001 243.6446910523603 5468.139 6.076 731.0313207547171 53
stats: tr_Redirect_To_New_Book 5 5304.8198 294.3737026661179 5781.451 6.405 337.0216666666666 48
# stats: dump at 1575882980
stats: users 197 237
stats: {recvpackets,"tsung_controller@ip-172-31-46-69"} 1 4415.0 0.0 4568 57 1946.4444444444443 18
stats: {sentpackets,"tsung_controller@ip-172-31-46-69"} 1 1061.0 0.0 1584 45 690.0 18
stats: {cpu,"tsung_controller@ip-172-31-46-69"} 1 0.04996460840238165 0.0 0.05413677865345174 0.002082248828735034 0.021374702766912123 19
stats: {load,"tsung_controller@ip-172-31-46-69"} 1 0.078125 0.0 0.109375 0.0 0.05283717105263158 19
stats: {freemem,"tsung_controller@ip-172-31-46-69"} 1 375478.12890625 0.0 375603.47265625 375478.12890625 375568.0032894737 19
stats: session 20 47265.35244999999 2955.7173985682966 53890.291 5305.045 22213.143190265484 226
stats: users_count 0 443
stats: finish_users_count 20 246
stats: request 257 6310.273968871594 3358.740273019876 20442.889 1.172 2283.2129152709363 3045
stats: connect 0 0 0 15.506 1.335 1.9546523702031608 443
stats: page 257 6310.273968871594 3358.740273019876 20442.889 1.172 2297.5503843357574 3026
stats: tr_Initial_Get_Root 0 0 0 15121.695 2.973 3598.1825296296297 270
stats: 302 90 1285
stats: tr_Get_Root 0 0 0 15946.355 69.583 3499.8279583333347 48
stats: 200 163 1979
stats: tr_Redirect_Root 48 10651.626250000001 746.6814295907513 14011.985 1.306 5224.317665775401 374
stats: size_rcv 5166842 48855407
stats: tr_Post_New_Comment_On_Post 30 4485.7264 749.2311330980407 5791.158 1.52 1410.5485955056179 89
stats: newphase 0 3
stats: tr_Get_Post 18 5811.681888888889 926.4039634453266 7061.274 1.75 2681.471056603773 106
stats: 502 0 32
stats: tr_Redirect_To_Post 27 5066.533851851851 749.9504714276608 7131.049 2.093 1690.5510789473683 152
stats: 422 5 7
stats: tr_Post_New_Comment_On_Comment 8 4211.6655 728.7127679653693 5758.235 1.322 1026.1101866666666 75
stats: size_sent 136315 1853227
stats: tr_Post_New_Post 10 4200.8212 617.891976924413 5120.631 1.617 210.04165217391304 69
stats: connected -20 197
stats: tr_Get_New_Post 10 4515.7503 694.799522464437 5574.104 9.331 614.2362432432433 74
stats: tr_Redirect_To_New_Post 3 4491.733666666667 485.9205684213099 4930.515 8.968 59.100242424242424 66
stats: tr_Get_Logout 7 4426.177571428571 732.7635893004856 5557.853 6.16 2096.954185185185 27
stats: tr_Get_Conversations 11 3981.683818181818 561.9859139166158 5417.203 7.829 1726.5234482758622 29
stats: tr_Authenticate_User 15 19462.771133333335 4204.837677397609 30171.128 550.826 8501.546719626167 428
stats: tr_Get_Login 11 3873.4061818181817 613.2239963060833 5306.706 3.712 714.1501000000001 20
stats: tr_Post_Login 5 4254.5618 398.4403292641949 5165.764 124.365 736.7152222222222 18
stats: tr_Get_New_Conversation 1 4876.588 0.0 15544.827 1.604 5469.358749999999 20
stats: tr_Post_New_Conversation 2 3484.9365 224.84749999999997 3709.784 16.25 28.50368421052632 19
stats: tr_Redirect_To_New_Conversation 0 0 0 32.83 14.022 19.24152631578947 19
stats: tr_Redirect_To_Same_Conversation 0 0 0 48.97 13.918 18.471947368421052 19
stats: tr_Reply_To_Conversation 0 0 0 75.097 21.046 28.215315789473685 19
stats: tr_Get_Book 15 15263.009866666664 811.6944612560294 20443.087 1.422 5429.271189873418 79
stats: tr_Get_New_Book 14 4400.644285714285 623.216299933135 5476.377 1.615 1385.6661538461537 65
stats: tr_Post_New_Book 17 3952.9116470588233 608.6944204609945 5468.139 6.076 967.8033571428572 56
stats: tr_Redirect_To_New_Book 5 3911.183 281.32595647255863 5781.451 6.405 805.6818679245282 53
# stats: dump at 1575882990
stats: users 125 237
stats: {recvpackets,"tsung_controller@ip-172-31-46-69"} 1 4233.0 0.0 4568 57 2076.3684210526317 19
stats: {sentpackets,"tsung_controller@ip-172-31-46-69"} 1 998.0 0.0 1584 45 709.5263157894736 19
stats: {cpu,"tsung_controller@ip-172-31-46-69"} 1 0.048933356932399086 0.0 0.05413677865345174 0.002082248828735034 0.022804198048685602 20
stats: {load,"tsung_controller@ip-172-31-46-69"} 1 0.0703125 0.0 0.109375 0.0 0.0541015625 20
stats: {freemem,"tsung_controller@ip-172-31-46-69"} 1 375461.0859375 0.0 375603.47265625 375461.0859375 375563.5095703125 20
stats: session 72 53580.47283333337 4077.9605446744185 63871.49 5305.045 24249.908170731705 246
stats: users_count 0 443
stats: finish_users_count 72 318
stats: request 279 4827.521025089604 3665.9076744907184 20442.889 1.172 2596.6455896426405 3302
stats: connect 0 0 0 15.506 1.335 1.9546523702031608 443
stats: page 277 4862.378321299637 3663.1172520544064 20442.889 1.172 2611.674649101432 3283
stats: tr_Initial_Get_Root 0 0 0 15121.695 2.973 3598.1825296296297 270
stats: 302 100 1385
stats: tr_Get_Root 0 0 0 15946.355 69.583 3499.8279583333347 48
stats: 200 176 2155
stats: tr_Redirect_Root 19 10252.35605263158 1299.1523079720484 14011.985 1.306 5841.64186492891 422
stats: size_rcv 4789506 53644913
stats: tr_Post_New_Comment_On_Post 6 4340.699666666666 677.5760764966213 5791.158 1.52 2185.8035042016804 119
stats: newphase 0 3
stats: tr_Get_Post 1 5510.419 0.0 7061.274 1.75 3135.856499999999 124
stats: 502 0 32
stats: tr_Redirect_To_Post 48 4237.398020833332 1187.5962337796125 7131.049 2.093 2199.777530726257 179
stats: 422 0 7
stats: tr_Post_New_Comment_On_Comment 37 3197.855378378379 1175.7875755508064 5758.235 1.322 1333.1516626506022 83
stats: size_sent 119761 1972988
stats: tr_Post_New_Post 27 2760.7177777777774 963.3870154270077 5120.631 1.617 715.2036202531646 79
stats: connected -72 125
stats: tr_Get_New_Post 25 2965.8895199999993 1122.2813766337956 5574.104 9.331 1078.7022023809525 84
stats: 404 2 2
stats: tr_Redirect_To_New_Post 17 3236.7124117647054 1305.930441929614 5206.664 8.968 251.82343478260873 69
stats: tr_Get_Logout 1 3126.402 0.0 5557.853 6.16 2576.500176470588 34
stats: tr_Get_Conversations 7 3488.072 776.6345093611097 5417.203 7.829 2346.6925499999998 40
stats: tr_Authenticate_User 0 0 0 30171.128 550.826 8872.694273137695 443
stats: tr_Get_Login 4 3424.827 1149.8557339816593 5306.706 3.712 1835.1764516129033 31
stats: tr_Post_Login 11 3626.0361818181814 1415.1780990163115 5286.323 124.365 1501.4644782608698 23
stats: tr_Get_New_Conversation 0 0 0 15544.827 1.604 5441.131571428571 21
stats: tr_Post_New_Conversation 0 0 0 3709.784 16.25 357.6877619047619 21
stats: tr_Redirect_To_New_Conversation 2 3523.388 1163.1140000000003 4686.502 14.022 19.24152631578947 19
stats: tr_Redirect_To_Same_Conversation 2 1776.268 286.561 2062.829 13.918 18.471947368421052 19
stats: tr_Reply_To_Conversation 2 2067.0275 243.1484999999999 2310.176 21.046 28.215315789473685 19
stats: tr_Get_Book 24 14441.675208333329 1242.1365595117734 20443.087 1.422 6998.484808510638 94
stats: tr_Get_New_Book 14 3181.973428571429 1022.0148436126215 5476.377 1.615 1919.9660759493668 79
stats: tr_Post_New_Book 16 2881.2263125 991.4660463376142 5468.139 6.076 1662.9655616438356 73
stats: tr_Redirect_To_New_Book 16 3887.233687499999 2233.761424921838 11478.435 6.405 1073.3974827586205 58
# stats: dump at 1575883000
stats: users 45 237
stats: {recvpackets,"tsung_controller@ip-172-31-46-69"} 1 4012.0 0.0 4568 57 2184.2 20
stats: {sentpackets,"tsung_controller@ip-172-31-46-69"} 1 1086.0 0.0 1584 45 723.95 20
stats: {cpu,"tsung_controller@ip-172-31-46-69"} 1 0.04789970218880813 0.0 0.05413677865345174 0.002082248828735034 0.024048443709814817 21
stats: {load,"tsung_controller@ip-172-31-46-69"} 1 0.05859375 0.0 0.109375 0.0 0.054873511904761904 21
stats: {freemem,"tsung_controller@ip-172-31-46-69"} 1 375490.44921875 0.0 375603.47265625 375461.0859375 375558.63225446426 21
stats: session 80 59696.93367499998 4422.134308821031 73031.834 5305.045 30890.790735849063 318
stats: users_count 0 443
stats: finish_users_count 80 398
stats: request 192 3618.7070937499993 7974.383841600942 41174.066 1.172 2770.4557673834124 3581
stats: connect 0 0 0 15.506 1.335 1.9546523702031608 443
stats: page 191 3637.654261780104 7990.946675922022 41174.066 1.172 2786.799625842697 3560
stats: tr_Initial_Get_Root 0 0 0 15121.695 2.973 3598.1825296296297 270
stats: 302 47 1432
stats: tr_Get_Root 0 0 0 15946.355 69.583 3499.8279583333347 48
stats: 200 145 2300
stats: tr_Redirect_Root 2 9483.4815 458.2574999999997 14011.985 1.306 6031.672634920636 441
stats: size_rcv 3024679 56669592
stats: tr_Post_New_Comment_On_Post 0 0 0 5791.158 1.52 2289.2385199999994 125
stats: newphase 0 3
stats: tr_Get_Post 0 0 0 7061.274 1.75 3154.852999999999 125
stats: 502 0 32
stats: tr_Redirect_To_Post 23 2017.495695652174 1005.9667257769011 7131.049 2.093 2630.6400132158587 227
stats: 422 0 7
stats: tr_Post_New_Comment_On_Comment 5 1038.3437999999999 653.8753732207383 5758.235 1.322 1908.1019750000003 120
stats: size_sent 72646 2045634
stats: tr_Post_New_Post 32 362.98493749999994 447.34016527644667 5120.631 1.617 1236.2308113207546 106
stats: connected -80 45
stats: tr_Get_New_Post 29 415.7742068965517 533.5809941924521 5574.104 9.331 1511.5433302752294 109
stats: 404 0 2
stats: tr_Redirect_To_New_Post 38 398.67460526315773 532.1469423982609 5206.664 8.968 841.8596279069766 86
stats: tr_Get_Logout 0 0 0 5557.853 6.16 2592.211657142857 35
stats: tr_Get_Conversations 1 260.192 0.0 5417.203 7.829 2516.685234042553 47
stats: tr_Authenticate_User 0 0 0 30171.128 550.826 8872.694273137695 443
stats: tr_Get_Login 0 0 0 5306.706 3.712 2016.8508000000002 35
stats: tr_Post_Login 1 1239.938 0.0 5286.323 124.365 2188.8259117647062 34
stats: tr_Get_New_Conversation 8 36668.16337500001 4255.881397387679 41174.222 1.604 5441.131571428571 21
stats: tr_Post_New_Conversation 4 378.726 71.25225163108882 3709.784 16.25 357.6877619047619 21
stats: tr_Redirect_To_New_Conversation 2 298.7155 90.1975 4686.502 14.022 352.96976190476187 21
stats: tr_Redirect_To_Same_Conversation 1 129.417 0.0 2062.829 13.918 185.88109523809524 21
stats: tr_Reply_To_Conversation 1 311.406 0.0 2310.176 21.046 222.3879047619048 21
stats: tr_Get_Book 22 12088.86822727273 2800.482398632114 20443.087 1.422 8512.35404237288 118
stats: tr_Get_New_Book 1 73.295 0.0 5476.377 1.615 2109.9456774193545 93
stats: tr_Post_New_Book 4 1094.5797499999999 541.1428219007321 5468.139 6.076 1881.9787303370788 89
stats: tr_Redirect_To_New_Book 18 980.1443333333331 1883.022546782256 11478.435 6.405 1681.7944999999997 74
# stats: dump at 1575883010
stats: users 10 237
stats: {recvpackets,"tsung_controller@ip-172-31-46-69"} 1 2115.0 0.0 4568 57 2271.2380952380954 21
stats: {sentpackets,"tsung_controller@ip-172-31-46-69"} 1 664.0 0.0 1584 45 741.1904761904761 21
stats: {cpu,"tsung_controller@ip-172-31-46-69"} 1 0.014573769297232024 0.0 0.05413677865345174 0.002082248828735034 0.02513259182249633 22
stats: {load,"tsung_controller@ip-172-31-46-69"} 1 0.05078125 0.0 0.109375 0.0 0.05504261363636364 22
stats: {freemem,"tsung_controller@ip-172-31-46-69"} 1 375507.59765625 0.0 375603.47265625 375461.0859375 375555.5330255681 22
stats: session 35 72319.6633142857 5197.28102790183 84070.956 5305.045 36680.97022110553 398
stats: users_count 0 443
stats: finish_users_count 35 433
stats: request 125 3495.9250640000014 8346.621186710612 41174.066 1.172 2813.621485555261 3773
stats: connect 0 0 0 15.506 1.335 1.9546523702031608 443
stats: page 106 4122.585160377358 8920.29262564857 41174.066 1.172 2830.124935217276 3751
stats: tr_Initial_Get_Root 0 0 0 15121.695 2.973 3598.1825296296297 270
stats: 302 46 1478
stats: tr_Get_Root 0 0 0 15946.355 69.583 3499.8279583333347 48
stats: 200 79 2379
stats: tr_Redirect_Root 0 0 0 14011.985 1.306 6047.256422121896 443
stats: size_rcv 874274 57543866
stats: tr_Post_New_Comment_On_Post 0 0 0 5791.158 1.52 2289.2385199999994 125
stats: newphase 0 3
stats: tr_Get_Post 0 0 0 7061.274 1.75 3154.852999999999 125
stats: 502 0 32
stats: tr_Redirect_To_Post 0 0 0 7131.049 2.093 2574.2307359999995 250
stats: 422 0 7
stats: tr_Post_New_Comment_On_Comment 0 0 0 5758.235 1.322 1873.3116480000003 125
stats: size_sent 60126 2105760
stats: tr_Post_New_Post 3 49.87466666666666 25.028025708970514 5120.631 1.617 1033.7390144927535 138
stats: connected -35 10
stats: tr_Get_New_Post 3 44.193333333333335 22.398221437327464 5574.104 9.331 1281.2730072463767 138
stats: 404 0 2
stats: tr_Redirect_To_New_Post 14 44.24607142857143 33.16409576304791 5206.664 8.968 706.0448629032256 124
stats: tr_Get_Logout 0 0 0 5557.853 6.16 2592.211657142857 35
stats: tr_Get_Conversations 0 0 0 5417.203 7.829 2469.674958333333 48
stats: tr_Authenticate_User 0 0 0 30171.128 550.826 8872.694273137695 443
stats: tr_Get_Login 0 0 0 5306.706 3.712 2016.8508000000002 35
stats: tr_Post_Login 0 0 0 5286.323 124.365 2161.7148285714284 35
stats: tr_Get_New_Conversation 19 22588.225421052637 5321.058456365798 41174.222 1.604 14055.485172413795 29
stats: tr_Post_New_Conversation 23 74.26669565217392 46.64932061151661 3709.784 16.25 361.05388 25
stats: tr_Redirect_To_New_Conversation 21 41.648190476190486 23.83611889073476 4686.502 14.022 348.25199999999995 23
stats: tr_Redirect_To_Same_Conversation 19 54.32626315789473 26.97918500162302 2062.829 13.918 183.31454545454545 22
stats: tr_Reply_To_Conversation 19 75.79115789473684 42.5301404631724 2310.176 21.046 226.43418181818186 22
stats: tr_Get_Book 1 1819.075 0.0 20443.087 1.422 9074.3777 140
stats: tr_Get_New_Book 0 0 0 5476.377 1.615 2088.2791808510638 94
stats: tr_Post_New_Book 1 17.982 0.0 5468.139 6.076 1848.1121075268818 93
stats: tr_Redirect_To_New_Book 2 21.794 6.989999999999999 11478.435 6.405 1544.5151195652172 92
# stats: dump at 1575883020
stats: users 1 237
stats: {recvpackets,"tsung_controller@ip-172-31-46-69"} 1 869.0 0.0 4568 57 2264.1363636363635 22
stats: {sentpackets,"tsung_controller@ip-172-31-46-69"} 1 384.0 0.0 1584 45 737.6818181818181 22
stats: {cpu,"tsung_controller@ip-172-31-46-69"} 1 0.007288326183832411 0.0 0.05413677865345174 0.002082248828735034 0.024673512582267444 23
stats: {load,"tsung_controller@ip-172-31-46-69"} 1 0.0390625 0.0 0.109375 0.0 0.054857336956521736 23
stats: {freemem,"tsung_controller@ip-172-31-46-69"} 1 375515.84375 0.0 375603.47265625 375461.0859375 375553.448879076 23
stats: session 9 78312.89655555556 3497.589485593346 84164.07 5305.045 39561.69599076213 433
stats: users_count 0 443
stats: finish_users_count 9 442
stats: request 20 39.19269999999998 15.908354710968695 41174.066 1.172 2835.5014104669062 3898
stats: connect 0 0 0 15.506 1.335 1.9546523702031608 443
stats: page 13 60.38123076923078 35.64466363589332 41174.066 1.172 2865.644972517501 3857
stats: tr_Initial_Get_Root 0 0 0 15121.695 2.973 3598.1825296296297 270
stats: 302 7 1485
stats: tr_Get_Root 0 0 0 15946.355 69.583 3499.8279583333347 48
stats: 200 13 2392
stats: tr_Redirect_Root 0 0 0 14011.985 1.306 6047.256422121896 443
stats: size_rcv 32309 57576175
stats: tr_Post_New_Comment_On_Post 0 0 0 5791.158 1.52 2289.2385199999994 125
stats: newphase 0 3
stats: tr_Get_Post 0 0 0 7061.274 1.75 3154.852999999999 125
stats: 502 0 32
stats: tr_Redirect_To_Post 0 0 0 7131.049 2.093 2574.2307359999995 250
stats: 422 0 7
stats: tr_Post_New_Comment_On_Comment 0 0 0 5758.235 1.322 1873.3116480000003 125
stats: size_sent 10756 2116516
stats: tr_Post_New_Post 0 0 0 5120.631 1.617 1012.805730496454 141
stats: connected -9 1
stats: tr_Get_New_Post 0 0 0 5574.104 9.331 1254.952163120567 141
stats: 404 0 2
stats: tr_Redirect_To_New_Post 2 16.1115 5.3195 5206.664 8.968 638.9058550724636 138
stats: tr_Get_Logout 0 0 0 5557.853 6.16 2592.211657142857 35
stats: tr_Get_Conversations 0 0 0 5417.203 7.829 2469.674958333333 48
stats: tr_Authenticate_User 0 0 0 30171.128 550.826 8872.694273137695 443
stats: tr_Get_Login 0 0 0 5306.706 3.712 2016.8508000000002 35
stats: tr_Post_Login 0 0 0 5286.323 124.365 2161.7148285714284 35
stats: tr_Get_New_Conversation 0 0 0 41174.222 1.604 17433.028187500004 48
stats: tr_Post_New_Conversation 0 0 0 3709.784 16.25 223.63502083333333 48
stats: tr_Redirect_To_New_Conversation 4 32.0115 5.838439753050467 4686.502 14.022 201.91836363636364 44
stats: tr_Redirect_To_Same_Conversation 7 34.846285714285706 7.974314887083864 2062.829 13.918 123.53948780487804 41
stats: tr_Reply_To_Conversation 7 54.74599999999999 13.836672101959447 2310.176 21.046 156.62400000000002 41
stats: tr_Get_Book 0 0 0 20443.087 1.422 9022.921652482268 141
stats: tr_Get_New_Book 0 0 0 5476.377 1.615 2088.2791808510638 94
stats: tr_Post_New_Book 0 0 0 5468.139 6.076 1828.6426382978723 94
stats: tr_Redirect_To_New_Book 0 0 0 11478.435 6.405 1512.11679787234 94
# stats: dump at 1575883030
stats: users 0 237
stats: {recvpackets,"tsung_controller@ip-172-31-46-69"} 1 73.0 0.0 4568 57 2203.478260869565 23
stats: {sentpackets,"tsung_controller@ip-172-31-46-69"} 1 54.0 0.0 1584 45 722.304347826087 23
stats: {cpu,"tsung_controller@ip-172-31-46-69"} 1 0.0020817936734290263 0.0 0.05413677865345174 0.0020817936734290263 0.02394912981566599 24
stats: {load,"tsung_controller@ip-172-31-46-69"} 1 0.03125 0.0 0.109375 0.0 0.05419921875 24
stats: {freemem,"tsung_controller@ip-172-31-46-69"} 1 375520.69921875 0.0 375603.47265625 375461.0859375 375551.8819986978 24
stats: session 1 100741.839 0.0 100741.839 5305.045 40350.747585972844 442
stats: users_count 0 443
stats: finish_users_count 1 443
stats: request 1 60010.689 0.0 60010.689 1.172 2821.2272465543647 3918
stats: connect 0 0 0 15.506 1.335 1.9546523702031608 443
stats: page 1 60010.689 0.0 60010.689 1.172 2856.221605943153 3870
stats: tr_Initial_Get_Root 0 0 0 15121.695 2.973 3598.1825296296297 270
stats: 302 0 1485
stats: tr_Get_Root 0 0 0 15946.355 69.583 3499.8279583333347 48
stats: 504 1 1
stats: tr_Redirect_Root 0 0 0 14011.985 1.306 6047.256422121896 443
stats: 200 0 2392
stats: tr_Post_New_Comment_On_Post 0 0 0 5791.158 1.52 2289.2385199999994 125
stats: size_rcv 329 57576504
stats: tr_Get_Post 0 0 0 7061.274 1.75 3154.852999999999 125
stats: newphase 0 3
stats: tr_Redirect_To_Post 0 0 0 7131.049 2.093 2574.2307359999995 250
stats: 502 0 32
stats: tr_Post_New_Comment_On_Comment 0 0 0 5758.235 1.322 1873.3116480000003 125
stats: 422 0 7
stats: tr_Post_New_Post 0 0 0 5120.631 1.617 1012.805730496454 141
stats: size_sent 0 2116516
stats: tr_Get_New_Post 0 0 0 5574.104 9.331 1254.952163120567 141
stats: connected -1 0
stats: tr_Redirect_To_New_Post 1 60010.888 0.0 60010.888 8.968 630.0087928571428 140
stats: 404 0 2
stats: tr_Get_Logout 0 0 0 5557.853 6.16 2592.211657142857 35
stats: tr_Get_Conversations 0 0 0 5417.203 7.829 2469.674958333333 48
stats: tr_Authenticate_User 0 0 0 30171.128 550.826 8872.694273137695 443
stats: tr_Get_Login 0 0 0 5306.706 3.712 2016.8508000000002 35
stats: tr_Post_Login 0 0 0 5286.323 124.365 2161.7148285714284 35
stats: tr_Get_New_Conversation 0 0 0 41174.222 1.604 17433.028187500004 48
stats: tr_Post_New_Conversation 0 0 0 3709.784 16.25 223.63502083333333 48
stats: tr_Redirect_To_New_Conversation 0 0 0 4686.502 14.022 187.75945833333333 48
stats: tr_Redirect_To_Same_Conversation 0 0 0 2062.829 13.918 110.60506249999999 48
stats: tr_Reply_To_Conversation 0 0 0 2310.176 21.046 141.76679166666668 48
stats: tr_Get_Book 0 0 0 20443.087 1.422 9022.921652482268 141
stats: tr_Get_New_Book 0 0 0 5476.377 1.615 2088.2791808510638 94
stats: tr_Post_New_Book 0 0 0 5468.139 6.076 1828.6426382978723 94
stats: tr_Redirect_To_New_Book 0 0 0 11478.435 6.405 1512.11679787234 94
EndMonitor:{1575,883030,267677}
