
=INFO REPORT==== 9-Dec-2019::09:13:00 ===
    ts_config_server:(5:<0.102.0>) Config server started, logdir is "/home/ec2-user/.tsung/log/20191209-0913"
 
=INFO REPORT==== 9-Dec-2019::09:13:00 ===
              ts_mon:(5:<0.83.0>) starting monitor, global 

=INFO REPORT==== 9-Dec-2019::09:13:00 ===
           ts_config:(5:<0.102.0>) Reading config file: simple.xml

=INFO REPORT==== 9-Dec-2019::09:13:00 ===
           ts_config:(5:<0.102.0>) Session name for id 1 is "Register-Logout-Login"

=INFO REPORT==== 9-Dec-2019::09:13:00 ===
           ts_config:(5:<0.102.0>) Session name for id 2 is "Create-Book"

=INFO REPORT==== 9-Dec-2019::09:13:00 ===
           ts_config:(5:<0.102.0>) Session name for id 3 is "Create-Post"

=INFO REPORT==== 9-Dec-2019::09:13:00 ===
           ts_config:(5:<0.102.0>) Session name for id 4 is "Add_Comment"

=INFO REPORT==== 9-Dec-2019::09:13:00 ===
           ts_config:(5:<0.102.0>) Session name for id 5 is "Send-Message"

=INFO REPORT==== 9-Dec-2019::09:13:00 ===
    ts_config_server:(4:<0.102.0>) SYSINFO:Tsung version: 1.7.0

=INFO REPORT==== 9-Dec-2019::09:13:00 ===
    ts_config_server:(4:<0.102.0>) SYSINFO:Erlang version: Erlang/OTP 20 [erts-9.1] [source] [64-bit] [smp:96:96] [ds:96:96:10] [async-threads:8] [hipe] [kernel-poll:true]


=INFO REPORT==== 9-Dec-2019::09:13:00 ===
    ts_config_server:(4:<0.102.0>) SYSINFO:System architecture x86_64-unknown-linux-gnu

=INFO REPORT==== 9-Dec-2019::09:13:00 ===
    ts_config_server:(4:<0.102.0>) SYSINFO:Current path: /usr/local/lib/tsung/tsung-1.7.0/ebin/tsung.beam

=INFO REPORT==== 9-Dec-2019::09:13:00 ===
              ts_mon:(5:<0.103.0>) Activate clients with text backend

=INFO REPORT==== 9-Dec-2019::09:13:00 ===
              ts_mon:(5:<0.103.0>) Starting tsung clients on hosts: [localhost]

=INFO REPORT==== 9-Dec-2019::09:13:00 ===
    ts_config_server:(5:<0.102.0>) Start a launcher on the controller beam localhost

=INFO REPORT==== 9-Dec-2019::09:13:00 ===
  ts_launcher_static:(5:<0.154.0>) Launch msg receive ("localhost")

=INFO REPORT==== 9-Dec-2019::09:13:00 ===
         ts_launcher:(5:<0.155.0>) Launch msg receive ("localhost")

=INFO REPORT==== 9-Dec-2019::09:13:00 ===
    ts_config_server:(5:<0.102.0>) New arrival phase 1 for client "localhost" (last ? true): will start 30 users

=INFO REPORT==== 9-Dec-2019::09:13:00 ===
    ts_config_server:(5:<0.102.0>) New arrival phase 2 for client "localhost" (last ? true): will start 60 users

=INFO REPORT==== 9-Dec-2019::09:13:00 ===
    ts_config_server:(5:<0.102.0>) New arrival phase 3 for client "localhost" (last ? true): will start 120 users

=INFO REPORT==== 9-Dec-2019::09:13:00 ===
    ts_config_server:(5:<0.102.0>) New arrival phase 4 for client "localhost" (last ? true): will start 240 users

=INFO REPORT==== 9-Dec-2019::09:13:00 ===
         ts_launcher:(5:<0.155.0>) Expected duration of first phase: 15.0 sec (30 users) 

=INFO REPORT==== 9-Dec-2019::09:13:00 ===
         ts_launcher:(5:<0.155.0>) Activate launcher (30 users) in 1205 msec 

=INFO REPORT==== 9-Dec-2019::09:13:19 ===
         ts_launcher:(5:<0.155.0>) Wait for all sessions to finish before starting next phase (still 25 sessions active)
=INFO REPORT==== 9-Dec-2019::09:13:24 ===
         ts_launcher:(5:<0.155.0>) Wait for all sessions to finish before starting next phase (still 14 sessions active)
=INFO REPORT==== 9-Dec-2019::09:13:29 ===
         ts_launcher:(5:<0.155.0>) Wait for all sessions to finish before starting next phase (still 7 sessions active)
=INFO REPORT==== 9-Dec-2019::09:13:34 ===
         ts_launcher:(5:<0.155.0>) Wait for all sessions to finish before starting next phase (still 3 sessions active)
=INFO REPORT==== 9-Dec-2019::09:13:39 ===
         ts_launcher:(5:<0.155.0>) Wait for all sessions to finish before starting next phase (still 2 sessions active)
=INFO REPORT==== 9-Dec-2019::09:13:44 ===
         ts_launcher:(5:<0.155.0>) Wait for all sessions to finish before starting next phase (still 1 sessions active)
=INFO REPORT==== 9-Dec-2019::09:13:49 ===
         ts_launcher:(5:<0.155.0>) Wait for all sessions to finish before starting next phase (still 1 sessions active)
=INFO REPORT==== 9-Dec-2019::09:13:54 ===
         ts_launcher:(5:<0.155.0>) Start a new arrival phase (60 users, 0.004); expected duration=15.0 sec

=INFO REPORT==== 9-Dec-2019::09:14:07 ===
         ts_launcher:(4:<0.155.0>) Need to wait 2.068 sec before changing phase, going to sleep

=INFO REPORT==== 9-Dec-2019::09:14:09 ===
         ts_launcher:(5:<0.155.0>) Waking up

=INFO REPORT==== 9-Dec-2019::09:14:09 ===
         ts_launcher:(5:<0.155.0>) Wait for all sessions to finish before starting next phase (still 50 sessions active)
=INFO REPORT==== 9-Dec-2019::09:14:14 ===
         ts_launcher:(5:<0.155.0>) Wait for all sessions to finish before starting next phase (still 38 sessions active)
=INFO REPORT==== 9-Dec-2019::09:14:19 ===
         ts_launcher:(5:<0.155.0>) Wait for all sessions to finish before starting next phase (still 17 sessions active)
=INFO REPORT==== 9-Dec-2019::09:14:24 ===
         ts_launcher:(5:<0.155.0>) Wait for all sessions to finish before starting next phase (still 7 sessions active)
=INFO REPORT==== 9-Dec-2019::09:14:29 ===
         ts_launcher:(5:<0.155.0>) Start a new arrival phase (120 users, 0.008); expected duration=15.0 sec

=INFO REPORT==== 9-Dec-2019::09:14:44 ===
         ts_launcher:(5:<0.155.0>) Phase duration exceeded, but not all users were launched (4 users, 3.3% of phase)

=INFO REPORT==== 9-Dec-2019::09:14:44 ===
         ts_launcher:(5:<0.155.0>) Wait for all sessions to finish before starting next phase (still 114 sessions active)
=INFO REPORT==== 9-Dec-2019::09:14:49 ===
         ts_launcher:(5:<0.155.0>) Wait for all sessions to finish before starting next phase (still 108 sessions active)
=INFO REPORT==== 9-Dec-2019::09:14:54 ===
         ts_launcher:(5:<0.155.0>) Wait for all sessions to finish before starting next phase (still 95 sessions active)
=INFO REPORT==== 9-Dec-2019::09:14:59 ===
         ts_launcher:(5:<0.155.0>) Wait for all sessions to finish before starting next phase (still 74 sessions active)
=INFO REPORT==== 9-Dec-2019::09:15:04 ===
         ts_launcher:(5:<0.155.0>) Wait for all sessions to finish before starting next phase (still 40 sessions active)
=INFO REPORT==== 9-Dec-2019::09:15:09 ===
         ts_launcher:(5:<0.155.0>) Wait for all sessions to finish before starting next phase (still 19 sessions active)
=INFO REPORT==== 9-Dec-2019::09:15:14 ===
         ts_launcher:(5:<0.155.0>) Wait for all sessions to finish before starting next phase (still 2 sessions active)
=INFO REPORT==== 9-Dec-2019::09:15:19 ===
         ts_launcher:(5:<0.155.0>) Wait for all sessions to finish before starting next phase (still 2 sessions active)
=INFO REPORT==== 9-Dec-2019::09:15:24 ===
         ts_launcher:(5:<0.155.0>) Start a new arrival phase (240 users, 0.016); expected duration=15.0 sec

=INFO REPORT==== 9-Dec-2019::09:15:39 ===
         ts_launcher:(5:<0.155.0>) Phase duration exceeded, but not all users were launched (3 users, 1.3% of phase)

=INFO REPORT==== 9-Dec-2019::09:15:39 ===
         ts_launcher:(5:<0.155.0>) This was the last phase, wait for connected users to finish their session

=INFO REPORT==== 9-Dec-2019::09:15:40 ===
           ts_search:(5:<0.505.0>) Dyn Var (RE): no Match (varname=authenticity_token), 

=INFO REPORT==== 9-Dec-2019::09:16:01 ===
           ts_search:(5:<0.526.0>) Dyn Var: no Match (varname=authenticity_token), 

=INFO REPORT==== 9-Dec-2019::09:16:01 ===
           ts_search:(5:<0.526.0>) Dyn Var (RE): no Match (varname=redirect_post), 

=INFO REPORT==== 9-Dec-2019::09:16:01 ===
           ts_search:(5:<0.558.0>) Dyn Var: no Match (varname=authenticity_token), 

=INFO REPORT==== 9-Dec-2019::09:16:01 ===
           ts_search:(5:<0.558.0>) Dyn Var (RE): no Match (varname=redirect_post), 

=INFO REPORT==== 9-Dec-2019::09:16:01 ===
           ts_search:(5:<0.560.0>) Dyn Var: no Match (varname=authenticity_token), 

=INFO REPORT==== 9-Dec-2019::09:16:01 ===
           ts_search:(5:<0.560.0>) Dyn Var (RE): no Match (varname=redirect_post), 

=INFO REPORT==== 9-Dec-2019::09:16:05 ===
           ts_search:(5:<0.455.0>) Dyn Var (RE): no Match (varname=authenticity_token), 

=INFO REPORT==== 9-Dec-2019::09:16:06 ===
           ts_search:(5:<0.460.0>) Dyn Var (RE): no Match (varname=authenticity_token), 

=INFO REPORT==== 9-Dec-2019::09:16:06 ===
           ts_search:(5:<0.420.0>) Dyn Var (RE): no Match (varname=post_id), 

=INFO REPORT==== 9-Dec-2019::09:16:06 ===
           ts_search:(5:<0.502.0>) Dyn Var (RE): no Match (varname=authenticity_token), 

=INFO REPORT==== 9-Dec-2019::09:16:06 ===
           ts_search:(5:<0.480.0>) Dyn Var (RE): no Match (varname=authenticity_token), 

=INFO REPORT==== 9-Dec-2019::09:16:12 ===
           ts_search:(5:<0.505.0>) Dyn Var (RE): no Match (varname=authenticity_token), 

=INFO REPORT==== 9-Dec-2019::09:16:12 ===
           ts_search:(5:<0.502.0>) Dyn Var (RE): no Match (varname=book_id), 

=INFO REPORT==== 9-Dec-2019::09:16:14 ===
           ts_search:(5:<0.455.0>) Dyn Var (RE): no Match (varname=convo_id), 

=INFO REPORT==== 9-Dec-2019::09:16:15 ===
           ts_search:(5:<0.505.0>) Dyn Var (RE): no Match (varname=convo_id), 

=INFO REPORT==== 9-Dec-2019::09:16:18 ===
           ts_search:(5:<0.480.0>) Dyn Var (RE): no Match (varname=book_id), 

=INFO REPORT==== 9-Dec-2019::09:16:21 ===
           ts_search:(5:<0.505.0>) Dyn Var (RE): no Match (varname=authenticity_token), 

=INFO REPORT==== 9-Dec-2019::09:16:24 ===
           ts_search:(5:<0.455.0>) Dyn Var (RE): no Match (varname=authenticity_token), 

=INFO REPORT==== 9-Dec-2019::09:17:09 ===
     ts_launcher_mgr:(5:<0.149.0>) No more active users 'tsung_controller@ip-172-31-46-69' "5778"
