
=INFO REPORT==== 3-Dec-2019::11:57:50 ===
    ts_config_server:(5:<0.102.0>) Config server started, logdir is "/home/ec2-user/.tsung/log/20191203-1157"
 
=INFO REPORT==== 3-Dec-2019::11:57:50 ===
              ts_mon:(5:<0.83.0>) starting monitor, global 

=INFO REPORT==== 3-Dec-2019::11:57:50 ===
           ts_config:(5:<0.102.0>) Reading config file: simple.xml

=INFO REPORT==== 3-Dec-2019::11:57:50 ===
           ts_config:(5:<0.102.0>) Session name for id 1 is "Make Post"

=INFO REPORT==== 3-Dec-2019::11:57:50 ===
    ts_config_server:(4:<0.102.0>) SYSINFO:Tsung version: 1.7.0

=INFO REPORT==== 3-Dec-2019::11:57:50 ===
    ts_config_server:(4:<0.102.0>) SYSINFO:Erlang version: Erlang/OTP 20 [erts-9.1] [source] [64-bit] [smp:2:2] [ds:2:2:10] [async-threads:8] [hipe] [kernel-poll:true]


=INFO REPORT==== 3-Dec-2019::11:57:50 ===
    ts_config_server:(4:<0.102.0>) SYSINFO:System architecture x86_64-unknown-linux-gnu

=INFO REPORT==== 3-Dec-2019::11:57:50 ===
    ts_config_server:(4:<0.102.0>) SYSINFO:Current path: /usr/local/lib/tsung/tsung-1.7.0/ebin/tsung.beam

=INFO REPORT==== 3-Dec-2019::11:57:50 ===
              ts_mon:(5:<0.103.0>) Activate clients with text backend

=INFO REPORT==== 3-Dec-2019::11:57:50 ===
              ts_mon:(5:<0.103.0>) Starting tsung clients on hosts: [localhost]

=INFO REPORT==== 3-Dec-2019::11:57:50 ===
    ts_config_server:(5:<0.102.0>) Start a launcher on the controller beam localhost

=INFO REPORT==== 3-Dec-2019::11:57:50 ===
  ts_launcher_static:(5:<0.154.0>) Launch msg receive ("localhost")

=INFO REPORT==== 3-Dec-2019::11:57:50 ===
         ts_launcher:(5:<0.155.0>) Launch msg receive ("localhost")

=INFO REPORT==== 3-Dec-2019::11:57:50 ===
    ts_config_server:(5:<0.102.0>) New arrival phase 1 for client "localhost" (last ? true): will start 30 users

=INFO REPORT==== 3-Dec-2019::11:57:50 ===
         ts_launcher:(5:<0.155.0>) Expected duration of first phase: 15.0 sec (30 users) 

=INFO REPORT==== 3-Dec-2019::11:57:50 ===
         ts_launcher:(5:<0.155.0>) Activate launcher (30 users) in 1102 msec 

=INFO REPORT==== 3-Dec-2019::11:58:04 ===
         ts_launcher:(5:<0.155.0>) This was the last phase, wait for connected users to finish their session

=INFO REPORT==== 3-Dec-2019::11:58:13 ===
           ts_search:(5:<0.170.0>) Dyn Var (RE): no Match (varname=authenticity_token), 

=INFO REPORT==== 3-Dec-2019::11:58:13 ===
           ts_search:(5:<0.170.0>) Dyn Var (RE): no Match (varname=post_id), 

=INFO REPORT==== 3-Dec-2019::11:58:15 ===
           ts_search:(5:<0.176.0>) Dyn Var (RE): no Match (varname=authenticity_token), 

=INFO REPORT==== 3-Dec-2019::11:58:16 ===
           ts_search:(5:<0.157.0>) Dyn Var (RE): no Match (varname=authenticity_token), 

=INFO REPORT==== 3-Dec-2019::11:58:17 ===
           ts_search:(5:<0.176.0>) Dyn Var (RE): no Match (varname=post_id), 

=INFO REPORT==== 3-Dec-2019::11:58:17 ===
           ts_search:(5:<0.174.0>) Dyn Var (RE): no Match (varname=authenticity_token), 

=INFO REPORT==== 3-Dec-2019::11:58:17 ===
           ts_search:(5:<0.174.0>) Dyn Var (RE): no Match (varname=post_id), 

=INFO REPORT==== 3-Dec-2019::11:58:19 ===
           ts_search:(5:<0.169.0>) Dyn Var (RE): no Match (varname=authenticity_token), 

=INFO REPORT==== 3-Dec-2019::11:58:21 ===
           ts_search:(5:<0.157.0>) Dyn Var (RE): no Match (varname=post_id), 

=INFO REPORT==== 3-Dec-2019::11:58:22 ===
           ts_search:(5:<0.160.0>) Dyn Var (RE): no Match (varname=authenticity_token), 

=INFO REPORT==== 3-Dec-2019::11:58:22 ===
           ts_search:(5:<0.160.0>) Dyn Var (RE): no Match (varname=post_id), 

=INFO REPORT==== 3-Dec-2019::11:58:24 ===
           ts_search:(5:<0.169.0>) Dyn Var (RE): no Match (varname=post_id), 

=INFO REPORT==== 3-Dec-2019::11:58:24 ===
           ts_search:(5:<0.167.0>) Dyn Var (RE): no Match (varname=authenticity_token), 

=INFO REPORT==== 3-Dec-2019::11:58:24 ===
           ts_search:(5:<0.166.0>) Dyn Var (RE): no Match (varname=authenticity_token), 

=INFO REPORT==== 3-Dec-2019::11:58:24 ===
           ts_search:(5:<0.166.0>) Dyn Var (RE): no Match (varname=post_id), 

=INFO REPORT==== 3-Dec-2019::11:58:24 ===
           ts_search:(5:<0.186.0>) Dyn Var (RE): no Match (varname=authenticity_token), 

=INFO REPORT==== 3-Dec-2019::11:58:24 ===
           ts_search:(5:<0.186.0>) Dyn Var (RE): no Match (varname=post_id), 

=INFO REPORT==== 3-Dec-2019::11:58:25 ===
           ts_search:(5:<0.189.0>) Dyn Var (RE): no Match (varname=authenticity_token), 

=INFO REPORT==== 3-Dec-2019::11:58:25 ===
           ts_search:(5:<0.189.0>) Dyn Var (RE): no Match (varname=post_id), 

=INFO REPORT==== 3-Dec-2019::11:58:25 ===
           ts_search:(5:<0.161.0>) Dyn Var (RE): no Match (varname=authenticity_token), 

=INFO REPORT==== 3-Dec-2019::11:58:25 ===
           ts_search:(5:<0.161.0>) Dyn Var (RE): no Match (varname=post_id), 

=INFO REPORT==== 3-Dec-2019::11:58:27 ===
           ts_search:(5:<0.172.0>) Dyn Var (RE): no Match (varname=post_id), 

=INFO REPORT==== 3-Dec-2019::11:58:29 ===
           ts_search:(5:<0.167.0>) Dyn Var (RE): no Match (varname=post_id), 

=INFO REPORT==== 3-Dec-2019::11:58:36 ===
           ts_search:(5:<0.185.0>) Dyn Var (RE): no Match (varname=authenticity_token), 

=INFO REPORT==== 3-Dec-2019::11:58:36 ===
           ts_search:(5:<0.185.0>) Dyn Var (RE): no Match (varname=post_id), 

=INFO REPORT==== 3-Dec-2019::11:58:40 ===
           ts_search:(5:<0.178.0>) Dyn Var (RE): no Match (varname=authenticity_token), 

=INFO REPORT==== 3-Dec-2019::11:58:40 ===
           ts_search:(5:<0.178.0>) Dyn Var (RE): no Match (varname=post_id), 

=INFO REPORT==== 3-Dec-2019::11:58:44 ===
     ts_launcher_mgr:(5:<0.149.0>) No more active users 'tsung_controller@ip-172-31-21-99' "7019"
