# stats: dump at 1575367491
stats: users 13 14
stats: {cpu,"tsung_controller@ip-172-31-29-89"} 1 0.537007109365375 0 0.537007109365375 0.537007109365375 0 0
stats: {load,"tsung_controller@ip-172-31-29-89"} 1 0.0 0 0.0 0.0 0 0
stats: {freemem,"tsung_controller@ip-172-31-29-89"} 1 731.0390625 0 731.0390625 731.0390625 0 0
stats: session 1 7415.368 0 7415.368 7415.368 0 0
stats: users_count 14 14
stats: finish_users_count 1 1
stats: request 43 63.03202325581393 104.27726354972143 405.401 0.821 0 0
stats: connect 16 1.8151875 2.6563534501913995 12.1 0.968 0 0
stats: page 43 63.03202325581393 104.27726354972143 405.401 0.821 0 0
stats: tr_Get_Root 14 67.64892857142857 93.98158300012393 405.498 34.532 0 0
stats: 302 6 6
stats: tr_Redirect_Root 4 37.01775 2.8934669840003355 41.978 34.823 0 0
stats: 200 32 32
stats: tr_Post_New_Post 2 2.8440000000000003 0.07899999999999985 2.923 2.765 0 0
stats: size_rcv 200777 200777
stats: tr_Get_Register 12 7.265916666666668 1.0937906913065627 10.574 6.304 0 0
stats: size_sent 15741 15741
stats: tr_Post_Register 6 251.10783333333333 105.71186584834689 382.111 132.479 0 0
stats: connected 13 13
stats: tr_Get_New_Conversation 2 9.8885 0.4375 10.326 9.451 0 0
stats: 400 5 5
stats: tr_Get_Book 3 1.3986666666666665 0.6114770823360611 2.263 0.943 0 0
# stats: dump at 1575367501
stats: users 16 20
stats: {recvpackets,"tsung_controller@ip-172-31-29-89"} 1 361 0 361 361 0 0
stats: {sentpackets,"tsung_controller@ip-172-31-29-89"} 1 237 0 237 237 0 0
stats: {cpu,"tsung_controller@ip-172-31-29-89"} 1 0.49975012493753124 0.0 0.537007109365375 0.49975012493753124 0.537007109365375 1
stats: {load,"tsung_controller@ip-172-31-29-89"} 1 0.0 0.0 0.0 0.0 0.0 1
stats: {freemem,"tsung_controller@ip-172-31-29-89"} 1 725.17578125 0.0 731.0390625 725.17578125 731.0390625 1
stats: session 10 9849.300200000001 2873.319512814918 13872.524 3897.734 7415.368 1
stats: users_count 13 27
stats: finish_users_count 10 11
stats: request 114 32.8826140350877 44.91158037618048 405.401 0.686 63.03202325581393 43
stats: page 114 32.8826140350877 44.91158037618048 405.401 0.686 63.03202325581393 43
stats: connect 27 1.362925925925926 0.5504306008616194 12.1 0.968 1.8151875 16
stats: tr_Get_Root 13 35.958999999999996 4.382220389079209 405.498 32.455 67.64892857142857 14
stats: 302 16 22
stats: tr_Redirect_Root 16 44.7931875 30.184556409732846 158.531 32.208 37.01775 4
stats: 200 58 90
stats: tr_Post_New_Post 14 3.183642857142857 0.43359701619012525 4.332 2.765 2.8440000000000003 2
stats: size_rcv 379838 580615
stats: tr_Redirect_To_New_Post 10 12.281600000000001 5.730841599625661 29.221 8.532 0 0
stats: size_sent 51814 67555
stats: tr_Get_Register 15 7.630199999999999 2.4368878294524214 16.255 5.75 7.265916666666668 12
stats: connected 1 14
stats: tr_Post_Register 16 133.35775000000004 9.546733482584504 382.111 125.46 251.10783333333333 6
stats: 400 30 35
stats: tr_Get_New_Conversation 14 10.715357142857142 1.2492547839836843 14.199 8.99 9.8885 2
stats: 500 10 10
stats: tr_Get_Book 16 0.9370625 0.09082776884714276 2.263 0.787 1.3986666666666665 3
# stats: dump at 1575367511
stats: users 3 20
stats: {recvpackets,"tsung_controller@ip-172-31-29-89"} 1 544.0 0.0 544 361 361.0 1
stats: {sentpackets,"tsung_controller@ip-172-31-29-89"} 1 416.0 0.0 416 237 237.0 1
stats: {cpu,"tsung_controller@ip-172-31-29-89"} 1 0.7944389275074478 0.0 0.7944389275074478 0.49975012493753124 0.5183786171514531 2
stats: {load,"tsung_controller@ip-172-31-29-89"} 1 0.0 0.0 0.0 0.0 0.0 2
stats: {freemem,"tsung_controller@ip-172-31-29-89"} 1 720.87109375 0.0 731.0390625 720.87109375 728.107421875 2
stats: session 13 12634.690230769233 3959.7926161535497 22801.92 3897.734 9628.033636363638 11
stats: users_count 0 27
stats: finish_users_count 13 24
stats: request 54 54.645518518518536 130.43285906432513 606.944 0.686 41.14009554140126 157
stats: connect 10 27.7491 53.78362915878771 154.286 0.968 1.5312093023255817 43
stats: page 54 54.645518518518536 130.43285906432513 606.944 0.686 41.14009554140126 157
stats: tr_Get_Root 0 0 0 405.498 32.455 52.39081481481481 27
stats: 302 5 27
stats: tr_Redirect_Root 7 36.63271428571429 2.290535415529721 158.531 32.208 43.2381 20
stats: 200 17 107
stats: tr_Post_New_Post 10 3.3141 0.6735223010413243 4.977 2.704 3.1411875 16
stats: size_rcv 131956 712571
stats: tr_Redirect_To_New_Post 14 12.539928571428572 5.742510059252159 32.983 8.532 12.281600000000001 10
stats: size_sent 27648 95203
stats: tr_Get_Register 0 0 0 16.255 5.75 7.468296296296296 27
stats: connected -12 2
stats: tr_Post_Register 5 381.9898 209.2494731055732 607.139 125.46 165.4714090909091 22
stats: 400 18 53
stats: tr_Get_New_Conversation 10 55.0884 94.56932941519676 303.391 8.99 10.611999999999998 16
stats: 500 14 24
stats: tr_Get_Book 8 4.188625 6.7367230523730885 21.442 0.787 1.0099473684210527 19
# stats: dump at 1575367521
stats: users 1 20
stats: {recvpackets,"tsung_controller@ip-172-31-29-89"} 1 201.0 0.0 544 201 452.5 2
stats: {sentpackets,"tsung_controller@ip-172-31-29-89"} 1 169.0 0.0 416 169 326.5 2
stats: {cpu,"tsung_controller@ip-172-31-29-89"} 1 0.39920159680638717 0.0 0.7944389275074478 0.39920159680638717 0.6103987206034512 3
stats: {load,"tsung_controller@ip-172-31-29-89"} 1 0.0 0.0 0.0 0.0 0.0 3
stats: {freemem,"tsung_controller@ip-172-31-29-89"} 1 720.328125 0.0 731.0390625 720.328125 725.6953125 3
stats: session 2 17668.039 814.2139999999999 22801.92 3897.734 11256.639291666668 24
stats: users_count 0 27
stats: finish_users_count 2 26
stats: request 4 10.52975 5.8065343525634985 606.944 0.686 44.59645971563981 211
stats: connect 1 1.311 0.0 154.286 0.968 6.477981132075471 53
stats: page 4 10.52975 5.8065343525634985 606.944 0.686 44.59645971563981 211
stats: tr_Get_Root 0 0 0 405.498 32.455 52.39081481481481 27
stats: 302 0 27
stats: tr_Redirect_Root 0 0 0 158.531 32.208 41.525592592592595 27
stats: 200 1 108
stats: tr_Post_New_Post 1 3.01 0.0 4.977 2.704 3.207692307692308 26
stats: size_rcv 7410 719981
stats: tr_Redirect_To_New_Post 2 14.642500000000002 4.6525 32.983 8.532 12.432291666666666 24
stats: size_sent 1942 97145
stats: tr_Get_Register 0 0 0 16.255 5.75 7.468296296296296 27
stats: connected -1 1
stats: tr_Post_Register 0 0 0 607.139 125.46 205.5674074074074 27
stats: 400 1 54
stats: tr_Get_New_Conversation 1 10.471 0.0 303.391 8.99 27.71830769230769 26
stats: 500 2 26
stats: tr_Get_Book 0 0 0 21.442 0.787 1.9517777777777778 27
# stats: dump at 1575367528
stats: users 0 20
stats: {recvpackets,"tsung_controller@ip-172-31-29-89"} 1 14.0 0.0 544 14 368.6666666666667 3
stats: {sentpackets,"tsung_controller@ip-172-31-29-89"} 1 16.0 0.0 416 16 274.0 3
stats: {cpu,"tsung_controller@ip-172-31-29-89"} 1 0.199700449326011 0.0 0.7944389275074478 0.199700449326011 0.5575994396541852 4
stats: {load,"tsung_controller@ip-172-31-29-89"} 1 0.0 0.0 0.0 0.0 0.0 4
stats: {freemem,"tsung_controller@ip-172-31-29-89"} 1 720.28515625 0.0 731.0390625 720.28515625 724.353515625 4
stats: session 1 28954.324 0.0 28954.324 3897.734 11749.823884615385 26
stats: users_count 0 27
stats: finish_users_count 1 27
stats: request 1 10.222 0.0 606.944 0.686 43.96266046511628 215
stats: connect 0 0 0 154.286 0.968 6.382296296296295 54
stats: page 1 10.222 0.0 606.944 0.686 43.96266046511628 215
stats: tr_Get_Root 0 0 0 405.498 32.455 52.39081481481481 27
stats: 302 0 27
stats: tr_Redirect_Root 0 0 0 158.531 32.208 41.525592592592595 27
stats: 200 0 108
stats: tr_Post_New_Post 0 0 0 4.977 2.704 3.2003703703703708 27
stats: size_rcv 1891 721872
stats: tr_Redirect_To_New_Post 1 10.349 0.0 32.983 8.532 12.602307692307694 26
stats: size_sent 417 97562
stats: tr_Get_Register 0 0 0 16.255 5.75 7.468296296296296 27
stats: connected -1 0
stats: tr_Post_Register 0 0 0 607.139 125.46 205.5674074074074 27
stats: 400 0 54
stats: tr_Get_New_Conversation 0 0 0 303.391 8.99 27.079518518518515 27
stats: 500 1 27
stats: tr_Get_Book 0 0 0 21.442 0.787 1.9517777777777778 27
EndMonitor:{1575,367528,970852}
