
=INFO REPORT==== 10-Dec-2019::10:29:47 ===
    ts_config_server:(5:<0.102.0>) Config server started, logdir is "/home/ec2-user/.tsung/log/20191210-1029"
 
=INFO REPORT==== 10-Dec-2019::10:29:47 ===
              ts_mon:(5:<0.83.0>) starting monitor, global 

=INFO REPORT==== 10-Dec-2019::10:29:47 ===
           ts_config:(5:<0.102.0>) Reading config file: no-abort.xml

=INFO REPORT==== 10-Dec-2019::10:29:47 ===
           ts_config:(5:<0.102.0>) Session name for id 1 is "Register-Logout-Login"

=INFO REPORT==== 10-Dec-2019::10:29:47 ===
           ts_config:(5:<0.102.0>) Session name for id 2 is "Create-Book"

=INFO REPORT==== 10-Dec-2019::10:29:47 ===
           ts_config:(5:<0.102.0>) Session name for id 3 is "Create-Post"

=INFO REPORT==== 10-Dec-2019::10:29:47 ===
           ts_config:(5:<0.102.0>) Session name for id 4 is "Add_Comment"

=INFO REPORT==== 10-Dec-2019::10:29:47 ===
           ts_config:(5:<0.102.0>) Session name for id 5 is "Send-Message"

=INFO REPORT==== 10-Dec-2019::10:29:47 ===
    ts_config_server:(4:<0.102.0>) SYSINFO:Tsung version: 1.7.0

=INFO REPORT==== 10-Dec-2019::10:29:47 ===
    ts_config_server:(4:<0.102.0>) SYSINFO:Erlang version: Erlang/OTP 20 [erts-9.1] [source] [64-bit] [smp:96:96] [ds:96:96:10] [async-threads:8] [hipe] [kernel-poll:true]


=INFO REPORT==== 10-Dec-2019::10:29:47 ===
    ts_config_server:(4:<0.102.0>) SYSINFO:System architecture x86_64-unknown-linux-gnu

=INFO REPORT==== 10-Dec-2019::10:29:47 ===
    ts_config_server:(4:<0.102.0>) SYSINFO:Current path: /usr/local/lib/tsung/tsung-1.7.0/ebin/tsung.beam

=INFO REPORT==== 10-Dec-2019::10:29:47 ===
              ts_mon:(5:<0.103.0>) Activate clients with text backend

=INFO REPORT==== 10-Dec-2019::10:29:47 ===
              ts_mon:(5:<0.103.0>) Starting tsung clients on hosts: [localhost]

=INFO REPORT==== 10-Dec-2019::10:29:47 ===
    ts_config_server:(5:<0.102.0>) Start a launcher on the controller beam localhost

=INFO REPORT==== 10-Dec-2019::10:29:47 ===
  ts_launcher_static:(5:<0.154.0>) Launch msg receive ("localhost")

=INFO REPORT==== 10-Dec-2019::10:29:47 ===
         ts_launcher:(5:<0.155.0>) Launch msg receive ("localhost")

=INFO REPORT==== 10-Dec-2019::10:29:47 ===
    ts_config_server:(5:<0.102.0>) New arrival phase 1 for client "localhost" (last ? true): will start 30 users

=INFO REPORT==== 10-Dec-2019::10:29:47 ===
    ts_config_server:(5:<0.102.0>) New arrival phase 2 for client "localhost" (last ? true): will start 60 users

=INFO REPORT==== 10-Dec-2019::10:29:47 ===
    ts_config_server:(5:<0.102.0>) New arrival phase 3 for client "localhost" (last ? true): will start 120 users

=INFO REPORT==== 10-Dec-2019::10:29:47 ===
    ts_config_server:(5:<0.102.0>) New arrival phase 4 for client "localhost" (last ? true): will start 240 users

=INFO REPORT==== 10-Dec-2019::10:29:47 ===
    ts_config_server:(5:<0.102.0>) New arrival phase 5 for client "localhost" (last ? true): will start 480 users

=INFO REPORT==== 10-Dec-2019::10:29:47 ===
    ts_config_server:(5:<0.102.0>) New arrival phase 6 for client "localhost" (last ? true): will start 960 users

=INFO REPORT==== 10-Dec-2019::10:29:47 ===
    ts_config_server:(5:<0.102.0>) New arrival phase 7 for client "localhost" (last ? true): will start 1920 users

=INFO REPORT==== 10-Dec-2019::10:29:47 ===
    ts_config_server:(5:<0.102.0>) New arrival phase 8 for client "localhost" (last ? true): will start 3840 users

=INFO REPORT==== 10-Dec-2019::10:29:47 ===
         ts_launcher:(5:<0.155.0>) Expected duration of first phase: 15.0 sec (30 users) 

=INFO REPORT==== 10-Dec-2019::10:29:47 ===
         ts_launcher:(5:<0.155.0>) Activate launcher (30 users) in 1077 msec 

=INFO REPORT==== 10-Dec-2019::10:30:03 ===
         ts_launcher:(4:<0.155.0>) Need to wait 0.294 sec before changing phase, going to sleep

=INFO REPORT==== 10-Dec-2019::10:30:03 ===
         ts_launcher:(5:<0.155.0>) Waking up

=INFO REPORT==== 10-Dec-2019::10:30:03 ===
         ts_launcher:(5:<0.155.0>) Wait for all sessions to finish before starting next phase (still 29 sessions active)
=INFO REPORT==== 10-Dec-2019::10:30:08 ===
         ts_launcher:(5:<0.155.0>) Wait for all sessions to finish before starting next phase (still 22 sessions active)
=INFO REPORT==== 10-Dec-2019::10:30:13 ===
         ts_launcher:(5:<0.155.0>) Wait for all sessions to finish before starting next phase (still 18 sessions active)
=INFO REPORT==== 10-Dec-2019::10:30:18 ===
         ts_launcher:(5:<0.155.0>) Wait for all sessions to finish before starting next phase (still 9 sessions active)
=INFO REPORT==== 10-Dec-2019::10:30:23 ===
         ts_launcher:(5:<0.155.0>) Wait for all sessions to finish before starting next phase (still 7 sessions active)
=INFO REPORT==== 10-Dec-2019::10:30:28 ===
         ts_launcher:(5:<0.155.0>) Wait for all sessions to finish before starting next phase (still 2 sessions active)
=INFO REPORT==== 10-Dec-2019::10:30:33 ===
         ts_launcher:(5:<0.155.0>) Wait for all sessions to finish before starting next phase (still 2 sessions active)
=INFO REPORT==== 10-Dec-2019::10:30:38 ===
         ts_launcher:(5:<0.155.0>) Start a new arrival phase (60 users, 0.004); expected duration=15.0 sec

=INFO REPORT==== 10-Dec-2019::10:30:53 ===
         ts_launcher:(4:<0.155.0>) Need to wait 0.261 sec before changing phase, going to sleep

=INFO REPORT==== 10-Dec-2019::10:30:53 ===
         ts_launcher:(5:<0.155.0>) Waking up

=INFO REPORT==== 10-Dec-2019::10:30:53 ===
         ts_launcher:(5:<0.155.0>) Wait for all sessions to finish before starting next phase (still 49 sessions active)
=INFO REPORT==== 10-Dec-2019::10:30:58 ===
         ts_launcher:(5:<0.155.0>) Wait for all sessions to finish before starting next phase (still 32 sessions active)
=INFO REPORT==== 10-Dec-2019::10:31:03 ===
         ts_launcher:(5:<0.155.0>) Wait for all sessions to finish before starting next phase (still 20 sessions active)
=INFO REPORT==== 10-Dec-2019::10:31:08 ===
         ts_launcher:(5:<0.155.0>) Wait for all sessions to finish before starting next phase (still 13 sessions active)
=INFO REPORT==== 10-Dec-2019::10:31:13 ===
         ts_launcher:(5:<0.155.0>) Wait for all sessions to finish before starting next phase (still 8 sessions active)
=INFO REPORT==== 10-Dec-2019::10:31:18 ===
         ts_launcher:(5:<0.155.0>) Wait for all sessions to finish before starting next phase (still 2 sessions active)
=INFO REPORT==== 10-Dec-2019::10:31:23 ===
         ts_launcher:(5:<0.155.0>) Start a new arrival phase (120 users, 0.008); expected duration=15.0 sec

=INFO REPORT==== 10-Dec-2019::10:31:38 ===
         ts_launcher:(5:<0.155.0>) Phase duration exceeded, but not all users were launched (2 users, 1.7% of phase)

=INFO REPORT==== 10-Dec-2019::10:31:38 ===
         ts_launcher:(5:<0.155.0>) Wait for all sessions to finish before starting next phase (still 102 sessions active)
=INFO REPORT==== 10-Dec-2019::10:31:43 ===
         ts_launcher:(5:<0.155.0>) Wait for all sessions to finish before starting next phase (still 81 sessions active)
=INFO REPORT==== 10-Dec-2019::10:31:48 ===
         ts_launcher:(5:<0.155.0>) Wait for all sessions to finish before starting next phase (still 46 sessions active)
=INFO REPORT==== 10-Dec-2019::10:31:53 ===
         ts_launcher:(5:<0.155.0>) Wait for all sessions to finish before starting next phase (still 26 sessions active)
=INFO REPORT==== 10-Dec-2019::10:31:58 ===
         ts_launcher:(5:<0.155.0>) Wait for all sessions to finish before starting next phase (still 13 sessions active)
=INFO REPORT==== 10-Dec-2019::10:32:03 ===
         ts_launcher:(5:<0.155.0>) Wait for all sessions to finish before starting next phase (still 2 sessions active)
=INFO REPORT==== 10-Dec-2019::10:32:08 ===
         ts_launcher:(5:<0.155.0>) Start a new arrival phase (240 users, 0.016); expected duration=15.0 sec

=INFO REPORT==== 10-Dec-2019::10:32:21 ===
         ts_launcher:(4:<0.155.0>) Need to wait 1.885 sec before changing phase, going to sleep

=INFO REPORT==== 10-Dec-2019::10:32:23 ===
         ts_launcher:(5:<0.155.0>) Waking up

=INFO REPORT==== 10-Dec-2019::10:32:23 ===
         ts_launcher:(5:<0.155.0>) Wait for all sessions to finish before starting next phase (still 206 sessions active)
=INFO REPORT==== 10-Dec-2019::10:32:28 ===
         ts_launcher:(5:<0.155.0>) Wait for all sessions to finish before starting next phase (still 150 sessions active)
=INFO REPORT==== 10-Dec-2019::10:32:33 ===
         ts_launcher:(5:<0.155.0>) Wait for all sessions to finish before starting next phase (still 80 sessions active)
=INFO REPORT==== 10-Dec-2019::10:32:38 ===
         ts_launcher:(5:<0.155.0>) Wait for all sessions to finish before starting next phase (still 39 sessions active)
=INFO REPORT==== 10-Dec-2019::10:32:43 ===
         ts_launcher:(5:<0.155.0>) Wait for all sessions to finish before starting next phase (still 15 sessions active)
=INFO REPORT==== 10-Dec-2019::10:32:48 ===
         ts_launcher:(5:<0.155.0>) Wait for all sessions to finish before starting next phase (still 6 sessions active)
=INFO REPORT==== 10-Dec-2019::10:32:53 ===
         ts_launcher:(5:<0.155.0>) Wait for all sessions to finish before starting next phase (still 1 sessions active)
=INFO REPORT==== 10-Dec-2019::10:32:58 ===
         ts_launcher:(5:<0.155.0>) Start a new arrival phase (480 users, 0.032); expected duration=15.0 sec

=INFO REPORT==== 10-Dec-2019::10:33:13 ===
         ts_launcher:(5:<0.155.0>) Phase duration exceeded, but not all users were launched (4 users, 0.8% of phase)

=INFO REPORT==== 10-Dec-2019::10:33:13 ===
         ts_launcher:(5:<0.155.0>) Wait for all sessions to finish before starting next phase (still 413 sessions active)
=INFO REPORT==== 10-Dec-2019::10:33:18 ===
         ts_launcher:(5:<0.155.0>) Wait for all sessions to finish before starting next phase (still 314 sessions active)
=INFO REPORT==== 10-Dec-2019::10:33:23 ===
         ts_launcher:(5:<0.155.0>) Wait for all sessions to finish before starting next phase (still 180 sessions active)
=INFO REPORT==== 10-Dec-2019::10:33:28 ===
         ts_launcher:(5:<0.155.0>) Wait for all sessions to finish before starting next phase (still 92 sessions active)
=INFO REPORT==== 10-Dec-2019::10:33:33 ===
         ts_launcher:(5:<0.155.0>) Wait for all sessions to finish before starting next phase (still 37 sessions active)
=INFO REPORT==== 10-Dec-2019::10:33:38 ===
         ts_launcher:(5:<0.155.0>) Wait for all sessions to finish before starting next phase (still 20 sessions active)
=INFO REPORT==== 10-Dec-2019::10:33:43 ===
         ts_launcher:(5:<0.155.0>) Wait for all sessions to finish before starting next phase (still 7 sessions active)
=INFO REPORT==== 10-Dec-2019::10:33:48 ===
         ts_launcher:(5:<0.155.0>) Wait for all sessions to finish before starting next phase (still 1 sessions active)
=INFO REPORT==== 10-Dec-2019::10:33:53 ===
         ts_launcher:(5:<0.155.0>) Start a new arrival phase (960 users, 0.064); expected duration=15.0 sec

=INFO REPORT==== 10-Dec-2019::10:34:08 ===
         ts_launcher:(5:<0.155.0>) Phase duration exceeded, but not all users were launched (49 users, 5.1% of phase)

=INFO REPORT==== 10-Dec-2019::10:34:08 ===
         ts_launcher:(5:<0.155.0>) Wait for all sessions to finish before starting next phase (still 815 sessions active)
=INFO REPORT==== 10-Dec-2019::10:34:13 ===
         ts_launcher:(5:<0.155.0>) Wait for all sessions to finish before starting next phase (still 615 sessions active)
=INFO REPORT==== 10-Dec-2019::10:34:18 ===
         ts_launcher:(5:<0.155.0>) Wait for all sessions to finish before starting next phase (still 391 sessions active)
=INFO REPORT==== 10-Dec-2019::10:34:23 ===
         ts_launcher:(5:<0.155.0>) Wait for all sessions to finish before starting next phase (still 174 sessions active)
=INFO REPORT==== 10-Dec-2019::10:34:28 ===
         ts_launcher:(5:<0.155.0>) Wait for all sessions to finish before starting next phase (still 78 sessions active)
=INFO REPORT==== 10-Dec-2019::10:34:33 ===
         ts_launcher:(5:<0.155.0>) Wait for all sessions to finish before starting next phase (still 25 sessions active)
=INFO REPORT==== 10-Dec-2019::10:34:38 ===
         ts_launcher:(5:<0.155.0>) Wait for all sessions to finish before starting next phase (still 4 sessions active)
=INFO REPORT==== 10-Dec-2019::10:34:43 ===
         ts_launcher:(5:<0.155.0>) Wait for all sessions to finish before starting next phase (still 1 sessions active)
=INFO REPORT==== 10-Dec-2019::10:34:48 ===
         ts_launcher:(5:<0.155.0>) Wait for all sessions to finish before starting next phase (still 1 sessions active)
=INFO REPORT==== 10-Dec-2019::10:34:53 ===
         ts_launcher:(5:<0.155.0>) Start a new arrival phase (1920 users, 0.128); expected duration=15.0 sec

=INFO REPORT==== 10-Dec-2019::10:35:08 ===
         ts_launcher:(5:<0.155.0>) Phase duration exceeded, but not all users were launched (28 users, 1.5% of phase)

=INFO REPORT==== 10-Dec-2019::10:35:08 ===
         ts_launcher:(5:<0.155.0>) Wait for all sessions to finish before starting next phase (still 1635 sessions active)
=INFO REPORT==== 10-Dec-2019::10:36:08 ===
         ts_launcher:(5:<0.155.0>) Start a new arrival phase (3840 users, 0.256); expected duration=15.0 sec

=INFO REPORT==== 10-Dec-2019::10:36:19 ===
           ts_client:(3:<0.5765.0>) Error: Unknown msg {#Ref<0.1256341266.2064121861.101892>,
                                                        badarg} receive in state think, stop

=INFO REPORT==== 10-Dec-2019::10:36:19 ===
           ts_client:(3:<0.5643.0>) Error: Unknown msg {#Ref<0.1256341266.2064121860.118717>,
                                                        badarg} receive in state think, stop

=INFO REPORT==== 10-Dec-2019::10:36:19 ===
           ts_client:(5:<0.5643.0>) Pending transactions: [{tr_Authenticate_User,
                                                            -576460363820554910}], compute transaction time

=INFO REPORT==== 10-Dec-2019::10:36:20 ===
           ts_client:(5:<0.5535.0>) connection close while sending message!

=INFO REPORT==== 10-Dec-2019::10:36:20 ===
           ts_client:(5:<0.5535.0>) Server must have closed connection upon us, waiting 10 msec

=INFO REPORT==== 10-Dec-2019::10:36:21 ===
           ts_client:(3:<0.5969.0>) Error: Unknown msg {#Ref<0.1256341266.2064121860.121002>,
                                                        badarg} receive in state think, stop

=INFO REPORT==== 10-Dec-2019::10:36:21 ===
           ts_client:(5:<0.5969.0>) Pending transactions: [{tr_Authenticate_User,
                                                            -576460362092891944}], compute transaction time

=INFO REPORT==== 10-Dec-2019::10:36:21 ===
           ts_client:(3:<0.5486.0>) Error: Unknown msg {#Ref<0.1256341266.2064121861.102181>,
                                                        badarg} receive in state think, stop

=INFO REPORT==== 10-Dec-2019::10:36:22 ===
           ts_client:(3:<0.6444.0>) Error: Unknown msg {#Ref<0.1256341266.2064121859.148290>,
                                                        badarg} receive in state think, stop

=INFO REPORT==== 10-Dec-2019::10:36:22 ===
           ts_client:(3:<0.6728.0>) Error: Unknown msg {#Ref<0.1256341266.2064121858.215262>,
                                                        badarg} receive in state think, stop

=INFO REPORT==== 10-Dec-2019::10:36:22 ===
           ts_search:(3:<0.6144.0>) Page couldn't be parsed:(error:{badmatch,
                                                                    []}) 
 Page:<<>>

=INFO REPORT==== 10-Dec-2019::10:36:22 ===
           ts_search:(3:<0.6144.0>) Couldn't execute XPath: page not parsed (varname=authenticity_token)

=INFO REPORT==== 10-Dec-2019::10:36:23 ===
           ts_search:(5:<0.6144.0>) Dyn Var (RE): no Match (varname=redirect_post), 

=INFO REPORT==== 10-Dec-2019::10:36:23 ===
           ts_client:(3:<0.7062.0>) Error: Unknown msg {#Ref<0.1256341266.2064121858.216687>,
                                                        badarg} receive in state think, stop

=INFO REPORT==== 10-Dec-2019::10:36:23 ===
           ts_client:(5:<0.7062.0>) Pending transactions: [{tr_Authenticate_User,
                                                            -576460357851934468}], compute transaction time

=INFO REPORT==== 10-Dec-2019::10:36:23 ===
         ts_launcher:(5:<0.155.0>) Phase duration exceeded, but not all users were launched (67 users, 1.7% of phase)

=INFO REPORT==== 10-Dec-2019::10:36:23 ===
         ts_launcher:(5:<0.155.0>) This was the last phase, wait for connected users to finish their session

=INFO REPORT==== 10-Dec-2019::10:36:23 ===
     ts_launcher_mgr:(5:<0.149.0>) Still 3424 active client(s)

=INFO REPORT==== 10-Dec-2019::10:36:23 ===
           ts_client:(3:<0.7333.0>) Error: Unknown msg {#Ref<0.1256341266.2064121859.151579>,
                                                        badarg} receive in state think, stop

=INFO REPORT==== 10-Dec-2019::10:36:24 ===
           ts_client:(3:<0.6340.0>) Error: Unknown msg {#Ref<0.1256341266.2064384001.34082>,
                                                        badarg} receive in state think, stop

=INFO REPORT==== 10-Dec-2019::10:36:24 ===
           ts_client:(3:<0.6838.0>) Error: Unknown msg {#Ref<0.1256341266.2064384001.34556>,
                                                        badarg} receive in state think, stop

=INFO REPORT==== 10-Dec-2019::10:36:24 ===
           ts_client:(5:<0.6838.0>) Pending transactions: [{tr_Authenticate_User,
                                                            -576460357893980173}], compute transaction time

=INFO REPORT==== 10-Dec-2019::10:36:24 ===
           ts_client:(3:<0.6916.0>) Error: Unknown msg {#Ref<0.1256341266.2064121858.220161>,
                                                        badarg} receive in state think, stop

=INFO REPORT==== 10-Dec-2019::10:36:24 ===
           ts_client:(5:<0.6916.0>) Pending transactions: [{tr_Authenticate_User,
                                                            -576460358575785182}], compute transaction time

=INFO REPORT==== 10-Dec-2019::10:36:25 ===
           ts_search:(5:<0.7729.0>) Dyn Var (RE): no Match (varname=authenticity_token), 

=INFO REPORT==== 10-Dec-2019::10:36:25 ===
           ts_client:(3:<0.5460.0>) Error: Unknown msg {#Ref<0.1256341266.2064384001.37630>,
                                                        badarg} receive in state think, stop

=INFO REPORT==== 10-Dec-2019::10:36:27 ===
           ts_client:(3:<0.5950.0>) Error: Unknown msg {#Ref<0.1256341266.2064384001.39731>,
                                                        badarg} receive in state think, stop

=INFO REPORT==== 10-Dec-2019::10:36:29 ===
           ts_client:(3:<0.5780.0>) Error: Unknown msg {#Ref<0.1256341266.2064121858.228431>,
                                                        badarg} receive in state think, stop

=INFO REPORT==== 10-Dec-2019::10:36:34 ===
           ts_search:(5:<0.7729.0>) Dyn Var (RE): no Match (varname=authenticity_token), 

=INFO REPORT==== 10-Dec-2019::10:36:34 ===
           ts_search:(5:<0.7729.0>) Dyn Var (RE): no Match (varname=post_id), 

=INFO REPORT==== 10-Dec-2019::10:36:36 ===
           ts_search:(5:<0.5481.0>) Dyn Var: no Match (varname=authenticity_token), 

=INFO REPORT==== 10-Dec-2019::10:36:36 ===
           ts_search:(5:<0.5481.0>) Dyn Var (RE): no Match (varname=redirect_post), 

=INFO REPORT==== 10-Dec-2019::10:36:36 ===
           ts_search:(5:<0.6237.0>) Dyn Var (RE): no Match (varname=redirect_post), 

=INFO REPORT==== 10-Dec-2019::10:36:36 ===
           ts_search:(5:<0.5703.0>) Dyn Var (RE): no Match (varname=authenticity_token), 

=INFO REPORT==== 10-Dec-2019::10:36:36 ===
           ts_search:(5:<0.6122.0>) Dyn Var: no Match (varname=authenticity_token), 

=INFO REPORT==== 10-Dec-2019::10:36:36 ===
           ts_search:(5:<0.6122.0>) Dyn Var (RE): no Match (varname=redirect_post), 

=INFO REPORT==== 10-Dec-2019::10:36:36 ===
           ts_search:(5:<0.4829.0>) Dyn Var (RE): no Match (varname=authenticity_token), 

=INFO REPORT==== 10-Dec-2019::10:36:36 ===
           ts_search:(5:<0.5689.0>) Dyn Var (RE): no Match (varname=post_id), 

=INFO REPORT==== 10-Dec-2019::10:36:36 ===
           ts_search:(5:<0.6032.0>) Dyn Var: no Match (varname=authenticity_token), 

=INFO REPORT==== 10-Dec-2019::10:36:36 ===
           ts_search:(5:<0.6032.0>) Dyn Var (RE): no Match (varname=redirect_post), 

=INFO REPORT==== 10-Dec-2019::10:36:36 ===
           ts_search:(5:<0.5703.0>) Dyn Var (RE): no Match (varname=book_id), 

=INFO REPORT==== 10-Dec-2019::10:36:36 ===
           ts_search:(5:<0.4482.0>) Dyn Var (RE): no Match (varname=authenticity_token), 

=INFO REPORT==== 10-Dec-2019::10:36:36 ===
           ts_search:(5:<0.4993.0>) Dyn Var (RE): no Match (varname=authenticity_token), 

=INFO REPORT==== 10-Dec-2019::10:36:36 ===
           ts_search:(5:<0.4993.0>) Dyn Var (RE): no Match (varname=post_id), 

=INFO REPORT==== 10-Dec-2019::10:36:36 ===
           ts_search:(5:<0.5715.0>) Dyn Var: no Match (varname=authenticity_token), 

=INFO REPORT==== 10-Dec-2019::10:36:36 ===
           ts_search:(5:<0.5715.0>) Dyn Var (RE): no Match (varname=redirect_post), 

=INFO REPORT==== 10-Dec-2019::10:36:36 ===
           ts_search:(5:<0.6332.0>) Dyn Var (RE): no Match (varname=redirect_post), 

=INFO REPORT==== 10-Dec-2019::10:36:36 ===
           ts_search:(5:<0.5112.0>) Dyn Var (RE): no Match (varname=authenticity_token), 

=INFO REPORT==== 10-Dec-2019::10:36:36 ===
           ts_search:(5:<0.5112.0>) Dyn Var (RE): no Match (varname=post_id), 

=INFO REPORT==== 10-Dec-2019::10:36:36 ===
           ts_search:(5:<0.5417.0>) Dyn Var (RE): no Match (varname=authenticity_token), 

=INFO REPORT==== 10-Dec-2019::10:36:36 ===
           ts_search:(5:<0.5694.0>) Dyn Var: no Match (varname=authenticity_token), 

=INFO REPORT==== 10-Dec-2019::10:36:36 ===
           ts_search:(5:<0.5694.0>) Dyn Var (RE): no Match (varname=redirect_post), 

=INFO REPORT==== 10-Dec-2019::10:36:36 ===
           ts_search:(5:<0.4897.0>) Dyn Var (RE): no Match (varname=post_id), 

=INFO REPORT==== 10-Dec-2019::10:36:36 ===
           ts_search:(5:<0.5444.0>) Dyn Var (RE): no Match (varname=authenticity_token), 

=INFO REPORT==== 10-Dec-2019::10:36:37 ===
           ts_search:(5:<0.5277.0>) Dyn Var (RE): no Match (varname=authenticity_token), 

=INFO REPORT==== 10-Dec-2019::10:36:37 ===
           ts_search:(5:<0.4131.0>) Dyn Var (RE): no Match (varname=book_id), 

=INFO REPORT==== 10-Dec-2019::10:36:37 ===
           ts_search:(5:<0.4761.0>) Dyn Var: no Match (varname=authenticity_token), 

=INFO REPORT==== 10-Dec-2019::10:36:37 ===
           ts_search:(5:<0.4761.0>) Dyn Var (RE): no Match (varname=redirect_post), 

=INFO REPORT==== 10-Dec-2019::10:36:37 ===
           ts_search:(5:<0.5817.0>) Dyn Var (RE): no Match (varname=redirect_post), 

=INFO REPORT==== 10-Dec-2019::10:36:37 ===
           ts_search:(5:<0.6042.0>) Dyn Var: no Match (varname=authenticity_token), 

=INFO REPORT==== 10-Dec-2019::10:36:37 ===
           ts_search:(5:<0.6042.0>) Dyn Var (RE): no Match (varname=redirect_post), 

=INFO REPORT==== 10-Dec-2019::10:36:37 ===
           ts_search:(5:<0.4916.0>) Dyn Var (RE): no Match (varname=authenticity_token), 

=INFO REPORT==== 10-Dec-2019::10:36:37 ===
           ts_search:(5:<0.6273.0>) Dyn Var (RE): no Match (varname=redirect_post), 

=INFO REPORT==== 10-Dec-2019::10:36:37 ===
           ts_search:(5:<0.4916.0>) Dyn Var (RE): no Match (varname=post_id), 

=INFO REPORT==== 10-Dec-2019::10:36:37 ===
           ts_search:(5:<0.5624.0>) Dyn Var (RE): no Match (varname=redirect_post), 

=INFO REPORT==== 10-Dec-2019::10:36:37 ===
           ts_search:(5:<0.4900.0>) Dyn Var (RE): no Match (varname=book_id), 

=INFO REPORT==== 10-Dec-2019::10:36:37 ===
           ts_search:(5:<0.5417.0>) Dyn Var (RE): no Match (varname=convo_id), 

=INFO REPORT==== 10-Dec-2019::10:36:37 ===
           ts_search:(5:<0.5139.0>) Dyn Var (RE): no Match (varname=redirect_post), 

=INFO REPORT==== 10-Dec-2019::10:36:37 ===
           ts_search:(5:<0.4609.0>) Dyn Var: no Match (varname=first_comment_path), 

=INFO REPORT==== 10-Dec-2019::10:36:37 ===
           ts_search:(5:<0.4609.0>) Dyn Var: no Match (varname=authenticity_token), 

=INFO REPORT==== 10-Dec-2019::10:36:37 ===
           ts_search:(5:<0.5674.0>) Dyn Var: no Match (varname=first_comment_path), 

=INFO REPORT==== 10-Dec-2019::10:36:37 ===
           ts_search:(5:<0.5674.0>) Dyn Var: no Match (varname=authenticity_token), 

=INFO REPORT==== 10-Dec-2019::10:36:37 ===
           ts_search:(5:<0.4931.0>) Dyn Var (RE): no Match (varname=post_id), 

=INFO REPORT==== 10-Dec-2019::10:36:37 ===
           ts_search:(5:<0.4292.0>) Dyn Var (RE): no Match (varname=redirect_post), 

=INFO REPORT==== 10-Dec-2019::10:36:37 ===
           ts_search:(5:<0.4533.0>) Dyn Var (RE): no Match (varname=post_id), 

=INFO REPORT==== 10-Dec-2019::10:36:37 ===
           ts_search:(5:<0.5161.0>) Dyn Var (RE): no Match (varname=post_id), 

=INFO REPORT==== 10-Dec-2019::10:36:37 ===
           ts_search:(5:<0.5158.0>) Dyn Var (RE): no Match (varname=book_id), 

=INFO REPORT==== 10-Dec-2019::10:36:37 ===
           ts_search:(5:<0.5277.0>) Dyn Var (RE): no Match (varname=book_id), 

=INFO REPORT==== 10-Dec-2019::10:36:37 ===
           ts_search:(5:<0.4065.0>) Dyn Var (RE): no Match (varname=redirect_post), 

=INFO REPORT==== 10-Dec-2019::10:36:37 ===
           ts_search:(5:<0.5527.0>) Dyn Var (RE): no Match (varname=authenticity_token), 

=INFO REPORT==== 10-Dec-2019::10:36:37 ===
           ts_search:(5:<0.6210.0>) Dyn Var (RE): no Match (varname=authenticity_token), 

=INFO REPORT==== 10-Dec-2019::10:36:37 ===
           ts_search:(5:<0.5391.0>) Dyn Var (RE): no Match (varname=post_id), 

=INFO REPORT==== 10-Dec-2019::10:36:37 ===
           ts_search:(5:<0.4709.0>) Dyn Var: no Match (varname=first_comment_path), 

=INFO REPORT==== 10-Dec-2019::10:36:37 ===
           ts_search:(5:<0.4709.0>) Dyn Var: no Match (varname=authenticity_token), 

=INFO REPORT==== 10-Dec-2019::10:36:37 ===
           ts_search:(5:<0.4904.0>) Dyn Var (RE): no Match (varname=post_id), 

=INFO REPORT==== 10-Dec-2019::10:36:37 ===
           ts_search:(5:<0.5285.0>) Dyn Var (RE): no Match (varname=post_id), 

=INFO REPORT==== 10-Dec-2019::10:36:37 ===
           ts_search:(5:<0.5633.0>) Dyn Var (RE): no Match (varname=authenticity_token), 

=INFO REPORT==== 10-Dec-2019::10:36:37 ===
           ts_search:(5:<0.5633.0>) Dyn Var (RE): no Match (varname=post_id), 

=INFO REPORT==== 10-Dec-2019::10:36:37 ===
           ts_search:(5:<0.4679.0>) Dyn Var (RE): no Match (varname=post_id), 

=INFO REPORT==== 10-Dec-2019::10:36:37 ===
           ts_search:(5:<0.5318.0>) Dyn Var (RE): no Match (varname=book_id), 

=INFO REPORT==== 10-Dec-2019::10:36:37 ===
           ts_search:(5:<0.5282.0>) Dyn Var (RE): no Match (varname=redirect_post), 

=INFO REPORT==== 10-Dec-2019::10:36:38 ===
           ts_search:(5:<0.5444.0>) Dyn Var (RE): no Match (varname=book_id), 

=INFO REPORT==== 10-Dec-2019::10:36:38 ===
           ts_search:(5:<0.4683.0>) Dyn Var (RE): no Match (varname=post_id), 

=INFO REPORT==== 10-Dec-2019::10:36:38 ===
           ts_search:(5:<0.5864.0>) Dyn Var (RE): no Match (varname=authenticity_token), 

=INFO REPORT==== 10-Dec-2019::10:36:38 ===
           ts_search:(5:<0.5320.0>) Dyn Var (RE): no Match (varname=authenticity_token), 

=INFO REPORT==== 10-Dec-2019::10:36:38 ===
           ts_search:(5:<0.4980.0>) Dyn Var (RE): no Match (varname=authenticity_token), 

=INFO REPORT==== 10-Dec-2019::10:36:38 ===
           ts_search:(5:<0.4980.0>) Dyn Var (RE): no Match (varname=post_id), 

=INFO REPORT==== 10-Dec-2019::10:36:38 ===
           ts_search:(5:<0.5558.0>) Dyn Var (RE): no Match (varname=post_id), 

=INFO REPORT==== 10-Dec-2019::10:36:38 ===
           ts_search:(5:<0.4545.0>) Dyn Var (RE): no Match (varname=convo_id), 

=INFO REPORT==== 10-Dec-2019::10:36:38 ===
           ts_search:(5:<0.6705.0>) Dyn Var: no Match (varname=authenticity_token), 

=INFO REPORT==== 10-Dec-2019::10:36:38 ===
           ts_search:(5:<0.6705.0>) Dyn Var (RE): no Match (varname=redirect_post), 

=INFO REPORT==== 10-Dec-2019::10:36:38 ===
           ts_search:(5:<0.5767.0>) Dyn Var (RE): no Match (varname=book_id), 

=INFO REPORT==== 10-Dec-2019::10:36:38 ===
           ts_search:(5:<0.6250.0>) Dyn Var (RE): no Match (varname=authenticity_token), 

=INFO REPORT==== 10-Dec-2019::10:36:38 ===
           ts_search:(5:<0.5771.0>) Dyn Var: no Match (varname=authenticity_token), 

=INFO REPORT==== 10-Dec-2019::10:36:38 ===
           ts_search:(5:<0.6894.0>) Dyn Var: no Match (varname=authenticity_token), 

=INFO REPORT==== 10-Dec-2019::10:36:38 ===
           ts_search:(5:<0.4962.0>) Dyn Var: no Match (varname=authenticity_token), 

=INFO REPORT==== 10-Dec-2019::10:36:38 ===
           ts_search:(5:<0.5771.0>) Dyn Var (RE): no Match (varname=redirect_post), 

=INFO REPORT==== 10-Dec-2019::10:36:38 ===
           ts_search:(5:<0.6894.0>) Dyn Var (RE): no Match (varname=redirect_post), 

=INFO REPORT==== 10-Dec-2019::10:36:38 ===
           ts_search:(5:<0.4962.0>) Dyn Var (RE): no Match (varname=redirect_post), 

=INFO REPORT==== 10-Dec-2019::10:36:38 ===
           ts_search:(5:<0.5059.0>) Dyn Var (RE): no Match (varname=redirect_post), 

=INFO REPORT==== 10-Dec-2019::10:36:38 ===
           ts_search:(5:<0.6211.0>) Dyn Var (RE): no Match (varname=redirect_post), 

=INFO REPORT==== 10-Dec-2019::10:36:38 ===
           ts_search:(5:<0.5287.0>) Dyn Var (RE): no Match (varname=redirect_post), 

=INFO REPORT==== 10-Dec-2019::10:36:38 ===
           ts_search:(5:<0.5584.0>) Dyn Var (RE): no Match (varname=authenticity_token), 

=INFO REPORT==== 10-Dec-2019::10:36:38 ===
           ts_search:(5:<0.4091.0>) Dyn Var (RE): no Match (varname=post_id), 

=INFO REPORT==== 10-Dec-2019::10:36:38 ===
           ts_search:(5:<0.4756.0>) Dyn Var: no Match (varname=first_comment_path), 

=INFO REPORT==== 10-Dec-2019::10:36:38 ===
           ts_search:(5:<0.4756.0>) Dyn Var: no Match (varname=authenticity_token), 

=INFO REPORT==== 10-Dec-2019::10:36:38 ===
           ts_search:(5:<0.6214.0>) Dyn Var: no Match (varname=authenticity_token), 

=INFO REPORT==== 10-Dec-2019::10:36:38 ===
           ts_search:(5:<0.5417.0>) Dyn Var (RE): no Match (varname=authenticity_token), 

=INFO REPORT==== 10-Dec-2019::10:36:38 ===
           ts_search:(5:<0.6214.0>) Dyn Var (RE): no Match (varname=redirect_post), 

=INFO REPORT==== 10-Dec-2019::10:36:38 ===
           ts_search:(5:<0.5045.0>) Dyn Var: no Match (varname=first_comment_path), 

=INFO REPORT==== 10-Dec-2019::10:36:38 ===
           ts_search:(5:<0.5045.0>) Dyn Var: no Match (varname=authenticity_token), 

=INFO REPORT==== 10-Dec-2019::10:36:38 ===
           ts_search:(5:<0.4985.0>) Dyn Var (RE): no Match (varname=convo_id), 

=INFO REPORT==== 10-Dec-2019::10:36:38 ===
           ts_search:(5:<0.5862.0>) Dyn Var: no Match (varname=authenticity_token), 

=INFO REPORT==== 10-Dec-2019::10:36:38 ===
           ts_search:(5:<0.5862.0>) Dyn Var (RE): no Match (varname=redirect_post), 

=INFO REPORT==== 10-Dec-2019::10:36:38 ===
           ts_search:(5:<0.5060.0>) Dyn Var (RE): no Match (varname=book_id), 

=INFO REPORT==== 10-Dec-2019::10:36:38 ===
           ts_search:(5:<0.4704.0>) Dyn Var: no Match (varname=first_comment_path), 

=INFO REPORT==== 10-Dec-2019::10:36:38 ===
           ts_search:(5:<0.4704.0>) Dyn Var: no Match (varname=authenticity_token), 

=INFO REPORT==== 10-Dec-2019::10:36:38 ===
           ts_search:(5:<0.4545.0>) Dyn Var (RE): no Match (varname=authenticity_token), 

=INFO REPORT==== 10-Dec-2019::10:36:38 ===
           ts_search:(5:<0.4670.0>) Dyn Var (RE): no Match (varname=post_id), 

=INFO REPORT==== 10-Dec-2019::10:36:38 ===
           ts_search:(5:<0.6179.0>) Dyn Var: no Match (varname=first_comment_path), 

=INFO REPORT==== 10-Dec-2019::10:36:38 ===
           ts_search:(5:<0.6179.0>) Dyn Var: no Match (varname=authenticity_token), 

=INFO REPORT==== 10-Dec-2019::10:36:38 ===
           ts_search:(5:<0.4422.0>) Dyn Var (RE): no Match (varname=authenticity_token), 

=INFO REPORT==== 10-Dec-2019::10:36:38 ===
           ts_search:(5:<0.4422.0>) Dyn Var (RE): no Match (varname=post_id), 

=INFO REPORT==== 10-Dec-2019::10:36:39 ===
           ts_search:(5:<0.6125.0>) Dyn Var: no Match (varname=first_comment_path), 

=INFO REPORT==== 10-Dec-2019::10:36:39 ===
           ts_search:(5:<0.6125.0>) Dyn Var: no Match (varname=authenticity_token), 

=INFO REPORT==== 10-Dec-2019::10:36:39 ===
           ts_search:(5:<0.5563.0>) Dyn Var (RE): no Match (varname=authenticity_token), 

=INFO REPORT==== 10-Dec-2019::10:36:39 ===
           ts_search:(5:<0.4985.0>) Dyn Var (RE): no Match (varname=authenticity_token), 

=INFO REPORT==== 10-Dec-2019::10:36:39 ===
           ts_search:(5:<0.5582.0>) Dyn Var (RE): no Match (varname=authenticity_token), 

=INFO REPORT==== 10-Dec-2019::10:36:39 ===
           ts_search:(5:<0.4596.0>) Dyn Var (RE): no Match (varname=post_id), 

=INFO REPORT==== 10-Dec-2019::10:36:39 ===
           ts_search:(5:<0.4716.0>) Dyn Var (RE): no Match (varname=redirect_post), 

=INFO REPORT==== 10-Dec-2019::10:36:39 ===
           ts_search:(5:<0.6897.0>) Dyn Var (RE): no Match (varname=redirect_post), 

=INFO REPORT==== 10-Dec-2019::10:36:39 ===
           ts_search:(5:<0.4549.0>) Dyn Var (RE): no Match (varname=post_id), 

=INFO REPORT==== 10-Dec-2019::10:36:39 ===
           ts_search:(5:<0.3964.0>) Dyn Var (RE): no Match (varname=authenticity_token), 

=INFO REPORT==== 10-Dec-2019::10:36:39 ===
           ts_search:(5:<0.5253.0>) Dyn Var (RE): no Match (varname=post_id), 

=INFO REPORT==== 10-Dec-2019::10:36:39 ===
           ts_search:(5:<0.3964.0>) Dyn Var (RE): no Match (varname=post_id), 

=INFO REPORT==== 10-Dec-2019::10:36:39 ===
           ts_search:(5:<0.5237.0>) Dyn Var: no Match (varname=first_comment_path), 

=INFO REPORT==== 10-Dec-2019::10:36:39 ===
           ts_search:(5:<0.5237.0>) Dyn Var: no Match (varname=authenticity_token), 

=INFO REPORT==== 10-Dec-2019::10:36:39 ===
           ts_search:(5:<0.4970.0>) Dyn Var: no Match (varname=first_comment_path), 

=INFO REPORT==== 10-Dec-2019::10:36:39 ===
           ts_search:(5:<0.4970.0>) Dyn Var: no Match (varname=authenticity_token), 

=INFO REPORT==== 10-Dec-2019::10:36:39 ===
           ts_search:(5:<0.4482.0>) Dyn Var (RE): no Match (varname=convo_id), 

=INFO REPORT==== 10-Dec-2019::10:36:39 ===
           ts_search:(5:<0.6484.0>) Dyn Var (RE): no Match (varname=authenticity_token), 

=INFO REPORT==== 10-Dec-2019::10:36:39 ===
           ts_search:(5:<0.5392.0>) Dyn Var: no Match (varname=first_comment_path), 

=INFO REPORT==== 10-Dec-2019::10:36:39 ===
           ts_search:(5:<0.5392.0>) Dyn Var: no Match (varname=authenticity_token), 

=INFO REPORT==== 10-Dec-2019::10:36:39 ===
           ts_search:(5:<0.4693.0>) Dyn Var (RE): no Match (varname=authenticity_token), 

=INFO REPORT==== 10-Dec-2019::10:36:39 ===
           ts_search:(5:<0.5603.0>) Dyn Var: no Match (varname=first_comment_path), 

=INFO REPORT==== 10-Dec-2019::10:36:39 ===
           ts_search:(5:<0.5603.0>) Dyn Var: no Match (varname=authenticity_token), 

=INFO REPORT==== 10-Dec-2019::10:36:39 ===
           ts_search:(5:<0.4693.0>) Dyn Var (RE): no Match (varname=post_id), 

=INFO REPORT==== 10-Dec-2019::10:36:39 ===
           ts_search:(5:<0.6598.0>) Dyn Var (RE): no Match (varname=redirect_post), 

=INFO REPORT==== 10-Dec-2019::10:36:39 ===
           ts_search:(5:<0.6217.0>) Dyn Var (RE): no Match (varname=book_id), 

=INFO REPORT==== 10-Dec-2019::10:36:39 ===
           ts_search:(5:<0.4955.0>) Dyn Var (RE): no Match (varname=authenticity_token), 

=INFO REPORT==== 10-Dec-2019::10:36:39 ===
           ts_search:(5:<0.5750.0>) Dyn Var (RE): no Match (varname=authenticity_token), 

=INFO REPORT==== 10-Dec-2019::10:36:39 ===
           ts_search:(5:<0.4768.0>) Dyn Var (RE): no Match (varname=authenticity_token), 

=INFO REPORT==== 10-Dec-2019::10:36:39 ===
           ts_search:(5:<0.5522.0>) Dyn Var (RE): no Match (varname=redirect_post), 

=INFO REPORT==== 10-Dec-2019::10:36:39 ===
           ts_search:(5:<0.4898.0>) Dyn Var (RE): no Match (varname=redirect_post), 

=INFO REPORT==== 10-Dec-2019::10:36:39 ===
           ts_search:(5:<0.6677.0>) Dyn Var: no Match (varname=authenticity_token), 

=INFO REPORT==== 10-Dec-2019::10:36:39 ===
           ts_search:(5:<0.4295.0>) Dyn Var: no Match (varname=first_comment_path), 

=INFO REPORT==== 10-Dec-2019::10:36:39 ===
           ts_search:(5:<0.4295.0>) Dyn Var: no Match (varname=authenticity_token), 

=INFO REPORT==== 10-Dec-2019::10:36:39 ===
           ts_search:(5:<0.6677.0>) Dyn Var (RE): no Match (varname=redirect_post), 

=INFO REPORT==== 10-Dec-2019::10:36:39 ===
           ts_search:(5:<0.5901.0>) Dyn Var (RE): no Match (varname=redirect_post), 

=INFO REPORT==== 10-Dec-2019::10:36:39 ===
           ts_search:(5:<0.4734.0>) Dyn Var: no Match (varname=first_comment_path), 

=INFO REPORT==== 10-Dec-2019::10:36:39 ===
           ts_search:(5:<0.4734.0>) Dyn Var: no Match (varname=authenticity_token), 

=INFO REPORT==== 10-Dec-2019::10:36:39 ===
           ts_search:(5:<0.5508.0>) Dyn Var (RE): no Match (varname=redirect_post), 

=INFO REPORT==== 10-Dec-2019::10:36:39 ===
           ts_search:(5:<0.4887.0>) Dyn Var (RE): no Match (varname=post_id), 

=INFO REPORT==== 10-Dec-2019::10:36:39 ===
           ts_search:(5:<0.4811.0>) Dyn Var (RE): no Match (varname=post_id), 

=INFO REPORT==== 10-Dec-2019::10:36:39 ===
           ts_search:(5:<0.5247.0>) Dyn Var (RE): no Match (varname=post_id), 

=INFO REPORT==== 10-Dec-2019::10:36:39 ===
           ts_search:(5:<0.5808.0>) Dyn Var (RE): no Match (varname=authenticity_token), 

=INFO REPORT==== 10-Dec-2019::10:36:39 ===
           ts_search:(5:<0.4786.0>) Dyn Var (RE): no Match (varname=redirect_post), 

=INFO REPORT==== 10-Dec-2019::10:36:39 ===
           ts_search:(5:<0.5808.0>) Dyn Var (RE): no Match (varname=post_id), 

=INFO REPORT==== 10-Dec-2019::10:36:39 ===
           ts_search:(5:<0.6183.0>) Dyn Var (RE): no Match (varname=authenticity_token), 

=INFO REPORT==== 10-Dec-2019::10:36:39 ===
           ts_search:(5:<0.6451.0>) Dyn Var (RE): no Match (varname=post_id), 

=INFO REPORT==== 10-Dec-2019::10:36:39 ===
           ts_search:(5:<0.4532.0>) Dyn Var (RE): no Match (varname=post_id), 

=INFO REPORT==== 10-Dec-2019::10:36:39 ===
           ts_search:(5:<0.4869.0>) Dyn Var (RE): no Match (varname=authenticity_token), 

=INFO REPORT==== 10-Dec-2019::10:36:39 ===
           ts_search:(5:<0.4626.0>) Dyn Var (RE): no Match (varname=authenticity_token), 

=INFO REPORT==== 10-Dec-2019::10:36:39 ===
           ts_search:(5:<0.4869.0>) Dyn Var (RE): no Match (varname=post_id), 

=INFO REPORT==== 10-Dec-2019::10:36:40 ===
           ts_search:(5:<0.5782.0>) Dyn Var: no Match (varname=authenticity_token), 

=INFO REPORT==== 10-Dec-2019::10:36:40 ===
           ts_search:(5:<0.5782.0>) Dyn Var (RE): no Match (varname=redirect_post), 

=INFO REPORT==== 10-Dec-2019::10:36:40 ===
           ts_search:(5:<0.5584.0>) Dyn Var (RE): no Match (varname=convo_id), 

=INFO REPORT==== 10-Dec-2019::10:36:40 ===
           ts_search:(5:<0.4955.0>) Dyn Var (RE): no Match (varname=book_id), 

=INFO REPORT==== 10-Dec-2019::10:36:40 ===
           ts_search:(5:<0.5200.0>) Dyn Var (RE): no Match (varname=post_id), 

=INFO REPORT==== 10-Dec-2019::10:36:40 ===
           ts_search:(5:<0.4068.0>) Dyn Var (RE): no Match (varname=post_id), 

=INFO REPORT==== 10-Dec-2019::10:36:40 ===
           ts_search:(5:<0.5492.0>) Dyn Var: no Match (varname=authenticity_token), 

=INFO REPORT==== 10-Dec-2019::10:36:40 ===
           ts_search:(5:<0.3983.0>) Dyn Var (RE): no Match (varname=convo_id), 

=INFO REPORT==== 10-Dec-2019::10:36:40 ===
           ts_search:(5:<0.5070.0>) Dyn Var (RE): no Match (varname=book_id), 

=INFO REPORT==== 10-Dec-2019::10:36:40 ===
           ts_search:(5:<0.5492.0>) Dyn Var (RE): no Match (varname=redirect_post), 

=INFO REPORT==== 10-Dec-2019::10:36:40 ===
           ts_search:(5:<0.5772.0>) Dyn Var (RE): no Match (varname=authenticity_token), 

=INFO REPORT==== 10-Dec-2019::10:36:40 ===
           ts_search:(5:<0.5772.0>) Dyn Var (RE): no Match (varname=post_id), 

=INFO REPORT==== 10-Dec-2019::10:36:40 ===
           ts_search:(5:<0.4501.0>) Dyn Var (RE): no Match (varname=post_id), 

=INFO REPORT==== 10-Dec-2019::10:36:40 ===
           ts_search:(5:<0.5810.0>) Dyn Var (RE): no Match (varname=redirect_post), 

=INFO REPORT==== 10-Dec-2019::10:36:40 ===
           ts_search:(5:<0.7428.0>) Dyn Var: no Match (varname=authenticity_token), 

=INFO REPORT==== 10-Dec-2019::10:36:40 ===
           ts_search:(5:<0.5897.0>) Dyn Var (RE): no Match (varname=authenticity_token), 

=INFO REPORT==== 10-Dec-2019::10:36:40 ===
           ts_search:(5:<0.7428.0>) Dyn Var (RE): no Match (varname=redirect_post), 

=INFO REPORT==== 10-Dec-2019::10:36:40 ===
           ts_search:(5:<0.5163.0>) Dyn Var (RE): no Match (varname=authenticity_token), 

=INFO REPORT==== 10-Dec-2019::10:36:40 ===
           ts_search:(5:<0.5111.0>) Dyn Var (RE): no Match (varname=book_id), 

=INFO REPORT==== 10-Dec-2019::10:36:40 ===
           ts_search:(5:<0.5163.0>) Dyn Var (RE): no Match (varname=post_id), 

=INFO REPORT==== 10-Dec-2019::10:36:40 ===
           ts_search:(5:<0.5142.0>) Dyn Var (RE): no Match (varname=redirect_post), 

=INFO REPORT==== 10-Dec-2019::10:36:40 ===
           ts_search:(5:<0.7119.0>) Dyn Var: no Match (varname=authenticity_token), 

=INFO REPORT==== 10-Dec-2019::10:36:40 ===
           ts_search:(5:<0.5347.0>) Dyn Var (RE): no Match (varname=authenticity_token), 

=INFO REPORT==== 10-Dec-2019::10:36:40 ===
           ts_search:(5:<0.4626.0>) Dyn Var (RE): no Match (varname=book_id), 

=INFO REPORT==== 10-Dec-2019::10:36:40 ===
           ts_search:(5:<0.4768.0>) Dyn Var (RE): no Match (varname=book_id), 

=INFO REPORT==== 10-Dec-2019::10:36:40 ===
           ts_search:(5:<0.7119.0>) Dyn Var (RE): no Match (varname=redirect_post), 

=INFO REPORT==== 10-Dec-2019::10:36:40 ===
           ts_search:(5:<0.7081.0>) Dyn Var: no Match (varname=authenticity_token), 

=INFO REPORT==== 10-Dec-2019::10:36:40 ===
           ts_search:(5:<0.5740.0>) Dyn Var: no Match (varname=first_comment_path), 

=INFO REPORT==== 10-Dec-2019::10:36:40 ===
           ts_search:(5:<0.5740.0>) Dyn Var: no Match (varname=authenticity_token), 

=INFO REPORT==== 10-Dec-2019::10:36:40 ===
           ts_search:(5:<0.7081.0>) Dyn Var (RE): no Match (varname=redirect_post), 

=INFO REPORT==== 10-Dec-2019::10:36:40 ===
           ts_search:(5:<0.5426.0>) Dyn Var (RE): no Match (varname=convo_id), 

=INFO REPORT==== 10-Dec-2019::10:36:40 ===
           ts_search:(5:<0.6033.0>) Dyn Var: no Match (varname=authenticity_token), 

=INFO REPORT==== 10-Dec-2019::10:36:40 ===
           ts_search:(5:<0.5056.0>) Dyn Var (RE): no Match (varname=authenticity_token), 

=INFO REPORT==== 10-Dec-2019::10:36:40 ===
           ts_search:(5:<0.6484.0>) Dyn Var (RE): no Match (varname=book_id), 

=INFO REPORT==== 10-Dec-2019::10:36:40 ===
           ts_search:(5:<0.6033.0>) Dyn Var (RE): no Match (varname=redirect_post), 

=INFO REPORT==== 10-Dec-2019::10:36:40 ===
           ts_search:(5:<0.5056.0>) Dyn Var (RE): no Match (varname=post_id), 

=INFO REPORT==== 10-Dec-2019::10:36:40 ===
           ts_search:(5:<0.6079.0>) Dyn Var (RE): no Match (varname=authenticity_token), 

=INFO REPORT==== 10-Dec-2019::10:36:40 ===
           ts_search:(5:<0.5520.0>) Dyn Var (RE): no Match (varname=authenticity_token), 

=INFO REPORT==== 10-Dec-2019::10:36:40 ===
           ts_search:(5:<0.5520.0>) Dyn Var (RE): no Match (varname=post_id), 

=INFO REPORT==== 10-Dec-2019::10:36:40 ===
           ts_search:(5:<0.5364.0>) Dyn Var (RE): no Match (varname=authenticity_token), 

=INFO REPORT==== 10-Dec-2019::10:36:40 ===
           ts_search:(5:<0.4872.0>) Dyn Var (RE): no Match (varname=book_id), 

=INFO REPORT==== 10-Dec-2019::10:36:40 ===
           ts_search:(5:<0.6929.0>) Dyn Var (RE): no Match (varname=authenticity_token), 

=INFO REPORT==== 10-Dec-2019::10:36:40 ===
           ts_search:(5:<0.5356.0>) Dyn Var: no Match (varname=first_comment_path), 

=INFO REPORT==== 10-Dec-2019::10:36:40 ===
           ts_search:(5:<0.5356.0>) Dyn Var: no Match (varname=authenticity_token), 

=INFO REPORT==== 10-Dec-2019::10:36:40 ===
           ts_search:(5:<0.6586.0>) Dyn Var (RE): no Match (varname=redirect_post), 

=INFO REPORT==== 10-Dec-2019::10:36:40 ===
           ts_search:(5:<0.6399.0>) Dyn Var (RE): no Match (varname=authenticity_token), 

=INFO REPORT==== 10-Dec-2019::10:36:40 ===
           ts_search:(5:<0.6399.0>) Dyn Var (RE): no Match (varname=post_id), 

=INFO REPORT==== 10-Dec-2019::10:36:40 ===
           ts_search:(5:<0.5127.0>) Dyn Var (RE): no Match (varname=post_id), 

=INFO REPORT==== 10-Dec-2019::10:36:40 ===
           ts_search:(5:<0.6057.0>) Dyn Var: no Match (varname=authenticity_token), 

=INFO REPORT==== 10-Dec-2019::10:36:40 ===
           ts_search:(5:<0.6315.0>) Dyn Var: no Match (varname=authenticity_token), 

=INFO REPORT==== 10-Dec-2019::10:36:40 ===
           ts_search:(5:<0.6057.0>) Dyn Var (RE): no Match (varname=redirect_post), 

=INFO REPORT==== 10-Dec-2019::10:36:40 ===
           ts_search:(5:<0.6315.0>) Dyn Var (RE): no Match (varname=redirect_post), 

=INFO REPORT==== 10-Dec-2019::10:36:40 ===
           ts_search:(5:<0.5892.0>) Dyn Var: no Match (varname=authenticity_token), 

=INFO REPORT==== 10-Dec-2019::10:36:40 ===
           ts_search:(5:<0.5711.0>) Dyn Var: no Match (varname=authenticity_token), 

=INFO REPORT==== 10-Dec-2019::10:36:40 ===
           ts_search:(5:<0.5892.0>) Dyn Var (RE): no Match (varname=redirect_post), 

=INFO REPORT==== 10-Dec-2019::10:36:40 ===
           ts_search:(5:<0.5711.0>) Dyn Var (RE): no Match (varname=redirect_post), 

=INFO REPORT==== 10-Dec-2019::10:36:40 ===
           ts_search:(5:<0.4982.0>) Dyn Var (RE): no Match (varname=authenticity_token), 

=INFO REPORT==== 10-Dec-2019::10:36:40 ===
           ts_search:(5:<0.5582.0>) Dyn Var (RE): no Match (varname=book_id), 

=INFO REPORT==== 10-Dec-2019::10:36:40 ===
           ts_search:(5:<0.5132.0>) Dyn Var (RE): no Match (varname=authenticity_token), 

=INFO REPORT==== 10-Dec-2019::10:36:40 ===
           ts_search:(5:<0.5164.0>) Dyn Var: no Match (varname=first_comment_path), 

=INFO REPORT==== 10-Dec-2019::10:36:40 ===
           ts_search:(5:<0.5164.0>) Dyn Var: no Match (varname=authenticity_token), 

=INFO REPORT==== 10-Dec-2019::10:36:40 ===
           ts_search:(5:<0.5132.0>) Dyn Var (RE): no Match (varname=post_id), 

=INFO REPORT==== 10-Dec-2019::10:36:40 ===
           ts_search:(5:<0.5534.0>) Dyn Var (RE): no Match (varname=redirect_post), 

=INFO REPORT==== 10-Dec-2019::10:36:41 ===
           ts_search:(5:<0.5864.0>) Dyn Var (RE): no Match (varname=convo_id), 

=INFO REPORT==== 10-Dec-2019::10:36:41 ===
           ts_search:(5:<0.6081.0>) Dyn Var (RE): no Match (varname=authenticity_token), 

=INFO REPORT==== 10-Dec-2019::10:36:41 ===
           ts_search:(5:<0.6081.0>) Dyn Var (RE): no Match (varname=post_id), 

=INFO REPORT==== 10-Dec-2019::10:36:41 ===
           ts_search:(5:<0.6929.0>) Dyn Var (RE): no Match (varname=book_id), 

=INFO REPORT==== 10-Dec-2019::10:36:41 ===
           ts_search:(5:<0.7191.0>) Dyn Var (RE): no Match (varname=redirect_post), 

=INFO REPORT==== 10-Dec-2019::10:36:41 ===
           ts_search:(5:<0.7002.0>) Dyn Var (RE): no Match (varname=redirect_post), 

=INFO REPORT==== 10-Dec-2019::10:36:41 ===
           ts_search:(5:<0.5458.0>) Dyn Var: no Match (varname=authenticity_token), 

=INFO REPORT==== 10-Dec-2019::10:36:41 ===
           ts_search:(5:<0.7049.0>) Dyn Var (RE): no Match (varname=authenticity_token), 

=INFO REPORT==== 10-Dec-2019::10:36:41 ===
           ts_search:(5:<0.5458.0>) Dyn Var (RE): no Match (varname=redirect_post), 

=INFO REPORT==== 10-Dec-2019::10:36:41 ===
           ts_search:(5:<0.6574.0>) Dyn Var (RE): no Match (varname=post_id), 

=INFO REPORT==== 10-Dec-2019::10:36:41 ===
           ts_search:(5:<0.5046.0>) Dyn Var (RE): no Match (varname=post_id), 

=INFO REPORT==== 10-Dec-2019::10:36:41 ===
           ts_search:(5:<0.4982.0>) Dyn Var (RE): no Match (varname=convo_id), 

=INFO REPORT==== 10-Dec-2019::10:36:41 ===
           ts_search:(5:<0.6523.0>) Dyn Var: no Match (varname=first_comment_path), 

=INFO REPORT==== 10-Dec-2019::10:36:41 ===
           ts_search:(5:<0.6523.0>) Dyn Var: no Match (varname=authenticity_token), 

=INFO REPORT==== 10-Dec-2019::10:36:41 ===
           ts_search:(5:<0.4644.0>) Dyn Var (RE): no Match (varname=book_id), 

=INFO REPORT==== 10-Dec-2019::10:36:41 ===
           ts_search:(5:<0.5065.0>) Dyn Var (RE): no Match (varname=book_id), 

=INFO REPORT==== 10-Dec-2019::10:36:41 ===
           ts_search:(5:<0.6459.0>) Dyn Var (RE): no Match (varname=authenticity_token), 

=INFO REPORT==== 10-Dec-2019::10:36:41 ===
           ts_search:(5:<0.5100.0>) Dyn Var (RE): no Match (varname=book_id), 

=INFO REPORT==== 10-Dec-2019::10:36:41 ===
           ts_search:(5:<0.6744.0>) Dyn Var (RE): no Match (varname=post_id), 

=INFO REPORT==== 10-Dec-2019::10:36:41 ===
           ts_search:(5:<0.4024.0>) Dyn Var (RE): no Match (varname=authenticity_token), 

=INFO REPORT==== 10-Dec-2019::10:36:41 ===
           ts_search:(5:<0.3983.0>) Dyn Var (RE): no Match (varname=authenticity_token), 

=INFO REPORT==== 10-Dec-2019::10:36:41 ===
           ts_search:(5:<0.4401.0>) Dyn Var (RE): no Match (varname=post_id), 

=INFO REPORT==== 10-Dec-2019::10:36:41 ===
           ts_search:(5:<0.5182.0>) Dyn Var (RE): no Match (varname=authenticity_token), 

=INFO REPORT==== 10-Dec-2019::10:36:41 ===
           ts_search:(5:<0.5584.0>) Dyn Var (RE): no Match (varname=authenticity_token), 

=INFO REPORT==== 10-Dec-2019::10:36:41 ===
           ts_search:(5:<0.7517.0>) Dyn Var (RE): no Match (varname=redirect_post), 

=INFO REPORT==== 10-Dec-2019::10:36:41 ===
           ts_search:(5:<0.6126.0>) Dyn Var: no Match (varname=authenticity_token), 

=INFO REPORT==== 10-Dec-2019::10:36:41 ===
           ts_search:(5:<0.6126.0>) Dyn Var (RE): no Match (varname=redirect_post), 

=INFO REPORT==== 10-Dec-2019::10:36:41 ===
           ts_search:(5:<0.6373.0>) Dyn Var (RE): no Match (varname=authenticity_token), 

=INFO REPORT==== 10-Dec-2019::10:36:41 ===
           ts_search:(5:<0.4977.0>) Dyn Var (RE): no Match (varname=authenticity_token), 

=INFO REPORT==== 10-Dec-2019::10:36:41 ===
           ts_search:(5:<0.6373.0>) Dyn Var (RE): no Match (varname=post_id), 

=INFO REPORT==== 10-Dec-2019::10:36:41 ===
           ts_search:(5:<0.4116.0>) Dyn Var (RE): no Match (varname=authenticity_token), 

=INFO REPORT==== 10-Dec-2019::10:36:41 ===
           ts_search:(5:<0.6836.0>) Dyn Var: no Match (varname=authenticity_token), 

=INFO REPORT==== 10-Dec-2019::10:36:41 ===
           ts_search:(5:<0.6836.0>) Dyn Var (RE): no Match (varname=redirect_post), 

=INFO REPORT==== 10-Dec-2019::10:36:41 ===
           ts_search:(5:<0.7090.0>) Dyn Var (RE): no Match (varname=authenticity_token), 

=INFO REPORT==== 10-Dec-2019::10:36:41 ===
           ts_search:(5:<0.7385.0>) Dyn Var: no Match (varname=authenticity_token), 

=INFO REPORT==== 10-Dec-2019::10:36:41 ===
           ts_search:(5:<0.7385.0>) Dyn Var (RE): no Match (varname=redirect_post), 

=INFO REPORT==== 10-Dec-2019::10:36:41 ===
           ts_search:(5:<0.5347.0>) Dyn Var (RE): no Match (varname=book_id), 

=INFO REPORT==== 10-Dec-2019::10:36:42 ===
           ts_search:(5:<0.7291.0>) Dyn Var: no Match (varname=first_comment_path), 

=INFO REPORT==== 10-Dec-2019::10:36:42 ===
           ts_search:(5:<0.7291.0>) Dyn Var: no Match (varname=authenticity_token), 

=INFO REPORT==== 10-Dec-2019::10:36:42 ===
           ts_search:(5:<0.4128.0>) Dyn Var: no Match (varname=authenticity_token), 

=INFO REPORT==== 10-Dec-2019::10:36:42 ===
           ts_search:(5:<0.6244.0>) Dyn Var (RE): no Match (varname=authenticity_token), 

=INFO REPORT==== 10-Dec-2019::10:36:42 ===
           ts_search:(5:<0.4128.0>) Dyn Var (RE): no Match (varname=redirect_post), 

=INFO REPORT==== 10-Dec-2019::10:36:42 ===
           ts_search:(5:<0.4217.0>) Dyn Var (RE): no Match (varname=authenticity_token), 

=INFO REPORT==== 10-Dec-2019::10:36:42 ===
           ts_search:(5:<0.6244.0>) Dyn Var (RE): no Match (varname=post_id), 

=INFO REPORT==== 10-Dec-2019::10:36:42 ===
           ts_search:(5:<0.7068.0>) Dyn Var (RE): no Match (varname=post_id), 

=INFO REPORT==== 10-Dec-2019::10:36:42 ===
           ts_search:(5:<0.7258.0>) Dyn Var: no Match (varname=authenticity_token), 

=INFO REPORT==== 10-Dec-2019::10:36:42 ===
           ts_search:(5:<0.6040.0>) Dyn Var (RE): no Match (varname=redirect_post), 

=INFO REPORT==== 10-Dec-2019::10:36:42 ===
           ts_search:(5:<0.7258.0>) Dyn Var (RE): no Match (varname=redirect_post), 

=INFO REPORT==== 10-Dec-2019::10:36:42 ===
           ts_search:(5:<0.5701.0>) Dyn Var (RE): no Match (varname=authenticity_token), 

=INFO REPORT==== 10-Dec-2019::10:36:42 ===
           ts_search:(5:<0.5701.0>) Dyn Var (RE): no Match (varname=post_id), 

=INFO REPORT==== 10-Dec-2019::10:36:42 ===
           ts_search:(5:<0.6604.0>) Dyn Var (RE): no Match (varname=authenticity_token), 

=INFO REPORT==== 10-Dec-2019::10:36:42 ===
           ts_search:(5:<0.6888.0>) Dyn Var (RE): no Match (varname=authenticity_token), 

=INFO REPORT==== 10-Dec-2019::10:36:42 ===
           ts_search:(5:<0.4482.0>) Dyn Var (RE): no Match (varname=authenticity_token), 

=INFO REPORT==== 10-Dec-2019::10:36:42 ===
           ts_search:(5:<0.5295.0>) Dyn Var: no Match (varname=first_comment_path), 

=INFO REPORT==== 10-Dec-2019::10:36:42 ===
           ts_search:(5:<0.5295.0>) Dyn Var: no Match (varname=authenticity_token), 

=INFO REPORT==== 10-Dec-2019::10:36:42 ===
           ts_search:(5:<0.7140.0>) Dyn Var: no Match (varname=authenticity_token), 

=INFO REPORT==== 10-Dec-2019::10:36:42 ===
           ts_search:(5:<0.7140.0>) Dyn Var (RE): no Match (varname=redirect_post), 

=INFO REPORT==== 10-Dec-2019::10:36:42 ===
           ts_search:(5:<0.5420.0>) Dyn Var (RE): no Match (varname=authenticity_token), 

=INFO REPORT==== 10-Dec-2019::10:36:42 ===
           ts_search:(5:<0.5420.0>) Dyn Var (RE): no Match (varname=post_id), 

=INFO REPORT==== 10-Dec-2019::10:36:42 ===
           ts_search:(5:<0.4217.0>) Dyn Var (RE): no Match (varname=convo_id), 

=INFO REPORT==== 10-Dec-2019::10:36:42 ===
           ts_search:(5:<0.4127.0>) Dyn Var (RE): no Match (varname=book_id), 

=INFO REPORT==== 10-Dec-2019::10:36:42 ===
           ts_search:(5:<0.7389.0>) Dyn Var (RE): no Match (varname=redirect_post), 

=INFO REPORT==== 10-Dec-2019::10:36:42 ===
           ts_search:(5:<0.4343.0>) Dyn Var: no Match (varname=authenticity_token), 

=INFO REPORT==== 10-Dec-2019::10:36:42 ===
           ts_search:(5:<0.5500.0>) Dyn Var (RE): no Match (varname=redirect_post), 

=INFO REPORT==== 10-Dec-2019::10:36:42 ===
           ts_search:(5:<0.4343.0>) Dyn Var (RE): no Match (varname=redirect_post), 

=INFO REPORT==== 10-Dec-2019::10:36:42 ===
           ts_search:(5:<0.6831.0>) Dyn Var (RE): no Match (varname=authenticity_token), 

=INFO REPORT==== 10-Dec-2019::10:36:42 ===
           ts_search:(5:<0.5043.0>) Dyn Var (RE): no Match (varname=authenticity_token), 

=INFO REPORT==== 10-Dec-2019::10:36:42 ===
           ts_search:(5:<0.5043.0>) Dyn Var (RE): no Match (varname=post_id), 

=INFO REPORT==== 10-Dec-2019::10:36:42 ===
           ts_search:(5:<0.5149.0>) Dyn Var (RE): no Match (varname=post_id), 

=INFO REPORT==== 10-Dec-2019::10:36:42 ===
           ts_search:(5:<0.4810.0>) Dyn Var (RE): no Match (varname=book_id), 

=INFO REPORT==== 10-Dec-2019::10:36:42 ===
           ts_search:(5:<0.6650.0>) Dyn Var (RE): no Match (varname=authenticity_token), 

=INFO REPORT==== 10-Dec-2019::10:36:42 ===
           ts_search:(5:<0.6650.0>) Dyn Var (RE): no Match (varname=post_id), 

=INFO REPORT==== 10-Dec-2019::10:36:42 ===
           ts_search:(5:<0.7286.0>) Dyn Var (RE): no Match (varname=book_id), 

=INFO REPORT==== 10-Dec-2019::10:36:42 ===
           ts_search:(5:<0.6352.0>) Dyn Var (RE): no Match (varname=redirect_post), 

=INFO REPORT==== 10-Dec-2019::10:36:42 ===
           ts_search:(5:<0.5404.0>) Dyn Var (RE): no Match (varname=authenticity_token), 

=INFO REPORT==== 10-Dec-2019::10:36:42 ===
           ts_search:(5:<0.5404.0>) Dyn Var (RE): no Match (varname=post_id), 

=INFO REPORT==== 10-Dec-2019::10:36:42 ===
           ts_search:(5:<0.5659.0>) Dyn Var (RE): no Match (varname=authenticity_token), 

=INFO REPORT==== 10-Dec-2019::10:36:42 ===
           ts_search:(5:<0.4825.0>) Dyn Var (RE): no Match (varname=redirect_post), 

=INFO REPORT==== 10-Dec-2019::10:36:42 ===
           ts_search:(5:<0.7108.0>) Dyn Var (RE): no Match (varname=authenticity_token), 

=INFO REPORT==== 10-Dec-2019::10:36:42 ===
           ts_search:(5:<0.6877.0>) Dyn Var (RE): no Match (varname=authenticity_token), 

=INFO REPORT==== 10-Dec-2019::10:36:42 ===
           ts_search:(5:<0.6292.0>) Dyn Var: no Match (varname=first_comment_path), 

=INFO REPORT==== 10-Dec-2019::10:36:42 ===
           ts_search:(5:<0.6292.0>) Dyn Var: no Match (varname=authenticity_token), 

=INFO REPORT==== 10-Dec-2019::10:36:42 ===
           ts_search:(5:<0.6877.0>) Dyn Var (RE): no Match (varname=convo_id), 

=INFO REPORT==== 10-Dec-2019::10:36:42 ===
           ts_search:(5:<0.5756.0>) Dyn Var: no Match (varname=authenticity_token), 

=INFO REPORT==== 10-Dec-2019::10:36:42 ===
           ts_search:(5:<0.5756.0>) Dyn Var (RE): no Match (varname=redirect_post), 

=INFO REPORT==== 10-Dec-2019::10:36:42 ===
           ts_search:(5:<0.7084.0>) Dyn Var (RE): no Match (varname=book_id), 

=INFO REPORT==== 10-Dec-2019::10:36:42 ===
           ts_search:(5:<0.6215.0>) Dyn Var: no Match (varname=authenticity_token), 

=INFO REPORT==== 10-Dec-2019::10:36:42 ===
           ts_search:(5:<0.5864.0>) Dyn Var (RE): no Match (varname=authenticity_token), 

=INFO REPORT==== 10-Dec-2019::10:36:43 ===
           ts_search:(5:<0.6111.0>) Dyn Var (RE): no Match (varname=authenticity_token), 

=INFO REPORT==== 10-Dec-2019::10:36:43 ===
           ts_search:(5:<0.6215.0>) Dyn Var (RE): no Match (varname=redirect_post), 

=INFO REPORT==== 10-Dec-2019::10:36:43 ===
           ts_search:(5:<0.6494.0>) Dyn Var (RE): no Match (varname=authenticity_token), 

=INFO REPORT==== 10-Dec-2019::10:36:43 ===
           ts_search:(5:<0.6111.0>) Dyn Var (RE): no Match (varname=post_id), 

=INFO REPORT==== 10-Dec-2019::10:36:43 ===
           ts_search:(5:<0.5563.0>) Dyn Var (RE): no Match (varname=book_id), 

=INFO REPORT==== 10-Dec-2019::10:36:43 ===
           ts_search:(5:<0.6379.0>) Dyn Var (RE): no Match (varname=authenticity_token), 

=INFO REPORT==== 10-Dec-2019::10:36:43 ===
           ts_search:(5:<0.5364.0>) Dyn Var (RE): no Match (varname=convo_id), 

=INFO REPORT==== 10-Dec-2019::10:36:43 ===
           ts_search:(5:<0.5897.0>) Dyn Var (RE): no Match (varname=book_id), 

=INFO REPORT==== 10-Dec-2019::10:36:43 ===
           ts_search:(5:<0.4217.0>) Dyn Var (RE): no Match (varname=authenticity_token), 

=INFO REPORT==== 10-Dec-2019::10:36:43 ===
           ts_search:(5:<0.5303.0>) Dyn Var: no Match (varname=authenticity_token), 

=INFO REPORT==== 10-Dec-2019::10:36:43 ===
           ts_search:(5:<0.6143.0>) Dyn Var (RE): no Match (varname=authenticity_token), 

=INFO REPORT==== 10-Dec-2019::10:36:43 ===
           ts_search:(5:<0.5303.0>) Dyn Var (RE): no Match (varname=redirect_post), 

=INFO REPORT==== 10-Dec-2019::10:36:43 ===
           ts_search:(5:<0.6117.0>) Dyn Var (RE): no Match (varname=redirect_post), 

=INFO REPORT==== 10-Dec-2019::10:36:43 ===
           ts_search:(5:<0.4902.0>) Dyn Var (RE): no Match (varname=redirect_post), 

=INFO REPORT==== 10-Dec-2019::10:36:43 ===
           ts_search:(5:<0.7125.0>) Dyn Var (RE): no Match (varname=redirect_post), 

=INFO REPORT==== 10-Dec-2019::10:36:43 ===
           ts_search:(5:<0.7545.0>) Dyn Var (RE): no Match (varname=post_id), 

=INFO REPORT==== 10-Dec-2019::10:36:43 ===
           ts_search:(5:<0.6739.0>) Dyn Var: no Match (varname=first_comment_path), 

=INFO REPORT==== 10-Dec-2019::10:36:43 ===
           ts_search:(5:<0.6739.0>) Dyn Var: no Match (varname=authenticity_token), 

=INFO REPORT==== 10-Dec-2019::10:36:43 ===
           ts_search:(5:<0.7272.0>) Dyn Var (RE): no Match (varname=post_id), 

=INFO REPORT==== 10-Dec-2019::10:36:43 ===
           ts_search:(5:<0.7537.0>) Dyn Var (RE): no Match (varname=redirect_post), 

=INFO REPORT==== 10-Dec-2019::10:36:43 ===
           ts_search:(5:<0.6464.0>) Dyn Var (RE): no Match (varname=post_id), 

=INFO REPORT==== 10-Dec-2019::10:36:43 ===
           ts_search:(5:<0.6012.0>) Dyn Var: no Match (varname=first_comment_path), 

=INFO REPORT==== 10-Dec-2019::10:36:43 ===
           ts_search:(5:<0.6012.0>) Dyn Var: no Match (varname=authenticity_token), 

=INFO REPORT==== 10-Dec-2019::10:36:43 ===
           ts_search:(5:<0.7623.0>) Dyn Var (RE): no Match (varname=redirect_post), 

=INFO REPORT==== 10-Dec-2019::10:36:43 ===
           ts_search:(5:<0.5545.0>) Dyn Var (RE): no Match (varname=authenticity_token), 

=INFO REPORT==== 10-Dec-2019::10:36:43 ===
           ts_search:(5:<0.5545.0>) Dyn Var (RE): no Match (varname=post_id), 

=INFO REPORT==== 10-Dec-2019::10:36:43 ===
           ts_search:(5:<0.6504.0>) Dyn Var (RE): no Match (varname=authenticity_token), 

=INFO REPORT==== 10-Dec-2019::10:36:43 ===
           ts_search:(5:<0.7488.0>) Dyn Var (RE): no Match (varname=redirect_post), 

=INFO REPORT==== 10-Dec-2019::10:36:43 ===
           ts_search:(5:<0.4283.0>) Dyn Var (RE): no Match (varname=authenticity_token), 

=INFO REPORT==== 10-Dec-2019::10:36:43 ===
           ts_search:(5:<0.5724.0>) Dyn Var (RE): no Match (varname=convo_id), 

=INFO REPORT==== 10-Dec-2019::10:36:43 ===
           ts_search:(5:<0.7358.0>) Dyn Var (RE): no Match (varname=authenticity_token), 

=INFO REPORT==== 10-Dec-2019::10:36:43 ===
           ts_search:(5:<0.7193.0>) Dyn Var (RE): no Match (varname=post_id), 

=INFO REPORT==== 10-Dec-2019::10:36:44 ===
           ts_search:(5:<0.6316.0>) Dyn Var: no Match (varname=first_comment_path), 

=INFO REPORT==== 10-Dec-2019::10:36:44 ===
           ts_search:(5:<0.6316.0>) Dyn Var: no Match (varname=authenticity_token), 

=INFO REPORT==== 10-Dec-2019::10:36:44 ===
           ts_search:(5:<0.4159.0>) Dyn Var: no Match (varname=first_comment_path), 

=INFO REPORT==== 10-Dec-2019::10:36:44 ===
           ts_search:(5:<0.4159.0>) Dyn Var: no Match (varname=authenticity_token), 

=INFO REPORT==== 10-Dec-2019::10:36:44 ===
           ts_search:(5:<0.5350.0>) Dyn Var: no Match (varname=authenticity_token), 

=INFO REPORT==== 10-Dec-2019::10:36:44 ===
           ts_search:(5:<0.5350.0>) Dyn Var (RE): no Match (varname=redirect_post), 

=INFO REPORT==== 10-Dec-2019::10:36:44 ===
           ts_search:(5:<0.5580.0>) Dyn Var (RE): no Match (varname=authenticity_token), 

=INFO REPORT==== 10-Dec-2019::10:36:44 ===
           ts_search:(5:<0.6183.0>) Dyn Var (RE): no Match (varname=convo_id), 

=INFO REPORT==== 10-Dec-2019::10:36:44 ===
           ts_search:(5:<0.5239.0>) Dyn Var (RE): no Match (varname=authenticity_token), 

=INFO REPORT==== 10-Dec-2019::10:36:44 ===
           ts_search:(5:<0.4673.0>) Dyn Var: no Match (varname=first_comment_path), 

=INFO REPORT==== 10-Dec-2019::10:36:44 ===
           ts_search:(5:<0.4673.0>) Dyn Var: no Match (varname=authenticity_token), 

=INFO REPORT==== 10-Dec-2019::10:36:44 ===
           ts_search:(5:<0.4106.0>) Dyn Var (RE): no Match (varname=convo_id), 

=INFO REPORT==== 10-Dec-2019::10:36:44 ===
           ts_search:(5:<0.4829.0>) Dyn Var (RE): no Match (varname=book_id), 

=INFO REPORT==== 10-Dec-2019::10:36:44 ===
           ts_search:(5:<0.6498.0>) Dyn Var (RE): no Match (varname=authenticity_token), 

=INFO REPORT==== 10-Dec-2019::10:36:44 ===
           ts_search:(5:<0.5239.0>) Dyn Var (RE): no Match (varname=book_id), 

=INFO REPORT==== 10-Dec-2019::10:36:44 ===
           ts_search:(5:<0.7108.0>) Dyn Var (RE): no Match (varname=book_id), 

=INFO REPORT==== 10-Dec-2019::10:36:44 ===
           ts_search:(5:<0.5724.0>) Dyn Var (RE): no Match (varname=authenticity_token), 

=INFO REPORT==== 10-Dec-2019::10:36:44 ===
           ts_search:(5:<0.4281.0>) Dyn Var: no Match (varname=first_comment_path), 

=INFO REPORT==== 10-Dec-2019::10:36:44 ===
           ts_search:(5:<0.4281.0>) Dyn Var: no Match (varname=authenticity_token), 

=INFO REPORT==== 10-Dec-2019::10:36:44 ===
           ts_search:(5:<0.6079.0>) Dyn Var (RE): no Match (varname=book_id), 

=INFO REPORT==== 10-Dec-2019::10:36:44 ===
           ts_search:(5:<0.7728.0>) Dyn Var (RE): no Match (varname=authenticity_token), 

=INFO REPORT==== 10-Dec-2019::10:36:44 ===
           ts_search:(5:<0.5304.0>) Dyn Var (RE): no Match (varname=authenticity_token), 

=INFO REPORT==== 10-Dec-2019::10:36:44 ===
           ts_search:(5:<0.4435.0>) Dyn Var (RE): no Match (varname=authenticity_token), 

=INFO REPORT==== 10-Dec-2019::10:36:44 ===
           ts_search:(5:<0.5359.0>) Dyn Var (RE): no Match (varname=redirect_post), 

=INFO REPORT==== 10-Dec-2019::10:36:44 ===
           ts_search:(5:<0.6877.0>) Dyn Var (RE): no Match (varname=authenticity_token), 

=INFO REPORT==== 10-Dec-2019::10:36:44 ===
           ts_search:(5:<0.3981.0>) Dyn Var (RE): no Match (varname=authenticity_token), 

=INFO REPORT==== 10-Dec-2019::10:36:45 ===
           ts_search:(5:<0.5501.0>) Dyn Var (RE): no Match (varname=authenticity_token), 

=INFO REPORT==== 10-Dec-2019::10:36:45 ===
           ts_search:(5:<0.5920.0>) Dyn Var: no Match (varname=first_comment_path), 

=INFO REPORT==== 10-Dec-2019::10:36:45 ===
           ts_search:(5:<0.5920.0>) Dyn Var: no Match (varname=authenticity_token), 

=INFO REPORT==== 10-Dec-2019::10:36:45 ===
           ts_search:(5:<0.4089.0>) Dyn Var (RE): no Match (varname=redirect_post), 

=INFO REPORT==== 10-Dec-2019::10:36:45 ===
           ts_search:(5:<0.4634.0>) Dyn Var (RE): no Match (varname=convo_id), 

=INFO REPORT==== 10-Dec-2019::10:36:45 ===
           ts_search:(5:<0.4982.0>) Dyn Var (RE): no Match (varname=authenticity_token), 

=INFO REPORT==== 10-Dec-2019::10:36:45 ===
           ts_search:(5:<0.6459.0>) Dyn Var (RE): no Match (varname=book_id), 

=INFO REPORT==== 10-Dec-2019::10:36:45 ===
           ts_search:(5:<0.6301.0>) Dyn Var: no Match (varname=first_comment_path), 

=INFO REPORT==== 10-Dec-2019::10:36:45 ===
           ts_search:(5:<0.6301.0>) Dyn Var: no Match (varname=authenticity_token), 

=INFO REPORT==== 10-Dec-2019::10:36:45 ===
           ts_search:(5:<0.5346.0>) Dyn Var (RE): no Match (varname=authenticity_token), 

=INFO REPORT==== 10-Dec-2019::10:36:45 ===
           ts_search:(5:<0.5346.0>) Dyn Var (RE): no Match (varname=post_id), 

=INFO REPORT==== 10-Dec-2019::10:36:45 ===
           ts_search:(5:<0.6973.0>) Dyn Var: no Match (varname=first_comment_path), 

=INFO REPORT==== 10-Dec-2019::10:36:45 ===
           ts_search:(5:<0.6973.0>) Dyn Var: no Match (varname=authenticity_token), 

=INFO REPORT==== 10-Dec-2019::10:36:45 ===
           ts_search:(5:<0.5412.0>) Dyn Var (RE): no Match (varname=redirect_post), 

=INFO REPORT==== 10-Dec-2019::10:36:45 ===
           ts_search:(5:<0.5477.0>) Dyn Var (RE): no Match (varname=authenticity_token), 

=INFO REPORT==== 10-Dec-2019::10:36:45 ===
           ts_search:(5:<0.6701.0>) Dyn Var (RE): no Match (varname=redirect_post), 

=INFO REPORT==== 10-Dec-2019::10:36:45 ===
           ts_search:(5:<0.5477.0>) Dyn Var (RE): no Match (varname=post_id), 

=INFO REPORT==== 10-Dec-2019::10:36:45 ===
           ts_search:(5:<0.4116.0>) Dyn Var (RE): no Match (varname=convo_id), 

=INFO REPORT==== 10-Dec-2019::10:36:45 ===
           ts_search:(5:<0.7358.0>) Dyn Var (RE): no Match (varname=book_id), 

=INFO REPORT==== 10-Dec-2019::10:36:45 ===
           ts_search:(5:<0.4399.0>) Dyn Var (RE): no Match (varname=authenticity_token), 

=INFO REPORT==== 10-Dec-2019::10:36:45 ===
           ts_search:(5:<0.5704.0>) Dyn Var (RE): no Match (varname=authenticity_token), 

=INFO REPORT==== 10-Dec-2019::10:36:45 ===
           ts_search:(5:<0.6335.0>) Dyn Var (RE): no Match (varname=redirect_post), 

=INFO REPORT==== 10-Dec-2019::10:36:45 ===
           ts_search:(5:<0.6268.0>) Dyn Var (RE): no Match (varname=authenticity_token), 

=INFO REPORT==== 10-Dec-2019::10:36:46 ===
           ts_search:(5:<0.7262.0>) Dyn Var (RE): no Match (varname=post_id), 

=INFO REPORT==== 10-Dec-2019::10:36:46 ===
           ts_search:(5:<0.6596.0>) Dyn Var (RE): no Match (varname=redirect_post), 

=INFO REPORT==== 10-Dec-2019::10:36:46 ===
           ts_search:(5:<0.5024.0>) Dyn Var (RE): no Match (varname=authenticity_token), 

=INFO REPORT==== 10-Dec-2019::10:36:46 ===
           ts_search:(5:<0.5024.0>) Dyn Var (RE): no Match (varname=post_id), 

=INFO REPORT==== 10-Dec-2019::10:36:46 ===
           ts_search:(5:<0.7529.0>) Dyn Var: no Match (varname=authenticity_token), 

=INFO REPORT==== 10-Dec-2019::10:36:46 ===
           ts_search:(5:<0.7529.0>) Dyn Var (RE): no Match (varname=redirect_post), 

=INFO REPORT==== 10-Dec-2019::10:36:46 ===
           ts_search:(5:<0.6940.0>) Dyn Var: no Match (varname=first_comment_path), 

=INFO REPORT==== 10-Dec-2019::10:36:46 ===
           ts_search:(5:<0.6940.0>) Dyn Var: no Match (varname=authenticity_token), 

=INFO REPORT==== 10-Dec-2019::10:36:46 ===
           ts_search:(5:<0.4116.0>) Dyn Var (RE): no Match (varname=authenticity_token), 

=INFO REPORT==== 10-Dec-2019::10:36:46 ===
           ts_search:(5:<0.5022.0>) Dyn Var: no Match (varname=first_comment_path), 

=INFO REPORT==== 10-Dec-2019::10:36:46 ===
           ts_search:(5:<0.5022.0>) Dyn Var: no Match (varname=authenticity_token), 

=INFO REPORT==== 10-Dec-2019::10:36:46 ===
           ts_search:(5:<0.4736.0>) Dyn Var (RE): no Match (varname=authenticity_token), 

=INFO REPORT==== 10-Dec-2019::10:36:46 ===
           ts_search:(5:<0.4736.0>) Dyn Var (RE): no Match (varname=post_id), 

=INFO REPORT==== 10-Dec-2019::10:36:46 ===
           ts_search:(5:<0.7691.0>) Dyn Var: no Match (varname=first_comment_path), 

=INFO REPORT==== 10-Dec-2019::10:36:46 ===
           ts_search:(5:<0.7691.0>) Dyn Var: no Match (varname=authenticity_token), 

=INFO REPORT==== 10-Dec-2019::10:36:46 ===
           ts_search:(5:<0.5915.0>) Dyn Var (RE): no Match (varname=authenticity_token), 

=INFO REPORT==== 10-Dec-2019::10:36:46 ===
           ts_search:(5:<0.5750.0>) Dyn Var (RE): no Match (varname=book_id), 

=INFO REPORT==== 10-Dec-2019::10:36:46 ===
           ts_search:(5:<0.6831.0>) Dyn Var (RE): no Match (varname=book_id), 

=INFO REPORT==== 10-Dec-2019::10:36:46 ===
           ts_search:(5:<0.6143.0>) Dyn Var (RE): no Match (varname=convo_id), 

=INFO REPORT==== 10-Dec-2019::10:36:46 ===
           ts_search:(5:<0.4399.0>) Dyn Var (RE): no Match (varname=book_id), 

=INFO REPORT==== 10-Dec-2019::10:36:46 ===
           ts_search:(5:<0.5677.0>) Dyn Var (RE): no Match (varname=authenticity_token), 

=INFO REPORT==== 10-Dec-2019::10:36:46 ===
           ts_search:(5:<0.5304.0>) Dyn Var (RE): no Match (varname=book_id), 

=INFO REPORT==== 10-Dec-2019::10:36:47 ===
           ts_search:(5:<0.6504.0>) Dyn Var (RE): no Match (varname=convo_id), 

=INFO REPORT==== 10-Dec-2019::10:36:47 ===
           ts_search:(5:<0.5364.0>) Dyn Var (RE): no Match (varname=authenticity_token), 

=INFO REPORT==== 10-Dec-2019::10:36:47 ===
           ts_search:(5:<0.4435.0>) Dyn Var (RE): no Match (varname=book_id), 

=INFO REPORT==== 10-Dec-2019::10:36:47 ===
           ts_search:(5:<0.5704.0>) Dyn Var (RE): no Match (varname=book_id), 

=INFO REPORT==== 10-Dec-2019::10:36:48 ===
           ts_search:(5:<0.6494.0>) Dyn Var (RE): no Match (varname=convo_id), 

=INFO REPORT==== 10-Dec-2019::10:36:48 ===
           ts_search:(5:<0.4634.0>) Dyn Var (RE): no Match (varname=authenticity_token), 

=INFO REPORT==== 10-Dec-2019::10:36:49 ===
           ts_search:(5:<0.6379.0>) Dyn Var (RE): no Match (varname=convo_id), 

=INFO REPORT==== 10-Dec-2019::10:36:49 ===
           ts_search:(5:<0.5580.0>) Dyn Var (RE): no Match (varname=book_id), 

=INFO REPORT==== 10-Dec-2019::10:36:50 ===
           ts_search:(5:<0.6504.0>) Dyn Var (RE): no Match (varname=authenticity_token), 

=INFO REPORT==== 10-Dec-2019::10:36:50 ===
           ts_search:(5:<0.6494.0>) Dyn Var (RE): no Match (varname=authenticity_token), 

=INFO REPORT==== 10-Dec-2019::10:36:51 ===
           ts_search:(5:<0.6379.0>) Dyn Var (RE): no Match (varname=authenticity_token), 

=INFO REPORT==== 10-Dec-2019::10:36:51 ===
           ts_search:(5:<0.5426.0>) Dyn Var (RE): no Match (varname=authenticity_token), 

=INFO REPORT==== 10-Dec-2019::10:36:51 ===
           ts_search:(5:<0.5501.0>) Dyn Var (RE): no Match (varname=book_id), 

=INFO REPORT==== 10-Dec-2019::10:36:53 ===
           ts_search:(5:<0.6183.0>) Dyn Var (RE): no Match (varname=authenticity_token), 

=INFO REPORT==== 10-Dec-2019::10:36:54 ===
           ts_search:(5:<0.6143.0>) Dyn Var (RE): no Match (varname=authenticity_token), 

=INFO REPORT==== 10-Dec-2019::10:36:54 ===
           ts_search:(5:<0.4024.0>) Dyn Var (RE): no Match (varname=book_id), 

=INFO REPORT==== 10-Dec-2019::10:37:03 ===
           ts_search:(5:<0.4106.0>) Dyn Var (RE): no Match (varname=authenticity_token), 

=INFO REPORT==== 10-Dec-2019::10:37:28 ===
     ts_launcher_mgr:(5:<0.149.0>) No more active users 'tsung_controller@ip-172-31-31-91' "10633"
