# stats: dump at 1575975584
stats: users 13 13
stats: {freemem,"tsung_controller@ip-172-31-19-117"} 1 375551.875 0 375551.875 375551.875 0 0
stats: {load,"tsung_controller@ip-172-31-19-117"} 1 0.01953125 0 0.01953125 0.01953125 0 0
stats: {cpu,"tsung_controller@ip-172-31-19-117"} 1 0.14197393694910443 0 0.14197393694910443 0.14197393694910443 0 0
stats: users_count 13 13
stats: finish_users_count 0 0
stats: request 30 46.41803333333333 50.70595635128962 149.099 4.794 0 0
stats: connect 12 1.8023333333333333 2.748166247195068 10.913 0.811 0 0
stats: page 30 46.41803333333333 50.70595635128962 149.099 4.794 0 0
stats: tr_Initial_Get_Root 7 34.331142857142865 33.55468638092821 110.727 11.29 0 0
stats: 302 10 10
stats: tr_Redirect_Root 1 60.638 0 60.638 60.638 0 0
stats: 200 20 20
stats: tr_Post_New_Comment_On_Post 1 22.317 0 22.317 22.317 0 0
stats: size_rcv 96621 96621
stats: tr_Get_Post 1 97.807 0 97.807 97.807 0 0
stats: size_sent 11853 11853
stats: tr_Authenticate_User 5 2698.3272 1821.3707162279072 5410.114 722.446 0 0
stats: connected 12 12
# stats: dump at 1575975594
stats: users 25 29
stats: {freemem,"tsung_controller@ip-172-31-19-117"} 1 375552.04296875 0.0 375552.04296875 375551.875 375551.875 1
stats: {load,"tsung_controller@ip-172-31-19-117"} 1 0.01171875 0.0 0.01953125 0.01171875 0.01953125 1
stats: {recvpackets,"tsung_controller@ip-172-31-19-117"} 1 251 0 251 251 0 0
stats: {sentpackets,"tsung_controller@ip-172-31-19-117"} 1 162 0 162 162 0 0
stats: {cpu,"tsung_controller@ip-172-31-19-117"} 1 0.02186224702257017 0.0 0.14197393694910443 0.02186224702257017 0.14197393694910443 1
stats: session 5 12006.4718 2040.8900310352242 14769.469 8604.628 0 0
stats: users_count 17 30
stats: finish_users_count 5 5
stats: request 131 41.15522900763359 49.67277924832574 163.026 3.904 46.41803333333333 30
stats: connect 18 1.0336666666666665 0.19525965618461316 10.913 0.688 1.8023333333333333 12
stats: page 131 41.15522900763359 49.67277924832574 163.026 3.904 46.41803333333333 30
stats: tr_Initial_Get_Root 10 11.164799999999998 0.8105349838224134 110.727 9.734 34.331142857142865 7
stats: 302 53 63
stats: tr_Redirect_Root 21 21.951809523809523 26.89249639834776 135.789 10.582 60.638 1
stats: 200 78 98
stats: tr_Post_New_Comment_On_Post 7 11.230999999999998 2.7233704957539024 22.317 8.903 22.317 1
stats: size_rcv 978471 1075092
stats: tr_Get_Post 7 74.99000000000001 24.71691357870442 134.178 60.399 97.807 1
stats: size_sent 68833 80686
stats: tr_Redirect_To_Post 10 74.23830000000001 23.82519979790306 139.672 55.614 0 0
stats: connected 13 25
stats: tr_Get_Root 3 10.829666666666668 0.46065774231587137 11.248 10.188 0 0
stats: tr_Post_New_Comment_On_Comment 5 32.193 44.52389275883231 121.229 8.664 0 0
stats: tr_Get_Logout 4 6.5365 1.0484647108987504 7.859 5.159 0 0
stats: tr_Get_Conversations 1 23.924 0 23.924 23.924 0 0
stats: tr_Authenticate_User 18 3809.885444444445 3101.8270084023998 11171.262 722.446 2698.3272 5
stats: tr_Get_Login 4 10.61675 5.494259612313565 20.116 7.05 0 0
stats: tr_Get_New_Book 3 8.351666666666667 1.6025180879547731 10.299 6.374 0 0
stats: tr_Get_Book 3 15.696333333333333 0.5323916686884651 16.217 14.965 0 0
# stats: dump at 1575975604
stats: users 8 29
stats: {freemem,"tsung_controller@ip-172-31-19-117"} 1 375536.6640625 0.0 375552.04296875 375536.6640625 375551.958984375 2
stats: {load,"tsung_controller@ip-172-31-19-117"} 1 0.01171875 0.0 0.01953125 0.01171875 0.015625 2
stats: {recvpackets,"tsung_controller@ip-172-31-19-117"} 1 1063.0 0.0 1063 251 251.0 1
stats: {sentpackets,"tsung_controller@ip-172-31-19-117"} 1 453.0 0.0 453 162 162.0 1
stats: {cpu,"tsung_controller@ip-172-31-19-117"} 1 0.03747072599531616 0.0 0.14197393694910443 0.02186224702257017 0.0819180919858373 2
stats: session 17 15399.562823529408 3645.129065345975 20971.445 7852.664 12006.4718 5
stats: users_count 0 30
stats: finish_users_count 17 22
stats: request 74 31.481189189189184 40.80769233250941 163.026 3.904 42.13587577639752 161
stats: connect 0 0 0 10.913 0.688 1.341133333333333 30
stats: page 74 31.481189189189184 40.80769233250941 163.026 3.904 42.13587577639752 161
stats: tr_Initial_Get_Root 0 0 0 110.727 9.734 20.70388235294118 17
stats: 302 32 95
stats: tr_Redirect_Root 7 32.16285714285714 46.15315202802999 145.19 10.582 23.710272727272727 22
stats: 200 42 140
stats: tr_Post_New_Comment_On_Post 2 10.2605 0.37049999999999983 22.317 8.903 12.61675 8
stats: size_rcv 590420 1665512
stats: tr_Get_Post 2 83.00649999999999 10.668499999999998 134.178 60.399 77.84212500000001 8
stats: size_sent 44547 125233
stats: tr_Redirect_To_Post 8 68.797 10.416072916411443 139.672 55.614 74.23830000000001 10
stats: connected -16 9
stats: tr_Get_Root 0 0 0 11.248 10.188 10.829666666666668 3
stats: tr_Post_New_Comment_On_Comment 3 9.659333333333334 0.17440438322728297 121.229 8.664 32.193 5
stats: tr_Get_Logout 0 0 0 7.859 5.159 6.5365 4
stats: tr_Post_New_Post 6 8.2885 0.564441242882434 9.113 7.566 0 0
stats: tr_Get_New_Post 6 9.159666666666666 0.7855004066764633 10.105 8.165 0 0
stats: tr_Redirect_To_New_Post 5 10.084399999999999 0.6112621696130065 11.247 9.531 0 0
stats: tr_Get_Conversations 0 0 0 23.924 23.924 23.924 1
stats: tr_Authenticate_User 7 5915.993857142857 3412.897629018169 12940.269 722.446 3568.242347826087 23
stats: tr_Get_Login 0 0 0 20.116 7.05 10.61675 4
stats: tr_Post_Login 4 130.09475 4.5061847151997565 135.898 124.792 0 0
stats: tr_Get_New_Conversation 1 11.386 0 11.386 11.386 0 0
stats: tr_Post_New_Conversation 1 62.026 0 62.026 62.026 0 0
stats: tr_Get_New_Book 3 7.075666666666666 0.05022836737232193 10.299 6.374 8.351666666666667 3
stats: tr_Get_Book 3 15.852333333333334 0.5198424975146051 16.36 14.965 15.696333333333333 3
stats: tr_Post_New_Book 6 8.4745 0.49782619122206334 9.42 7.913 0 0
stats: tr_Redirect_To_New_Book 4 16.614 1.187542420294955 18.641 15.609 0 0
# stats: dump at 1575975614
stats: users 3 29
stats: {freemem,"tsung_controller@ip-172-31-19-117"} 1 375537.93359375 0.0 375552.04296875 375536.6640625 375546.8606770833 3
stats: {load,"tsung_controller@ip-172-31-19-117"} 1 0.01171875 0.0 0.01953125 0.01171875 0.014322916666666666 3
stats: {recvpackets,"tsung_controller@ip-172-31-19-117"} 1 445.0 0.0 1063 251 657.0 2
stats: {sentpackets,"tsung_controller@ip-172-31-19-117"} 1 233.0 0.0 453 162 307.5 2
stats: {cpu,"tsung_controller@ip-172-31-19-117"} 1 0.02394511363518058 0.0 0.14197393694910443 0.02186224702257017 0.06710230332233025 3
stats: session 5 21572.621399999996 2461.393032113124 25406.652 7852.664 14628.405772727268 22
stats: users_count 0 30
stats: finish_users_count 5 27
stats: request 18 19.542333333333332 16.388951220597097 163.026 3.904 38.78078297872341 235
stats: connect 0 0 0 10.913 0.688 1.341133333333333 30
stats: page 17 20.706882352941175 17.40923784486559 163.026 3.904 38.78078297872341 235
stats: tr_Initial_Get_Root 0 0 0 110.727 9.734 20.70388235294118 17
stats: 302 5 100
stats: tr_Redirect_Root 1 12.719 0.0 145.19 10.582 25.750551724137928 29
stats: 200 13 153
stats: tr_Post_New_Comment_On_Post 0 0 0 22.317 8.903 12.1455 10
stats: size_rcv 133817 1799329
stats: tr_Get_Post 0 0 0 134.178 60.399 78.875 10
stats: size_sent 9787 135020
stats: tr_Redirect_To_Post 2 55.219 0.4750000000000014 139.672 54.744 71.81994444444445 18
stats: connected -6 3
stats: tr_Get_Root 0 0 0 11.248 10.188 10.829666666666668 3
stats: tr_Post_New_Comment_On_Comment 2 10.061 0.3439999999999994 121.229 8.664 23.742874999999998 8
stats: tr_Get_Logout 0 0 0 7.859 5.159 6.5365 4
stats: tr_Post_New_Post 1 8.456 0.0 9.113 7.566 8.2885 6
stats: tr_Get_New_Post 1 8.638 0.0 10.105 8.165 9.159666666666666 6
stats: tr_Redirect_To_New_Post 1 9.741 0.0 11.247 9.531 10.084399999999999 5
stats: tr_Get_Conversations 2 7.525 0.2619999999999998 23.924 7.263 23.924 1
stats: tr_Authenticate_User 0 0 0 12940.269 722.446 4116.051033333334 30
stats: tr_Get_Login 0 0 0 20.116 7.05 10.61675 4
stats: tr_Post_Login 0 0 0 135.898 124.792 130.09475 4
stats: tr_Get_New_Conversation 1 9.59 0.0 11.386 9.59 11.386 1
stats: tr_Post_New_Conversation 1 17.187 0.0 62.026 17.187 62.026 1
stats: tr_Redirect_To_New_Conversation 1 55.039 0 55.039 55.039 0 0
stats: tr_Redirect_To_Same_Conversation 1 14.583 0 14.583 14.583 0 0
stats: tr_Reply_To_Conversation 1 24.956 0 24.956 24.956 0 0
stats: tr_Get_New_Book 0 0 0 10.299 6.374 7.713666666666666 6
stats: tr_Get_Book 1 16.32 0.0 16.36 14.965 15.774333333333333 6
stats: tr_Post_New_Book 0 0 0 9.42 7.913 8.4745 6
stats: tr_Redirect_To_New_Book 2 16.2455 0.09750000000000014 18.641 15.609 16.614 4
# stats: dump at 1575975624
stats: users 1 29
stats: {freemem,"tsung_controller@ip-172-31-19-117"} 1 375541.5 0.0 375552.04296875 375536.6640625 375544.62890625 4
stats: {load,"tsung_controller@ip-172-31-19-117"} 1 0.01171875 0.0 0.01953125 0.01171875 0.013671875 4
stats: {recvpackets,"tsung_controller@ip-172-31-19-117"} 1 117.0 0.0 1063 117 586.3333333333334 3
stats: {sentpackets,"tsung_controller@ip-172-31-19-117"} 1 56.0 0.0 453 56 282.6666666666667 3
stats: {cpu,"tsung_controller@ip-172-31-19-117"} 1 0.005204592532450634 0.0 0.14197393694910443 0.005204592532450634 0.056313005900542834 4
stats: session 2 29332.074 647.8509999999987 29979.925 7852.664 15914.371629629624 27
stats: users_count 0 30
stats: finish_users_count 2 29
stats: request 4 19.23425 4.196835020286121 163.026 3.904 37.4120395256917 253
stats: connect 0 0 0 10.913 0.688 1.341133333333333 30
stats: page 3 25.719666666666665 9.724209388028532 163.026 3.904 37.56151190476191 252
stats: tr_Initial_Get_Root 0 0 0 110.727 9.734 20.70388235294118 17
stats: 302 1 101
stats: tr_Redirect_Root 0 0 0 145.19 10.582 25.316166666666668 30
stats: 200 3 156
stats: tr_Post_New_Comment_On_Post 0 0 0 22.317 8.903 12.1455 10
stats: size_rcv 7830 1807159
stats: tr_Get_Post 0 0 0 134.178 60.399 78.875 10
stats: size_sent 2117 137137
stats: tr_Redirect_To_Post 0 0 0 139.672 54.744 70.15985 20
stats: connected -2 1
stats: tr_Get_Root 0 0 0 11.248 10.188 10.829666666666668 3
stats: tr_Post_New_Comment_On_Comment 0 0 0 121.229 8.664 21.0065 10
stats: tr_Get_Logout 0 0 0 7.859 5.159 6.5365 4
stats: tr_Post_New_Post 0 0 0 9.113 7.566 8.312428571428573 7
stats: tr_Get_New_Post 0 0 0 10.105 8.165 9.085142857142857 7
stats: tr_Redirect_To_New_Post 1 23.324 0.0 23.324 9.531 10.027166666666666 6
stats: tr_Get_Conversations 0 0 0 23.924 7.263 12.991333333333335 3
stats: tr_Authenticate_User 0 0 0 12940.269 722.446 4116.051033333334 30
stats: tr_Get_Login 0 0 0 20.116 7.05 10.61675 4
stats: tr_Post_Login 0 0 0 135.898 124.792 130.09475 4
stats: tr_Get_New_Conversation 0 0 0 11.386 9.59 10.488 2
stats: tr_Post_New_Conversation 0 0 0 62.026 17.187 39.606500000000004 2
stats: tr_Redirect_To_New_Conversation 1 15.492 0.0 55.039 15.492 55.039 1
stats: tr_Redirect_To_Same_Conversation 1 14.963 0.0 14.963 14.583 14.583 1
stats: tr_Reply_To_Conversation 1 23.909 0.0 24.956 23.909 24.956 1
stats: tr_Get_New_Book 0 0 0 10.299 6.374 7.713666666666666 6
stats: tr_Get_Book 0 0 0 16.36 14.965 15.852285714285715 7
stats: tr_Post_New_Book 0 0 0 9.42 7.913 8.4745 6
stats: tr_Redirect_To_New_Book 0 0 0 18.641 15.609 16.49116666666667 6
# stats: dump at 1575975634
stats: users 1 29
stats: {freemem,"tsung_controller@ip-172-31-19-117"} 1 375543.1171875 0.0 375552.04296875 375536.6640625 375544.003125 5
stats: {load,"tsung_controller@ip-172-31-19-117"} 1 0.0 0.0 0.01953125 0.0 0.01328125 5
stats: {recvpackets,"tsung_controller@ip-172-31-19-117"} 1 14.0 0.0 1063 14 469.0 4
stats: {sentpackets,"tsung_controller@ip-172-31-19-117"} 1 13.0 0.0 453 13 226.0 4
stats: {cpu,"tsung_controller@ip-172-31-19-117"} 1 0.0031229830734317418 0.0 0.14197393694910443 0.0031229830734317418 0.0460913232269244 5
stats: session 0 0 0 29979.925 7852.664 16839.7304137931 29
stats: users_count 0 30
stats: finish_users_count 0 29
stats: request 3 15.258000000000001 3.5150894725454713 163.026 3.904 37.12911673151751 257
stats: connect 0 0 0 10.913 0.688 1.341133333333333 30
stats: page 3 15.258000000000001 3.5150894725454713 163.026 3.904 37.42219607843137 255
stats: tr_Initial_Get_Root 0 0 0 110.727 9.734 20.70388235294118 17
stats: 302 1 102
stats: tr_Redirect_Root 0 0 0 145.19 10.582 25.316166666666668 30
stats: 200 2 158
stats: tr_Post_New_Comment_On_Post 0 0 0 22.317 8.903 12.1455 10
stats: size_rcv 9057 1816216
stats: tr_Get_Post 0 0 0 134.178 60.399 78.875 10
stats: size_sent 1555 138692
stats: tr_Redirect_To_Post 0 0 0 139.672 54.744 70.15985 20
stats: connected 0 1
stats: tr_Get_Root 0 0 0 11.248 10.188 10.829666666666668 3
stats: tr_Post_New_Comment_On_Comment 0 0 0 121.229 8.664 21.0065 10
stats: tr_Get_Logout 0 0 0 7.859 5.159 6.5365 4
stats: tr_Post_New_Post 0 0 0 9.113 7.566 8.312428571428573 7
stats: tr_Get_New_Post 0 0 0 10.105 8.165 9.085142857142857 7
stats: tr_Redirect_To_New_Post 0 0 0 23.324 9.531 11.926714285714285 7
stats: tr_Get_Conversations 0 0 0 23.924 7.263 12.991333333333335 3
stats: tr_Authenticate_User 0 0 0 12940.269 722.446 4116.051033333334 30
stats: tr_Get_Login 0 0 0 20.116 7.05 10.61675 4
stats: tr_Post_Login 0 0 0 135.898 124.792 130.09475 4
stats: tr_Get_New_Conversation 1 10.496 0.0 11.386 9.59 10.488 2
stats: tr_Post_New_Conversation 1 17.254 0.0 62.026 17.187 39.606500000000004 2
stats: tr_Redirect_To_New_Conversation 1 18.617 0.0 55.039 15.492 35.2655 2
stats: tr_Redirect_To_Same_Conversation 0 0 0 14.963 14.583 14.773 2
stats: tr_Reply_To_Conversation 0 0 0 24.956 23.909 24.432499999999997 2
stats: tr_Get_New_Book 0 0 0 10.299 6.374 7.713666666666666 6
stats: tr_Get_Book 0 0 0 16.36 14.965 15.852285714285715 7
stats: tr_Post_New_Book 0 0 0 9.42 7.913 8.4745 6
stats: tr_Redirect_To_New_Book 0 0 0 18.641 15.609 16.49116666666667 6
# stats: dump at 1575975644
stats: users 39 39
stats: {freemem,"tsung_controller@ip-172-31-19-117"} 1 375543.1171875 0.0 375552.04296875 375536.6640625 375543.85546875 6
stats: {load,"tsung_controller@ip-172-31-19-117"} 1 0.0 0.0 0.01953125 0.0 0.011067708333333334 6
stats: {recvpackets,"tsung_controller@ip-172-31-19-117"} 1 10.0 0.0 1063 10 378.0 5
stats: {sentpackets,"tsung_controller@ip-172-31-19-117"} 1 9.0 0.0 453 9 183.4 5
stats: {cpu,"tsung_controller@ip-172-31-19-117"} 1 0.003123405761642495 0.0 0.14197393694910443 0.0031229830734317418 0.03892993320134228 6
stats: session 1 44890.365 0.0 44890.365 7852.664 16839.7304137931 29
stats: users_count 39 69
stats: finish_users_count 1 30
stats: request 104 34.90771153846155 48.00036151139368 163.026 3.847 36.87675769230769 260
stats: connect 39 1.3580512820512818 1.6898731700052179 11.745 0.688 1.341133333333333 30
stats: page 103 35.2485922330097 48.18165037463969 163.026 3.847 37.164472868217054 258
stats: tr_Initial_Get_Root 24 12.363041666666666 3.0566084483618803 110.727 9.514 20.70388235294118 17
stats: 302 35 137
stats: tr_Redirect_Root 7 14.163571428571428 1.8653328969185456 145.19 10.582 25.316166666666668 30
stats: 200 69 227
stats: tr_Post_New_Comment_On_Post 2 9.531 0.4710000000000001 22.317 8.903 12.1455 10
stats: size_rcv 373121 2189337
stats: tr_Get_Post 2 62.875 1.75 134.178 60.399 78.875 10
stats: newphase 1 1
stats: tr_Redirect_To_Post 2 65.065 4.622999999999999 139.672 54.744 70.15985 20
stats: size_sent 44193 182885
stats: tr_Get_Root 1 12.458 0.0 12.458 10.188 10.829666666666668 3
stats: connected 38 39
stats: tr_Post_New_Comment_On_Comment 1 9.923 0.0 121.229 8.664 21.0065 10
stats: tr_Get_Logout 0 0 0 7.859 5.159 6.5365 4
stats: tr_Post_New_Post 0 0 0 9.113 7.566 8.312428571428573 7
stats: tr_Get_New_Post 0 0 0 10.105 8.165 9.085142857142857 7
stats: tr_Redirect_To_New_Post 0 0 0 23.324 9.531 11.926714285714285 7
stats: tr_Get_Conversations 1 9.117 0.0 23.924 7.263 12.991333333333335 3
stats: tr_Authenticate_User 13 2395.7806153846154 1415.9290255156775 12940.269 256.748 4116.051033333334 30
stats: tr_Get_Login 0 0 0 20.116 7.05 10.61675 4
stats: tr_Post_Login 0 0 0 135.898 124.792 130.09475 4
stats: tr_Get_New_Conversation 1 69.865 0.0 69.865 9.59 10.490666666666668 3
stats: tr_Post_New_Conversation 0 0 0 62.026 17.187 32.15566666666667 3
stats: tr_Redirect_To_New_Conversation 0 0 0 55.039 15.492 29.716000000000005 3
stats: tr_Redirect_To_Same_Conversation 1 15.434 0.0 15.434 14.583 14.773 2
stats: tr_Reply_To_Conversation 1 23.813 0.0 24.956 23.813 24.432499999999997 2
stats: tr_Get_New_Book 0 0 0 10.299 6.374 7.713666666666666 6
stats: tr_Get_Book 1 18.279 0.0 18.279 14.965 15.852285714285715 7
stats: tr_Post_New_Book 0 0 0 9.42 7.913 8.4745 6
stats: tr_Redirect_To_New_Book 0 0 0 18.641 15.609 16.49116666666667 6
# stats: dump at 1575975654
stats: users 42 51
stats: {freemem,"tsung_controller@ip-172-31-19-117"} 1 375540.40625 0.0 375552.04296875 375536.6640625 375543.75 7
stats: {load,"tsung_controller@ip-172-31-19-117"} 1 0.0 0.0 0.01953125 0.0 0.009486607142857142 7
stats: {recvpackets,"tsung_controller@ip-172-31-19-117"} 1 702.0 0.0 1063 10 316.6666666666667 6
stats: {sentpackets,"tsung_controller@ip-172-31-19-117"} 1 478.0 0.0 478 9 154.33333333333334 6
stats: {cpu,"tsung_controller@ip-172-31-19-117"} 1 0.033307311995836586 0.0 0.14197393694910443 0.0031229830734317418 0.03381471499567089 7
stats: session 18 9828.526000000003 3188.206055934852 44890.365 4039.694 17774.751566666662 30
stats: users_count 21 90
stats: finish_users_count 18 48
stats: request 263 49.25698479087451 64.83551078676527 284.262 3.847 36.314173076923076 364
stats: connect 21 1.0612857142857142 0.1490887057320934 11.745 0.688 1.3506956521739126 69
stats: page 262 49.445645038167925 65.07398414881294 284.262 3.847 36.61783656509695 361
stats: tr_Initial_Get_Root 15 18.348066666666664 21.033130343869935 110.727 9.085 15.821439024390243 41
stats: 302 116 253
stats: tr_Redirect_Root 35 24.45668571428571 25.52182743991216 145.19 10.582 23.206216216216216 37
stats: 200 147 374
stats: tr_Post_New_Comment_On_Post 12 11.610083333333334 5.5249661003233514 29.738 8.455 11.70975 12
stats: size_rcv 1747915 3937252
stats: tr_Get_Post 12 106.98525 53.82134773508402 225.978 60.399 76.20833333333333 12
stats: newphase 0 1
stats: tr_Redirect_To_Post 17 86.53605882352942 35.29164702617419 217.787 54.744 69.69668181818183 22
stats: size_sent 147787 330672
stats: tr_Get_Root 2 11.7965 1.2334999999999994 13.03 10.188 11.23675 4
stats: connected 5 44
stats: tr_Post_New_Comment_On_Comment 8 20.970999999999997 15.639666844277727 121.229 8.664 19.99890909090909 11
stats: tr_Get_Logout 3 16.27433333333333 14.597130227852627 36.912 5.159 6.5365 4
stats: tr_Post_New_Post 7 10.367285714285714 1.5652727479612631 13.195 7.566 8.312428571428573 7
stats: tr_Get_New_Post 7 43.529999999999994 80.3869388111562 240.382 7.781 9.085142857142857 7
stats: tr_Redirect_To_New_Post 4 10.7965 1.6779035282160886 23.324 8.98 11.926714285714285 7
stats: tr_Get_Conversations 1 8.504 0.0 23.924 7.263 12.022750000000002 4
stats: tr_Authenticate_User 39 3941.9155897435894 2974.354312083124 12940.269 256.748 3595.9692790697677 43
stats: tr_Get_Login 2 5.3454999999999995 0.2825000000000004 20.116 5.063 10.61675 4
stats: tr_Post_Login 1 134.06 0.0 135.898 124.792 130.09475 4
stats: tr_Get_New_Conversation 1 11.199 0.0 69.865 9.59 25.334249999999997 4
stats: tr_Post_New_Conversation 2 42.497 20.985999999999997 63.483 17.187 32.15566666666667 3
stats: tr_Redirect_To_New_Conversation 1 14.611 0.0 55.039 14.611 29.716000000000005 3
stats: tr_Redirect_To_Same_Conversation 1 17.978 0.0 17.978 14.583 14.993333333333332 3
stats: tr_Reply_To_Conversation 1 176.463 0.0 176.463 23.813 24.226 3
stats: tr_Get_New_Book 10 23.3518 45.26389832703322 159.024 5.694 7.713666666666666 6
stats: tr_Get_Book 6 25.958 11.225627584534715 49.908 14.965 16.155625 8
stats: tr_Post_New_Book 10 10.819299999999998 5.002902798376159 25.357 7.777 8.4745 6
stats: tr_Redirect_To_New_Book 3 18.199333333333332 1.66714013274896 19.915 15.609 16.49116666666667 6
# stats: dump at 1575975664
stats: users 17 51
stats: {freemem,"tsung_controller@ip-172-31-19-117"} 1 375522.11328125 0.0 375552.04296875 375522.11328125 375543.33203125 8
stats: {load,"tsung_controller@ip-172-31-19-117"} 1 0.0 0.0 0.01953125 0.0 0.00830078125 8
stats: {recvpackets,"tsung_controller@ip-172-31-19-117"} 1 1979.0 0.0 1979 10 371.7142857142857 7
stats: {sentpackets,"tsung_controller@ip-172-31-19-117"} 1 874.0 0.0 874 9 200.57142857142858 7
stats: {cpu,"tsung_controller@ip-172-31-19-117"} 1 0.06037138812557248 0.0 0.14197393694910443 0.0031229830734317418 0.0337512896206916 8
stats: session 25 15325.521840000003 3860.4897983036153 44890.365 4039.694 14794.916979166665 48
stats: users_count 0 90
stats: finish_users_count 25 73
stats: request 122 27.559762295081963 37.3045694711399 284.262 3.847 41.743135566188194 627
stats: connect 0 0 0 11.745 0.688 1.2831666666666661 90
stats: page 121 27.789272727272728 37.52704543337615 284.262 3.847 42.012516853932574 623
stats: tr_Initial_Get_Root 0 0 0 110.727 9.085 16.498214285714283 56
stats: 302 43 296
stats: tr_Redirect_Root 17 22.56064705882353 36.14682968108101 166.851 10.582 23.814083333333333 72
stats: 200 79 453
stats: tr_Post_New_Comment_On_Post 4 11.0815 1.3438795518944395 29.738 8.455 11.659916666666666 24
stats: size_rcv 1045217 4982469
stats: tr_Get_Post 4 71.3955 4.456660100344197 225.978 60.399 91.59679166666666 24
stats: newphase 0 1
stats: tr_Redirect_To_Post 13 76.28215384615385 38.70265839377913 217.787 53.97 77.03692307692309 39
stats: size_sent 69231 399903
stats: tr_Get_Root 0 0 0 13.03 10.188 11.423333333333334 6
stats: connected -27 17
stats: tr_Post_New_Comment_On_Comment 7 9.812571428571427 0.8632069536895303 121.229 8.664 20.408210526315788 19
stats: tr_Get_Logout 3 6.435666666666666 0.28003967972810967 36.912 5.159 10.709857142857143 7
stats: tr_Post_New_Post 10 9.732400000000002 2.891874416360434 16.572 7.566 9.339857142857143 14
stats: tr_Get_New_Post 10 9.7865 2.653968773365655 240.382 7.781 26.30757142857143 14
stats: tr_Redirect_To_New_Post 8 9.770875 0.9470210448427214 23.324 8.364 11.515727272727274 11
stats: tr_Get_Conversations 1 7.17 0.0 23.924 7.17 11.319 5
stats: tr_Authenticate_User 8 7532.749374999999 3938.564381332332 13667.277 256.748 3760.504719512195 82
stats: tr_Get_Login 2 6.718 0.9320000000000004 20.116 5.063 8.859666666666667 6
stats: tr_Post_Login 3 128.63233333333335 3.3875295160665755 135.898 124.663 130.88780000000003 5
stats: tr_Get_New_Conversation 1 10.312 0.0 69.865 9.59 22.507199999999997 5
stats: tr_Post_New_Conversation 0 0 0 63.483 17.187 36.2922 5
stats: tr_Redirect_To_New_Conversation 1 24.448 0.0 55.039 14.611 25.939750000000004 4
stats: tr_Redirect_To_Same_Conversation 1 19.261 0.0 19.261 14.583 15.7395 4
stats: tr_Reply_To_Conversation 1 36.208 0.0 176.463 23.813 62.28525 4
stats: tr_Get_New_Book 4 7.0752500000000005 0.910565312045215 159.024 5.694 17.4875 16
stats: tr_Get_Book 10 21.399 11.77091303170659 56.307 14.965 20.356642857142855 14
stats: tr_Post_New_Book 4 7.8835 0.2614445447891392 25.357 7.618 9.94 16
stats: tr_Redirect_To_New_Book 6 19.293333333333337 3.990247597441654 27.684 15.609 17.060555555555556 9
# stats: dump at 1575975674
stats: users 3 51
stats: {freemem,"tsung_controller@ip-172-31-19-117"} 1 375531.17578125 0.0 375552.04296875 375522.11328125 375540.9743923611 9
stats: {load,"tsung_controller@ip-172-31-19-117"} 1 0.0 0.0 0.01953125 0.0 0.007378472222222222 9
stats: {recvpackets,"tsung_controller@ip-172-31-19-117"} 1 795.0 0.0 1979 10 572.625 8
stats: {sentpackets,"tsung_controller@ip-172-31-19-117"} 1 365.0 0.0 874 9 284.75 8
stats: {cpu,"tsung_controller@ip-172-31-19-117"} 1 0.026023233542907108 0.0 0.14197393694910443 0.0031229830734317418 0.03670907834345614 9
stats: session 14 24038.434 5260.2862202908955 44890.365 4039.694 14976.63097260274 73
stats: users_count 0 90
stats: finish_users_count 14 87
stats: request 26 24.73930769230769 26.992482057003073 284.262 3.847 39.43289319092123 749
stats: connect 0 0 0 11.745 0.688 1.2831666666666661 90
stats: page 25 25.7324 27.579114679046533 284.262 3.847 39.699327956989244 744
stats: tr_Initial_Get_Root 0 0 0 110.727 9.085 16.498214285714283 56
stats: 302 5 301
stats: tr_Redirect_Root 1 12.066 0.0 166.851 10.582 23.574662921348313 89
stats: 200 21 474
stats: tr_Post_New_Comment_On_Post 0 0 0 29.738 8.455 11.577285714285713 28
stats: size_rcv 245662 5228131
stats: tr_Get_Post 0 0 0 225.978 60.399 88.71089285714285 28
stats: newphase 0 1
stats: tr_Redirect_To_Post 4 62.456 1.9786019053867292 217.787 53.97 76.84823076923078 52
stats: size_sent 14237 414140
stats: tr_Get_Root 0 0 0 13.03 10.188 11.423333333333334 6
stats: connected -14 3
stats: tr_Post_New_Comment_On_Comment 2 10.2575 0.7884999999999995 121.229 8.664 17.55553846153846 26
stats: tr_Get_Logout 0 0 0 36.912 5.159 9.4276 10
stats: tr_Post_New_Post 0 0 0 16.572 7.566 9.503416666666668 24
stats: tr_Get_New_Post 0 0 0 240.382 7.781 19.423791666666666 24
stats: tr_Redirect_To_New_Post 5 10.3506 1.2555780501426423 23.324 8.364 10.78105263157895 19
stats: tr_Get_Conversations 0 0 0 23.924 7.17 10.627500000000001 6
stats: tr_Authenticate_User 0 0 0 13667.277 256.748 4095.8153555555555 90
stats: tr_Get_Login 2 6.442 0.6339999999999997 20.116 5.063 8.32425 8
stats: tr_Post_Login 1 128.23 0.0 135.898 124.663 130.04200000000003 8
stats: tr_Get_New_Conversation 0 0 0 69.865 9.59 20.474666666666664 6
stats: tr_Post_New_Conversation 1 19.192 0.0 63.483 17.187 36.2922 5
stats: tr_Redirect_To_New_Conversation 1 15.66 0.0 55.039 14.611 25.641400000000004 5
stats: tr_Redirect_To_Same_Conversation 1 15.003 0.0 19.261 14.583 16.4438 5
stats: tr_Reply_To_Conversation 1 23.812 0.0 176.463 23.812 57.0698 5
stats: tr_Get_New_Book 1 7.132 0.0 159.024 5.694 15.40505 20
stats: tr_Get_Book 1 19.196 0.0 56.307 14.965 20.790958333333332 24
stats: tr_Post_New_Book 0 0 0 25.357 7.618 9.528699999999999 20
stats: tr_Redirect_To_New_Book 5 16.421000000000003 0.2683497717532095 27.684 15.609 17.95366666666667 15
# stats: dump at 1575975684
stats: users 35 51
stats: {freemem,"tsung_controller@ip-172-31-19-117"} 1 375533.87890625 0.0 375552.04296875 375522.11328125 375539.99453125 10
stats: {load,"tsung_controller@ip-172-31-19-117"} 1 0.0 0.0 0.01953125 0.0 0.006640625 10
stats: {recvpackets,"tsung_controller@ip-172-31-19-117"} 1 111.0 0.0 1979 10 597.3333333333334 9
stats: {sentpackets,"tsung_controller@ip-172-31-19-117"} 1 79.0 0.0 874 9 293.6666666666667 9
stats: {cpu,"tsung_controller@ip-172-31-19-117"} 1 0.007286884648616012 0.0 0.14197393694910443 0.0031229830734317418 0.035640493863401235 10
stats: session 3 31218.54833333333 4188.76591066608 44890.365 4039.694 16434.85214942529 87
stats: users_count 35 125
stats: finish_users_count 3 90
stats: request 55 27.116218181818187 41.721785972707316 284.262 3.847 38.9399470967742 775
stats: connect 31 1.041677419354839 0.14833601505056757 11.745 0.688 1.2831666666666661 90
stats: page 55 27.116218181818187 41.721785972707316 284.262 3.847 39.245266579973986 769
stats: tr_Initial_Get_Root 16 12.532937500000003 4.476882543533363 110.727 9.085 16.498214285714283 56
stats: 302 10 311
stats: tr_Redirect_Root 1 12.272 0.0 166.851 10.582 23.446788888888886 90
stats: 200 45 519
stats: tr_Post_New_Comment_On_Post 1 8.361 0.0 29.738 8.361 11.577285714285713 28
stats: size_rcv 167805 5395936
stats: tr_Get_Post 1 62.768 0.0 225.978 60.399 88.71089285714285 28
stats: newphase 1 2
stats: tr_Redirect_To_Post 0 0 0 217.787 53.97 75.8202142857143 56
stats: size_sent 16373 430513
stats: tr_Get_Root 2 11.563500000000001 0.6414999999999993 13.03 10.188 11.423333333333334 6
stats: connected 28 31
stats: tr_Post_New_Comment_On_Comment 0 0 0 121.229 8.664 17.034249999999997 28
stats: tr_Get_Logout 0 0 0 36.912 5.159 9.4276 10
stats: tr_Post_New_Post 1 8.059 0.0 16.572 7.566 9.503416666666668 24
stats: tr_Get_New_Post 1 8.994 0.0 240.382 7.781 19.423791666666666 24
stats: tr_Redirect_To_New_Post 1 9.576 0.0 23.324 8.364 10.691375000000003 24
stats: tr_Get_Conversations 0 0 0 23.924 7.17 10.627500000000001 6
stats: tr_Authenticate_User 1 713.796 0.0 13667.277 256.748 4095.8153555555555 90
stats: tr_Get_Login 0 0 0 20.116 5.063 7.947799999999999 10
stats: tr_Post_Login 1 124.896 0.0 135.898 124.663 129.8406666666667 9
stats: tr_Get_New_Conversation 0 0 0 69.865 9.59 20.474666666666664 6
stats: tr_Post_New_Conversation 0 0 0 63.483 17.187 33.44216666666667 6
stats: tr_Redirect_To_New_Conversation 0 0 0 55.039 14.611 23.977833333333336 6
stats: tr_Redirect_To_Same_Conversation 0 0 0 19.261 14.583 16.203666666666667 6
stats: tr_Reply_To_Conversation 0 0 0 176.463 23.812 51.526833333333336 6
stats: tr_Get_New_Book 0 0 0 159.024 5.694 15.011095238095239 21
stats: tr_Get_Book 0 0 0 56.307 14.965 20.727159999999998 25
stats: tr_Post_New_Book 1 8.752 0.0 25.357 7.618 9.528699999999999 20
stats: tr_Redirect_To_New_Book 1 16.113 0.0 27.684 15.609 17.570500000000003 20
# stats: dump at 1575975694
stats: users 102 102
stats: {freemem,"tsung_controller@ip-172-31-19-117"} 1 375537.05078125 0.0 375552.04296875 375522.11328125 375539.4385653409 11
stats: {load,"tsung_controller@ip-172-31-19-117"} 1 0.0 0.0 0.01953125 0.0 0.006036931818181818 11
stats: {recvpackets,"tsung_controller@ip-172-31-19-117"} 1 484.0 0.0 1979 10 548.7 10
stats: {sentpackets,"tsung_controller@ip-172-31-19-117"} 1 368.0 0.0 874 9 272.2 10
stats: {cpu,"tsung_controller@ip-172-31-19-117"} 1 0.020820103892318424 0.0 0.14197393694910443 0.0031229830734317418 0.033062893025693485 11
stats: session 7 9570.448714285712 2019.7322146921722 44890.365 4039.694 16927.642022222222 90
stats: users_count 74 199
stats: finish_users_count 7 97
stats: request 382 131.28812041884814 174.12716383009945 974.7 3.835 38.15644698795181 830
stats: connect 73 0.9738767123287676 0.15641768330168174 11.745 0.664 1.2212975206611567 121
stats: page 382 131.28812041884814 174.12716383009945 974.7 3.835 38.43568203883495 824
stats: tr_Initial_Get_Root 42 85.83557142857143 122.2847435662128 431.877 9.085 15.617041666666665 72
stats: 302 163 474
stats: tr_Redirect_Root 53 118.94545283018869 160.75787282197962 829.08 10.582 23.323989010989006 91
stats: 200 219 738
stats: tr_Post_New_Comment_On_Post 11 79.72218181818181 103.05245943412261 312.923 8.361 11.466379310344827 29
stats: size_rcv 1562392 6958328
stats: tr_Get_Post 11 386.70081818181825 320.85306409315615 980.538 60.399 87.81631034482758 29
stats: newphase 0 2
stats: tr_Redirect_To_Post 9 366.61977777777776 324.4027905188164 855.783 53.97 75.8202142857143 56
stats: size_sent 201148 631661
stats: tr_Get_Root 6 109.18950000000001 132.17569292139157 329.571 10.188 11.458375 8
stats: connected 66 97
stats: tr_Post_New_Comment_On_Comment 4 18.48475 9.712601643612281 121.229 8.664 17.034249999999997 28
stats: tr_Get_Logout 5 9.484599999999999 4.7748802121100375 36.912 5.159 9.4276 10
stats: tr_Post_New_Post 2 26.029 17.007 43.036 7.566 9.445640000000003 25
stats: tr_Get_New_Post 2 69.777 61.537 240.382 7.781 19.0066 25
stats: tr_Redirect_To_New_Post 0 0 0 23.324 8.364 10.646760000000004 25
stats: tr_Get_Conversations 3 80.974 100.47165611587512 223.042 7.17 10.627500000000001 6
stats: tr_Authenticate_User 66 3458.9086060606046 1966.9131499159155 13667.277 243.031 4058.6503076923073 91
stats: tr_Get_Login 4 87.32475 83.99366687249402 210.372 5.063 7.947799999999999 10
stats: tr_Post_Login 1 285.856 0.0 285.856 124.663 129.3462 10
stats: tr_Get_New_Conversation 2 95.3105 83.7985 179.109 9.59 20.474666666666664 6
stats: tr_Post_New_Conversation 0 0 0 63.483 17.187 33.44216666666667 6
stats: tr_Redirect_To_New_Conversation 0 0 0 55.039 14.611 23.977833333333336 6
stats: tr_Redirect_To_Same_Conversation 0 0 0 19.261 14.583 16.203666666666667 6
stats: tr_Reply_To_Conversation 0 0 0 176.463 23.812 51.526833333333336 6
stats: tr_Get_New_Book 9 47.772777777777776 90.23712670240654 301.39 5.694 15.011095238095239 21
stats: tr_Get_Book 4 160.696 189.40291935580083 481.256 14.965 20.727159999999998 25
stats: tr_Post_New_Book 8 85.1425 118.45552750505144 297.092 7.618 9.491714285714286 21
stats: tr_Redirect_To_New_Book 3 104.82266666666665 109.05338265373625 258.989 15.609 17.501095238095242 21
# stats: dump at 1575975704
stats: users 66 109
stats: {freemem,"tsung_controller@ip-172-31-19-117"} 1 375506.53515625 0.0 375552.04296875 375506.53515625 375539.2395833333 12
stats: {load,"tsung_controller@ip-172-31-19-117"} 1 0.0703125 0.0 0.0703125 0.0 0.005533854166666667 12
stats: {recvpackets,"tsung_controller@ip-172-31-19-117"} 1 2552.0 0.0 2552 10 542.8181818181819 11
stats: {sentpackets,"tsung_controller@ip-172-31-19-117"} 1 1474.0 0.0 1474 9 280.90909090909093 11
stats: {cpu,"tsung_controller@ip-172-31-19-117"} 1 0.11968195820497878 0.0 0.14197393694910443 0.0031229830734317418 0.03204266059791223 12
stats: session 47 14028.019425531911 3140.589059457095 44890.365 4039.694 16396.710546391754 97
stats: users_count 11 210
stats: finish_users_count 47 144
stats: connect 16 0.9408125000000002 0.13640849439734318 11.745 0.664 1.12819587628866 194
stats: tr_Initial_Get_Root 13 192.40076923076924 147.39094818420517 521.558 9.085 41.48702631578947 114
stats: request 441 150.69521541950127 208.18614849144484 1079.941 3.835 67.50982920792079 1212
stats: 302 181 655
stats: page 440 151.03816363636375 208.3055098873257 1079.941 3.835 67.84665339966831 1206
stats: tr_Redirect_Root 54 118.42777777777783 171.95974728704593 829.08 10.582 58.518 144
stats: 200 261 999
stats: tr_Post_New_Comment_On_Post 24 72.25725000000001 112.2065180772527 414.598 8.361 30.236725 40
stats: size_rcv 4014654 10972982
stats: tr_Get_Post 24 342.8936666666666 310.75531314908983 1013.347 59.718 170.00955000000002 40
stats: newphase 0 2
stats: tr_Redirect_To_Post 46 340.6303043478261 333.0220133897582 1085.706 53.97 116.08476923076924 65
stats: size_sent 248558 880219
stats: tr_Get_Root 2 59.763000000000005 30.827 329.571 10.188 53.343142857142865 14
stats: connected -31 66
stats: tr_Post_New_Comment_On_Comment 22 86.6672272727273 110.13672870281485 357.333 7.939 17.215562499999997 32
stats: tr_Get_Logout 5 72.09920000000001 89.07370580682046 243.235 5.159 9.446599999999998 15
stats: tr_Post_New_Post 21 50.471952380952374 77.6144570360299 334.458 7.566 10.67403703703704 27
stats: tr_Get_New_Post 21 53.031666666666666 87.28481305928112 387.908 7.781 22.76737037037037 27
stats: tr_Redirect_To_New_Post 10 144.91410000000002 160.2530987990248 414.589 8.314 10.646760000000004 25
stats: tr_Get_Conversations 3 77.936 88.63367106241284 223.042 7.17 34.07633333333334 9
stats: tr_Authenticate_User 50 4601.669599999999 2944.232608678682 13667.277 243.031 3806.529592356687 157
stats: tr_Get_Login 4 30.215249999999997 16.857338630029947 210.372 5.063 30.62692857142857 14
stats: tr_Post_Login 6 278.4145 85.71657251031837 389.041 124.663 143.57436363636364 11
stats: tr_Get_New_Conversation 4 75.65625 82.9167137294255 218.385 9.59 39.183625 8
stats: tr_Post_New_Conversation 5 152.09980000000002 132.48219359808323 355.041 17.187 33.44216666666667 6
stats: tr_Redirect_To_New_Conversation 3 183.08933333333334 186.55695634726558 445.063 14.611 23.977833333333336 6
stats: tr_Redirect_To_Same_Conversation 1 19.075 0.0 19.261 14.583 16.203666666666667 6
stats: tr_Reply_To_Conversation 1 35.778 0.0 176.463 23.812 51.526833333333336 6
stats: tr_Get_New_Book 17 24.90305882352941 51.649785275415624 301.39 5.694 24.8396 30
stats: tr_Get_Book 21 187.5447142857143 231.61850363477785 742.293 14.965 40.033206896551725 29
stats: tr_Post_New_Book 11 66.20090909090911 119.65521446636473 384.059 6.804 30.36089655172414 29
stats: tr_Redirect_To_New_Book 10 214.36039999999997 210.70169042995357 551.872 15.609 28.416291666666666 24
# stats: dump at 1575975714
stats: users 7 109
stats: {freemem,"tsung_controller@ip-172-31-19-117"} 1 375493.21875 0.0 375552.04296875 375493.21875 375536.72385817306 13
stats: {load,"tsung_controller@ip-172-31-19-117"} 1 0.140625 0.0 0.140625 0.0 0.010516826923076924 13
stats: {recvpackets,"tsung_controller@ip-172-31-19-117"} 1 3632.0 0.0 3632 10 710.25 12
stats: {sentpackets,"tsung_controller@ip-172-31-19-117"} 1 1375.0 0.0 1474 9 380.3333333333333 12
stats: {cpu,"tsung_controller@ip-172-31-19-117"} 1 0.10201107548819587 0.0 0.14197393694910443 0.0031229830734317418 0.03878414502922504 13
stats: session 59 18446.59627118645 4963.70577232184 44890.365 4039.694 15623.596083333334 144
stats: users_count 0 210
stats: finish_users_count 59 203
stats: request 152 29.07835526315787 32.216177805161614 1079.941 3.835 89.70266364186331 1653
stats: page 146 30.281164383561652 33.72020611724396 1079.941 3.835 90.08496719319564 1646
stats: tr_Initial_Get_Root 0 0 0 521.558 9.085 56.93488976377952 127
stats: 302 51 706
stats: connect 0 0 0 11.745 0.664 1.1139190476190477 210
stats: tr_Redirect_Root 12 15.744666666666662 10.816591355670026 829.08 10.582 74.85703030303031 198
stats: 200 100 1099
stats: tr_Post_New_Comment_On_Post 3 10.112 1.2502290456818974 414.598 8.361 45.99442187500001 64
stats: size_rcv 1426843 12399825
stats: tr_Get_Post 3 76.00166666666667 8.41843126056683 1013.347 59.718 234.84109374999997 64
stats: newphase 0 2
stats: tr_Redirect_To_Post 21 76.64419047619046 23.213180594159258 1085.706 53.97 209.13967567567568 111
stats: size_sent 86733 966952
stats: tr_Get_Root 0 0 0 329.571 10.188 54.14562500000001 16
stats: connected -59 7
stats: tr_Post_New_Comment_On_Comment 12 16.172 9.754415547159484 357.333 7.939 45.51068518518519 54
stats: tr_Get_Logout 3 6.277 0.7820063938357541 243.235 5.159 25.109750000000002 20
stats: tr_Post_New_Post 6 8.342 0.5082810902115745 334.458 7.566 28.085624999999997 48
stats: tr_Get_New_Post 6 9.754833333333334 1.0437925107776718 387.908 7.781 36.008 48
stats: tr_Redirect_To_New_Post 18 11.325444444444447 4.339970548059593 414.589 8.314 49.008857142857146 35
stats: tr_Get_Conversations 3 13.531333333333334 7.740324985999547 223.042 7.017 45.04125 12
stats: tr_Authenticate_User 3 7426.734333333333 862.0607490482064 13667.277 243.031 3998.5923961352646 207
stats: tr_Get_Login 5 6.460000000000001 1.0789248351947418 210.372 5.036 30.53544444444444 18
stats: tr_Post_Login 6 127.87683333333332 3.8557867081684942 389.041 124.202 191.165 17
stats: tr_Get_New_Conversation 2 37.76649999999999 3.350500000000002 218.385 9.59 51.34116666666667 12
stats: tr_Post_New_Conversation 3 31.182 11.287331216899767 355.041 17.187 87.37745454545455 11
stats: tr_Redirect_To_New_Conversation 5 18.9318 5.679036094268111 445.063 14.565 77.015 9
stats: tr_Redirect_To_Same_Conversation 6 27.613166666666668 25.066962815737284 83.587 14.583 16.613857142857146 7
stats: tr_Reply_To_Conversation 6 30.406333333333333 11.677613064701575 176.463 23.807 49.277 7
stats: tr_Get_New_Book 2 7.029 0.31099999999999994 301.39 5.694 24.86255319148936 47
stats: tr_Get_Book 4 22.69475 11.70139949696189 742.293 14.965 101.98804 50
stats: tr_Post_New_Book 9 8.679666666666666 1.8657565638516602 384.059 6.804 40.2169 40
stats: tr_Redirect_To_New_Book 14 18.744714285714284 4.178025532107093 551.872 14.975 83.10573529411764 34
# stats: dump at 1575975724
stats: users 1 109
stats: {freemem,"tsung_controller@ip-172-31-19-117"} 1 375510.26953125 0.0 375552.04296875 375493.21875 375533.6163504464 14
stats: {load,"tsung_controller@ip-172-31-19-117"} 1 0.19140625 0.0 0.19140625 0.0 0.019810267857142856 14
stats: {recvpackets,"tsung_controller@ip-172-31-19-117"} 1 981.0 0.0 3632 10 935.0 13
stats: {sentpackets,"tsung_controller@ip-172-31-19-117"} 1 475.0 0.0 1474 9 456.84615384615387 13
stats: {cpu,"tsung_controller@ip-172-31-19-117"} 1 0.03435138342389607 0.0 0.14197393694910443 0.0031229830734317418 0.043300354347722954 14
stats: session 6 25933.260333333335 2875.005422739446 44890.365 4039.694 16444.073970443354 203
stats: users_count 0 210
stats: finish_users_count 6 209
stats: request 18 19.514166666666668 13.988280726895798 1079.941 3.835 84.59745872576181 1805
stats: page 16 21.978749999999998 16.892880643558104 1079.941 3.835 85.21255915178573 1792
stats: tr_Initial_Get_Root 0 0 0 521.558 9.085 56.93488976377952 127
stats: 302 6 712
stats: connect 0 0 0 11.745 0.664 1.1139190476190477 210
stats: tr_Redirect_Root 0 0 0 829.08 10.582 71.47918095238096 210
stats: 200 12 1111
stats: tr_Post_New_Comment_On_Post 0 0 0 414.598 8.361 44.38774626865672 67
stats: size_rcv 146109 12545934
stats: tr_Get_Post 0 0 0 1013.347 59.718 227.7288805970149 67
stats: newphase 0 2
stats: tr_Redirect_To_Post 2 57.341 2.378 1085.706 53.97 188.0608484848485 132
stats: size_sent 9363 976315
stats: tr_Get_Root 0 0 0 329.571 10.188 54.14562500000001 16
stats: connected -6 1
stats: tr_Post_New_Comment_On_Comment 1 9.882 0.0 357.333 7.939 40.17637878787879 66
stats: tr_Get_Logout 0 0 0 243.235 5.159 22.65330434782609 23
stats: tr_Post_New_Post 0 0 0 334.458 7.566 25.891888888888886 54
stats: tr_Get_New_Post 0 0 0 387.908 7.781 33.090981481481485 54
stats: tr_Redirect_To_New_Post 1 9.964 0.0 414.589 8.314 36.21071698113208 53
stats: tr_Get_Conversations 1 7.388 0.0 223.042 7.017 38.73926666666667 15
stats: tr_Authenticate_User 0 0 0 13667.277 243.031 4047.5658523809516 210
stats: tr_Get_Login 0 0 0 210.372 5.036 25.301652173913038 23
stats: tr_Post_Login 0 0 0 389.041 124.202 174.65504347826086 23
stats: tr_Get_New_Conversation 2 13.888 0.23199999999999932 218.385 9.59 49.40192857142858 14
stats: tr_Post_New_Conversation 2 17.3435 0.033500000000000085 355.041 17.187 75.33557142857144 14
stats: tr_Redirect_To_New_Conversation 1 15.112 0.0 445.063 14.565 56.271 14
stats: tr_Redirect_To_Same_Conversation 2 15.822500000000002 0.7335000000000007 83.587 14.583 21.690461538461538 13
stats: tr_Reply_To_Conversation 2 30.006999999999998 4.974999999999999 176.463 23.807 40.56746153846154 13
stats: tr_Get_New_Book 1 6.949 0.0 301.39 5.694 24.13465306122449 49
stats: tr_Get_Book 0 0 0 742.293 14.965 96.11446296296297 54
stats: tr_Post_New_Book 1 8.268 0.0 384.059 6.804 34.424346938775514 49
stats: tr_Redirect_To_New_Book 2 16.518 0.21699999999999964 551.872 14.975 64.33377083333333 48
# stats: dump at 1575975734
stats: users 62 109
stats: {freemem,"tsung_controller@ip-172-31-19-117"} 1 375516.015625 0.0 375552.04296875 375493.21875 375532.0598958333 15
stats: {load,"tsung_controller@ip-172-31-19-117"} 1 0.16015625 0.0 0.19140625 0.0 0.03125 15
stats: {recvpackets,"tsung_controller@ip-172-31-19-117"} 1 78.0 0.0 3632 10 938.2857142857143 14
stats: {sentpackets,"tsung_controller@ip-172-31-19-117"} 1 45.0 0.0 1474 9 458.14285714285717 14
stats: {cpu,"tsung_controller@ip-172-31-19-117"} 1 0.0041636306859581555 0.0 0.14197393694910443 0.0031229830734317418 0.0427037562861345 15
stats: session 1 30921.914 0.0 44890.365 4039.694 16716.490803827754 209
stats: users_count 62 272
stats: finish_users_count 1 210
stats: request 102 37.05391176470585 53.98573411543471 1079.941 3.835 83.95483708173344 1823
stats: connect 60 1.1224333333333336 1.1811277007824157 11.745 0.664 1.1139190476190477 210
stats: page 101 37.42275247524753 54.19050378875736 1079.941 3.835 84.65296792035399 1808
stats: tr_Initial_Get_Root 41 25.11751219512195 35.550789328221775 521.558 8.763 56.93488976377952 127
stats: 302 19 731
stats: tr_Redirect_Root 2 80.149 66.714 829.08 10.582 71.47918095238096 210
stats: 200 83 1194
stats: tr_Post_New_Comment_On_Post 1 9.25 0.0 414.598 8.361 44.38774626865672 67
stats: size_rcv 267236 12813170
stats: tr_Get_Post 1 73.596 0.0 1013.347 59.718 227.7288805970149 67
stats: newphase 1 3
stats: tr_Redirect_To_Post 0 0 0 1085.706 53.97 186.10980597014927 134
stats: size_sent 32324 1008639
stats: tr_Get_Root 5 17.8298 8.291471266307326 329.571 10.188 54.14562500000001 16
stats: connected 59 60
stats: tr_Post_New_Comment_On_Comment 0 0 0 357.333 7.939 39.724223880597016 67
stats: tr_Get_Logout 0 0 0 243.235 5.159 22.65330434782609 23
stats: tr_Post_New_Post 0 0 0 334.458 7.566 25.891888888888886 54
stats: tr_Get_New_Post 0 0 0 387.908 7.781 33.090981481481485 54
stats: tr_Redirect_To_New_Post 0 0 0 414.589 8.314 35.72466666666667 54
stats: tr_Get_Conversations 0 0 0 223.042 7.017 36.779812500000006 16
stats: tr_Authenticate_User 6 1258.1336666666666 467.7631768308499 13667.277 243.031 4047.5658523809516 210
stats: tr_Get_Login 0 0 0 210.372 5.036 25.301652173913038 23
stats: tr_Post_Login 0 0 0 389.041 124.202 174.65504347826086 23
stats: tr_Get_New_Conversation 0 0 0 218.385 9.59 44.9626875 16
stats: tr_Post_New_Conversation 0 0 0 355.041 17.187 68.0865625 16
stats: tr_Redirect_To_New_Conversation 1 15.588 0.0 445.063 14.565 53.52706666666666 15
stats: tr_Redirect_To_Same_Conversation 1 15.197 0.0 83.587 14.583 20.908066666666667 15
stats: tr_Reply_To_Conversation 1 23.779 0.0 176.463 23.779 39.1594 15
stats: tr_Get_New_Book 0 0 0 301.39 5.694 23.79094 50
stats: tr_Get_Book 0 0 0 742.293 14.965 96.11446296296297 54
stats: tr_Post_New_Book 0 0 0 384.059 6.804 33.90122 50
stats: tr_Redirect_To_New_Book 0 0 0 551.872 14.975 62.421139999999994 50
# stats: dump at 1575975744
stats: users 233 233
stats: {freemem,"tsung_controller@ip-172-31-19-117"} 1 375522.328125 0.0 375552.04296875 375493.21875 375531.05712890625 16
stats: {load,"tsung_controller@ip-172-31-19-117"} 1 0.12890625 0.0 0.19140625 0.0 0.039306640625 16
stats: {recvpackets,"tsung_controller@ip-172-31-19-117"} 1 858.0 0.0 3632 10 880.9333333333333 15
stats: {sentpackets,"tsung_controller@ip-172-31-19-117"} 1 694.0 0.0 1474 9 430.6 15
stats: {cpu,"tsung_controller@ip-172-31-19-117"} 1 0.04163717366865137 0.0 0.14197393694910443 0.0031229830734317418 0.040294998436123476 16
stats: session 3 10161.828333333333 851.5349949705859 44890.365 4039.694 16784.13567619048 210
stats: users_count 174 446
stats: finish_users_count 3 213
stats: request 483 1142.4462795031059 860.757934518779 5675.546 3.835 81.46969714285719 1925
stats: connect 175 1.099594285714286 1.2036548204632795 15.436 0.664 1.1158111111111113 270
stats: page 483 1142.4462795031059 860.757934518779 5675.546 3.835 82.1541456259822 1909
stats: tr_Initial_Get_Root 86 1559.8038837209301 789.3998745884531 3856.677 8.763 49.169934523809516 168
stats: 302 184 915
stats: tr_Redirect_Root 38 2059.3031315789476 946.5612451161579 4531.407 10.582 71.5609716981132 212
stats: 200 299 1493
stats: tr_Post_New_Comment_On_Post 1 1816.35 0.0 1816.35 8.361 43.87101470588236 68
stats: size_rcv 994375 13807545
stats: tr_Get_Post 2 4104.012 137.15199999999993 4241.164 59.718 225.46222058823525 68
stats: newphase 0 3
stats: tr_Redirect_To_Post 1 5681.783 0.0 5681.783 53.97 186.10980597014927 134
stats: size_sent 272795 1281434
stats: tr_Get_Root 21 982.3221428571428 815.7623526958306 2569.998 10.188 45.49900000000001 21
stats: connected 172 232
stats: tr_Post_New_Comment_On_Comment 0 0 0 357.333 7.939 39.724223880597016 67
stats: tr_Get_Logout 4 728.17325 571.3264040639882 1532.928 5.159 22.65330434782609 23
stats: tr_Post_New_Post 1 1866.756 0.0 1866.756 7.566 25.891888888888886 54
stats: tr_Get_New_Post 1 698.618 0.0 698.618 7.781 33.090981481481485 54
stats: tr_Redirect_To_New_Post 0 0 0 414.589 8.314 35.72466666666667 54
stats: tr_Get_Conversations 1 1044.982 0.0 1044.982 7.017 36.779812500000006 16
stats: tr_Authenticate_User 78 4976.755512820513 1976.141960988365 13667.277 243.031 3970.0816249999993 216
stats: tr_Get_Login 2 745.886 185.75299999999996 931.639 5.036 25.301652173913038 23
stats: tr_Post_Login 2 1684.172 692.9189999999999 2377.091 124.202 174.65504347826086 23
stats: tr_Get_New_Conversation 1 1054.279 0.0 1054.279 9.59 44.9626875 16
stats: tr_Post_New_Conversation 0 0 0 355.041 17.187 68.0865625 16
stats: tr_Redirect_To_New_Conversation 0 0 0 445.063 14.565 51.155874999999995 16
stats: tr_Redirect_To_Same_Conversation 0 0 0 83.587 14.583 20.551125 16
stats: tr_Reply_To_Conversation 0 0 0 176.463 23.779 38.198125 16
stats: tr_Get_New_Book 5 864.7922000000001 441.0449271008114 1197.329 5.694 23.79094 50
stats: tr_Get_Book 1 34.824 0.0 742.293 14.965 96.11446296296297 54
stats: tr_Post_New_Book 2 1475.7489999999998 40.62999999999994 1516.379 6.804 33.90122 50
stats: tr_Redirect_To_New_Book 1 2008.415 0.0 2008.415 14.975 62.421139999999994 50
# stats: dump at 1575975754
stats: users 227 237
stats: {freemem,"tsung_controller@ip-172-31-19-117"} 1 375480.37109375 0.0 375552.04296875 375480.37109375 375530.54365808825 17
stats: {load,"tsung_controller@ip-172-31-19-117"} 1 0.109375 0.0 0.19140625 0.0 0.04457720588235294 17
stats: {recvpackets,"tsung_controller@ip-172-31-19-117"} 1 2587.0 0.0 3632 10 879.5 16
stats: {sentpackets,"tsung_controller@ip-172-31-19-117"} 1 2115.0 0.0 2115 9 447.0625 16
stats: {cpu,"tsung_controller@ip-172-31-19-117"} 1 0.12487772389535247 0.0 0.14197393694910443 0.0031229830734317418 0.040373949920389826 17
stats: session 10 18929.0925 2108.3635733728306 44890.365 4039.694 16690.86374178404 213
stats: users_count 4 450
stats: finish_users_count 10 223
stats: request 556 2324.4637823740964 1069.9577484899676 7583.201 3.835 294.2818604651164 2408
stats: connect 5 0.9969999999999999 0.1679797606856254 15.436 0.664 1.1094337078651688 445
stats: page 556 2324.4637823740964 1069.9577484899676 7583.201 3.835 296.25159573578605 2392
stats: tr_Initial_Get_Root 21 2230.0065238095235 442.3146154391764 3856.677 8.763 560.6444212598425 254
stats: 302 255 1170
stats: tr_Redirect_Root 113 2723.051256637168 833.8973881983197 4531.407 10.582 373.69778 250
stats: 200 301 1794
stats: tr_Post_New_Comment_On_Post 16 2307.649625 682.0790721919523 3636.079 8.361 69.55911594202898 69
stats: size_rcv 2376737 16184282
stats: tr_Get_Post 21 5077.489 1349.6789812302986 7589.247 59.718 336.2779285714285 70
stats: newphase 0 3
stats: tr_Redirect_To_Post 7 4090.3340000000003 1188.237735106189 5701.147 53.97 226.81849629629633 135
stats: size_sent 325783 1607217
stats: tr_Get_Root 2 3074.419 702.549 3776.968 10.188 513.9105714285714 42
stats: connected -5 227
stats: tr_Post_New_Comment_On_Comment 2 3189.1499999999996 260.2890000000001 3449.439 7.939 39.724223880597016 67
stats: tr_Get_Logout 6 1730.1658333333335 761.2873728996642 2688.971 5.159 127.17477777777778 27
stats: tr_Post_New_Post 7 1908.9034285714283 455.66066120237724 2602.637 7.566 59.36214545454545 55
stats: tr_Get_New_Post 7 1613.937714285714 445.08325348851116 2323.103 7.781 45.19147272727273 55
stats: tr_Redirect_To_New_Post 3 1839.7316666666666 399.76469573098717 2399.615 8.314 35.72466666666667 54
stats: tr_Get_Conversations 11 1878.358272727273 450.056406668823 2618.739 7.017 96.08582352941177 17
stats: tr_Authenticate_User 114 8349.592947368417 2665.2401013285335 15656.349 243.031 4237.158370748299 294
stats: tr_Get_Login 5 1558.5867999999998 409.26450039523337 2016.405 5.036 82.9484 25
stats: tr_Post_Login 3 1503.993333333333 505.32050912751293 2377.091 124.202 295.4164 25
stats: tr_Get_New_Conversation 7 2022.1114285714284 690.6655583629578 2967.67 9.59 104.33423529411765 17
stats: tr_Post_New_Conversation 2 2761.048 275.6560000000003 3036.704 17.187 68.0865625 16
stats: tr_Redirect_To_New_Conversation 0 0 0 445.063 14.565 51.155874999999995 16
stats: tr_Redirect_To_Same_Conversation 0 0 0 83.587 14.583 20.551125 16
stats: tr_Reply_To_Conversation 0 0 0 176.463 23.779 38.198125 16
stats: tr_Get_New_Book 17 1608.3470588235296 592.3058239772334 3364.284 5.694 100.2456 55
stats: tr_Get_Book 17 3598.89394117647 1228.800538102022 5763.491 14.965 95.00009090909091 55
stats: tr_Post_New_Book 12 1880.2831666666664 651.3605753007614 3280.608 6.804 89.35690384615383 52
stats: tr_Redirect_To_New_Book 3 3924.917 1297.4244224280142 5196.66 14.975 100.57788235294117 51
# stats: dump at 1575975764
stats: users 119 237
stats: {freemem,"tsung_controller@ip-172-31-19-117"} 1 375438.10546875 0.0 375552.04296875 375438.10546875 375527.75629340275 18
stats: {load,"tsung_controller@ip-172-31-19-117"} 1 0.1015625 0.0 0.19140625 0.0 0.048177083333333336 18
stats: {recvpackets,"tsung_controller@ip-172-31-19-117"} 1 3223.0 0.0 3632 10 979.9411764705883 17
stats: {sentpackets,"tsung_controller@ip-172-31-19-117"} 1 1564.0 0.0 2115 9 545.1764705882352 17
stats: {cpu,"tsung_controller@ip-172-31-19-117"} 1 0.12279131719702804 0.0 0.14197393694910443 0.0031229830734317418 0.04506860403010997 18
stats: session 108 25154.745750000016 3368.8699969943023 44890.365 4039.694 16791.23274439462 223
stats: users_count 0 450
stats: finish_users_count 108 331
stats: request 729 1222.5450493827168 818.6448782316646 7583.201 3.835 675.1122074898778 2964
stats: connect 0 0 0 15.436 0.664 1.1081844444444449 450
stats: tr_Initial_Get_Root 0 0 0 3856.677 8.763 688.1229818181818 275
stats: page 720 1237.8289000000009 835.2646187280319 7583.201 3.835 678.7773677069192 2948
stats: 302 280 1450
stats: tr_Redirect_Root 86 1408.5444651162795 560.3916637586009 4531.407 10.582 1105.039220385675 363
stats: 200 449 2243
stats: tr_Post_New_Comment_On_Post 43 1152.135837209302 431.1839587874044 3636.079 8.361 490.8467411764706 85
stats: size_rcv 6941325 23125607
stats: tr_Get_Post 37 2759.2938918918917 721.8651581444093 7589.247 59.718 1430.4035604395604 91
stats: newphase 0 3
stats: tr_Redirect_To_Post 72 1996.4016944444436 771.8854772670766 5701.147 53.97 417.273485915493 142
stats: size_sent 367004 1974221
stats: tr_Get_Root 0 0 0 3776.968 10.188 630.2973181818181 44
stats: connected -105 122
stats: tr_Post_New_Comment_On_Comment 40 756.3665999999998 475.74744060356215 3449.439 7.939 131.0119275362319 69
stats: tr_Get_Logout 16 847.5966875 420.06097260125813 2688.971 5.159 418.62769696969696 33
stats: tr_Post_New_Post 49 704.0983673469386 397.0951777013427 2602.637 7.566 268.18132258064514 62
stats: tr_Get_New_Post 49 645.8235510204082 515.7373330017895 2323.103 7.781 222.30798387096772 62
stats: tr_Redirect_To_New_Post 29 727.6541379310344 534.3798914338726 2399.615 8.314 130.67240350877194 57
stats: tr_Get_Conversations 16 729.61425 364.2110511478029 2618.739 7.017 796.2642857142857 28
stats: tr_Authenticate_User 42 10260.338166666666 2896.958250628513 17281.1 243.031 5386.220973039213 408
stats: tr_Get_Login 17 530.7054705882352 413.6604216360703 2016.405 5.036 328.8881333333333 30
stats: tr_Post_Login 15 719.6884000000001 298.83880997014654 2377.091 124.202 424.9067857142857 28
stats: tr_Get_New_Conversation 18 634.6177222222223 391.4493938969784 2967.67 9.59 663.6859166666667 24
stats: tr_Post_New_Conversation 21 1384.5018571428573 744.442023993764 3036.704 17.187 367.30449999999996 18
stats: tr_Redirect_To_New_Conversation 13 1327.7839999999999 627.6321727876558 2228.574 14.565 51.155874999999995 16
stats: tr_Redirect_To_Same_Conversation 9 774.0194444444446 315.5007404066365 1123.875 14.583 20.551125 16
stats: tr_Reply_To_Conversation 9 1845.6121111111108 706.4084141702612 2748.611 23.779 38.198125 16
stats: tr_Get_New_Book 26 712.8311538461538 391.8020825223144 3364.284 5.694 456.32511111111114 72
stats: tr_Get_Book 45 1992.9371555555547 839.9500872595004 5763.491 14.965 922.308361111111 72
stats: tr_Post_New_Book 31 813.129129032258 358.88125235413685 3280.608 6.804 425.1555781249999 64
stats: tr_Redirect_To_New_Book 30 1377.608533333333 726.4290704792742 5196.66 14.975 313.04116666666664 54
# stats: dump at 1575975774
stats: users 13 237
stats: {freemem,"tsung_controller@ip-172-31-19-117"} 1 375413.19140625 0.0 375552.04296875 375413.19140625 375523.03782894736 19
stats: {load,"tsung_controller@ip-172-31-19-117"} 1 0.078125 0.0 0.19140625 0.0 0.05098684210526316 19
stats: {recvpackets,"tsung_controller@ip-172-31-19-117"} 1 6844.0 0.0 6844 10 1104.5555555555557 18
stats: {sentpackets,"tsung_controller@ip-172-31-19-117"} 1 2746.0 0.0 2746 9 601.7777777777778 18
stats: {cpu,"tsung_controller@ip-172-31-19-117"} 1 0.1748597479105301 0.0 0.1748597479105301 0.0031229830734317418 0.04915927314415829 19
stats: session 106 27755.17610377357 3860.3079712910567 44890.365 4039.694 19520.113120845926 331
stats: users_count 0 450
stats: finish_users_count 106 437
stats: request 220 78.06367272727279 131.46446638264925 7583.201 3.835 783.1757173030053 3693
stats: connect 0 0 0 15.436 0.664 1.1081844444444449 450
stats: page 203 84.61560591133018 137.19409806397852 7583.201 3.835 788.5148549618317 3668
stats: tr_Initial_Get_Root 0 0 0 3856.677 8.763 688.1229818181818 275
stats: 302 71 1521
stats: tr_Redirect_Root 1 12.166 0.0 4531.407 10.582 1163.171628062361 449
stats: 200 149 2392
stats: tr_Post_New_Comment_On_Post 3 10.026 1.0817821715422504 3636.079 8.361 712.9985468749999 128
stats: size_rcv 2650374 25775981
stats: tr_Get_Post 3 126.22633333333333 68.08170973339479 7589.247 59.718 1814.535921875 128
stats: newphase 0 3
stats: tr_Redirect_To_Post 45 184.63504444444442 212.17763791711627 5701.147 53.97 948.5689579439248 214
stats: size_sent 115202 2089423
stats: tr_Get_Root 0 0 0 3776.968 10.188 630.2973181818181 44
stats: connected -109 13
stats: tr_Post_New_Comment_On_Comment 20 69.33784999999997 101.09717496561167 3449.439 7.939 360.4998807339449 109
stats: tr_Get_Logout 0 0 0 2688.971 5.159 558.6992040816326 49
stats: tr_Post_New_Post 7 33.34542857142858 46.18918634070454 2602.637 7.566 460.6131711711711 111
stats: tr_Get_New_Post 7 25.145571428571433 21.67519723988124 2323.103 7.781 409.2653063063063 111
stats: tr_Redirect_To_New_Post 28 25.48557142857143 51.44329613580691 2399.615 8.314 331.9801976744186 86
stats: tr_Get_Conversations 0 0 0 2618.739 7.017 772.0279090909091 44
stats: tr_Authenticate_User 0 0 0 17281.1 243.031 5841.138577777777 450
stats: tr_Get_Login 2 7.5345 1.2945000000000002 2016.405 5.036 401.8858936170212 47
stats: tr_Post_Login 6 142.4165 21.805593600037582 2377.091 124.202 527.7375813953488 43
stats: tr_Get_New_Conversation 2 84.937 44.564 2967.67 9.59 651.228119047619 42
stats: tr_Post_New_Conversation 5 22.3188 4.0276639581772455 3036.704 16.921 915.026153846154 39
stats: tr_Redirect_To_New_Conversation 13 72.80292307692307 133.6781533618147 2228.574 14.565 623.437448275862 29
stats: tr_Redirect_To_Same_Conversation 17 31.68576470588234 48.58356383233447 1123.875 14.583 291.79972000000004 25
stats: tr_Reply_To_Conversation 17 48.59394117647058 49.94609104114812 2748.611 22.533 688.8671599999999 25
stats: tr_Get_New_Book 10 44.7359 54.47622093253165 3364.284 5.694 524.3777346938776 98
stats: tr_Get_Book 1 261.927 0.0 5763.491 14.965 1334.0886666666663 117
stats: tr_Post_New_Book 13 22.721153846153847 45.54261163053979 3280.608 6.804 551.7574736842105 95
stats: tr_Redirect_To_New_Book 20 78.11675 114.16012060780027 5196.66 14.901 693.2437976190475 84
# stats: dump at 1575975784
stats: users 2 237
stats: {freemem,"tsung_controller@ip-172-31-19-117"} 1 375469.68359375 0.0 375552.04296875 375413.19140625 375517.5455078125 20
stats: {load,"tsung_controller@ip-172-31-19-117"} 1 0.0703125 0.0 0.19140625 0.0 0.05234375 20
stats: {recvpackets,"tsung_controller@ip-172-31-19-117"} 1 1746.0 0.0 6844 10 1406.6315789473683 19
stats: {sentpackets,"tsung_controller@ip-172-31-19-117"} 1 1022.0 0.0 2746 9 714.6315789473684 19
stats: {cpu,"tsung_controller@ip-172-31-19-117"} 1 0.06142314299099474 0.0 0.1748597479105301 0.0031229830734317418 0.05544429688247689 20
stats: session 11 38192.83109090909 4727.684749870229 46106.688 4039.694 21517.634118993134 437
stats: users_count 0 450
stats: finish_users_count 11 448
stats: request 17 22.629117647058823 18.00917391345263 7583.201 3.835 743.532310759008 3913
stats: connect 0 0 0 15.436 0.664 1.1081844444444449 450
stats: page 15 25.668400000000002 19.866267805168302 7583.201 3.835 751.6015127873931 3871
stats: tr_Initial_Get_Root 0 0 0 3856.677 8.763 688.1229818181818 275
stats: 302 4 1525
stats: tr_Redirect_Root 0 0 0 4531.407 10.582 1160.613837777778 450
stats: 200 13 2405
stats: tr_Post_New_Comment_On_Post 0 0 0 3636.079 8.361 696.8999389312976 131
stats: size_rcv 171347 25947328
stats: tr_Get_Post 0 0 0 7589.247 59.718 1775.8723435114505 131
stats: newphase 0 3
stats: tr_Redirect_To_Post 3 59.683 6.896899641626426 5701.147 53.97 815.8391274131271 259
stats: size_sent 9442 2098865
stats: tr_Get_Root 0 0 0 3776.968 10.188 630.2973181818181 44
stats: connected -11 2
stats: tr_Post_New_Comment_On_Comment 2 9.7425 0.26449999999999996 3449.439 7.939 315.358480620155 129
stats: tr_Get_Logout 0 0 0 2688.971 5.159 558.6992040816326 49
stats: tr_Post_New_Post 0 0 0 2602.637 7.566 435.26677966101687 118
stats: tr_Get_New_Post 0 0 0 2323.103 7.781 386.47854237288135 118
stats: tr_Redirect_To_New_Post 4 9.796500000000002 0.1451869484492325 2399.615 8.314 256.70081578947367 114
stats: tr_Get_Conversations 0 0 0 2618.739 7.017 772.0279090909091 44
stats: tr_Authenticate_User 0 0 0 17281.1 243.031 5841.138577777777 450
stats: tr_Get_Login 0 0 0 2016.405 5.036 385.7899183673469 49
stats: tr_Post_Login 0 0 0 2377.091 124.202 480.5554081632652 49
stats: tr_Get_New_Conversation 0 0 0 2967.67 9.59 625.4876136363636 44
stats: tr_Post_New_Conversation 0 0 0 3036.704 16.921 813.5821363636364 44
stats: tr_Redirect_To_New_Conversation 2 15.7045 0.07150000000000034 2228.574 14.565 453.0029523809523 42
stats: tr_Redirect_To_Same_Conversation 2 15.421 0.18000000000000016 1123.875 14.583 186.51550000000003 42
stats: tr_Reply_To_Conversation 2 25.634999999999998 1.1130000000000004 2748.611 22.533 429.7089523809523 42
stats: tr_Get_New_Book 0 0 0 3364.284 5.694 479.9664537037038 108
stats: tr_Get_Book 0 0 0 5763.491 14.965 1325.002550847457 118
stats: tr_Post_New_Book 0 0 0 3280.608 6.804 488.0771759259259 108
stats: tr_Redirect_To_New_Book 2 18.192500000000003 1.5354999999999999 5196.66 14.901 574.9501346153845 104
# stats: dump at 1575975794
stats: users 111 237
stats: {freemem,"tsung_controller@ip-172-31-19-117"} 1 375487.75390625 0.0 375552.04296875 375413.19140625 375515.26636904763 21
stats: {load,"tsung_controller@ip-172-31-19-117"} 1 0.05859375 0.0 0.19140625 0.0 0.05319940476190476 21
stats: {recvpackets,"tsung_controller@ip-172-31-19-117"} 1 228.0 0.0 6844 10 1423.6 20
stats: {sentpackets,"tsung_controller@ip-172-31-19-117"} 1 226.0 0.0 2746 9 730.0 20
stats: {cpu,"tsung_controller@ip-172-31-19-117"} 1 0.019777657492609402 0.0 0.1748597479105301 0.0031229830734317418 0.05572900384002536 21
stats: session 2 44855.589 1510.1800000000003 46365.769 4039.694 21927.069758928566 448
stats: users_count 111 561
stats: finish_users_count 2 450
stats: request 155 129.04791612903225 188.52822694563258 7583.201 3.835 740.4138999999996 3930
stats: connect 110 1.0056818181818181 0.5394765464919453 15.436 0.664 1.1081844444444449 450
stats: page 155 129.04791612903225 188.52822694563258 7583.201 3.835 748.7994034997423 3886
stats: tr_Initial_Get_Root 53 132.61215094339624 212.06162119947777 3856.677 8.763 688.1229818181818 275
stats: 302 24 1549
stats: tr_Redirect_Root 0 0 0 4531.407 10.582 1160.613837777778 450
stats: 200 131 2536
stats: tr_Post_New_Comment_On_Post 0 0 0 3636.079 8.361 696.8999389312976 131
stats: size_rcv 348719 26296047
stats: tr_Get_Post 0 0 0 7589.247 59.718 1775.8723435114505 131
stats: newphase 1 4
stats: tr_Redirect_To_Post 0 0 0 5701.147 53.97 807.1808511450379 262
stats: size_sent 56025 2154890
stats: tr_Get_Root 14 190.4172857142857 257.17407755293704 3776.968 9.662 630.2973181818181 44
stats: connected 108 110
stats: tr_Post_New_Comment_On_Comment 0 0 0 3449.439 7.939 310.6925877862595 131
stats: tr_Get_Logout 0 0 0 2688.971 5.159 558.6992040816326 49
stats: tr_Post_New_Post 0 0 0 2602.637 7.566 435.26677966101687 118
stats: tr_Get_New_Post 0 0 0 2323.103 7.781 386.47854237288135 118
stats: tr_Redirect_To_New_Post 0 0 0 2399.615 8.314 248.33117796610168 118
stats: tr_Get_Conversations 0 0 0 2618.739 7.017 772.0279090909091 44
stats: tr_Authenticate_User 8 1151.381875 448.02436722611344 17281.1 243.031 5841.138577777777 450
stats: tr_Get_Login 0 0 0 2016.405 5.036 385.7899183673469 49
stats: tr_Post_Login 0 0 0 2377.091 124.202 480.5554081632652 49
stats: tr_Get_New_Conversation 0 0 0 2967.67 9.59 625.4876136363636 44
stats: tr_Post_New_Conversation 0 0 0 3036.704 16.921 813.5821363636364 44
stats: tr_Redirect_To_New_Conversation 0 0 0 2228.574 14.565 433.1257499999999 44
stats: tr_Redirect_To_Same_Conversation 0 0 0 1123.875 14.583 178.7384772727273 44
stats: tr_Reply_To_Conversation 0 0 0 2748.611 22.533 411.3419545454545 44
stats: tr_Get_New_Book 0 0 0 3364.284 5.694 479.9664537037038 108
stats: tr_Get_Book 0 0 0 5763.491 14.965 1325.002550847457 118
stats: tr_Post_New_Book 0 0 0 3280.608 6.804 488.0771759259259 108
stats: tr_Redirect_To_New_Book 2 16.8485 0.15649999999999853 5196.66 14.901 564.4452735849056 106
# stats: dump at 1575975804
stats: users 401 401
stats: {freemem,"tsung_controller@ip-172-31-19-117"} 1 375491.30859375 0.0 375552.04296875 375413.19140625 375514.0158025568 22
stats: {load,"tsung_controller@ip-172-31-19-117"} 1 0.05078125 0.0 0.19140625 0.0 0.05344460227272727 22
stats: {recvpackets,"tsung_controller@ip-172-31-19-117"} 1 1515.0 0.0 6844 10 1366.6666666666667 21
stats: {sentpackets,"tsung_controller@ip-172-31-19-117"} 1 2482.0 0.0 2746 9 706.0 21
stats: {cpu,"tsung_controller@ip-172-31-19-117"} 1 0.08743533428401912 0.0 0.1748597479105301 0.0031229830734317418 0.05409485173332463 22
stats: session 0 0 0 46365.769 4039.694 22028.974288888883 450
stats: users_count 290 851
stats: finish_users_count 0 450
stats: request 698 1495.8776891117468 1146.2214128662615 7583.201 0.336 717.2164146878822 4085
stats: connect 290 0.9562965517241376 0.534336857772619 15.436 0.588 1.0880500000000004 560
stats: page 698 1495.8776891117468 1146.2214128662615 7583.201 0.336 725.0276933927242 4041
stats: tr_Initial_Get_Root 149 1798.132510067114 1133.0646977686515 3856.677 1.066 598.3605609756097 328
stats: 302 177 1726
stats: tr_Redirect_Root 45 2062.28488888889 1600.0645276101868 4816.188 0.418 1160.613837777778 450
stats: 200 356 2892
stats: tr_Post_New_Comment_On_Post 5 0.5292000000000001 0.10326548310059855 3636.079 0.437 696.8999389312976 131
stats: size_rcv 1119098 27415145
stats: tr_Get_Post 7 1454.9594285714284 2315.6538662197618 7589.247 0.569 1775.8723435114505 131
stats: newphase 0 4
stats: tr_Redirect_To_Post 1 0.955 0.0 5701.147 0.955 807.1808511450379 262
stats: 502 163 163
stats: tr_Get_Root 31 2263.8805483870974 896.6605436256723 3887.22 1.228 524.1193793103448 58
stats: 422 1 1
stats: tr_Post_New_Comment_On_Comment 1 0.708 0.0 3449.439 0.708 310.6925877862595 131
stats: size_sent 359072 2513962
stats: tr_Get_Logout 8 897.9370000000002 1186.38696352476 2742.294 0.443 558.6992040816326 49
stats: connected 289 399
stats: tr_Post_New_Post 0 0 0 2602.637 7.566 435.26677966101687 118
stats: 400 1 1
stats: tr_Get_New_Post 0 0 0 2323.103 7.781 386.47854237288135 118
stats: tr_Redirect_To_New_Post 0 0 0 2399.615 8.314 248.33117796610168 118
stats: tr_Get_Conversations 2 2441.1095 397.1334999999999 2838.243 7.017 772.0279090909091 44
stats: tr_Authenticate_User 94 6027.80805319149 2177.5517363957188 17281.1 90.761 5759.221430131003 458
stats: tr_Get_Login 2 0.5605 0.0605 2016.405 0.5 385.7899183673469 49
stats: tr_Post_Login 0 0 0 2377.091 124.202 480.5554081632652 49
stats: tr_Get_New_Conversation 0 0 0 2967.67 9.59 625.4876136363636 44
stats: tr_Post_New_Conversation 0 0 0 3036.704 16.921 813.5821363636364 44
stats: tr_Redirect_To_New_Conversation 0 0 0 2228.574 14.565 433.1257499999999 44
stats: tr_Redirect_To_Same_Conversation 0 0 0 1123.875 14.583 178.7384772727273 44
stats: tr_Reply_To_Conversation 0 0 0 2748.611 22.533 411.3419545454545 44
stats: tr_Get_New_Book 6 0.8398333333333333 0.16769259242899057 3364.284 0.517 479.9664537037038 108
stats: tr_Get_Book 1 0.404 0.0 5763.491 0.404 1325.002550847457 118
stats: tr_Post_New_Book 1 0.575 0.0 3280.608 0.575 488.0771759259259 108
stats: tr_Redirect_To_New_Book 0 0 0 5196.66 14.901 554.3045925925926 108
# stats: dump at 1575975814
stats: users 423 448
stats: {freemem,"tsung_controller@ip-172-31-19-117"} 1 375447.171875 0.0 375552.04296875 375413.19140625 375513.0285326087 23
stats: {load,"tsung_controller@ip-172-31-19-117"} 1 0.0390625 0.0 0.19140625 0.0 0.05332880434782609 23
stats: {recvpackets,"tsung_controller@ip-172-31-19-117"} 1 3732.0 0.0 6844 10 1373.409090909091 22
stats: {sentpackets,"tsung_controller@ip-172-31-19-117"} 1 4466.0 0.0 4466 9 786.7272727272727 22
stats: {cpu,"tsung_controller@ip-172-31-19-117"} 1 0.1966558107109784 0.0 0.1966558107109784 0.0031229830734317418 0.05554443793118091 23
stats: session 26 16952.36411538462 3601.9581047243473 46365.769 4039.694 22028.974288888883 450
stats: users_count 48 899
stats: finish_users_count 26 476
stats: request 1251 1445.9816738609118 1746.6114959120055 9286.65 0.316 830.8491910934556 4783
stats: connect 59 0.9306610169491525 0.17311900581749254 15.436 0.588 1.0430988235294119 850
stats: page 1251 1445.9816738609118 1746.6114959120055 9286.65 0.316 838.5650002110145 4739
stats: tr_Initial_Get_Root 54 2741.586481481481 1476.213904888947 4939.046 1.066 973.1320922431867 477
stats: 302 188 1914
stats: tr_Redirect_Root 223 1658.8519103139001 1946.2013331834166 6681.252 0.397 1242.5839333333336 495
stats: 200 287 3179
stats: tr_Post_New_Comment_On_Post 44 781.2694318181819 1563.7011716274803 5049.993 0.404 671.2980735294116 136
stats: size_rcv 2245849 29660994
stats: tr_Get_Post 46 1964.1789565217396 2877.9354355595824 7589.247 0.567 1759.594152173913 138
stats: newphase 0 4
stats: tr_Redirect_To_Post 26 1348.7031538461536 2822.1444487193894 9293.26 0.548 804.1153536121669 263
stats: 502 678 841
stats: tr_Get_Root 12 2266.195833333333 1626.261025633177 3887.22 1.168 1130.1036067415732 89
stats: 422 83 84
stats: tr_Post_New_Comment_On_Comment 15 0.6944 0.10739261302963687 3449.439 0.53 308.3442196969696 132
stats: size_sent 629727 3143689
stats: tr_Get_Logout 11 1614.992545454546 1595.4479961337372 4668.55 0.443 606.3115263157895 57
stats: connected 18 417
stats: tr_Post_New_Post 14 0.5847857142857142 0.20826637427357594 2602.637 0.435 435.26677966101687 118
stats: 400 15 16
stats: tr_Get_New_Post 14 215.46907142857145 774.4870992294988 3007.922 0.482 386.47854237288135 118
stats: tr_Redirect_To_New_Post 3 0.6756666666666667 0.10036046144883062 2399.615 0.559 248.33117796610168 118
stats: tr_Get_Conversations 21 228.09371428571427 700.5425488584268 2838.243 0.45 844.5966739130434 46
stats: tr_Authenticate_User 244 7784.576565573768 3475.9254688861433 18856.752 90.761 5804.959007246376 552
stats: tr_Get_Login 12 1039.1494166666666 1239.9964657920373 2828.754 0.5 370.68288235294114 51
stats: tr_Post_Login 10 968.0288999999999 1188.903922077764 2592.026 0.631 480.5554081632652 49
stats: tr_Get_New_Conversation 13 1120.5519230769232 1430.5409494418786 3247.159 0.63 625.4876136363636 44
stats: tr_Post_New_Conversation 6 1228.9111666666665 1845.4346423438585 4770.492 0.77 813.5821363636364 44
stats: tr_Redirect_To_New_Conversation 0 0 0 2228.574 14.565 433.1257499999999 44
stats: tr_Redirect_To_Same_Conversation 0 0 0 1123.875 14.583 178.7384772727273 44
stats: tr_Reply_To_Conversation 0 0 0 2748.611 22.533 411.3419545454545 44
stats: tr_Get_New_Book 32 824.3767187499999 1231.426700353147 3364.284 0.433 454.7492631578948 114
stats: tr_Get_Book 22 1513.8065454545451 2533.102856550884 6514.013 0.404 1313.8714705882348 119
stats: tr_Post_New_Book 22 951.730090909091 1277.2933453113376 3280.608 0.49 483.60467889908256 109
stats: tr_Redirect_To_New_Book 8 548.118 1448.4944172456276 5196.66 0.568 554.3045925925926 108
# stats: dump at 1575975824
stats: users 317 448
stats: {freemem,"tsung_controller@ip-172-31-19-117"} 1 375398.1171875 0.0 375552.04296875 375398.1171875 375510.2845052083 24
stats: {load,"tsung_controller@ip-172-31-19-117"} 1 0.03125 0.0 0.19140625 0.0 0.052734375 24
stats: {recvpackets,"tsung_controller@ip-172-31-19-117"} 1 3933.0 0.0 6844 10 1475.9565217391305 23
stats: {sentpackets,"tsung_controller@ip-172-31-19-117"} 1 2940.0 0.0 4466 9 946.695652173913 23
stats: {cpu,"tsung_controller@ip-172-31-19-117"} 1 0.19251782090639472 0.0 0.1966558107109784 0.0031229830734317418 0.061424078463672475 24
stats: session 106 23527.93465094339 4403.645506529009 46365.769 4039.694 21751.68045588235 476
stats: users_count 0 899
stats: finish_users_count 106 582
stats: request 1012 1947.2848162055316 1365.7801096567687 9286.65 0.316 958.3816299303943 6034
stats: tr_Initial_Get_Root 0 0 0 4939.046 1.066 1152.9749114877588 531
stats: connect 25 0.8891600000000001 0.13132941178578386 15.436 0.588 1.035800880088009 909
stats: page 1003 1960.7414955134573 1371.6233161608395 9286.65 0.316 965.4228063439062 5990
stats: 302 287 2201
stats: tr_Redirect_Root 160 2120.695268749999 1326.4581653283713 6681.252 0.397 1371.8705055710304 718
stats: 200 434 3613
stats: tr_Post_New_Comment_On_Post 60 1489.0527000000006 993.4269157336687 5049.993 0.404 698.179961111111 180
stats: size_rcv 5998728 35659722
stats: tr_Get_Post 66 3240.051212121212 2030.6481043860265 7589.247 0.54 1810.7403532608694 184
stats: newphase 0 4
stats: tr_Redirect_To_Post 82 2568.974646341463 1774.20336117155 9293.26 0.548 853.1094117647054 289
stats: 502 198 1039
stats: tr_Get_Root 0 0 0 3887.22 1.168 1265.0848613861388 101
stats: 422 62 146
stats: tr_Post_New_Comment_On_Comment 43 780.1176511627907 1031.5550825036044 3449.439 0.402 276.9513809523809 147
stats: size_sent 506835 3650524
stats: tr_Get_Logout 18 1546.308388888889 780.3833485708689 4668.55 0.443 769.4805147058823 68
stats: connected -97 320
stats: tr_Post_New_Post 44 1295.2940681818184 793.4879682072977 2602.637 0.435 389.16414393939385 132
stats: 400 24 40
stats: tr_Get_New_Post 59 1410.3158305084748 632.4905021394783 3007.922 0.482 368.34117424242424 132
stats: 404 7 7
stats: tr_Redirect_To_New_Post 19 2569.2018947368424 1754.6640454525727 6112.983 0.458 242.19095867768593 121
stats: tr_Get_Conversations 25 1603.6791199999998 760.3635091486345 3356.731 0.45 651.3644029850747 67
stats: tr_Authenticate_User 98 10859.76308163265 3095.305341447101 19279.303 90.761 6411.776449748742 796
stats: tr_Get_Login 19 1321.879052631579 756.0374007386334 2828.754 0.5 498.0098412698412 63
stats: tr_Post_Login 15 1332.7408000000003 878.2066354134201 2775.758 0.625 563.178033898305 59
stats: tr_Get_New_Conversation 25 1589.9208 955.2846700986258 3397.387 0.503 738.3970175438598 57
stats: tr_Post_New_Conversation 19 2058.6358947368417 1179.1258453460523 4770.492 0.558 863.42162 50
stats: tr_Redirect_To_New_Conversation 14 1567.8405714285716 913.2478758766673 2946.653 0.615 433.1257499999999 44
stats: tr_Redirect_To_Same_Conversation 6 1306.141 610.1466997334876 1837.123 0.581 178.7384772727273 44
stats: tr_Reply_To_Conversation 9 1279.4255555555555 467.6027171882157 2748.611 0.628 411.3419545454545 44
stats: tr_Get_New_Book 47 1533.4734468085107 856.0125556699933 3364.284 0.433 535.7635 146
stats: tr_Get_Book 67 2593.9885522388067 1344.0019292213776 6514.013 0.404 1345.0670141843968 141
stats: tr_Post_New_Book 49 1588.2479387755102 718.176043058667 3280.608 0.49 562.2211603053435 131
stats: tr_Redirect_To_New_Book 32 2126.0976875000006 1243.0215218719675 5196.66 0.392 553.8779310344828 116
# stats: dump at 1575975834
stats: users 74 448
stats: {freemem,"tsung_controller@ip-172-31-19-117"} 1 375357.37109375 0.0 375552.04296875 375357.37109375 375505.7978125 25
stats: {load,"tsung_controller@ip-172-31-19-117"} 1 0.109375 0.0 0.19140625 0.0 0.051875 25
stats: {recvpackets,"tsung_controller@ip-172-31-19-117"} 1 7129.0 0.0 7129 10 1578.3333333333333 24
stats: {sentpackets,"tsung_controller@ip-172-31-19-117"} 1 3638.0 0.0 4466 9 1029.75 24
stats: {cpu,"tsung_controller@ip-172-31-19-117"} 1 0.22896155527340092 0.0 0.22896155527340092 0.0031229830734317418 0.06666782816138137 25
stats: session 243 30819.000185185185 4875.761464508732 46365.769 4039.694 22075.190670103086 582
stats: users_count 0 899
stats: finish_users_count 243 825
stats: request 715 1518.8819188811171 1019.5838035911986 9286.65 0.316 1100.4154114391138 7046
stats: connect 18 1.006777777777778 0.13770885372793473 15.436 0.588 1.0318758029978587 934
stats: tr_Initial_Get_Root 0 0 0 4939.046 1.066 1152.9749114877588 531
stats: page 681 1600.644370044053 1034.111751866601 9286.65 0.316 1108.180513370513 6993
stats: 302 251 2452
stats: tr_Redirect_Root 19 1869.4526315789476 409.5540196735458 6681.252 0.397 1508.3305990888377 878
stats: 200 411 4024
stats: tr_Post_New_Comment_On_Post 27 1611.1115555555557 529.4059867817846 5049.993 0.404 895.8981458333334 240
stats: size_rcv 6926325 42586047
stats: tr_Get_Post 17 3174.2661176470583 881.2298250053982 7589.247 0.54 2188.07842 250
stats: newphase 0 4
stats: tr_Redirect_To_Post 130 2304.079115384617 1039.3730071712591 9293.26 0.548 1232.3572533692718 371
stats: 502 0 1039
stats: tr_Get_Root 0 0 0 3887.22 1.168 1265.0848613861388 101
stats: 422 19 165
stats: tr_Post_New_Comment_On_Comment 60 907.7060999999998 796.4092398005499 3449.439 0.402 390.82585263157887 190
stats: size_sent 304488 3955012
stats: tr_Get_Logout 2 1821.2585000000001 529.6265000000001 4668.55 0.443 932.0723953488373 86
stats: connected -241 79
stats: tr_Post_New_Post 50 1225.8138599999997 528.3778080277788 2602.637 0.435 615.696625 176
stats: 400 14 54
stats: tr_Get_New_Post 35 1121.2403428571427 475.9931984435397 3007.922 0.482 690.2076910994766 191
stats: 404 20 27
stats: tr_Redirect_To_New_Post 71 1773.5012957746476 1161.8398384208494 6112.983 0.458 557.9995857142857 140
stats: tr_Get_Conversations 9 1140.0994444444443 470.48608879401667 3356.731 0.45 910.1455760869565 92
stats: tr_Authenticate_User 5 13324.2712 3050.105310687184 19279.303 90.761 6899.363351230423 894
stats: tr_Get_Login 6 1015.1653333333333 492.90995079448555 2828.754 0.5 688.9063658536585 82
stats: tr_Post_Login 13 1275.5811538461535 388.4744517770952 2775.758 0.625 719.1704864864864 74
stats: tr_Get_New_Conversation 19 1036.7585263157896 691.2449145648185 3397.387 0.503 998.0079268292684 82
stats: tr_Post_New_Conversation 30 1430.0757999999998 853.2474525572441 4770.492 0.558 1192.5385942028986 69
stats: tr_Redirect_To_New_Conversation 33 866.4054242424243 818.698076024442 2946.653 0.615 707.0224310344828 58
stats: tr_Redirect_To_Same_Conversation 37 617.2723243243241 673.3785751744724 2243.294 0.581 314.02678000000003 50
stats: tr_Reply_To_Conversation 34 800.3352352941178 963.247367273728 3253.016 0.628 558.7523773584905 53
stats: tr_Get_New_Book 19 1102.9376315789473 498.79277331522735 3364.284 0.433 778.7291347150259 193
stats: tr_Get_Book 20 2403.6108 595.5102794190542 6514.013 0.404 1747.363855769231 208
stats: tr_Post_New_Book 29 1157.377448275862 511.0714792593266 3280.608 0.49 841.5284499999999 180
stats: tr_Redirect_To_New_Book 49 1731.3505510204081 837.9209688980113 5196.66 0.392 893.817337837838 148
# stats: dump at 1575975844
stats: users 4 448
stats: {freemem,"tsung_controller@ip-172-31-19-117"} 1 375380.9765625 0.0 375552.04296875 375357.37109375 375500.08909254806 26
stats: {load,"tsung_controller@ip-172-31-19-117"} 1 0.08984375 0.0 0.19140625 0.0 0.054086538461538464 26
stats: {recvpackets,"tsung_controller@ip-172-31-19-117"} 1 6115.0 0.0 7129 10 1800.36 25
stats: {sentpackets,"tsung_controller@ip-172-31-19-117"} 1 2381.0 0.0 4466 9 1134.08 25
stats: {cpu,"tsung_controller@ip-172-31-19-117"} 1 0.1415708114297611 0.0 0.22896155527340092 0.0031229830734317418 0.07290989458876673 26
stats: session 70 37017.755757142855 4032.121757558511 46365.769 4039.694 24650.64001818181 825
stats: users_count 0 899
stats: finish_users_count 70 895
stats: request 138 34.93361594202899 40.741812780334925 9286.65 0.316 1138.9676022419783 7761
stats: connect 4 0.9554999999999999 0.13112684698413216 15.436 0.588 1.0314012605042018 952
stats: page 124 38.89733870967746 42.42800702611255 9286.65 0.316 1151.8823489705496 7674
stats: tr_Initial_Get_Root 0 0 0 4939.046 1.066 1152.9749114877588 531
stats: 302 44 2496
stats: tr_Redirect_Root 2 14.307500000000001 1.7485000000000013 6681.252 0.397 1515.9797837235226 897
stats: 200 84 4108
stats: tr_Post_New_Comment_On_Post 0 0 0 5049.993 0.404 968.2230973782773 267
stats: size_rcv 1596472 44182519
stats: tr_Get_Post 0 0 0 7589.247 0.54 2250.8693970037452 267
stats: newphase 0 4
stats: tr_Redirect_To_Post 33 75.7908484848485 34.702842878149454 9293.26 0.548 1510.4487544910182 501
stats: 502 0 1039
stats: tr_Get_Root 0 0 0 3887.22 1.168 1265.0848613861388 101
stats: 422 1 166
stats: tr_Post_New_Comment_On_Comment 17 9.770117647058823 5.093834368567009 3449.439 0.402 514.8771119999999 250
stats: size_sent 76064 4031076
stats: tr_Get_Logout 0 0 0 4668.55 0.443 952.2811704545456 88
stats: connected -75 4
stats: tr_Post_New_Post 3 6.6883333333333335 2.362696529156652 2602.637 0.435 750.6783141592921 226
stats: 400 3 57
stats: tr_Get_New_Post 3 8.654333333333334 3.1813977361461045 3007.922 0.482 756.9605353982301 226
stats: 404 6 33
stats: tr_Redirect_To_New_Post 15 61.159666666666666 66.11233785980411 6112.983 0.458 967.00727014218 211
stats: tr_Get_Conversations 0 0 0 3356.731 0.45 930.6365148514851 101
stats: tr_Authenticate_User 0 0 0 19279.303 90.761 6935.09698776418 899
stats: tr_Get_Login 0 0 0 2828.754 0.5 711.1512954545453 88
stats: tr_Post_Login 1 127.569 0.0 2775.758 0.625 802.3123103448274 87
stats: tr_Get_New_Conversation 0 0 0 3397.387 0.503 1005.2976435643565 101
stats: tr_Post_New_Conversation 2 11.724 8.171 4770.492 0.558 1264.5195656565656 99
stats: tr_Redirect_To_New_Conversation 10 16.911300000000004 18.127229744503158 2946.653 0.615 764.8206593406593 91
stats: tr_Redirect_To_Same_Conversation 14 12.643214285714285 10.497762449878623 2243.294 0.581 442.9932758620689 87
stats: tr_Reply_To_Conversation 14 23.556 20.617915714944893 3253.016 0.628 653.1640689655173 87
stats: tr_Get_New_Book 2 7.606 0.0860000000000003 3364.284 0.433 807.7855566037736 212
stats: tr_Get_Book 1 23.173 0.0 6514.013 0.404 1804.9293771929827 228
stats: tr_Post_New_Book 5 7.371 1.9087779336528385 3280.608 0.49 885.3543875598085 209
stats: tr_Redirect_To_New_Book 16 18.745375 10.395101718327483 5196.66 0.392 1102.1377817258883 197
# stats: dump at 1575975851
stats: users 0 448
stats: {freemem,"tsung_controller@ip-172-31-19-117"} 1 375420.36328125 0.0 375552.04296875 375357.37109375 375495.6775173611 27
stats: {load,"tsung_controller@ip-172-31-19-117"} 1 0.078125 0.0 0.19140625 0.0 0.05541087962962963 27
stats: {recvpackets,"tsung_controller@ip-172-31-19-117"} 1 937.0 0.0 7129 10 1966.3076923076924 26
stats: {sentpackets,"tsung_controller@ip-172-31-19-117"} 1 425.0 0.0 4466 9 1182.0384615384614 26
stats: {cpu,"tsung_controller@ip-172-31-19-117"} 1 0.03330835206928137 0.0 0.22896155527340092 0.0031229830734317418 0.07545289150880355 27
stats: session 4 50488.2515 4629.593777818661 58174.278 4039.694 25617.9004670391 895
stats: users_count 0 899
stats: finish_users_count 4 899
stats: request 4 10.054499999999999 0.264309004765256 9286.65 0.316 1119.679503734649 7899
stats: connect 0 0 0 15.436 0.588 1.0310836820083684 956
stats: page 4 10.054499999999999 0.264309004765256 9286.65 0.316 1134.184203129007 7798
stats: tr_Initial_Get_Root 0 0 0 4939.046 1.066 1152.9749114877588 531
stats: 302 0 2496
stats: tr_Redirect_Root 0 0 0 6681.252 0.397 1512.6390222469406 899
stats: 200 4 4112
stats: tr_Post_New_Comment_On_Post 0 0 0 5049.993 0.404 968.2230973782773 267
stats: size_rcv 12585 44195104
stats: tr_Get_Post 0 0 0 7589.247 0.54 2250.8693970037452 267
stats: newphase 0 4
stats: tr_Redirect_To_Post 0 0 0 9293.26 0.548 1421.7901198501875 534
stats: 502 0 1039
stats: tr_Get_Root 0 0 0 3887.22 1.168 1265.0848613861388 101
stats: 422 0 166
stats: tr_Post_New_Comment_On_Comment 0 0 0 3449.439 0.402 482.71674157303363 267
stats: size_sent 2202 4033278
stats: tr_Get_Logout 0 0 0 4668.55 0.443 952.2811704545456 88
stats: connected -4 0
stats: tr_Post_New_Post 0 0 0 2602.637 0.435 740.9317205240175 229
stats: 400 0 57
stats: tr_Get_New_Post 0 0 0 3007.922 0.482 747.1573973799126 229
stats: 404 0 33
stats: tr_Redirect_To_New_Post 3 10.095333333333333 0.14030047121169073 6112.983 0.458 906.8846415929203 226
stats: tr_Get_Conversations 0 0 0 3356.731 0.45 930.6365148514851 101
stats: tr_Authenticate_User 0 0 0 19279.303 90.761 6935.09698776418 899
stats: tr_Get_Login 0 0 0 2828.754 0.5 711.1512954545453 88
stats: tr_Post_Login 0 0 0 2775.758 0.625 794.6447727272727 88
stats: tr_Get_New_Conversation 0 0 0 3397.387 0.503 1005.2976435643565 101
stats: tr_Post_New_Conversation 0 0 0 4770.492 0.558 1239.7117326732673 101
stats: tr_Redirect_To_New_Conversation 0 0 0 2946.653 0.615 690.7702277227722 101
stats: tr_Redirect_To_Same_Conversation 0 0 0 2243.294 0.581 383.34079207920786 101
stats: tr_Reply_To_Conversation 0 0 0 3253.016 0.628 565.8916633663367 101
stats: tr_Get_New_Book 0 0 0 3364.284 0.433 800.3072429906542 214
stats: tr_Get_Book 0 0 0 6514.013 0.404 1797.148781659389 229
stats: tr_Post_New_Book 0 0 0 3280.608 0.49 864.8407570093458 214
stats: tr_Redirect_To_New_Book 1 10.598 0.0 5196.66 0.392 1020.756192488263 213
EndMonitor:{1575,975851,685530}
