
=INFO REPORT==== 10-Dec-2019::10:59:34 ===
    ts_config_server:(5:<0.102.0>) Config server started, logdir is "/home/ec2-user/.tsung/log/20191210-1059"
 
=INFO REPORT==== 10-Dec-2019::10:59:34 ===
              ts_mon:(5:<0.83.0>) starting monitor, global 

=INFO REPORT==== 10-Dec-2019::10:59:34 ===
           ts_config:(5:<0.102.0>) Reading config file: no-abort.xml

=INFO REPORT==== 10-Dec-2019::10:59:34 ===
           ts_config:(5:<0.102.0>) Session name for id 1 is "Register-Logout-Login"

=INFO REPORT==== 10-Dec-2019::10:59:34 ===
           ts_config:(5:<0.102.0>) Session name for id 2 is "Create-Book"

=INFO REPORT==== 10-Dec-2019::10:59:34 ===
           ts_config:(5:<0.102.0>) Session name for id 3 is "Create-Post"

=INFO REPORT==== 10-Dec-2019::10:59:34 ===
           ts_config:(5:<0.102.0>) Session name for id 4 is "Add_Comment"

=INFO REPORT==== 10-Dec-2019::10:59:34 ===
           ts_config:(5:<0.102.0>) Session name for id 5 is "Send-Message"

=INFO REPORT==== 10-Dec-2019::10:59:34 ===
    ts_config_server:(4:<0.102.0>) SYSINFO:Tsung version: 1.7.0

=INFO REPORT==== 10-Dec-2019::10:59:34 ===
    ts_config_server:(4:<0.102.0>) SYSINFO:Erlang version: Erlang/OTP 20 [erts-9.1] [source] [64-bit] [smp:96:96] [ds:96:96:10] [async-threads:8] [hipe] [kernel-poll:true]


=INFO REPORT==== 10-Dec-2019::10:59:34 ===
    ts_config_server:(4:<0.102.0>) SYSINFO:System architecture x86_64-unknown-linux-gnu

=INFO REPORT==== 10-Dec-2019::10:59:34 ===
    ts_config_server:(4:<0.102.0>) SYSINFO:Current path: /usr/local/lib/tsung/tsung-1.7.0/ebin/tsung.beam

=INFO REPORT==== 10-Dec-2019::10:59:34 ===
              ts_mon:(5:<0.103.0>) Activate clients with text backend

=INFO REPORT==== 10-Dec-2019::10:59:34 ===
              ts_mon:(5:<0.103.0>) Starting tsung clients on hosts: [localhost]

=INFO REPORT==== 10-Dec-2019::10:59:34 ===
    ts_config_server:(5:<0.102.0>) Start a launcher on the controller beam localhost

=INFO REPORT==== 10-Dec-2019::10:59:34 ===
  ts_launcher_static:(5:<0.154.0>) Launch msg receive ("localhost")

=INFO REPORT==== 10-Dec-2019::10:59:34 ===
         ts_launcher:(5:<0.155.0>) Launch msg receive ("localhost")

=INFO REPORT==== 10-Dec-2019::10:59:34 ===
    ts_config_server:(5:<0.102.0>) New arrival phase 1 for client "localhost" (last ? true): will start 30 users

=INFO REPORT==== 10-Dec-2019::10:59:34 ===
    ts_config_server:(5:<0.102.0>) New arrival phase 2 for client "localhost" (last ? true): will start 60 users

=INFO REPORT==== 10-Dec-2019::10:59:34 ===
    ts_config_server:(5:<0.102.0>) New arrival phase 3 for client "localhost" (last ? true): will start 120 users

=INFO REPORT==== 10-Dec-2019::10:59:34 ===
    ts_config_server:(5:<0.102.0>) New arrival phase 4 for client "localhost" (last ? true): will start 240 users

=INFO REPORT==== 10-Dec-2019::10:59:34 ===
    ts_config_server:(5:<0.102.0>) New arrival phase 5 for client "localhost" (last ? true): will start 480 users

=INFO REPORT==== 10-Dec-2019::10:59:34 ===
         ts_launcher:(5:<0.155.0>) Expected duration of first phase: 15.0 sec (30 users) 

=INFO REPORT==== 10-Dec-2019::10:59:34 ===
         ts_launcher:(5:<0.155.0>) Activate launcher (30 users) in 1094 msec 

=INFO REPORT==== 10-Dec-2019::10:59:50 ===
         ts_launcher:(4:<0.155.0>) Need to wait 0.184 sec before changing phase, going to sleep

=INFO REPORT==== 10-Dec-2019::10:59:50 ===
         ts_launcher:(5:<0.155.0>) Waking up

=INFO REPORT==== 10-Dec-2019::10:59:50 ===
         ts_launcher:(5:<0.155.0>) Wait for all sessions to finish before starting next phase (still 28 sessions active)
=INFO REPORT==== 10-Dec-2019::10:59:55 ===
         ts_launcher:(5:<0.155.0>) Wait for all sessions to finish before starting next phase (still 25 sessions active)
=INFO REPORT==== 10-Dec-2019::11:00:00 ===
         ts_launcher:(5:<0.155.0>) Wait for all sessions to finish before starting next phase (still 12 sessions active)
=INFO REPORT==== 10-Dec-2019::11:00:05 ===
         ts_launcher:(5:<0.155.0>) Wait for all sessions to finish before starting next phase (still 8 sessions active)
=INFO REPORT==== 10-Dec-2019::11:00:10 ===
         ts_launcher:(5:<0.155.0>) Wait for all sessions to finish before starting next phase (still 3 sessions active)
=INFO REPORT==== 10-Dec-2019::11:00:15 ===
         ts_launcher:(5:<0.155.0>) Wait for all sessions to finish before starting next phase (still 2 sessions active)
=INFO REPORT==== 10-Dec-2019::11:00:20 ===
         ts_launcher:(5:<0.155.0>) Wait for all sessions to finish before starting next phase (still 1 sessions active)
=INFO REPORT==== 10-Dec-2019::11:00:25 ===
         ts_launcher:(5:<0.155.0>) Wait for all sessions to finish before starting next phase (still 1 sessions active)
=INFO REPORT==== 10-Dec-2019::11:00:30 ===
         ts_launcher:(5:<0.155.0>) Wait for all sessions to finish before starting next phase (still 1 sessions active)
=INFO REPORT==== 10-Dec-2019::11:00:35 ===
         ts_launcher:(5:<0.155.0>) Start a new arrival phase (60 users, 0.004); expected duration=15.0 sec

=INFO REPORT==== 10-Dec-2019::11:00:51 ===
         ts_launcher:(5:<0.155.0>) Wait for all sessions to finish before starting next phase (still 51 sessions active)
=INFO REPORT==== 10-Dec-2019::11:00:56 ===
         ts_launcher:(5:<0.155.0>) Wait for all sessions to finish before starting next phase (still 37 sessions active)
=INFO REPORT==== 10-Dec-2019::11:01:01 ===
         ts_launcher:(5:<0.155.0>) Wait for all sessions to finish before starting next phase (still 23 sessions active)
=INFO REPORT==== 10-Dec-2019::11:01:06 ===
         ts_launcher:(5:<0.155.0>) Wait for all sessions to finish before starting next phase (still 14 sessions active)
=INFO REPORT==== 10-Dec-2019::11:01:11 ===
         ts_launcher:(5:<0.155.0>) Wait for all sessions to finish before starting next phase (still 6 sessions active)
=INFO REPORT==== 10-Dec-2019::11:01:16 ===
         ts_launcher:(5:<0.155.0>) Wait for all sessions to finish before starting next phase (still 3 sessions active)
=INFO REPORT==== 10-Dec-2019::11:01:21 ===
         ts_launcher:(5:<0.155.0>) Start a new arrival phase (120 users, 0.008); expected duration=15.0 sec

=INFO REPORT==== 10-Dec-2019::11:01:35 ===
         ts_launcher:(4:<0.155.0>) Need to wait 0.259 sec before changing phase, going to sleep

=INFO REPORT==== 10-Dec-2019::11:01:36 ===
         ts_launcher:(5:<0.155.0>) Waking up

=INFO REPORT==== 10-Dec-2019::11:01:36 ===
         ts_launcher:(5:<0.155.0>) Wait for all sessions to finish before starting next phase (still 108 sessions active)
=INFO REPORT==== 10-Dec-2019::11:01:41 ===
         ts_launcher:(5:<0.155.0>) Wait for all sessions to finish before starting next phase (still 81 sessions active)
=INFO REPORT==== 10-Dec-2019::11:01:46 ===
         ts_launcher:(5:<0.155.0>) Wait for all sessions to finish before starting next phase (still 56 sessions active)
=INFO REPORT==== 10-Dec-2019::11:01:51 ===
         ts_launcher:(5:<0.155.0>) Wait for all sessions to finish before starting next phase (still 20 sessions active)
=INFO REPORT==== 10-Dec-2019::11:01:56 ===
         ts_launcher:(5:<0.155.0>) Wait for all sessions to finish before starting next phase (still 6 sessions active)
=INFO REPORT==== 10-Dec-2019::11:02:01 ===
         ts_launcher:(5:<0.155.0>) Wait for all sessions to finish before starting next phase (still 3 sessions active)
=INFO REPORT==== 10-Dec-2019::11:02:06 ===
         ts_launcher:(5:<0.155.0>) Wait for all sessions to finish before starting next phase (still 1 sessions active)
=INFO REPORT==== 10-Dec-2019::11:02:11 ===
         ts_launcher:(5:<0.155.0>) Start a new arrival phase (240 users, 0.016); expected duration=15.0 sec

=INFO REPORT==== 10-Dec-2019::11:02:25 ===
         ts_launcher:(4:<0.155.0>) Need to wait 0.934 sec before changing phase, going to sleep

=INFO REPORT==== 10-Dec-2019::11:02:26 ===
         ts_launcher:(5:<0.155.0>) Waking up

=INFO REPORT==== 10-Dec-2019::11:02:26 ===
         ts_launcher:(5:<0.155.0>) Wait for all sessions to finish before starting next phase (still 237 sessions active)
=INFO REPORT==== 10-Dec-2019::11:02:31 ===
         ts_launcher:(5:<0.155.0>) Wait for all sessions to finish before starting next phase (still 234 sessions active)
=INFO REPORT==== 10-Dec-2019::11:02:36 ===
         ts_launcher:(5:<0.155.0>) Wait for all sessions to finish before starting next phase (still 222 sessions active)
=INFO REPORT==== 10-Dec-2019::11:02:41 ===
         ts_launcher:(5:<0.155.0>) Wait for all sessions to finish before starting next phase (still 189 sessions active)
=INFO REPORT==== 10-Dec-2019::11:02:46 ===
         ts_launcher:(5:<0.155.0>) Wait for all sessions to finish before starting next phase (still 86 sessions active)
=INFO REPORT==== 10-Dec-2019::11:02:51 ===
         ts_launcher:(5:<0.155.0>) Wait for all sessions to finish before starting next phase (still 27 sessions active)
=INFO REPORT==== 10-Dec-2019::11:02:56 ===
         ts_launcher:(5:<0.155.0>) Wait for all sessions to finish before starting next phase (still 11 sessions active)
=INFO REPORT==== 10-Dec-2019::11:03:01 ===
         ts_launcher:(5:<0.155.0>) Wait for all sessions to finish before starting next phase (still 2 sessions active)
=INFO REPORT==== 10-Dec-2019::11:03:06 ===
         ts_launcher:(5:<0.155.0>) Wait for all sessions to finish before starting next phase (still 1 sessions active)
=INFO REPORT==== 10-Dec-2019::11:03:11 ===
         ts_launcher:(5:<0.155.0>) Start a new arrival phase (480 users, 0.032); expected duration=15.0 sec

=INFO REPORT==== 10-Dec-2019::11:03:21 ===
           ts_search:(5:<0.836.0>) Dyn Var (RE): no Match (varname=authenticity_token), 

=INFO REPORT==== 10-Dec-2019::11:03:21 ===
           ts_search:(5:<0.887.0>) Dyn Var (RE): no Match (varname=authenticity_token), 

=INFO REPORT==== 10-Dec-2019::11:03:21 ===
           ts_search:(5:<0.893.0>) Dyn Var (RE): no Match (varname=authenticity_token), 

=INFO REPORT==== 10-Dec-2019::11:03:21 ===
           ts_search:(5:<0.687.0>) Dyn Var (RE): no Match (varname=authenticity_token), 

=INFO REPORT==== 10-Dec-2019::11:03:21 ===
           ts_search:(5:<0.877.0>) Dyn Var (RE): no Match (varname=authenticity_token), 

=INFO REPORT==== 10-Dec-2019::11:03:22 ===
           ts_search:(5:<0.842.0>) Dyn Var (RE): no Match (varname=authenticity_token), 

=INFO REPORT==== 10-Dec-2019::11:03:22 ===
           ts_search:(5:<0.923.0>) Dyn Var (RE): no Match (varname=authenticity_token), 

=INFO REPORT==== 10-Dec-2019::11:03:22 ===
           ts_search:(5:<0.1013.0>) Dyn Var (RE): no Match (varname=authenticity_token), 

=INFO REPORT==== 10-Dec-2019::11:03:22 ===
           ts_search:(5:<0.884.0>) Dyn Var (RE): no Match (varname=authenticity_token), 

=INFO REPORT==== 10-Dec-2019::11:03:22 ===
           ts_search:(5:<0.995.0>) Dyn Var (RE): no Match (varname=authenticity_token), 

=INFO REPORT==== 10-Dec-2019::11:03:22 ===
           ts_search:(5:<0.1015.0>) Dyn Var (RE): no Match (varname=authenticity_token), 

=INFO REPORT==== 10-Dec-2019::11:03:22 ===
           ts_search:(5:<0.1020.0>) Dyn Var (RE): no Match (varname=authenticity_token), 

=INFO REPORT==== 10-Dec-2019::11:03:22 ===
           ts_search:(5:<0.750.0>) Dyn Var (RE): no Match (varname=authenticity_token), 

=INFO REPORT==== 10-Dec-2019::11:03:22 ===
           ts_search:(5:<0.1027.0>) Dyn Var (RE): no Match (varname=authenticity_token), 

=INFO REPORT==== 10-Dec-2019::11:03:22 ===
           ts_search:(5:<0.734.0>) Dyn Var: no Match (varname=authenticity_token), 

=INFO REPORT==== 10-Dec-2019::11:03:22 ===
           ts_search:(5:<0.734.0>) Dyn Var (RE): no Match (varname=redirect_post), 

=INFO REPORT==== 10-Dec-2019::11:03:23 ===
           ts_search:(5:<0.709.0>) Dyn Var (RE): no Match (varname=authenticity_token), 

=INFO REPORT==== 10-Dec-2019::11:03:23 ===
           ts_search:(5:<0.1033.0>) Dyn Var (RE): no Match (varname=authenticity_token), 

=INFO REPORT==== 10-Dec-2019::11:03:23 ===
           ts_search:(5:<0.944.0>) Dyn Var (RE): no Match (varname=authenticity_token), 

=INFO REPORT==== 10-Dec-2019::11:03:23 ===
           ts_search:(5:<0.924.0>) Dyn Var (RE): no Match (varname=authenticity_token), 

=INFO REPORT==== 10-Dec-2019::11:03:23 ===
           ts_search:(5:<0.736.0>) Dyn Var: no Match (varname=authenticity_token), 

=INFO REPORT==== 10-Dec-2019::11:03:23 ===
           ts_search:(5:<0.736.0>) Dyn Var (RE): no Match (varname=redirect_post), 

=INFO REPORT==== 10-Dec-2019::11:03:23 ===
           ts_search:(5:<0.794.0>) Dyn Var (RE): no Match (varname=authenticity_token), 

=INFO REPORT==== 10-Dec-2019::11:03:23 ===
           ts_search:(5:<0.822.0>) Dyn Var: no Match (varname=authenticity_token), 

=INFO REPORT==== 10-Dec-2019::11:03:23 ===
           ts_search:(5:<0.822.0>) Dyn Var (RE): no Match (varname=redirect_post), 

=INFO REPORT==== 10-Dec-2019::11:03:23 ===
           ts_search:(5:<0.746.0>) Dyn Var: no Match (varname=authenticity_token), 

=INFO REPORT==== 10-Dec-2019::11:03:23 ===
           ts_search:(5:<0.746.0>) Dyn Var (RE): no Match (varname=redirect_post), 

=INFO REPORT==== 10-Dec-2019::11:03:23 ===
           ts_search:(5:<0.1034.0>) Dyn Var (RE): no Match (varname=authenticity_token), 

=INFO REPORT==== 10-Dec-2019::11:03:23 ===
           ts_search:(5:<0.936.0>) Dyn Var (RE): no Match (varname=authenticity_token), 

=INFO REPORT==== 10-Dec-2019::11:03:23 ===
           ts_search:(5:<0.1039.0>) Dyn Var (RE): no Match (varname=authenticity_token), 

=INFO REPORT==== 10-Dec-2019::11:03:23 ===
           ts_search:(5:<0.704.0>) Dyn Var (RE): no Match (varname=authenticity_token), 

=INFO REPORT==== 10-Dec-2019::11:03:23 ===
           ts_search:(5:<0.774.0>) Dyn Var: no Match (varname=authenticity_token), 

=INFO REPORT==== 10-Dec-2019::11:03:23 ===
           ts_search:(5:<0.774.0>) Dyn Var (RE): no Match (varname=redirect_post), 

=INFO REPORT==== 10-Dec-2019::11:03:23 ===
           ts_search:(5:<0.940.0>) Dyn Var (RE): no Match (varname=authenticity_token), 

=INFO REPORT==== 10-Dec-2019::11:03:23 ===
           ts_search:(5:<0.1051.0>) Dyn Var (RE): no Match (varname=authenticity_token), 

=INFO REPORT==== 10-Dec-2019::11:03:23 ===
           ts_search:(5:<0.1052.0>) Dyn Var (RE): no Match (varname=authenticity_token), 

=INFO REPORT==== 10-Dec-2019::11:03:23 ===
           ts_search:(5:<0.822.0>) Dyn Var: no Match (varname=first_comment_path), 

=INFO REPORT==== 10-Dec-2019::11:03:23 ===
           ts_search:(5:<0.822.0>) Dyn Var: no Match (varname=authenticity_token), 

=INFO REPORT==== 10-Dec-2019::11:03:23 ===
           ts_search:(5:<0.679.0>) Dyn Var (RE): no Match (varname=authenticity_token), 

=INFO REPORT==== 10-Dec-2019::11:03:23 ===
           ts_search:(5:<0.927.0>) Dyn Var (RE): no Match (varname=authenticity_token), 

=INFO REPORT==== 10-Dec-2019::11:03:23 ===
           ts_search:(5:<0.714.0>) Dyn Var (RE): no Match (varname=authenticity_token), 

=INFO REPORT==== 10-Dec-2019::11:03:23 ===
           ts_search:(5:<0.929.0>) Dyn Var (RE): no Match (varname=authenticity_token), 

=INFO REPORT==== 10-Dec-2019::11:03:23 ===
           ts_search:(5:<0.714.0>) Dyn Var (RE): no Match (varname=book_id), 

=INFO REPORT==== 10-Dec-2019::11:03:23 ===
           ts_search:(5:<0.763.0>) Dyn Var (RE): no Match (varname=authenticity_token), 

=INFO REPORT==== 10-Dec-2019::11:03:24 ===
           ts_search:(5:<0.1031.0>) Dyn Var (RE): no Match (varname=authenticity_token), 

=INFO REPORT==== 10-Dec-2019::11:03:24 ===
           ts_search:(5:<0.897.0>) Dyn Var (RE): no Match (varname=authenticity_token), 

=INFO REPORT==== 10-Dec-2019::11:03:24 ===
           ts_search:(5:<0.1059.0>) Dyn Var (RE): no Match (varname=authenticity_token), 

=INFO REPORT==== 10-Dec-2019::11:03:24 ===
           ts_search:(5:<0.937.0>) Dyn Var (RE): no Match (varname=authenticity_token), 

=INFO REPORT==== 10-Dec-2019::11:03:24 ===
           ts_search:(5:<0.1050.0>) Dyn Var (RE): no Match (varname=authenticity_token), 

=INFO REPORT==== 10-Dec-2019::11:03:24 ===
           ts_search:(5:<0.1071.0>) Dyn Var (RE): no Match (varname=authenticity_token), 

=INFO REPORT==== 10-Dec-2019::11:03:24 ===
           ts_search:(5:<0.899.0>) Dyn Var (RE): no Match (varname=authenticity_token), 

=INFO REPORT==== 10-Dec-2019::11:03:24 ===
           ts_search:(5:<0.864.0>) Dyn Var (RE): no Match (varname=authenticity_token), 

=INFO REPORT==== 10-Dec-2019::11:03:24 ===
           ts_search:(5:<0.960.0>) Dyn Var (RE): no Match (varname=authenticity_token), 

=INFO REPORT==== 10-Dec-2019::11:03:24 ===
           ts_search:(5:<0.997.0>) Dyn Var (RE): no Match (varname=authenticity_token), 

=INFO REPORT==== 10-Dec-2019::11:03:24 ===
           ts_search:(5:<0.966.0>) Dyn Var (RE): no Match (varname=authenticity_token), 

=INFO REPORT==== 10-Dec-2019::11:03:24 ===
           ts_search:(5:<0.671.0>) Dyn Var (RE): no Match (varname=authenticity_token), 

=INFO REPORT==== 10-Dec-2019::11:03:24 ===
           ts_search:(5:<0.838.0>) Dyn Var (RE): no Match (varname=authenticity_token), 

=INFO REPORT==== 10-Dec-2019::11:03:24 ===
           ts_search:(5:<0.1085.0>) Dyn Var (RE): no Match (varname=authenticity_token), 

=INFO REPORT==== 10-Dec-2019::11:03:24 ===
           ts_search:(5:<0.945.0>) Dyn Var (RE): no Match (varname=authenticity_token), 

=INFO REPORT==== 10-Dec-2019::11:03:24 ===
           ts_search:(5:<0.963.0>) Dyn Var (RE): no Match (varname=authenticity_token), 

=INFO REPORT==== 10-Dec-2019::11:03:24 ===
           ts_search:(5:<0.1089.0>) Dyn Var (RE): no Match (varname=authenticity_token), 

=INFO REPORT==== 10-Dec-2019::11:03:24 ===
           ts_search:(5:<0.974.0>) Dyn Var (RE): no Match (varname=authenticity_token), 

=INFO REPORT==== 10-Dec-2019::11:03:24 ===
           ts_search:(5:<0.707.0>) Dyn Var (RE): no Match (varname=authenticity_token), 

=INFO REPORT==== 10-Dec-2019::11:03:24 ===
           ts_search:(5:<0.717.0>) Dyn Var (RE): no Match (varname=authenticity_token), 

=INFO REPORT==== 10-Dec-2019::11:03:24 ===
           ts_search:(5:<0.961.0>) Dyn Var (RE): no Match (varname=authenticity_token), 

=INFO REPORT==== 10-Dec-2019::11:03:24 ===
           ts_search:(5:<0.965.0>) Dyn Var (RE): no Match (varname=authenticity_token), 

=INFO REPORT==== 10-Dec-2019::11:03:24 ===
           ts_search:(5:<0.1092.0>) Dyn Var (RE): no Match (varname=authenticity_token), 

=INFO REPORT==== 10-Dec-2019::11:03:24 ===
           ts_search:(5:<0.1093.0>) Dyn Var (RE): no Match (varname=authenticity_token), 

=INFO REPORT==== 10-Dec-2019::11:03:25 ===
           ts_search:(5:<0.1095.0>) Dyn Var (RE): no Match (varname=authenticity_token), 

=INFO REPORT==== 10-Dec-2019::11:03:25 ===
           ts_search:(5:<0.958.0>) Dyn Var (RE): no Match (varname=authenticity_token), 

=INFO REPORT==== 10-Dec-2019::11:03:25 ===
           ts_search:(5:<0.832.0>) Dyn Var: no Match (varname=authenticity_token), 

=INFO REPORT==== 10-Dec-2019::11:03:25 ===
           ts_search:(5:<0.832.0>) Dyn Var (RE): no Match (varname=redirect_post), 

=INFO REPORT==== 10-Dec-2019::11:03:25 ===
           ts_search:(5:<0.704.0>) Dyn Var (RE): no Match (varname=book_id), 

=INFO REPORT==== 10-Dec-2019::11:03:25 ===
           ts_search:(5:<0.1077.0>) Dyn Var (RE): no Match (varname=authenticity_token), 

=INFO REPORT==== 10-Dec-2019::11:03:25 ===
           ts_search:(5:<0.943.0>) Dyn Var (RE): no Match (varname=authenticity_token), 

=INFO REPORT==== 10-Dec-2019::11:03:25 ===
           ts_search:(5:<0.1061.0>) Dyn Var (RE): no Match (varname=authenticity_token), 

=INFO REPORT==== 10-Dec-2019::11:03:25 ===
           ts_search:(5:<0.1075.0>) Dyn Var (RE): no Match (varname=authenticity_token), 

=INFO REPORT==== 10-Dec-2019::11:03:25 ===
           ts_search:(5:<0.1063.0>) Dyn Var (RE): no Match (varname=authenticity_token), 

=INFO REPORT==== 10-Dec-2019::11:03:25 ===
           ts_search:(5:<0.1111.0>) Dyn Var (RE): no Match (varname=authenticity_token), 

=INFO REPORT==== 10-Dec-2019::11:03:25 ===
           ts_search:(5:<0.978.0>) Dyn Var (RE): no Match (varname=authenticity_token), 

=INFO REPORT==== 10-Dec-2019::11:03:25 ===
           ts_search:(5:<0.1121.0>) Dyn Var (RE): no Match (varname=authenticity_token), 

=INFO REPORT==== 10-Dec-2019::11:03:25 ===
           ts_search:(5:<0.980.0>) Dyn Var (RE): no Match (varname=authenticity_token), 

=INFO REPORT==== 10-Dec-2019::11:03:25 ===
           ts_search:(5:<0.918.0>) Dyn Var (RE): no Match (varname=authenticity_token), 

=INFO REPORT==== 10-Dec-2019::11:03:25 ===
           ts_search:(5:<0.713.0>) Dyn Var (RE): no Match (varname=authenticity_token), 

=INFO REPORT==== 10-Dec-2019::11:03:25 ===
           ts_search:(5:<0.750.0>) Dyn Var (RE): no Match (varname=book_id), 

=INFO REPORT==== 10-Dec-2019::11:03:25 ===
           ts_search:(5:<0.709.0>) Dyn Var (RE): no Match (varname=book_id), 

=INFO REPORT==== 10-Dec-2019::11:03:26 ===
           ts_search:(5:<0.973.0>) Dyn Var (RE): no Match (varname=authenticity_token), 

=INFO REPORT==== 10-Dec-2019::11:03:26 ===
           ts_search:(5:<0.1126.0>) Dyn Var (RE): no Match (varname=authenticity_token), 

=INFO REPORT==== 10-Dec-2019::11:03:26 ===
           ts_search:(5:<0.832.0>) Dyn Var: no Match (varname=first_comment_path), 

=INFO REPORT==== 10-Dec-2019::11:03:26 ===
           ts_search:(5:<0.832.0>) Dyn Var: no Match (varname=authenticity_token), 

=INFO REPORT==== 10-Dec-2019::11:03:26 ===
           ts_search:(5:<0.987.0>) Dyn Var: no Match (varname=authenticity_token), 

=INFO REPORT==== 10-Dec-2019::11:03:26 ===
           ts_search:(5:<0.987.0>) Dyn Var (RE): no Match (varname=redirect_post), 

=INFO REPORT==== 10-Dec-2019::11:03:26 ===
           ts_search:(5:<0.1055.0>) Dyn Var (RE): no Match (varname=authenticity_token), 

=INFO REPORT==== 10-Dec-2019::11:03:26 ===
           ts_search:(5:<0.693.0>) Dyn Var (RE): no Match (varname=authenticity_token), 

=INFO REPORT==== 10-Dec-2019::11:03:26 ===
           ts_search:(5:<0.1109.0>) Dyn Var (RE): no Match (varname=authenticity_token), 

=INFO REPORT==== 10-Dec-2019::11:03:26 ===
         ts_launcher:(5:<0.155.0>) Phase duration exceeded, but not all users were launched (31 users, 6.5% of phase)

=INFO REPORT==== 10-Dec-2019::11:03:26 ===
         ts_launcher:(5:<0.155.0>) This was the last phase, wait for connected users to finish their session

=INFO REPORT==== 10-Dec-2019::11:03:26 ===
           ts_search:(5:<0.1036.0>) Dyn Var (RE): no Match (varname=authenticity_token), 

=INFO REPORT==== 10-Dec-2019::11:03:26 ===
           ts_search:(5:<0.1048.0>) Dyn Var (RE): no Match (varname=authenticity_token), 

=INFO REPORT==== 10-Dec-2019::11:03:26 ===
           ts_search:(5:<0.895.0>) Dyn Var (RE): no Match (varname=authenticity_token), 

=INFO REPORT==== 10-Dec-2019::11:03:26 ===
           ts_search:(5:<0.1025.0>) Dyn Var (RE): no Match (varname=authenticity_token), 

=INFO REPORT==== 10-Dec-2019::11:03:26 ===
           ts_search:(5:<0.946.0>) Dyn Var (RE): no Match (varname=authenticity_token), 

=INFO REPORT==== 10-Dec-2019::11:03:26 ===
           ts_search:(5:<0.1018.0>) Dyn Var (RE): no Match (varname=authenticity_token), 

=INFO REPORT==== 10-Dec-2019::11:03:26 ===
           ts_search:(5:<0.1108.0>) Dyn Var (RE): no Match (varname=authenticity_token), 

=INFO REPORT==== 10-Dec-2019::11:03:26 ===
           ts_search:(5:<0.1056.0>) Dyn Var (RE): no Match (varname=authenticity_token), 

=INFO REPORT==== 10-Dec-2019::11:03:26 ===
           ts_search:(5:<0.876.0>) Dyn Var (RE): no Match (varname=authenticity_token), 

=INFO REPORT==== 10-Dec-2019::11:03:26 ===
           ts_search:(5:<0.1035.0>) Dyn Var (RE): no Match (varname=authenticity_token), 

=INFO REPORT==== 10-Dec-2019::11:03:26 ===
           ts_search:(5:<0.742.0>) Dyn Var: no Match (varname=authenticity_token), 

=INFO REPORT==== 10-Dec-2019::11:03:26 ===
           ts_search:(5:<0.742.0>) Dyn Var (RE): no Match (varname=redirect_post), 

=INFO REPORT==== 10-Dec-2019::11:03:26 ===
           ts_search:(5:<0.987.0>) Dyn Var: no Match (varname=first_comment_path), 

=INFO REPORT==== 10-Dec-2019::11:03:26 ===
           ts_search:(5:<0.987.0>) Dyn Var: no Match (varname=authenticity_token), 

=INFO REPORT==== 10-Dec-2019::11:03:26 ===
           ts_search:(5:<0.760.0>) Dyn Var (RE): no Match (varname=authenticity_token), 

=INFO REPORT==== 10-Dec-2019::11:03:26 ===
           ts_search:(5:<0.742.0>) Dyn Var: no Match (varname=first_comment_path), 

=INFO REPORT==== 10-Dec-2019::11:03:26 ===
           ts_search:(5:<0.742.0>) Dyn Var: no Match (varname=authenticity_token), 

=INFO REPORT==== 10-Dec-2019::11:03:26 ===
           ts_search:(5:<0.998.0>) Dyn Var (RE): no Match (varname=authenticity_token), 

=INFO REPORT==== 10-Dec-2019::11:03:26 ===
           ts_search:(5:<0.925.0>) Dyn Var (RE): no Match (varname=authenticity_token), 

=INFO REPORT==== 10-Dec-2019::11:03:26 ===
           ts_search:(5:<0.926.0>) Dyn Var (RE): no Match (varname=authenticity_token), 

=INFO REPORT==== 10-Dec-2019::11:03:26 ===
           ts_search:(5:<0.1106.0>) Dyn Var (RE): no Match (varname=authenticity_token), 

=INFO REPORT==== 10-Dec-2019::11:03:26 ===
           ts_search:(5:<0.889.0>) Dyn Var (RE): no Match (varname=authenticity_token), 

=INFO REPORT==== 10-Dec-2019::11:03:26 ===
           ts_search:(5:<0.898.0>) Dyn Var: no Match (varname=authenticity_token), 

=INFO REPORT==== 10-Dec-2019::11:03:26 ===
           ts_search:(5:<0.898.0>) Dyn Var (RE): no Match (varname=redirect_post), 

=INFO REPORT==== 10-Dec-2019::11:03:26 ===
           ts_search:(5:<0.1073.0>) Dyn Var (RE): no Match (varname=authenticity_token), 

=INFO REPORT==== 10-Dec-2019::11:03:26 ===
           ts_search:(5:<0.782.0>) Dyn Var (RE): no Match (varname=authenticity_token), 

=INFO REPORT==== 10-Dec-2019::11:03:26 ===
           ts_search:(5:<0.756.0>) Dyn Var (RE): no Match (varname=authenticity_token), 

=INFO REPORT==== 10-Dec-2019::11:03:26 ===
           ts_search:(5:<0.756.0>) Dyn Var (RE): no Match (varname=post_id), 

=INFO REPORT==== 10-Dec-2019::11:03:26 ===
           ts_search:(5:<0.776.0>) Dyn Var: no Match (varname=authenticity_token), 

=INFO REPORT==== 10-Dec-2019::11:03:26 ===
           ts_search:(5:<0.776.0>) Dyn Var (RE): no Match (varname=redirect_post), 

=INFO REPORT==== 10-Dec-2019::11:03:27 ===
           ts_search:(5:<0.677.0>) Dyn Var: no Match (varname=authenticity_token), 

=INFO REPORT==== 10-Dec-2019::11:03:27 ===
           ts_search:(5:<0.677.0>) Dyn Var (RE): no Match (varname=redirect_post), 

=INFO REPORT==== 10-Dec-2019::11:03:27 ===
           ts_search:(5:<0.975.0>) Dyn Var (RE): no Match (varname=authenticity_token), 

=INFO REPORT==== 10-Dec-2019::11:03:27 ===
           ts_search:(5:<0.1096.0>) Dyn Var (RE): no Match (varname=authenticity_token), 

=INFO REPORT==== 10-Dec-2019::11:03:27 ===
           ts_search:(5:<0.982.0>) Dyn Var (RE): no Match (varname=authenticity_token), 

=INFO REPORT==== 10-Dec-2019::11:03:27 ===
           ts_search:(5:<0.700.0>) Dyn Var (RE): no Match (varname=authenticity_token), 

=INFO REPORT==== 10-Dec-2019::11:03:27 ===
           ts_search:(5:<0.1042.0>) Dyn Var (RE): no Match (varname=authenticity_token), 

=INFO REPORT==== 10-Dec-2019::11:03:27 ===
           ts_search:(5:<0.1057.0>) Dyn Var (RE): no Match (varname=authenticity_token), 

=INFO REPORT==== 10-Dec-2019::11:03:27 ===
           ts_search:(5:<0.739.0>) Dyn Var (RE): no Match (varname=authenticity_token), 

=INFO REPORT==== 10-Dec-2019::11:03:27 ===
           ts_search:(5:<0.989.0>) Dyn Var (RE): no Match (varname=authenticity_token), 

=INFO REPORT==== 10-Dec-2019::11:03:27 ===
           ts_search:(5:<0.757.0>) Dyn Var (RE): no Match (varname=authenticity_token), 

=INFO REPORT==== 10-Dec-2019::11:03:27 ===
           ts_search:(5:<0.776.0>) Dyn Var: no Match (varname=first_comment_path), 

=INFO REPORT==== 10-Dec-2019::11:03:27 ===
           ts_search:(5:<0.776.0>) Dyn Var: no Match (varname=authenticity_token), 

=INFO REPORT==== 10-Dec-2019::11:03:27 ===
           ts_search:(5:<0.1043.0>) Dyn Var (RE): no Match (varname=authenticity_token), 

=INFO REPORT==== 10-Dec-2019::11:03:27 ===
           ts_search:(5:<0.1082.0>) Dyn Var (RE): no Match (varname=authenticity_token), 

=INFO REPORT==== 10-Dec-2019::11:03:27 ===
           ts_search:(5:<0.993.0>) Dyn Var (RE): no Match (varname=authenticity_token), 

=INFO REPORT==== 10-Dec-2019::11:03:27 ===
           ts_search:(5:<0.988.0>) Dyn Var (RE): no Match (varname=authenticity_token), 

=INFO REPORT==== 10-Dec-2019::11:03:27 ===
           ts_search:(5:<0.1072.0>) Dyn Var (RE): no Match (varname=authenticity_token), 

=INFO REPORT==== 10-Dec-2019::11:03:27 ===
           ts_search:(5:<0.796.0>) Dyn Var (RE): no Match (varname=authenticity_token), 

=INFO REPORT==== 10-Dec-2019::11:03:27 ===
           ts_search:(5:<0.1127.0>) Dyn Var (RE): no Match (varname=authenticity_token), 

=INFO REPORT==== 10-Dec-2019::11:03:27 ===
           ts_search:(5:<0.754.0>) Dyn Var (RE): no Match (varname=authenticity_token), 

=INFO REPORT==== 10-Dec-2019::11:03:27 ===
           ts_search:(5:<0.754.0>) Dyn Var (RE): no Match (varname=post_id), 

=INFO REPORT==== 10-Dec-2019::11:03:27 ===
           ts_search:(5:<0.696.0>) Dyn Var: no Match (varname=first_comment_path), 

=INFO REPORT==== 10-Dec-2019::11:03:27 ===
           ts_search:(5:<0.696.0>) Dyn Var: no Match (varname=authenticity_token), 

=INFO REPORT==== 10-Dec-2019::11:03:27 ===
           ts_search:(5:<0.1044.0>) Dyn Var (RE): no Match (varname=authenticity_token), 

=INFO REPORT==== 10-Dec-2019::11:03:27 ===
           ts_search:(5:<0.870.0>) Dyn Var: no Match (varname=authenticity_token), 

=INFO REPORT==== 10-Dec-2019::11:03:27 ===
           ts_search:(5:<0.870.0>) Dyn Var (RE): no Match (varname=redirect_post), 

=INFO REPORT==== 10-Dec-2019::11:03:28 ===
           ts_search:(5:<0.1040.0>) Dyn Var (RE): no Match (varname=authenticity_token), 

=INFO REPORT==== 10-Dec-2019::11:03:28 ===
           ts_search:(5:<0.915.0>) Dyn Var (RE): no Match (varname=authenticity_token), 

=INFO REPORT==== 10-Dec-2019::11:03:28 ===
           ts_search:(5:<0.996.0>) Dyn Var (RE): no Match (varname=authenticity_token), 

=INFO REPORT==== 10-Dec-2019::11:03:28 ===
           ts_search:(5:<0.684.0>) Dyn Var (RE): no Match (varname=authenticity_token), 

=INFO REPORT==== 10-Dec-2019::11:03:28 ===
           ts_search:(5:<0.1060.0>) Dyn Var (RE): no Match (varname=authenticity_token), 

=INFO REPORT==== 10-Dec-2019::11:03:28 ===
           ts_search:(5:<0.681.0>) Dyn Var (RE): no Match (varname=authenticity_token), 

=INFO REPORT==== 10-Dec-2019::11:03:28 ===
           ts_search:(5:<0.727.0>) Dyn Var (RE): no Match (varname=post_id), 

=INFO REPORT==== 10-Dec-2019::11:03:28 ===
           ts_search:(5:<0.1067.0>) Dyn Var (RE): no Match (varname=authenticity_token), 

=INFO REPORT==== 10-Dec-2019::11:03:28 ===
           ts_search:(5:<0.809.0>) Dyn Var (RE): no Match (varname=authenticity_token), 

=INFO REPORT==== 10-Dec-2019::11:03:28 ===
           ts_search:(5:<0.1074.0>) Dyn Var (RE): no Match (varname=authenticity_token), 

=INFO REPORT==== 10-Dec-2019::11:03:29 ===
           ts_search:(5:<0.869.0>) Dyn Var: no Match (varname=authenticity_token), 

=INFO REPORT==== 10-Dec-2019::11:03:29 ===
           ts_search:(5:<0.869.0>) Dyn Var (RE): no Match (varname=redirect_post), 

=INFO REPORT==== 10-Dec-2019::11:03:29 ===
           ts_search:(5:<0.1024.0>) Dyn Var (RE): no Match (varname=authenticity_token), 

=INFO REPORT==== 10-Dec-2019::11:03:29 ===
           ts_search:(5:<0.1079.0>) Dyn Var (RE): no Match (varname=authenticity_token), 

=INFO REPORT==== 10-Dec-2019::11:03:29 ===
           ts_search:(5:<0.1076.0>) Dyn Var (RE): no Match (varname=authenticity_token), 

=INFO REPORT==== 10-Dec-2019::11:03:29 ===
           ts_search:(5:<0.870.0>) Dyn Var: no Match (varname=first_comment_path), 

=INFO REPORT==== 10-Dec-2019::11:03:29 ===
           ts_search:(5:<0.870.0>) Dyn Var: no Match (varname=authenticity_token), 

=INFO REPORT==== 10-Dec-2019::11:03:29 ===
           ts_search:(5:<0.869.0>) Dyn Var: no Match (varname=first_comment_path), 

=INFO REPORT==== 10-Dec-2019::11:03:29 ===
           ts_search:(5:<0.869.0>) Dyn Var: no Match (varname=authenticity_token), 

=INFO REPORT==== 10-Dec-2019::11:03:29 ===
           ts_search:(5:<0.1104.0>) Dyn Var (RE): no Match (varname=authenticity_token), 

=INFO REPORT==== 10-Dec-2019::11:03:29 ===
           ts_search:(5:<0.1115.0>) Dyn Var (RE): no Match (varname=authenticity_token), 

=INFO REPORT==== 10-Dec-2019::11:03:29 ===
           ts_search:(5:<0.698.0>) Dyn Var (RE): no Match (varname=authenticity_token), 

=INFO REPORT==== 10-Dec-2019::11:03:29 ===
           ts_search:(5:<0.1068.0>) Dyn Var (RE): no Match (varname=authenticity_token), 

=INFO REPORT==== 10-Dec-2019::11:03:29 ===
           ts_search:(5:<0.991.0>) Dyn Var (RE): no Match (varname=authenticity_token), 

=INFO REPORT==== 10-Dec-2019::11:03:29 ===
           ts_search:(5:<0.1125.0>) Dyn Var (RE): no Match (varname=authenticity_token), 

=INFO REPORT==== 10-Dec-2019::11:03:29 ===
           ts_search:(5:<0.753.0>) Dyn Var (RE): no Match (varname=authenticity_token), 

=INFO REPORT==== 10-Dec-2019::11:03:29 ===
           ts_search:(5:<0.753.0>) Dyn Var (RE): no Match (varname=post_id), 

=INFO REPORT==== 10-Dec-2019::11:03:29 ===
           ts_search:(5:<0.691.0>) Dyn Var (RE): no Match (varname=book_id), 

=INFO REPORT==== 10-Dec-2019::11:03:29 ===
           ts_search:(5:<0.681.0>) Dyn Var (RE): no Match (varname=book_id), 

=INFO REPORT==== 10-Dec-2019::11:03:29 ===
           ts_search:(5:<0.955.0>) Dyn Var (RE): no Match (varname=authenticity_token), 

=INFO REPORT==== 10-Dec-2019::11:03:29 ===
           ts_search:(5:<0.955.0>) Dyn Var (RE): no Match (varname=post_id), 

=INFO REPORT==== 10-Dec-2019::11:03:29 ===
           ts_search:(5:<0.1099.0>) Dyn Var (RE): no Match (varname=authenticity_token), 

=INFO REPORT==== 10-Dec-2019::11:03:29 ===
           ts_search:(5:<0.846.0>) Dyn Var (RE): no Match (varname=authenticity_token), 

=INFO REPORT==== 10-Dec-2019::11:03:30 ===
           ts_search:(5:<0.853.0>) Dyn Var: no Match (varname=authenticity_token), 

=INFO REPORT==== 10-Dec-2019::11:03:30 ===
           ts_search:(5:<0.853.0>) Dyn Var (RE): no Match (varname=redirect_post), 

=INFO REPORT==== 10-Dec-2019::11:03:30 ===
           ts_search:(5:<0.758.0>) Dyn Var (RE): no Match (varname=authenticity_token), 

=INFO REPORT==== 10-Dec-2019::11:03:30 ===
           ts_search:(5:<0.1113.0>) Dyn Var (RE): no Match (varname=authenticity_token), 

=INFO REPORT==== 10-Dec-2019::11:03:30 ===
           ts_search:(5:<0.1014.0>) Dyn Var (RE): no Match (varname=authenticity_token), 

=INFO REPORT==== 10-Dec-2019::11:03:30 ===
           ts_search:(5:<0.1100.0>) Dyn Var (RE): no Match (varname=authenticity_token), 

=INFO REPORT==== 10-Dec-2019::11:03:30 ===
           ts_search:(5:<0.767.0>) Dyn Var: no Match (varname=authenticity_token), 

=INFO REPORT==== 10-Dec-2019::11:03:30 ===
           ts_search:(5:<0.767.0>) Dyn Var (RE): no Match (varname=redirect_post), 

=INFO REPORT==== 10-Dec-2019::11:03:30 ===
           ts_search:(5:<0.863.0>) Dyn Var (RE): no Match (varname=authenticity_token), 

=INFO REPORT==== 10-Dec-2019::11:03:30 ===
           ts_search:(5:<0.782.0>) Dyn Var (RE): no Match (varname=book_id), 

=INFO REPORT==== 10-Dec-2019::11:03:30 ===
           ts_search:(5:<0.796.0>) Dyn Var (RE): no Match (varname=book_id), 

=INFO REPORT==== 10-Dec-2019::11:03:30 ===
           ts_search:(5:<0.1053.0>) Dyn Var (RE): no Match (varname=authenticity_token), 

=INFO REPORT==== 10-Dec-2019::11:03:30 ===
           ts_search:(5:<0.823.0>) Dyn Var: no Match (varname=authenticity_token), 

=INFO REPORT==== 10-Dec-2019::11:03:30 ===
           ts_search:(5:<0.823.0>) Dyn Var (RE): no Match (varname=redirect_post), 

=INFO REPORT==== 10-Dec-2019::11:03:30 ===
           ts_search:(5:<0.674.0>) Dyn Var (RE): no Match (varname=authenticity_token), 

=INFO REPORT==== 10-Dec-2019::11:03:30 ===
           ts_search:(5:<0.674.0>) Dyn Var (RE): no Match (varname=post_id), 

=INFO REPORT==== 10-Dec-2019::11:03:30 ===
           ts_search:(5:<0.1080.0>) Dyn Var (RE): no Match (varname=authenticity_token), 

=INFO REPORT==== 10-Dec-2019::11:03:30 ===
           ts_search:(5:<0.823.0>) Dyn Var: no Match (varname=first_comment_path), 

=INFO REPORT==== 10-Dec-2019::11:03:30 ===
           ts_search:(5:<0.823.0>) Dyn Var: no Match (varname=authenticity_token), 

=INFO REPORT==== 10-Dec-2019::11:03:30 ===
           ts_search:(5:<0.842.0>) Dyn Var (RE): no Match (varname=authenticity_token), 

=INFO REPORT==== 10-Dec-2019::11:03:30 ===
           ts_search:(5:<0.899.0>) Dyn Var (RE): no Match (varname=authenticity_token), 

=INFO REPORT==== 10-Dec-2019::11:03:30 ===
           ts_search:(5:<0.1086.0>) Dyn Var (RE): no Match (varname=authenticity_token), 

=INFO REPORT==== 10-Dec-2019::11:03:30 ===
           ts_search:(5:<0.734.0>) Dyn Var: no Match (varname=first_comment_path), 

=INFO REPORT==== 10-Dec-2019::11:03:30 ===
           ts_search:(5:<0.734.0>) Dyn Var: no Match (varname=authenticity_token), 

=INFO REPORT==== 10-Dec-2019::11:03:31 ===
           ts_search:(5:<0.846.0>) Dyn Var (RE): no Match (varname=book_id), 

=INFO REPORT==== 10-Dec-2019::11:03:31 ===
           ts_search:(5:<0.1091.0>) Dyn Var (RE): no Match (varname=authenticity_token), 

=INFO REPORT==== 10-Dec-2019::11:03:31 ===
           ts_search:(5:<0.1123.0>) Dyn Var (RE): no Match (varname=authenticity_token), 

=INFO REPORT==== 10-Dec-2019::11:03:31 ===
           ts_search:(5:<0.842.0>) Dyn Var (RE): no Match (varname=book_id), 

=INFO REPORT==== 10-Dec-2019::11:03:31 ===
           ts_search:(5:<0.983.0>) Dyn Var (RE): no Match (varname=authenticity_token), 

=INFO REPORT==== 10-Dec-2019::11:03:31 ===
           ts_search:(5:<0.891.0>) Dyn Var: no Match (varname=authenticity_token), 

=INFO REPORT==== 10-Dec-2019::11:03:31 ===
           ts_search:(5:<0.891.0>) Dyn Var (RE): no Match (varname=redirect_post), 

=INFO REPORT==== 10-Dec-2019::11:03:31 ===
           ts_search:(5:<0.735.0>) Dyn Var (RE): no Match (varname=redirect_post), 

=INFO REPORT==== 10-Dec-2019::11:03:31 ===
           ts_search:(5:<0.798.0>) Dyn Var (RE): no Match (varname=authenticity_token), 

=INFO REPORT==== 10-Dec-2019::11:03:31 ===
           ts_search:(5:<0.1087.0>) Dyn Var (RE): no Match (varname=authenticity_token), 

=INFO REPORT==== 10-Dec-2019::11:03:31 ===
           ts_search:(5:<0.854.0>) Dyn Var (RE): no Match (varname=authenticity_token), 

=INFO REPORT==== 10-Dec-2019::11:03:31 ===
           ts_search:(5:<0.887.0>) Dyn Var (RE): no Match (varname=authenticity_token), 

=INFO REPORT==== 10-Dec-2019::11:03:31 ===
           ts_search:(5:<0.730.0>) Dyn Var: no Match (varname=first_comment_path), 

=INFO REPORT==== 10-Dec-2019::11:03:31 ===
           ts_search:(5:<0.730.0>) Dyn Var: no Match (varname=authenticity_token), 

=INFO REPORT==== 10-Dec-2019::11:03:31 ===
           ts_search:(5:<0.743.0>) Dyn Var (RE): no Match (varname=authenticity_token), 

=INFO REPORT==== 10-Dec-2019::11:03:31 ===
           ts_search:(5:<0.684.0>) Dyn Var (RE): no Match (varname=convo_id), 

=INFO REPORT==== 10-Dec-2019::11:03:31 ===
           ts_search:(5:<0.882.0>) Dyn Var: no Match (varname=authenticity_token), 

=INFO REPORT==== 10-Dec-2019::11:03:31 ===
           ts_search:(5:<0.882.0>) Dyn Var (RE): no Match (varname=redirect_post), 

=INFO REPORT==== 10-Dec-2019::11:03:31 ===
           ts_search:(5:<0.899.0>) Dyn Var (RE): no Match (varname=book_id), 

=INFO REPORT==== 10-Dec-2019::11:03:31 ===
           ts_search:(5:<0.672.0>) Dyn Var (RE): no Match (varname=authenticity_token), 

=INFO REPORT==== 10-Dec-2019::11:03:31 ===
           ts_search:(5:<0.672.0>) Dyn Var (RE): no Match (varname=post_id), 

=INFO REPORT==== 10-Dec-2019::11:03:31 ===
           ts_search:(5:<0.831.0>) Dyn Var (RE): no Match (varname=authenticity_token), 

=INFO REPORT==== 10-Dec-2019::11:03:31 ===
           ts_search:(5:<0.831.0>) Dyn Var (RE): no Match (varname=post_id), 

=INFO REPORT==== 10-Dec-2019::11:03:31 ===
           ts_search:(5:<0.1083.0>) Dyn Var (RE): no Match (varname=authenticity_token), 

=INFO REPORT==== 10-Dec-2019::11:03:31 ===
           ts_search:(5:<0.922.0>) Dyn Var (RE): no Match (varname=authenticity_token), 

=INFO REPORT==== 10-Dec-2019::11:03:31 ===
           ts_search:(5:<0.882.0>) Dyn Var: no Match (varname=first_comment_path), 

=INFO REPORT==== 10-Dec-2019::11:03:31 ===
           ts_search:(5:<0.882.0>) Dyn Var: no Match (varname=authenticity_token), 

=INFO REPORT==== 10-Dec-2019::11:03:31 ===
           ts_search:(5:<0.687.0>) Dyn Var (RE): no Match (varname=book_id), 

=INFO REPORT==== 10-Dec-2019::11:03:31 ===
           ts_search:(5:<0.949.0>) Dyn Var: no Match (varname=authenticity_token), 

=INFO REPORT==== 10-Dec-2019::11:03:31 ===
           ts_search:(5:<0.949.0>) Dyn Var (RE): no Match (varname=redirect_post), 

=INFO REPORT==== 10-Dec-2019::11:03:31 ===
           ts_search:(5:<0.1022.0>) Dyn Var: no Match (varname=authenticity_token), 

=INFO REPORT==== 10-Dec-2019::11:03:31 ===
           ts_search:(5:<0.1022.0>) Dyn Var (RE): no Match (varname=redirect_post), 

=INFO REPORT==== 10-Dec-2019::11:03:31 ===
           ts_search:(5:<0.737.0>) Dyn Var (RE): no Match (varname=authenticity_token), 

=INFO REPORT==== 10-Dec-2019::11:03:31 ===
           ts_search:(5:<0.737.0>) Dyn Var (RE): no Match (varname=post_id), 

=INFO REPORT==== 10-Dec-2019::11:03:31 ===
           ts_search:(5:<0.770.0>) Dyn Var (RE): no Match (varname=authenticity_token), 

=INFO REPORT==== 10-Dec-2019::11:03:31 ===
           ts_search:(5:<0.1117.0>) Dyn Var (RE): no Match (varname=authenticity_token), 

=INFO REPORT==== 10-Dec-2019::11:03:32 ===
           ts_search:(5:<0.760.0>) Dyn Var (RE): no Match (varname=book_id), 

=INFO REPORT==== 10-Dec-2019::11:03:32 ===
           ts_search:(5:<0.707.0>) Dyn Var (RE): no Match (varname=convo_id), 

=INFO REPORT==== 10-Dec-2019::11:03:32 ===
           ts_search:(5:<0.1028.0>) Dyn Var: no Match (varname=authenticity_token), 

=INFO REPORT==== 10-Dec-2019::11:03:32 ===
           ts_search:(5:<0.1028.0>) Dyn Var (RE): no Match (varname=redirect_post), 

=INFO REPORT==== 10-Dec-2019::11:03:32 ===
           ts_search:(5:<0.824.0>) Dyn Var: no Match (varname=authenticity_token), 

=INFO REPORT==== 10-Dec-2019::11:03:32 ===
           ts_search:(5:<0.824.0>) Dyn Var (RE): no Match (varname=redirect_post), 

=INFO REPORT==== 10-Dec-2019::11:03:32 ===
           ts_search:(5:<0.868.0>) Dyn Var (RE): no Match (varname=book_id), 

=INFO REPORT==== 10-Dec-2019::11:03:32 ===
           ts_search:(5:<0.907.0>) Dyn Var: no Match (varname=authenticity_token), 

=INFO REPORT==== 10-Dec-2019::11:03:32 ===
           ts_search:(5:<0.907.0>) Dyn Var (RE): no Match (varname=redirect_post), 

=INFO REPORT==== 10-Dec-2019::11:03:32 ===
           ts_search:(5:<0.808.0>) Dyn Var: no Match (varname=authenticity_token), 

=INFO REPORT==== 10-Dec-2019::11:03:32 ===
           ts_search:(5:<0.808.0>) Dyn Var (RE): no Match (varname=redirect_post), 

=INFO REPORT==== 10-Dec-2019::11:03:32 ===
           ts_search:(5:<0.700.0>) Dyn Var (RE): no Match (varname=book_id), 

=INFO REPORT==== 10-Dec-2019::11:03:32 ===
           ts_search:(5:<0.908.0>) Dyn Var: no Match (varname=authenticity_token), 

=INFO REPORT==== 10-Dec-2019::11:03:32 ===
           ts_search:(5:<0.1111.0>) Dyn Var: no Match (varname=authenticity_token), 

=INFO REPORT==== 10-Dec-2019::11:03:32 ===
           ts_search:(5:<0.908.0>) Dyn Var (RE): no Match (varname=redirect_post), 

=INFO REPORT==== 10-Dec-2019::11:03:32 ===
           ts_search:(5:<0.1111.0>) Dyn Var (RE): no Match (varname=redirect_post), 

=INFO REPORT==== 10-Dec-2019::11:03:32 ===
           ts_search:(5:<0.695.0>) Dyn Var (RE): no Match (varname=authenticity_token), 

=INFO REPORT==== 10-Dec-2019::11:03:32 ===
           ts_search:(5:<0.998.0>) Dyn Var (RE): no Match (varname=authenticity_token), 

=INFO REPORT==== 10-Dec-2019::11:03:32 ===
           ts_search:(5:<0.998.0>) Dyn Var (RE): no Match (varname=post_id), 

=INFO REPORT==== 10-Dec-2019::11:03:32 ===
           ts_search:(5:<0.908.0>) Dyn Var: no Match (varname=first_comment_path), 

=INFO REPORT==== 10-Dec-2019::11:03:32 ===
           ts_search:(5:<0.908.0>) Dyn Var: no Match (varname=authenticity_token), 

=INFO REPORT==== 10-Dec-2019::11:03:32 ===
           ts_search:(5:<0.884.0>) Dyn Var (RE): no Match (varname=authenticity_token), 

=INFO REPORT==== 10-Dec-2019::11:03:32 ===
           ts_search:(5:<0.863.0>) Dyn Var (RE): no Match (varname=book_id), 

=INFO REPORT==== 10-Dec-2019::11:03:32 ===
           ts_search:(5:<0.844.0>) Dyn Var (RE): no Match (varname=authenticity_token), 

=INFO REPORT==== 10-Dec-2019::11:03:32 ===
           ts_search:(5:<0.809.0>) Dyn Var (RE): no Match (varname=book_id), 

=INFO REPORT==== 10-Dec-2019::11:03:32 ===
           ts_search:(5:<0.945.0>) Dyn Var (RE): no Match (varname=authenticity_token), 

=INFO REPORT==== 10-Dec-2019::11:03:32 ===
           ts_search:(5:<0.758.0>) Dyn Var (RE): no Match (varname=book_id), 

=INFO REPORT==== 10-Dec-2019::11:03:32 ===
           ts_search:(5:<0.785.0>) Dyn Var (RE): no Match (varname=authenticity_token), 

=INFO REPORT==== 10-Dec-2019::11:03:32 ===
           ts_search:(5:<0.836.0>) Dyn Var (RE): no Match (varname=authenticity_token), 

=INFO REPORT==== 10-Dec-2019::11:03:33 ===
           ts_search:(5:<0.748.0>) Dyn Var (RE): no Match (varname=redirect_post), 

=INFO REPORT==== 10-Dec-2019::11:03:33 ===
           ts_search:(5:<0.1025.0>) Dyn Var (RE): no Match (varname=authenticity_token), 

=INFO REPORT==== 10-Dec-2019::11:03:33 ===
           ts_search:(5:<0.1059.0>) Dyn Var (RE): no Match (varname=authenticity_token), 

=INFO REPORT==== 10-Dec-2019::11:03:33 ===
           ts_search:(5:<0.990.0>) Dyn Var: no Match (varname=authenticity_token), 

=INFO REPORT==== 10-Dec-2019::11:03:33 ===
           ts_search:(5:<0.990.0>) Dyn Var (RE): no Match (varname=redirect_post), 

=INFO REPORT==== 10-Dec-2019::11:03:33 ===
           ts_search:(5:<0.871.0>) Dyn Var: no Match (varname=authenticity_token), 

=INFO REPORT==== 10-Dec-2019::11:03:33 ===
           ts_search:(5:<0.871.0>) Dyn Var (RE): no Match (varname=redirect_post), 

=INFO REPORT==== 10-Dec-2019::11:03:33 ===
           ts_search:(5:<0.1075.0>) Dyn Var (RE): no Match (varname=authenticity_token), 

=INFO REPORT==== 10-Dec-2019::11:03:33 ===
           ts_search:(5:<0.1075.0>) Dyn Var (RE): no Match (varname=post_id), 

=INFO REPORT==== 10-Dec-2019::11:03:33 ===
           ts_search:(5:<0.935.0>) Dyn Var (RE): no Match (varname=authenticity_token), 

=INFO REPORT==== 10-Dec-2019::11:03:33 ===
           ts_search:(5:<0.935.0>) Dyn Var (RE): no Match (varname=post_id), 

=INFO REPORT==== 10-Dec-2019::11:03:33 ===
           ts_search:(5:<0.1028.0>) Dyn Var: no Match (varname=first_comment_path), 

=INFO REPORT==== 10-Dec-2019::11:03:33 ===
           ts_search:(5:<0.1028.0>) Dyn Var: no Match (varname=authenticity_token), 

=INFO REPORT==== 10-Dec-2019::11:03:33 ===
           ts_search:(5:<0.767.0>) Dyn Var: no Match (varname=first_comment_path), 

=INFO REPORT==== 10-Dec-2019::11:03:33 ===
           ts_search:(5:<0.767.0>) Dyn Var: no Match (varname=authenticity_token), 

=INFO REPORT==== 10-Dec-2019::11:03:33 ===
           ts_search:(5:<0.780.0>) Dyn Var: no Match (varname=authenticity_token), 

=INFO REPORT==== 10-Dec-2019::11:03:33 ===
           ts_search:(5:<0.780.0>) Dyn Var (RE): no Match (varname=redirect_post), 

=INFO REPORT==== 10-Dec-2019::11:03:33 ===
           ts_search:(5:<0.875.0>) Dyn Var (RE): no Match (varname=book_id), 

=INFO REPORT==== 10-Dec-2019::11:03:33 ===
           ts_search:(5:<0.815.0>) Dyn Var: no Match (varname=authenticity_token), 

=INFO REPORT==== 10-Dec-2019::11:03:33 ===
           ts_search:(5:<0.815.0>) Dyn Var (RE): no Match (varname=redirect_post), 

=INFO REPORT==== 10-Dec-2019::11:03:33 ===
           ts_search:(5:<0.981.0>) Dyn Var (RE): no Match (varname=authenticity_token), 

=INFO REPORT==== 10-Dec-2019::11:03:33 ===
           ts_search:(5:<0.763.0>) Dyn Var (RE): no Match (varname=book_id), 

=INFO REPORT==== 10-Dec-2019::11:03:33 ===
           ts_search:(5:<0.891.0>) Dyn Var: no Match (varname=first_comment_path), 

=INFO REPORT==== 10-Dec-2019::11:03:33 ===
           ts_search:(5:<0.891.0>) Dyn Var: no Match (varname=authenticity_token), 

=INFO REPORT==== 10-Dec-2019::11:03:33 ===
           ts_search:(5:<0.770.0>) Dyn Var (RE): no Match (varname=book_id), 

=INFO REPORT==== 10-Dec-2019::11:03:33 ===
           ts_search:(5:<0.779.0>) Dyn Var (RE): no Match (varname=authenticity_token), 

=INFO REPORT==== 10-Dec-2019::11:03:33 ===
           ts_search:(5:<0.810.0>) Dyn Var (RE): no Match (varname=authenticity_token), 

=INFO REPORT==== 10-Dec-2019::11:03:33 ===
           ts_search:(5:<0.705.0>) Dyn Var: no Match (varname=first_comment_path), 

=INFO REPORT==== 10-Dec-2019::11:03:33 ===
           ts_search:(5:<0.705.0>) Dyn Var: no Match (varname=authenticity_token), 

=INFO REPORT==== 10-Dec-2019::11:03:33 ===
           ts_search:(5:<0.884.0>) Dyn Var (RE): no Match (varname=convo_id), 

=INFO REPORT==== 10-Dec-2019::11:03:33 ===
           ts_search:(5:<0.755.0>) Dyn Var (RE): no Match (varname=redirect_post), 

=INFO REPORT==== 10-Dec-2019::11:03:33 ===
           ts_search:(5:<0.1033.0>) Dyn Var: no Match (varname=authenticity_token), 

=INFO REPORT==== 10-Dec-2019::11:03:33 ===
           ts_search:(5:<0.1033.0>) Dyn Var (RE): no Match (varname=redirect_post), 

=INFO REPORT==== 10-Dec-2019::11:03:33 ===
           ts_search:(5:<0.883.0>) Dyn Var (RE): no Match (varname=authenticity_token), 

=INFO REPORT==== 10-Dec-2019::11:03:33 ===
           ts_search:(5:<0.1088.0>) Dyn Var (RE): no Match (varname=authenticity_token), 

=INFO REPORT==== 10-Dec-2019::11:03:33 ===
           ts_search:(5:<0.810.0>) Dyn Var (RE): no Match (varname=convo_id), 

=INFO REPORT==== 10-Dec-2019::11:03:34 ===
           ts_search:(5:<0.945.0>) Dyn Var (RE): no Match (varname=convo_id), 

=INFO REPORT==== 10-Dec-2019::11:03:34 ===
           ts_search:(5:<0.829.0>) Dyn Var (RE): no Match (varname=authenticity_token), 

=INFO REPORT==== 10-Dec-2019::11:03:34 ===
           ts_search:(5:<0.1025.0>) Dyn Var (RE): no Match (varname=book_id), 

=INFO REPORT==== 10-Dec-2019::11:03:34 ===
           ts_search:(5:<0.787.0>) Dyn Var: no Match (varname=authenticity_token), 

=INFO REPORT==== 10-Dec-2019::11:03:34 ===
           ts_search:(5:<0.787.0>) Dyn Var (RE): no Match (varname=redirect_post), 

=INFO REPORT==== 10-Dec-2019::11:03:34 ===
           ts_search:(5:<0.708.0>) Dyn Var (RE): no Match (varname=authenticity_token), 

=INFO REPORT==== 10-Dec-2019::11:03:34 ===
           ts_search:(5:<0.708.0>) Dyn Var (RE): no Match (varname=post_id), 

=INFO REPORT==== 10-Dec-2019::11:03:34 ===
           ts_search:(5:<0.733.0>) Dyn Var (RE): no Match (varname=redirect_post), 

=INFO REPORT==== 10-Dec-2019::11:03:34 ===
           ts_search:(5:<0.1004.0>) Dyn Var: no Match (varname=authenticity_token), 

=INFO REPORT==== 10-Dec-2019::11:03:34 ===
           ts_search:(5:<0.1004.0>) Dyn Var (RE): no Match (varname=redirect_post), 

=INFO REPORT==== 10-Dec-2019::11:03:34 ===
           ts_search:(5:<0.887.0>) Dyn Var (RE): no Match (varname=book_id), 

=INFO REPORT==== 10-Dec-2019::11:03:34 ===
           ts_search:(5:<0.907.0>) Dyn Var: no Match (varname=first_comment_path), 

=INFO REPORT==== 10-Dec-2019::11:03:34 ===
           ts_search:(5:<0.907.0>) Dyn Var: no Match (varname=authenticity_token), 

=INFO REPORT==== 10-Dec-2019::11:03:34 ===
           ts_search:(5:<0.866.0>) Dyn Var: no Match (varname=authenticity_token), 

=INFO REPORT==== 10-Dec-2019::11:03:34 ===
           ts_search:(5:<0.866.0>) Dyn Var (RE): no Match (varname=redirect_post), 

=INFO REPORT==== 10-Dec-2019::11:03:34 ===
           ts_search:(5:<0.947.0>) Dyn Var: no Match (varname=authenticity_token), 

=INFO REPORT==== 10-Dec-2019::11:03:34 ===
           ts_search:(5:<0.947.0>) Dyn Var (RE): no Match (varname=redirect_post), 

=INFO REPORT==== 10-Dec-2019::11:03:34 ===
           ts_search:(5:<0.802.0>) Dyn Var: no Match (varname=authenticity_token), 

=INFO REPORT==== 10-Dec-2019::11:03:34 ===
           ts_search:(5:<0.802.0>) Dyn Var (RE): no Match (varname=redirect_post), 

=INFO REPORT==== 10-Dec-2019::11:03:34 ===
           ts_search:(5:<0.826.0>) Dyn Var (RE): no Match (varname=authenticity_token), 

=INFO REPORT==== 10-Dec-2019::11:03:34 ===
           ts_search:(5:<0.826.0>) Dyn Var (RE): no Match (varname=post_id), 

=INFO REPORT==== 10-Dec-2019::11:03:34 ===
           ts_search:(5:<0.848.0>) Dyn Var (RE): no Match (varname=authenticity_token), 

=INFO REPORT==== 10-Dec-2019::11:03:34 ===
           ts_search:(5:<0.787.0>) Dyn Var: no Match (varname=first_comment_path), 

=INFO REPORT==== 10-Dec-2019::11:03:34 ===
           ts_search:(5:<0.787.0>) Dyn Var: no Match (varname=authenticity_token), 

=INFO REPORT==== 10-Dec-2019::11:03:34 ===
           ts_search:(5:<0.698.0>) Dyn Var (RE): no Match (varname=book_id), 

=INFO REPORT==== 10-Dec-2019::11:03:34 ===
           ts_search:(5:<0.1095.0>) Dyn Var: no Match (varname=authenticity_token), 

=INFO REPORT==== 10-Dec-2019::11:03:34 ===
           ts_search:(5:<0.1095.0>) Dyn Var (RE): no Match (varname=redirect_post), 

=INFO REPORT==== 10-Dec-2019::11:03:34 ===
           ts_search:(5:<0.798.0>) Dyn Var (RE): no Match (varname=book_id), 

=INFO REPORT==== 10-Dec-2019::11:03:35 ===
           ts_search:(5:<0.1048.0>) Dyn Var (RE): no Match (varname=authenticity_token), 

=INFO REPORT==== 10-Dec-2019::11:03:35 ===
           ts_search:(5:<0.745.0>) Dyn Var: no Match (varname=first_comment_path), 

=INFO REPORT==== 10-Dec-2019::11:03:35 ===
           ts_search:(5:<0.745.0>) Dyn Var: no Match (varname=authenticity_token), 

=INFO REPORT==== 10-Dec-2019::11:03:35 ===
           ts_search:(5:<0.859.0>) Dyn Var: no Match (varname=authenticity_token), 

=INFO REPORT==== 10-Dec-2019::11:03:35 ===
           ts_search:(5:<0.1004.0>) Dyn Var: no Match (varname=first_comment_path), 

=INFO REPORT==== 10-Dec-2019::11:03:35 ===
           ts_search:(5:<0.1004.0>) Dyn Var: no Match (varname=authenticity_token), 

=INFO REPORT==== 10-Dec-2019::11:03:35 ===
           ts_search:(5:<0.994.0>) Dyn Var (RE): no Match (varname=authenticity_token), 

=INFO REPORT==== 10-Dec-2019::11:03:35 ===
           ts_search:(5:<0.710.0>) Dyn Var (RE): no Match (varname=convo_id), 

=INFO REPORT==== 10-Dec-2019::11:03:35 ===
           ts_search:(5:<0.922.0>) Dyn Var (RE): no Match (varname=convo_id), 

=INFO REPORT==== 10-Dec-2019::11:03:35 ===
           ts_search:(5:<0.862.0>) Dyn Var (RE): no Match (varname=redirect_post), 

=INFO REPORT==== 10-Dec-2019::11:03:35 ===
           ts_search:(5:<0.943.0>) Dyn Var (RE): no Match (varname=authenticity_token), 

=INFO REPORT==== 10-Dec-2019::11:03:35 ===
           ts_search:(5:<0.847.0>) Dyn Var: no Match (varname=authenticity_token), 

=INFO REPORT==== 10-Dec-2019::11:03:35 ===
           ts_search:(5:<0.847.0>) Dyn Var (RE): no Match (varname=redirect_post), 

=INFO REPORT==== 10-Dec-2019::11:03:35 ===
           ts_search:(5:<0.1095.0>) Dyn Var: no Match (varname=first_comment_path), 

=INFO REPORT==== 10-Dec-2019::11:03:35 ===
           ts_search:(5:<0.1095.0>) Dyn Var: no Match (varname=authenticity_token), 

=INFO REPORT==== 10-Dec-2019::11:03:35 ===
           ts_search:(5:<0.1057.0>) Dyn Var (RE): no Match (varname=authenticity_token), 

=INFO REPORT==== 10-Dec-2019::11:03:35 ===
           ts_search:(5:<0.694.0>) Dyn Var: no Match (varname=first_comment_path), 

=INFO REPORT==== 10-Dec-2019::11:03:35 ===
           ts_search:(5:<0.694.0>) Dyn Var: no Match (varname=authenticity_token), 

=INFO REPORT==== 10-Dec-2019::11:03:35 ===
           ts_search:(5:<0.944.0>) Dyn Var (RE): no Match (varname=authenticity_token), 

=INFO REPORT==== 10-Dec-2019::11:03:35 ===
           ts_search:(5:<0.683.0>) Dyn Var (RE): no Match (varname=authenticity_token), 

=INFO REPORT==== 10-Dec-2019::11:03:35 ===
           ts_search:(5:<0.802.0>) Dyn Var: no Match (varname=first_comment_path), 

=INFO REPORT==== 10-Dec-2019::11:03:35 ===
           ts_search:(5:<0.802.0>) Dyn Var: no Match (varname=authenticity_token), 

=INFO REPORT==== 10-Dec-2019::11:03:35 ===
           ts_search:(5:<0.1069.0>) Dyn Var: no Match (varname=authenticity_token), 

=INFO REPORT==== 10-Dec-2019::11:03:35 ===
           ts_search:(5:<0.1069.0>) Dyn Var (RE): no Match (varname=redirect_post), 

=INFO REPORT==== 10-Dec-2019::11:03:35 ===
           ts_search:(5:<0.733.0>) Dyn Var: no Match (varname=first_comment_path), 

=INFO REPORT==== 10-Dec-2019::11:03:35 ===
           ts_search:(5:<0.733.0>) Dyn Var: no Match (varname=authenticity_token), 

=INFO REPORT==== 10-Dec-2019::11:03:35 ===
           ts_search:(5:<0.1027.0>) Dyn Var: no Match (varname=authenticity_token), 

=INFO REPORT==== 10-Dec-2019::11:03:35 ===
           ts_search:(5:<0.871.0>) Dyn Var: no Match (varname=first_comment_path), 

=INFO REPORT==== 10-Dec-2019::11:03:35 ===
           ts_search:(5:<0.871.0>) Dyn Var: no Match (varname=authenticity_token), 

=INFO REPORT==== 10-Dec-2019::11:03:35 ===
           ts_search:(5:<0.788.0>) Dyn Var (RE): no Match (varname=book_id), 

=INFO REPORT==== 10-Dec-2019::11:03:35 ===
           ts_search:(5:<0.945.0>) Dyn Var (RE): no Match (varname=authenticity_token), 

=INFO REPORT==== 10-Dec-2019::11:03:36 ===
           ts_search:(5:<0.854.0>) Dyn Var (RE): no Match (varname=convo_id), 

=INFO REPORT==== 10-Dec-2019::11:03:36 ===
           ts_search:(5:<0.1126.0>) Dyn Var: no Match (varname=authenticity_token), 

=INFO REPORT==== 10-Dec-2019::11:03:36 ===
           ts_search:(5:<0.1126.0>) Dyn Var (RE): no Match (varname=redirect_post), 

=INFO REPORT==== 10-Dec-2019::11:03:36 ===
           ts_search:(5:<0.1126.0>) Dyn Var: no Match (varname=first_comment_path), 

=INFO REPORT==== 10-Dec-2019::11:03:36 ===
           ts_search:(5:<0.1126.0>) Dyn Var: no Match (varname=authenticity_token), 

=INFO REPORT==== 10-Dec-2019::11:03:36 ===
           ts_search:(5:<0.921.0>) Dyn Var: no Match (varname=authenticity_token), 

=INFO REPORT==== 10-Dec-2019::11:03:36 ===
           ts_search:(5:<0.921.0>) Dyn Var (RE): no Match (varname=redirect_post), 

=INFO REPORT==== 10-Dec-2019::11:03:36 ===
           ts_search:(5:<0.866.0>) Dyn Var: no Match (varname=first_comment_path), 

=INFO REPORT==== 10-Dec-2019::11:03:36 ===
           ts_search:(5:<0.866.0>) Dyn Var: no Match (varname=authenticity_token), 

=INFO REPORT==== 10-Dec-2019::11:03:36 ===
           ts_search:(5:<0.926.0>) Dyn Var (RE): no Match (varname=authenticity_token), 

=INFO REPORT==== 10-Dec-2019::11:03:36 ===
           ts_search:(5:<0.1011.0>) Dyn Var (RE): no Match (varname=authenticity_token), 

=INFO REPORT==== 10-Dec-2019::11:03:36 ===
           ts_search:(5:<0.772.0>) Dyn Var (RE): no Match (varname=authenticity_token), 

=INFO REPORT==== 10-Dec-2019::11:03:36 ===
           ts_search:(5:<0.772.0>) Dyn Var (RE): no Match (varname=post_id), 

=INFO REPORT==== 10-Dec-2019::11:03:36 ===
           ts_search:(5:<0.747.0>) Dyn Var (RE): no Match (varname=redirect_post), 

=INFO REPORT==== 10-Dec-2019::11:03:36 ===
           ts_search:(5:<0.857.0>) Dyn Var: no Match (varname=first_comment_path), 

=INFO REPORT==== 10-Dec-2019::11:03:36 ===
           ts_search:(5:<0.857.0>) Dyn Var: no Match (varname=authenticity_token), 

=INFO REPORT==== 10-Dec-2019::11:03:36 ===
           ts_search:(5:<0.895.0>) Dyn Var (RE): no Match (varname=authenticity_token), 

=INFO REPORT==== 10-Dec-2019::11:03:36 ===
           ts_search:(5:<0.909.0>) Dyn Var (RE): no Match (varname=authenticity_token), 

=INFO REPORT==== 10-Dec-2019::11:03:36 ===
           ts_search:(5:<0.785.0>) Dyn Var (RE): no Match (varname=book_id), 

=INFO REPORT==== 10-Dec-2019::11:03:36 ===
           ts_search:(5:<0.779.0>) Dyn Var (RE): no Match (varname=book_id), 

=INFO REPORT==== 10-Dec-2019::11:03:36 ===
           ts_search:(5:<0.743.0>) Dyn Var (RE): no Match (varname=book_id), 

=INFO REPORT==== 10-Dec-2019::11:03:36 ===
           ts_search:(5:<0.726.0>) Dyn Var (RE): no Match (varname=book_id), 

=INFO REPORT==== 10-Dec-2019::11:03:36 ===
           ts_search:(5:<0.836.0>) Dyn Var (RE): no Match (varname=book_id), 

=INFO REPORT==== 10-Dec-2019::11:03:36 ===
           ts_search:(5:<0.997.0>) Dyn Var (RE): no Match (varname=authenticity_token), 

=INFO REPORT==== 10-Dec-2019::11:03:37 ===
           ts_search:(5:<0.771.0>) Dyn Var (RE): no Match (varname=authenticity_token), 

=INFO REPORT==== 10-Dec-2019::11:03:37 ===
           ts_search:(5:<0.794.0>) Dyn Var (RE): no Match (varname=authenticity_token), 

=INFO REPORT==== 10-Dec-2019::11:03:37 ===
           ts_search:(5:<0.913.0>) Dyn Var: no Match (varname=authenticity_token), 

=INFO REPORT==== 10-Dec-2019::11:03:37 ===
           ts_search:(5:<0.913.0>) Dyn Var (RE): no Match (varname=redirect_post), 

=INFO REPORT==== 10-Dec-2019::11:03:37 ===
           ts_search:(5:<0.965.0>) Dyn Var (RE): no Match (varname=authenticity_token), 

=INFO REPORT==== 10-Dec-2019::11:03:37 ===
           ts_search:(5:<0.859.0>) Dyn Var (RE): no Match (varname=redirect_post), 

=INFO REPORT==== 10-Dec-2019::11:03:37 ===
           ts_search:(5:<0.958.0>) Dyn Var (RE): no Match (varname=authenticity_token), 

=INFO REPORT==== 10-Dec-2019::11:03:37 ===
           ts_search:(5:<0.1073.0>) Dyn Var (RE): no Match (varname=authenticity_token), 

=INFO REPORT==== 10-Dec-2019::11:03:37 ===
           ts_search:(5:<0.747.0>) Dyn Var: no Match (varname=first_comment_path), 

=INFO REPORT==== 10-Dec-2019::11:03:37 ===
           ts_search:(5:<0.747.0>) Dyn Var: no Match (varname=authenticity_token), 

=INFO REPORT==== 10-Dec-2019::11:03:37 ===
           ts_search:(5:<0.812.0>) Dyn Var (RE): no Match (varname=authenticity_token), 

=INFO REPORT==== 10-Dec-2019::11:03:37 ===
           ts_search:(5:<0.812.0>) Dyn Var (RE): no Match (varname=post_id), 

=INFO REPORT==== 10-Dec-2019::11:03:37 ===
           ts_search:(5:<0.778.0>) Dyn Var (RE): no Match (varname=authenticity_token), 

=INFO REPORT==== 10-Dec-2019::11:03:37 ===
           ts_search:(5:<0.929.0>) Dyn Var (RE): no Match (varname=authenticity_token), 

=INFO REPORT==== 10-Dec-2019::11:03:37 ===
           ts_search:(5:<0.940.0>) Dyn Var (RE): no Match (varname=authenticity_token), 

=INFO REPORT==== 10-Dec-2019::11:03:37 ===
           ts_search:(5:<0.940.0>) Dyn Var (RE): no Match (varname=post_id), 

=INFO REPORT==== 10-Dec-2019::11:03:37 ===
           ts_search:(5:<0.829.0>) Dyn Var (RE): no Match (varname=convo_id), 

=INFO REPORT==== 10-Dec-2019::11:03:37 ===
           ts_search:(5:<0.848.0>) Dyn Var (RE): no Match (varname=book_id), 

=INFO REPORT==== 10-Dec-2019::11:03:37 ===
           ts_search:(5:<0.1111.0>) Dyn Var: no Match (varname=first_comment_path), 

=INFO REPORT==== 10-Dec-2019::11:03:37 ===
           ts_search:(5:<0.1082.0>) Dyn Var (RE): no Match (varname=authenticity_token), 

=INFO REPORT==== 10-Dec-2019::11:03:37 ===
           ts_search:(5:<0.1038.0>) Dyn Var (RE): no Match (varname=authenticity_token), 

=INFO REPORT==== 10-Dec-2019::11:03:37 ===
           ts_search:(5:<0.876.0>) Dyn Var (RE): no Match (varname=authenticity_token), 

=INFO REPORT==== 10-Dec-2019::11:03:38 ===
           ts_search:(5:<0.1074.0>) Dyn Var (RE): no Match (varname=authenticity_token), 

=INFO REPORT==== 10-Dec-2019::11:03:38 ===
           ts_search:(5:<0.1073.0>) Dyn Var (RE): no Match (varname=book_id), 

=INFO REPORT==== 10-Dec-2019::11:03:38 ===
           ts_search:(5:<0.1026.0>) Dyn Var: no Match (varname=authenticity_token), 

=INFO REPORT==== 10-Dec-2019::11:03:38 ===
           ts_search:(5:<0.1026.0>) Dyn Var (RE): no Match (varname=redirect_post), 

=INFO REPORT==== 10-Dec-2019::11:03:38 ===
           ts_search:(5:<0.1010.0>) Dyn Var (RE): no Match (varname=authenticity_token), 

=INFO REPORT==== 10-Dec-2019::11:03:38 ===
           ts_search:(5:<0.684.0>) Dyn Var (RE): no Match (varname=authenticity_token), 

=INFO REPORT==== 10-Dec-2019::11:03:38 ===
           ts_search:(5:<0.710.0>) Dyn Var (RE): no Match (varname=authenticity_token), 

=INFO REPORT==== 10-Dec-2019::11:03:38 ===
           ts_search:(5:<0.929.0>) Dyn Var (RE): no Match (varname=book_id), 

=INFO REPORT==== 10-Dec-2019::11:03:38 ===
           ts_search:(5:<0.923.0>) Dyn Var (RE): no Match (varname=authenticity_token), 

=INFO REPORT==== 10-Dec-2019::11:03:38 ===
           ts_search:(5:<0.854.0>) Dyn Var (RE): no Match (varname=authenticity_token), 

=INFO REPORT==== 10-Dec-2019::11:03:38 ===
           ts_search:(5:<0.971.0>) Dyn Var (RE): no Match (varname=authenticity_token), 

=INFO REPORT==== 10-Dec-2019::11:03:38 ===
           ts_search:(5:<0.923.0>) Dyn Var (RE): no Match (varname=convo_id), 

=INFO REPORT==== 10-Dec-2019::11:03:38 ===
           ts_search:(5:<0.901.0>) Dyn Var (RE): no Match (varname=redirect_post), 

=INFO REPORT==== 10-Dec-2019::11:03:38 ===
           ts_search:(5:<0.838.0>) Dyn Var (RE): no Match (varname=authenticity_token), 

=INFO REPORT==== 10-Dec-2019::11:03:38 ===
           ts_search:(5:<0.838.0>) Dyn Var (RE): no Match (varname=post_id), 

=INFO REPORT==== 10-Dec-2019::11:03:38 ===
           ts_search:(5:<0.939.0>) Dyn Var (RE): no Match (varname=authenticity_token), 

=INFO REPORT==== 10-Dec-2019::11:03:38 ===
           ts_search:(5:<0.974.0>) Dyn Var (RE): no Match (varname=authenticity_token), 

=INFO REPORT==== 10-Dec-2019::11:03:38 ===
           ts_search:(5:<0.814.0>) Dyn Var (RE): no Match (varname=authenticity_token), 

=INFO REPORT==== 10-Dec-2019::11:03:38 ===
           ts_search:(5:<0.814.0>) Dyn Var (RE): no Match (varname=post_id), 

=INFO REPORT==== 10-Dec-2019::11:03:38 ===
           ts_search:(5:<0.874.0>) Dyn Var (RE): no Match (varname=authenticity_token), 

=INFO REPORT==== 10-Dec-2019::11:03:38 ===
           ts_search:(5:<0.765.0>) Dyn Var (RE): no Match (varname=authenticity_token), 

=INFO REPORT==== 10-Dec-2019::11:03:38 ===
           ts_search:(5:<0.765.0>) Dyn Var (RE): no Match (varname=post_id), 

=INFO REPORT==== 10-Dec-2019::11:03:38 ===
           ts_search:(5:<0.1041.0>) Dyn Var (RE): no Match (varname=authenticity_token), 

=INFO REPORT==== 10-Dec-2019::11:03:38 ===
           ts_search:(5:<0.740.0>) Dyn Var (RE): no Match (varname=authenticity_token), 

=INFO REPORT==== 10-Dec-2019::11:03:38 ===
           ts_search:(5:<0.692.0>) Dyn Var (RE): no Match (varname=authenticity_token), 

=INFO REPORT==== 10-Dec-2019::11:03:38 ===
           ts_search:(5:<0.692.0>) Dyn Var (RE): no Match (varname=post_id), 

=INFO REPORT==== 10-Dec-2019::11:03:38 ===
           ts_search:(5:<0.803.0>) Dyn Var (RE): no Match (varname=convo_id), 

=INFO REPORT==== 10-Dec-2019::11:03:38 ===
           ts_search:(5:<0.966.0>) Dyn Var (RE): no Match (varname=authenticity_token), 

=INFO REPORT==== 10-Dec-2019::11:03:38 ===
           ts_search:(5:<0.1003.0>) Dyn Var: no Match (varname=authenticity_token), 

=INFO REPORT==== 10-Dec-2019::11:03:38 ===
           ts_search:(5:<0.1061.0>) Dyn Var (RE): no Match (varname=authenticity_token), 

=INFO REPORT==== 10-Dec-2019::11:03:38 ===
           ts_search:(5:<0.1042.0>) Dyn Var (RE): no Match (varname=authenticity_token), 

=INFO REPORT==== 10-Dec-2019::11:03:38 ===
           ts_search:(5:<0.943.0>) Dyn Var (RE): no Match (varname=book_id), 

=INFO REPORT==== 10-Dec-2019::11:03:38 ===
           ts_search:(5:<0.789.0>) Dyn Var (RE): no Match (varname=authenticity_token), 

=INFO REPORT==== 10-Dec-2019::11:03:38 ===
           ts_search:(5:<0.877.0>) Dyn Var (RE): no Match (varname=authenticity_token), 

=INFO REPORT==== 10-Dec-2019::11:03:38 ===
           ts_search:(5:<0.963.0>) Dyn Var (RE): no Match (varname=authenticity_token), 

=INFO REPORT==== 10-Dec-2019::11:03:38 ===
           ts_search:(5:<0.794.0>) Dyn Var (RE): no Match (varname=book_id), 

=INFO REPORT==== 10-Dec-2019::11:03:38 ===
           ts_search:(5:<0.944.0>) Dyn Var (RE): no Match (varname=convo_id), 

=INFO REPORT==== 10-Dec-2019::11:03:38 ===
           ts_search:(5:<0.958.0>) Dyn Var (RE): no Match (varname=post_id), 

=INFO REPORT==== 10-Dec-2019::11:03:39 ===
           ts_search:(5:<0.922.0>) Dyn Var (RE): no Match (varname=authenticity_token), 

=INFO REPORT==== 10-Dec-2019::11:03:39 ===
           ts_search:(5:<0.909.0>) Dyn Var (RE): no Match (varname=book_id), 

=INFO REPORT==== 10-Dec-2019::11:03:39 ===
           ts_search:(5:<0.1077.0>) Dyn Var (RE): no Match (varname=authenticity_token), 

=INFO REPORT==== 10-Dec-2019::11:03:39 ===
           ts_search:(5:<0.1097.0>) Dyn Var (RE): no Match (varname=authenticity_token), 

=INFO REPORT==== 10-Dec-2019::11:03:39 ===
           ts_search:(5:<0.975.0>) Dyn Var (RE): no Match (varname=authenticity_token), 

=INFO REPORT==== 10-Dec-2019::11:03:39 ===
           ts_search:(5:<0.1051.0>) Dyn Var: no Match (varname=authenticity_token), 

=INFO REPORT==== 10-Dec-2019::11:03:39 ===
           ts_search:(5:<0.1051.0>) Dyn Var (RE): no Match (varname=redirect_post), 

=INFO REPORT==== 10-Dec-2019::11:03:39 ===
           ts_search:(5:<0.1093.0>) Dyn Var: no Match (varname=first_comment_path), 

=INFO REPORT==== 10-Dec-2019::11:03:39 ===
           ts_search:(5:<0.1093.0>) Dyn Var: no Match (varname=authenticity_token), 

=INFO REPORT==== 10-Dec-2019::11:03:39 ===
           ts_search:(5:<0.1034.0>) Dyn Var (RE): no Match (varname=redirect_post), 

=INFO REPORT==== 10-Dec-2019::11:03:39 ===
           ts_search:(5:<0.905.0>) Dyn Var: no Match (varname=authenticity_token), 

=INFO REPORT==== 10-Dec-2019::11:03:39 ===
           ts_search:(5:<0.905.0>) Dyn Var (RE): no Match (varname=redirect_post), 

=INFO REPORT==== 10-Dec-2019::11:03:39 ===
           ts_search:(5:<0.1106.0>) Dyn Var (RE): no Match (varname=authenticity_token), 

=INFO REPORT==== 10-Dec-2019::11:03:39 ===
           ts_search:(5:<0.771.0>) Dyn Var (RE): no Match (varname=book_id), 

=INFO REPORT==== 10-Dec-2019::11:03:39 ===
           ts_search:(5:<0.1074.0>) Dyn Var (RE): no Match (varname=post_id), 

=INFO REPORT==== 10-Dec-2019::11:03:39 ===
           ts_search:(5:<0.883.0>) Dyn Var (RE): no Match (varname=book_id), 

=INFO REPORT==== 10-Dec-2019::11:03:39 ===
           ts_search:(5:<0.781.0>) Dyn Var (RE): no Match (varname=authenticity_token), 

=INFO REPORT==== 10-Dec-2019::11:03:39 ===
           ts_search:(5:<0.1010.0>) Dyn Var (RE): no Match (varname=post_id), 

=INFO REPORT==== 10-Dec-2019::11:03:39 ===
           ts_search:(5:<0.840.0>) Dyn Var: no Match (varname=first_comment_path), 

=INFO REPORT==== 10-Dec-2019::11:03:39 ===
           ts_search:(5:<0.840.0>) Dyn Var: no Match (varname=authenticity_token), 

=INFO REPORT==== 10-Dec-2019::11:03:39 ===
           ts_search:(5:<0.766.0>) Dyn Var (RE): no Match (varname=post_id), 

=INFO REPORT==== 10-Dec-2019::11:03:39 ===
           ts_search:(5:<0.1048.0>) Dyn Var (RE): no Match (varname=book_id), 

=INFO REPORT==== 10-Dec-2019::11:03:39 ===
           ts_search:(5:<0.965.0>) Dyn Var (RE): no Match (varname=book_id), 

=INFO REPORT==== 10-Dec-2019::11:03:39 ===
           ts_search:(5:<0.874.0>) Dyn Var (RE): no Match (varname=book_id), 

=INFO REPORT==== 10-Dec-2019::11:03:40 ===
           ts_search:(5:<0.1082.0>) Dyn Var (RE): no Match (varname=convo_id), 

=INFO REPORT==== 10-Dec-2019::11:03:40 ===
           ts_search:(5:<0.1061.0>) Dyn Var (RE): no Match (varname=post_id), 

=INFO REPORT==== 10-Dec-2019::11:03:40 ===
           ts_search:(5:<0.925.0>) Dyn Var (RE): no Match (varname=authenticity_token), 

=INFO REPORT==== 10-Dec-2019::11:03:40 ===
           ts_search:(5:<0.978.0>) Dyn Var (RE): no Match (varname=authenticity_token), 

=INFO REPORT==== 10-Dec-2019::11:03:40 ===
           ts_search:(5:<0.963.0>) Dyn Var (RE): no Match (varname=post_id), 

=INFO REPORT==== 10-Dec-2019::11:03:40 ===
           ts_search:(5:<0.1003.0>) Dyn Var (RE): no Match (varname=redirect_post), 

=INFO REPORT==== 10-Dec-2019::11:03:40 ===
           ts_search:(5:<0.741.0>) Dyn Var (RE): no Match (varname=post_id), 

=INFO REPORT==== 10-Dec-2019::11:03:40 ===
           ts_search:(5:<0.829.0>) Dyn Var (RE): no Match (varname=authenticity_token), 

=INFO REPORT==== 10-Dec-2019::11:03:40 ===
           ts_search:(5:<0.877.0>) Dyn Var (RE): no Match (varname=post_id), 

=INFO REPORT==== 10-Dec-2019::11:03:40 ===
           ts_search:(5:<0.1047.0>) Dyn Var (RE): no Match (varname=authenticity_token), 

=INFO REPORT==== 10-Dec-2019::11:03:40 ===
           ts_search:(5:<0.851.0>) Dyn Var (RE): no Match (varname=redirect_post), 

=INFO REPORT==== 10-Dec-2019::11:03:40 ===
           ts_search:(5:<0.789.0>) Dyn Var (RE): no Match (varname=convo_id), 

=INFO REPORT==== 10-Dec-2019::11:03:40 ===
           ts_search:(5:<0.951.0>) Dyn Var: no Match (varname=authenticity_token), 

=INFO REPORT==== 10-Dec-2019::11:03:40 ===
           ts_search:(5:<0.951.0>) Dyn Var (RE): no Match (varname=redirect_post), 

=INFO REPORT==== 10-Dec-2019::11:03:40 ===
           ts_search:(5:<0.740.0>) Dyn Var (RE): no Match (varname=convo_id), 

=INFO REPORT==== 10-Dec-2019::11:03:40 ===
           ts_search:(5:<0.739.0>) Dyn Var (RE): no Match (varname=book_id), 

=INFO REPORT==== 10-Dec-2019::11:03:40 ===
           ts_search:(5:<0.976.0>) Dyn Var: no Match (varname=authenticity_token), 

=INFO REPORT==== 10-Dec-2019::11:03:40 ===
           ts_search:(5:<0.1005.0>) Dyn Var (RE): no Match (varname=authenticity_token), 

=INFO REPORT==== 10-Dec-2019::11:03:40 ===
           ts_search:(5:<0.1005.0>) Dyn Var (RE): no Match (varname=post_id), 

=INFO REPORT==== 10-Dec-2019::11:03:40 ===
           ts_search:(5:<0.824.0>) Dyn Var: no Match (varname=first_comment_path), 

=INFO REPORT==== 10-Dec-2019::11:03:40 ===
           ts_search:(5:<0.824.0>) Dyn Var: no Match (varname=authenticity_token), 

=INFO REPORT==== 10-Dec-2019::11:03:40 ===
           ts_search:(5:<0.803.0>) Dyn Var (RE): no Match (varname=authenticity_token), 

=INFO REPORT==== 10-Dec-2019::11:03:40 ===
           ts_search:(5:<0.1076.0>) Dyn Var (RE): no Match (varname=authenticity_token), 

=INFO REPORT==== 10-Dec-2019::11:03:40 ===
           ts_search:(5:<0.1013.0>) Dyn Var (RE): no Match (varname=redirect_post), 

=INFO REPORT==== 10-Dec-2019::11:03:40 ===
           ts_search:(5:<0.688.0>) Dyn Var (RE): no Match (varname=authenticity_token), 

=INFO REPORT==== 10-Dec-2019::11:03:40 ===
           ts_search:(5:<0.688.0>) Dyn Var (RE): no Match (varname=post_id), 

=INFO REPORT==== 10-Dec-2019::11:03:40 ===
           ts_search:(5:<0.1022.0>) Dyn Var: no Match (varname=first_comment_path), 

=INFO REPORT==== 10-Dec-2019::11:03:40 ===
           ts_search:(5:<0.924.0>) Dyn Var (RE): no Match (varname=authenticity_token), 

=INFO REPORT==== 10-Dec-2019::11:03:40 ===
           ts_search:(5:<0.975.0>) Dyn Var (RE): no Match (varname=post_id), 

=INFO REPORT==== 10-Dec-2019::11:03:40 ===
           ts_search:(5:<0.997.0>) Dyn Var (RE): no Match (varname=book_id), 

=INFO REPORT==== 10-Dec-2019::11:03:40 ===
           ts_search:(5:<0.1097.0>) Dyn Var (RE): no Match (varname=post_id), 

=INFO REPORT==== 10-Dec-2019::11:03:40 ===
           ts_search:(5:<0.1054.0>) Dyn Var (RE): no Match (varname=authenticity_token), 

=INFO REPORT==== 10-Dec-2019::11:03:40 ===
           ts_search:(5:<0.1033.0>) Dyn Var: no Match (varname=first_comment_path), 

=INFO REPORT==== 10-Dec-2019::11:03:41 ===
           ts_search:(5:<0.993.0>) Dyn Var (RE): no Match (varname=authenticity_token), 

=INFO REPORT==== 10-Dec-2019::11:03:41 ===
           ts_search:(5:<0.707.0>) Dyn Var (RE): no Match (varname=authenticity_token), 

=INFO REPORT==== 10-Dec-2019::11:03:41 ===
           ts_search:(5:<0.807.0>) Dyn Var (RE): no Match (varname=authenticity_token), 

=INFO REPORT==== 10-Dec-2019::11:03:41 ===
           ts_search:(5:<0.921.0>) Dyn Var: no Match (varname=first_comment_path), 

=INFO REPORT==== 10-Dec-2019::11:03:41 ===
           ts_search:(5:<0.1056.0>) Dyn Var (RE): no Match (varname=authenticity_token), 

=INFO REPORT==== 10-Dec-2019::11:03:41 ===
           ts_search:(5:<0.1069.0>) Dyn Var: no Match (varname=first_comment_path), 

=INFO REPORT==== 10-Dec-2019::11:03:41 ===
           ts_search:(5:<0.1038.0>) Dyn Var (RE): no Match (varname=book_id), 

=INFO REPORT==== 10-Dec-2019::11:03:41 ===
           ts_search:(5:<0.1042.0>) Dyn Var (RE): no Match (varname=book_id), 

=INFO REPORT==== 10-Dec-2019::11:03:41 ===
           ts_search:(5:<0.1011.0>) Dyn Var (RE): no Match (varname=book_id), 

=INFO REPORT==== 10-Dec-2019::11:03:41 ===
           ts_search:(5:<0.895.0>) Dyn Var (RE): no Match (varname=book_id), 

=INFO REPORT==== 10-Dec-2019::11:03:41 ===
           ts_search:(5:<0.889.0>) Dyn Var (RE): no Match (varname=authenticity_token), 

=INFO REPORT==== 10-Dec-2019::11:03:41 ===
           ts_search:(5:<0.1091.0>) Dyn Var (RE): no Match (varname=authenticity_token), 

=INFO REPORT==== 10-Dec-2019::11:03:41 ===
           ts_search:(5:<0.978.0>) Dyn Var (RE): no Match (varname=post_id), 

=INFO REPORT==== 10-Dec-2019::11:03:41 ===
           ts_search:(5:<0.876.0>) Dyn Var (RE): no Match (varname=book_id), 

=INFO REPORT==== 10-Dec-2019::11:03:41 ===
           ts_search:(5:<0.1027.0>) Dyn Var: no Match (varname=first_comment_path), 

=INFO REPORT==== 10-Dec-2019::11:03:41 ===
           ts_search:(5:<0.915.0>) Dyn Var (RE): no Match (varname=authenticity_token), 

=INFO REPORT==== 10-Dec-2019::11:03:41 ===
           ts_search:(5:<0.995.0>) Dyn Var (RE): no Match (varname=authenticity_token), 

=INFO REPORT==== 10-Dec-2019::11:03:41 ===
           ts_search:(5:<0.1016.0>) Dyn Var (RE): no Match (varname=authenticity_token), 

=INFO REPORT==== 10-Dec-2019::11:03:41 ===
           ts_search:(5:<0.1063.0>) Dyn Var (RE): no Match (varname=authenticity_token), 

=INFO REPORT==== 10-Dec-2019::11:03:41 ===
           ts_search:(5:<0.976.0>) Dyn Var (RE): no Match (varname=redirect_post), 

=INFO REPORT==== 10-Dec-2019::11:03:42 ===
           ts_search:(5:<0.1113.0>) Dyn Var (RE): no Match (varname=authenticity_token), 

=INFO REPORT==== 10-Dec-2019::11:03:42 ===
           ts_search:(5:<0.988.0>) Dyn Var (RE): no Match (varname=authenticity_token), 

=INFO REPORT==== 10-Dec-2019::11:03:42 ===
           ts_search:(5:<0.1076.0>) Dyn Var (RE): no Match (varname=book_id), 

=INFO REPORT==== 10-Dec-2019::11:03:42 ===
           ts_search:(5:<0.980.0>) Dyn Var (RE): no Match (varname=authenticity_token), 

=INFO REPORT==== 10-Dec-2019::11:03:42 ===
           ts_search:(5:<0.961.0>) Dyn Var (RE): no Match (varname=authenticity_token), 

=INFO REPORT==== 10-Dec-2019::11:03:42 ===
           ts_search:(5:<0.966.0>) Dyn Var (RE): no Match (varname=book_id), 

=INFO REPORT==== 10-Dec-2019::11:03:42 ===
           ts_search:(5:<0.781.0>) Dyn Var (RE): no Match (varname=book_id), 

=INFO REPORT==== 10-Dec-2019::11:03:42 ===
           ts_search:(5:<0.1054.0>) Dyn Var (RE): no Match (varname=book_id), 

=INFO REPORT==== 10-Dec-2019::11:03:42 ===
           ts_search:(5:<0.982.0>) Dyn Var (RE): no Match (varname=authenticity_token), 

=INFO REPORT==== 10-Dec-2019::11:03:42 ===
           ts_search:(5:<0.807.0>) Dyn Var (RE): no Match (varname=post_id), 

=INFO REPORT==== 10-Dec-2019::11:03:42 ===
           ts_search:(5:<0.1034.0>) Dyn Var: no Match (varname=first_comment_path), 

=INFO REPORT==== 10-Dec-2019::11:03:42 ===
           ts_search:(5:<0.971.0>) Dyn Var (RE): no Match (varname=book_id), 

=INFO REPORT==== 10-Dec-2019::11:03:42 ===
           ts_search:(5:<0.939.0>) Dyn Var (RE): no Match (varname=convo_id), 

=INFO REPORT==== 10-Dec-2019::11:03:42 ===
           ts_search:(5:<0.1044.0>) Dyn Var (RE): no Match (varname=authenticity_token), 

=INFO REPORT==== 10-Dec-2019::11:03:42 ===
           ts_search:(5:<0.1056.0>) Dyn Var (RE): no Match (varname=post_id), 

=INFO REPORT==== 10-Dec-2019::11:03:42 ===
           ts_search:(5:<0.1118.0>) Dyn Var: no Match (varname=first_comment_path), 

=INFO REPORT==== 10-Dec-2019::11:03:43 ===
           ts_search:(5:<0.1077.0>) Dyn Var (RE): no Match (varname=book_id), 

=INFO REPORT==== 10-Dec-2019::11:03:43 ===
           ts_search:(5:<0.1016.0>) Dyn Var (RE): no Match (varname=post_id), 

=INFO REPORT==== 10-Dec-2019::11:03:43 ===
           ts_search:(5:<0.1036.0>) Dyn Var (RE): no Match (varname=authenticity_token), 

=INFO REPORT==== 10-Dec-2019::11:03:43 ===
           ts_search:(5:<0.740.0>) Dyn Var (RE): no Match (varname=authenticity_token), 

=INFO REPORT==== 10-Dec-2019::11:03:43 ===
           ts_search:(5:<0.915.0>) Dyn Var (RE): no Match (varname=post_id), 

=INFO REPORT==== 10-Dec-2019::11:03:43 ===
           ts_search:(5:<0.995.0>) Dyn Var (RE): no Match (varname=post_id), 

=INFO REPORT==== 10-Dec-2019::11:03:43 ===
           ts_search:(5:<0.1127.0>) Dyn Var (RE): no Match (varname=authenticity_token), 

=INFO REPORT==== 10-Dec-2019::11:03:43 ===
           ts_search:(5:<0.1115.0>) Dyn Var (RE): no Match (varname=authenticity_token), 

=INFO REPORT==== 10-Dec-2019::11:03:43 ===
           ts_search:(5:<0.1096.0>) Dyn Var (RE): no Match (varname=authenticity_token), 

=INFO REPORT==== 10-Dec-2019::11:03:43 ===
           ts_search:(5:<0.1063.0>) Dyn Var (RE): no Match (varname=book_id), 

=INFO REPORT==== 10-Dec-2019::11:03:43 ===
           ts_search:(5:<0.1015.0>) Dyn Var: no Match (varname=first_comment_path), 

=INFO REPORT==== 10-Dec-2019::11:03:43 ===
           ts_search:(5:<0.993.0>) Dyn Var (RE): no Match (varname=book_id), 

=INFO REPORT==== 10-Dec-2019::11:03:43 ===
           ts_search:(5:<0.923.0>) Dyn Var (RE): no Match (varname=authenticity_token), 

=INFO REPORT==== 10-Dec-2019::11:03:43 ===
           ts_search:(5:<0.889.0>) Dyn Var (RE): no Match (varname=book_id), 

=INFO REPORT==== 10-Dec-2019::11:03:43 ===
           ts_search:(5:<0.1055.0>) Dyn Var (RE): no Match (varname=authenticity_token), 

=INFO REPORT==== 10-Dec-2019::11:03:43 ===
           ts_search:(5:<0.1039.0>) Dyn Var (RE): no Match (varname=authenticity_token), 

=INFO REPORT==== 10-Dec-2019::11:03:43 ===
           ts_search:(5:<0.1072.0>) Dyn Var (RE): no Match (varname=authenticity_token), 

=INFO REPORT==== 10-Dec-2019::11:03:43 ===
           ts_search:(5:<0.1046.0>) Dyn Var (RE): no Match (varname=authenticity_token), 

=INFO REPORT==== 10-Dec-2019::11:03:43 ===
           ts_search:(5:<0.1018.0>) Dyn Var (RE): no Match (varname=authenticity_token), 

=INFO REPORT==== 10-Dec-2019::11:03:43 ===
           ts_search:(5:<0.843.0>) Dyn Var (RE): no Match (varname=authenticity_token), 

=INFO REPORT==== 10-Dec-2019::11:03:43 ===
           ts_search:(5:<0.983.0>) Dyn Var (RE): no Match (varname=authenticity_token), 

=INFO REPORT==== 10-Dec-2019::11:03:43 ===
           ts_search:(5:<0.950.0>) Dyn Var: no Match (varname=first_comment_path), 

=INFO REPORT==== 10-Dec-2019::11:03:43 ===
           ts_search:(5:<0.982.0>) Dyn Var (RE): no Match (varname=post_id), 

=INFO REPORT==== 10-Dec-2019::11:03:43 ===
           ts_search:(5:<0.1094.0>) Dyn Var (RE): no Match (varname=authenticity_token), 

=INFO REPORT==== 10-Dec-2019::11:03:43 ===
           ts_search:(5:<0.961.0>) Dyn Var (RE): no Match (varname=post_id), 

=INFO REPORT==== 10-Dec-2019::11:03:44 ===
           ts_search:(5:<0.880.0>) Dyn Var (RE): no Match (varname=authenticity_token), 

=INFO REPORT==== 10-Dec-2019::11:03:44 ===
           ts_search:(5:<0.1044.0>) Dyn Var (RE): no Match (varname=post_id), 

=INFO REPORT==== 10-Dec-2019::11:03:44 ===
           ts_search:(5:<0.1091.0>) Dyn Var (RE): no Match (varname=book_id), 

=INFO REPORT==== 10-Dec-2019::11:03:44 ===
           ts_search:(5:<0.1106.0>) Dyn Var (RE): no Match (varname=convo_id), 

=INFO REPORT==== 10-Dec-2019::11:03:44 ===
           ts_search:(5:<0.1113.0>) Dyn Var (RE): no Match (varname=book_id), 

=INFO REPORT==== 10-Dec-2019::11:03:44 ===
           ts_search:(5:<0.969.0>) Dyn Var: no Match (varname=first_comment_path), 

=INFO REPORT==== 10-Dec-2019::11:03:44 ===
           ts_search:(5:<0.1051.0>) Dyn Var: no Match (varname=first_comment_path), 

=INFO REPORT==== 10-Dec-2019::11:03:44 ===
           ts_search:(5:<0.778.0>) Dyn Var (RE): no Match (varname=convo_id), 

=INFO REPORT==== 10-Dec-2019::11:03:44 ===
           ts_search:(5:<0.1036.0>) Dyn Var (RE): no Match (varname=post_id), 

=INFO REPORT==== 10-Dec-2019::11:03:44 ===
           ts_search:(5:<0.1096.0>) Dyn Var (RE): no Match (varname=post_id), 

=INFO REPORT==== 10-Dec-2019::11:03:44 ===
           ts_search:(5:<0.991.0>) Dyn Var (RE): no Match (varname=authenticity_token), 

=INFO REPORT==== 10-Dec-2019::11:03:44 ===
           ts_search:(5:<0.946.0>) Dyn Var (RE): no Match (varname=authenticity_token), 

=INFO REPORT==== 10-Dec-2019::11:03:44 ===
           ts_search:(5:<0.1055.0>) Dyn Var (RE): no Match (varname=post_id), 

=INFO REPORT==== 10-Dec-2019::11:03:44 ===
           ts_search:(5:<0.1039.0>) Dyn Var (RE): no Match (varname=post_id), 

=INFO REPORT==== 10-Dec-2019::11:03:44 ===
           ts_search:(5:<0.1046.0>) Dyn Var (RE): no Match (varname=post_id), 

=INFO REPORT==== 10-Dec-2019::11:03:45 ===
           ts_search:(5:<0.1071.0>) Dyn Var: no Match (varname=first_comment_path), 

=INFO REPORT==== 10-Dec-2019::11:03:45 ===
           ts_search:(5:<0.1018.0>) Dyn Var (RE): no Match (varname=post_id), 

=INFO REPORT==== 10-Dec-2019::11:03:45 ===
           ts_search:(5:<0.843.0>) Dyn Var (RE): no Match (varname=post_id), 

=INFO REPORT==== 10-Dec-2019::11:03:45 ===
           ts_search:(5:<0.884.0>) Dyn Var (RE): no Match (varname=authenticity_token), 

=INFO REPORT==== 10-Dec-2019::11:03:45 ===
           ts_search:(5:<0.1072.0>) Dyn Var (RE): no Match (varname=post_id), 

=INFO REPORT==== 10-Dec-2019::11:03:45 ===
           ts_search:(5:<0.973.0>) Dyn Var (RE): no Match (varname=authenticity_token), 

=INFO REPORT==== 10-Dec-2019::11:03:45 ===
           ts_search:(5:<0.936.0>) Dyn Var (RE): no Match (varname=authenticity_token), 

=INFO REPORT==== 10-Dec-2019::11:03:45 ===
           ts_search:(5:<0.880.0>) Dyn Var (RE): no Match (varname=post_id), 

=INFO REPORT==== 10-Dec-2019::11:03:45 ===
           ts_search:(5:<0.723.0>) Dyn Var: no Match (varname=first_comment_path), 

=INFO REPORT==== 10-Dec-2019::11:03:45 ===
           ts_search:(5:<0.1108.0>) Dyn Var (RE): no Match (varname=authenticity_token), 

=INFO REPORT==== 10-Dec-2019::11:03:45 ===
           ts_search:(5:<0.1013.0>) Dyn Var: no Match (varname=first_comment_path), 

=INFO REPORT==== 10-Dec-2019::11:03:45 ===
           ts_search:(5:<0.1079.0>) Dyn Var (RE): no Match (varname=authenticity_token), 

=INFO REPORT==== 10-Dec-2019::11:03:45 ===
           ts_search:(5:<0.1024.0>) Dyn Var (RE): no Match (varname=authenticity_token), 

=INFO REPORT==== 10-Dec-2019::11:03:45 ===
           ts_search:(5:<0.1066.0>) Dyn Var: no Match (varname=first_comment_path), 

=INFO REPORT==== 10-Dec-2019::11:03:45 ===
           ts_search:(5:<0.988.0>) Dyn Var (RE): no Match (varname=convo_id), 

=INFO REPORT==== 10-Dec-2019::11:03:46 ===
           ts_search:(5:<0.1085.0>) Dyn Var: no Match (varname=first_comment_path), 

=INFO REPORT==== 10-Dec-2019::11:03:46 ===
           ts_search:(5:<0.946.0>) Dyn Var (RE): no Match (varname=post_id), 

=INFO REPORT==== 10-Dec-2019::11:03:46 ===
           ts_search:(5:<0.918.0>) Dyn Var (RE): no Match (varname=authenticity_token), 

=INFO REPORT==== 10-Dec-2019::11:03:46 ===
           ts_search:(5:<0.1115.0>) Dyn Var (RE): no Match (varname=book_id), 

=INFO REPORT==== 10-Dec-2019::11:03:46 ===
           ts_search:(5:<0.927.0>) Dyn Var (RE): no Match (varname=authenticity_token), 

=INFO REPORT==== 10-Dec-2019::11:03:46 ===
           ts_search:(5:<0.983.0>) Dyn Var (RE): no Match (varname=convo_id), 

=INFO REPORT==== 10-Dec-2019::11:03:46 ===
           ts_search:(5:<0.1104.0>) Dyn Var (RE): no Match (varname=authenticity_token), 

=INFO REPORT==== 10-Dec-2019::11:03:46 ===
           ts_search:(5:<0.1110.0>) Dyn Var (RE): no Match (varname=authenticity_token), 

=INFO REPORT==== 10-Dec-2019::11:03:46 ===
           ts_search:(5:<0.989.0>) Dyn Var (RE): no Match (varname=authenticity_token), 

=INFO REPORT==== 10-Dec-2019::11:03:46 ===
           ts_search:(5:<0.973.0>) Dyn Var (RE): no Match (varname=post_id), 

=INFO REPORT==== 10-Dec-2019::11:03:46 ===
           ts_search:(5:<0.1082.0>) Dyn Var (RE): no Match (varname=authenticity_token), 

=INFO REPORT==== 10-Dec-2019::11:03:46 ===
           ts_search:(5:<0.924.0>) Dyn Var (RE): no Match (varname=convo_id), 

=INFO REPORT==== 10-Dec-2019::11:03:46 ===
           ts_search:(5:<0.1094.0>) Dyn Var (RE): no Match (varname=book_id), 

=INFO REPORT==== 10-Dec-2019::11:03:46 ===
           ts_search:(5:<0.1108.0>) Dyn Var (RE): no Match (varname=post_id), 

=INFO REPORT==== 10-Dec-2019::11:03:46 ===
           ts_search:(5:<0.939.0>) Dyn Var (RE): no Match (varname=authenticity_token), 

=INFO REPORT==== 10-Dec-2019::11:03:46 ===
           ts_search:(5:<0.1052.0>) Dyn Var: no Match (varname=first_comment_path), 

=INFO REPORT==== 10-Dec-2019::11:03:46 ===
           ts_search:(5:<0.1079.0>) Dyn Var (RE): no Match (varname=book_id), 

=INFO REPORT==== 10-Dec-2019::11:03:46 ===
           ts_search:(5:<0.1086.0>) Dyn Var (RE): no Match (varname=authenticity_token), 

=INFO REPORT==== 10-Dec-2019::11:03:47 ===
           ts_search:(5:<0.1047.0>) Dyn Var (RE): no Match (varname=book_id), 

=INFO REPORT==== 10-Dec-2019::11:03:47 ===
           ts_search:(5:<0.778.0>) Dyn Var (RE): no Match (varname=authenticity_token), 

=INFO REPORT==== 10-Dec-2019::11:03:47 ===
           ts_search:(5:<0.918.0>) Dyn Var (RE): no Match (varname=post_id), 

=INFO REPORT==== 10-Dec-2019::11:03:47 ===
           ts_search:(5:<0.1024.0>) Dyn Var (RE): no Match (varname=convo_id), 

=INFO REPORT==== 10-Dec-2019::11:03:47 ===
           ts_search:(5:<0.1106.0>) Dyn Var (RE): no Match (varname=authenticity_token), 

=INFO REPORT==== 10-Dec-2019::11:03:47 ===
           ts_search:(5:<0.1067.0>) Dyn Var (RE): no Match (varname=authenticity_token), 

=INFO REPORT==== 10-Dec-2019::11:03:47 ===
           ts_search:(5:<0.980.0>) Dyn Var (RE): no Match (varname=book_id), 

=INFO REPORT==== 10-Dec-2019::11:03:47 ===
           ts_search:(5:<0.989.0>) Dyn Var (RE): no Match (varname=convo_id), 

=INFO REPORT==== 10-Dec-2019::11:03:47 ===
           ts_search:(5:<0.1110.0>) Dyn Var (RE): no Match (varname=convo_id), 

=INFO REPORT==== 10-Dec-2019::11:03:47 ===
           ts_search:(5:<0.1127.0>) Dyn Var (RE): no Match (varname=convo_id), 

=INFO REPORT==== 10-Dec-2019::11:03:48 ===
           ts_search:(5:<0.1086.0>) Dyn Var (RE): no Match (varname=book_id), 

=INFO REPORT==== 10-Dec-2019::11:03:48 ===
           ts_search:(5:<0.1053.0>) Dyn Var (RE): no Match (varname=authenticity_token), 

=INFO REPORT==== 10-Dec-2019::11:03:48 ===
           ts_search:(5:<0.1067.0>) Dyn Var (RE): no Match (varname=post_id), 

=INFO REPORT==== 10-Dec-2019::11:03:48 ===
           ts_search:(5:<0.991.0>) Dyn Var (RE): no Match (varname=convo_id), 

=INFO REPORT==== 10-Dec-2019::11:03:48 ===
           ts_search:(5:<0.927.0>) Dyn Var (RE): no Match (varname=convo_id), 

=INFO REPORT==== 10-Dec-2019::11:03:48 ===
           ts_search:(5:<0.1020.0>) Dyn Var: no Match (varname=first_comment_path), 

=INFO REPORT==== 10-Dec-2019::11:03:48 ===
           ts_search:(5:<0.810.0>) Dyn Var (RE): no Match (varname=authenticity_token), 

=INFO REPORT==== 10-Dec-2019::11:03:48 ===
           ts_search:(5:<0.1104.0>) Dyn Var (RE): no Match (varname=convo_id), 

=INFO REPORT==== 10-Dec-2019::11:03:48 ===
           ts_search:(5:<0.988.0>) Dyn Var (RE): no Match (varname=authenticity_token), 

=INFO REPORT==== 10-Dec-2019::11:03:48 ===
           ts_search:(5:<0.1117.0>) Dyn Var (RE): no Match (varname=authenticity_token), 

=INFO REPORT==== 10-Dec-2019::11:03:49 ===
           ts_search:(5:<0.960.0>) Dyn Var (RE): no Match (varname=authenticity_token), 

=INFO REPORT==== 10-Dec-2019::11:03:49 ===
           ts_search:(5:<0.925.0>) Dyn Var (RE): no Match (varname=book_id), 

=INFO REPORT==== 10-Dec-2019::11:03:49 ===
           ts_search:(5:<0.1053.0>) Dyn Var (RE): no Match (varname=book_id), 

=INFO REPORT==== 10-Dec-2019::11:03:49 ===
           ts_search:(5:<0.1089.0>) Dyn Var: no Match (varname=first_comment_path), 

=INFO REPORT==== 10-Dec-2019::11:03:49 ===
           ts_search:(5:<0.936.0>) Dyn Var (RE): no Match (varname=book_id), 

=INFO REPORT==== 10-Dec-2019::11:03:49 ===
           ts_search:(5:<0.1068.0>) Dyn Var (RE): no Match (varname=authenticity_token), 

=INFO REPORT==== 10-Dec-2019::11:03:49 ===
           ts_search:(5:<0.944.0>) Dyn Var (RE): no Match (varname=authenticity_token), 

=INFO REPORT==== 10-Dec-2019::11:03:49 ===
           ts_search:(5:<0.1088.0>) Dyn Var (RE): no Match (varname=authenticity_token), 

=INFO REPORT==== 10-Dec-2019::11:03:49 ===
           ts_search:(5:<0.960.0>) Dyn Var (RE): no Match (varname=post_id), 

=INFO REPORT==== 10-Dec-2019::11:03:49 ===
           ts_search:(5:<0.1117.0>) Dyn Var (RE): no Match (varname=convo_id), 

=INFO REPORT==== 10-Dec-2019::11:03:49 ===
           ts_search:(5:<0.927.0>) Dyn Var (RE): no Match (varname=authenticity_token), 

=INFO REPORT==== 10-Dec-2019::11:03:50 ===
           ts_search:(5:<0.924.0>) Dyn Var (RE): no Match (varname=authenticity_token), 

=INFO REPORT==== 10-Dec-2019::11:03:50 ===
           ts_search:(5:<0.962.0>) Dyn Var: no Match (varname=first_comment_path), 

=INFO REPORT==== 10-Dec-2019::11:03:50 ===
           ts_search:(5:<0.983.0>) Dyn Var (RE): no Match (varname=authenticity_token), 

=INFO REPORT==== 10-Dec-2019::11:03:50 ===
           ts_search:(5:<0.1121.0>) Dyn Var: no Match (varname=first_comment_path), 

=INFO REPORT==== 10-Dec-2019::11:03:50 ===
           ts_search:(5:<0.1125.0>) Dyn Var (RE): no Match (varname=authenticity_token), 

=INFO REPORT==== 10-Dec-2019::11:03:50 ===
           ts_search:(5:<0.1123.0>) Dyn Var (RE): no Match (varname=authenticity_token), 

=INFO REPORT==== 10-Dec-2019::11:03:50 ===
           ts_search:(5:<0.1123.0>) Dyn Var (RE): no Match (varname=post_id), 

=INFO REPORT==== 10-Dec-2019::11:03:50 ===
           ts_search:(5:<0.1125.0>) Dyn Var (RE): no Match (varname=post_id), 

=INFO REPORT==== 10-Dec-2019::11:03:50 ===
           ts_search:(5:<0.1088.0>) Dyn Var (RE): no Match (varname=book_id), 

=INFO REPORT==== 10-Dec-2019::11:03:51 ===
           ts_search:(5:<0.1031.0>) Dyn Var (RE): no Match (varname=authenticity_token), 

=INFO REPORT==== 10-Dec-2019::11:03:51 ===
           ts_search:(5:<0.1043.0>) Dyn Var (RE): no Match (varname=authenticity_token), 

=INFO REPORT==== 10-Dec-2019::11:03:51 ===
           ts_search:(5:<0.1092.0>) Dyn Var: no Match (varname=first_comment_path), 

=INFO REPORT==== 10-Dec-2019::11:03:51 ===
           ts_search:(5:<0.1104.0>) Dyn Var (RE): no Match (varname=authenticity_token), 

=INFO REPORT==== 10-Dec-2019::11:03:51 ===
           ts_search:(5:<0.789.0>) Dyn Var (RE): no Match (varname=authenticity_token), 

=INFO REPORT==== 10-Dec-2019::11:03:52 ===
           ts_search:(5:<0.1043.0>) Dyn Var (RE): no Match (varname=convo_id), 

=INFO REPORT==== 10-Dec-2019::11:03:52 ===
           ts_search:(5:<0.1065.0>) Dyn Var: no Match (varname=first_comment_path), 

=INFO REPORT==== 10-Dec-2019::11:03:52 ===
           ts_search:(5:<0.1031.0>) Dyn Var (RE): no Match (varname=convo_id), 

=INFO REPORT==== 10-Dec-2019::11:03:52 ===
           ts_search:(5:<0.1110.0>) Dyn Var (RE): no Match (varname=authenticity_token), 

=INFO REPORT==== 10-Dec-2019::11:03:52 ===
           ts_search:(5:<0.1087.0>) Dyn Var (RE): no Match (varname=authenticity_token), 

=INFO REPORT==== 10-Dec-2019::11:03:52 ===
           ts_search:(5:<0.1087.0>) Dyn Var (RE): no Match (varname=post_id), 

=INFO REPORT==== 10-Dec-2019::11:03:52 ===
           ts_search:(5:<0.1127.0>) Dyn Var (RE): no Match (varname=authenticity_token), 

=INFO REPORT==== 10-Dec-2019::11:03:52 ===
           ts_search:(5:<0.1068.0>) Dyn Var (RE): no Match (varname=book_id), 

=INFO REPORT==== 10-Dec-2019::11:03:52 ===
           ts_search:(5:<0.1099.0>) Dyn Var (RE): no Match (varname=authenticity_token), 

=INFO REPORT==== 10-Dec-2019::11:03:52 ===
           ts_search:(5:<0.989.0>) Dyn Var (RE): no Match (varname=authenticity_token), 

=INFO REPORT==== 10-Dec-2019::11:03:53 ===
           ts_search:(5:<0.1043.0>) Dyn Var (RE): no Match (varname=authenticity_token), 

=INFO REPORT==== 10-Dec-2019::11:03:53 ===
           ts_search:(5:<0.1031.0>) Dyn Var (RE): no Match (varname=authenticity_token), 

=INFO REPORT==== 10-Dec-2019::11:03:53 ===
           ts_search:(5:<0.994.0>) Dyn Var (RE): no Match (varname=authenticity_token), 

=INFO REPORT==== 10-Dec-2019::11:03:53 ===
           ts_search:(5:<0.1083.0>) Dyn Var (RE): no Match (varname=authenticity_token), 

=INFO REPORT==== 10-Dec-2019::11:03:54 ===
           ts_search:(5:<0.1083.0>) Dyn Var (RE): no Match (varname=convo_id), 

=INFO REPORT==== 10-Dec-2019::11:03:54 ===
           ts_search:(5:<0.1083.0>) Dyn Var (RE): no Match (varname=authenticity_token), 

=INFO REPORT==== 10-Dec-2019::11:03:55 ===
           ts_search:(5:<0.1099.0>) Dyn Var (RE): no Match (varname=book_id), 

=INFO REPORT==== 10-Dec-2019::11:03:56 ===
           ts_search:(5:<0.994.0>) Dyn Var (RE): no Match (varname=convo_id), 

=INFO REPORT==== 10-Dec-2019::11:03:56 ===
           ts_search:(5:<0.991.0>) Dyn Var (RE): no Match (varname=authenticity_token), 

=INFO REPORT==== 10-Dec-2019::11:03:57 ===
           ts_search:(5:<0.1117.0>) Dyn Var (RE): no Match (varname=authenticity_token), 

=INFO REPORT==== 10-Dec-2019::11:03:58 ===
           ts_search:(5:<0.994.0>) Dyn Var (RE): no Match (varname=authenticity_token), 

=INFO REPORT==== 10-Dec-2019::11:03:58 ===
           ts_search:(5:<0.1024.0>) Dyn Var (RE): no Match (varname=authenticity_token), 

=INFO REPORT==== 10-Dec-2019::11:04:00 ===
           ts_search:(5:<0.996.0>) Dyn Var (RE): no Match (varname=authenticity_token), 

=INFO REPORT==== 10-Dec-2019::11:04:00 ===
           ts_search:(5:<0.996.0>) Dyn Var (RE): no Match (varname=post_id), 

=INFO REPORT==== 10-Dec-2019::11:04:11 ===
     ts_launcher_mgr:(5:<0.149.0>) No more active users 'tsung_controller@ip-172-31-19-117' "11538"
