
=INFO REPORT==== 26-Nov-2019::11:15:29 ===
    ts_config_server:(5:<0.102.0>) Config server started, logdir is "/home/ec2-user/.tsung/log/20191126-1115"
 
=INFO REPORT==== 26-Nov-2019::11:15:29 ===
              ts_mon:(5:<0.83.0>) starting monitor, global 

=INFO REPORT==== 26-Nov-2019::11:15:29 ===
           ts_config:(5:<0.102.0>) Reading config file: simple.xml

=INFO REPORT==== 26-Nov-2019::11:15:29 ===
           ts_config:(5:<0.102.0>) Session name for id 1 is "Make Post"

=INFO REPORT==== 26-Nov-2019::11:15:29 ===
    ts_config_server:(4:<0.102.0>) SYSINFO:Tsung version: 1.7.0

=INFO REPORT==== 26-Nov-2019::11:15:29 ===
    ts_config_server:(4:<0.102.0>) SYSINFO:Erlang version: Erlang/OTP 20 [erts-9.1] [source] [64-bit] [smp:2:2] [ds:2:2:10] [async-threads:8] [hipe] [kernel-poll:true]


=INFO REPORT==== 26-Nov-2019::11:15:29 ===
    ts_config_server:(4:<0.102.0>) SYSINFO:System architecture x86_64-unknown-linux-gnu

=INFO REPORT==== 26-Nov-2019::11:15:29 ===
    ts_config_server:(4:<0.102.0>) SYSINFO:Current path: /usr/local/lib/tsung/tsung-1.7.0/ebin/tsung.beam

=INFO REPORT==== 26-Nov-2019::11:15:29 ===
    ts_config_server:(7:<0.102.0>) sort static users: [] 

=INFO REPORT==== 26-Nov-2019::11:15:29 ===
    ts_config_server:(7:<0.102.0>) Static users with session id []

=INFO REPORT==== 26-Nov-2019::11:15:29 ===
    ts_config_server:(7:<0.102.0>) Static users with session id []

=INFO REPORT==== 26-Nov-2019::11:15:29 ===
    ts_config_server:(7:<0.102.0>) sorted phases: [{arrivalphase,1,10000,
                                                    undefined,0.001,1000,0,[],
                                                    false,1}] 

=INFO REPORT==== 26-Nov-2019::11:15:29 ===
    ts_config_server:(7:<0.102.0>) Compute popularities per phases [{arrivalphase,
                                                                     1,10000,
                                                                     undefined,
                                                                     0.001,
                                                                     1000,0,
                                                                     [],false,
                                                                     1}]
=INFO REPORT==== 26-Nov-2019::11:15:29 ===
    ts_config_server:(7:<0.102.0>) Old sessions:[{session,1,100,ts_http,
                                                  "Make Post",true,false,
                                                  10000,
                                                  {proto_opts,negotiate,
                                                   negotiate,"/http-bind/",
                                                   false,false,false,"/chat",
                                                   "binary",[],10,3,600000,
                                                   infinity,2000,32768,32768,
                                                   32768,32768,[],true,true},
                                                  undefined,18,undefined,
                                                  undefined,undefined,
                                                  undefined,undefined}]
=INFO REPORT==== 26-Nov-2019::11:15:29 ===
    ts_config_server:(7:<0.102.0>) New sessions:[{session,1,100,ts_http,
                                                  "Make Post",true,false,
                                                  10000,
                                                  {proto_opts,negotiate,
                                                   negotiate,"/http-bind/",
                                                   false,false,false,"/chat",
                                                   "binary",[],10,3,600000,
                                                   infinity,2000,32768,32768,
                                                   32768,32768,[],true,true},
                                                  undefined,18,undefined,
                                                  undefined,undefined,
                                                  undefined,undefined}]
=INFO REPORT==== 26-Nov-2019::11:15:29 ===
    ts_config_server:(7:<0.102.0>) New Total popularities:[100]
=INFO REPORT==== 26-Nov-2019::11:15:29 ===
    ts_config_server:(7:<0.122.0>) No File server defined, skip

=INFO REPORT==== 26-Nov-2019::11:15:29 ===
       ts_job_notify:(6:<0.114.0>) No listen port defined, can't open listening socket (don't worry: it's normal if you don't use job notifications) 

=INFO REPORT==== 26-Nov-2019::11:15:29 ===
           ts_os_mon:(7:<0.81.0>) Add monitoring of controller node
=INFO REPORT==== 26-Nov-2019::11:15:29 ===
       ts_os_mon_sup:(7:<0.81.0>) Starting child for plugin erlang with args {"ip-172-31-20-100",
                                                                              [],
                                                                              10000,
                                                                              {global,
                                                                               ts_mon}}

=INFO REPORT==== 26-Nov-2019::11:15:29 ===
    ts_os_mon_erlang:(6:<0.123.0>) Running os_mon on the same host as the controller, use the same beam

=INFO REPORT==== 26-Nov-2019::11:15:29 ===
              ts_mon:(5:<0.103.0>) Activate clients with text backend

=INFO REPORT==== 26-Nov-2019::11:15:29 ===
              ts_mon:(7:<0.103.0>) Tsung clients setup: [{client,"localhost",
                                                          1.0,100,[],
                                                          undefined}]

=INFO REPORT==== 26-Nov-2019::11:15:29 ===
              ts_mon:(5:<0.103.0>) Starting tsung clients on hosts: [localhost]

=INFO REPORT==== 26-Nov-2019::11:15:29 ===
    ts_config_server:(5:<0.102.0>) Start a launcher on the controller beam localhost

=INFO REPORT==== 26-Nov-2019::11:15:29 ===
               tsung:(7:<0.146.0>) open logfile  

=INFO REPORT==== 26-Nov-2019::11:15:29 ===
               tsung:(7:<0.146.0>) ok

=INFO REPORT==== 26-Nov-2019::11:15:29 ===
              ts_sup:(6:<0.146.0>) starting supervisor ...

=INFO REPORT==== 26-Nov-2019::11:15:29 ===
              ts_sup:(6:<0.147.0>) starting
=INFO REPORT==== 26-Nov-2019::11:15:29 ===
          ts_ip_scan:(6:<0.148.0>) Starting 

=INFO REPORT==== 26-Nov-2019::11:15:29 ===
     ts_launcher_mgr:(6:<0.149.0>) starting
=INFO REPORT==== 26-Nov-2019::11:15:29 ===
    ts_session_cache:(6:<0.147.0>) Starting

=INFO REPORT==== 26-Nov-2019::11:15:29 ===
        ts_mon_cache:(6:<0.147.0>) Starting

=INFO REPORT==== 26-Nov-2019::11:15:29 ===
        ts_local_mon:(6:<0.147.0>) Starting

=INFO REPORT==== 26-Nov-2019::11:15:29 ===
       ts_client_sup:(6:<0.153.0>) Starting 

=INFO REPORT==== 26-Nov-2019::11:15:29 ===
  ts_launcher_static:(6:<0.147.0>) starting 

=INFO REPORT==== 26-Nov-2019::11:15:29 ===
     ts_launcher_mgr:(7:<0.149.0>) static launcher is starting on node 'tsung_controller@ip-172-31-20-100' 

=INFO REPORT==== 26-Nov-2019::11:15:29 ===
         ts_launcher:(6:<0.147.0>) starting 

=INFO REPORT==== 26-Nov-2019::11:15:29 ===
     ts_launcher_mgr:(7:<0.149.0>) dynamic launcher is starting on node 'tsung_controller@ip-172-31-20-100' 

=INFO REPORT==== 26-Nov-2019::11:15:29 ===
    ts_config_server:(6:<0.102.0>) Application started, activate launcher, 

=INFO REPORT==== 26-Nov-2019::11:15:29 ===
  ts_launcher_static:(6:<0.102.0>) starting on node ['tsung_controller@ip-172-31-20-100']

=INFO REPORT==== 26-Nov-2019::11:15:29 ===
         ts_launcher:(6:<0.102.0>) starting on node ['tsung_controller@ip-172-31-20-100']

=INFO REPORT==== 26-Nov-2019::11:15:29 ===
  ts_launcher_static:(5:<0.154.0>) Launch msg receive ("localhost")

=INFO REPORT==== 26-Nov-2019::11:15:29 ===
         ts_launcher:(5:<0.155.0>) Launch msg receive ("localhost")

=INFO REPORT==== 26-Nov-2019::11:15:29 ===
     ts_launcher_mgr:(6:<0.149.0>) syncing already done, skip

=INFO REPORT==== 26-Nov-2019::11:15:29 ===
              ts_mon:(6:<0.103.0>) A launcher has started

=INFO REPORT==== 26-Nov-2019::11:15:29 ===
    ts_config_server:(5:<0.102.0>) New arrival phase 1 for client "localhost" (last ? true): will start 10 users

=INFO REPORT==== 26-Nov-2019::11:15:29 ===
  ts_launcher_static:(6:<0.154.0>) No static users, stop
=INFO REPORT==== 26-Nov-2019::11:15:29 ===
         ts_launcher:(7:<0.154.0>) Substract static users number to max: 0

=INFO REPORT==== 26-Nov-2019::11:15:29 ===
  ts_launcher_static:(6:<0.154.0>) launcher terminating for reason normal

=INFO REPORT==== 26-Nov-2019::11:15:29 ===
         ts_launcher:(5:<0.155.0>) Expected duration of first phase: 10.0 sec (10 users) 

=INFO REPORT==== 26-Nov-2019::11:15:29 ===
     ts_launcher_mgr:(7:<0.149.0>) static launcher is stopping on node 'tsung_controller@ip-172-31-20-100' 

=INFO REPORT==== 26-Nov-2019::11:15:29 ===
         ts_launcher:(7:<0.155.0>) maxusers is below file descriptors limit (1024000)
=INFO REPORT==== 26-Nov-2019::11:15:29 ===
         ts_launcher:(5:<0.155.0>) Activate launcher (10 users) in 1326 msec 

=INFO REPORT==== 26-Nov-2019::11:15:29 ===
         ts_launcher:(7:<0.155.0>) Set maximum users per beam to 100

=INFO REPORT==== 26-Nov-2019::11:15:30 ===
    ts_os_mon_erlang:(6:<0.123.0>) Spawn monitoring process on localhost (<0.156.0>)

=INFO REPORT==== 26-Nov-2019::11:15:31 ===
    ts_config_server:(6:<0.102.0>) Session 1 chosen

=INFO REPORT==== 26-Nov-2019::11:15:31 ===
           ts_client:(6:<0.157.0>) Starting new transaction tr_Get_Root (now-576460750303389788)

=INFO REPORT==== 26-Nov-2019::11:15:31 ===
           ts_client:(7:<0.157.0>) connect to port 80
=INFO REPORT==== 26-Nov-2019::11:15:31 ===
           ts_client:(6:<0.157.0>) Stopping transaction tr_Get_Root (-576460750279717372)

=INFO REPORT==== 26-Nov-2019::11:15:31 ===
    ts_config_server:(6:<0.102.0>) Session 1 chosen

=INFO REPORT==== 26-Nov-2019::11:15:31 ===
           ts_client:(6:<0.160.0>) Starting new transaction tr_Get_Root (now-576460749762484026)

=INFO REPORT==== 26-Nov-2019::11:15:31 ===
           ts_client:(7:<0.160.0>) connect to port 80
=INFO REPORT==== 26-Nov-2019::11:15:31 ===
           ts_client:(6:<0.160.0>) Stopping transaction tr_Get_Root (-576460749753858194)

=INFO REPORT==== 26-Nov-2019::11:15:31 ===
    ts_config_server:(6:<0.102.0>) Session 1 chosen

=INFO REPORT==== 26-Nov-2019::11:15:31 ===
           ts_client:(6:<0.161.0>) Starting new transaction tr_Get_Root (now-576460749662962703)

=INFO REPORT==== 26-Nov-2019::11:15:31 ===
           ts_client:(7:<0.161.0>) connect to port 80
=INFO REPORT==== 26-Nov-2019::11:15:31 ===
           ts_client:(6:<0.161.0>) Stopping transaction tr_Get_Root (-576460749655279296)

=INFO REPORT==== 26-Nov-2019::11:15:31 ===
           ts_client:(6:<0.157.0>) Starting new transaction tr_Get_Register (now-576460749515859370)

=INFO REPORT==== 26-Nov-2019::11:15:31 ===
           ts_search:(6:<0.157.0>) DynVar (RE): Match (authenticity_token=<<"enzFkc1PSVdC/tE97QyjiNpGya0Mu8yA6+MobH4VEdmW3ndjXPGpzAbbAYNLG+jIYozTYO/fVH90Kymt5QfuBQ==">>) Converted: <<"enzFkc1PSVdC/tE97QyjiNpGya0Mu8yA6+MobH4VEdmW3ndjXPGpzAbbAYNLG+jIYozTYO/fVH90Kymt5QfuBQ==">>

=INFO REPORT==== 26-Nov-2019::11:15:31 ===
           ts_client:(6:<0.157.0>) Stopping transaction tr_Get_Register (-576460749507467760)

=INFO REPORT==== 26-Nov-2019::11:15:31 ===
           ts_client:(6:<0.157.0>) Starting new transaction tr_Post_Register (now-576460749474857651)

=INFO REPORT==== 26-Nov-2019::11:15:31 ===
      ts_http_common:(7:<0.157.0>) Headers
-------------
POST /register HTTP/1.1
Host: jnlai-4.3hfpeaqsam.us-west-2.elasticbeanstalk.com
User-Agent: tsung
Content-Type: application/x-www-form-urlencoded
Content-Length: 264
Cookie: _myapp_session=T%2B1s9t%2FzYeon2ZSOAn03Zq4YbqI2%2F5tkOQ47hakbbPz5aL0Cy8bNAGLlQSmcDYrOJxdK%2Fso40HpcIek%2BkwhhfafjNac0L4mJU7wdUV3NMRWBDM2FUWm9uY%2BLg8vdMyjnEB2iQnY7yWpTHupR%2B8E%3D--oLNKhUmUIRAq6ya6--gMxAbAGtV4rNk3s9OMoRIQ%3D%3D



=INFO REPORT==== 26-Nov-2019::11:15:31 ===
           ts_client:(6:<0.157.0>) Stopping transaction tr_Post_Register (-576460749471386683)

=INFO REPORT==== 26-Nov-2019::11:15:32 ===
           ts_client:(6:<0.160.0>) Starting new transaction tr_Get_Register (now-576460749316702290)

=INFO REPORT==== 26-Nov-2019::11:15:32 ===
           ts_search:(6:<0.160.0>) DynVar (RE): Match (authenticity_token=<<"n9V+GNt98ZIhhH6k5ZUTJEFpOC4Y0NMy2ZxXaX4xz86GtkP1xnmoVb5GeS2e5owI3IBo+oFJj7AWgOsKX4NoGQ==">>) Converted: <<"n9V+GNt98ZIhhH6k5ZUTJEFpOC4Y0NMy2ZxXaX4xz86GtkP1xnmoVb5GeS2e5owI3IBo+oFJj7AWgOsKX4NoGQ==">>

=INFO REPORT==== 26-Nov-2019::11:15:32 ===
           ts_client:(6:<0.160.0>) Stopping transaction tr_Get_Register (-576460749304378325)

=INFO REPORT==== 26-Nov-2019::11:15:32 ===
    ts_config_server:(6:<0.102.0>) Session 1 chosen

=INFO REPORT==== 26-Nov-2019::11:15:32 ===
           ts_client:(6:<0.162.0>) Starting new transaction tr_Get_Root (now-576460749068944773)

=INFO REPORT==== 26-Nov-2019::11:15:32 ===
           ts_client:(7:<0.162.0>) connect to port 80
=INFO REPORT==== 26-Nov-2019::11:15:32 ===
           ts_client:(6:<0.162.0>) Stopping transaction tr_Get_Root (-576460749061112241)

=INFO REPORT==== 26-Nov-2019::11:15:32 ===
           ts_client:(6:<0.161.0>) Starting new transaction tr_Get_Register (now-576460748927776605)

=INFO REPORT==== 26-Nov-2019::11:15:32 ===
           ts_search:(6:<0.161.0>) DynVar (RE): Match (authenticity_token=<<"Cj+2b1omADkoiwaI8topZv9HhDak1TYk9b0mgN96l/FnrJE4SOzop+kR0lijiyYde2rMonEE3dK0J1SCbyHMuA==">>) Converted: <<"Cj+2b1omADkoiwaI8topZv9HhDak1TYk9b0mgN96l/FnrJE4SOzop+kR0lijiyYde2rMonEE3dK0J1SCbyHMuA==">>

=INFO REPORT==== 26-Nov-2019::11:15:32 ===
           ts_client:(6:<0.161.0>) Stopping transaction tr_Get_Register (-576460748918195182)

=INFO REPORT==== 26-Nov-2019::11:15:33 ===
           ts_client:(6:<0.160.0>) Starting new transaction tr_Post_Register (now-576460747744811530)

=INFO REPORT==== 26-Nov-2019::11:15:33 ===
      ts_http_common:(7:<0.160.0>) Headers
-------------
POST /register HTTP/1.1
Host: jnlai-4.3hfpeaqsam.us-west-2.elasticbeanstalk.com
User-Agent: tsung
Content-Type: application/x-www-form-urlencoded
Content-Length: 264
Cookie: _myapp_session=RYWV%2Buh2wP6zALvH%2F63Vna%2FqgDdiqNXLgTPjH6vVN2XtkC9qV4%2FA569BQRFdhBXlCx6Xq%2BQD54h3ck6BqOZgNxM79s%2F%2BeDYgWP6R3gn0mbjOnh3VQhBOy%2BKXOnONR6aYsCpCdEY8M1k4voSAomM%3D--i%2BdHucO2Os613zLa--3E2XuCQFB1mS%2FvmRq2A34Q%3D%3D



=INFO REPORT==== 26-Nov-2019::11:15:33 ===
           ts_client:(6:<0.160.0>) Stopping transaction tr_Post_Register (-576460747742257606)

=INFO REPORT==== 26-Nov-2019::11:15:33 ===
           ts_client:(6:<0.160.0>) Starting new transaction tr_Redirect_Root (now-576460747465798948)

=INFO REPORT==== 26-Nov-2019::11:15:33 ===
           ts_client:(6:<0.160.0>) Stopping transaction tr_Redirect_Root (-576460747458248991)

=INFO REPORT==== 26-Nov-2019::11:15:33 ===
           ts_client:(6:<0.160.0>) Session ending 

=INFO REPORT==== 26-Nov-2019::11:15:34 ===
           ts_client:(6:<0.162.0>) Starting new transaction tr_Get_Register (now-576460747007816656)

=INFO REPORT==== 26-Nov-2019::11:15:34 ===
           ts_search:(6:<0.162.0>) DynVar (RE): Match (authenticity_token=<<"XyimKDPKH6IUneefnb0Ovi//U4xcur0GEpQKH9Os1xkTA5unEClGs0XexPARxR/E7WuBfzbMGdwyfas6xX0ayQ==">>) Converted: <<"XyimKDPKH6IUneefnb0Ovi//U4xcur0GEpQKH9Os1xkTA5unEClGs0XexPARxR/E7WuBfzbMGdwyfas6xX0ayQ==">>

=INFO REPORT==== 26-Nov-2019::11:15:34 ===
           ts_client:(6:<0.162.0>) Stopping transaction tr_Get_Register (-576460747001932130)

=INFO REPORT==== 26-Nov-2019::11:15:34 ===
           ts_client:(6:<0.162.0>) Starting new transaction tr_Post_Register (now-576460746471866588)

=INFO REPORT==== 26-Nov-2019::11:15:34 ===
      ts_http_common:(7:<0.162.0>) Headers
-------------
POST /register HTTP/1.1
Host: jnlai-4.3hfpeaqsam.us-west-2.elasticbeanstalk.com
User-Agent: tsung
Content-Type: application/x-www-form-urlencoded
Content-Length: 260
Cookie: _myapp_session=QTSr47o5PV2ciy%2FZwD53Up9GnmHz6nNiiAssYTngjdXPmRJFzqfsceHwpfRrHgCqtNN5%2B9f8v6T00zN7xlWJETRd31RahVHW9cmdVHff%2BwgFklGaHnhUS50kN8pON9oRrvVjXaAOHRWPD7Ksv70%3D--y%2Fl0flPlPb9yvbJn--erBxo6FRJTFnSWR9KXHqGw%3D%3D



=INFO REPORT==== 26-Nov-2019::11:15:34 ===
    ts_config_server:(6:<0.102.0>) Session 1 chosen

=INFO REPORT==== 26-Nov-2019::11:15:34 ===
           ts_client:(6:<0.162.0>) Stopping transaction tr_Post_Register (-576460746467762709)

=INFO REPORT==== 26-Nov-2019::11:15:34 ===
           ts_client:(6:<0.163.0>) Starting new transaction tr_Get_Root (now-576460746465902295)

=INFO REPORT==== 26-Nov-2019::11:15:34 ===
           ts_client:(7:<0.163.0>) connect to port 80
=INFO REPORT==== 26-Nov-2019::11:15:34 ===
           ts_client:(6:<0.163.0>) Stopping transaction tr_Get_Root (-576460746458872125)

=INFO REPORT==== 26-Nov-2019::11:15:35 ===
    ts_config_server:(6:<0.102.0>) Session 1 chosen

=INFO REPORT==== 26-Nov-2019::11:15:35 ===
           ts_client:(6:<0.164.0>) Starting new transaction tr_Get_Root (now-576460746151893911)

=INFO REPORT==== 26-Nov-2019::11:15:35 ===
           ts_client:(7:<0.164.0>) connect to port 80
=INFO REPORT==== 26-Nov-2019::11:15:35 ===
           ts_client:(6:<0.164.0>) Stopping transaction tr_Get_Root (-576460746144310380)

=INFO REPORT==== 26-Nov-2019::11:15:35 ===
    ts_config_server:(6:<0.102.0>) Session 1 chosen

=INFO REPORT==== 26-Nov-2019::11:15:35 ===
           ts_client:(6:<0.165.0>) Starting new transaction tr_Get_Root (now-576460746111964434)

=INFO REPORT==== 26-Nov-2019::11:15:35 ===
           ts_client:(7:<0.165.0>) connect to port 80
=INFO REPORT==== 26-Nov-2019::11:15:35 ===
           ts_client:(6:<0.165.0>) Stopping transaction tr_Get_Root (-576460746100338090)

=INFO REPORT==== 26-Nov-2019::11:15:35 ===
    ts_config_server:(6:<0.102.0>) Session 1 chosen

=INFO REPORT==== 26-Nov-2019::11:15:35 ===
           ts_client:(6:<0.166.0>) Starting new transaction tr_Get_Root (now-576460745503957287)

=INFO REPORT==== 26-Nov-2019::11:15:35 ===
           ts_client:(7:<0.166.0>) connect to port 80
=INFO REPORT==== 26-Nov-2019::11:15:35 ===
           ts_client:(6:<0.166.0>) Stopping transaction tr_Get_Root (-576460745496505748)

=INFO REPORT==== 26-Nov-2019::11:15:35 ===
    ts_config_server:(6:<0.102.0>) Session 1 chosen

=INFO REPORT==== 26-Nov-2019::11:15:35 ===
           ts_client:(6:<0.167.0>) Starting new transaction tr_Get_Root (now-576460745492975052)

=INFO REPORT==== 26-Nov-2019::11:15:35 ===
           ts_client:(7:<0.167.0>) connect to port 80
=INFO REPORT==== 26-Nov-2019::11:15:35 ===
           ts_client:(6:<0.167.0>) Stopping transaction tr_Get_Root (-576460745485976273)

=INFO REPORT==== 26-Nov-2019::11:15:35 ===
           ts_client:(6:<0.167.0>) Starting new transaction tr_Get_Register (now-576460745428826431)

=INFO REPORT==== 26-Nov-2019::11:15:35 ===
           ts_search:(6:<0.167.0>) DynVar (RE): Match (authenticity_token=<<"DmgvEjCcKRrcrkj/QW3myOfVPIw9inF3WIE7lnjhFCCU/xDNYx8ST4LyE5fj/IxAEucoTUA0zq/aVzPFxOZzWQ==">>) Converted: <<"DmgvEjCcKRrcrkj/QW3myOfVPIw9inF3WIE7lnjhFCCU/xDNYx8ST4LyE5fj/IxAEucoTUA0zq/aVzPFxOZzWQ==">>

=INFO REPORT==== 26-Nov-2019::11:15:35 ===
           ts_client:(6:<0.167.0>) Stopping transaction tr_Get_Register (-576460745422695449)

=INFO REPORT==== 26-Nov-2019::11:15:36 ===
           ts_client:(6:<0.162.0>) Starting new transaction tr_Redirect_Root (now-576460745068905664)

=INFO REPORT==== 26-Nov-2019::11:15:36 ===
           ts_client:(6:<0.162.0>) Stopping transaction tr_Redirect_Root (-576460745061742295)

=INFO REPORT==== 26-Nov-2019::11:15:36 ===
           ts_client:(6:<0.162.0>) Session ending 

=INFO REPORT==== 26-Nov-2019::11:15:36 ===
    ts_config_server:(6:<0.102.0>) Session 1 chosen

=INFO REPORT==== 26-Nov-2019::11:15:36 ===
         ts_launcher:(5:<0.155.0>) This was the last phase, wait for connected users to finish their session

=INFO REPORT==== 26-Nov-2019::11:15:36 ===
         ts_launcher:(6:<0.155.0>) launcher terminating for reason normal

=INFO REPORT==== 26-Nov-2019::11:15:36 ===
     ts_launcher_mgr:(6:<0.149.0>) All launchers are done on node 'tsung_controller@ip-172-31-20-100', wait for active clients to finish

=INFO REPORT==== 26-Nov-2019::11:15:36 ===
     ts_launcher_mgr:(7:<0.149.0>) Still 8 active client(s)

=INFO REPORT==== 26-Nov-2019::11:15:36 ===
           ts_client:(6:<0.168.0>) Starting new transaction tr_Get_Root (now-576460744862963966)

=INFO REPORT==== 26-Nov-2019::11:15:36 ===
           ts_client:(7:<0.168.0>) connect to port 80
=INFO REPORT==== 26-Nov-2019::11:15:36 ===
           ts_client:(6:<0.168.0>) Stopping transaction tr_Get_Root (-576460744855549220)

=INFO REPORT==== 26-Nov-2019::11:15:36 ===
           ts_client:(6:<0.168.0>) Starting new transaction tr_Get_Register (now-576460744455837186)

=INFO REPORT==== 26-Nov-2019::11:15:36 ===
           ts_search:(6:<0.168.0>) DynVar (RE): Match (authenticity_token=<<"v4dqqan5J5Oo8jjU44C/Oh8QxKqOme0VLlIi/p0dRdGfoPQp61R7krhI/S91KYjmV5qEy0u1bZjuAM8Kq9lxRA==">>) Converted: <<"v4dqqan5J5Oo8jjU44C/Oh8QxKqOme0VLlIi/p0dRdGfoPQp61R7krhI/S91KYjmV5qEy0u1bZjuAM8Kq9lxRA==">>

=INFO REPORT==== 26-Nov-2019::11:15:36 ===
           ts_client:(6:<0.168.0>) Stopping transaction tr_Get_Register (-576460744448835474)

=INFO REPORT==== 26-Nov-2019::11:15:37 ===
           ts_client:(6:<0.163.0>) Starting new transaction tr_Get_Register (now-576460743876764647)

=INFO REPORT==== 26-Nov-2019::11:15:37 ===
           ts_search:(6:<0.163.0>) DynVar (RE): Match (authenticity_token=<<"7vdWw7++GpUwDOucJD1vlvo+ZS6H0d2y72RqhYDcslUn4siGriqlBA+yLXHzPTIiHhIhs5pQwjfyT/1B379+eg==">>) Converted: <<"7vdWw7++GpUwDOucJD1vlvo+ZS6H0d2y72RqhYDcslUn4siGriqlBA+yLXHzPTIiHhIhs5pQwjfyT/1B379+eg==">>

=INFO REPORT==== 26-Nov-2019::11:15:37 ===
           ts_client:(6:<0.163.0>) Stopping transaction tr_Get_Register (-576460743870589067)

=INFO REPORT==== 26-Nov-2019::11:15:37 ===
           ts_client:(6:<0.167.0>) Starting new transaction tr_Post_Register (now-576460743443868193)

=INFO REPORT==== 26-Nov-2019::11:15:37 ===
      ts_http_common:(7:<0.167.0>) Headers
-------------
POST /register HTTP/1.1
Host: jnlai-4.3hfpeaqsam.us-west-2.elasticbeanstalk.com
User-Agent: tsung
Content-Type: application/x-www-form-urlencoded
Content-Length: 260
Cookie: _myapp_session=Bb1SudIi%2BVNkXOuOQ2oUPJ5RGUsqjOq8T%2BpaGMDE5J7X%2BO81IAVl8xyrOkOYFkKcHGdk0UUSP4b2nROZFoQd5G72%2FwSk%2BZHyiIaPAGUzpMNjJwqoWXvf6uoDiOX1wLAsyMO1NTLPJ9UT11RxiJM%3D--5W8ktca8xMm3VgCu--VEazenY4S3ZBVrbdCkV5aw%3D%3D



=INFO REPORT==== 26-Nov-2019::11:15:37 ===
           ts_client:(6:<0.167.0>) Stopping transaction tr_Post_Register (-576460743434629059)

=INFO REPORT==== 26-Nov-2019::11:15:37 ===
           ts_client:(6:<0.166.0>) Starting new transaction tr_Get_Register (now-576460743422880356)

=INFO REPORT==== 26-Nov-2019::11:15:37 ===
           ts_search:(6:<0.166.0>) DynVar (RE): Match (authenticity_token=<<"vkxg6E0EW6+i9ltqnGb5V8Ndm1Hu1HOpDv2TPwWFYTb0KgF1Ay43JRml1mrEpUg8jrHW0r2mnGr/mtL7e7uBaA==">>) Converted: <<"vkxg6E0EW6+i9ltqnGb5V8Ndm1Hu1HOpDv2TPwWFYTb0KgF1Ay43JRml1mrEpUg8jrHW0r2mnGr/mtL7e7uBaA==">>

=INFO REPORT==== 26-Nov-2019::11:15:37 ===
           ts_client:(6:<0.166.0>) Stopping transaction tr_Get_Register (-576460743415876891)

=INFO REPORT==== 26-Nov-2019::11:15:38 ===
           ts_client:(6:<0.166.0>) Starting new transaction tr_Post_Register (now-576460743290843431)

=INFO REPORT==== 26-Nov-2019::11:15:38 ===
      ts_http_common:(7:<0.166.0>) Headers
-------------
POST /register HTTP/1.1
Host: jnlai-4.3hfpeaqsam.us-west-2.elasticbeanstalk.com
User-Agent: tsung
Content-Type: application/x-www-form-urlencoded
Content-Length: 262
Cookie: _myapp_session=ajCezLLFk1XAylXbYTRPcZv04huJJq0zB%2Fg0FJd%2FqTOKRKPKOHhyXhDdtTvc3AYtFGejC5sKJvX4ow4fYeaQsNssu%2BPbgwOGlvA%2BqMzcxneIn2u4ILIpZRVPEs9fJuvV25fV7gFVjWBHSQe8qcU%3D--U6OGFEVPdADSmhYK--TAwGfyTUppjajqOPXdJmkg%3D%3D



=INFO REPORT==== 26-Nov-2019::11:15:38 ===
           ts_client:(6:<0.166.0>) Stopping transaction tr_Post_Register (-576460743288302783)

=INFO REPORT==== 26-Nov-2019::11:15:38 ===
           ts_client:(6:<0.161.0>) Starting new transaction tr_Post_Register (now-576460742832758846)

=INFO REPORT==== 26-Nov-2019::11:15:38 ===
      ts_http_common:(7:<0.161.0>) Headers
-------------
POST /register HTTP/1.1
Host: jnlai-4.3hfpeaqsam.us-west-2.elasticbeanstalk.com
User-Agent: tsung
Content-Type: application/x-www-form-urlencoded
Content-Length: 264
Cookie: _myapp_session=CZXXYrF675AFLcahw3%2BvKVJtcz9oLHSf%2FbOx%2FPmNdDxm6JqHEY7TSU9qrcxAlaTxjQp0GXQY%2FagZnN6xAx6V9zKpjFv%2BnIG4cyeHo06AIRpIw0vfowcmuSUXySTgfQQ6YL9hqjTifqoupyv1Nkc%3D--HhJKL9nOos4AgF2f--jP6MyQXDkZMhKU6fvDPviA%3D%3D



=INFO REPORT==== 26-Nov-2019::11:15:38 ===
           ts_client:(6:<0.161.0>) Stopping transaction tr_Post_Register (-576460742830354314)

=INFO REPORT==== 26-Nov-2019::11:15:38 ===
           ts_client:(6:<0.157.0>) Starting new transaction tr_Redirect_Root (now-576460742758751844)

=INFO REPORT==== 26-Nov-2019::11:15:38 ===
           ts_client:(6:<0.157.0>) Stopping transaction tr_Redirect_Root (-576460742751316027)

=INFO REPORT==== 26-Nov-2019::11:15:38 ===
           ts_client:(6:<0.157.0>) Session ending 

=INFO REPORT==== 26-Nov-2019::11:15:39 ===
           ts_client:(6:<0.168.0>) Starting new transaction tr_Post_Register (now-576460742250837739)

=INFO REPORT==== 26-Nov-2019::11:15:39 ===
      ts_http_common:(7:<0.168.0>) Headers
-------------
POST /register HTTP/1.1
Host: jnlai-4.3hfpeaqsam.us-west-2.elasticbeanstalk.com
User-Agent: tsung
Content-Type: application/x-www-form-urlencoded
Content-Length: 260
Cookie: _myapp_session=s6vfGvmLRaMVkX%2FbD4EL6CDpnEchrUnp7mqdVgDEM19VKMwkCPANTQ0Z4pBxWLfYlHWJZ0XG%2B4tK7WAs60ZXyewvbnhDls9il96hZuRRHu63qoGFDkdcde1fGzwGLMaH3hokMKlov%2FJQmXdE38o%3D--HReKAgm0gM3%2Fcyfx--qPN2XDAmOEGO9oIjmOYfIw%3D%3D



=INFO REPORT==== 26-Nov-2019::11:15:39 ===
           ts_client:(6:<0.168.0>) Stopping transaction tr_Post_Register (-576460742247633598)

=INFO REPORT==== 26-Nov-2019::11:15:39 ===
           ts_client:(6:<0.166.0>) Starting new transaction tr_Redirect_Root (now-576460742228942350)

=INFO REPORT==== 26-Nov-2019::11:15:39 ===
           ts_client:(6:<0.166.0>) Stopping transaction tr_Redirect_Root (-576460742222048929)

=INFO REPORT==== 26-Nov-2019::11:15:39 ===
           ts_client:(6:<0.166.0>) Session ending 

=INFO REPORT==== 26-Nov-2019::11:15:39 ===
           ts_client:(6:<0.165.0>) Starting new transaction tr_Get_Register (now-576460741900838814)

=INFO REPORT==== 26-Nov-2019::11:15:39 ===
           ts_search:(6:<0.165.0>) DynVar (RE): Match (authenticity_token=<<"SuOwhX+SF7WKRvEW5+aPWPZIuifseyECRZYUgwJK9BDMJydyF3MHaHDsPX4fHK01kQ6xDfo3YLyxVgPFe3f+dw==">>) Converted: <<"SuOwhX+SF7WKRvEW5+aPWPZIuifseyECRZYUgwJK9BDMJydyF3MHaHDsPX4fHK01kQ6xDfo3YLyxVgPFe3f+dw==">>

=INFO REPORT==== 26-Nov-2019::11:15:39 ===
           ts_client:(6:<0.165.0>) Stopping transaction tr_Get_Register (-576460741895076543)

=INFO REPORT==== 26-Nov-2019::11:15:40 ===
           ts_client:(6:<0.168.0>) Starting new transaction tr_Redirect_Root (now-576460741151831203)

=INFO REPORT==== 26-Nov-2019::11:15:40 ===
           ts_client:(6:<0.168.0>) Stopping transaction tr_Redirect_Root (-576460741144356062)

=INFO REPORT==== 26-Nov-2019::11:15:40 ===
           ts_client:(6:<0.168.0>) Session ending 

=INFO REPORT==== 26-Nov-2019::11:15:40 ===
           ts_client:(6:<0.167.0>) Starting new transaction tr_Redirect_Root (now-576460741096842757)

=INFO REPORT==== 26-Nov-2019::11:15:40 ===
           ts_client:(6:<0.167.0>) Stopping transaction tr_Redirect_Root (-576460741089834970)

=INFO REPORT==== 26-Nov-2019::11:15:40 ===
           ts_client:(6:<0.167.0>) Session ending 

=INFO REPORT==== 26-Nov-2019::11:15:40 ===
           ts_client:(6:<0.165.0>) Starting new transaction tr_Post_Register (now-576460740877898459)

=INFO REPORT==== 26-Nov-2019::11:15:40 ===
      ts_http_common:(7:<0.165.0>) Headers
-------------
POST /register HTTP/1.1
Host: jnlai-4.3hfpeaqsam.us-west-2.elasticbeanstalk.com
User-Agent: tsung
Content-Type: application/x-www-form-urlencoded
Content-Length: 266
Cookie: _myapp_session=qkum%2B6ZP%2FFJxpY%2Flo1h3FZ4vpp2350p0z5IFXIYJHgiGmKxyFbLy03yY6QcTrTKkx6UG8XkccsTscm1I%2FxY4SdUz2wvaDdoPMj0KWqFuR84UYpCLc%2BYmUC94cY9uag1VFzjQm%2BkIEJrQpZ6AgxM%3D--BhLrAuPTYCVGf7KT--9A%2BAP%2FFPn9VQOyVFUe1n7A%3D%3D



=INFO REPORT==== 26-Nov-2019::11:15:40 ===
           ts_client:(6:<0.165.0>) Stopping transaction tr_Post_Register (-576460740875657942)

=INFO REPORT==== 26-Nov-2019::11:15:40 ===
           ts_client:(6:<0.165.0>) Starting new transaction tr_Redirect_Root (now-576460740498818059)

=INFO REPORT==== 26-Nov-2019::11:15:40 ===
           ts_client:(6:<0.165.0>) Stopping transaction tr_Redirect_Root (-576460740491686123)

=INFO REPORT==== 26-Nov-2019::11:15:40 ===
           ts_client:(6:<0.165.0>) Session ending 

=INFO REPORT==== 26-Nov-2019::11:15:40 ===
           ts_client:(6:<0.161.0>) Starting new transaction tr_Redirect_Root (now-576460740429779275)

=INFO REPORT==== 26-Nov-2019::11:15:40 ===
           ts_client:(6:<0.161.0>) Stopping transaction tr_Redirect_Root (-576460740422318847)

=INFO REPORT==== 26-Nov-2019::11:15:40 ===
           ts_client:(6:<0.161.0>) Session ending 

=INFO REPORT==== 26-Nov-2019::11:15:41 ===
     ts_launcher_mgr:(7:<0.149.0>) Still 2 active client(s)

=INFO REPORT==== 26-Nov-2019::11:15:41 ===
           ts_client:(6:<0.164.0>) Starting new transaction tr_Get_Register (now-576460739397770608)

=INFO REPORT==== 26-Nov-2019::11:15:41 ===
           ts_search:(6:<0.164.0>) DynVar (RE): Match (authenticity_token=<<"rr9kavAHolERPiEVXviBLw40vBwCzAUFCH1wzgA1SOTWDHY5gExA3RjgKZLryBRBWL06VifNowjKo/hujg2Y1Q==">>) Converted: <<"rr9kavAHolERPiEVXviBLw40vBwCzAUFCH1wzgA1SOTWDHY5gExA3RjgKZLryBRBWL06VifNowjKo/hujg2Y1Q==">>

=INFO REPORT==== 26-Nov-2019::11:15:41 ===
           ts_client:(6:<0.164.0>) Stopping transaction tr_Get_Register (-576460739391571155)

=INFO REPORT==== 26-Nov-2019::11:15:42 ===
           ts_client:(6:<0.164.0>) Starting new transaction tr_Post_Register (now-576460738558838849)

=INFO REPORT==== 26-Nov-2019::11:15:42 ===
      ts_http_common:(7:<0.164.0>) Headers
-------------
POST /register HTTP/1.1
Host: jnlai-4.3hfpeaqsam.us-west-2.elasticbeanstalk.com
User-Agent: tsung
Content-Type: application/x-www-form-urlencoded
Content-Length: 260
Cookie: _myapp_session=mgdeV6OMHtYCWRFoO7VNUq3BY6ZUF7C5mARaYTd4yuJl4Kw8amy5vMDS0mSSvFwSO343o1P71M7fRK%2BOgmskZXtB2%2FI8WcqQqpkUnz5jpbjtCuDK8hsANvUZoDbFP9qH%2F%2F0bvUlN5awOoFRitPs%3D--sG5yJd6I2l4o3E0b--BZycjpSLLTCgjF1SCS0r%2Bw%3D%3D



=INFO REPORT==== 26-Nov-2019::11:15:42 ===
           ts_client:(6:<0.164.0>) Stopping transaction tr_Post_Register (-576460738556392291)

=INFO REPORT==== 26-Nov-2019::11:15:44 ===
           ts_client:(6:<0.164.0>) Starting new transaction tr_Redirect_Root (now-576460736803870527)

=INFO REPORT==== 26-Nov-2019::11:15:44 ===
           ts_client:(6:<0.164.0>) Stopping transaction tr_Redirect_Root (-576460736794605028)

=INFO REPORT==== 26-Nov-2019::11:15:44 ===
           ts_client:(6:<0.164.0>) Session ending 

=INFO REPORT==== 26-Nov-2019::11:15:46 ===
           ts_client:(6:<0.163.0>) Starting new transaction tr_Post_Register (now-576460735232876472)

=INFO REPORT==== 26-Nov-2019::11:15:46 ===
      ts_http_common:(7:<0.163.0>) Headers
-------------
POST /register HTTP/1.1
Host: jnlai-4.3hfpeaqsam.us-west-2.elasticbeanstalk.com
User-Agent: tsung
Content-Type: application/x-www-form-urlencoded
Content-Length: 270
Cookie: _myapp_session=dIXZYpgY5g5ktiZDeBS%2FN7CL5cW2xh3r9bQAYbcnakIOx%2Fe%2Bgnas3QH%2FW1DdqHWME9vB0p10%2BLmdzl%2FpiocHbkWZANadXnCzerrtsLTyN6M4HJwJ5mKaoK1L62cHu0agF7ls6kO0lq4NUchvbSo%3D--wGKSNgbxq%2FNBHQ7U--RKrdy%2F%2BeyrW%2F1Sj1h%2BenZA%3D%3D



=INFO REPORT==== 26-Nov-2019::11:15:46 ===
           ts_client:(6:<0.163.0>) Stopping transaction tr_Post_Register (-576460735230342963)

=INFO REPORT==== 26-Nov-2019::11:15:46 ===
     ts_launcher_mgr:(7:<0.149.0>) Still 1 active client(s)

=INFO REPORT==== 26-Nov-2019::11:15:46 ===
           ts_client:(6:<0.163.0>) Starting new transaction tr_Redirect_Root (now-576460734468795136)

=INFO REPORT==== 26-Nov-2019::11:15:46 ===
           ts_client:(6:<0.163.0>) Stopping transaction tr_Redirect_Root (-576460734461337795)

=INFO REPORT==== 26-Nov-2019::11:15:46 ===
           ts_client:(6:<0.163.0>) Session ending 

=INFO REPORT==== 26-Nov-2019::11:15:51 ===
     ts_launcher_mgr:(5:<0.149.0>) No more active users 'tsung_controller@ip-172-31-20-100' "8790"

=INFO REPORT==== 26-Nov-2019::11:15:51 ===
              ts_mon:(6:<0.103.0>) Stop asked, no more users, last launcher stopped, OK to stop
