# stats: dump at 1574766939
stats: users 6 8
stats: {freemem,"tsung_controller@ip-172-31-20-100"} 1 730.375 0 730.375 730.375 0 0
stats: {load,"tsung_controller@ip-172-31-20-100"} 1 0.0 0 0.0 0.0 0 0
stats: {cpu,"tsung_controller@ip-172-31-20-100"} 1 0.2279755520486773 0 0.2279755520486773 0.2279755520486773 0 0
stats: session 4 4289.844 1978.4639190874818 7554.235 2312.543 0 0
stats: users_count 10 10
stats: finish_users_count 4 4
stats: request 29 7.018413793103445 3.1032045229945577 17.397 2.18 0 0
stats: connect 10 2.0626 2.6306135862190025 8.917 0.583 0 0
stats: page 29 7.018413793103445 3.1032045229945577 17.397 2.18 0 0
stats: tr_Get_Root 10 9.5914 4.865355571795345 23.672 6.998 0 0
stats: 200 22 22
stats: tr_Redirect_Root 4 7.26 0.2540885672359146 7.549 6.893 0 0
stats: size_rcv 51654 51654
stats: tr_Get_Register 8 7.810999999999998 2.072196720873768 12.323 5.884 0 0
stats: size_sent 9636 9636
stats: tr_Post_Register 7 3.930428571428571 2.2396106075542215 9.239 2.404 0 0
stats: connected 6 6
stats: 404 7 7
# stats: dump at 1574766949
stats: users 0 8
stats: {freemem,"tsung_controller@ip-172-31-20-100"} 1 728.92578125 0.0 730.375 728.92578125 730.375 1
stats: {load,"tsung_controller@ip-172-31-20-100"} 1 0.0 0.0 0.0 0.0 0.0 1
stats: {recvpackets,"tsung_controller@ip-172-31-20-100"} 1 138 0 138 138 0 0
stats: {sentpackets,"tsung_controller@ip-172-31-20-100"} 1 133 0 133 133 0 0
stats: {cpu,"tsung_controller@ip-172-31-20-100"} 1 0.9970089730807578 0.0 0.9970089730807578 0.2279755520486773 0.2279755520486773 1
stats: session 6 7392.602333333333 3003.4131417053204 12006.445 2312.543 4289.844 4
stats: users_count 0 10
stats: finish_users_count 6 10
stats: request 11 5.675272727272727 2.325698295562748 17.397 2.047 7.018413793103445 29
stats: connect 0 0 0 8.917 0.583 2.0626 10
stats: page 11 5.675272727272727 2.325698295562748 17.397 2.047 7.018413793103445 29
stats: 200 8 30
stats: tr_Get_Root 0 0 0 23.672 6.998 9.5914 10
stats: size_rcv 18796 70450
stats: tr_Redirect_Root 6 7.6325 0.7520163451237836 9.265 6.893 7.26 4
stats: size_sent 4698 14334
stats: tr_Get_Register 2 5.980499999999999 0.21850000000000036 12.323 5.762 7.810999999999998 8
stats: connected -6 0
stats: tr_Post_Register 3 2.406333333333333 0.12286125869813037 9.239 2.24 3.930428571428571 7
stats: 404 3 10
# stats: dump at 1574766952
stats: users 0 8
stats: {freemem,"tsung_controller@ip-172-31-20-100"} 1 728.69921875 0.0 730.375 728.69921875 729.650390625 2
stats: {load,"tsung_controller@ip-172-31-20-100"} 1 0.0 0.0 0.0 0.0 0.0 2
stats: {recvpackets,"tsung_controller@ip-172-31-20-100"} 1 24.0 0.0 138 24 138.0 1
stats: {sentpackets,"tsung_controller@ip-172-31-20-100"} 1 27.0 0.0 133 27 133.0 1
stats: {cpu,"tsung_controller@ip-172-31-20-100"} 1 0.29940119760479045 0.0 0.9970089730807578 0.2279755520486773 0.6124922625647176 2
stats: session 0 0 0 12006.445 2312.543 6151.499000000001 10
stats: users_count 0 10
stats: finish_users_count 0 10
stats: connect 0 0 0 8.917 0.583 2.0626 10
stats: request 0 0 0 17.397 2.047 6.649049999999997 40
stats: page 0 0 0 17.397 2.047 6.649049999999997 40
stats: tr_Get_Root 0 0 0 23.672 6.998 9.5914 10
stats: 200 0 30
stats: tr_Redirect_Root 0 0 0 9.265 6.893 7.483500000000001 10
stats: size_rcv 0 70450
stats: tr_Get_Register 0 0 0 12.323 5.762 7.444899999999999 10
stats: size_sent 0 14334
stats: tr_Post_Register 0 0 0 9.239 2.24 3.4732 10
stats: connected 0 0
stats: 404 0 10
EndMonitor:{1574,766952,10835}
