# stats: dump at 1574749557
stats: users 0 1
stats: {freemem,"tsung_controller@ip-172-31-20-100"} 1 738.99609375 0 738.99609375 738.99609375 0 0
stats: {load,"tsung_controller@ip-172-31-20-100"} 1 0.19921875 0 0.19921875 0.19921875 0 0
stats: {cpu,"tsung_controller@ip-172-31-20-100"} 1 4.568350168350168 0 4.568350168350168 4.568350168350168 0 0
stats: session 6 54.8605 4.000194901501672 61.763 50.831 0 0
stats: users_count 6 6
stats: finish_users_count 6 6
stats: request 6 51.98933333333334 2.6923862196118074 55.989 48.987 0 0
stats: 200 6 6
stats: connect 6 8.006666666666666 0.9617857811846092 9.772 6.606 0 0
stats: page 6 51.98933333333334 2.6923862196118074 55.989 48.987 0 0
stats: size_rcv 70740 70740
stats: size_sent 840 840
stats: connected 0 0
# stats: dump at 1574749565
stats: users 0 1
stats: {freemem,"tsung_controller@ip-172-31-20-100"} 1 738.73046875 0.0 738.99609375 738.73046875 738.99609375 1
stats: {load,"tsung_controller@ip-172-31-20-100"} 1 0.171875 0.0 0.19921875 0.171875 0.19921875 1
stats: {recvpackets,"tsung_controller@ip-172-31-20-100"} 1 251 0 251 251 0 0
stats: {sentpackets,"tsung_controller@ip-172-31-20-100"} 1 273 0 273 273 0 0
stats: {cpu,"tsung_controller@ip-172-31-20-100"} 1 0.5997001499250375 0.0 4.568350168350168 0.5997001499250375 4.568350168350168 1
stats: session 2 57.206500000000005 1.3164999999999996 61.763 50.831 54.8605 6
stats: users_count 2 8
stats: finish_users_count 2 8
stats: connect 2 8.214500000000001 0.9484999999999997 9.772 6.606 8.006666666666666 6
stats: request 2 55.269999999999996 1.3070000000000004 56.577 48.987 51.98933333333334 6
stats: page 2 55.269999999999996 1.3070000000000004 56.577 48.987 51.98933333333334 6
stats: 200 2 8
stats: size_rcv 23504 94244
stats: size_sent 280 1120
stats: connected 0 0
EndMonitor:{1574,749565,401032}
