
=INFO REPORT==== 9-Dec-2019::02:26:31 ===
    ts_config_server:(5:<0.102.0>) Config server started, logdir is "/home/ec2-user/.tsung/log/20191209-0226"
 
=INFO REPORT==== 9-Dec-2019::02:26:31 ===
              ts_mon:(5:<0.83.0>) starting monitor, global 

=INFO REPORT==== 9-Dec-2019::02:26:31 ===
           ts_config:(5:<0.102.0>) Reading config file: simple.xml

=INFO REPORT==== 9-Dec-2019::02:26:31 ===
           ts_config:(5:<0.102.0>) Session name for id 1 is "Register-Logout-Login"

=INFO REPORT==== 9-Dec-2019::02:26:31 ===
           ts_config:(5:<0.102.0>) Session name for id 2 is "Create-Book"

=INFO REPORT==== 9-Dec-2019::02:26:31 ===
           ts_config:(5:<0.102.0>) Session name for id 3 is "Create-Post"

=INFO REPORT==== 9-Dec-2019::02:26:31 ===
           ts_config:(5:<0.102.0>) Session name for id 4 is "Add_Comment"

=INFO REPORT==== 9-Dec-2019::02:26:31 ===
           ts_config:(5:<0.102.0>) Session name for id 5 is "Send-Message"

=INFO REPORT==== 9-Dec-2019::02:26:31 ===
    ts_config_server:(4:<0.102.0>) SYSINFO:Tsung version: 1.7.0

=INFO REPORT==== 9-Dec-2019::02:26:31 ===
    ts_config_server:(4:<0.102.0>) SYSINFO:Erlang version: Erlang/OTP 20 [erts-9.1] [source] [64-bit] [smp:96:96] [ds:96:96:10] [async-threads:8] [hipe] [kernel-poll:true]


=INFO REPORT==== 9-Dec-2019::02:26:31 ===
    ts_config_server:(4:<0.102.0>) SYSINFO:System architecture x86_64-unknown-linux-gnu

=INFO REPORT==== 9-Dec-2019::02:26:31 ===
    ts_config_server:(4:<0.102.0>) SYSINFO:Current path: /usr/local/lib/tsung/tsung-1.7.0/ebin/tsung.beam

=INFO REPORT==== 9-Dec-2019::02:26:31 ===
              ts_mon:(5:<0.103.0>) Activate clients with text backend

=INFO REPORT==== 9-Dec-2019::02:26:31 ===
              ts_mon:(5:<0.103.0>) Starting tsung clients on hosts: [localhost]

=INFO REPORT==== 9-Dec-2019::02:26:31 ===
    ts_config_server:(5:<0.102.0>) Start a launcher on the controller beam localhost

=INFO REPORT==== 9-Dec-2019::02:26:31 ===
  ts_launcher_static:(5:<0.154.0>) Launch msg receive ("localhost")

=INFO REPORT==== 9-Dec-2019::02:26:31 ===
         ts_launcher:(5:<0.155.0>) Launch msg receive ("localhost")

=INFO REPORT==== 9-Dec-2019::02:26:31 ===
    ts_config_server:(5:<0.102.0>) New arrival phase 1 for client "localhost" (last ? true): will start 30 users

=INFO REPORT==== 9-Dec-2019::02:26:31 ===
         ts_launcher:(5:<0.155.0>) Expected duration of first phase: 15.0 sec (30 users) 

=INFO REPORT==== 9-Dec-2019::02:26:31 ===
         ts_launcher:(5:<0.155.0>) Activate launcher (30 users) in 3655 msec 

=INFO REPORT==== 9-Dec-2019::02:26:42 ===
           ts_search:(5:<0.157.0>) Dyn Var: no Match (varname=authenticity_token), 

=INFO REPORT==== 9-Dec-2019::02:26:42 ===
           ts_search:(5:<0.157.0>) Dyn Var (RE): no Match (varname=redirect_post), 

=INFO REPORT==== 9-Dec-2019::02:26:42 ===
           ts_search:(5:<0.172.0>) Dyn Var: no Match (varname=authenticity_token), 

=INFO REPORT==== 9-Dec-2019::02:26:42 ===
           ts_search:(5:<0.172.0>) Dyn Var (RE): no Match (varname=redirect_post), 

=INFO REPORT==== 9-Dec-2019::02:26:42 ===
           ts_search:(5:<0.164.0>) Dyn Var: no Match (varname=authenticity_token), 

=INFO REPORT==== 9-Dec-2019::02:26:42 ===
           ts_search:(5:<0.164.0>) Dyn Var (RE): no Match (varname=redirect_post), 

=INFO REPORT==== 9-Dec-2019::02:26:42 ===
           ts_search:(5:<0.157.0>) Dyn Var: no Match (varname=first_comment_path), 

=INFO REPORT==== 9-Dec-2019::02:26:42 ===
           ts_search:(5:<0.157.0>) Dyn Var: no Match (varname=authenticity_token), 

=INFO REPORT==== 9-Dec-2019::02:26:42 ===
           ts_search:(5:<0.164.0>) Dyn Var: no Match (varname=first_comment_path), 

=INFO REPORT==== 9-Dec-2019::02:26:42 ===
           ts_search:(5:<0.164.0>) Dyn Var: no Match (varname=authenticity_token), 

=INFO REPORT==== 9-Dec-2019::02:26:43 ===
           ts_search:(5:<0.173.0>) Dyn Var: no Match (varname=authenticity_token), 

=INFO REPORT==== 9-Dec-2019::02:26:43 ===
           ts_search:(5:<0.173.0>) Dyn Var (RE): no Match (varname=redirect_post), 

=INFO REPORT==== 9-Dec-2019::02:26:43 ===
           ts_search:(5:<0.172.0>) Dyn Var: no Match (varname=first_comment_path), 

=INFO REPORT==== 9-Dec-2019::02:26:43 ===
           ts_search:(5:<0.172.0>) Dyn Var: no Match (varname=authenticity_token), 

=INFO REPORT==== 9-Dec-2019::02:26:43 ===
           ts_search:(5:<0.173.0>) Dyn Var: no Match (varname=first_comment_path), 

=INFO REPORT==== 9-Dec-2019::02:26:43 ===
           ts_search:(5:<0.173.0>) Dyn Var: no Match (varname=authenticity_token), 

=INFO REPORT==== 9-Dec-2019::02:26:49 ===
           ts_search:(5:<0.176.0>) Dyn Var: no Match (varname=authenticity_token), 

=INFO REPORT==== 9-Dec-2019::02:26:49 ===
           ts_search:(5:<0.176.0>) Dyn Var (RE): no Match (varname=redirect_post), 

=INFO REPORT==== 9-Dec-2019::02:26:50 ===
         ts_launcher:(5:<0.155.0>) Phase duration exceeded, but not all users were launched (1 users, 3.3% of phase)

=INFO REPORT==== 9-Dec-2019::02:26:50 ===
         ts_launcher:(5:<0.155.0>) This was the last phase, wait for connected users to finish their session

=INFO REPORT==== 9-Dec-2019::02:26:54 ===
           ts_search:(5:<0.187.0>) Dyn Var: no Match (varname=authenticity_token), 

=INFO REPORT==== 9-Dec-2019::02:26:54 ===
           ts_search:(5:<0.187.0>) Dyn Var (RE): no Match (varname=redirect_post), 

=INFO REPORT==== 9-Dec-2019::02:26:54 ===
           ts_search:(5:<0.187.0>) Dyn Var: no Match (varname=first_comment_path), 

=INFO REPORT==== 9-Dec-2019::02:26:54 ===
           ts_search:(5:<0.187.0>) Dyn Var: no Match (varname=authenticity_token), 

=INFO REPORT==== 9-Dec-2019::02:26:54 ===
           ts_search:(5:<0.188.0>) Dyn Var: no Match (varname=authenticity_token), 

=INFO REPORT==== 9-Dec-2019::02:26:54 ===
           ts_search:(5:<0.188.0>) Dyn Var (RE): no Match (varname=redirect_post), 

=INFO REPORT==== 9-Dec-2019::02:26:55 ===
           ts_search:(5:<0.188.0>) Dyn Var: no Match (varname=first_comment_path), 

=INFO REPORT==== 9-Dec-2019::02:26:55 ===
           ts_search:(5:<0.188.0>) Dyn Var: no Match (varname=authenticity_token), 

=INFO REPORT==== 9-Dec-2019::02:26:56 ===
           ts_search:(5:<0.176.0>) Dyn Var: no Match (varname=first_comment_path), 

=INFO REPORT==== 9-Dec-2019::02:26:56 ===
           ts_search:(5:<0.176.0>) Dyn Var: no Match (varname=authenticity_token), 

=INFO REPORT==== 9-Dec-2019::02:26:57 ===
           ts_search:(5:<0.178.0>) Dyn Var: no Match (varname=authenticity_token), 

=INFO REPORT==== 9-Dec-2019::02:26:57 ===
           ts_search:(5:<0.178.0>) Dyn Var (RE): no Match (varname=redirect_post), 

=INFO REPORT==== 9-Dec-2019::02:26:59 ===
           ts_search:(5:<0.178.0>) Dyn Var: no Match (varname=first_comment_path), 

=INFO REPORT==== 9-Dec-2019::02:26:59 ===
           ts_search:(5:<0.178.0>) Dyn Var: no Match (varname=authenticity_token), 

=INFO REPORT==== 9-Dec-2019::02:28:05 ===
     ts_launcher_mgr:(5:<0.149.0>) No more active users 'tsung_controller@ip-172-31-33-214' "7420"
