# stats: dump at 1575858401
stats: users 15 15
stats: {freemem,"tsung_controller@ip-172-31-33-214"} 1 379628.7109375 0 379628.7109375 379628.7109375 0 0
stats: {load,"tsung_controller@ip-172-31-33-214"} 1 0.0 0 0.0 0.0 0 0
stats: {cpu,"tsung_controller@ip-172-31-33-214"} 1 0.005919968209210138 0 0.005919968209210138 0.005919968209210138 0 0
stats: users_count 15 15
stats: finish_users_count 0 0
stats: request 31 48.01216129032259 76.29195689738239 380.754 5.596 0 0
stats: connect 13 2.2381538461538466 2.726845200146523 11.674 1.173 0 0
stats: page 31 48.01216129032259 76.29195689738239 380.754 5.596 0 0
stats: tr_Initial_Get_Root 8 22.430625000000003 24.645113496074128 87.29 11.479 0 0
stats: 302 11 11
stats: tr_Redirect_Root 3 29.48933333333333 19.23952940057411 56.308 12.104 0 0
stats: 200 20 20
stats: tr_Authenticate_User 5 2175.936 613.1413755456404 3369.808 1622.078 0 0
stats: size_rcv 186830 186830
stats: size_sent 13592 13592
stats: connected 13 13
# stats: dump at 1575858411
stats: users 24 26
stats: {freemem,"tsung_controller@ip-172-31-33-214"} 1 379625.62109375 0.0 379628.7109375 379625.62109375 379628.7109375 1
stats: {load,"tsung_controller@ip-172-31-33-214"} 1 0.0 0.0 0.0 0.0 0.0 1
stats: {recvpackets,"tsung_controller@ip-172-31-33-214"} 1 352 0 352 352 0 0
stats: {sentpackets,"tsung_controller@ip-172-31-33-214"} 1 391 0 391 391 0 0
stats: {cpu,"tsung_controller@ip-172-31-33-214"} 1 0.013532222303184235 0.0 0.013532222303184235 0.005919968209210138 0.005919968209210138 1
stats: session 5 10974.344799999999 3174.8309315846986 14776.735 6962.21 0 0
stats: users_count 14 29
stats: finish_users_count 5 5
stats: request 107 33.28359813084111 47.085137095142954 380.754 0.963 48.01216129032259 31
stats: connect 18 1.5119444444444445 0.1526300801219232 11.674 1.173 2.2381538461538466 13
stats: page 107 33.28359813084111 47.085137095142954 380.754 0.963 48.01216129032259 31
stats: tr_Initial_Get_Root 10 15.383200000000002 8.750564688064422 87.29 11.066 22.430625000000003 8
stats: 302 37 48
stats: tr_Redirect_Root 13 13.120538461538462 2.2299734601864873 56.308 11.307 29.48933333333333 3
stats: 200 51 71
stats: tr_Post_New_Comment_On_Post 5 5.4478 0.7413745072498781 6.608 4.808 0 0
stats: size_rcv 491364 678194
stats: tr_Get_Post 5 62.6106 48.0898568540186 152.375 23.423 0 0
stats: 422 5 5
stats: tr_Redirect_To_Post 6 28.19333333333333 5.128461844343671 39.149 23.57 0 0
stats: size_sent 54212 67804
stats: tr_Get_Logout 3 8.526666666666667 2.6354740665685856 12.212 6.202 0 0
stats: connected 10 23
stats: tr_Post_New_Comment_On_Comment 3 1.218 0.04598550496261476 1.26 1.154 0 0
stats: 400 3 3
stats: tr_Get_Root 3 16.024666666666665 2.323566272397288 19.28 14.009 0 0
stats: 500 11 11
stats: tr_Get_Conversations 1 19.003 0 19.003 19.003 0 0
stats: tr_Authenticate_User 17 3345.5254117647064 2038.7828736661388 8437.371 694.375 2175.936 5
stats: tr_Get_Login 2 12.131499999999999 4.9115 17.043 7.22 0 0
stats: tr_Post_Login 2 128.8235 2.445499999999999 131.269 126.378 0 0
stats: tr_Get_New_Book 3 8.615 1.3810438081393366 10.369 6.994 0 0
stats: tr_Post_New_Book 3 7.565333333333334 0.5942257333894441 8.021 6.726 0 0
stats: tr_Redirect_To_New_Book 1 8.813 0 8.813 8.813 0 0
# stats: dump at 1575858421
stats: users 13 26
stats: {freemem,"tsung_controller@ip-172-31-33-214"} 1 379623.7734375 0.0 379628.7109375 379623.7734375 379627.166015625 2
stats: {load,"tsung_controller@ip-172-31-33-214"} 1 0.0 0.0 0.0 0.0 0.0 2
stats: {recvpackets,"tsung_controller@ip-172-31-33-214"} 1 552.0 0.0 552 352 352.0 1
stats: {sentpackets,"tsung_controller@ip-172-31-33-214"} 1 353.0 0.0 391 353 391.0 1
stats: {cpu,"tsung_controller@ip-172-31-33-214"} 1 0.009369241820131376 0.0 0.013532222303184235 0.005919968209210138 0.009726095256197186 2
stats: session 11 15233.218545454543 3149.900282851575 19325.137 6962.21 10974.344799999999 5
stats: users_count 0 29
stats: finish_users_count 11 16
stats: request 67 40.276194029850735 55.97168236966538 380.754 0.87 36.5921884057971 138
stats: connect 4 1.411 0.11151905666745929 11.674 1.173 1.8164838709677422 31
stats: page 67 40.276194029850735 55.97168236966538 380.754 0.87 36.5921884057971 138
stats: tr_Initial_Get_Root 0 0 0 87.29 11.066 18.515388888888893 18
stats: 302 23 71
stats: tr_Redirect_Root 12 16.799916666666665 5.76559774955921 56.308 11.307 16.189687499999998 16
stats: 200 27 98
stats: tr_Post_New_Comment_On_Post 3 5.847666666666666 0.2514310155003867 6.608 4.808 5.4478 5
stats: size_rcv 267307 945501
stats: tr_Get_Post 3 25.805333333333333 1.5146692341527537 152.375 23.423 62.6106 5
stats: 422 3 8
stats: tr_Redirect_To_Post 8 27.903 2.735119010207783 39.149 23.57 28.19333333333333 6
stats: size_sent 38559 106363
stats: tr_Get_Logout 2 8.533 1.9679999999999993 12.212 6.202 8.526666666666667 3
stats: connected -10 13
stats: tr_Post_New_Comment_On_Comment 3 1.1290000000000002 0.030408332191467886 1.26 1.1 1.218 3
stats: 400 3 6
stats: tr_Get_Root 0 0 0 19.28 14.009 16.024666666666665 3
stats: 500 11 22
stats: tr_Get_Conversations 1 10.971 0.0 19.003 10.971 19.003 1
stats: tr_Authenticate_User 7 4512.360714285714 2124.90791550543 8437.371 694.375 3079.709636363637 22
stats: tr_Get_Login 3 6.148333333333333 0.34528474561665085 17.043 5.698 12.131499999999999 2
stats: tr_Post_Login 3 129.53 0.8453721074178008 131.269 126.378 128.8235 2
stats: tr_Get_New_Conversation 2 247.96550000000002 14.639500000000005 262.605 233.326 0 0
stats: tr_Post_New_Conversation 2 62.283500000000004 1.4105000000000008 63.694 60.873 0 0
stats: tr_Get_New_Book 3 17.055333333333333 14.327172931957726 37.315 6.678 8.615 3
stats: tr_Post_New_Book 3 14.037666666666668 5.203899136438198 20.367 6.726 7.565333333333334 3
stats: tr_Redirect_To_New_Book 4 19.271749999999997 16.568256476995398 47.949 8.708 8.813 1
# stats: dump at 1575858431
stats: users 8 26
stats: {freemem,"tsung_controller@ip-172-31-33-214"} 1 379620.73828125 0.0 379628.7109375 379620.73828125 379626.03515625 3
stats: {load,"tsung_controller@ip-172-31-33-214"} 1 0.0 0.0 0.0 0.0 0.0 3
stats: {recvpackets,"tsung_controller@ip-172-31-33-214"} 1 301.0 0.0 552 301 452.0 2
stats: {sentpackets,"tsung_controller@ip-172-31-33-214"} 1 187.0 0.0 391 187 372.0 2
stats: {cpu,"tsung_controller@ip-172-31-33-214"} 1 0.005204700885840091 0.0 0.013532222303184235 0.005204700885840091 0.009607144110841915 3
stats: session 5 19081.7918 4068.7523187632055 26826.128 6962.21 13902.320499999998 16
stats: users_count 0 29
stats: finish_users_count 5 21
stats: request 13 24.972461538461538 17.246417213730485 380.754 0.87 37.79622926829268 205
stats: connect 2 1.524 0.016000000000000014 11.674 1.173 1.7701428571428572 35
stats: page 11 29.556818181818183 20.313648335397925 380.754 0.87 37.79622926829268 205
stats: tr_Initial_Get_Root 0 0 0 87.29 11.066 18.515388888888893 18
stats: 302 2 73
stats: tr_Redirect_Root 1 44.389 0.0 56.308 11.307 16.451214285714283 28
stats: 200 7 105
stats: tr_Post_New_Comment_On_Post 0 0 0 6.608 4.808 5.59775 8
stats: size_rcv 34338 979839
stats: tr_Get_Post 0 0 0 152.375 23.423 48.808625 8
stats: 422 0 8
stats: tr_Redirect_To_Post 2 37.5765 5.7335 43.31 23.57 28.027428571428572 14
stats: size_sent 6508 112871
stats: tr_Get_Logout 0 0 0 12.212 6.202 8.5292 5
stats: connected -5 8
stats: tr_Post_New_Comment_On_Comment 2 1.1835 0.04849999999999999 1.26 1.1 1.1735 6
stats: 400 2 8
stats: tr_Get_Root 0 0 0 19.28 14.009 16.024666666666665 3
stats: 500 2 24
stats: tr_Get_Conversations 1 10.351 0.0 19.003 10.351 14.987 2
stats: tr_Authenticate_User 0 0 0 8437.371 694.375 3425.5219655172414 29
stats: tr_Get_Login 0 0 0 17.043 5.698 8.541599999999999 5
stats: tr_Post_Login 0 0 0 131.269 126.378 129.24740000000003 5
stats: tr_Get_New_Conversation 0 0 0 262.605 233.326 247.96550000000002 2
stats: tr_Post_New_Conversation 0 0 0 63.694 60.873 62.283500000000004 2
stats: tr_Redirect_To_New_Conversation 2 43.387 19.43 62.817 23.957 0 0
stats: tr_Redirect_To_Same_Conversation 2 17.942500000000003 0.09549999999999859 18.038 17.847 0 0
stats: tr_Reply_To_Conversation 2 30.1685 1.3545000000000007 31.523 28.814 0 0
stats: tr_Get_New_Book 0 0 0 37.315 6.678 12.835166666666666 6
stats: tr_Post_New_Book 0 0 0 20.367 6.726 10.801500000000003 6
stats: tr_Redirect_To_New_Book 1 11.879 0.0 47.949 8.708 17.18 5
# stats: dump at 1575858441
stats: users 7 26
stats: {freemem,"tsung_controller@ip-172-31-33-214"} 1 379620.98046875 0.0 379628.7109375 379620.73828125 379624.7109375 4
stats: {load,"tsung_controller@ip-172-31-33-214"} 1 0.0 0.0 0.0 0.0 0.0 4
stats: {recvpackets,"tsung_controller@ip-172-31-33-214"} 1 56.0 0.0 552 56 401.6666666666667 3
stats: {sentpackets,"tsung_controller@ip-172-31-33-214"} 1 47.0 0.0 391 47 310.3333333333333 3
stats: {cpu,"tsung_controller@ip-172-31-33-214"} 1 0.0031229830734317418 0.0 0.013532222303184235 0.0031229830734317418 0.008506533304591458 4
stats: session 1 27646.675 0.0 27646.675 6962.21 15135.52795238095 21
stats: users_count 0 29
stats: finish_users_count 1 22
stats: request 5 76.917 110.04141907845428 380.754 0.87 37.03150917431192 218
stats: connect 0 0 0 11.674 1.173 1.7568378378378378 37
stats: page 4 96.1685 116.31784452417438 380.754 0.87 37.376629629629626 216
stats: tr_Initial_Get_Root 0 0 0 87.29 11.066 18.515388888888893 18
stats: 302 2 75
stats: tr_Redirect_Root 0 0 0 56.308 11.307 17.414586206896548 29
stats: 200 3 108
stats: tr_Post_New_Comment_On_Post 0 0 0 6.608 4.808 5.59775 8
stats: size_rcv 11478 991317
stats: tr_Get_Post 0 0 0 152.375 23.423 48.808625 8
stats: 422 0 8
stats: tr_Redirect_To_Post 0 0 0 43.31 23.57 29.221062500000002 16
stats: size_sent 2705 115576
stats: tr_Get_Logout 0 0 0 12.212 6.202 8.5292 5
stats: connected -1 7
stats: tr_Post_New_Comment_On_Comment 0 0 0 1.26 1.1 1.1760000000000002 8
stats: 400 0 8
stats: tr_Get_Root 0 0 0 19.28 14.009 16.024666666666665 3
stats: 500 0 24
stats: tr_Get_Conversations 0 0 0 19.003 10.351 13.441666666666668 3
stats: tr_Authenticate_User 0 0 0 8437.371 694.375 3425.5219655172414 29
stats: tr_Get_Login 0 0 0 17.043 5.698 8.541599999999999 5
stats: tr_Post_Login 0 0 0 131.269 126.378 129.24740000000003 5
stats: tr_Get_New_Conversation 1 297.087 0.0 297.087 233.326 247.96550000000002 2
stats: tr_Post_New_Conversation 1 23.755 0.0 63.694 23.755 62.283500000000004 2
stats: tr_Redirect_To_New_Conversation 1 19.121 0.0 62.817 19.121 43.387 2
stats: tr_Redirect_To_Same_Conversation 1 17.695 0.0 18.038 17.695 17.942500000000003 2
stats: tr_Reply_To_Conversation 1 28.012 0.0 31.523 28.012 30.1685 2
stats: tr_Get_New_Book 0 0 0 37.315 6.678 12.835166666666666 6
stats: tr_Post_New_Book 0 0 0 20.367 6.726 10.801500000000003 6
stats: tr_Redirect_To_New_Book 0 0 0 47.949 8.708 16.2965 6
# stats: dump at 1575858451
stats: users 7 26
stats: {freemem,"tsung_controller@ip-172-31-33-214"} 1 379621.10546875 0.0 379628.7109375 379620.73828125 379623.96484375 5
stats: {load,"tsung_controller@ip-172-31-33-214"} 1 0.0 0.0 0.0 0.0 0.0 5
stats: {recvpackets,"tsung_controller@ip-172-31-33-214"} 1 18.0 0.0 552 18 315.25 4
stats: {sentpackets,"tsung_controller@ip-172-31-33-214"} 1 17.0 0.0 391 17 244.5 4
stats: {cpu,"tsung_controller@ip-172-31-33-214"} 1 0.0 0.0 0.013532222303184235 0.0 0.007429823258359515 5
stats: session 0 0 0 27646.675 6962.21 15704.21645454545 22
stats: users_count 0 29
stats: finish_users_count 0 22
stats: request 0 0 0 380.754 0.87 37.92580269058295 223
stats: connect 0 0 0 11.674 1.173 1.7568378378378378 37
stats: page 0 0 0 380.754 0.87 38.44557272727272 220
stats: tr_Initial_Get_Root 0 0 0 87.29 11.066 18.515388888888893 18
stats: 302 0 75
stats: tr_Redirect_Root 0 0 0 56.308 11.307 17.414586206896548 29
stats: 200 0 108
stats: tr_Post_New_Comment_On_Post 0 0 0 6.608 4.808 5.59775 8
stats: size_rcv 0 991317
stats: tr_Get_Post 0 0 0 152.375 23.423 48.808625 8
stats: 422 0 8
stats: tr_Redirect_To_Post 0 0 0 43.31 23.57 29.221062500000002 16
stats: size_sent 0 115576
stats: tr_Get_Logout 0 0 0 12.212 6.202 8.5292 5
stats: connected 0 7
stats: tr_Post_New_Comment_On_Comment 0 0 0 1.26 1.1 1.1760000000000002 8
stats: 400 0 8
stats: tr_Get_Root 0 0 0 19.28 14.009 16.024666666666665 3
stats: 500 0 24
stats: tr_Get_Conversations 0 0 0 19.003 10.351 13.441666666666668 3
stats: tr_Authenticate_User 0 0 0 8437.371 694.375 3425.5219655172414 29
stats: tr_Get_Login 0 0 0 17.043 5.698 8.541599999999999 5
stats: tr_Post_Login 0 0 0 131.269 126.378 129.24740000000003 5
stats: tr_Get_New_Conversation 0 0 0 297.087 233.326 264.33933333333334 3
stats: tr_Post_New_Conversation 0 0 0 63.694 23.755 49.440666666666665 3
stats: tr_Redirect_To_New_Conversation 0 0 0 62.817 19.121 35.29833333333333 3
stats: tr_Redirect_To_Same_Conversation 0 0 0 18.038 17.695 17.860000000000003 3
stats: tr_Reply_To_Conversation 0 0 0 31.523 28.012 29.44966666666667 3
stats: tr_Get_New_Book 0 0 0 37.315 6.678 12.835166666666666 6
stats: tr_Post_New_Book 0 0 0 20.367 6.726 10.801500000000003 6
stats: tr_Redirect_To_New_Book 0 0 0 47.949 8.708 16.2965 6
# stats: dump at 1575858461
stats: users 6 26
stats: {freemem,"tsung_controller@ip-172-31-33-214"} 1 379616.61328125 0.0 379628.7109375 379616.61328125 379623.48828125 6
stats: {load,"tsung_controller@ip-172-31-33-214"} 1 0.0 0.0 0.0 0.0 0.0 6
stats: {recvpackets,"tsung_controller@ip-172-31-33-214"} 1 8.0 0.0 552 8 255.8 5
stats: {sentpackets,"tsung_controller@ip-172-31-33-214"} 1 8.0 0.0 391 8 199.0 5
stats: {cpu,"tsung_controller@ip-172-31-33-214"} 1 0.0062459661468634835 0.0 0.013532222303184235 0.0 0.006191519381966263 6
stats: session 1 64700.246 0.0 64700.246 6962.21 15704.21645454545 22
stats: users_count 0 29
stats: finish_users_count 1 23
stats: request 4 15022.237499999997 25985.45476148083 60030.363 0.87 37.92580269058295 223
stats: connect 0 0 0 11.674 1.173 1.7568378378378378 37
stats: page 4 15022.237499999997 25985.45476148083 60030.363 0.87 38.44557272727272 220
stats: tr_Initial_Get_Root 0 0 0 87.29 11.066 18.515388888888893 18
stats: 302 1 76
stats: tr_Redirect_Root 0 0 0 56.308 11.307 17.414586206896548 29
stats: 504 1 1
stats: tr_Post_New_Comment_On_Post 0 0 0 6.608 4.808 5.59775 8
stats: 200 2 110
stats: tr_Get_Post 0 0 0 152.375 23.423 48.808625 8
stats: size_rcv 8193 999510
stats: tr_Redirect_To_Post 0 0 0 43.31 23.57 29.221062500000002 16
stats: 422 0 8
stats: tr_Get_Logout 0 0 0 12.212 6.202 8.5292 5
stats: size_sent 1737 117313
stats: tr_Post_New_Comment_On_Comment 0 0 0 1.26 1.1 1.1760000000000002 8
stats: connected -1 6
stats: tr_Get_Root 0 0 0 19.28 14.009 16.024666666666665 3
stats: 400 0 8
stats: tr_Redirect_To_New_Post 1 33.283 0 33.283 33.283 0 0
stats: 500 0 24
stats: tr_Post_New_Post 1 10.426 0 10.426 10.426 0 0
stats: tr_Get_New_Post 1 15.459 0 15.459 15.459 0 0
stats: tr_Get_Conversations 0 0 0 19.003 10.351 13.441666666666668 3
stats: tr_Authenticate_User 0 0 0 8437.371 694.375 3425.5219655172414 29
stats: tr_Get_Login 0 0 0 17.043 5.698 8.541599999999999 5
stats: tr_Post_Login 0 0 0 131.269 126.378 129.24740000000003 5
stats: tr_Get_New_Conversation 0 0 0 297.087 233.326 264.33933333333334 3
stats: tr_Post_New_Conversation 0 0 0 63.694 23.755 49.440666666666665 3
stats: tr_Redirect_To_New_Conversation 0 0 0 62.817 19.121 35.29833333333333 3
stats: tr_Redirect_To_Same_Conversation 0 0 0 18.038 17.695 17.860000000000003 3
stats: tr_Reply_To_Conversation 0 0 0 31.523 28.012 29.44966666666667 3
stats: tr_Get_New_Book 0 0 0 37.315 6.678 12.835166666666666 6
stats: tr_Post_New_Book 0 0 0 20.367 6.726 10.801500000000003 6
stats: tr_Redirect_To_New_Book 0 0 0 47.949 8.708 16.2965 6
stats: tr_Get_Book 1 60030.652 0 60030.652 60030.652 0 0
# stats: dump at 1575858471
stats: users 6 26
stats: {freemem,"tsung_controller@ip-172-31-33-214"} 1 379617.33984375 0.0 379628.7109375 379616.61328125 379622.50613839284 7
stats: {load,"tsung_controller@ip-172-31-33-214"} 1 0.0 0.0 0.0 0.0 0.0 7
stats: {recvpackets,"tsung_controller@ip-172-31-33-214"} 1 12.0 0.0 552 8 214.5 6
stats: {sentpackets,"tsung_controller@ip-172-31-33-214"} 1 12.0 0.0 391 8 167.16666666666666 6
stats: {cpu,"tsung_controller@ip-172-31-33-214"} 1 0.0010410160316468872 0.0 0.013532222303184235 0.0 0.006199297491237294 7
stats: session 0 0 0 64700.246 6962.21 17834.47860869565 23
stats: users_count 0 29
stats: finish_users_count 0 23
stats: request 3 20007.760666666665 28280.985558457025 60030.363 0.87 301.96653744493386 227
stats: connect 0 0 0 11.674 1.173 1.7568378378378378 37
stats: page 3 20007.760666666665 28280.985558457025 60030.363 0.87 306.0132857142857 224
stats: tr_Initial_Get_Root 0 0 0 87.29 11.066 18.515388888888893 18
stats: 302 1 77
stats: tr_Redirect_Root 0 0 0 56.308 11.307 17.414586206896548 29
stats: 504 1 2
stats: tr_Post_New_Comment_On_Post 0 0 0 6.608 4.808 5.59775 8
stats: 200 1 111
stats: tr_Get_Post 0 0 0 152.375 23.423 48.808625 8
stats: size_rcv 5012 1004522
stats: tr_Redirect_To_Post 0 0 0 43.31 23.57 29.221062500000002 16
stats: 422 0 8
stats: tr_Get_Logout 0 0 0 12.212 6.202 8.5292 5
stats: size_sent 1147 118460
stats: tr_Post_New_Comment_On_Comment 0 0 0 1.26 1.1 1.1760000000000002 8
stats: connected 0 6
stats: tr_Get_Root 0 0 0 19.28 14.009 16.024666666666665 3
stats: 400 0 8
stats: tr_Redirect_To_New_Post 0 0 0 33.283 33.283 33.283 1
stats: 500 0 24
stats: tr_Post_New_Post 1 10.404 0.0 10.426 10.404 10.426 1
stats: tr_Get_New_Post 1 10.021 0.0 15.459 10.021 15.459 1
stats: tr_Get_Conversations 0 0 0 19.003 10.351 13.441666666666668 3
stats: tr_Authenticate_User 0 0 0 8437.371 694.375 3425.5219655172414 29
stats: tr_Get_Login 0 0 0 17.043 5.698 8.541599999999999 5
stats: tr_Post_Login 0 0 0 131.269 126.378 129.24740000000003 5
stats: tr_Get_New_Conversation 0 0 0 297.087 233.326 264.33933333333334 3
stats: tr_Post_New_Conversation 0 0 0 63.694 23.755 49.440666666666665 3
stats: tr_Redirect_To_New_Conversation 0 0 0 62.817 19.121 35.29833333333333 3
stats: tr_Redirect_To_Same_Conversation 0 0 0 18.038 17.695 17.860000000000003 3
stats: tr_Reply_To_Conversation 0 0 0 31.523 28.012 29.44966666666667 3
stats: tr_Get_New_Book 0 0 0 37.315 6.678 12.835166666666666 6
stats: tr_Post_New_Book 0 0 0 20.367 6.726 10.801500000000003 6
stats: tr_Redirect_To_New_Book 0 0 0 47.949 8.708 16.2965 6
stats: tr_Get_Book 1 60003.279 0.0 60030.652 60003.279 60030.652 1
# stats: dump at 1575858481
stats: users 3 26
stats: {freemem,"tsung_controller@ip-172-31-33-214"} 1 379613.6953125 0.0 379628.7109375 379613.6953125 379621.8603515625 8
stats: {load,"tsung_controller@ip-172-31-33-214"} 1 0.0 0.0 0.0 0.0 0.0 8
stats: {recvpackets,"tsung_controller@ip-172-31-33-214"} 1 7.0 0.0 552 7 185.57142857142858 7
stats: {sentpackets,"tsung_controller@ip-172-31-33-214"} 1 6.0 0.0 391 6 145.0 7
stats: {cpu,"tsung_controller@ip-172-31-33-214"} 1 0.0010410918971817643 0.0 0.013532222303184235 0.0 0.005554512308788493 8
stats: session 3 74957.74966666667 3148.681854984857 78605.671 6962.21 17834.47860869565 23
stats: users_count 0 29
stats: finish_users_count 3 26
stats: request 15 16014.153400000003 26530.950206141013 60034.404 0.87 558.9986347826085 230
stats: connect 0 0 0 11.674 1.173 1.7568378378378378 37
stats: page 15 16014.153400000003 26530.950206141013 60034.404 0.87 566.3888017621144 227
stats: tr_Initial_Get_Root 0 0 0 87.29 11.066 18.515388888888893 18
stats: 302 4 81
stats: tr_Redirect_Root 0 0 0 56.308 11.307 17.414586206896548 29
stats: 504 4 6
stats: tr_Post_New_Comment_On_Post 0 0 0 6.608 4.808 5.59775 8
stats: 200 7 118
stats: tr_Get_Post 0 0 0 152.375 23.423 48.808625 8
stats: size_rcv 29589 1034111
stats: tr_Redirect_To_Post 0 0 0 43.31 23.57 29.221062500000002 16
stats: 422 0 8
stats: tr_Get_Logout 0 0 0 12.212 6.202 8.5292 5
stats: size_sent 6341 124801
stats: tr_Post_New_Comment_On_Comment 0 0 0 1.26 1.1 1.1760000000000002 8
stats: connected -3 3
stats: tr_Get_Root 0 0 0 19.28 14.009 16.024666666666665 3
stats: 400 0 8
stats: tr_Redirect_To_New_Post 3 29.44666666666667 0.23481387428249562 33.283 29.201 33.283 1
stats: 500 0 24
stats: tr_Post_New_Post 4 10.258000000000001 0.9817048945584416 11.47 8.853 10.415 2
stats: tr_Get_New_Post 4 10.44375 0.5253234122899912 15.459 9.647 12.74 2
stats: tr_Get_Conversations 0 0 0 19.003 10.351 13.441666666666668 3
stats: tr_Authenticate_User 0 0 0 8437.371 694.375 3425.5219655172414 29
stats: tr_Get_Login 0 0 0 17.043 5.698 8.541599999999999 5
stats: tr_Post_Login 0 0 0 131.269 126.378 129.24740000000003 5
stats: tr_Get_New_Conversation 0 0 0 297.087 233.326 264.33933333333334 3
stats: tr_Post_New_Conversation 0 0 0 63.694 23.755 49.440666666666665 3
stats: tr_Redirect_To_New_Conversation 0 0 0 62.817 19.121 35.29833333333333 3
stats: tr_Redirect_To_Same_Conversation 0 0 0 18.038 17.695 17.860000000000003 3
stats: tr_Reply_To_Conversation 0 0 0 31.523 28.012 29.44966666666667 3
stats: tr_Get_New_Book 0 0 0 37.315 6.678 12.835166666666666 6
stats: tr_Post_New_Book 0 0 0 20.367 6.726 10.801500000000003 6
stats: tr_Redirect_To_New_Book 0 0 0 47.949 8.708 16.2965 6
stats: tr_Get_Book 4 60010.933000000005 13.703032547578998 60034.594 60001.374 60016.965500000006 2
# stats: dump at 1575858486
stats: users 0 26
stats: {freemem,"tsung_controller@ip-172-31-33-214"} 1 379613.88671875 0.0 379628.7109375 379613.6953125 379620.953125 9
stats: {load,"tsung_controller@ip-172-31-33-214"} 1 0.0 0.0 0.0 0.0 0.0 9
stats: {recvpackets,"tsung_controller@ip-172-31-33-214"} 1 44.0 0.0 552 7 163.25 8
stats: {sentpackets,"tsung_controller@ip-172-31-33-214"} 1 40.0 0.0 391 6 127.625 8
stats: {cpu,"tsung_controller@ip-172-31-33-214"} 1 0.004163804051381342 0.0 0.013532222303184235 0.0 0.005053021151943301 9
stats: session 3 80023.80866666666 506.87287367171564 80606.639 6962.21 24425.625269230768 26
stats: users_count 0 29
stats: finish_users_count 3 29
stats: request 6 10017.833500000002 22353.65163555369 60034.404 0.87 1505.2325999999998 245
stats: connect 0 0 0 11.674 1.173 1.7568378378378378 37
stats: page 6 10017.833500000002 22353.65163555369 60034.404 0.87 1523.8948719008265 242
stats: tr_Initial_Get_Root 0 0 0 87.29 11.066 18.515388888888893 18
stats: 302 1 82
stats: tr_Redirect_Root 0 0 0 56.308 11.307 17.414586206896548 29
stats: 504 1 7
stats: tr_Post_New_Comment_On_Post 0 0 0 6.608 4.808 5.59775 8
stats: 200 4 122
stats: tr_Get_Post 0 0 0 152.375 23.423 48.808625 8
stats: size_rcv 14554 1048665
stats: tr_Redirect_To_Post 0 0 0 43.31 23.57 29.221062500000002 16
stats: 422 0 8
stats: tr_Get_Logout 0 0 0 12.212 6.202 8.5292 5
stats: size_sent 2837 127638
stats: tr_Post_New_Comment_On_Comment 0 0 0 1.26 1.1 1.1760000000000002 8
stats: connected -3 0
stats: tr_Get_Root 0 0 0 19.28 14.009 16.024666666666665 3
stats: 400 0 8
stats: tr_Redirect_To_New_Post 3 28.852666666666664 3.9147725632815797 33.283 23.627 30.40575 4
stats: 500 0 24
stats: tr_Post_New_Post 1 10.633 0.0 11.47 8.853 10.310333333333334 6
stats: tr_Get_New_Post 1 8.546 0.0 15.459 8.546 11.209166666666667 6
stats: tr_Get_Conversations 0 0 0 19.003 10.351 13.441666666666668 3
stats: tr_Authenticate_User 0 0 0 8437.371 694.375 3425.5219655172414 29
stats: tr_Get_Login 0 0 0 17.043 5.698 8.541599999999999 5
stats: tr_Post_Login 0 0 0 131.269 126.378 129.24740000000003 5
stats: tr_Get_New_Conversation 0 0 0 297.087 233.326 264.33933333333334 3
stats: tr_Post_New_Conversation 0 0 0 63.694 23.755 49.440666666666665 3
stats: tr_Redirect_To_New_Conversation 0 0 0 62.817 19.121 35.29833333333333 3
stats: tr_Redirect_To_Same_Conversation 0 0 0 18.038 17.695 17.860000000000003 3
stats: tr_Reply_To_Conversation 0 0 0 31.523 28.012 29.44966666666667 3
stats: tr_Get_New_Book 0 0 0 37.315 6.678 12.835166666666666 6
stats: tr_Post_New_Book 0 0 0 20.367 6.726 10.801500000000003 6
stats: tr_Redirect_To_New_Book 0 0 0 47.949 8.708 16.2965 6
stats: tr_Get_Book 1 60002.289 0.0 60034.594 60001.374 60012.943833333346 6
EndMonitor:{1575,858486,476538}
