# stats: dump at 1575269973
stats: users 19 19
stats: {load,"tsung_controller@ip-172-31-21-105"} 1 0.0 0 0.0 0.0 0 0
stats: {cpu,"tsung_controller@ip-172-31-21-105"} 1 0.6282390249235017 0 0.6282390249235017 0.6282390249235017 0 0
stats: {freemem,"tsung_controller@ip-172-31-21-105"} 1 731.95703125 0 731.95703125 731.95703125 0 0
stats: users_count 19 19
stats: finish_users_count 0 0
stats: request 43 24.26695348837209 42.80941615555194 152.71 6.295 0 0
stats: connect 18 2.7425555555555556 5.415642705494912 24.844 1.121 0 0
stats: page 43 24.26695348837209 42.80941615555194 152.71 6.295 0 0
stats: tr_Get_Root 18 10.260944444444444 6.912776532320603 36.409 6.534 0 0
stats: 302 5 5
stats: tr_Redirect_Root 5 7.637600000000001 0.6033296279812549 8.638 6.767 0 0
stats: 200 38 38
stats: tr_Get_Conversations 4 8.591249999999999 0.3973955051331108 9.257 8.205 0 0
stats: size_rcv 66786 66786
stats: tr_Post_Register 5 141.6376 7.151339583602501 152.867 134.008 0 0
stats: size_sent 14708 14708
stats: tr_Get_Register 11 7.818636363636364 1.7704622546220303 12.587 6.418 0 0
stats: connected 18 18
# stats: dump at 1575269983
stats: users 15 20
stats: {load,"tsung_controller@ip-172-31-21-105"} 1 0.0 0.0 0.0 0.0 0.0 1
stats: {recvpackets,"tsung_controller@ip-172-31-21-105"} 1 330 0 330 330 0 0
stats: {sentpackets,"tsung_controller@ip-172-31-21-105"} 1 240 0 240 240 0 0
stats: {cpu,"tsung_controller@ip-172-31-21-105"} 1 0.6975585450921774 0.0 0.6975585450921774 0.6282390249235017 0.6282390249235017 1
stats: {freemem,"tsung_controller@ip-172-31-21-105"} 1 729.28125 0.0 731.95703125 729.28125 731.95703125 1
stats: session 5 10671.540799999999 2972.327539041712 16228.353 8089.365 0 0
stats: users_count 1 20
stats: finish_users_count 5 5
stats: request 83 342.33060240963846 981.9531233123433 4197.588 6.295 24.26695348837209 43
stats: connect 2 1.238 0.08499999999999996 24.844 1.121 2.7425555555555556 18
stats: page 71 400.21485915492957 1051.048416090177 4197.588 6.295 24.26695348837209 43
stats: tr_Get_Root 2 7.955500000000001 0.17849999999999988 36.409 6.534 10.260944444444444 18
stats: 302 27 32
stats: tr_Redirect_Root 14 10.748642857142856 3.8788747191337207 22.137 6.767 7.637600000000001 5
stats: 200 56 94
stats: tr_Get_Conversations 12 9.966333333333333 1.890222003422408 14.904 8.072 8.591249999999999 4
stats: size_rcv 480230 547016
stats: tr_Post_Register 15 142.9598666666667 10.179235438654302 164.908 128.642 141.6376 5
stats: size_sent 43998 58706
stats: tr_Get_Register 9 11.284555555555556 5.720237079607242 26.613 6.418 7.818636363636364 11
stats: connected -3 15
stats: tr_Get_New_Conversation 7 3559.3944285714288 317.8803235639194 4197.738 3201.606 0 0
stats: tr_Redirect_To_Same_Conversation 5 53.9996 56.142065560860864 165.507 19.053 0 0
stats: tr_Reply_To_Conversation 5 44.6986 13.270644710789295 62.306 32.177 0 0
stats: tr_Redirect_To_New_Conversation 7 28.627714285714287 8.563054790607074 43.497 18.383 0 0
stats: tr_Post_New_Conversation 7 40.461 19.393529200667494 83.053 20.115 0 0
# stats: dump at 1575269993
stats: users 3 20
stats: {load,"tsung_controller@ip-172-31-21-105"} 1 0.0 0.0 0.0 0.0 0.0 2
stats: {recvpackets,"tsung_controller@ip-172-31-21-105"} 1 450.0 0.0 450 330 330.0 1
stats: {sentpackets,"tsung_controller@ip-172-31-21-105"} 1 410.0 0.0 410 240 240.0 1
stats: {cpu,"tsung_controller@ip-172-31-21-105"} 1 0.796812749003984 0.0 0.796812749003984 0.6282390249235017 0.6628987850078396 2
stats: {freemem,"tsung_controller@ip-172-31-21-105"} 1 726.8046875 0.0 731.95703125 726.8046875 730.619140625 2
stats: session 12 20747.898833333336 3635.7519866707726 27991.634 8089.365 10671.540799999999 5
stats: users_count 0 20
stats: finish_users_count 12 17
stats: request 56 1693.2241428571435 2922.878518574849 8637.717 6.295 233.78507142857134 126
stats: connect 0 0 0 24.844 1.121 2.5921 20
stats: page 36 2633.986222222223 3305.624341433468 8637.717 6.295 258.40994736842106 114
stats: tr_Get_Root 0 0 0 36.409 6.534 10.0304 20
stats: 302 20 52
stats: tr_Redirect_Root 1 272.744 0.0 272.744 6.767 9.929947368421052 19
stats: 200 36 130
stats: tr_Get_Conversations 4 940.956 921.0672265841946 2296.232 8.072 9.6225625 16
stats: size_rcv 659960 1206976
stats: tr_Post_Register 0 0 0 164.908 128.642 142.62930000000003 20
stats: size_sent 25171 83877
stats: tr_Get_Register 0 0 0 26.613 6.418 9.378300000000001 20
stats: connected -9 6
stats: tr_Get_New_Conversation 11 7423.423090909092 997.8007045231988 8637.872 3201.606 3559.3944285714288 7
stats: tr_Redirect_To_Same_Conversation 9 151.09144444444442 274.35985225049524 924.658 19.053 53.9996 5
stats: tr_Reply_To_Conversation 9 602.1467777777777 1026.1343680607847 3099.616 32.177 44.6986 5
stats: tr_Redirect_To_New_Conversation 11 61.59045454545451 35.70970006076432 127.219 16.242 28.627714285714287 7
stats: tr_Post_New_Conversation 11 152.49045454545455 290.26945168407786 1065.118 20.115 40.461 7
# stats: dump at 1575269999
stats: users 0 20
stats: {load,"tsung_controller@ip-172-31-21-105"} 1 0.0 0.0 0.0 0.0 0.0 3
stats: {recvpackets,"tsung_controller@ip-172-31-21-105"} 1 686.0 0.0 686 330 390.0 2
stats: {sentpackets,"tsung_controller@ip-172-31-21-105"} 1 248.0 0.0 410 240 325.0 2
stats: {cpu,"tsung_controller@ip-172-31-21-105"} 1 0.5483549351944167 0.0 0.796812749003984 0.5483549351944167 0.7075367730065544 3
stats: {freemem,"tsung_controller@ip-172-31-21-105"} 1 725.9375 0.0 731.95703125 725.9375 729.34765625 3
stats: session 3 24191.385 3031.525769526296 27991.634 8089.365 17784.264117647057 17
stats: users_count 0 20
stats: finish_users_count 3 20
stats: request 18 411.03744444444436 1157.683272367093 8637.717 6.295 682.8432472527475 182
stats: connect 0 0 0 24.844 1.121 2.5921 20
stats: tr_Get_Root 0 0 0 36.409 6.534 10.0304 20
stats: page 10 739.9818 1473.0774875077548 8637.717 6.295 828.5482533333335 150
stats: 302 8 60
stats: tr_Redirect_Root 0 0 0 272.744 6.767 23.07065 20
stats: 200 10 140
stats: tr_Get_Conversations 0 0 0 2296.232 8.072 195.88925 20
stats: size_rcv 129186 1336162
stats: tr_Post_Register 0 0 0 164.908 128.642 142.62930000000003 20
stats: size_sent 9016 92893
stats: tr_Get_Register 0 0 0 26.613 6.418 9.378300000000001 20
stats: connected -6 0
stats: tr_Get_New_Conversation 2 3504.6205 1138.4245 8637.872 2366.196 5920.745277777778 18
stats: tr_Redirect_To_Same_Conversation 6 22.9105 7.07954602475799 924.658 15.321 116.4157857142857 14
stats: tr_Reply_To_Conversation 6 31.6455 6.000677038190495 3099.616 23.995 403.05814285714285 14
stats: tr_Redirect_To_New_Conversation 2 14.352 0.11399999999999944 127.219 14.238 48.77161111111109 18
stats: tr_Post_New_Conversation 2 18.0685 0.3434999999999988 1065.118 17.725 108.92344444444444 18
EndMonitor:{1575,269999,905520}
