# stats: dump at 1575873986
stats: users 22 22
stats: {freemem,"tsung_controller@ip-172-31-21-126"} 1 375599.0390625 0 375599.0390625 375599.0390625 0 0
stats: {load,"tsung_controller@ip-172-31-21-126"} 1 0.01953125 0 0.01953125 0.01953125 0 0
stats: {cpu,"tsung_controller@ip-172-31-21-126"} 1 0.016937011958236152 0 0.016937011958236152 0.016937011958236152 0 0
stats: users_count 22 22
stats: finish_users_count 0 0
stats: request 60 39.74618333333333 51.34984254130084 145.769 4.917 0 0
stats: connect 20 1.5238999999999998 2.347955406305665 11.748 0.696 0 0
stats: page 60 39.74618333333333 51.34984254130084 145.769 4.917 0 0
stats: tr_Initial_Get_Root 15 14.286399999999997 3.4216109617157433 26.548 12.326 0 0
stats: 302 20 20
stats: tr_Redirect_Root 6 44.48133333333333 47.34287353856849 145.968 13.787 0 0
stats: 200 40 40
stats: tr_Post_New_Comment_On_Post 2 18.746 7.325999999999999 26.072 11.42 0 0
stats: size_rcv 201610 201610
stats: tr_Get_Post 2 73.44749999999999 0.1685000000000052 73.616 73.279 0 0
stats: size_sent 27301 27301
stats: tr_Authenticate_User 8 2917.1415 1390.2817867103417 4983.349 1137.43 0 0
stats: connected 20 20
stats: tr_Get_New_Book 1 6.706 0 6.706 6.706 0 0
# stats: dump at 1575873996
stats: users 20 28
stats: {freemem,"tsung_controller@ip-172-31-21-126"} 1 375595.328125 0.0 375599.0390625 375595.328125 375599.0390625 1
stats: {load,"tsung_controller@ip-172-31-21-126"} 1 0.01953125 0.0 0.01953125 0.01953125 0.01953125 1
stats: {recvpackets,"tsung_controller@ip-172-31-21-126"} 1 480 0 480 480 0 0
stats: {sentpackets,"tsung_controller@ip-172-31-21-126"} 1 288 0 288 288 0 0
stats: {cpu,"tsung_controller@ip-172-31-21-126"} 1 0.027063036056291113 0.0 0.027063036056291113 0.016937011958236152 0.016937011958236152 1
stats: session 10 11332.555 2865.726372413702 14258.111 5778.353 0 0
stats: users_count 8 30
stats: finish_users_count 10 10
stats: request 126 39.65085714285714 48.687450237513836 163.183 4.448 39.74618333333333 60
stats: connect 10 1.2779 0.8766095424988253 11.748 0.696 1.5238999999999998 20
stats: page 126 39.65085714285714 48.687450237513836 163.183 4.448 39.74618333333333 60
stats: tr_Initial_Get_Root 6 20.368499999999997 14.605801344557124 52.814 11.238 14.286399999999997 15
stats: 302 57 77
stats: tr_Redirect_Root 18 16.552944444444446 3.5142845877333615 145.968 13.787 44.48133333333333 6
stats: 200 69 109
stats: tr_Post_New_Comment_On_Post 3 11.459333333333333 0.3067901925130955 26.072 11.187 18.746 2
stats: size_rcv 696371 897981
stats: tr_Get_Post 3 67.59733333333334 0.33018109509109655 73.616 67.17 73.44749999999999 2
stats: size_sent 71318 98619
stats: tr_Redirect_To_Post 7 75.54200000000002 9.579250596993482 88.537 61.938 0 0
stats: connected 1 21
stats: tr_Post_New_Comment_On_Comment 3 11.759 0.11926720700455153 11.927 11.662 0 0
stats: tr_Get_Logout 2 7.6209999999999996 0.7679999999999998 8.389 6.853 0 0
stats: tr_Post_New_Post 5 11.2116 1.0156634481953166 12.874 9.981 0 0
stats: tr_Get_New_Post 5 60.20100000000001 59.81067491342997 136.704 10.699 0 0
stats: tr_Redirect_To_New_Post 1 11.856 0 11.856 11.856 0 0
stats: tr_Authenticate_User 20 3963.3645999999994 2621.881201653488 11491.998 437.022 2917.1415 8
stats: tr_Get_Login 2 5.4585 0.24950000000000028 5.708 5.209 0 0
stats: tr_Post_Login 2 127.039 1.9270000000000067 128.966 125.112 0 0
stats: tr_Get_New_Book 4 7.9037500000000005 0.6456757603472508 8.986 6.706 6.706 1
stats: tr_Get_Book 6 27.962833333333332 1.288519229796574 30.445 26.282 0 0
stats: tr_Post_New_Book 5 26.369999999999997 37.165407841163265 100.698 7.379 0 0
stats: tr_Redirect_To_New_Book 3 73.15066666666665 63.781700951152295 163.343 26.975 0 0
# stats: dump at 1575874006
stats: users 4 28
stats: {freemem,"tsung_controller@ip-172-31-21-126"} 1 375586.140625 0.0 375599.0390625 375586.140625 375597.18359375 2
stats: {load,"tsung_controller@ip-172-31-21-126"} 1 0.01953125 0.0 0.01953125 0.01953125 0.01953125 2
stats: {recvpackets,"tsung_controller@ip-172-31-21-126"} 1 770.0 0.0 770 480 480.0 1
stats: {sentpackets,"tsung_controller@ip-172-31-21-126"} 1 401.0 0.0 401 288 288.0 1
stats: {cpu,"tsung_controller@ip-172-31-21-126"} 1 0.022899968772769855 0.0 0.027063036056291113 0.016937011958236152 0.022000024007263634 2
stats: session 16 15267.232124999999 3448.4726059622913 21484.431 5778.353 11332.555 10
stats: users_count 0 30
stats: finish_users_count 16 26
stats: request 65 27.40286153846153 26.296520595158547 163.183 4.448 39.68160752688172 186
stats: connect 0 0 0 11.748 0.696 1.4418999999999997 30
stats: page 65 27.40286153846153 26.296520595158547 163.183 4.448 39.68160752688172 186
stats: tr_Initial_Get_Root 0 0 0 52.814 11.238 16.024142857142856 21
stats: 302 22 99
stats: tr_Redirect_Root 6 15.001666666666667 0.67291373064375 145.968 13.665 23.535041666666668 24
stats: 200 43 152
stats: tr_Post_New_Comment_On_Post 4 11.417 0.6136036994673358 26.072 10.985 14.374 5
stats: size_rcv 818604 1716585
stats: tr_Get_Post 4 70.33175 3.6003653547244383 76.501 67.17 69.9374 5
stats: size_sent 38184 136803
stats: tr_Redirect_To_Post 11 68.52118181818183 7.280479052896826 88.537 60.846 75.54200000000002 7
stats: connected -17 4
stats: tr_Post_New_Comment_On_Comment 6 11.359333333333334 0.7446756937680244 12.474 10.339 11.759 3
stats: tr_Get_Logout 0 0 0 8.389 6.853 7.6209999999999996 2
stats: tr_Post_New_Post 3 11.105666666666666 1.5748444014850758 13.306 9.707 11.2116 5
stats: tr_Get_New_Post 3 13.716999999999999 3.3926187525273166 136.704 10.699 60.20100000000001 5
stats: tr_Redirect_To_New_Post 6 13.260833333333332 1.3265479532313265 15.453 11.856 11.856 1
stats: tr_Authenticate_User 2 3627.2825000000003 176.62749999999994 11491.998 437.022 3664.4437142857137 28
stats: tr_Get_Login 0 0 0 5.708 5.209 5.4585 2
stats: tr_Post_Login 0 0 0 128.966 125.112 127.039 2
stats: tr_Get_New_Book 6 7.607333333333333 0.6565581128548755 8.986 6.706 7.664200000000001 5
stats: tr_Get_Book 2 33.866 6.739999999999999 40.606 26.282 27.962833333333332 6
stats: tr_Post_New_Book 6 8.985333333333335 0.6483087398934414 100.698 7.379 26.369999999999997 5
stats: tr_Redirect_To_New_Book 5 27.881399999999996 1.3905110715129172 163.343 26.673 73.15066666666665 3
# stats: dump at 1575874016
stats: users 20 28
stats: {freemem,"tsung_controller@ip-172-31-21-126"} 1 375583.921875 0.0 375599.0390625 375583.921875 375593.5026041667 3
stats: {load,"tsung_controller@ip-172-31-21-126"} 1 0.01171875 0.0 0.01953125 0.01171875 0.01953125 3
stats: {recvpackets,"tsung_controller@ip-172-31-21-126"} 1 584.0 0.0 770 480 625.0 2
stats: {sentpackets,"tsung_controller@ip-172-31-21-126"} 1 221.0 0.0 401 221 344.5 2
stats: {cpu,"tsung_controller@ip-172-31-21-126"} 1 0.014574224443056422 0.0 0.027063036056291113 0.014574224443056422 0.02230000559576571 3
stats: session 4 21084.68625 3399.2794046590516 26013.633 5778.353 13753.894769230768 26
stats: users_count 20 50
stats: finish_users_count 4 30
stats: request 33 18.885818181818184 28.88307805771667 163.183 4.448 36.50185258964143 251
stats: connect 20 1.25195 1.0108380421709504 11.748 0.696 1.4418999999999997 30
stats: page 33 18.885818181818184 28.88307805771667 163.183 4.448 36.50185258964143 251
stats: tr_Initial_Get_Root 12 13.775416666666667 1.247261363837677 52.814 11.238 16.024142857142856 21
stats: 302 2 101
stats: tr_Redirect_Root 0 0 0 145.968 13.665 21.828366666666668 30
stats: 200 31 183
stats: tr_Post_New_Comment_On_Post 0 0 0 26.072 10.985 13.059777777777779 9
stats: size_rcv 88587 1805172
stats: tr_Get_Post 0 0 0 76.501 67.17 70.11266666666667 9
stats: newphase 1 1
stats: tr_Redirect_To_Post 0 0 0 88.537 60.846 71.25150000000002 18
stats: size_sent 8531 145334
stats: tr_Post_New_Comment_On_Comment 0 0 0 12.474 10.339 11.492555555555557 9
stats: connected 16 20
stats: tr_Get_Logout 0 0 0 8.389 6.853 7.6209999999999996 2
stats: tr_Post_New_Post 0 0 0 13.306 9.707 11.171875 8
stats: tr_Get_New_Post 0 0 0 136.704 10.699 42.76950000000001 8
stats: tr_Redirect_To_New_Post 1 13.147 0.0 15.453 11.856 13.060142857142855 7
stats: tr_Get_Root 2 12.478000000000002 0.007999999999999563 12.486 12.47 0 0
stats: tr_Authenticate_User 1 2421.02 0.0 11491.998 437.022 3661.9662999999996 30
stats: tr_Get_Login 0 0 0 5.708 5.209 5.4585 2
stats: tr_Post_Login 0 0 0 128.966 125.112 127.039 2
stats: tr_Get_New_Book 0 0 0 8.986 6.706 7.633181818181819 11
stats: tr_Get_Book 0 0 0 40.606 26.282 29.438625 8
stats: tr_Post_New_Book 0 0 0 100.698 7.379 16.887454545454545 11
stats: tr_Redirect_To_New_Book 3 26.993 0.2645789107241927 163.343 26.672 44.85737499999999 8
# stats: dump at 1575874026
stats: users 37 38
stats: {freemem,"tsung_controller@ip-172-31-21-126"} 1 375584.98046875 0.0 375599.0390625 375583.921875 375591.107421875 4
stats: {load,"tsung_controller@ip-172-31-21-126"} 1 0.01171875 0.0 0.01953125 0.01171875 0.017578125 4
stats: {recvpackets,"tsung_controller@ip-172-31-21-126"} 1 286.0 0.0 770 286 611.3333333333334 3
stats: {sentpackets,"tsung_controller@ip-172-31-21-126"} 1 248.0 0.0 401 221 303.3333333333333 3
stats: {cpu,"tsung_controller@ip-172-31-21-126"} 1 0.011450341948848199 0.0 0.027063036056291113 0.011450341948848199 0.020368560307588386 4
stats: session 10 9453.289400000001 2259.3366822699622 26013.633 5778.353 14731.333633333332 30
stats: users_count 27 77
stats: finish_users_count 10 40
stats: request 179 61.19233519553076 94.16778295042451 522.786 4.448 34.4549190140845 284
stats: connect 26 0.9494230769230769 0.19739908289805722 11.748 0.662 1.3659199999999998 50
stats: page 179 61.19233519553076 94.16778295042451 522.786 4.448 34.4549190140845 284
stats: tr_Initial_Get_Root 14 38.44214285714286 52.44551422307202 181.312 11.238 15.20642424242424 33
stats: 302 76 177
stats: tr_Redirect_Root 23 27.089608695652167 33.14848469451556 148.498 13.665 21.828366666666668 30
stats: 200 103 286
stats: tr_Post_New_Comment_On_Post 7 16.63557142857143 8.646559197691511 37.555 10.985 13.059777777777779 9
stats: size_rcv 1055972 2861144
stats: tr_Get_Post 7 133.7465714285714 92.78324826460113 284.953 67.17 70.11266666666667 9
stats: newphase 0 1
stats: tr_Redirect_To_Post 9 89.17577777777777 43.472966651773056 209.999 60.846 71.25150000000002 18
stats: size_sent 97053 242387
stats: tr_Post_New_Comment_On_Comment 5 12.857399999999998 0.9024935678441146 14.134 10.339 11.492555555555557 9
stats: connected 17 37
stats: tr_Get_Logout 3 8.293333333333333 0.7356091957615056 9.326 6.853 7.6209999999999996 2
stats: tr_Post_New_Post 2 82.584 70.607 153.191 9.707 11.171875 8
stats: tr_Get_New_Post 2 11.4175 0.4095 136.704 10.699 42.76950000000001 8
stats: tr_Redirect_To_New_Post 0 0 0 15.453 11.856 13.071 8
stats: tr_Get_Root 1 11.982 0.0 12.486 11.982 12.478000000000002 2
stats: tr_Get_Conversations 1 7.927 0 7.927 7.927 0 0
stats: tr_Authenticate_User 27 3591.00762962963 2137.6099686283437 11491.998 437.022 3621.9357741935482 31
stats: tr_Get_Login 3 6.226 0.7695959979105919 6.973 5.167 5.4585 2
stats: tr_Post_Login 2 133.498 1.4059999999999846 134.904 125.112 127.039 2
stats: tr_Get_New_Conversation 1 32.36 0 32.36 32.36 0 0
stats: tr_Get_New_Book 4 7.875 0.5014693410369173 8.986 6.706 7.633181818181819 11
stats: tr_Get_Book 4 31.705 7.025920188843594 43.442 26.235 29.438625 8
stats: tr_Post_New_Book 3 13.041000000000002 6.448652417365974 100.698 7.379 16.887454545454545 11
stats: tr_Redirect_To_New_Book 3 45.702333333333335 14.421151649188383 163.343 26.672 39.98527272727272 11
# stats: dump at 1575874036
stats: users 19 38
stats: {freemem,"tsung_controller@ip-172-31-21-126"} 1 375580.421875 0.0 375599.0390625 375580.421875 375589.88203125 5
stats: {load,"tsung_controller@ip-172-31-21-126"} 1 0.01171875 0.0 0.01953125 0.01171875 0.01640625 5
stats: {recvpackets,"tsung_controller@ip-172-31-21-126"} 1 1297.0 0.0 1297 286 530.0 4
stats: {sentpackets,"tsung_controller@ip-172-31-21-126"} 1 655.0 0.0 655 221 289.5 4
stats: {cpu,"tsung_controller@ip-172-31-21-126"} 1 0.03955284468222412 0.0 0.03955284468222412 0.011450341948848199 0.01858491663584035 5
stats: session 20 14632.8329 3786.2677310341364 26013.633 5778.353 13411.822574999998 40
stats: users_count 2 79
stats: finish_users_count 20 60
stats: request 168 43.31152976190475 57.00719813289724 522.786 4.419 44.79184665226783 463
stats: connect 3 0.886 0.15064527871792063 11.748 0.662 1.2234342105263156 76
stats: page 166 43.83627108433732 57.30733312507609 522.786 4.419 44.79184665226783 463
stats: tr_Initial_Get_Root 3 55.47666666666667 56.902994703461985 181.312 11.238 22.127702127659575 47
stats: 302 73 250
stats: tr_Redirect_Root 25 23.05108 25.926003159638782 148.498 13.665 24.111547169811317 53
stats: 200 95 381
stats: tr_Post_New_Comment_On_Post 8 11.562125 0.3515118908017196 37.555 10.985 14.624187500000001 16
stats: size_rcv 1376714 4237858
stats: tr_Get_Post 8 109.9855 87.47310947514099 340.487 66.857 97.95249999999999 16
stats: newphase 0 1
stats: tr_Redirect_To_Post 14 77.58307142857142 14.535994621550845 209.999 60.846 77.22625925925928 27
stats: size_sent 99080 341467
stats: tr_Post_New_Comment_On_Comment 5 13.911600000000002 2.634568397290153 17.199 10.339 11.98 14
stats: connected -18 19
stats: tr_Get_Logout 2 7.7715 0.1775 9.326 6.853 8.0244 5
stats: tr_Post_New_Post 7 16.287 12.333556282412163 153.191 9.707 25.4543 10
stats: tr_Get_New_Post 7 37.859571428571435 63.41004721168212 193.145 10.699 36.499100000000006 10
stats: tr_Redirect_To_New_Post 5 20.532400000000003 14.588918898945186 49.591 11.856 13.071 8
stats: tr_Get_Root 0 0 0 12.486 11.982 12.312666666666667 3
stats: tr_Get_Conversations 2 7.933 0.32599999999999985 8.259 7.607 7.927 1
stats: tr_Authenticate_User 20 5023.147750000001 3179.477928814255 11491.998 437.022 3607.538189655173 58
stats: tr_Get_Login 1 8.826 0.0 8.826 5.167 5.919 5
stats: tr_Post_Login 2 129.446 1.6089999999999982 134.904 125.112 130.2685 4
stats: tr_Get_New_Conversation 2 29.3065 7.985499999999999 37.292 21.321 32.36 1
stats: tr_Post_New_Conversation 3 22.77333333333333 1.115864189267174 24.31 21.694 0 0
stats: tr_Redirect_To_New_Conversation 2 19.282 0.009000000000000341 19.291 19.273 0 0
stats: tr_Redirect_To_Same_Conversation 2 21.448 1.9740000000000002 23.422 19.474 0 0
stats: tr_Reply_To_Conversation 2 34.8455 4.408499999999997 39.254 30.437 0 0
stats: tr_Get_New_Book 7 7.655714285714287 1.165184315804121 9.368 6.227 7.697666666666667 15
stats: tr_Get_Book 6 29.17 2.0869888196474227 43.442 25.884 30.194083333333328 12
stats: tr_Post_New_Book 8 8.596125 0.8640262492395705 100.698 7.379 16.063214285714285 14
stats: tr_Redirect_To_New_Book 6 59.35699999999999 54.39537909602249 179.04 26.672 41.21035714285714 14
# stats: dump at 1575874046
stats: users 3 38
stats: {freemem,"tsung_controller@ip-172-31-21-126"} 1 375577.25 0.0 375599.0390625 375577.25 375588.3053385417 6
stats: {load,"tsung_controller@ip-172-31-21-126"} 1 0.01171875 0.0 0.01953125 0.01171875 0.015625 6
stats: {recvpackets,"tsung_controller@ip-172-31-21-126"} 1 1183.0 0.0 1297 286 683.4 5
stats: {sentpackets,"tsung_controller@ip-172-31-21-126"} 1 494.0 0.0 655 221 362.6 5
stats: {cpu,"tsung_controller@ip-172-31-21-126"} 1 0.028104799675233424 0.0 0.03955284468222412 0.011450341948848199 0.022079571310237644 6
stats: session 16 17675.7205 3925.0620477768243 26351.098 5778.353 13818.826016666666 60
stats: users_count 0 79
stats: finish_users_count 16 76
stats: request 46 33.03865217391306 30.655071620417562 522.786 4.419 44.397721077654516 631
stats: connect 0 0 0 11.748 0.662 1.210620253164557 79
stats: page 45 33.77544444444445 31.010836767925397 522.786 4.419 44.53965977742448 629
stats: tr_Initial_Get_Root 0 0 0 181.312 11.238 24.12864 50
stats: 302 16 266
stats: tr_Redirect_Root 1 15.697 0.0 148.498 13.665 23.771653846153843 78
stats: 200 30 411
stats: tr_Post_New_Comment_On_Post 2 13.7305 1.135499999999999 37.555 10.985 13.603500000000002 24
stats: size_rcv 643961 4881819
stats: tr_Get_Post 2 75.0635 6.888500000000004 340.487 66.857 101.9635 24
stats: newphase 0 1
stats: tr_Redirect_To_Post 10 77.239 14.88222322773046 209.999 60.846 77.3480975609756 41
stats: size_sent 26853 368320
stats: tr_Post_New_Comment_On_Comment 7 11.992857142857144 0.6714494829570318 17.199 10.339 12.488315789473685 19
stats: connected -16 3
stats: tr_Get_Logout 0 0 0 9.326 6.853 7.952142857142857 7
stats: tr_Post_New_Post 3 10.593 0.342363354736845 153.191 9.707 21.679529411764708 17
stats: tr_Get_New_Post 3 11.871333333333332 0.031094837013383433 193.145 10.699 37.05929411764706 17
stats: tr_Redirect_To_New_Post 5 13.063600000000003 0.6265999042451255 49.591 11.856 15.940769230769233 13
stats: tr_Get_Root 0 0 0 12.486 11.982 12.312666666666667 3
stats: tr_Get_Conversations 0 0 0 8.259 7.607 7.931 3
stats: tr_Authenticate_User 1 10105.783 0.0 11491.998 437.022 3970.5150000000003 78
stats: tr_Get_Login 1 6.059 0.0 8.826 5.167 6.4035 6
stats: tr_Post_Login 1 124.777 0.0 134.904 124.777 129.99433333333332 6
stats: tr_Get_New_Conversation 0 0 0 37.292 21.321 30.324333333333332 3
stats: tr_Post_New_Conversation 0 0 0 24.31 21.694 22.77333333333333 3
stats: tr_Redirect_To_New_Conversation 1 19.997 0.0 19.997 19.273 19.282 2
stats: tr_Redirect_To_Same_Conversation 1 19.067 0.0 23.422 19.067 21.448 2
stats: tr_Reply_To_Conversation 1 30.727 0.0 39.254 30.437 34.8455 2
stats: tr_Get_New_Book 1 7.412 0.0 9.368 6.227 7.684318181818182 22
stats: tr_Get_Book 2 26.2745 0.42650000000000077 43.442 25.848 29.85272222222222 18
stats: tr_Post_New_Book 1 9.58 0.0 100.698 7.379 13.347909090909091 22
stats: tr_Redirect_To_New_Book 3 33.62533333333334 9.409970114487907 179.04 26.672 46.654349999999994 20
# stats: dump at 1575874056
stats: users 0 38
stats: {freemem,"tsung_controller@ip-172-31-21-126"} 1 375579.7109375 0.0 375599.0390625 375577.25 375586.72600446426 7
stats: {load,"tsung_controller@ip-172-31-21-126"} 1 0.0 0.0 0.01953125 0.0 0.015066964285714286 7
stats: {recvpackets,"tsung_controller@ip-172-31-21-126"} 1 569.0 0.0 1297 286 766.6666666666666 6
stats: {sentpackets,"tsung_controller@ip-172-31-21-126"} 1 183.0 0.0 655 183 384.5 6
stats: {cpu,"tsung_controller@ip-172-31-21-126"} 1 0.013532785776001165 0.0 0.03955284468222412 0.011450341948848199 0.022940318219522755 7
stats: session 3 28902.452 6554.107774284663 37488.708 5778.353 14630.803802631577 76
stats: users_count 0 79
stats: finish_users_count 3 79
stats: request 3 34.00866666666666 30.230466534423325 522.786 4.419 43.62590841949779 677
stats: connect 0 0 0 11.748 0.662 1.210620253164557 79
stats: page 3 34.00866666666666 30.230466534423325 522.786 4.419 43.820980712166175 674
stats: tr_Initial_Get_Root 0 0 0 181.312 11.238 24.12864 50
stats: 302 0 266
stats: tr_Redirect_Root 0 0 0 148.498 13.665 23.669443037974677 79
stats: 200 3 414
stats: tr_Post_New_Comment_On_Post 0 0 0 37.555 10.985 13.613269230769232 26
stats: size_rcv 53153 4934972
stats: tr_Get_Post 0 0 0 340.487 66.857 99.89426923076923 26
stats: newphase 0 1
stats: tr_Redirect_To_Post 1 76.847 0.0 209.999 60.846 77.32670588235294 51
stats: size_sent 1694 370014
stats: tr_Post_New_Comment_On_Comment 0 0 0 17.199 10.339 12.354923076923077 26
stats: connected -3 0
stats: tr_Get_Logout 0 0 0 9.326 6.853 7.952142857142857 7
stats: tr_Post_New_Post 0 0 0 153.191 9.707 20.016550000000002 20
stats: tr_Get_New_Post 0 0 0 193.145 10.699 33.2811 20
stats: tr_Redirect_To_New_Post 2 12.774000000000001 0.013000000000001233 49.591 11.856 15.141555555555556 18
stats: tr_Get_Root 0 0 0 12.486 11.982 12.312666666666667 3
stats: tr_Get_Conversations 0 0 0 8.259 7.607 7.931 3
stats: tr_Authenticate_User 0 0 0 11491.998 437.022 4048.176620253165 79
stats: tr_Get_Login 0 0 0 8.826 5.167 6.354285714285714 7
stats: tr_Post_Login 0 0 0 134.904 124.777 129.249 7
stats: tr_Get_New_Conversation 0 0 0 37.292 21.321 30.324333333333332 3
stats: tr_Post_New_Conversation 0 0 0 24.31 21.694 22.77333333333333 3
stats: tr_Redirect_To_New_Conversation 0 0 0 19.997 19.273 19.520333333333333 3
stats: tr_Redirect_To_Same_Conversation 0 0 0 23.422 19.067 20.654333333333334 3
stats: tr_Reply_To_Conversation 0 0 0 39.254 30.437 33.47266666666667 3
stats: tr_Get_New_Book 0 0 0 9.368 6.227 7.672478260869566 23
stats: tr_Get_Book 0 0 0 43.442 25.848 29.494899999999994 20
stats: tr_Post_New_Book 0 0 0 100.698 7.379 13.184086956521739 23
stats: tr_Redirect_To_New_Book 0 0 0 179.04 26.672 44.95491304347826 23
# stats: dump at 1575874066
stats: users 52 52
stats: {freemem,"tsung_controller@ip-172-31-21-126"} 1 375580.32421875 0.0 375599.0390625 375577.25 375585.84912109375 8
stats: {load,"tsung_controller@ip-172-31-21-126"} 1 0.0 0.0 0.01953125 0.0 0.01318359375 8
stats: {recvpackets,"tsung_controller@ip-172-31-21-126"} 1 10.0 0.0 1297 10 738.4285714285714 7
stats: {sentpackets,"tsung_controller@ip-172-31-21-126"} 1 10.0 0.0 655 10 355.7142857142857 7
stats: {cpu,"tsung_controller@ip-172-31-21-126"} 1 0.0020821404403727033 0.0 0.03955284468222412 0.0020821404403727033 0.021764376664082558 8
stats: session 1 7595.686 0.0 37488.708 5778.353 15172.765126582277 79
stats: users_count 53 132
stats: finish_users_count 1 80
stats: request 152 51.224355263157896 80.41006341513742 522.786 4.419 43.58347941176471 680
stats: connect 52 1.1783653846153845 1.266303767616088 11.748 0.662 1.210620253164557 79
stats: page 152 51.224355263157896 80.41006341513742 522.786 4.419 43.77749926144757 677
stats: tr_Initial_Get_Root 34 19.870058823529412 24.86627609474464 181.312 11.213 24.12864 50
stats: 302 49 315
stats: tr_Redirect_Root 13 18.826999999999998 7.480133184746009 148.498 13.665 23.669443037974677 79
stats: 200 103 517
stats: tr_Post_New_Comment_On_Post 3 136.29133333333334 176.11041315858893 385.349 10.985 13.613269230769232 26
stats: size_rcv 520516 5455488
stats: tr_Get_Post 3 76.03699999999999 7.17682664320845 340.487 66.433 99.89426923076923 26
stats: newphase 1 2
stats: tr_Redirect_To_Post 2 236.92000000000002 114.16100000000002 351.081 60.846 77.31748076923077 52
stats: size_sent 65265 435279
stats: tr_Post_New_Comment_On_Comment 1 132.622 0.0 132.622 10.339 12.354923076923077 26
stats: connected 51 51
stats: tr_Get_Logout 1 121.959 0.0 121.959 6.853 7.952142857142857 7
stats: tr_Post_New_Post 1 11.138 0.0 153.191 9.707 20.016550000000002 20
stats: tr_Get_New_Post 1 13.611 0.0 193.145 10.699 33.2811 20
stats: tr_Redirect_To_New_Post 0 0 0 49.591 11.856 14.9048 20
stats: tr_Get_Root 4 12.57575 0.9647270015398127 13.995 11.3 12.312666666666667 3
stats: tr_Get_Conversations 0 0 0 8.259 7.607 7.931 3
stats: tr_Authenticate_User 18 2308.9095555555564 1121.621211738874 11491.998 437.022 4048.176620253165 79
stats: tr_Get_Login 1 5.102 0.0 8.826 5.102 6.354285714285714 7
stats: tr_Post_Login 0 0 0 134.904 124.777 129.249 7
stats: tr_Get_New_Conversation 0 0 0 37.292 21.321 30.324333333333332 3
stats: tr_Post_New_Conversation 0 0 0 24.31 21.694 22.77333333333333 3
stats: tr_Redirect_To_New_Conversation 0 0 0 19.997 19.273 19.520333333333333 3
stats: tr_Redirect_To_Same_Conversation 0 0 0 23.422 19.067 20.654333333333334 3
stats: tr_Reply_To_Conversation 0 0 0 39.254 30.437 33.47266666666667 3
stats: tr_Get_New_Book 2 60.8825 54.746500000000005 115.629 6.136 7.672478260869566 23
stats: tr_Get_Book 2 26.9535 0.4325000000000001 43.442 25.848 29.494899999999994 20
stats: tr_Post_New_Book 0 0 0 100.698 7.379 13.184086956521739 23
stats: tr_Redirect_To_New_Book 0 0 0 179.04 26.672 44.95491304347826 23
# stats: dump at 1575874076
stats: users 78 90
stats: {freemem,"tsung_controller@ip-172-31-21-126"} 1 375575.68359375 0.0 375599.0390625 375575.68359375 375585.23524305556 9
stats: {load,"tsung_controller@ip-172-31-21-126"} 1 0.0 0.0 0.01953125 0.0 0.01171875 9
stats: {recvpackets,"tsung_controller@ip-172-31-21-126"} 1 1003.0 0.0 1297 10 647.375 8
stats: {sentpackets,"tsung_controller@ip-172-31-21-126"} 1 700.0 0.0 700 10 312.5 8
stats: {cpu,"tsung_controller@ip-172-31-21-126"} 1 0.0405915964987146 0.0 0.0405915964987146 0.0020821404403727033 0.019577461528114796 9
stats: session 24 10783.872291666668 3285.2803509350797 37488.708 4911.274 15078.051637499997 80
stats: users_count 50 182
stats: finish_users_count 24 104
stats: request 378 93.53623015873006 126.60856674283355 714.304 4.224 44.979408653846164 832
stats: connect 51 0.9161568627450984 0.19977412466151695 11.748 0.625 1.1978167938931297 131
stats: page 377 93.78462864721477 128.70420484749937 714.304 4.224 45.142905910735834 829
stats: tr_Initial_Get_Root 33 63.97278787878788 115.97461634099012 595.325 11.213 22.404928571428574 84
stats: 302 148 463
stats: tr_Redirect_Root 47 94.33942553191488 108.27518335413762 416.697 13.411 22.98518478260869 92
stats: 200 231 748
stats: tr_Post_New_Comment_On_Post 14 19.076999999999995 12.952864437754961 385.349 10.807 26.304103448275864 29
stats: size_rcv 2396576 7852064
stats: tr_Get_Post 14 170.40278571428573 138.53666051533003 601.97 66.433 97.42627586206895 29
stats: newphase 0 2
stats: tr_Redirect_To_Post 21 182.7516666666667 132.0865321148488 526.514 60.846 83.22868518518518 54
stats: size_sent 201168 636447
stats: tr_Post_New_Comment_On_Comment 10 64.75989999999999 76.6136400916312 237.917 10.26 16.80925925925926 27
stats: connected 27 78
stats: tr_Get_Logout 5 41.1614 55.55869134023947 150.763 6.853 22.203 8
stats: tr_Post_New_Post 10 35.175900000000006 44.49503306538832 162.991 9.487 19.593761904761905 21
stats: tr_Get_New_Post 10 84.3446 136.79167233293114 468.16 10.688 32.34442857142857 21
stats: tr_Redirect_To_New_Post 6 61.88833333333333 67.1666586501236 210.705 11.856 14.9048 20
stats: tr_Get_Root 5 17.4272 7.530710654380501 32.373 11.3 12.463 7
stats: tr_Get_Conversations 3 111.67099999999999 146.09542332553292 318.281 7.607 7.931 3
stats: tr_Authenticate_User 50 3860.7723799999985 2295.189212390594 11491.998 271.663 3725.4260309278357 97
stats: tr_Get_Login 5 21.142400000000002 22.706282651283985 65.491 5.102 6.197749999999999 8
stats: tr_Post_Login 5 166.22979999999998 18.818349666216758 189.666 124.777 129.249 7
stats: tr_Get_New_Conversation 3 142.06166666666667 159.84586044130833 368.004 21.321 30.324333333333332 3
stats: tr_Post_New_Conversation 2 140.254 114.928 255.182 21.694 22.77333333333333 3
stats: tr_Redirect_To_New_Conversation 1 22.498 0.0 22.498 19.273 19.520333333333333 3
stats: tr_Redirect_To_Same_Conversation 1 324.293 0.0 324.293 19.067 20.654333333333334 3
stats: tr_Reply_To_Conversation 1 299.938 0.0 299.938 30.437 33.47266666666667 3
stats: tr_Get_New_Book 9 15.815777777777775 12.530890894796107 115.629 6.136 11.92928 25
stats: tr_Get_Book 10 184.85729999999998 196.18598402334965 714.446 25.848 29.263863636363634 22
stats: tr_Post_New_Book 6 11.929 5.77831976731414 100.698 7.379 13.184086956521739 23
stats: tr_Redirect_To_New_Book 5 93.9612 62.54047149934193 211.148 26.672 44.95491304347826 23
# stats: dump at 1575874086
stats: users 26 90
stats: {freemem,"tsung_controller@ip-172-31-21-126"} 1 375549.03515625 0.0 375599.0390625 375549.03515625 375584.280078125 10
stats: {load,"tsung_controller@ip-172-31-21-126"} 1 0.0 0.0 0.01953125 0.0 0.010546875 10
stats: {recvpackets,"tsung_controller@ip-172-31-21-126"} 1 2872.0 0.0 2872 10 686.8888888888889 9
stats: {sentpackets,"tsung_controller@ip-172-31-21-126"} 1 1335.0 0.0 1335 10 355.55555555555554 9
stats: {cpu,"tsung_controller@ip-172-31-21-126"} 1 0.09784226577706535 0.0 0.09784226577706535 0.0020821404403727033 0.021678875025174776 10
stats: session 52 15345.288480769228 3960.073509773221 37488.708 4911.274 14087.087173076921 104
stats: users_count 0 182
stats: finish_users_count 52 156
stats: connect 0 0 0 11.748 0.625 1.1188901098901098 182
stats: request 305 67.2831508196721 107.402237510213 714.304 4.224 60.14839917355369 1210
stats: page 301 68.17950166112945 107.9121731648487 714.304 4.224 60.34848590381424 1206
stats: tr_Initial_Get_Root 0 0 0 595.325 11.213 34.12919658119658 117
stats: 302 131 594
stats: tr_Redirect_Root 41 52.41648780487805 99.4950414830471 535.901 13.411 47.11215827338129 139
stats: 200 173 921
stats: tr_Post_New_Comment_On_Post 10 18.2733 12.05436284545973 385.349 10.807 23.95109302325581 43
stats: size_rcv 2386473 10238537
stats: tr_Get_Post 10 185.5584 125.69903734730826 601.97 66.433 121.18606976744186 43
stats: newphase 0 2
stats: tr_Redirect_To_Post 25 164.60244000000006 112.02388682636574 526.514 60.846 111.09512000000002 75
stats: size_sent 182580 819027
stats: tr_Post_New_Comment_On_Comment 15 89.34066666666668 173.59639881236654 571.986 10.26 29.768891891891894 37
stats: connected -50 28
stats: tr_Get_Logout 5 10.906799999999999 4.912658889033513 150.763 6.458 29.49469230769231 13
stats: tr_Post_New_Post 16 15.159249999999995 11.250950707051382 162.991 9.434 24.620258064516133 31
stats: tr_Get_New_Post 16 15.546875000000002 7.415413338740802 468.16 10.228 49.11867741935484 31
stats: tr_Redirect_To_New_Post 17 20.701764705882358 16.828621985909507 210.705 11.42 25.747153846153843 26
stats: tr_Get_Root 0 0 0 32.373 11.3 14.531416666666667 12
stats: tr_Get_Conversations 5 36.57739999999999 56.61847702861672 318.281 7.503 59.800999999999995 6
stats: tr_Authenticate_User 35 5808.427228571428 2623.7319579792347 11491.998 271.663 3771.462204081633 147
stats: tr_Get_Login 5 6.1975999999999996 1.284176249585702 65.491 4.873 11.945692307692308 13
stats: tr_Post_Login 6 137.70450000000002 12.029259505472492 189.666 124.777 144.65766666666664 12
stats: tr_Get_New_Conversation 5 31.9534 7.437629208289424 368.004 21.321 86.193 6
stats: tr_Post_New_Conversation 4 35.23725 16.257153462014806 255.182 21.192 69.76559999999999 5
stats: tr_Redirect_To_New_Conversation 5 40.2508 23.44188563575891 84.188 18.314 20.26475 4
stats: tr_Redirect_To_Same_Conversation 4 20.8945 3.2309927653896082 324.293 18.571 96.56400000000001 4
stats: tr_Reply_To_Conversation 4 31.83875 1.2817401013856113 299.938 29.974 100.089 4
stats: tr_Get_New_Book 11 7.865181818181818 1.81123151565607 115.629 5.647 12.958058823529413 34
stats: tr_Get_Book 15 74.92026666666668 124.71961162568708 714.446 25.448 77.88681249999999 32
stats: tr_Post_New_Book 15 11.413599999999999 8.690767820317527 100.698 6.867 12.924413793103447 29
stats: tr_Redirect_To_New_Book 10 38.976200000000006 20.812556968330444 211.148 25.326 53.70603571428571 28
# stats: dump at 1575874096
stats: users 5 90
stats: {freemem,"tsung_controller@ip-172-31-21-126"} 1 375546.41015625 0.0 375599.0390625 375546.41015625 375581.0759943182 11
stats: {load,"tsung_controller@ip-172-31-21-126"} 1 0.0 0.0 0.01953125 0.0 0.009588068181818182 11
stats: {recvpackets,"tsung_controller@ip-172-31-21-126"} 1 2137.0 0.0 2872 10 905.4 10
stats: {sentpackets,"tsung_controller@ip-172-31-21-126"} 1 1133.0 0.0 1335 10 453.5 10
stats: {cpu,"tsung_controller@ip-172-31-21-126"} 1 0.06974516988674218 0.0 0.09784226577706535 0.0020821404403727033 0.02860281963898301 11
stats: session 21 21482.922904761912 4272.1941408910925 37488.708 4911.274 14506.487608974357 156
stats: users_count 0 182
stats: finish_users_count 21 177
stats: request 53 27.045320754716982 22.980476144773693 714.304 4.224 61.584768316831656 1515
stats: page 51 28.114490196078425 23.797345875548647 714.304 4.224 61.912610484406066 1507
stats: connect 0 0 0 11.748 0.625 1.1188901098901098 182
stats: tr_Initial_Get_Root 0 0 0 595.325 11.213 34.12919658119658 117
stats: 302 14 608
stats: tr_Redirect_Root 2 15.259 0.13199999999999967 535.901 13.411 48.320366666666665 180
stats: 200 39 960
stats: tr_Post_New_Comment_On_Post 0 0 0 385.349 10.807 22.879811320754715 53
stats: size_rcv 463292 10701829
stats: tr_Get_Post 0 0 0 601.97 66.433 133.3317924528302 53
stats: newphase 0 2
stats: tr_Redirect_To_Post 6 70.01283333333333 6.5693709850250395 526.514 60.846 124.47195000000004 100
stats: size_sent 28849 847876
stats: tr_Post_New_Comment_On_Comment 1 12.04 0.0 571.986 10.26 46.953057692307695 52
stats: connected -23 5
stats: tr_Get_Logout 1 8.008 0.0 150.763 6.458 24.331388888888892 18
stats: tr_Post_New_Post 4 10.095749999999999 0.22655504298072815 162.991 9.434 21.399489361702127 47
stats: tr_Get_New_Post 4 15.394000000000002 5.756232318105308 468.16 10.228 37.68997872340426 47
stats: tr_Redirect_To_New_Post 6 12.901499999999999 0.7540788530827969 210.705 11.42 23.75246511627907 43
stats: tr_Get_Root 0 0 0 32.373 11.3 14.531416666666667 12
stats: tr_Get_Conversations 1 8.93 0.0 318.281 7.503 49.24481818181818 11
stats: tr_Authenticate_User 0 0 0 11491.998 271.663 4163.186247252747 182
stats: tr_Get_Login 1 5.804 0.0 65.491 4.873 10.349 18
stats: tr_Post_Login 1 125.278 0.0 189.666 124.777 142.33994444444443 18
stats: tr_Get_New_Conversation 1 24.416 0.0 368.004 21.321 61.53863636363636 11
stats: tr_Post_New_Conversation 3 21.831333333333333 0.8155220550188832 255.182 21.192 54.419666666666664 9
stats: tr_Redirect_To_New_Conversation 2 19.472 0.22299999999999986 84.188 18.314 31.36811111111111 9
stats: tr_Redirect_To_Same_Conversation 2 19.747500000000002 0.19150000000000045 324.293 18.571 58.72925000000001 8
stats: tr_Reply_To_Conversation 2 30.6755 1.3894999999999982 299.938 29.286 65.963875 8
stats: tr_Get_New_Book 1 7.066 0.0 115.629 5.647 11.713133333333335 45
stats: tr_Get_Book 5 34.450599999999994 10.562060965550236 714.446 25.448 76.94004255319149 47
stats: tr_Post_New_Book 2 8.1135 0.014499999999999957 100.698 6.867 12.409363636363635 44
stats: tr_Redirect_To_New_Book 8 28.312875 2.153837066580246 211.148 25.326 49.82976315789474 38
# stats: dump at 1575874106
stats: users 52 90
stats: {freemem,"tsung_controller@ip-172-31-21-126"} 1 375545.8125 0.0 375599.0390625 375545.8125 375578.1871744792 12
stats: {load,"tsung_controller@ip-172-31-21-126"} 1 0.0 0.0 0.01953125 0.0 0.0087890625 12
stats: {recvpackets,"tsung_controller@ip-172-31-21-126"} 1 388.0 0.0 2872 10 1017.3636363636364 11
stats: {sentpackets,"tsung_controller@ip-172-31-21-126"} 1 403.0 0.0 1335 10 515.2727272727273 11
stats: {cpu,"tsung_controller@ip-172-31-21-126"} 1 0.03435174100869203 0.0 0.09784226577706535 0.0020821404403727033 0.032031348826296276 12
stats: session 5 28001.928399999997 2438.3244860578006 37488.708 4911.274 15334.20027118644 177
stats: users_count 52 234
stats: finish_users_count 5 182
stats: request 88 51.490431818181825 83.37793837643409 714.304 4.224 60.41729974489793 1568
stats: connect 47 0.9324468085106385 0.21649350720062524 11.748 0.573 1.1188901098901098 182
stats: page 86 52.69263953488372 84.1297107736526 714.304 4.224 60.80625353016684 1558
stats: tr_Initial_Get_Root 26 24.465538461538465 26.15101458721685 595.325 10.36 34.12919658119658 117
stats: 302 19 627
stats: tr_Redirect_Root 1 307.58 0.0 535.901 13.411 47.95705494505494 182
stats: 200 69 1029
stats: tr_Post_New_Comment_On_Post 0 0 0 385.349 10.807 22.879811320754715 53
stats: size_rcv 193001 10894830
stats: tr_Get_Post 0 0 0 601.97 66.433 133.3317924528302 53
stats: newphase 1 3
stats: tr_Redirect_To_Post 0 0 0 526.514 60.846 121.38935849056607 106
stats: size_sent 32032 879908
stats: tr_Post_New_Comment_On_Comment 0 0 0 571.986 10.26 46.294320754716985 53
stats: connected 42 47
stats: tr_Get_Logout 0 0 0 150.763 6.458 23.472263157894737 19
stats: tr_Post_New_Post 1 10.447 0.0 162.991 9.434 20.512921568627448 51
stats: tr_Get_New_Post 1 12.07 0.0 468.16 10.228 35.941274509803925 51
stats: tr_Redirect_To_New_Post 3 13.079 0.6005569637150722 210.705 11.42 22.42377551020408 49
stats: tr_Get_Root 5 13.359 1.7784459508233583 32.373 11.3 14.531416666666667 12
stats: tr_Get_Conversations 0 0 0 318.281 7.503 45.88524999999999 12
stats: tr_Authenticate_User 4 1302.5815 571.9600503533879 11491.998 271.663 4163.186247252747 182
stats: tr_Get_Login 0 0 0 65.491 4.873 10.109789473684211 19
stats: tr_Post_Login 0 0 0 189.666 124.777 141.441947368421 19
stats: tr_Get_New_Conversation 0 0 0 368.004 21.321 58.445083333333336 12
stats: tr_Post_New_Conversation 0 0 0 255.182 21.192 46.27258333333333 12
stats: tr_Redirect_To_New_Conversation 1 37.684 0.0 84.188 18.314 29.205181818181817 11
stats: tr_Redirect_To_Same_Conversation 2 19.262500000000003 0.1194999999999995 324.293 18.571 50.932900000000004 10
stats: tr_Reply_To_Conversation 2 30.992 0.48499999999999943 299.938 29.286 58.9062 10
stats: tr_Get_New_Book 0 0 0 115.629 5.647 11.612108695652177 46
stats: tr_Get_Book 0 0 0 714.446 25.448 72.85451923076923 52
stats: tr_Post_New_Book 0 0 0 100.698 6.867 12.222586956521738 46
stats: tr_Redirect_To_New_Book 0 0 0 211.148 25.326 46.08769565217391 46
# stats: dump at 1575874116
stats: users 188 189
stats: {freemem,"tsung_controller@ip-172-31-21-126"} 1 375555.91015625 0.0 375599.0390625 375545.8125 375575.6968149039 13
stats: {load,"tsung_controller@ip-172-31-21-126"} 1 0.0 0.0 0.01953125 0.0 0.00811298076923077 13
stats: {recvpackets,"tsung_controller@ip-172-31-21-126"} 1 633.0 0.0 2872 10 964.9166666666666 12
stats: {sentpackets,"tsung_controller@ip-172-31-21-126"} 1 533.0 0.0 1335 10 505.9166666666667 12
stats: {cpu,"tsung_controller@ip-172-31-21-126"} 1 0.03747384637804865 0.0 0.09784226577706535 0.0020821404403727033 0.03220984053263441 13
stats: session 5 10621.1388 1358.579233165501 37488.708 4911.274 15682.21478021978 182
stats: users_count 141 375
stats: finish_users_count 5 187
stats: request 478 524.3664979079498 543.809328739148 2885.151 4.224 59.94292512077292 1656
stats: connect 143 0.9670769230769233 0.5989725127298557 11.748 0.564 1.0806244541484715 229
stats: page 478 524.3664979079498 543.809328739148 2885.151 4.224 60.38181873479315 1644
stats: tr_Initial_Get_Root 68 554.9273823529413 464.4755504296035 1643.802 10.36 32.37216783216783 143
stats: 302 190 817
stats: tr_Redirect_Root 55 850.3215454545452 602.4420479705101 2515.93 13.411 49.37575956284152 183
stats: 200 288 1317
stats: tr_Post_New_Comment_On_Post 6 682.7833333333333 522.9739290377888 1422.74 10.807 22.879811320754715 53
stats: size_rcv 1309455 12204285
stats: tr_Get_Post 8 1655.249625 301.28259704799484 2336.273 66.433 133.3317924528302 53
stats: newphase 0 3
stats: tr_Redirect_To_Post 2 1962.2754999999997 349.7905 2312.066 60.846 121.38935849056607 106
stats: size_sent 260471 1140379
stats: tr_Post_New_Comment_On_Comment 1 2192.439 0.0 2192.439 10.26 46.294320754716985 53
stats: connected 139 186
stats: tr_Get_Logout 4 228.97925 213.2055346811792 473.188 6.458 23.472263157894737 19
stats: tr_Post_New_Post 1 548.756 0.0 548.756 9.434 20.319346153846148 52
stats: tr_Get_New_Post 3 621.8196666666666 458.9602018514846 1253.125 10.228 35.48221153846154 52
stats: tr_Redirect_To_New_Post 0 0 0 210.705 11.42 21.884653846153846 52
stats: tr_Get_Root 15 636.5246666666668 503.55072422993186 1835.243 11.3 14.186588235294119 17
stats: tr_Get_Conversations 2 785.758 189.41600000000003 975.174 7.503 45.88524999999999 12
stats: tr_Authenticate_User 83 3833.3135180722884 1839.0539384799097 11491.998 271.663 4101.6678655913975 186
stats: tr_Get_Login 3 83.20566666666666 106.95176944876705 234.439 4.873 10.109789473684211 19
stats: tr_Post_Login 3 651.597 371.0355235454776 1112.434 124.777 141.441947368421 19
stats: tr_Get_New_Conversation 0 0 0 368.004 21.321 58.445083333333336 12
stats: tr_Post_New_Conversation 0 0 0 255.182 21.192 46.27258333333333 12
stats: tr_Redirect_To_New_Conversation 0 0 0 84.188 18.314 29.91175 12
stats: tr_Redirect_To_Same_Conversation 0 0 0 324.293 18.571 45.654500000000006 12
stats: tr_Reply_To_Conversation 0 0 0 299.938 29.286 54.25383333333334 12
stats: tr_Get_New_Book 5 523.0548 361.62737252724656 1144.666 5.647 11.612108695652177 46
stats: tr_Get_Book 5 1766.0298000000003 806.1150231217377 2885.33 25.448 72.85451923076923 52
stats: tr_Post_New_Book 2 677.4685 288.78149999999994 966.25 6.867 12.222586956521738 46
stats: tr_Redirect_To_New_Book 1 1272.662 0.0 1272.662 25.326 46.08769565217391 46
# stats: dump at 1575874126
stats: users 208 219
stats: {freemem,"tsung_controller@ip-172-31-21-126"} 1 375522.81640625 0.0 375599.0390625 375522.81640625 375574.28348214284 14
stats: {load,"tsung_controller@ip-172-31-21-126"} 1 0.0 0.0 0.01953125 0.0 0.007533482142857144 14
stats: {recvpackets,"tsung_controller@ip-172-31-21-126"} 1 2909.0 0.0 2909 10 939.3846153846154 13
stats: {sentpackets,"tsung_controller@ip-172-31-21-126"} 1 1982.0 0.0 1982 10 508.0 13
stats: {cpu,"tsung_controller@ip-172-31-21-126"} 1 0.1467756206735023 0.0 0.1467756206735023 0.0020821404403727033 0.032585840950164 14
stats: session 12 16587.177583333334 3406.844343649718 37488.708 4911.274 15546.891893048129 187
stats: users_count 32 407
stats: finish_users_count 12 199
stats: request 525 2103.1466666666643 1021.8009366891305 6710.321 4.224 163.9703233364573 2134
stats: tr_Initial_Get_Root 32 1728.56028125 506.7758652172597 3009.645 10.36 200.77858767772517 211
stats: connect 35 1.1538857142857144 1.6404676296963716 11.748 0.468 1.0369758064516128 372
stats: 302 234 1051
stats: page 525 2103.1466666666643 1021.8009366891305 6710.321 4.224 164.89863147973608 2122
stats: tr_Redirect_Root 80 2575.2423750000016 611.2199516059329 3893.558 13.411 234.46827310924368 238
stats: 200 291 1608
stats: tr_Post_New_Comment_On_Post 23 2056.0875652173913 346.4772109017356 2633.555 10.807 89.98864406779661 59
stats: size_rcv 2902367 15106652
stats: tr_Get_Post 26 4004.5217692307688 878.5818076290866 5718.545 66.433 332.92757377049185 61
stats: newphase 0 3
stats: tr_Redirect_To_Post 14 4350.488214285715 922.8691616031094 6710.404 60.846 155.47984259259263 108
stats: size_sent 326438 1466817
stats: tr_Post_New_Comment_On_Comment 6 2141.3309999999997 444.3969036428284 2753.563 10.26 86.03774074074074 54
stats: connected 22 208
stats: tr_Get_Logout 8 1914.0884999999998 315.0264720372718 2648.998 6.458 59.21260869565218 23
stats: tr_Post_New_Post 8 1830.8742500000003 560.9840892825637 2479.036 9.434 30.289849056603767 53
stats: tr_Get_New_Post 10 1814.2863999999997 539.0506309541248 2864.575 10.228 67.46425454545455 55
stats: tr_Redirect_To_New_Post 5 1954.2102 700.62687512467 3166.375 11.42 21.884653846153846 52
stats: tr_Get_Root 7 1810.7765714285713 597.3606780262317 3012.14 11.3 305.9075625000001 32
stats: tr_Get_Conversations 5 1599.9268 407.58675253221855 2078.32 7.503 151.58135714285714 14
stats: tr_Authenticate_User 90 7670.242488888888 2852.6024893106814 17278.589 271.663 4018.8670817843863 269
stats: tr_Get_Login 5 1271.2036 206.5382064215723 1624.931 4.873 20.07740909090909 22
stats: tr_Post_Login 3 1628.8196666666665 165.67554642399367 1807.799 124.777 211.0085454545454 22
stats: tr_Get_New_Conversation 4 1959.79375 135.08075136076016 2135.782 21.321 58.445083333333336 12
stats: tr_Post_New_Conversation 2 3490.9635 422.2555000000001 3913.219 21.192 46.27258333333333 12
stats: tr_Redirect_To_New_Conversation 0 0 0 84.188 18.314 29.91175 12
stats: tr_Redirect_To_Same_Conversation 0 0 0 324.293 18.571 45.654500000000006 12
stats: tr_Reply_To_Conversation 0 0 0 299.938 29.286 54.25383333333334 12
stats: tr_Get_New_Book 14 1336.1113571428573 213.4759656299935 1803.54 5.647 61.753549019607846 51
stats: tr_Get_Book 14 4403.825285714286 752.4126234453527 6083.091 25.448 221.37866666666667 57
stats: tr_Post_New_Book 10 1825.0433 461.9391143092454 2371.476 6.867 39.94116666666667 48
stats: tr_Redirect_To_New_Book 3 4476.162333333334 684.259414678543 5420.139 25.326 72.18502127659575 47
# stats: dump at 1575874136
stats: users 113 219
stats: {freemem,"tsung_controller@ip-172-31-21-126"} 1 375485.73046875 0.0 375599.0390625 375485.73046875 375570.85234375 15
stats: {load,"tsung_controller@ip-172-31-21-126"} 1 0.0 0.0 0.01953125 0.0 0.007031250000000001 15
stats: {recvpackets,"tsung_controller@ip-172-31-21-126"} 1 3515.0 0.0 3515 10 1080.0714285714287 14
stats: {sentpackets,"tsung_controller@ip-172-31-21-126"} 1 1574.0 0.0 1982 10 613.2857142857143 14
stats: {cpu,"tsung_controller@ip-172-31-21-126"} 1 0.15195670274771025 0.0 0.15195670274771025 0.0020821404403727033 0.040198492931719884 15
stats: session 95 23251.251326315793 4475.722039210393 37488.708 4911.274 15609.62268844221 199
stats: users_count 0 407
stats: finish_users_count 95 294
stats: request 650 1149.4342061538462 988.048800590185 6710.321 4.224 546.8464347499055 2659
stats: page 643 1161.949491446345 997.1305782957197 6710.321 4.224 549.3263679637321 2647
stats: connect 0 0 0 11.748 0.468 1.047029484029484 407
stats: tr_Initial_Get_Root 0 0 0 3009.645 10.36 401.96794650205766 243
stats: 302 258 1309
stats: tr_Redirect_Root 81 1398.6539506172846 691.8432552609707 3893.558 13.411 823.3422610062897 318
stats: 200 392 2000
stats: tr_Post_New_Comment_On_Post 42 924.8299999999997 569.7225445687617 2956.991 10.807 641.4554146341465 82
stats: size_rcv 7460717 22567369
stats: tr_Get_Post 37 2583.770972972973 1176.2848398454528 6219.645 66.433 1430.185609195402 87
stats: newphase 0 3
stats: tr_Redirect_To_Post 84 1961.9533690476196 1271.549981639158 6710.404 60.846 636.8742459016395 122
stats: size_sent 319513 1786330
stats: tr_Post_New_Comment_On_Comment 41 746.5975365853659 542.2977857246499 2753.563 10.26 291.5670666666666 60
stats: connected -94 114
stats: tr_Get_Logout 9 841.9357777777777 437.12237831674094 2648.998 6.458 537.890258064516 31
stats: tr_Post_New_Post 34 565.8721764705883 446.1524703491128 2479.036 9.434 266.4320655737705 61
stats: tr_Get_New_Post 30 397.26670000000007 338.41015867673053 2864.575 10.228 336.20612307692306 65
stats: tr_Redirect_To_New_Post 19 653.5864736842103 565.3494983667293 3166.375 11.42 191.3868947368421 57
stats: tr_Get_Root 0 0 0 3012.14 11.3 576.0122564102564 39
stats: tr_Get_Conversations 16 503.4439375000002 346.6831503607561 2078.32 7.503 532.7248947368422 19
stats: tr_Authenticate_User 47 9675.428085106385 3443.715890215282 18186.828 271.663 4934.253674094706 359
stats: tr_Get_Login 13 351.9381538461538 340.3512055364725 1624.931 4.873 251.76744444444444 27
stats: tr_Post_Login 15 520.3896000000001 344.64107626240184 1807.799 124.777 381.14588 25
stats: tr_Get_New_Conversation 15 504.26613333333324 289.7227656616733 2135.782 21.321 533.78225 16
stats: tr_Post_New_Conversation 16 1109.134875 625.2889994135586 3913.219 21.192 538.3712857142857 14
stats: tr_Redirect_To_New_Conversation 10 952.4936 588.0577611267792 1751.321 18.314 29.91175 12
stats: tr_Redirect_To_Same_Conversation 7 659.5592857142857 334.4991807983624 1119.193 18.571 45.654500000000006 12
stats: tr_Reply_To_Conversation 7 1440.5412857142858 478.2302529848132 2440.233 29.286 54.25383333333334 12
stats: tr_Get_New_Book 27 554.3984444444445 416.55266329564074 1803.54 5.647 336.2306153846154 65
stats: tr_Get_Book 31 1822.0674193548396 1121.2315675857906 6083.091 25.448 1046.0864507042254 71
stats: tr_Post_New_Book 30 663.7059333333337 464.8568867959927 2371.476 6.867 347.71739655172416 58
stats: tr_Redirect_To_New_Book 21 1746.9500476190474 1061.1588800287423 5420.139 25.326 336.42366000000004 50
# stats: dump at 1575874146
stats: users 18 219
stats: {freemem,"tsung_controller@ip-172-31-21-126"} 1 375457.36328125 0.0 375599.0390625 375457.36328125 375565.5322265625 16
stats: {load,"tsung_controller@ip-172-31-21-126"} 1 0.0 0.0 0.01953125 0.0 0.006591796875000001 16
stats: {recvpackets,"tsung_controller@ip-172-31-21-126"} 1 6793.0 0.0 6793 10 1242.4 15
stats: {sentpackets,"tsung_controller@ip-172-31-21-126"} 1 2496.0 0.0 2496 10 677.3333333333334 15
stats: {cpu,"tsung_controller@ip-172-31-21-126"} 1 0.18844548095243052 0.0 0.18844548095243052 0.0020821404403727033 0.04718338104521928 16
stats: session 95 27541.73890526316 4490.030088654331 40351.482 4911.274 18078.85643197279 294
stats: users_count 0 407
stats: finish_users_count 95 389
stats: request 221 42.880266968325806 44.06956111013632 6710.321 4.224 665.2151417346627 3309
stats: connect 0 0 0 11.748 0.468 1.047029484029484 407
stats: page 206 46.014956310679615 45.57478551002186 6710.321 4.224 669.0578781155011 3290
stats: tr_Initial_Get_Root 0 0 0 3009.645 10.36 401.96794650205766 243
stats: 302 66 1375
stats: tr_Redirect_Root 8 24.347375 8.600152526808754 3893.558 13.411 940.1348596491233 399
stats: 200 155 2155
stats: tr_Post_New_Comment_On_Post 1 10.192 0.0 2956.991 10.192 737.4371290322581 124
stats: size_rcv 2716775 25284144
stats: tr_Get_Post 1 133.317 0.0 6219.645 66.433 1774.4005967741934 124
stats: newphase 0 3
stats: tr_Redirect_To_Post 42 106.92771428571429 48.835717159085284 6710.404 60.846 1177.1977718446603 206
stats: size_sent 124332 1910662
stats: tr_Post_New_Comment_On_Comment 22 23.36754545454545 15.906016256656622 2753.563 10.26 476.28240594059406 101
stats: connected -96 18
stats: tr_Get_Logout 0 0 0 2648.998 6.458 606.3004999999999 40
stats: tr_Post_New_Post 10 10.7786 1.9312615669556517 2479.036 9.434 373.6001052631579 95
stats: tr_Get_New_Post 10 13.6006 2.749813528223323 2864.575 10.228 355.48841052631576 95
stats: tr_Redirect_To_New_Post 22 20.814227272727276 12.984192844069415 3166.375 11.42 306.93678947368414 76
stats: tr_Get_Root 0 0 0 3012.14 11.3 576.0122564102564 39
stats: tr_Get_Conversations 4 8.48125 0.3903795428810275 2078.32 7.503 519.3393142857144 35
stats: tr_Authenticate_User 1 5478.834 0.0 18186.828 271.663 5483.108839901476 406
stats: tr_Get_Login 0 0 0 1624.931 4.873 284.32292499999994 40
stats: tr_Post_Login 0 0 0 1807.799 124.777 433.36227500000007 40
stats: tr_Get_New_Conversation 6 47.765833333333326 17.323790899768124 2135.782 21.321 519.5002580645161 31
stats: tr_Post_New_Conversation 6 40.12416666666666 22.21053508598016 3913.219 20.95 842.7785333333334 30
stats: tr_Redirect_To_New_Conversation 14 34.305285714285716 26.08915061155984 1751.321 17.751 449.2671363636364 22
stats: tr_Redirect_To_Same_Conversation 15 25.80493333333333 12.135518115387118 1119.193 18.571 271.8299473684211 19
stats: tr_Reply_To_Conversation 15 36.66366666666667 5.868313189400245 2440.233 29.286 564.9913157894738 19
stats: tr_Get_New_Book 6 10.263166666666667 3.640942342153867 1803.54 5.647 400.2581304347827 92
stats: tr_Get_Book 3 27.581 1.8277658493362872 6083.091 25.448 1281.9238039215688 102
stats: tr_Post_New_Book 10 9.3779 1.4925205827726462 2371.476 6.867 455.4407613636365 88
stats: tr_Redirect_To_New_Book 23 47.352391304347805 38.879631572260394 5420.139 25.326 753.6216056338027 71
# stats: dump at 1575874156
stats: users 1 219
stats: {freemem,"tsung_controller@ip-172-31-21-126"} 1 375494.76953125 0.0 375599.0390625 375457.36328125 375559.16934742645 17
stats: {load,"tsung_controller@ip-172-31-21-126"} 1 0.0 0.0 0.01953125 0.0 0.006204044117647059 17
stats: {recvpackets,"tsung_controller@ip-172-31-21-126"} 1 1988.0 0.0 6793 10 1589.3125 16
stats: {sentpackets,"tsung_controller@ip-172-31-21-126"} 1 774.0 0.0 2496 10 791.0 16
stats: {cpu,"tsung_controller@ip-172-31-21-126"} 1 0.05412945266795744 0.0 0.18844548095243052 0.0020821404403727033 0.05549291633387877 17
stats: session 17 35331.09482352942 4122.438823730937 45273.717 4911.274 20389.843154241644 389
stats: users_count 0 407
stats: finish_users_count 17 406
stats: request 32 25.99096875 15.27868633195516 6710.321 4.224 626.2530999999996 3530
stats: connect 0 0 0 11.748 0.468 1.047029484029484 407
stats: page 27 30.837333333333326 19.226581314342834 6710.321 4.224 632.3453947368417 3496
stats: tr_Initial_Get_Root 0 0 0 3009.645 10.36 401.96794650205766 243
stats: 302 10 1385
stats: tr_Redirect_Root 0 0 0 3893.558 13.411 922.1341228501233 407
stats: 200 22 2177
stats: tr_Post_New_Comment_On_Post 0 0 0 2956.991 10.192 731.619168 125
stats: size_rcv 234287 25518431
stats: tr_Get_Post 0 0 0 6219.645 66.433 1761.2719280000001 125
stats: newphase 0 3
stats: tr_Redirect_To_Post 2 69.389 7.725999999999999 6710.404 60.846 995.942358870968 248
stats: size_sent 17999 1928661
stats: tr_Post_New_Comment_On_Comment 2 11.5155 0.6044999999999998 2753.563 10.26 395.27324390243905 123
stats: connected -17 1
stats: tr_Get_Logout 0 0 0 2648.998 6.458 606.3004999999999 40
stats: tr_Post_New_Post 0 0 0 2479.036 9.434 339.04567619047623 105
stats: tr_Get_New_Post 0 0 0 2864.575 10.228 322.92766666666665 105
stats: tr_Redirect_To_New_Post 6 13.197000000000001 0.2887057325374753 3166.375 11.42 242.70519387755098 98
stats: tr_Get_Root 0 0 0 3012.14 11.3 576.0122564102564 39
stats: tr_Get_Conversations 0 0 0 2078.32 7.503 466.94361538461544 39
stats: tr_Authenticate_User 0 0 0 18186.828 271.663 5483.098336609334 407
stats: tr_Get_Login 0 0 0 1624.931 4.873 284.32292499999994 40
stats: tr_Post_Login 0 0 0 1807.799 124.777 433.36227500000007 40
stats: tr_Get_New_Conversation 2 29.509999999999998 2.045000000000001 2135.782 21.321 443.00278378378374 37
stats: tr_Post_New_Conversation 3 21.71966666666667 0.4800168978507139 3913.219 20.95 709.0028055555555 36
stats: tr_Redirect_To_New_Conversation 3 19.874333333333333 0.19546923599948476 1751.321 17.751 287.8930833333333 36
stats: tr_Redirect_To_Same_Conversation 5 19.666600000000003 0.263562212769585 1119.193 18.571 163.2895 34
stats: tr_Reply_To_Conversation 5 33.33059999999999 4.864185465214084 2440.233 29.286 331.9055882352942 34
stats: tr_Get_New_Book 0 0 0 1803.54 5.647 376.3808877551021 98
stats: tr_Get_Book 0 0 0 6083.091 25.448 1246.0854380952383 105
stats: tr_Post_New_Book 0 0 0 2371.476 6.867 409.924142857143 98
stats: tr_Redirect_To_New_Book 4 36.7955 15.195846940858544 5420.139 25.326 580.8110531914892 94
# stats: dump at 1575874166
stats: users 294 294
stats: {freemem,"tsung_controller@ip-172-31-21-126"} 1 375508.92578125 0.0 375599.0390625 375457.36328125 375555.5915798611 18
stats: {load,"tsung_controller@ip-172-31-21-126"} 1 0.0 0.0 0.01953125 0.0 0.005859375000000001 18
stats: {recvpackets,"tsung_controller@ip-172-31-21-126"} 1 156.0 0.0 6793 10 1612.764705882353 17
stats: {sentpackets,"tsung_controller@ip-172-31-21-126"} 1 91.0 0.0 2496 10 790.0 17
stats: {cpu,"tsung_controller@ip-172-31-21-126"} 1 0.013531658877288672 0.0 0.18844548095243052 0.0020821404403727033 0.05541716835243869 18
stats: session 1 40444.522 0.0 45273.717 4911.274 21015.462066502463 406
stats: users_count 294 701
stats: finish_users_count 1 407
stats: request 403 1059.3230198511167 872.4485922083896 6710.321 4.224 620.8605148792809 3562
stats: connect 290 0.9268517241379314 0.9795104101190091 15.463 0.468 1.047029484029484 407
stats: page 403 1059.3230198511167 872.4485922083896 6710.321 4.224 627.7354833948335 3523
stats: tr_Initial_Get_Root 126 1144.210825396825 866.7467791870248 3092.554 10.36 401.96794650205766 243
stats: 302 104 1489
stats: tr_Redirect_Root 8 2306.9901250000003 780.6973944111503 3893.558 13.411 922.1341228501233 407
stats: 200 300 2477
stats: tr_Post_New_Comment_On_Post 0 0 0 2956.991 10.192 731.619168 125
stats: size_rcv 801314 26319745
stats: tr_Get_Post 0 0 0 6219.645 66.433 1761.2719280000001 125
stats: newphase 1 4
stats: tr_Redirect_To_Post 0 0 0 6710.404 60.846 988.5299320000001 250
stats: size_sent 208309 2136970
stats: tr_Post_New_Comment_On_Comment 0 0 0 2753.563 10.26 389.1331200000001 125
stats: connected 289 290
stats: tr_Get_Logout 0 0 0 2648.998 6.458 606.3004999999999 40
stats: tr_Post_New_Post 0 0 0 2479.036 9.434 339.04567619047623 105
stats: tr_Get_New_Post 0 0 0 2864.575 10.228 322.92766666666665 105
stats: tr_Redirect_To_New_Post 1 13.386 0.0 3166.375 11.42 229.4643365384615 104
stats: tr_Get_Root 17 1468.8891176470588 1010.9259951894938 3070.107 11.3 576.0122564102564 39
stats: tr_Get_Conversations 0 0 0 2078.32 7.503 466.94361538461544 39
stats: tr_Authenticate_User 40 3917.512775 1548.1528473902943 18186.828 271.663 5483.098336609334 407
stats: tr_Get_Login 0 0 0 1624.931 4.873 284.32292499999994 40
stats: tr_Post_Login 0 0 0 1807.799 124.777 433.36227500000007 40
stats: tr_Get_New_Conversation 0 0 0 2135.782 21.321 421.7980256410256 39
stats: tr_Post_New_Conversation 0 0 0 3913.219 20.95 656.1348717948717 39
stats: tr_Redirect_To_New_Conversation 0 0 0 1751.321 17.751 267.2762564102564 39
stats: tr_Redirect_To_Same_Conversation 0 0 0 1119.193 18.571 144.87630769230768 39
stats: tr_Reply_To_Conversation 0 0 0 2440.233 29.286 293.6267435897437 39
stats: tr_Get_New_Book 0 0 0 1803.54 5.647 376.3808877551021 98
stats: tr_Get_Book 0 0 0 6083.091 25.448 1246.0854380952383 105
stats: tr_Post_New_Book 0 0 0 2371.476 6.867 409.924142857143 98
stats: tr_Redirect_To_New_Book 0 0 0 5420.139 25.326 558.6063367346937 98
# stats: dump at 1575874176
stats: users 467 478
stats: {freemem,"tsung_controller@ip-172-31-21-126"} 1 375506.15234375 0.0 375599.0390625 375457.36328125 375553.13548519736 19
stats: {load,"tsung_controller@ip-172-31-21-126"} 1 0.0 0.0 0.01953125 0.0 0.005550986842105264 19
stats: {recvpackets,"tsung_controller@ip-172-31-21-126"} 1 2914.0 0.0 6793 10 1531.8333333333333 18
stats: {sentpackets,"tsung_controller@ip-172-31-21-126"} 1 2493.0 0.0 2496 10 751.1666666666666 18
stats: {cpu,"tsung_controller@ip-172-31-21-126"} 1 0.15199625214720733 0.0 0.18844548095243052 0.0020821404403727033 0.053212667853746586 19
stats: session 13 14543.421923076921 1683.62882511919 45273.717 4911.274 21063.199314496313 407
stats: users_count 186 887
stats: finish_users_count 13 420
stats: connect 194 0.8118041237113401 0.5092568496859587 15.463 0.466 0.9970272596843617 697
stats: tr_Initial_Get_Root 182 2014.622862637364 1523.798133610597 5057.823 0.846 655.4167344173441 369
stats: page 1377 1276.092899055918 1511.6289818626667 6710.321 0.235 672.0375152827302 3926
stats: 302 186 1675
stats: request 1377 1276.092899055918 1511.6289818626667 6710.321 0.235 665.4255563682217 3965
stats: tr_Redirect_Root 166 1224.6226566265063 1749.3541785231887 5435.1 0.269 948.8301421686751 415
stats: 200 399 2876
stats: tr_Post_New_Comment_On_Post 31 282.76829032258064 871.8711455759665 3244.091 0.328 731.619168 125
stats: size_rcv 1914583 28234328
stats: tr_Get_Post 34 1416.0003235294116 2393.3094497919515 6560.494 0.402 1761.2719280000001 125
stats: newphase 0 4
stats: tr_Redirect_To_Post 15 0.8546666666666667 0.8523585056900778 6710.404 0.476 988.5299320000001 250
stats: 502 734 734
stats: tr_Post_New_Comment_On_Comment 8 1.2610000000000001 2.099564121430922 2753.563 0.377 389.1331200000001 125
stats: 422 49 49
stats: tr_Get_Logout 13 857.5243846153845 1103.7148096929845 2807.842 0.299 606.3004999999999 40
stats: size_sent 655644 2792614
stats: tr_Post_New_Post 8 262.965625 694.6625607633063 2479.036 0.327 339.04567619047623 105
stats: connected 173 463
stats: tr_Get_New_Post 11 843.6101818181816 1127.684065894894 2864.575 0.386 322.92766666666665 105
stats: 400 8 8
stats: tr_Redirect_To_New_Post 0 0 0 3166.375 11.42 227.40644761904758 105
stats: tr_Get_Root 32 2409.022875000001 1597.74093410522 5669.156 0.944 847.0641607142858 56
stats: tr_Get_Conversations 8 532.27225 921.2608665129478 2154.185 0.362 466.94361538461544 39
stats: tr_Authenticate_User 236 6561.160055084749 2865.79186240908 18186.828 189.319 5343.0011946308705 447
stats: tr_Get_Login 11 346.8641818181818 734.0809535869037 1958.509 0.312 284.32292499999994 40
stats: tr_Post_Login 8 286.55125000000004 755.7501132979986 2286.077 0.364 433.36227500000007 40
stats: tr_Get_New_Conversation 5 854.7624 1050.7066045816216 2290.193 0.463 421.7980256410256 39
stats: tr_Post_New_Conversation 2 0.7675000000000001 0.012499999999999983 3913.219 0.755 656.1348717948717 39
stats: tr_Redirect_To_New_Conversation 1 0.444 0.0 1751.321 0.444 267.2762564102564 39
stats: tr_Redirect_To_Same_Conversation 0 0 0 1119.193 18.571 144.87630769230768 39
stats: tr_Reply_To_Conversation 0 0 0 2440.233 29.286 293.6267435897437 39
stats: tr_Get_New_Book 15 970.5542666666666 1213.2884066167433 2966.221 0.441 376.3808877551021 98
stats: tr_Get_Book 19 911.9899999999999 2111.888880669101 6368.449 0.324 1246.0854380952383 105
stats: tr_Post_New_Book 12 228.4850833333334 755.6649375085119 2734.742 0.353 409.924142857143 98
stats: tr_Redirect_To_New_Book 3 0.5276666666666666 0.04956028876249837 5420.139 0.47 558.6063367346937 98
# stats: dump at 1575874186
stats: users 366 478
stats: {freemem,"tsung_controller@ip-172-31-21-126"} 1 375441.8984375 0.0 375599.0390625 375441.8984375 375550.786328125 20
stats: {load,"tsung_controller@ip-172-31-21-126"} 1 0.0 0.0 0.01953125 0.0 0.0052734375 20
stats: {recvpackets,"tsung_controller@ip-172-31-21-126"} 1 4506.0 0.0 6793 10 1604.578947368421 19
stats: {sentpackets,"tsung_controller@ip-172-31-21-126"} 1 3882.0 0.0 3882 10 842.8421052631579 19
stats: {cpu,"tsung_controller@ip-172-31-21-126"} 1 0.27587499219221717 0.0 0.27587499219221717 0.0020821404403727033 0.058151847068419624 20
stats: session 101 19940.469891089087 3932.72304405152 45273.717 4911.274 20861.396680952377 420
stats: users_count 0 887
stats: finish_users_count 101 521
stats: request 1281 1563.3396697892238 1573.1812372162444 7220.039 0.233 822.8364382253833 5342
stats: tr_Initial_Get_Root 0 0 0 5057.823 0.846 1104.3741125226863 551
stats: connect 29 1.6909310344827588 3.881556352725243 21.593 0.466 0.9566980920314255 891
stats: page 1275 1567.8682745098006 1579.880375940023 7220.039 0.233 828.8891584009046 5303
stats: 302 230 1905
stats: tr_Redirect_Root 251 1780.0884780876484 1430.291145409632 5435.1 0.269 1027.6280034423412 581
stats: 200 395 3271
stats: tr_Post_New_Comment_On_Post 68 1010.6128676470589 1226.9956533054378 4169.713 0.327 642.4244423076923 156
stats: size_rcv 4936680 33171008
stats: tr_Get_Post 68 2657.668573529412 2445.5044560685124 7225.475 0.402 1687.4402641509432 159
stats: newphase 0 4
stats: tr_Redirect_To_Post 82 2405.6460975609757 2218.4627118019303 6924.19 0.476 932.6237849056605 265
stats: 502 523 1257
stats: tr_Post_New_Comment_On_Comment 42 363.1927142857142 832.7486639993082 3228.829 0.377 365.8024661654136 133
stats: 422 100 149
stats: tr_Get_Logout 33 1041.033818181818 1125.7519496321977 3061.641 0.299 667.9214528301886 53
stats: size_sent 626326 3418940
stats: tr_Post_New_Post 46 706.1502391304347 966.3293779652034 2902.554 0.327 333.6594778761062 113
stats: connected -98 365
stats: tr_Get_New_Post 54 1017.1892037037037 990.61575424438 3044.71 0.386 372.30273275862066 116
stats: 400 28 36
stats: tr_Redirect_To_New_Post 26 2401.5313076923076 2149.1985075488165 5715.551 0.373 227.40644761904758 105
stats: 404 5 5
stats: tr_Get_Root 0 0 0 5669.156 0.944 1415.0491477272733 88
stats: tr_Get_Conversations 21 825.9788571428571 978.769901621675 2638.733 0.362 478.0633829787235 47
stats: tr_Authenticate_User 184 8706.51726630435 3524.358156343806 18320.095 189.319 5763.916994143485 683
stats: tr_Get_Login 27 1162.0458148148148 944.572668816886 2768.957 0.312 297.81221568627444 51
stats: tr_Post_Login 20 934.5088000000002 977.6822928279718 2900.35 0.364 408.89377083333335 48
stats: tr_Get_New_Conversation 13 783.611 1048.1321933249421 3062.062 0.384 470.9985227272727 44
stats: tr_Post_New_Conversation 11 1181.6419999999998 925.261166387877 3913.219 0.324 624.165731707317 41
stats: tr_Redirect_To_New_Conversation 9 1527.8853333333334 877.2262536528293 2449.523 0.444 260.60544999999996 40
stats: tr_Redirect_To_Same_Conversation 4 1511.34225 920.2608940776998 2389.053 0.366 144.87630769230768 39
stats: tr_Reply_To_Conversation 6 1483.1025 725.3646277031412 2440.233 0.611 293.6267435897437 39
stats: tr_Get_New_Book 54 1026.4074444444443 953.1298734024319 2966.221 0.403 455.25346017699115 113
stats: tr_Get_Book 74 2064.3506216216215 1911.8611039067841 6368.449 0.324 1194.8933951612905 124
stats: tr_Post_New_Book 35 937.1660571428571 1062.7710095951982 2780.334 0.353 390.13079090909105 110
stats: tr_Redirect_To_New_Book 21 1771.0373809523808 1335.9267291583976 5420.139 0.357 542.0297425742573 101
# stats: dump at 1575874196
stats: users 155 478
stats: {freemem,"tsung_controller@ip-172-31-21-126"} 1 375398.82421875 0.0 375599.0390625 375398.82421875 375545.6011904762 21
stats: {load,"tsung_controller@ip-172-31-21-126"} 1 0.0 0.0 0.01953125 0.0 0.005022321428571429 21
stats: {recvpackets,"tsung_controller@ip-172-31-21-126"} 1 6377.0 0.0 6793 10 1749.65 20
stats: {sentpackets,"tsung_controller@ip-172-31-21-126"} 1 3522.0 0.0 3882 10 994.8 20
stats: {cpu,"tsung_controller@ip-172-31-21-126"} 1 0.23948105496610822 0.0 0.27587499219221717 0.0020821404403727033 0.06851961588383856 21
stats: session 211 27382.92928436017 4499.211120527044 45273.717 4911.274 20682.86768714011 521
stats: users_count 0 887
stats: finish_users_count 211 732
stats: request 855 1790.1454771929837 981.9884488438535 7220.039 0.233 966.0622633247763 6623
stats: connect 21 0.7954285714285713 0.10608557705863671 21.593 0.466 0.979842391304348 920
stats: page 840 1824.2617130952385 981.6327801561731 7220.039 0.233 972.1239369109143 6578
stats: tr_Initial_Get_Root 0 0 0 5057.823 0.846 1104.3741125226863 551
stats: 302 318 2223
stats: tr_Redirect_Root 55 2017.8213272727282 476.89282329109096 5435.1 0.269 1254.6323052884616 832
stats: 200 450 3721
stats: tr_Post_New_Comment_On_Post 23 1617.7384782608697 508.557170846142 4169.713 0.327 754.1959285714286 224
stats: size_rcv 6464669 39635677
stats: tr_Get_Post 20 3375.260399999999 644.1813403647608 7225.475 0.402 1978.0813436123346 227
stats: newphase 0 4
stats: tr_Redirect_To_Post 105 2988.9163238095234 722.5570421764832 6924.19 0.476 1280.7155129683 347
stats: 502 0 1257
stats: tr_Post_New_Comment_On_Comment 57 951.5210526315788 967.3610439289707 3228.829 0.377 365.1761257142858 175
stats: 422 49 198
stats: tr_Get_Logout 7 1590.305142857143 339.9674060878814 3061.641 0.299 811.092476744186 86
stats: size_sent 377775 3796715
stats: tr_Post_New_Post 79 1234.169911392405 584.4772111031283 2902.554 0.327 441.42410062893083 159
stats: connected -215 150
stats: tr_Get_New_Post 69 1192.963855072464 508.8414041665457 3044.71 0.386 577.1490235294118 170
stats: 400 24 60
stats: tr_Redirect_To_New_Post 67 2516.168104477611 1214.2133134550272 5715.551 0.373 658.9121450381679 131
stats: 404 14 19
stats: tr_Get_Root 0 0 0 5669.156 0.944 1415.0491477272733 88
stats: tr_Get_Conversations 18 1401.3549444444443 388.54052821587953 2638.733 0.362 585.5078676470589 68
stats: tr_Authenticate_User 20 14407.19075 5021.389527383699 23712.208 189.319 6388.413476355248 867
stats: tr_Get_Login 14 1390.752142857143 360.12005841997774 2768.957 0.312 596.9699999999999 78
stats: tr_Post_Login 23 1542.9645652173915 410.04889267435317 2900.35 0.364 563.4864264705883 68
stats: tr_Get_New_Conversation 27 1327.8914074074073 484.75694462897513 3062.062 0.384 542.2961052631579 57
stats: tr_Post_New_Conversation 26 1641.0497307692308 689.4277334457323 3913.219 0.324 742.0934038461538 52
stats: tr_Redirect_To_New_Conversation 17 975.8085882352939 550.9051337463868 2449.523 0.444 493.3711428571429 49
stats: tr_Redirect_To_Same_Conversation 16 806.0710000000001 634.2745838817564 2389.053 0.366 271.9894186046511 43
stats: tr_Reply_To_Conversation 15 861.825666666667 678.468541008318 2440.233 0.611 452.22351111111124 45
stats: tr_Get_New_Book 37 1383.9373783783785 334.43171048845704 2966.221 0.403 639.9379820359281 167
stats: tr_Get_Book 47 2649.866489361704 627.0007246533494 6368.449 0.324 1519.8420555555556 198
stats: tr_Post_New_Book 54 1280.9098888888886 465.45430898248003 2780.334 0.353 522.1737862068967 145
stats: tr_Redirect_To_New_Book 52 1871.4214615384622 655.5333482872338 5420.139 0.357 753.580237704918 122
# stats: dump at 1575874206
stats: users 19 478
stats: {freemem,"tsung_controller@ip-172-31-21-126"} 1 375402.51953125 0.0 375599.0390625 375398.82421875 375538.9295099432 22
stats: {load,"tsung_controller@ip-172-31-21-126"} 1 0.0 0.0 0.01953125 0.0 0.004794034090909092 22
stats: {recvpackets,"tsung_controller@ip-172-31-21-126"} 1 6676.0 0.0 6793 10 1970.0 21
stats: {sentpackets,"tsung_controller@ip-172-31-21-126"} 1 2904.0 0.0 3882 10 1115.142857142857 21
stats: {cpu,"tsung_controller@ip-172-31-21-126"} 1 0.20194239437059552 0.0 0.27587499219221717 0.0020821404403727033 0.07629059038757809 22
stats: session 136 32710.140683823527 4341.823010569178 45273.717 4911.274 22614.169595628406 732
stats: users_count 0 887
stats: finish_users_count 136 868
stats: connect 9 0.7899999999999999 0.12443382891230895 21.593 0.466 0.9757268862911798 941
stats: tr_Initial_Get_Root 0 0 0 5057.823 0.846 1104.3741125226863 551
stats: 302 70 2293
stats: page 231 245.50340259740253 499.768669060566 7220.039 0.233 1068.6183736856287 7418
stats: request 252 217.87249603174604 451.0394044201883 7220.039 0.233 1060.28413385932 7478
stats: tr_Redirect_Root 0 0 0 5435.1 0.269 1301.9551871476888 887
stats: 200 162 3883
stats: tr_Post_New_Comment_On_Post 1 449.716 0.0 4169.713 0.327 834.6067732793523 247
stats: size_rcv 2173561 41809238
stats: tr_Get_Post 1 1585.894 0.0 7225.475 0.402 2091.2132510121455 247
stats: newphase 0 4
stats: tr_Redirect_To_Post 42 505.9388333333335 570.2905072471697 6924.19 0.476 1677.5320730088495 452
stats: 502 0 1257
stats: tr_Post_New_Comment_On_Comment 16 122.8946875 165.2664482811464 3228.829 0.377 509.23500862068965 232
stats: 422 7 205
stats: tr_Get_Logout 0 0 0 3061.641 0.299 869.7428924731182 93
stats: size_sent 118224 3914939
stats: tr_Post_New_Post 11 53.63699999999999 72.74879570387152 2902.554 0.327 704.5624159663864 238
stats: connected -130 20
stats: tr_Get_New_Post 10 54.817700000000016 96.59870886823487 3044.71 0.386 754.936569037657 239
stats: 400 3 63
stats: tr_Redirect_To_New_Post 44 333.91088636363634 662.5195788676127 5715.551 0.373 1287.3775454545453 198
stats: 404 10 29
stats: tr_Get_Root 0 0 0 5669.156 0.944 1415.0491477272733 88
stats: tr_Get_Conversations 2 103.8925 96.09049999999999 2638.733 0.362 756.2665581395348 86
stats: tr_Authenticate_User 0 0 0 23712.208 189.319 6569.22017925592 887
stats: tr_Get_Login 1 12.645 0.0 2768.957 0.312 717.7629347826087 92
stats: tr_Post_Login 2 214.14550000000003 73.01450000000003 2900.35 0.364 811.0468351648353 91
stats: tr_Get_New_Conversation 3 15.869666666666667 17.33376030243358 3062.062 0.384 794.808880952381 84
stats: tr_Post_New_Conversation 9 126.74066666666668 265.0749301294091 3913.219 0.324 1041.7455128205127 78
stats: tr_Redirect_To_New_Conversation 17 53.456647058823535 113.60810357226809 2449.523 0.444 617.6353333333334 66
stats: tr_Redirect_To_Same_Conversation 22 96.94845454545451 237.02791779349678 2389.053 0.366 416.82510169491525 59
stats: tr_Reply_To_Conversation 21 157.17280952380955 421.10195867629415 2440.233 0.611 554.6240500000001 60
stats: tr_Get_New_Book 5 26.252200000000006 23.179030690691103 2966.221 0.403 774.8790490196078 204
stats: tr_Get_Book 4 75.06925 21.015136858643103 6368.449 0.324 1736.622253061225 245
stats: tr_Post_New_Book 10 14.266899999999998 12.10378144589533 2780.334 0.353 728.0619748743719 199
stats: tr_Redirect_To_New_Book 31 165.99464516129032 327.08641772173206 5420.139 0.357 1087.6477298850575 174
# stats: dump at 1575874216
stats: users 0 478
stats: {freemem,"tsung_controller@ip-172-31-21-126"} 1 375436.81640625 0.0 375599.0390625 375398.82421875 375532.9986413043 23
stats: {load,"tsung_controller@ip-172-31-21-126"} 1 0.0 0.0 0.01953125 0.0 0.004585597826086958 23
stats: {recvpackets,"tsung_controller@ip-172-31-21-126"} 1 1411.0 0.0 6793 10 2183.909090909091 22
stats: {sentpackets,"tsung_controller@ip-172-31-21-126"} 1 719.0 0.0 3882 10 1196.4545454545455 22
stats: {cpu,"tsung_controller@ip-172-31-21-126"} 1 0.055184190250098915 0.0 0.27587499219221717 0.0020821404403727033 0.0817537122998832 23
stats: session 19 42092.985105263164 3924.1996141060076 52991.799 4911.274 24196.02681682027 868
stats: users_count 0 887
stats: finish_users_count 19 887
stats: request 34 42.1140294117647 52.279028642403574 7220.039 0.233 1032.8212965071145 7730
stats: connect 0 0 0 21.593 0.466 0.9739673684210528 950
stats: page 27 53.07625925925924 55.11015083656622 7220.039 0.233 1043.7602800366053 7649
stats: tr_Initial_Get_Root 0 0 0 5057.823 0.846 1104.3741125226863 551
stats: 302 10 2303
stats: tr_Redirect_Root 0 0 0 5435.1 0.269 1301.9551871476888 887
stats: 200 21 3904
stats: tr_Post_New_Comment_On_Post 0 0 0 4169.713 0.327 833.0547943548387 248
stats: size_rcv 213657 42022895
stats: tr_Get_Post 0 0 0 7225.475 0.402 2089.1756733870966 248
stats: newphase 0 4
stats: tr_Redirect_To_Post 2 64.013 2.277999999999995 6924.19 0.476 1577.922931174089 494
stats: 502 0 1257
stats: tr_Post_New_Comment_On_Comment 0 0 0 3228.829 0.377 484.30982661290324 248
stats: 422 0 205
stats: tr_Get_Logout 0 0 0 3061.641 0.299 869.7428924731182 93
stats: size_sent 18326 3933265
stats: tr_Post_New_Post 0 0 0 2902.554 0.327 675.8066746987952 249
stats: connected -20 0
stats: tr_Get_New_Post 0 0 0 3044.71 0.386 726.8193453815262 249
stats: 400 0 63
stats: tr_Redirect_To_New_Post 7 119.97642857142857 67.81459920117737 5715.551 0.373 1114.01997107438 242
stats: 404 3 32
stats: tr_Get_Root 0 0 0 5669.156 0.944 1415.0491477272733 88
stats: tr_Get_Conversations 0 0 0 2638.733 0.362 741.4398749999999 88
stats: tr_Authenticate_User 0 0 0 23712.208 189.319 6569.22017925592 887
stats: tr_Get_Login 0 0 0 2768.957 0.312 710.1810215053764 93
stats: tr_Post_Login 0 0 0 2900.35 0.364 798.2102473118281 93
stats: tr_Get_New_Conversation 1 49.688 0.0 3062.062 0.384 767.948908045977 87
stats: tr_Post_New_Conversation 1 22.115 0.0 3913.219 0.324 947.0898390804597 87
stats: tr_Redirect_To_New_Conversation 5 13.552600000000002 7.817432176872404 2449.523 0.444 502.0806626506024 83
stats: tr_Redirect_To_Same_Conversation 7 12.68342857142857 7.742025313778279 2389.053 0.366 329.945024691358 81
stats: tr_Reply_To_Conversation 7 18.927142857142858 13.61698728404626 2440.233 0.611 451.58113580246925 81
stats: tr_Get_New_Book 0 0 0 2966.221 0.403 756.9693157894736 209
stats: tr_Get_Book 0 0 0 6368.449 0.324 1709.9306385542172 249
stats: tr_Post_New_Book 0 0 0 2780.334 0.353 693.909100478469 209
stats: tr_Redirect_To_New_Book 4 27.25475 0.18859530084283774 5420.139 0.357 948.2758000000001 205
# stats: dump at 1575874217
stats: users 0 478
stats: {freemem,"tsung_controller@ip-172-31-21-126"} 0 0 0 375599.0390625 375398.82421875 375528.99104817706 24
stats: {load,"tsung_controller@ip-172-31-21-126"} 0 0 0 0.01953125 0.0 0.004394531250000001 24
stats: {recvpackets,"tsung_controller@ip-172-31-21-126"} 0 0 0 6793 10 2150.304347826087 23
stats: {sentpackets,"tsung_controller@ip-172-31-21-126"} 0 0 0 3882 10 1175.695652173913 23
stats: {cpu,"tsung_controller@ip-172-31-21-126"} 0 0 0 0.27587499219221717 0.0020821404403727033 0.08064664888114219 24
stats: session 0 0 0 52991.799 4911.274 24579.388944757604 887
stats: users_count 0 887
stats: finish_users_count 0 887
stats: request 0 0 0 7220.039 0.233 1028.4828051262232 7764
stats: connect 0 0 0 21.593 0.466 0.9739673684210528 950
stats: 302 0 2303
stats: page 0 0 0 7220.039 0.233 1040.2755915841576 7676
stats: tr_Initial_Get_Root 0 0 0 5057.823 0.846 1104.3741125226863 551
stats: 200 0 3904
stats: tr_Redirect_Root 0 0 0 5435.1 0.269 1301.9551871476888 887
stats: size_rcv 0 42022895
stats: tr_Post_New_Comment_On_Post 0 0 0 4169.713 0.327 833.0547943548387 248
stats: newphase 0 4
stats: tr_Get_Post 0 0 0 7225.475 0.402 2089.1756733870966 248
stats: 502 0 1257
stats: tr_Redirect_To_Post 0 0 0 6924.19 0.476 1571.818455645161 496
stats: 422 0 205
stats: tr_Post_New_Comment_On_Comment 0 0 0 3228.829 0.377 484.30982661290324 248
stats: size_sent 0 3933265
stats: tr_Get_Logout 0 0 0 3061.641 0.299 869.7428924731182 93
stats: connected 0 0
stats: tr_Post_New_Post 0 0 0 2902.554 0.327 675.8066746987952 249
stats: 400 0 63
stats: tr_Get_New_Post 0 0 0 3044.71 0.386 726.8193453815262 249
stats: 404 0 32
stats: tr_Redirect_To_New_Post 0 0 0 5715.551 0.373 1086.0749718875502 249
stats: tr_Get_Root 0 0 0 5669.156 0.944 1415.0491477272733 88
stats: tr_Get_Conversations 0 0 0 2638.733 0.362 741.4398749999999 88
stats: tr_Authenticate_User 0 0 0 23712.208 189.319 6569.22017925592 887
stats: tr_Get_Login 0 0 0 2768.957 0.312 710.1810215053764 93
stats: tr_Post_Login 0 0 0 2900.35 0.364 798.2102473118281 93
stats: tr_Get_New_Conversation 0 0 0 3062.062 0.384 759.7868522727272 88
stats: tr_Post_New_Conversation 0 0 0 3913.219 0.324 936.5787613636363 88
stats: tr_Redirect_To_New_Conversation 0 0 0 2449.523 0.444 474.32338636363636 88
stats: tr_Redirect_To_Same_Conversation 0 0 0 2389.053 0.366 304.7083068181818 88
stats: tr_Reply_To_Conversation 0 0 0 2440.233 0.611 417.16547727272734 88
stats: tr_Get_New_Book 0 0 0 2966.221 0.403 756.9693157894736 209
stats: tr_Get_Book 0 0 0 6368.449 0.324 1709.9306385542172 249
stats: tr_Post_New_Book 0 0 0 2780.334 0.353 693.909100478469 209
stats: tr_Redirect_To_New_Book 0 0 0 5420.139 0.357 930.6486028708135 209
EndMonitor:{1575,874217,368398}
